[11/09/2012 - 01:32:08PM] 3 log opened (PC)
[11/09/2012 - 01:32:08PM] PLAYER_MOVE Run
[11/09/2012 - 01:32:09PM] PLAYER_TRIGGER_ENTER [ths1_TriggerEnterSCRIPT < (02074E53)>]
[11/09/2012 - 01:32:09PM] PLAYER_MOVE None
[11/09/2012 - 01:32:09PM] PLAYER_ITEM_OBTAIN [Form < (000139B7)>] [ObjectReference < (020711F4)>] "Daedric Greatsword" COUNT 1 CONTAINER None
[11/09/2012 - 01:32:12PM] PLAYER_GRAB[ObjectReference < (0207120C)>] "Daedric Bow"
[11/09/2012 - 01:32:14PM] PLAYER_TRIGGER_LEAVE [ths1_TriggerEnterSCRIPT < (02074E53)>]
[11/09/2012 - 01:32:14PM] PLAYER_MOVE Run
[11/09/2012 - 01:32:14PM] PLAYER_TRIGGER_ENTER [ths1_TriggerEnterSCRIPT < (02074E57)>]
[11/09/2012 - 01:32:15PM] PLAYER_MOVE None
[11/09/2012 - 01:32:16PM] PLAYER_ITEM_OBTAIN [Form < (000139B3)>] [ObjectReference < (020711F6)>] "Daedric War Axe" COUNT 1 CONTAINER None
[11/09/2012 - 01:32:18PM] PLAYER_ITEM_OBTAIN [Form < (000139B5)>] [ObjectReference < (0207120C)>] "Daedric Bow" COUNT 1 CONTAINER None
[11/09/2012 - 01:32:19PM] PLAYER_ITEM_OBTAIN [Form < (000139C0)>] [ObjectReference < (0207120B)>] "Daedric Arrow" COUNT 50 CONTAINER None
[11/09/2012 - 01:32:24PM] PLAYER_POV_CHANGE THIRD_PERSON
[11/09/2012 - 01:32:46PM] PLAYER_ITEM_OBTAIN [Form < (0010F776)>] [ObjectReference < (0207B7BE)>] "Atronach Forge Recipe" COUNT 1 CONTAINER None
[11/09/2012 - 01:35:21PM] PLAYER_POV_CHANGE FIRST_PERSON
[11/09/2012 - 01:35:22PM] PLAYER_WEAPON_RIGHT [WEAPON < (00013790)>] "Iron War Axe"
[11/09/2012 - 01:35:24PM] PLAYER_ITEM_OBTAIN [Form < (000139B8)>] [ObjectReference < (020711F5)>] "Daedric Mace" COUNT 1 CONTAINER None
[11/09/2012 - 01:35:24PM] PLAYER_WEAPON_WITHDRAWN
[11/09/2012 - 01:35:25PM] PLAYER_TRIGGER_ENTER [ths1_TriggerEnterSCRIPT < (02074E53)>]
[11/09/2012 - 01:35:25PM] PLAYER_TRIGGER_LEAVE [ths1_TriggerEnterSCRIPT < (02074E57)>]
[11/09/2012 - 01:35:25PM] PLAYER_MOVE Run
[11/09/2012 - 01:35:26PM] PLAYER_TRIGGER_LEAVE [ths1_TriggerEnterSCRIPT < (02074E53)>]
[11/09/2012 - 01:35:26PM] PLAYER_MOVE None
[11/09/2012 - 01:35:27PM] PLAYER_TRIGGER_ENTER [ths1_TriggerEnterSCRIPT < (02074E53)>]
[11/09/2012 - 01:35:27PM] PLAYER_TRIGGER_ENTER [ths1_TriggerEnterSCRIPT < (02074E57)>]
[11/09/2012 - 01:35:27PM] PLAYER_TRIGGER_LEAVE [ths1_TriggerEnterSCRIPT < (02074E53)>]
[11/09/2012 - 01:35:27PM] PLAYER_MOVE Run
[11/09/2012 - 01:35:28PM] PLAYER_TRIGGER_LEAVE [ths1_TriggerEnterSCRIPT < (02074E57)>]
[11/09/2012 - 01:35:28PM] PLAYER_TRIGGER_ENTER [ths1_TriggerEnterSCRIPT < (02074E57)>]
[11/09/2012 - 01:35:28PM] PLAYER_TRIGGER_ENTER [ths1_TriggerEnterSCRIPT < (02074E58)>]
[11/09/2012 - 01:35:28PM] PLAYER_TRIGGER_LEAVE [ths1_TriggerEnterSCRIPT < (02074E57)>]
[11/09/2012 - 01:35:28PM] PLAYER_MOVE None
[11/09/2012 - 01:35:31PM] PLAYER_ITEM_OBTAIN [SoulGem < (0002E504)>] [ObjectReference < (020711D1)>] "Black Soul Gem" COUNT 1 CONTAINER None
[11/09/2012 - 01:35:32PM] PLAYER_ITEM_OBTAIN [Form < (0003AD71)>] [ObjectReference < (020711BD)>] "Taproot" COUNT 1 CONTAINER None
[11/09/2012 - 01:35:33PM] PLAYER_MOVE Run
[11/09/2012 - 01:35:34PM] PLAYER_MOVE None
[11/09/2012 - 01:35:39PM] PLAYER_TRIGGER_LEAVE [ths1_TriggerEnterSCRIPT < (02074E58)>]
[11/09/2012 - 01:35:41PM] PLAYER_MOVE Run
[11/09/2012 - 01:35:41PM] PLAYER_TRIGGER_ENTER [ths1_TriggerEnterSCRIPT < (02074E52)>]
[11/09/2012 - 01:35:42PM] PLAYER_MOVE None
[11/09/2012 - 01:35:42PM] PLAYER_TRIGGER_LEAVE [ths1_TriggerEnterSCRIPT < (02074E52)>]
[11/09/2012 - 01:35:42PM] PLAYER_TRIGGER_ENTER [ths1_TriggerEnterSCRIPT < (02074E52)>]
[11/09/2012 - 01:35:42PM] PLAYER_TRIGGER_LEAVE [ths1_TriggerEnterSCRIPT < (02074E52)>]
[11/09/2012 - 01:35:44PM] PLAYER_MOVE Run
[11/09/2012 - 01:35:44PM] PLAYER_TRIGGER_ENTER [ths1_TriggerEnterSCRIPT < (02074E51)>]
[11/09/2012 - 01:35:44PM] PLAYER_TRIGGER_LEAVE [ths1_TriggerEnterSCRIPT < (02074E51)>]
[11/09/2012 - 01:35:45PM] PLAYER_TRIGGER_ENTER [ths1_TriggerEnterSCRIPT < (02074E50)>]
[11/09/2012 - 01:35:46PM] PLAYER_MOVE None
[11/09/2012 - 01:35:46PM] PLAYER_TRIGGER_LEAVE [ths1_TriggerEnterSCRIPT < (02074E50)>]
[11/09/2012 - 01:35:47PM] PLAYER_MOVE Run
[11/09/2012 - 01:35:47PM] PLAYER_MOVE None
[11/09/2012 - 01:35:52PM] PLAYER_GRAB[ObjectReference < (020711F9)>] "Spiced Wine"
[11/09/2012 - 01:35:52PM] PLAYER_ITEM_OBTAIN [Form < (000F693F)>] [ObjectReference < (020711FA)>] "Black-Briar Reserve" COUNT 1 CONTAINER None
[11/09/2012 - 01:35:53PM] PLAYER_ITEM_OBTAIN [Potion < (00085368)>] [ObjectReference < (020711F9)>] "Spiced Wine" COUNT 1 CONTAINER None
[11/09/2012 - 01:35:54PM] PLAYER_ITEM_OBTAIN [MiscObject < (0003AD6C)>] [ObjectReference < (020711F8)>] "Mammoth Tusk" COUNT 1 CONTAINER None
[11/09/2012 - 01:35:54PM] PLAYER_ITEM_OBTAIN [Form < (000508CA)>] [ObjectReference < (020711FB)>] "Honningbrew Mead" COUNT 1 CONTAINER None
[11/09/2012 - 01:35:56PM] PLAYER_ITEM_OBTAIN [Form < (0004DA22)>] [ObjectReference < (020711FF)>] "White Cap" COUNT 1 CONTAINER None
[11/09/2012 - 01:35:57PM] PLAYER_ITEM_OBTAIN [Form < (0004DA23)>] [ObjectReference < (02071200)>] "Imp Stool" COUNT 1 CONTAINER None
[11/09/2012 - 01:35:57PM] PLAYER_ITEM_OBTAIN [Form < (0004DA00)>] [ObjectReference < (02071201)>] "Fly Amanita" COUNT 1 CONTAINER None
[11/09/2012 - 01:35:59PM] PLAYER_ITEM_OBTAIN [Form < (00064B34)>] [ObjectReference < (02071207)>] "Eidar Cheese Wheel" COUNT 1 CONTAINER None
[11/09/2012 - 01:35:59PM] PLAYER_ITEM_OBTAIN [Form < (00064B34)>] [ObjectReference < (02071208)>] "Eidar Cheese Wheel" COUNT 1 CONTAINER None
[11/09/2012 - 01:36:00PM] PLAYER_ITEM_OBTAIN [Form < (00064B34)>] [ObjectReference < (02071205)>] "Eidar Cheese Wheel" COUNT 1 CONTAINER None
[11/09/2012 - 01:36:00PM] PLAYER_ITEM_OBTAIN [Form < (00064B34)>] [ObjectReference < (02071206)>] "Eidar Cheese Wheel" COUNT 1 CONTAINER None
[11/09/2012 - 01:36:01PM] PLAYER_ITEM_OBTAIN [Form < (00064B34)>] [ObjectReference < (02071204)>] "Eidar Cheese Wheel" COUNT 1 CONTAINER None
[11/09/2012 - 01:36:01PM] PLAYER_ITEM_OBTAIN [Form < (00064B34)>] [ObjectReference < (02071203)>] "Eidar Cheese Wheel" COUNT 1 CONTAINER None
[11/09/2012 - 01:36:02PM] PLAYER_ITEM_OBTAIN [Form < (00064B34)>] [ObjectReference < (02071202)>] "Eidar Cheese Wheel" COUNT 1 CONTAINER None
[11/09/2012 - 01:36:04PM] PLAYER_MOVE Run
[11/09/2012 - 01:36:05PM] PLAYER_TRIGGER_ENTER [ths1_TriggerEnterSCRIPT < (02074E54)>]
[11/09/2012 - 01:36:06PM] PLAYER_MOVE None
[11/09/2012 - 01:36:06PM] PLAYER_ITEM_OBTAIN [Form < (0001895F)>] [ObjectReference < (020711F3)>] "Firebrand Wine" COUNT 1 CONTAINER None
[11/09/2012 - 01:36:08PM] PLAYER_MOVE Run
[11/09/2012 - 01:36:10PM] PLAYER_MOVE None
[11/09/2012 - 01:36:11PM] PLAYER_ITEM_OBTAIN [Form < (00098623)>] [ObjectReference < (020711DF)>] "Jug" COUNT 1 CONTAINER None
[11/09/2012 - 01:36:13PM] PLAYER_MOVE Run
[11/09/2012 - 01:36:14PM] PLAYER_MOVE None
[11/09/2012 - 01:36:14PM] PLAYER_TRIGGER_LEAVE [ths1_TriggerEnterSCRIPT < (02074E54)>]
[11/09/2012 - 01:36:15PM] PLAYER_TRIGGER_ENTER [ths1_TriggerEnterSCRIPT < (02074E4F)>]
[11/09/2012 - 01:36:15PM] PLAYER_MOVE Run
[11/09/2012 - 01:36:16PM] PLAYER_MOVE None
[11/09/2012 - 01:36:19PM] PLAYER_TRIGGER_ENTER [ths1_TriggerEnterSCRIPT < (0208C788)>]
[11/09/2012 - 01:36:19PM] PLAYER_TRIGGER_LEAVE [ths1_TriggerEnterSCRIPT < (02074E4F)>]
[11/09/2012 - 01:36:19PM] PLAYER_CELL_CHANGE [Cell <Wilderness (02085D56)>] ""
[11/09/2012 - 01:36:19PM] PLAYER_WORLDSPACE_CHANGE [WorldSpace <ths1_Town (02085D17)>] "Town"
[11/09/2012 - 01:36:21PM] PLAYER_TRIGGER_LEAVE [ths1_TriggerEnterSCRIPT < (0208C788)>]
[11/09/2012 - 01:36:21PM] PLAYER_MOVE Run
[11/09/2012 - 01:36:22PM] PLAYER_CELL_CHANGE [Cell <Wilderness (02085D34)>] ""
[11/09/2012 - 01:36:24PM] PLAYER_TRIGGER_ENTER [ths1_TriggerEnterSCRIPT < (0208CDAB)>]
[11/09/2012 - 01:36:25PM] PLAYER_MOVE None
[11/09/2012 - 01:36:26PM] PLAYER_DIALOGUE [TIF__0207FA85 <topic info 0207FA85 on quest ths1_MasterQuest (020319F7)>] NPC_SPEAKER [Actor < (0208BC45)>]
[11/09/2012 - 01:36:30PM] PLAYER_DIALOGUE [TIF__0208EEAE <topic info 0208EEAE on quest ths1_MasterQuest (020319F7)>] NPC_SPEAKER [Actor < (0208BC45)>]
[11/09/2012 - 01:36:39PM] PLAYER_DIALOGUE [TIF__0208EEB0 <topic info 0208EEB0 on quest ths1_MasterQuest (020319F7)>] NPC_SPEAKER [Actor < (0208BC45)>]
[11/09/2012 - 01:36:43PM] PLAYER_TRIGGER_LEAVE [ths1_TriggerEnterSCRIPT < (0208CDAB)>]
[11/09/2012 - 01:36:43PM] PLAYER_MOVE Run
[11/09/2012 - 01:36:48PM] PLAYER_ACTOR_VIEW_GAIN [ObjectReference < (02089359)>] "Seamus"
[11/09/2012 - 01:36:49PM] PLAYER_TRIGGER_ENTER [ths1_TriggerEnterSCRIPT < (0208C7A7)>]
[11/09/2012 - 01:36:49PM] PLAYER_CELL_CHANGE [Cell <Wilderness (02085D4C)>] ""
[11/09/2012 - 01:36:49PM] PLAYER_ACTOR_VIEW_GAIN [ObjectReference < (02089359)>] "Seamus"
[11/09/2012 - 01:36:50PM] PLAYER_MOVE None
[11/09/2012 - 01:36:50PM] PLAYER_ACTOR_VIEW_GAIN [ObjectReference < (02089359)>] "Seamus"
[11/09/2012 - 01:36:52PM] PLAYER_ACTOR_VIEW_LOSS [ObjectReference < (02089359)>] "Seamus"
[11/09/2012 - 01:36:54PM] PLAYER_MOVE Run
[11/09/2012 - 01:36:56PM] PLAYER_TRIGGER_LEAVE [ths1_TriggerEnterSCRIPT < (0208C7A7)>]
[11/09/2012 - 01:36:58PM] PLAYER_TRIGGER_ENTER [ths1_TriggerEnterSCRIPT < (0208C7A8)>]
[11/09/2012 - 01:37:00PM] PLAYER_TRIGGER_LEAVE [ths1_TriggerEnterSCRIPT < (0208C7A8)>]
[11/09/2012 - 01:37:00PM] PLAYER_MOVE None
[11/09/2012 - 01:37:01PM] PLAYER_TRIGGER_ENTER [ths1_TriggerEnterSCRIPT < (0208C7AA)>]
[11/09/2012 - 01:37:02PM] PLAYER_TRIGGER_LEAVE [ths1_TriggerEnterSCRIPT < (0208C7AA)>]
[11/09/2012 - 01:37:02PM] PLAYER_MOVE Run
[11/09/2012 - 01:37:12PM] PLAYER_TRIGGER_ENTER [ths1_TriggerEnterSCRIPT < (0208C7C0)>]
[11/09/2012 - 01:37:13PM] PLAYER_MOVE None
[11/09/2012 - 01:37:15PM] PLAYER_TRIGGER_ENTER [ths1_TriggerEnterSCRIPT < (020748BF)>]
[11/09/2012 - 01:37:15PM] PLAYER_TRIGGER_LEAVE [ths1_TriggerEnterSCRIPT < (0208C7C0)>]
[11/09/2012 - 01:37:16PM] PLAYER_CELL_CHANGE [Cell <ths1_MuseumInterior (02044D5A)>] "Bubbsey's Oddity Emporium"
[11/09/2012 - 01:37:19PM] PLAYER_MOVE Run
[11/09/2012 - 01:37:19PM] PLAYER_TRIGGER_ENTER [ths1_TriggerEnterSCRIPT < (020748C8)>]
[11/09/2012 - 01:37:19PM] PLAYER_TRIGGER_LEAVE [ths1_TriggerEnterSCRIPT < (020748BF)>]
[11/09/2012 - 01:37:20PM] PLAYER_MOVE None
[11/09/2012 - 01:37:22PM] PLAYER_TRIGGER_LEAVE [ths1_TriggerEnterSCRIPT < (020748C8)>]
[11/09/2012 - 01:37:23PM] PLAYER_MOVE Run
[11/09/2012 - 01:37:24PM] PLAYER_DIALOGUE [TIF__01064239 <topic info 02064239 on quest ths1_CaptiveOrc (0201A9F8)>] NPC_SPEAKER [Actor < (02049751)>]
[11/09/2012 - 01:37:24PM] PLAYER_MOVE None
[11/09/2012 - 01:37:29PM] QUEST_STAGE_CHANGE [ths1_CaptiveOrcQuestSCRIPT <ths1_CaptiveOrc (0201A9F8)>] "The Museum Attraction" 3
[11/09/2012 - 01:37:29PM] PLAYER_DIALOGUE [TIF__0103F01B <topic info 0203F01B on quest ths1_CaptiveOrc (0201A9F8)>] NPC_SPEAKER [Actor < (02049751)>]
[11/09/2012 - 01:37:34PM] PLAYER_DIALOGUE [TIF__01063CCA <topic info 02063CCA on quest ths1_CaptiveOrc (0201A9F8)>] NPC_SPEAKER [Actor < (02049751)>]
[11/09/2012 - 01:37:39PM] PLAYER_WEAPON_WITHDRAWN
[11/09/2012 - 01:37:42PM] PLAYER_BOOK_READ [ths1_BookOfOrcsScript <alias OrcBook on quest ths1_CaptiveOrc (0201A9F8)>]
[11/09/2012 - 01:37:45PM] PLAYER_ITEM_OBTAIN [Form < (02066839)>] [ObjectReference < (0206683A)>] "All About Orcs" COUNT 1 CONTAINER None
[11/09/2012 - 01:37:47PM] PLAYER_MOVE Run
[11/09/2012 - 01:37:48PM] PLAYER_MOVE None
[11/09/2012 - 01:37:56PM] PLAYER_TRIGGER_ENTER [ths1_TriggerEnterSCRIPT < (020748D4)>]
[11/09/2012 - 01:37:58PM] PLAYER_MOVE Run
[11/09/2012 - 01:37:58PM] PLAYER_TRIGGER_LEAVE [ths1_TriggerEnterSCRIPT < (020748D4)>]
[11/09/2012 - 01:37:59PM] PLAYER_MOVE None
[11/09/2012 - 01:37:59PM] QUEST_STAGE_CHANGE [ths1_CaptiveOrcQuestSCRIPT <ths1_CaptiveOrc (0201A9F8)>] "The Museum Attraction" 5
[11/09/2012 - 01:38:00PM] ACTOR_DOOR_OPEN [Actor < (02049751)>] "Bubbsey" : [ths1_MuseumHiddenDoorSCRIPT <alias MuseumHiddenDoor on quest ths1_CaptiveOrc (0201A9F8)>] "MuseumHiddenDoor"
[11/09/2012 - 01:38:02PM] PLAYER_MOVE Run
[11/09/2012 - 01:38:03PM] PLAYER_TRIGGER_ENTER [ths1_TriggerEnterSCRIPT < (020748D5)>]
[11/09/2012 - 01:38:03PM] PLAYER_TRIGGER_LEAVE [ths1_TriggerEnterSCRIPT < (020748D5)>]
[11/09/2012 - 01:38:05PM] PLAYER_TRIGGER_ENTER [ths1_NearOrcCageTrigScript <alias NearMuseumOrcCageTrigALIAS on quest ths1_CaptiveOrc (0201A9F8)>]
[11/09/2012 - 01:38:05PM] QUEST_STAGE_CHANGE [ths1_CaptiveOrcQuestSCRIPT <ths1_CaptiveOrc (0201A9F8)>] "The Museum Attraction" 10
[11/09/2012 - 01:38:07PM] PLAYER_MOVE None
[11/09/2012 - 01:38:16PM] PLAYER_DIALOGUE [TIF__0101A9FC <topic info 0201A9FC on quest ths1_CaptiveOrc (0201A9F8)>] NPC_SPEAKER [Actor < (020491E3)>]
[11/09/2012 - 01:38:22PM] PLAYER_DIALOGUE [TIF__0101AF69 <topic info 0201AF69 on quest ths1_CaptiveOrc (0201A9F8)>] NPC_SPEAKER [Actor < (020491E3)>]
[11/09/2012 - 01:38:28PM] PLAYER_DIALOGUE [TIF__010350CF <topic info 020350CF on quest ths1_CaptiveOrc (0201A9F8)>] NPC_SPEAKER [Actor < (020491E3)>]
[11/09/2012 - 01:38:31PM] PLAYER_DIALOGUE [TIF__010371A9 <topic info 020371A9 on quest ths1_CaptiveOrc (0201A9F8)>] NPC_SPEAKER [Actor < (020491E3)>]
[11/09/2012 - 01:38:41PM] PLAYER_DIALOGUE [TIF__010371A7 <topic info 020371A7 on quest ths1_CaptiveOrc (0201A9F8)>] NPC_SPEAKER [Actor < (020491E3)>]
[11/09/2012 - 01:38:46PM] PLAYER_DIALOGUE [TIF__0101A9FC <topic info 0201A9FC on quest ths1_CaptiveOrc (0201A9F8)>] NPC_SPEAKER [Actor < (020491E3)>]
[11/09/2012 - 01:38:52PM] PLAYER_DIALOGUE [TIF__0101AF69 <topic info 0201AF69 on quest ths1_CaptiveOrc (0201A9F8)>] NPC_SPEAKER [Actor < (020491E3)>]
[11/09/2012 - 01:38:57PM] PLAYER_DIALOGUE [TIF__010371A7 <topic info 020371A7 on quest ths1_CaptiveOrc (0201A9F8)>] NPC_SPEAKER [Actor < (020491E3)>]
[11/09/2012 - 01:39:07PM] PLAYER_DIALOGUE [TIF__01063CCD <topic info 02063CCD on quest ths1_CaptiveOrc (0201A9F8)>] NPC_SPEAKER [Actor < (020491E3)>]
[11/09/2012 - 01:39:12PM] PLAYER_DIALOGUE [TIF__010647A5 <topic info 020647A5 on quest ths1_CaptiveOrc (0201A9F8)>] NPC_SPEAKER [Actor < (020491E3)>]
[11/09/2012 - 01:39:22PM] PLAYER_DIALOGUE [TIF__01068354 <topic info 02068354 on quest ths1_CaptiveOrc (0201A9F8)>] NPC_SPEAKER [Actor < (020491E3)>]
[11/09/2012 - 01:39:29PM] PLAYER_DIALOGUE [TIF__020727F4 <topic info 020727F4 on quest ths1_CaptiveOrc (0201A9F8)>] NPC_SPEAKER [Actor < (020491E3)>]
[11/09/2012 - 01:39:41PM] PLAYER_DIALOGUE [TIF__020810CF <topic info 020810CF on quest ths1_CaptiveOrc (0201A9F8)>] NPC_SPEAKER [Actor < (020491E3)>]
[11/09/2012 - 01:39:46PM] PLAYER_MOVE Run
[11/09/2012 - 01:39:47PM] PLAYER_MOVE None
[11/09/2012 - 01:39:49PM] PLAYER_ITEM_OBTAIN [MiscObject < (0000000F)>] None "gold" COUNT 35 CONTAINER None
[11/09/2012 - 01:39:50PM] PLAYER_ITEM_OBTAIN [MiscObject < (0000000F)>] [ObjectReference < (02044DC0)>] "gold" COUNT 1 CONTAINER None
[11/09/2012 - 01:39:51PM] PLAYER_ITEM_OBTAIN [MiscObject < (0000000F)>] [ObjectReference < (02044DC3)>] "gold" COUNT 1 CONTAINER None
[11/09/2012 - 01:39:51PM] PLAYER_ITEM_OBTAIN [MiscObject < (0000000F)>] [ObjectReference < (02044DC2)>] "gold" COUNT 1 CONTAINER None
[11/09/2012 - 01:39:52PM] PLAYER_ITEM_OBTAIN [MiscObject < (0000000F)>] [ObjectReference < (02044DC1)>] "gold" COUNT 1 CONTAINER None
[11/09/2012 - 01:39:55PM] PLAYER_ITEM_OBTAIN [Form < (000F4530)>] [ObjectReference < (02044E53)>] "The Rise and Fall of the Blades" COUNT 1 CONTAINER None
[11/09/2012 - 01:39:59PM] PLAYER_ITEM_OBTAIN [Form < (00064B42)>] None "Tomato" COUNT 1 CONTAINER [ObjectReference < (02044DBF)>]
[11/09/2012 - 01:39:59PM] PLAYER_ITEM_OBTAIN [Form < (00064B42)>] None "Tomato" COUNT 1 CONTAINER [ObjectReference < (02044DBF)>]
[11/09/2012 - 01:40:10PM] PLAYER_TRIGGER_ENTER [ths1_NearOrcCageTrigScript <alias NearMuseumOrcCageTrigALIAS on quest ths1_CaptiveOrc (0201A9F8)>]
[11/09/2012 - 01:40:15PM] PLAYER_ITEM_OBTAIN [Form < (00034CDF)>] None "Salt Pile" COUNT 3 CONTAINER [ObjectReference < (02044DBE)>]
[11/09/2012 - 01:40:18PM] PLAYER_MOVE Run
[11/09/2012 - 01:40:21PM] PLAYER_MOVE None
[11/09/2012 - 01:40:21PM] PLAYER_ITEM_OBTAIN [Form < (00064B2F)>] [ObjectReference < (02081BDB)>] "Green Apple" COUNT 1 CONTAINER None
[11/09/2012 - 01:40:23PM] PLAYER_ITEM_OBTAIN [Form < (0003AD71)>] [ObjectReference < (02044DD6)>] "Taproot" COUNT 1 CONTAINER None
[11/09/2012 - 01:40:25PM] PLAYER_ITEM_OBTAIN [Form < (00065C97)>] [ObjectReference < (02081BD9)>] "Bread" COUNT 1 CONTAINER None
[11/09/2012 - 01:40:26PM] PLAYER_MOVE Run
[11/09/2012 - 01:40:27PM] PLAYER_MOVE None
[11/09/2012 - 01:40:31PM] PLAYER_DIALOGUE [TIF__020727F4 <topic info 020727F4 on quest ths1_CaptiveOrc (0201A9F8)>] NPC_SPEAKER [Actor < (020491E3)>]
[11/09/2012 - 01:40:36PM] PLAYER_ITEM_REMOVED [Form < (00065C97)>] [ObjectReference < (02081BD9)>] "Bread" COUNT 1 CONTAINER [ObjectReference < (020491E3)>]
[11/09/2012 - 01:40:36PM] PLAYER_ITEM_REMOVED [Form < (00064B2F)>] [ObjectReference < (02081BDB)>] "Green Apple" COUNT 1 CONTAINER [ObjectReference < (020491E3)>]
[11/09/2012 - 01:40:37PM] PLAYER_ITEM_REMOVED [Form < (00064B42)>] None "Tomato" COUNT 1 CONTAINER [ObjectReference < (020491E3)>]
[11/09/2012 - 01:40:37PM] PLAYER_ITEM_REMOVED [Form < (00064B42)>] None "Tomato" COUNT 1 CONTAINER [ObjectReference < (020491E3)>]
[11/09/2012 - 01:40:40PM] PLAYER_DIALOGUE [TIF__020810CD <topic info 020810CD on quest ths1_CaptiveOrc (0201A9F8)>] NPC_SPEAKER [Actor < (020491E3)>]
[11/09/2012 - 01:40:51PM] PLAYER_MOVE Run
[11/09/2012 - 01:40:52PM] PLAYER_MOVE None
[11/09/2012 - 01:40:53PM] PLAYER_WEAPON_WITHDRAWN
[11/09/2012 - 01:40:53PM] PLAYER_MOVE Run
[11/09/2012 - 01:40:54PM] PLAYER_TRIGGER_ENTER [ths1_TriggerEnterSCRIPT < (020748D5)>]
[11/09/2012 - 01:40:55PM] PLAYER_TRIGGER_LEAVE [ths1_TriggerEnterSCRIPT < (020748D5)>]
[11/09/2012 - 01:40:56PM] PLAYER_TRIGGER_ENTER [ths1_TriggerEnterSCRIPT < (020748D4)>]
[11/09/2012 - 01:40:57PM] PLAYER_TRIGGER_LEAVE [ths1_TriggerEnterSCRIPT < (020748D4)>]
[11/09/2012 - 01:40:59PM] PLAYER_MOVE None
[11/09/2012 - 01:41:06PM] PLAYER_DIALOGUE [TIF__0104C30C <topic info 0204C30C on quest ths1_CaptiveOrc (0201A9F8)>] NPC_SPEAKER [Actor < (02049751)>]
[11/09/2012 - 01:41:10PM] PLAYER_DIALOGUE [TIF__0104C30E <topic info 0204C30E on quest ths1_CaptiveOrc (0201A9F8)>] NPC_SPEAKER [Actor < (02049751)>]
[11/09/2012 - 01:41:15PM] PLAYER_DIALOGUE [TIF__0106683D <topic info 0206683D on quest ths1_CaptiveOrc (0201A9F8)>] NPC_SPEAKER [Actor < (02049751)>]
[11/09/2012 - 01:41:21PM] PLAYER_DIALOGUE [TIF__0106939E <topic info 0206939E on quest ths1_CaptiveOrc (0201A9F8)>] NPC_SPEAKER [Actor < (02049751)>]
[11/09/2012 - 01:41:27PM] PLAYER_DIALOGUE [TIF__0104C309 <topic info 0204C309 on quest ths1_CaptiveOrc (0201A9F8)>] NPC_SPEAKER [Actor < (02049751)>]
[11/09/2012 - 01:41:28PM] PLAYER_DIALOGUE [TIF__0207227D <topic info 0207227D on quest ths1_CaptiveOrc (0201A9F8)>] NPC_SPEAKER [Actor < (02049751)>]
[11/09/2012 - 01:41:35PM] PLAYER_DIALOGUE [TIF__02072282 <topic info 02072282 on quest ths1_CaptiveOrc (0201A9F8)>] NPC_SPEAKER [Actor < (02049751)>]
[11/09/2012 - 01:41:43PM] PLAYER_ITEM_OBTAIN [Key < (0203563F)>] None "Orc Cage Key" COUNT 1 CONTAINER [Actor < (02049751)>]
[11/09/2012 - 01:41:43PM] PLAYER_ITEM_REMOVED [MiscObject < (0000000F)>] None "gold" COUNT 2175 CONTAINER [Actor < (02049751)>]
[11/09/2012 - 01:41:43PM] PLAYER_DIALOGUE [TIF__02072282 <topic info 02072282 on quest ths1_CaptiveOrc (0201A9F8)>] NPC_SPEAKER [Actor < (02049751)>]
[11/09/2012 - 01:41:43PM] PLAYER_ITEM_REMOVED [MiscObject < (0000000F)>] [ObjectReference < (02044DC1)>] "gold" COUNT 1 CONTAINER [Actor < (02049751)>]
[11/09/2012 - 01:41:43PM] PLAYER_ITEM_REMOVED [MiscObject < (0000000F)>] [ObjectReference < (02044DC2)>] "gold" COUNT 1 CONTAINER [Actor < (02049751)>]
[11/09/2012 - 01:41:43PM] PLAYER_ITEM_REMOVED [MiscObject < (0000000F)>] [ObjectReference < (02044DC0)>] "gold" COUNT 1 CONTAINER [Actor < (02049751)>]
[11/09/2012 - 01:41:49PM] PLAYER_ITEM_REMOVED [MiscObject < (0000000F)>] [ObjectReference < (02044DC3)>] "gold" COUNT 1 CONTAINER [Actor < (02049751)>]
[11/09/2012 - 01:41:50PM] PLAYER_DIALOGUE [TIF__01052C39 <topic info 02052C39 on quest ths1_CaptiveOrc (0201A9F8)>] NPC_SPEAKER [Actor < (02049751)>]
[11/09/2012 - 01:41:53PM] PLAYER_DIALOGUE [TIF__01052C3B <topic info 02052C3B on quest ths1_CaptiveOrc (0201A9F8)>] NPC_SPEAKER [Actor < (02049751)>]
[11/09/2012 - 01:42:01PM] PLAYER_MOVE Run
[11/09/2012 - 01:42:01PM] PLAYER_TRIGGER_ENTER [ths1_TriggerEnterSCRIPT < (020748D4)>]
[11/09/2012 - 01:42:03PM] PLAYER_TRIGGER_LEAVE [ths1_TriggerEnterSCRIPT < (020748D4)>]
[11/09/2012 - 01:42:04PM] PLAYER_TRIGGER_ENTER [ths1_TriggerEnterSCRIPT < (020748D5)>]
[11/09/2012 - 01:42:05PM] PLAYER_TRIGGER_LEAVE [ths1_TriggerEnterSCRIPT < (020748D5)>]
[11/09/2012 - 01:42:06PM] PLAYER_TRIGGER_ENTER [ths1_NearOrcCageTrigScript <alias NearMuseumOrcCageTrigALIAS on quest ths1_CaptiveOrc (0201A9F8)>]
[11/09/2012 - 01:42:07PM] PLAYER_MOVE None
[11/09/2012 - 01:42:11PM] QUEST_STAGE_CHANGE [ths1_CaptiveOrcQuestSCRIPT <ths1_CaptiveOrc (0201A9F8)>] "The Museum Attraction" 30
[11/09/2012 - 01:42:11PM] QUEST_COMPLETED [ths1_CaptiveOrcQuestSCRIPT <ths1_CaptiveOrc (0201A9F8)>] "The Museum Attraction"
[11/09/2012 - 01:42:11PM] PLAYER_MOVE Run
[11/09/2012 - 01:42:14PM] PLAYER_MOVE None
[11/09/2012 - 01:42:18PM] PLAYER_DIALOGUE [TIF__020727F4 <topic info 020727F4 on quest ths1_CaptiveOrc (0201A9F8)>] NPC_SPEAKER [Actor < (020491E3)>]
[11/09/2012 - 01:42:23PM] PLAYER_DIALOGUE [TIF__020810CD <topic info 020810CD on quest ths1_CaptiveOrc (0201A9F8)>] NPC_SPEAKER [Actor < (020491E3)>]
[11/09/2012 - 01:42:29PM] PLAYER_DIALOGUE [TIF__02081BDF <topic info 02081BDF on quest ths1_CaptiveOrc (0201A9F8)>] NPC_SPEAKER [Actor < (020491E3)>]
[11/09/2012 - 01:42:29PM] PLAYER_DIALOGUE [TIF__02081BDF <topic info 02081BDF on quest ths1_CaptiveOrc (0201A9F8)>] NPC_SPEAKER [Actor < (020491E3)>]
[11/09/2012 - 01:42:33PM] QUEST_STAGE_CHANGE [ths1_CaptiveOrcQuestSCRIPT <ths1_CaptiveOrc (0201A9F8)>] "The Museum Attraction" 35
[11/09/2012 - 01:42:40PM] PLAYER_DIALOGUE [TIF__02081BDF <topic info 02081BDF on quest ths1_CaptiveOrc (0201A9F8)>] NPC_SPEAKER [Actor < (020491E3)>]
[11/09/2012 - 01:42:43PM] PLAYER_DIALOGUE [TIF__0207D376 <topic info 0207D376 on quest ths1_CaptiveOrc (0201A9F8)>] NPC_SPEAKER [Actor < (020491E3)>]
[11/09/2012 - 01:42:52PM] PLAYER_DIALOGUE [TIF__0207E988 <topic info 0207E988 on quest ths1_CaptiveOrc (0201A9F8)>] NPC_SPEAKER [Actor < (020491E3)>]
[11/09/2012 - 01:42:59PM] PLAYER_DIALOGUE [TIF__0207D376 <topic info 0207D376 on quest ths1_CaptiveOrc (0201A9F8)>] NPC_SPEAKER [Actor < (020491E3)>]
[11/09/2012 - 01:43:03PM] PLAYER_DIALOGUE [TIF__02080B41 <topic info 02080B41 on quest ths1_CaptiveOrc (0201A9F8)>] NPC_SPEAKER [Actor < (020491E3)>]
[11/09/2012 - 01:43:10PM] PLAYER_DIALOGUE [TIF__02080B3F <topic info 02080B3F on quest ths1_CaptiveOrc (0201A9F8)>] NPC_SPEAKER [Actor < (020491E3)>]
[11/09/2012 - 01:43:14PM] PLAYER_DIALOGUE [TIF__0207D376 <topic info 0207D376 on quest ths1_CaptiveOrc (0201A9F8)>] NPC_SPEAKER [Actor < (020491E3)>]
[11/09/2012 - 01:43:18PM] PLAYER_DIALOGUE [TIF__02080B41 <topic info 02080B41 on quest ths1_CaptiveOrc (0201A9F8)>] NPC_SPEAKER [Actor < (020491E3)>]
[11/09/2012 - 01:43:33PM] PLAYER_ITEM_REMOVED [Form < (000139B8)>] [ObjectReference < (020711F5)>] "Daedric Mace" COUNT 1 CONTAINER [ObjectReference < (020491E3)>]
[11/09/2012 - 01:43:37PM] PLAYER_ITEM_REMOVED [Form < (000139B5)>] [ObjectReference < (0207120C)>] "Daedric Bow" COUNT 1 CONTAINER [ObjectReference < (020491E3)>]
[11/09/2012 - 01:43:47PM] PLAYER_ITEM_REMOVED [Form < (000139B3)>] [ObjectReference < (020711F6)>] "Daedric War Axe" COUNT 1 CONTAINER [ObjectReference < (020491E3)>]
[11/09/2012 - 01:43:50PM] PLAYER_ITEM_REMOVED [Form < (000139B7)>] [ObjectReference < (020711F4)>] "Daedric Greatsword" COUNT 1 CONTAINER [ObjectReference < (020491E3)>]
[11/09/2012 - 01:43:51PM] PLAYER_ITEM_REMOVED [WEAPON < (00012EB7)>] None "Iron Sword" COUNT 1 CONTAINER [ObjectReference < (020491E3)>]
[11/09/2012 - 01:44:02PM] PLAYER_DIALOGUE [TIF__0207D378 <topic info 0207D378 on quest ths1_CaptiveOrc (0201A9F8)>] NPC_SPEAKER [Actor < (020491E3)>]
[11/09/2012 - 01:44:05PM] PLAYER_DIALOGUE [TIF__0207E986 <topic info 0207E986 on quest ths1_CaptiveOrc (0201A9F8)>] NPC_SPEAKER [Actor < (020491E3)>]
[11/09/2012 - 01:44:10PM] PLAYER_MOVE Run
[11/09/2012 - 01:44:11PM] PLAYER_MOVE None
[11/09/2012 - 01:44:12PM] PLAYER_MOVE Run
[11/09/2012 - 01:44:13PM] PLAYER_MOVE None
[11/09/2012 - 01:44:16PM] PLAYER_TRIGGER_ENTER [ths1_NearOrcCageTrigScript <alias NearMuseumOrcCageTrigALIAS on quest ths1_CaptiveOrc (0201A9F8)>]
[11/09/2012 - 01:44:18PM] PLAYER_TRIGGER_ENTER [ths1_NearOrcCageTrigScript <alias NearMuseumOrcCageTrigALIAS on quest ths1_CaptiveOrc (0201A9F8)>]
[11/09/2012 - 01:44:18PM] PLAYER_MOVE Run
[11/09/2012 - 01:44:22PM] PLAYER_MOVE None
[11/09/2012 - 01:44:24PM] PLAYER_MOVE Run
[11/09/2012 - 01:44:24PM] PLAYER_MOVE None
[11/09/2012 - 01:44:26PM] PLAYER_TRIGGER_ENTER [ths1_TriggerEnterSCRIPT < (020748D5)>]
[11/09/2012 - 01:44:30PM] PLAYER_MOVE Run
[11/09/2012 - 01:44:30PM] PLAYER_MOVE None
[11/09/2012 - 01:44:31PM] PLAYER_TRIGGER_LEAVE [ths1_TriggerEnterSCRIPT < (020748D5)>]
[11/09/2012 - 01:44:32PM] PLAYER_MOVE Run
[11/09/2012 - 01:44:33PM] PLAYER_MOVE None
[11/09/2012 - 01:44:37PM] PLAYER_MOVE Run
[11/09/2012 - 01:44:37PM] PLAYER_TRIGGER_ENTER [ths1_TriggerEnterSCRIPT < (020748D4)>]
[11/09/2012 - 01:44:38PM] PLAYER_TRIGGER_LEAVE [ths1_TriggerEnterSCRIPT < (020748D4)>]
[11/09/2012 - 01:44:40PM] PLAYER_MOVE None
[11/09/2012 - 01:44:53PM] PLAYER_WEAPON_WITHDRAWN
[11/09/2012 - 01:44:55PM] PLAYER_DIALOGUE [TIF__0207D376 <topic info 0207D376 on quest ths1_CaptiveOrc (0201A9F8)>] NPC_SPEAKER [Actor < (020491E3)>]
[11/09/2012 - 01:45:03PM] PLAYER_MOVE Run
[11/09/2012 - 01:45:04PM] PLAYER_MOVE None
[11/09/2012 - 01:45:05PM] PLAYER_MOVE Run
[11/09/2012 - 01:45:08PM] PLAYER_MOVE None
[11/09/2012 - 01:45:15PM] PLAYER_MOVE Run
[11/09/2012 - 01:45:18PM] PLAYER_MOVE None
[11/09/2012 - 01:45:25PM] PLAYER_MOVE Run
[11/09/2012 - 01:45:27PM] PLAYER_MOVE None
[11/09/2012 - 01:45:28PM] PLAYER_MOVE Run
[11/09/2012 - 01:45:29PM] PLAYER_MOVE None
[11/09/2012 - 01:45:36PM] PLAYER_ITEM_OBTAIN [MiscObject < (0000000F)>] None "gold" COUNT 2175 CONTAINER [Actor < (02049751)>]
[11/09/2012 - 01:45:36PM] PLAYER_ITEM_OBTAIN [MiscObject < (0000000F)>] [ObjectReference < (02044DC0)>] "gold" COUNT 1 CONTAINER [Actor < (02049751)>]
[11/09/2012 - 01:45:36PM] PLAYER_ITEM_OBTAIN [Form < (00013105)>] None "Ragged Robes" COUNT 1 CONTAINER [Actor < (02049751)>]
[11/09/2012 - 01:45:36PM] PLAYER_ITEM_OBTAIN [MiscObject < (0000000F)>] [ObjectReference < (02044DC1)>] "gold" COUNT 1 CONTAINER [Actor < (02049751)>]
[11/09/2012 - 01:45:36PM] PLAYER_ITEM_OBTAIN [Form < (00013106)>] None "Ragged Boots" COUNT 1 CONTAINER [Actor < (02049751)>]
[11/09/2012 - 01:45:36PM] PLAYER_ITEM_OBTAIN [WEAPON < (00012EB7)>] None "Iron Sword" COUNT 1 CONTAINER None
[11/09/2012 - 01:45:36PM] PLAYER_ITEM_OBTAIN [MiscObject < (0000000F)>] [ObjectReference < (02044DC2)>] "gold" COUNT 1 CONTAINER [Actor < (02049751)>]
[11/09/2012 - 01:45:36PM] PLAYER_ITEM_OBTAIN [MiscObject < (0000000F)>] [ObjectReference < (02044DC3)>] "gold" COUNT 1 CONTAINER [Actor < (02049751)>]
[11/09/2012 - 01:45:38PM] PLAYER_MOVE Run
[11/09/2012 - 01:45:41PM] PLAYER_MOVE None
[11/09/2012 - 01:45:42PM] PLAYER_MOVE Run
[11/09/2012 - 01:45:43PM] PLAYER_TRIGGER_ENTER [ths1_TriggerEnterSCRIPT < (020748C9)>]
[11/09/2012 - 01:45:43PM] PLAYER_TRIGGER_LEAVE [ths1_TriggerEnterSCRIPT < (020748C9)>]
[11/09/2012 - 01:45:44PM] PLAYER_TRIGGER_ENTER [ths1_TriggerEnterSCRIPT < (020748CB)>]
[11/09/2012 - 01:45:46PM] PLAYER_MOVE None
[11/09/2012 - 01:45:46PM] PLAYER_TRIGGER_LEAVE [ths1_TriggerEnterSCRIPT < (020748CB)>]
[11/09/2012 - 01:45:46PM] PLAYER_TRIGGER_ENTER [ths1_TriggerEnterSCRIPT < (020748BF)>]
[11/09/2012 - 01:45:46PM] PLAYER_TRIGGER_ENTER [ths1_TriggerEnterSCRIPT < (020748C7)>]
[11/09/2012 - 01:45:46PM] PLAYER_TRIGGER_LEAVE [ths1_TriggerEnterSCRIPT < (020748C7)>]
[11/09/2012 - 01:45:47PM] PLAYER_MOVE Run
[11/09/2012 - 01:45:47PM] PLAYER_TRIGGER_ENTER [ths1_TriggerEnterSCRIPT < (020748C7)>]
[11/09/2012 - 01:45:47PM] PLAYER_TRIGGER_LEAVE [ths1_TriggerEnterSCRIPT < (020748BF)>]
[11/09/2012 - 01:45:48PM] PLAYER_MOVE None
[11/09/2012 - 01:45:49PM] PLAYER_DISPLAY_CASE_OPEN [ths1_DisplayCaseScript < (02044E20)>]
[11/09/2012 - 01:45:53PM] PLAYER_MOVE Run
[11/09/2012 - 01:45:53PM] PLAYER_TRIGGER_ENTER [ths1_TriggerEnterSCRIPT < (020748BF)>]
[11/09/2012 - 01:45:53PM] PLAYER_TRIGGER_LEAVE [ths1_TriggerEnterSCRIPT < (020748C7)>]
[11/09/2012 - 01:45:54PM] PLAYER_MOVE None
[11/09/2012 - 01:45:57PM] PLAYER_TRIGGER_ENTER [ths1_TriggerEnterSCRIPT < (0208C7C0)>]
[11/09/2012 - 01:45:57PM] PLAYER_TRIGGER_LEAVE [ths1_TriggerEnterSCRIPT < (020748BF)>]
[11/09/2012 - 01:45:57PM] PLAYER_CELL_CHANGE [Cell <Wilderness (02085D4C)>] ""
[11/09/2012 - 01:45:58PM] PLAYER_WORLDSPACE_CHANGE [WorldSpace <ths1_Town (02085D17)>] "Town"
[11/09/2012 - 01:45:59PM] PLAYER_MOVE Run
[11/09/2012 - 01:46:00PM] PLAYER_MOVE None
[11/09/2012 - 01:46:00PM] PLAYER_TRIGGER_LEAVE [ths1_TriggerEnterSCRIPT < (0208C7C0)>]
[11/09/2012 - 01:46:03PM] PLAYER_MOVE Run
[11/09/2012 - 01:46:04PM] PLAYER_ACTOR_VIEW_GAIN [ObjectReference < (02089359)>] "Seamus"
[11/09/2012 - 01:46:05PM] PLAYER_ACTOR_VIEW_LOSS [ObjectReference < (02089359)>] "Seamus"
[11/09/2012 - 01:46:10PM] PLAYER_CELL_CHANGE [Cell <Wilderness (02085D54)>] ""
[11/09/2012 - 01:46:12PM] PLAYER_TRIGGER_ENTER [ths1_TriggerEnterSCRIPT < (0208C7C2)>]
[11/09/2012 - 01:46:14PM] PLAYER_CELL_CHANGE [Cell <Wilderness (02085D56)>] ""
[11/09/2012 - 01:46:15PM] PLAYER_TRIGGER_LEAVE [ths1_TriggerEnterSCRIPT < (0208C7C2)>]
[11/09/2012 - 01:46:17PM] PLAYER_MOVE None
[11/09/2012 - 01:46:19PM] PLAYER_MOVE Run
[11/09/2012 - 01:46:20PM] PLAYER_TRIGGER_ENTER [ths1_TriggerEnterSCRIPT < (0208C7C2)>]
[11/09/2012 - 01:46:20PM] PLAYER_TRIGGER_LEAVE [ths1_TriggerEnterSCRIPT < (0208C7C2)>]
[11/09/2012 - 01:46:22PM] PLAYER_TRIGGER_ENTER [ths1_TriggerEnterSCRIPT < (0208C788)>]
[11/09/2012 - 01:46:24PM] PLAYER_MOVE None
[11/09/2012 - 01:46:26PM] PLAYER_TRIGGER_ENTER [ths1_TriggerEnterSCRIPT < (02074E4F)>]
[11/09/2012 - 01:46:26PM] PLAYER_TRIGGER_LEAVE [ths1_TriggerEnterSCRIPT < (0208C788)>]
[11/09/2012 - 01:46:26PM] PLAYER_CELL_CHANGE [Cell <ths1_PlayerHouse (02071181)>] "Player House"
[11/09/2012 - 01:46:28PM] PLAYER_MOVE Run
[11/09/2012 - 01:46:28PM] PLAYER_TRIGGER_LEAVE [ths1_TriggerEnterSCRIPT < (02074E4F)>]
[11/09/2012 - 01:46:29PM] PLAYER_MOVE None
[11/09/2012 - 01:46:30PM] PLAYER_MOVE Run
[11/09/2012 - 01:46:30PM] PLAYER_TRIGGER_ENTER [ths1_TriggerEnterSCRIPT < (02074E4F)>]
[11/09/2012 - 01:46:31PM] PLAYER_MOVE None
[11/09/2012 - 01:46:32PM] PLAYER_TRIGGER_ENTER [ths1_TriggerEnterSCRIPT < (0208C788)>]
[11/09/2012 - 01:46:32PM] PLAYER_TRIGGER_LEAVE [ths1_TriggerEnterSCRIPT < (02074E4F)>]
[11/09/2012 - 01:46:33PM] PLAYER_CELL_CHANGE [Cell <Wilderness (02085D56)>] ""
[11/09/2012 - 01:46:33PM] PLAYER_WORLDSPACE_CHANGE [WorldSpace <ths1_Town (02085D17)>] "Town"
[11/09/2012 - 01:46:34PM] PLAYER_TRIGGER_LEAVE [ths1_TriggerEnterSCRIPT < (0208C788)>]
[11/09/2012 - 01:46:34PM] PLAYER_MOVE Run
[11/09/2012 - 01:46:35PM] PLAYER_CELL_CHANGE [Cell <Wilderness (02085D34)>] ""
[11/09/2012 - 01:46:37PM] PLAYER_TRIGGER_ENTER [ths1_TriggerEnterSCRIPT < (0208CDAB)>]
[11/09/2012 - 01:46:38PM] PLAYER_TRIGGER_LEAVE [ths1_TriggerEnterSCRIPT < (0208CDAB)>]
[11/09/2012 - 01:46:40PM] PLAYER_TRIGGER_ENTER [ths1_TriggerEnterSCRIPT < (0208C7C2)>]
[11/09/2012 - 01:46:43PM] PLAYER_CELL_CHANGE [Cell <Wilderness (02085D56)>] ""
[11/09/2012 - 01:46:47PM] PLAYER_CELL_CHANGE [Cell <Wilderness (02085D54)>] ""
[11/09/2012 - 01:46:47PM] PLAYER_TRIGGER_LEAVE [ths1_TriggerEnterSCRIPT < (0208C7C2)>]
[11/09/2012 - 01:46:48PM] PLAYER_TRIGGER_ENTER [ths1_TriggerEnterSCRIPT < (0208C7C1)>]
[11/09/2012 - 01:46:54PM] PLAYER_TRIGGER_LEAVE [ths1_TriggerEnterSCRIPT < (0208C7C1)>]
[11/09/2012 - 01:46:55PM] PLAYER_TRIGGER_ENTER [ths1_TriggerEnterSCRIPT < (0208C7B0)>]
[11/09/2012 - 01:47:07PM] PLAYER_CELL_CHANGE [Cell <Wilderness (02085D4C)>] ""
[11/09/2012 - 01:47:14PM] PLAYER_TRIGGER_LEAVE [ths1_TriggerEnterSCRIPT < (0208C7B0)>]
[11/09/2012 - 01:47:16PM] PLAYER_TRIGGER_ENTER [ths1_TriggerEnterSCRIPT < (0208CDAD)>]
[11/09/2012 - 01:47:19PM] PLAYER_CELL_CHANGE [Cell <Wilderness (02085D4A)>] ""
[11/09/2012 - 01:47:26PM] PLAYER_TRIGGER_LEAVE [ths1_TriggerEnterSCRIPT < (0208CDAD)>]
[11/09/2012 - 01:47:26PM] PLAYER_TRIGGER_ENTER [ths1_TriggerEnterSCRIPT < (0208C7AE)>]
[11/09/2012 - 01:47:28PM] PLAYER_CELL_CHANGE [Cell <Wilderness (02085D40)>] ""
[11/09/2012 - 01:47:30PM] PLAYER_MOVE None
[11/09/2012 - 01:47:32PM] PLAYER_MOVE Run
[11/09/2012 - 01:47:33PM] PLAYER_ACTOR_VIEW_GAIN [ObjectReference < (02089359)>] "Seamus"
[11/09/2012 - 01:47:35PM] PLAYER_ACTOR_VIEW_LOSS [ObjectReference < (02089359)>] "Seamus"
[11/09/2012 - 01:47:38PM] PLAYER_CELL_CHANGE [Cell <Wilderness (02085D42)>] ""
[11/09/2012 - 01:47:40PM] PLAYER_TRIGGER_LEAVE [ths1_TriggerEnterSCRIPT < (0208C7AE)>]
[11/09/2012 - 01:47:40PM] PLAYER_TRIGGER_ENTER [ths1_TriggerEnterSCRIPT < (0208C7AF)>]
[11/09/2012 - 01:47:42PM] PLAYER_ACTOR_VIEW_GAIN [ObjectReference < (02089359)>] "Seamus"
[11/09/2012 - 01:47:43PM] PLAYER_TRIGGER_LEAVE [ths1_TriggerEnterSCRIPT < (0208C7AF)>]
[11/09/2012 - 01:47:45PM] PLAYER_ACTOR_VIEW_LOSS [ObjectReference < (02089359)>] "Seamus"
[11/09/2012 - 01:47:48PM] PLAYER_ACTOR_VIEW_GAIN [ObjectReference < (02089359)>] "Seamus"
[11/09/2012 - 01:47:49PM] PLAYER_ACTOR_VIEW_LOSS [ObjectReference < (02089359)>] "Seamus"
[11/09/2012 - 01:47:50PM] PLAYER_ACTOR_VIEW_GAIN [ObjectReference < (02089359)>] "Seamus"
[11/09/2012 - 01:47:52PM] PLAYER_CELL_CHANGE [Cell <Wilderness (02085D44)>] ""
[11/09/2012 - 01:47:53PM] PLAYER_DISTANCE_ACTOR [ObjectReference < (02089359)>] "Seamus" 365.610718
[11/09/2012 - 01:47:53PM] PLAYER_MOVE None
[11/09/2012 - 01:47:54PM] PLAYER_DISTANCE_ACTOR [ObjectReference < (02089359)>] "Seamus" 151.415863
[11/09/2012 - 01:47:55PM] PLAYER_DISTANCE_ACTOR [ObjectReference < (02089359)>] "Seamus" 151.412994
[11/09/2012 - 01:47:55PM] PLAYER_DIALOGUE [TIF__01013D2B <topic info 02013D2B on quest ths1_MissingDog (02009344)>] NPC_SPEAKER [Actor < (02089359)>]
[11/09/2012 - 01:47:56PM] PLAYER_DISTANCE_ACTOR [ObjectReference < (02089359)>] "Seamus" 151.413055
[11/09/2012 - 01:47:57PM] PLAYER_DISTANCE_ACTOR [ObjectReference < (02089359)>] "Seamus" 151.413055
[11/09/2012 - 01:47:58PM] PLAYER_DISTANCE_ACTOR [ObjectReference < (02089359)>] "Seamus" 151.413055
[11/09/2012 - 01:47:59PM] PLAYER_DISTANCE_ACTOR [ObjectReference < (02089359)>] "Seamus" 151.413055
[11/09/2012 - 01:47:59PM] QUEST_STAGE_CHANGE [ths1_MDQScript <ths1_MissingDog (02009344)>] "Missing Dog" 5
[11/09/2012 - 01:48:00PM] PLAYER_DIALOGUE [TIF__0100A949 <topic info 0200A949 on quest ths1_MissingDog (02009344)>] NPC_SPEAKER [Actor < (02089359)>]
[11/09/2012 - 01:48:00PM] PLAYER_DISTANCE_ACTOR [ObjectReference < (02089359)>] "Seamus" 151.413055
[11/09/2012 - 01:48:01PM] PLAYER_DISTANCE_ACTOR [ObjectReference < (02089359)>] "Seamus" 152.005783
[11/09/2012 - 01:48:02PM] PLAYER_DISTANCE_ACTOR [ObjectReference < (02089359)>] "Seamus" 152.463882
[11/09/2012 - 01:48:03PM] PLAYER_DISTANCE_ACTOR [ObjectReference < (02089359)>] "Seamus" 152.463882
[11/09/2012 - 01:48:03PM] PLAYER_DIALOGUE [TIF__01063CC2 <topic info 02063CC2 on quest ths1_MissingDog (02009344)>] NPC_SPEAKER [Actor < (02089359)>]
[11/09/2012 - 01:48:04PM] PLAYER_DISTANCE_ACTOR [ObjectReference < (02089359)>] "Seamus" 152.468246
[11/09/2012 - 01:48:05PM] PLAYER_DISTANCE_ACTOR [ObjectReference < (02089359)>] "Seamus" 152.883041
[11/09/2012 - 01:48:06PM] PLAYER_DISTANCE_ACTOR [ObjectReference < (02089359)>] "Seamus" 153.671463
[11/09/2012 - 01:48:07PM] PLAYER_DISTANCE_ACTOR [ObjectReference < (02089359)>] "Seamus" 155.724457
[11/09/2012 - 01:48:08PM] PLAYER_DISTANCE_ACTOR [ObjectReference < (02089359)>] "Seamus" 155.661865
[11/09/2012 - 01:48:08PM] PLAYER_DIALOGUE [TIF__0100DBAF <topic info 0200DBAF on quest ths1_MissingDog (02009344)>] NPC_SPEAKER [Actor < (02089359)>]
[11/09/2012 - 01:48:09PM] PLAYER_DISTANCE_ACTOR [ObjectReference < (02089359)>] "Seamus" 157.484741
[11/09/2012 - 01:48:10PM] PLAYER_DISTANCE_ACTOR [ObjectReference < (02089359)>] "Seamus" 156.470520
[11/09/2012 - 01:48:11PM] PLAYER_DISTANCE_ACTOR [ObjectReference < (02089359)>] "Seamus" 155.713593
[11/09/2012 - 01:48:11PM] PLAYER_ACTOR_VIEW_LOSS [ObjectReference < (02089359)>] "Seamus"
[11/09/2012 - 01:48:12PM] ACTOR_PACKAGE_START [ths1_MDQSeamusAliasSCRIPT <alias Seamus on quest ths1_MissingDog (02009344)>] "Seamus" : "[PF_ths1_SeamusFollowerPackag_0201C01E < (0201C01E)>]"
[11/09/2012 - 01:48:12PM] PLAYER_DISTANCE_ACTOR [ObjectReference < (02089359)>] "Seamus" 160.280151
[11/09/2012 - 01:48:12PM] QUEST_STAGE_CHANGE [ths1_MDQScript <ths1_MissingDog (02009344)>] "Missing Dog" 10
[11/09/2012 - 01:48:13PM] PLAYER_ACTOR_VIEW_GAIN [ObjectReference < (02089359)>] "Seamus"
[11/09/2012 - 01:48:13PM] PLAYER_DISTANCE_ACTOR [ObjectReference < (02089359)>] "Seamus" 117.033989
[11/09/2012 - 01:48:13PM] PLAYER_MOVE Run
[11/09/2012 - 01:48:14PM] PLAYER_DISTANCE_ACTOR [ObjectReference < (02089359)>] "Seamus" 108.555054
[11/09/2012 - 01:48:14PM] PLAYER_TRIGGER_ENTER [ths1_TriggerEnterSCRIPT < (0208C7A1)>]
[11/09/2012 - 01:48:15PM] PLAYER_ACTOR_VIEW_LOSS [ObjectReference < (02089359)>] "Seamus"
[11/09/2012 - 01:48:15PM] PLAYER_TRIGGER_LEAVE [ths1_TriggerEnterSCRIPT < (0208C7A1)>]
[11/09/2012 - 01:48:15PM] PLAYER_DISTANCE_ACTOR [ObjectReference < (02089359)>] "Seamus" 379.793091
[11/09/2012 - 01:48:15PM] PLAYER_MOVE None
[11/09/2012 - 01:48:16PM] PLAYER_DISTANCE_ACTOR [ObjectReference < (02089359)>] "Seamus" 345.115051
[11/09/2012 - 01:48:18PM] PLAYER_CELL_CHANGE [Cell <ths1_IsaanHouse (0207113A)>] "Isaan's House"
[11/09/2012 - 01:48:18PM] ACTOR_MOVE_TO_PLAYER [ObjectReference < (02089359)>] "Seamus"
[11/09/2012 - 01:48:18PM] PLAYER_ACTOR_VIEW_GAIN [ObjectReference < (02089359)>] "Seamus"
[11/09/2012 - 01:48:19PM] PLAYER_DISTANCE_ACTOR [ObjectReference < (02089359)>] "Seamus" 70.711563
[11/09/2012 - 01:48:19PM] PLAYER_DISTANCE_ACTOR [ObjectReference < (02089359)>] "Seamus" 63.030613
[11/09/2012 - 01:48:20PM] PLAYER_ACTOR_VIEW_LOSS [ObjectReference < (02089359)>] "Seamus"
[11/09/2012 - 01:48:20PM] PLAYER_DISTANCE_ACTOR [ObjectReference < (02089359)>] "Seamus" 63.157871
[11/09/2012 - 01:48:21PM] PLAYER_DISTANCE_ACTOR [ObjectReference < (02089359)>] "Seamus" 131.343658
[11/09/2012 - 01:48:22PM] PLAYER_DISTANCE_ACTOR [ObjectReference < (02089359)>] "Seamus" 100.617325
[11/09/2012 - 01:48:23PM] PLAYER_DIALOGUE [TIF__010098E9 <topic info 020098E9 on quest ths1_MissingDog (02009344)>] NPC_SPEAKER [Actor < (02071D11)>]
[11/09/2012 - 01:48:23PM] PLAYER_DISTANCE_ACTOR [ObjectReference < (02089359)>] "Seamus" 62.753349
[11/09/2012 - 01:48:24PM] PLAYER_DISTANCE_ACTOR [ObjectReference < (02089359)>] "Seamus" 62.517872
[11/09/2012 - 01:48:25PM] PLAYER_DISTANCE_ACTOR [ObjectReference < (02089359)>] "Seamus" 62.517872
[11/09/2012 - 01:48:26PM] PLAYER_DISTANCE_ACTOR [ObjectReference < (02089359)>] "Seamus" 62.517872
[11/09/2012 - 01:48:27PM] PLAYER_DIALOGUE [TIF__0101430C <topic info 0201430C on quest ths1_MissingDog (02009344)>] NPC_SPEAKER [Actor < (02071D11)>]
[11/09/2012 - 01:48:27PM] PLAYER_DISTANCE_ACTOR [ObjectReference < (02089359)>] "Seamus" 62.517872
[11/09/2012 - 01:48:28PM] PLAYER_DISTANCE_ACTOR [ObjectReference < (02089359)>] "Seamus" 62.517872
[11/09/2012 - 01:48:29PM] PLAYER_DISTANCE_ACTOR [ObjectReference < (02089359)>] "Seamus" 62.517872
[11/09/2012 - 01:48:30PM] PLAYER_DISTANCE_ACTOR [ObjectReference < (02089359)>] "Seamus" 62.517872
[11/09/2012 - 01:48:31PM] PLAYER_DISTANCE_ACTOR [ObjectReference < (02089359)>] "Seamus" 62.517872
[11/09/2012 - 01:48:32PM] PLAYER_DISTANCE_ACTOR [ObjectReference < (02089359)>] "Seamus" 62.517872
[11/09/2012 - 01:48:33PM] PLAYER_DISTANCE_ACTOR [ObjectReference < (02089359)>] "Seamus" 62.517872
[11/09/2012 - 01:48:34PM] PLAYER_DIALOGUE [TIF__0101430E <topic info 0201430E on quest ths1_MissingDog (02009344)>] NPC_SPEAKER [Actor < (02071D11)>]
[11/09/2012 - 01:48:34PM] PLAYER_DISTANCE_ACTOR [ObjectReference < (02089359)>] "Seamus" 62.517872
[11/09/2012 - 01:48:35PM] PLAYER_DISTANCE_ACTOR [ObjectReference < (02089359)>] "Seamus" 62.517872
[11/09/2012 - 01:48:36PM] PLAYER_DIALOGUE [TIF__0101651D <topic info 0201651D on quest ths1_MissingDog (02009344)>] NPC_SPEAKER [Actor < (02071D11)>]
[11/09/2012 - 01:48:36PM] PLAYER_DISTANCE_ACTOR [ObjectReference < (02089359)>] "Seamus" 62.517872
[11/09/2012 - 01:48:37PM] PLAYER_DISTANCE_ACTOR [ObjectReference < (02089359)>] "Seamus" 62.517872
[11/09/2012 - 01:48:38PM] PLAYER_DISTANCE_ACTOR [ObjectReference < (02089359)>] "Seamus" 62.517872
[11/09/2012 - 01:48:39PM] PLAYER_DISTANCE_ACTOR [ObjectReference < (02089359)>] "Seamus" 62.517872
[11/09/2012 - 01:48:40PM] PLAYER_DISTANCE_ACTOR [ObjectReference < (02089359)>] "Seamus" 62.517872
[11/09/2012 - 01:48:41PM] PLAYER_DISTANCE_ACTOR [ObjectReference < (02089359)>] "Seamus" 62.517872
[11/09/2012 - 01:48:42PM] PLAYER_DIALOGUE [TIF__0101651F <topic info 0201651F on quest ths1_MissingDog (02009344)>] NPC_SPEAKER [Actor < (02071D11)>]
[11/09/2012 - 01:48:42PM] PLAYER_DISTANCE_ACTOR [ObjectReference < (02089359)>] "Seamus" 62.517872
[11/09/2012 - 01:48:43PM] PLAYER_DISTANCE_ACTOR [ObjectReference < (02089359)>] "Seamus" 62.517872
[11/09/2012 - 01:48:44PM] PLAYER_DISTANCE_ACTOR [ObjectReference < (02089359)>] "Seamus" 62.517872
[11/09/2012 - 01:48:45PM] PLAYER_DISTANCE_ACTOR [ObjectReference < (02089359)>] "Seamus" 62.517872
[11/09/2012 - 01:48:46PM] PLAYER_DISTANCE_ACTOR [ObjectReference < (02089359)>] "Seamus" 62.517872
[11/09/2012 - 01:48:47PM] PLAYER_DISTANCE_ACTOR [ObjectReference < (02089359)>] "Seamus" 62.517872
[11/09/2012 - 01:48:48PM] PLAYER_DISTANCE_ACTOR [ObjectReference < (02089359)>] "Seamus" 62.517872
[11/09/2012 - 01:48:49PM] PLAYER_DISTANCE_ACTOR [ObjectReference < (02089359)>] "Seamus" 62.517872
[11/09/2012 - 01:48:50PM] PLAYER_DIALOGUE [TIF__010626F8 <topic info 020626F8 on quest ths1_MissingDog (02009344)>] NPC_SPEAKER [Actor < (02071D11)>]
[11/09/2012 - 01:48:50PM] PLAYER_DISTANCE_ACTOR [ObjectReference < (02089359)>] "Seamus" 62.517872
[11/09/2012 - 01:48:51PM] PLAYER_DISTANCE_ACTOR [ObjectReference < (02089359)>] "Seamus" 62.517872
[11/09/2012 - 01:48:52PM] PLAYER_DISTANCE_ACTOR [ObjectReference < (02089359)>] "Seamus" 62.517872
[11/09/2012 - 01:48:53PM] PLAYER_DIALOGUE [TIF__01063755 <topic info 02063755 on quest ths1_MissingDog (02009344)>] NPC_SPEAKER [Actor < (02071D11)>]
[11/09/2012 - 01:48:53PM] PLAYER_DISTANCE_ACTOR [ObjectReference < (02089359)>] "Seamus" 62.517872
[11/09/2012 - 01:48:54PM] PLAYER_DISTANCE_ACTOR [ObjectReference < (02089359)>] "Seamus" 62.517872
[11/09/2012 - 01:48:55PM] PLAYER_DIALOGUE [TIF__0101430C <topic info 0201430C on quest ths1_MissingDog (02009344)>] NPC_SPEAKER [Actor < (02071D11)>]
[11/09/2012 - 01:48:55PM] PLAYER_DISTANCE_ACTOR [ObjectReference < (02089359)>] "Seamus" 62.517872
[11/09/2012 - 01:48:56PM] PLAYER_DISTANCE_ACTOR [ObjectReference < (02089359)>] "Seamus" 62.517872
[11/09/2012 - 01:48:57PM] PLAYER_DIALOGUE [TIF__0101651B <topic info 0201651B on quest ths1_MissingDog (02009344)>] NPC_SPEAKER [Actor < (02071D11)>]
[11/09/2012 - 01:48:57PM] PLAYER_DISTANCE_ACTOR [ObjectReference < (02089359)>] "Seamus" 62.517872
[11/09/2012 - 01:48:58PM] PLAYER_DISTANCE_ACTOR [ObjectReference < (02089359)>] "Seamus" 62.517872
[11/09/2012 - 01:48:59PM] PLAYER_DISTANCE_ACTOR [ObjectReference < (02089359)>] "Seamus" 62.517872
[11/09/2012 - 01:49:00PM] PLAYER_DISTANCE_ACTOR [ObjectReference < (02089359)>] "Seamus" 62.517872
[11/09/2012 - 01:49:01PM] PLAYER_DIALOGUE [TIF__0101651D <topic info 0201651D on quest ths1_MissingDog (02009344)>] NPC_SPEAKER [Actor < (02071D11)>]
[11/09/2012 - 01:49:01PM] PLAYER_DISTANCE_ACTOR [ObjectReference < (02089359)>] "Seamus" 62.517872
[11/09/2012 - 01:49:02PM] PLAYER_DISTANCE_ACTOR [ObjectReference < (02089359)>] "Seamus" 62.517872
[11/09/2012 - 01:49:03PM] PLAYER_DIALOGUE [TIF__01063752 <topic info 02063752 on quest ths1_MissingDog (02009344)>] NPC_SPEAKER [Actor < (02071D11)>]
[11/09/2012 - 01:49:03PM] PLAYER_DISTANCE_ACTOR [ObjectReference < (02089359)>] "Seamus" 62.517872
[11/09/2012 - 01:49:04PM] PLAYER_DISTANCE_ACTOR [ObjectReference < (02089359)>] "Seamus" 62.517872
[11/09/2012 - 01:49:05PM] PLAYER_DISTANCE_ACTOR [ObjectReference < (02089359)>] "Seamus" 62.517872
[11/09/2012 - 01:49:06PM] PLAYER_DIALOGUE [TIF__01063755 <topic info 02063755 on quest ths1_MissingDog (02009344)>] NPC_SPEAKER [Actor < (02071D11)>]
[11/09/2012 - 01:49:06PM] PLAYER_DISTANCE_ACTOR [ObjectReference < (02089359)>] "Seamus" 62.517872
[11/09/2012 - 01:49:07PM] PLAYER_DISTANCE_ACTOR [ObjectReference < (02089359)>] "Seamus" 62.517872
[11/09/2012 - 01:49:08PM] PLAYER_DISTANCE_ACTOR [ObjectReference < (02089359)>] "Seamus" 62.517872
[11/09/2012 - 01:49:09PM] PLAYER_DIALOGUE [TIF__0101430C <topic info 0201430C on quest ths1_MissingDog (02009344)>] NPC_SPEAKER [Actor < (02071D11)>]
[11/09/2012 - 01:49:09PM] PLAYER_DISTANCE_ACTOR [ObjectReference < (02089359)>] "Seamus" 62.517872
[11/09/2012 - 01:49:10PM] PLAYER_DISTANCE_ACTOR [ObjectReference < (02089359)>] "Seamus" 62.517872
[11/09/2012 - 01:49:11PM] PLAYER_DIALOGUE [TIF__0101651B <topic info 0201651B on quest ths1_MissingDog (02009344)>] NPC_SPEAKER [Actor < (02071D11)>]
[11/09/2012 - 01:49:11PM] PLAYER_DISTANCE_ACTOR [ObjectReference < (02089359)>] "Seamus" 62.517872
[11/09/2012 - 01:49:12PM] PLAYER_DISTANCE_ACTOR [ObjectReference < (02089359)>] "Seamus" 62.517872
[11/09/2012 - 01:49:13PM] PLAYER_DIALOGUE [TIF__0101651D <topic info 0201651D on quest ths1_MissingDog (02009344)>] NPC_SPEAKER [Actor < (02071D11)>]
[11/09/2012 - 01:49:13PM] PLAYER_DISTANCE_ACTOR [ObjectReference < (02089359)>] "Seamus" 62.517872
[11/09/2012 - 01:49:14PM] PLAYER_DISTANCE_ACTOR [ObjectReference < (02089359)>] "Seamus" 62.517872
[11/09/2012 - 01:49:15PM] PLAYER_DISTANCE_ACTOR [ObjectReference < (02089359)>] "Seamus" 62.517872
[11/09/2012 - 01:49:16PM] PLAYER_DIALOGUE [TIF__01063752 <topic info 02063752 on quest ths1_MissingDog (02009344)>] NPC_SPEAKER [Actor < (02071D11)>]
[11/09/2012 - 01:49:16PM] PLAYER_DISTANCE_ACTOR [ObjectReference < (02089359)>] "Seamus" 62.517872
[11/09/2012 - 01:49:17PM] PLAYER_DISTANCE_ACTOR [ObjectReference < (02089359)>] "Seamus" 62.517872
[11/09/2012 - 01:49:18PM] PLAYER_DIALOGUE [TIF__01063755 <topic info 02063755 on quest ths1_MissingDog (02009344)>] NPC_SPEAKER [Actor < (02071D11)>]
[11/09/2012 - 01:49:18PM] PLAYER_DISTANCE_ACTOR [ObjectReference < (02089359)>] "Seamus" 62.517872
[11/09/2012 - 01:49:19PM] PLAYER_DISTANCE_ACTOR [ObjectReference < (02089359)>] "Seamus" 62.517872
[11/09/2012 - 01:49:20PM] PLAYER_DISTANCE_ACTOR [ObjectReference < (02089359)>] "Seamus" 62.517872
[11/09/2012 - 01:49:22PM] PLAYER_DISTANCE_ACTOR [ObjectReference < (02089359)>] "Seamus" 62.517872
[11/09/2012 - 01:49:22PM] PLAYER_DIALOGUE [TIF__0101430C <topic info 0201430C on quest ths1_MissingDog (02009344)>] NPC_SPEAKER [Actor < (02071D11)>]
[11/09/2012 - 01:49:23PM] PLAYER_DISTANCE_ACTOR [ObjectReference < (02089359)>] "Seamus" 62.517872
[11/09/2012 - 01:49:24PM] PLAYER_DISTANCE_ACTOR [ObjectReference < (02089359)>] "Seamus" 62.517872
[11/09/2012 - 01:49:24PM] PLAYER_DIALOGUE [TIF__01063757 <topic info 02063757 on quest ths1_MissingDog (02009344)>] NPC_SPEAKER [Actor < (02071D11)>]
[11/09/2012 - 01:49:25PM] PLAYER_DISTANCE_ACTOR [ObjectReference < (02089359)>] "Seamus" 62.517872
[11/09/2012 - 01:49:26PM] PLAYER_DISTANCE_ACTOR [ObjectReference < (02089359)>] "Seamus" 62.517872
[11/09/2012 - 01:49:27PM] PLAYER_DISTANCE_ACTOR [ObjectReference < (02089359)>] "Seamus" 62.517872
[11/09/2012 - 01:49:28PM] PLAYER_DISTANCE_ACTOR [ObjectReference < (02089359)>] "Seamus" 62.517872
[11/09/2012 - 01:49:29PM] PLAYER_DISTANCE_ACTOR [ObjectReference < (02089359)>] "Seamus" 62.517872
[11/09/2012 - 01:49:30PM] PLAYER_DISTANCE_ACTOR [ObjectReference < (02089359)>] "Seamus" 62.517872
[11/09/2012 - 01:49:31PM] PLAYER_DISTANCE_ACTOR [ObjectReference < (02089359)>] "Seamus" 62.517872
[11/09/2012 - 01:49:31PM] PLAYER_MOVE Run
[11/09/2012 - 01:49:32PM] PLAYER_DISTANCE_ACTOR [ObjectReference < (02089359)>] "Seamus" 283.112061
[11/09/2012 - 01:49:33PM] PLAYER_DISTANCE_ACTOR [ObjectReference < (02089359)>] "Seamus" 303.852814
[11/09/2012 - 01:49:34PM] PLAYER_DISTANCE_ACTOR [ObjectReference < (02089359)>] "Seamus" 280.854645
[11/09/2012 - 01:49:34PM] PLAYER_MOVE None
[11/09/2012 - 01:49:35PM] PLAYER_DISTANCE_ACTOR [ObjectReference < (02089359)>] "Seamus" 358.893524
[11/09/2012 - 01:49:36PM] PLAYER_DISTANCE_ACTOR [ObjectReference < (02089359)>] "Seamus" 246.452682
[11/09/2012 - 01:49:37PM] PLAYER_DISTANCE_ACTOR [ObjectReference < (02089359)>] "Seamus" 78.814804
[11/09/2012 - 01:49:38PM] PLAYER_DISTANCE_ACTOR [ObjectReference < (02089359)>] "Seamus" 183.375412
[11/09/2012 - 01:49:38PM] PLAYER_MOVE Run
[11/09/2012 - 01:49:38PM] PLAYER_ACTOR_VIEW_GAIN [ObjectReference < (02089359)>] "Seamus"
[11/09/2012 - 01:49:39PM] PLAYER_DISTANCE_ACTOR [ObjectReference < (02089359)>] "Seamus" 42.851227
[11/09/2012 - 01:49:40PM] PLAYER_DISTANCE_ACTOR [ObjectReference < (02089359)>] "Seamus" 81.847511
[11/09/2012 - 01:49:40PM] PLAYER_ACTOR_VIEW_LOSS [ObjectReference < (02089359)>] "Seamus"
[11/09/2012 - 01:49:41PM] PLAYER_DISTANCE_ACTOR [ObjectReference < (02089359)>] "Seamus" 227.202774
[11/09/2012 - 01:49:42PM] PLAYER_DISTANCE_ACTOR [ObjectReference < (02089359)>] "Seamus" 242.524765
[11/09/2012 - 01:49:42PM] PLAYER_MOVE None
[11/09/2012 - 01:49:42PM] PLAYER_ACTOR_VIEW_GAIN [ObjectReference < (02089359)>] "Seamus"
[11/09/2012 - 01:49:43PM] PLAYER_DISTANCE_ACTOR [ObjectReference < (02089359)>] "Seamus" 226.294891
[11/09/2012 - 01:49:43PM] PLAYER_MOVE Run
[11/09/2012 - 01:49:43PM] PLAYER_ACTOR_VIEW_LOSS [ObjectReference < (02089359)>] "Seamus"
[11/09/2012 - 01:49:44PM] PLAYER_DISTANCE_ACTOR [ObjectReference < (02089359)>] "Seamus" 144.072861
[11/09/2012 - 01:49:44PM] PLAYER_MOVE None
[11/09/2012 - 01:49:44PM] PLAYER_ACTOR_VIEW_GAIN [ObjectReference < (02089359)>] "Seamus"
[11/09/2012 - 01:49:45PM] PLAYER_DISTANCE_ACTOR [ObjectReference < (02089359)>] "Seamus" 114.696800
[11/09/2012 - 01:49:45PM] PLAYER_MOVE Run
[11/09/2012 - 01:49:45PM] PLAYER_ACTOR_VIEW_LOSS [ObjectReference < (02089359)>] "Seamus"
[11/09/2012 - 01:49:46PM] PLAYER_DISTANCE_ACTOR [ObjectReference < (02089359)>] "Seamus" 227.175919
[11/09/2012 - 01:49:47PM] PLAYER_DISTANCE_ACTOR [ObjectReference < (02089359)>] "Seamus" 269.167419
[11/09/2012 - 01:49:48PM] PLAYER_DISTANCE_ACTOR [ObjectReference < (02089359)>] "Seamus" 286.007355
[11/09/2012 - 01:49:48PM] PLAYER_MOVE None
[11/09/2012 - 01:49:49PM] PLAYER_DISTANCE_ACTOR [ObjectReference < (02089359)>] "Seamus" 260.416443
[11/09/2012 - 01:49:49PM] PLAYER_ACTOR_VIEW_GAIN [ObjectReference < (02089359)>] "Seamus"
[11/09/2012 - 01:49:50PM] PLAYER_DISTANCE_ACTOR [ObjectReference < (02089359)>] "Seamus" 43.547901
[11/09/2012 - 01:49:51PM] PLAYER_DISTANCE_ACTOR [ObjectReference < (02089359)>] "Seamus" 43.572220
[11/09/2012 - 01:49:52PM] PLAYER_DISTANCE_ACTOR [ObjectReference < (02089359)>] "Seamus" 90.043221
[11/09/2012 - 01:49:52PM] PLAYER_MOVE Run
[11/09/2012 - 01:49:53PM] PLAYER_DISTANCE_ACTOR [ObjectReference < (02089359)>] "Seamus" 44.408630
[11/09/2012 - 01:49:54PM] PLAYER_DISTANCE_ACTOR [ObjectReference < (02089359)>] "Seamus" 58.403923
[11/09/2012 - 01:49:55PM] PLAYER_DISTANCE_ACTOR [ObjectReference < (02089359)>] "Seamus" 144.589951
[11/09/2012 - 01:49:56PM] PLAYER_DISTANCE_ACTOR [ObjectReference < (02089359)>] "Seamus" 116.075577
[11/09/2012 - 01:49:56PM] PLAYER_ACTOR_VIEW_LOSS [ObjectReference < (02089359)>] "Seamus"
[11/09/2012 - 01:49:57PM] PLAYER_DISTANCE_ACTOR [ObjectReference < (02089359)>] "Seamus" 179.003113
[11/09/2012 - 01:49:58PM] PLAYER_DISTANCE_ACTOR [ObjectReference < (02089359)>] "Seamus" 293.774719
[11/09/2012 - 01:49:58PM] PLAYER_MOVE None
[11/09/2012 - 01:49:59PM] PLAYER_DISTANCE_ACTOR [ObjectReference < (02089359)>] "Seamus" 367.779449
[11/09/2012 - 01:50:00PM] PLAYER_DISTANCE_ACTOR [ObjectReference < (02089359)>] "Seamus" 364.299286
[11/09/2012 - 01:50:01PM] PLAYER_DISTANCE_ACTOR [ObjectReference < (02089359)>] "Seamus" 247.889771
[11/09/2012 - 01:50:01PM] PLAYER_MOVE Run
[11/09/2012 - 01:50:02PM] PLAYER_DISTANCE_ACTOR [ObjectReference < (02089359)>] "Seamus" 293.983002
[11/09/2012 - 01:50:03PM] PLAYER_DISTANCE_ACTOR [ObjectReference < (02089359)>] "Seamus" 472.870239
[11/09/2012 - 01:50:04PM] PLAYER_DISTANCE_ACTOR [ObjectReference < (02089359)>] "Seamus" 623.228516
[11/09/2012 - 01:50:04PM] PLAYER_TRIGGER_ENTER [ths1_TriggerEnterSCRIPT < (02074E5A)>]
[11/09/2012 - 01:50:05PM] PLAYER_DISTANCE_ACTOR [ObjectReference < (02089359)>] "Seamus" 861.454712
[11/09/2012 - 01:50:05PM] PLAYER_MOVE None
[11/09/2012 - 01:50:06PM] PLAYER_DISTANCE_ACTOR [ObjectReference < (02089359)>] "Seamus" 880.920532
[11/09/2012 - 01:50:07PM] PLAYER_DISTANCE_ACTOR [ObjectReference < (02089359)>] "Seamus" 660.472107
[11/09/2012 - 01:50:08PM] PLAYER_DISTANCE_ACTOR [ObjectReference < (02089359)>] "Seamus" 681.242432
[11/09/2012 - 01:50:09PM] PLAYER_DISTANCE_ACTOR [ObjectReference < (02089359)>] "Seamus" 740.023376
[11/09/2012 - 01:50:09PM] PLAYER_TRIGGER_LEAVE [ths1_TriggerEnterSCRIPT < (02074E5A)>]
[11/09/2012 - 01:50:09PM] PLAYER_MOVE Run
[11/09/2012 - 01:50:10PM] PLAYER_DISTANCE_ACTOR [ObjectReference < (02089359)>] "Seamus" 532.139160
[11/09/2012 - 01:50:10PM] PLAYER_MOVE None
[11/09/2012 - 01:50:11PM] PLAYER_DISTANCE_ACTOR [ObjectReference < (02089359)>] "Seamus" 473.988098
[11/09/2012 - 01:50:12PM] PLAYER_CELL_CHANGE [Cell <Wilderness (02085D44)>] ""
[11/09/2012 - 01:50:12PM] ACTOR_MOVE_TO_PLAYER [ObjectReference < (02089359)>] "Seamus"
[11/09/2012 - 01:50:12PM] PLAYER_WORLDSPACE_CHANGE [WorldSpace <ths1_Town (02085D17)>] "Town"
[11/09/2012 - 01:50:13PM] PLAYER_ACTOR_VIEW_GAIN [ObjectReference < (02089359)>] "Seamus"
[11/09/2012 - 01:50:13PM] PLAYER_DISTANCE_ACTOR [ObjectReference < (02089359)>] "Seamus" 70.711143
[11/09/2012 - 01:50:13PM] PLAYER_TRIGGER_ENTER [ths1_TriggerEnterSCRIPT < (0208C7A1)>]
[11/09/2012 - 01:50:13PM] PLAYER_MOVE Run
[11/09/2012 - 01:50:13PM] PLAYER_ACTOR_VIEW_LOSS [ObjectReference < (02089359)>] "Seamus"
[11/09/2012 - 01:50:14PM] PLAYER_DISTANCE_ACTOR [ObjectReference < (02089359)>] "Seamus" 191.089233
[11/09/2012 - 01:50:14PM] PLAYER_TRIGGER_LEAVE [ths1_TriggerEnterSCRIPT < (0208C7A1)>]
[11/09/2012 - 01:50:15PM] PLAYER_DISTANCE_ACTOR [ObjectReference < (02089359)>] "Seamus" 411.999542
[11/09/2012 - 01:50:15PM] PLAYER_MOVE None
[11/09/2012 - 01:50:15PM] PLAYER_ACTOR_VIEW_GAIN [ObjectReference < (02089359)>] "Seamus"
[11/09/2012 - 01:50:16PM] PLAYER_DISTANCE_ACTOR [ObjectReference < (02089359)>] "Seamus" 354.641327
[11/09/2012 - 01:50:17PM] PLAYER_DISTANCE_ACTOR [ObjectReference < (02089359)>] "Seamus" 262.326050
[11/09/2012 - 01:50:18PM] PLAYER_DISTANCE_ACTOR [ObjectReference < (02089359)>] "Seamus" 118.972145
[11/09/2012 - 01:50:19PM] PLAYER_DISTANCE_ACTOR [ObjectReference < (02089359)>] "Seamus" 44.045769
[11/09/2012 - 01:50:20PM] PLAYER_DISTANCE_ACTOR [ObjectReference < (02089359)>] "Seamus" 44.045769
[11/09/2012 - 01:50:21PM] PLAYER_DISTANCE_ACTOR [ObjectReference < (02089359)>] "Seamus" 44.045769
[11/09/2012 - 01:50:22PM] PLAYER_DISTANCE_ACTOR [ObjectReference < (02089359)>] "Seamus" 44.045769
[11/09/2012 - 01:50:23PM] PLAYER_DISTANCE_ACTOR [ObjectReference < (02089359)>] "Seamus" 44.045769
[11/09/2012 - 01:50:24PM] PLAYER_DISTANCE_ACTOR [ObjectReference < (02089359)>] "Seamus" 61.180752
[11/09/2012 - 01:50:24PM] PLAYER_MOVE Run
[11/09/2012 - 01:50:24PM] PLAYER_ACTOR_VIEW_LOSS [ObjectReference < (02089359)>] "Seamus"
[11/09/2012 - 01:50:25PM] PLAYER_DISTANCE_ACTOR [ObjectReference < (02089359)>] "Seamus" 394.823303
[11/09/2012 - 01:50:26PM] PLAYER_DISTANCE_ACTOR [ObjectReference < (02089359)>] "Seamus" 572.090515
[11/09/2012 - 01:50:26PM] PLAYER_CELL_CHANGE [Cell <Wilderness (02085D42)>] ""
[11/09/2012 - 01:50:32PM] PLAYER_TRIGGER_ENTER [ths1_TriggerEnterSCRIPT < (0208C7AD)>]
[11/09/2012 - 01:50:32PM] PLAYER_TRIGGER_ENTER [ths1_TriggerEnterSCRIPT < (0208C7AC)>]
[11/09/2012 - 01:50:33PM] PLAYER_TRIGGER_LEAVE [ths1_TriggerEnterSCRIPT < (0208C7AC)>]
[11/09/2012 - 01:50:33PM] PLAYER_TRIGGER_LEAVE [ths1_TriggerEnterSCRIPT < (0208C7AD)>]
[11/09/2012 - 01:50:42PM] PLAYER_TRIGGER_ENTER [ths1_TriggerEnterSCRIPT < (0208C7AB)>]
[11/09/2012 - 01:50:43PM] PLAYER_TRIGGER_LEAVE [ths1_TriggerEnterSCRIPT < (0208C7AB)>]
[11/09/2012 - 01:50:46PM] PLAYER_TRIGGER_ENTER [ths1_TriggerEnterSCRIPT < (0208C7AB)>]
[11/09/2012 - 01:50:46PM] PLAYER_TRIGGER_LEAVE [ths1_TriggerEnterSCRIPT < (0208C7AB)>]
[11/09/2012 - 01:50:48PM] PLAYER_MOVE None
[11/09/2012 - 01:50:49PM] PLAYER_MOVE Run
[11/09/2012 - 01:50:50PM] PLAYER_TRIGGER_ENTER [ths1_TriggerEnterSCRIPT < (0208C7AB)>]
[11/09/2012 - 01:50:52PM] PLAYER_CELL_CHANGE [Cell <Wilderness (02085D40)>] ""
[11/09/2012 - 01:50:59PM] PLAYER_TRIGGER_LEAVE [ths1_TriggerEnterSCRIPT < (0208C7AB)>]
[11/09/2012 - 01:50:59PM] PLAYER_TRIGGER_ENTER [ths1_TriggerEnterSCRIPT < (0208C7AE)>]
[11/09/2012 - 01:51:00PM] PLAYER_MOVE None
[11/09/2012 - 01:51:02PM] PLAYER_MOVE Run
[11/09/2012 - 01:51:06PM] PLAYER_MOVE None
[11/09/2012 - 01:51:10PM] PLAYER_DIALOGUE [TIF__0207595B <topic info 0207595B on quest ths1_MasterQuest (020319F7)>] NPC_SPEAKER [Actor < (02089353)>]
[11/09/2012 - 01:51:15PM] PLAYER_CELL_CHANGE [Cell <Wilderness (02085D4A)>] ""
[11/09/2012 - 01:51:15PM] PLAYER_WEAPON_WITHDRAWN
[11/09/2012 - 01:51:16PM] PLAYER_MOVE Run
[11/09/2012 - 01:51:17PM] PLAYER_TRIGGER_LEAVE [ths1_TriggerEnterSCRIPT < (0208C7AE)>]
[11/09/2012 - 01:51:17PM] PLAYER_TRIGGER_ENTER [ths1_TriggerEnterSCRIPT < (0208CDAD)>]
[11/09/2012 - 01:51:22PM] PLAYER_TRIGGER_LEAVE [ths1_TriggerEnterSCRIPT < (0208CDAD)>]
[11/09/2012 - 01:51:26PM] PLAYER_MOVE None
[11/09/2012 - 01:51:34PM] Log closed
