[11/14/2012 - 07:53:27PM] 9 log opened (PC)
[11/14/2012 - 07:53:27PM] PLAYER_TRIGGER_ENTER [ths1_TriggerEnterSCRIPT < (0408C788)>]
[11/14/2012 - 07:53:27PM] PLAYER_TRIGGER_LEAVE [ths1_TriggerEnterSCRIPT < (04074E4F)>]
[11/14/2012 - 07:53:27PM] PLAYER_CELL_CHANGE [Cell <Wilderness (04085D56)>] ""
[11/14/2012 - 07:53:27PM] PLAYER_WORLDSPACE_CHANGE [WorldSpace <ths1_Town (04085D17)>] "Town"
[11/14/2012 - 07:53:28PM] PLAYER_TRIGGER_LEAVE [ths1_TriggerEnterSCRIPT < (0408C788)>]
[11/14/2012 - 07:53:29PM] PLAYER_MOVE Run
[11/14/2012 - 07:53:30PM] PLAYER_CELL_CHANGE [Cell <Wilderness (04085D34)>] ""
[11/14/2012 - 07:53:31PM] PLAYER_TRIGGER_ENTER [ths1_TriggerEnterSCRIPT < (0408CDAB)>]
[11/14/2012 - 07:53:32PM] PLAYER_TRIGGER_LEAVE [ths1_TriggerEnterSCRIPT < (0408CDAB)>]
[11/14/2012 - 07:53:36PM] PLAYER_TRIGGER_ENTER [ths1_TriggerEnterSCRIPT < (0408C7A7)>]
[11/14/2012 - 07:53:37PM] PLAYER_MOVE None
[11/14/2012 - 07:53:39PM] PLAYER_MOVE Run
[11/14/2012 - 07:53:40PM] PLAYER_CELL_CHANGE [Cell <Wilderness (04085D4C)>] ""
[11/14/2012 - 07:53:41PM] PLAYER_TRIGGER_LEAVE [ths1_TriggerEnterSCRIPT < (0408C7A7)>]
[11/14/2012 - 07:53:45PM] PLAYER_TRIGGER_ENTER [ths1_TriggerEnterSCRIPT < (0408C7C0)>]
[11/14/2012 - 07:53:46PM] PLAYER_MOVE None
[11/14/2012 - 07:53:51PM] PLAYER_TRIGGER_LEAVE [ths1_TriggerEnterSCRIPT < (0408C7C0)>]
[11/14/2012 - 07:53:51PM] PLAYER_MOVE Run
[11/14/2012 - 07:54:01PM] PLAYER_TRIGGER_ENTER [ths1_TriggerEnterSCRIPT < (0408CDAD)>]
[11/14/2012 - 07:54:04PM] PLAYER_CELL_CHANGE [Cell <Wilderness (04085D4A)>] ""
[11/14/2012 - 07:54:05PM] PLAYER_TRIGGER_LEAVE [ths1_TriggerEnterSCRIPT < (0408CDAD)>]
[11/14/2012 - 07:54:05PM] PLAYER_TRIGGER_ENTER [ths1_TriggerEnterSCRIPT < (0408CDAD)>]
[11/14/2012 - 07:54:06PM] PLAYER_TRIGGER_LEAVE [ths1_TriggerEnterSCRIPT < (0408CDAD)>]
[11/14/2012 - 07:54:07PM] PLAYER_TRIGGER_ENTER [ths1_TriggerEnterSCRIPT < (0408C7B0)>]
[11/14/2012 - 07:54:12PM] PLAYER_WEAPON_RIGHT [WEAPON < (000139B7)>] "Daedric Greatsword"
[11/14/2012 - 07:54:13PM] PLAYER_CELL_CHANGE [Cell <Wilderness (04085D52)>] ""
[11/14/2012 - 07:54:19PM] PLAYER_TRIGGER_LEAVE [ths1_TriggerEnterSCRIPT < (0408C7B0)>]
[11/14/2012 - 07:54:20PM] PLAYER_TRIGGER_ENTER [ths1_TriggerEnterSCRIPT < (0408C7B0)>]
[11/14/2012 - 07:54:20PM] PLAYER_MOVE None
[11/14/2012 - 07:54:22PM] PLAYER_TRIGGER_LEAVE [ths1_TriggerEnterSCRIPT < (0408C7B0)>]
[11/14/2012 - 07:54:22PM] PLAYER_TRIGGER_ENTER [ths1_TriggerEnterSCRIPT < (0408C7B0)>]
[11/14/2012 - 07:54:24PM] PLAYER_MOVE Run
[11/14/2012 - 07:54:27PM] PLAYER_CELL_CHANGE [Cell <Wilderness (04085D54)>] ""
[11/14/2012 - 07:54:32PM] PLAYER_ACTOR_VIEW_GAIN [ObjectReference < (04089359)>] "Seamus"
[11/14/2012 - 07:54:33PM] PLAYER_TRIGGER_LEAVE [ths1_TriggerEnterSCRIPT < (0408C7B0)>]
[11/14/2012 - 07:54:33PM] PLAYER_ACTOR_VIEW_LOSS [ObjectReference < (04089359)>] "Seamus"
[11/14/2012 - 07:54:36PM] PLAYER_ACTOR_VIEW_GAIN [ObjectReference < (04089359)>] "Seamus"
[11/14/2012 - 07:54:36PM] PLAYER_CELL_CHANGE [Cell <Wilderness (04085D4C)>] ""
[11/14/2012 - 07:54:37PM] PLAYER_ACTOR_VIEW_LOSS [ObjectReference < (04089359)>] "Seamus"
[11/14/2012 - 07:54:38PM] PLAYER_ACTOR_VIEW_GAIN [ObjectReference < (04089359)>] "Seamus"
[11/14/2012 - 07:54:44PM] PLAYER_TRIGGER_ENTER [ths1_TriggerEnterSCRIPT < (0408C7A8)>]
[11/14/2012 - 07:54:45PM] PLAYER_TRIGGER_LEAVE [ths1_TriggerEnterSCRIPT < (0408C7A8)>]
[11/14/2012 - 07:54:45PM] PLAYER_ACTOR_VIEW_LOSS [ObjectReference < (04089359)>] "Seamus"
[11/14/2012 - 07:54:46PM] PLAYER_TRIGGER_ENTER [ths1_TriggerEnterSCRIPT < (0408C7A9)>]
[11/14/2012 - 07:54:47PM] PLAYER_CELL_CHANGE [Cell <Wilderness (04085D34)>] ""
[11/14/2012 - 07:54:48PM] PLAYER_ACTOR_VIEW_GAIN [ObjectReference < (04089359)>] "Seamus"
[11/14/2012 - 07:54:49PM] PLAYER_TRIGGER_LEAVE [ths1_TriggerEnterSCRIPT < (0408C7A9)>]
[11/14/2012 - 07:54:50PM] PLAYER_ACTOR_VIEW_LOSS [ObjectReference < (04089359)>] "Seamus"
[11/14/2012 - 07:54:52PM] PLAYER_CELL_CHANGE [Cell <Wilderness (04085D44)>] ""
[11/14/2012 - 07:54:56PM] PLAYER_MOVE None
[11/14/2012 - 07:55:04PM] PLAYER_MOVE Run
[11/14/2012 - 07:55:05PM] PLAYER_TRIGGER_ENTER [ths1_TriggerEnterSCRIPT < (0408CD80)>]
[11/14/2012 - 07:55:09PM] PLAYER_CELL_CHANGE [Cell <Wilderness (04085D46)>] ""
[11/14/2012 - 07:55:09PM] PLAYER_MOVE None
[11/14/2012 - 07:55:11PM] PLAYER_MOVE Run
[11/14/2012 - 07:55:19PM] PLAYER_MOVE None
[11/14/2012 - 07:55:20PM] PLAYER_MOVE Run
[11/14/2012 - 07:55:23PM] PLAYER_CELL_CHANGE [Cell <Wilderness (04085D48)>] ""
[11/14/2012 - 07:55:24PM] PLAYER_TRIGGER_LEAVE [ths1_TriggerEnterSCRIPT < (0408CD80)>]
[11/14/2012 - 07:55:24PM] PLAYER_MOVE None
[11/14/2012 - 07:55:25PM] PLAYER_MOVE Run
[11/14/2012 - 07:55:27PM] PLAYER_MOVE None
[11/14/2012 - 07:55:30PM] PLAYER_MOVE Run
[11/14/2012 - 07:55:31PM] PLAYER_TRIGGER_ENTER [ths1_TriggerEnterSCRIPT < (0408CD81)>]
[11/14/2012 - 07:55:33PM] PLAYER_MOVE None
[11/14/2012 - 07:55:34PM] PLAYER_MOVE Run
[11/14/2012 - 07:55:37PM] PLAYER_CELL_CHANGE [Cell <Wilderness (04085D50)>] ""
[11/14/2012 - 07:55:39PM] PLAYER_TRIGGER_LEAVE [ths1_TriggerEnterSCRIPT < (0408CD81)>]
[11/14/2012 - 07:55:40PM] PLAYER_TRIGGER_ENTER [ths1_TriggerEnterSCRIPT < (0408CD96)>]
[11/14/2012 - 07:55:44PM] PLAYER_MOVE None
[11/14/2012 - 07:55:45PM] PLAYER_MOVE Run
[11/14/2012 - 07:55:47PM] PLAYER_TRIGGER_LEAVE [ths1_TriggerEnterSCRIPT < (0408CD96)>]
[11/14/2012 - 07:55:48PM] PLAYER_MOVE None
[11/14/2012 - 07:55:51PM] PLAYER_MOVE Run
[11/14/2012 - 07:55:51PM] PLAYER_TRIGGER_ENTER [ths1_TriggerEnterSCRIPT < (0408CD96)>]
[11/14/2012 - 07:55:54PM] PLAYER_MOVE None
[11/14/2012 - 07:55:56PM] PLAYER_MOVE Run
[11/14/2012 - 07:55:57PM] PLAYER_MOVE None
[11/14/2012 - 07:56:01PM] PLAYER_DIALOGUE [TIF__02077F7E <topic info 04077F7E on quest ths1_MissingDog (04009344)>] NPC_SPEAKER [Actor < (0408B625)>]
[11/14/2012 - 07:56:11PM] PLAYER_MOVE Run
[11/14/2012 - 07:56:14PM] PLAYER_MOVE None
[11/14/2012 - 07:56:28PM] PLAYER_TRIGGER_LEAVE [ths1_TriggerEnterSCRIPT < (0408CD96)>]
[11/14/2012 - 07:56:29PM] PLAYER_CELL_CHANGE [Cell <ths1_Cave3 (0402C9A7)>] "Cave"
[11/14/2012 - 07:56:32PM] PLAYER_TRIGGER_ENTER [ths1_TriggerEnterSCRIPT < (04074E41)>]
[11/14/2012 - 07:56:32PM] PLAYER_MOVE Run
[11/14/2012 - 07:56:33PM] PLAYER_TRIGGER_LEAVE [ths1_TriggerEnterSCRIPT < (04074E41)>]
[11/14/2012 - 07:56:33PM] PLAYER_TRIGGER_ENTER [ths1_SeamusCaveForceGreetSCRIPT <alias SeamusCaveForceGreetTrigALIAS on quest ths1_MissingDog (04009344)>] "SeamusCaveForceGreetTrigALIAS"
[11/14/2012 - 07:56:34PM] PLAYER_TRIGGER_LEAVE [ths1_SeamusCaveForceGreetSCRIPT <alias SeamusCaveForceGreetTrigALIAS on quest ths1_MissingDog (04009344)>] "SeamusCaveForceGreetTrigALIAS"
[11/14/2012 - 07:56:35PM] PLAYER_MOVE None
[11/14/2012 - 07:56:37PM] PLAYER_MOVE Run
[11/14/2012 - 07:56:39PM] PLAYER_MOVE None
[11/14/2012 - 07:56:40PM] PLAYER_MOVE Run
[11/14/2012 - 07:56:41PM] PLAYER_MOVE None
[11/14/2012 - 07:56:42PM] PLAYER_FIGHT None ""
[11/14/2012 - 07:56:44PM] PLAYER_FIGHT None ""
[11/14/2012 - 07:56:44PM] PLAYER_TRIGGER_ENTER [ths1_TriggerEnterSCRIPT < (04074E42)>]
[11/14/2012 - 07:56:44PM] PLAYER_FIGHT [Actor < (04041C6E)>] "Cultist Soldier"
[11/14/2012 - 07:56:45PM] PLAYER_MOVE Run
[11/14/2012 - 07:56:45PM] PLAYER_MOVE None
[11/14/2012 - 07:56:46PM] PLAYER_FIGHT [Actor < (04041C6E)>] "Cultist Soldier"
[11/14/2012 - 07:56:47PM] PLAYER_TRIGGER_LEAVE [ths1_TriggerEnterSCRIPT < (04074E42)>]
[11/14/2012 - 07:56:47PM] PLAYER_FIGHT None ""
[11/14/2012 - 07:56:48PM] PLAYER_FIGHT None ""
[11/14/2012 - 07:56:49PM] PLAYER_FIGHT None ""
[11/14/2012 - 07:56:50PM] PLAYER_FIGHT None ""
[11/14/2012 - 07:56:51PM] PLAYER_FIGHT None ""
[11/14/2012 - 07:56:53PM] PLAYER_FIGHT None ""
[11/14/2012 - 07:56:53PM] PLAYER_FIGHT None ""
[11/14/2012 - 07:56:54PM] PLAYER_POV_CHANGE THIRD_PERSON
[11/14/2012 - 07:56:54PM] PLAYER_POV_CHANGE THIRD_PERSON
[11/14/2012 - 07:56:55PM] PLAYER_POV_CHANGE FIRST_PERSON
[11/14/2012 - 07:57:09PM] PLAYER_ITEM_OBTAIN None "Fur Armor"
[11/14/2012 - 07:57:11PM] PLAYER_ITEM_OBTAIN None "Hide Bracers"
[11/14/2012 - 07:57:14PM] PLAYER_ITEM_OBTAIN None "Hide Boots"
[11/14/2012 - 07:57:17PM] PLAYER_ITEM_OBTAIN None "Steel Greatsword"
[11/14/2012 - 07:57:23PM] PLAYER_MOVE Run
[11/14/2012 - 07:57:24PM] PLAYER_MOVE None
[11/14/2012 - 07:57:27PM] PLAYER_MOVE Run
[11/14/2012 - 07:57:27PM] PLAYER_TRIGGER_ENTER [ths1_TriggerEnterSCRIPT < (04074E43)>]
[11/14/2012 - 07:57:28PM] PLAYER_TRIGGER_LEAVE [ths1_TriggerEnterSCRIPT < (04074E43)>]
[11/14/2012 - 07:57:32PM] PLAYER_TRIGGER_ENTER [ths1_TriggerEnterSCRIPT < (04074E44)>]
[11/14/2012 - 07:57:33PM] PLAYER_TRIGGER_LEAVE [ths1_TriggerEnterSCRIPT < (04074E44)>]
[11/14/2012 - 07:57:33PM] PLAYER_MOVE None
[11/14/2012 - 07:57:34PM] PLAYER_ACTOR_VIEW_GAIN [ObjectReference < (04039836)>] "Kitty"
[11/14/2012 - 07:57:38PM] PLAYER_ACTOR_VIEW_LOSS [ObjectReference < (04039836)>] "Kitty"
[11/14/2012 - 07:57:39PM] PLAYER_MOVE Run
[11/14/2012 - 07:57:40PM] PLAYER_MOVE None
[11/14/2012 - 07:57:41PM] PLAYER_MOVE Run
[11/14/2012 - 07:57:43PM] PLAYER_TRIGGER_ENTER [ths1_TriggerEnterSCRIPT < (04074E45)>]
[11/14/2012 - 07:57:43PM] PLAYER_TRIGGER_LEAVE [ths1_TriggerEnterSCRIPT < (04074E45)>]
[11/14/2012 - 07:57:44PM] PLAYER_MOVE None
[11/14/2012 - 07:57:46PM] PLAYER_MOVE Run
[11/14/2012 - 07:57:49PM] PLAYER_TRIGGER_ENTER [ths1_TriggerEnterSCRIPT < (04074E47)>]
[11/14/2012 - 07:57:49PM] PLAYER_MOVE None
[11/14/2012 - 07:57:53PM] PLAYER_TRIGGER_LEAVE [ths1_TriggerEnterSCRIPT < (04074E47)>]
[11/14/2012 - 07:57:53PM] PLAYER_MOVE Run
[11/14/2012 - 07:57:57PM] PLAYER_MOVE None
[11/14/2012 - 07:57:58PM] PLAYER_TRIGGER_ENTER [ths1_TriggerEnterSCRIPT < (04074E46)>]
[11/14/2012 - 07:57:59PM] PLAYER_MOVE Run
[11/14/2012 - 07:57:59PM] PLAYER_TRIGGER_LEAVE [ths1_TriggerEnterSCRIPT < (04074E46)>]
[11/14/2012 - 07:57:59PM] PLAYER_MOVE None
[11/14/2012 - 07:58:03PM] PLAYER_MOVE Run
[11/14/2012 - 07:58:05PM] PLAYER_TRIGGER_ENTER [ths1_TriggerEnterSCRIPT < (04074E48)>]
[11/14/2012 - 07:58:06PM] PLAYER_TRIGGER_LEAVE [ths1_TriggerEnterSCRIPT < (04074E48)>]
[11/14/2012 - 07:58:06PM] PLAYER_MOVE None
[11/14/2012 - 07:58:07PM] PLAYER_ACTOR_VIEW_GAIN [ObjectReference < (0402DCC8)>] "Scruff"
[11/14/2012 - 07:58:11PM] PLAYER_MOVE Run
[11/14/2012 - 07:58:12PM] PLAYER_MOVE None
[11/14/2012 - 07:58:12PM] PLAYER_ACTOR_VIEW_LOSS [ObjectReference < (0402DCC8)>] "Scruff"
[11/14/2012 - 07:58:13PM] PLAYER_MOVE Run
[11/14/2012 - 07:58:17PM] PLAYER_MOVE None
[11/14/2012 - 07:58:17PM] PLAYER_ACTOR_VIEW_GAIN [ObjectReference < (0402DCC8)>] "Scruff"
[11/14/2012 - 07:58:19PM] PLAYER_MOVE Run
[11/14/2012 - 07:58:21PM] PLAYER_MOVE None
[11/14/2012 - 07:58:21PM] PLAYER_ACTOR_VIEW_LOSS [ObjectReference < (0402DCC8)>] "Scruff"
[11/14/2012 - 07:58:30PM] PLAYER_DIALOGUE [TIF__01038246 <topic info 04038246 on quest ths1_MissingDog (04009344)>] NPC_SPEAKER [Actor < (0402E7A7)>]
[11/14/2012 - 07:58:39PM] PLAYER_DIALOGUE [TIF__01037CD7 <topic info 04037CD7 on quest ths1_MissingDog (04009344)>] NPC_SPEAKER [Actor < (0402E7A7)>]
[11/14/2012 - 07:59:01PM] ACTOR_PACKAGE_START [ths1_CultMember1ActorSCRIPT <alias Cultist1 on quest ths1_MissingDog (04009344)>] "Cultist1" : "[PF_ths1_CultistsAttackPlayer_02074350 < (04074350)>]"
[11/14/2012 - 07:59:04PM] PLAYER_POV_CHANGE THIRD_PERSON
[11/14/2012 - 07:59:08PM] PLAYER_POV_CHANGE FIRST_PERSON
[11/14/2012 - 07:59:08PM] PLAYER_POV_CHANGE FIRST_PERSON
[11/14/2012 - 07:59:19PM] PLAYER_ITEM_OBTAIN None "Cat Cage Key"
[11/14/2012 - 07:59:19PM] PLAYER_ITEM_OBTAIN None "Dog Cage Key"
[11/14/2012 - 07:59:19PM] PLAYER_ITEM_OBTAIN None "New Back Exit"
[11/14/2012 - 07:59:19PM] PLAYER_ITEM_OBTAIN None "Blue Mage Robes"
[11/14/2012 - 07:59:20PM] PLAYER_ITEM_OBTAIN None "Steel Sword"
[11/14/2012 - 07:59:21PM] PLAYER_ACTOR_VIEW_GAIN [ObjectReference < (0402DCC8)>] "Scruff"
[11/14/2012 - 07:59:24PM] PLAYER_ACTOR_VIEW_LOSS [ObjectReference < (0402DCC8)>] "Scruff"
[11/14/2012 - 07:59:32PM] PLAYER_DIALOGUE [TIF__01038246 <topic info 04038246 on quest ths1_MissingDog (04009344)>] NPC_SPEAKER [Actor < (04038D23)>]
[11/14/2012 - 07:59:40PM] PLAYER_POV_CHANGE THIRD_PERSON
[11/14/2012 - 07:59:41PM] PLAYER_POV_CHANGE THIRD_PERSON
[11/14/2012 - 07:59:43PM] PLAYER_POV_CHANGE THIRD_PERSON
[11/14/2012 - 07:59:43PM] PLAYER_POV_CHANGE THIRD_PERSON
[11/14/2012 - 07:59:44PM] PLAYER_POV_CHANGE FIRST_PERSON
[11/14/2012 - 07:59:46PM] PLAYER_ACTOR_VIEW_GAIN [ObjectReference < (0402DCC8)>] "Scruff"
[11/14/2012 - 07:59:48PM] PLAYER_MOVE Run
[11/14/2012 - 07:59:49PM] PLAYER_MOVE None
[11/14/2012 - 07:59:51PM] PLAYER_DOOR_OPEN [ths1_MDQRescueDogScript <alias ths1_DogCageDoorAlias on quest ths1_MissingDog (04009344)>] "ths1_DogCageDoorAlias"
[11/14/2012 - 07:59:51PM] QUEST_STAGE_CHANGE [ths1_MDQScript <ths1_MissingDog (04009344)>] "Missing Dog" 31
[11/14/2012 - 08:00:04PM] PLAYER_MOVE Run
[11/14/2012 - 08:00:05PM] PLAYER_ACTOR_VIEW_LOSS [ObjectReference < (0402DCC8)>] "Scruff"
[11/14/2012 - 08:00:05PM] PLAYER_ACTOR_VIEW_LOSS [ObjectReference < (0402DCC8)>] "Scruff"
[11/14/2012 - 08:00:06PM] PLAYER_ACTOR_VIEW_LOSS [ObjectReference < (0402DCC8)>] "Scruff"
[11/14/2012 - 08:00:09PM] PLAYER_TRIGGER_ENTER [ths1_TriggerEnterSCRIPT < (04074E48)>]
[11/14/2012 - 08:00:09PM] PLAYER_TRIGGER_LEAVE [ths1_TriggerEnterSCRIPT < (04074E48)>]
[11/14/2012 - 08:00:11PM] PLAYER_MOVE None
[11/14/2012 - 08:00:17PM] PLAYER_MOVE Run
[11/14/2012 - 08:00:20PM] PLAYER_MOVE None
[11/14/2012 - 08:00:20PM] PLAYER_TRIGGER_ENTER [ths1_TriggerEnterSCRIPT < (04074E46)>]
[11/14/2012 - 08:00:21PM] PLAYER_TRIGGER_LEAVE [ths1_TriggerEnterSCRIPT < (04074E46)>]
[11/14/2012 - 08:00:21PM] PLAYER_MOVE Run
[11/14/2012 - 08:00:28PM] PLAYER_MOVE None
[11/14/2012 - 08:00:29PM] PLAYER_TRIGGER_ENTER [ths1_TriggerEnterSCRIPT < (04074E47)>]
[11/14/2012 - 08:00:29PM] PLAYER_MOVE Run
[11/14/2012 - 08:00:29PM] PLAYER_TRIGGER_LEAVE [ths1_TriggerEnterSCRIPT < (04074E47)>]
[11/14/2012 - 08:00:34PM] PLAYER_ACTOR_VIEW_GAIN [ObjectReference < (04039836)>] "Kitty"
[11/14/2012 - 08:00:34PM] PLAYER_TRIGGER_ENTER [ths1_TriggerEnterSCRIPT < (04074E45)>]
[11/14/2012 - 08:00:35PM] PLAYER_TRIGGER_LEAVE [ths1_TriggerEnterSCRIPT < (04074E45)>]
[11/14/2012 - 08:00:40PM] PLAYER_MOVE None
[11/14/2012 - 08:00:40PM] PLAYER_ACTOR_VIEW_LOSS [ObjectReference < (04039836)>] "Kitty"
[11/14/2012 - 08:00:41PM] PLAYER_MOVE Run
[11/14/2012 - 08:00:45PM] PLAYER_MOVE None
[11/14/2012 - 08:00:48PM] PLAYER_ACTOR_VIEW_GAIN [ObjectReference < (04039836)>] "Kitty"
[11/14/2012 - 08:00:48PM] PLAYER_ACTOR_VIEW_GAIN [ObjectReference < (04039836)>] "Kitty"
[11/14/2012 - 08:00:48PM] PLAYER_MOVE Run
[11/14/2012 - 08:00:49PM] PLAYER_ACTOR_VIEW_GAIN [ObjectReference < (04039836)>] "Kitty"
[11/14/2012 - 08:00:49PM] PLAYER_MOVE None
[11/14/2012 - 08:00:50PM] PLAYER_ACTOR_VIEW_GAIN [ObjectReference < (04039836)>] "Kitty"
[11/14/2012 - 08:00:52PM] PLAYER_ACTOR_VIEW_GAIN [ObjectReference < (04039836)>] "Kitty"
[11/14/2012 - 08:00:52PM] PLAYER_ACTOR_VIEW_GAIN [ObjectReference < (04039836)>] "Kitty"
[11/14/2012 - 08:00:52PM] PLAYER_ACTOR_VIEW_GAIN [ObjectReference < (04039836)>] "Kitty"
[11/14/2012 - 08:00:55PM] PLAYER_MOVE Run
[11/14/2012 - 08:00:55PM] PLAYER_ENTER_TRIGGER [ths1_CCQNearCatTriggerSCRIPT <alias NearCatTRIG on quest ths1_MissingDog (04009344)>]
[11/14/2012 - 08:00:55PM] PLAYER_MOVE None
[11/14/2012 - 08:00:57PM] DOOR_OPEN [ths1_CCQRescueCaveCatSCRIPT <alias CatCageDoor on quest ths1_CapturedCatQUEST (0403B916)>]
[11/14/2012 - 08:01:15PM] PLAYER_ACTOR_VIEW_LOSS [ObjectReference < (04039836)>] "Kitty"
[11/14/2012 - 08:01:15PM] PLAYER_MOVE Run
[11/14/2012 - 08:01:20PM] PLAYER_TRIGGER_ENTER [ths1_TriggerEnterSCRIPT < (04074E45)>]
[11/14/2012 - 08:01:20PM] PLAYER_TRIGGER_LEAVE [ths1_TriggerEnterSCRIPT < (04074E45)>]
[11/14/2012 - 08:01:20PM] PLAYER_MOVE None
[11/14/2012 - 08:01:23PM] PLAYER_ACTOR_VIEW_GAIN [ObjectReference < (04039836)>] "Kitty"
[11/14/2012 - 08:01:27PM] PLAYER_TRIGGER_ENTER [ths1_TriggerEnterSCRIPT < (04074E45)>]
[11/14/2012 - 08:01:28PM] PLAYER_TRIGGER_LEAVE [ths1_TriggerEnterSCRIPT < (04074E45)>]
[11/14/2012 - 08:01:28PM] PLAYER_MOVE Run
[11/14/2012 - 08:01:30PM] PLAYER_MOVE None
[11/14/2012 - 08:01:32PM] PLAYER_ACTOR_VIEW_LOSS [ObjectReference < (04039836)>] "Kitty"
[11/14/2012 - 08:01:33PM] PLAYER_ACTOR_VIEW_LOSS [ObjectReference < (04039836)>] "Kitty"
[11/14/2012 - 08:01:34PM] PLAYER_TRIGGER_ENTER [ths1_TriggerEnterSCRIPT < (04074E45)>]
[11/14/2012 - 08:01:34PM] PLAYER_MOVE Run
[11/14/2012 - 08:01:35PM] PLAYER_ACTOR_VIEW_LOSS [ObjectReference < (04039836)>] "Kitty"
[11/14/2012 - 08:01:35PM] PLAYER_ACTOR_VIEW_LOSS [ObjectReference < (04039836)>] "Kitty"
[11/14/2012 - 08:01:36PM] PLAYER_TRIGGER_LEAVE [ths1_TriggerEnterSCRIPT < (04074E45)>]
[11/14/2012 - 08:01:37PM] PLAYER_ACTOR_VIEW_LOSS [ObjectReference < (04039836)>] "Kitty"
[11/14/2012 - 08:01:38PM] PLAYER_ACTOR_VIEW_LOSS [ObjectReference < (04039836)>] "Kitty"
[11/14/2012 - 08:01:38PM] PLAYER_MOVE None
[11/14/2012 - 08:01:38PM] PLAYER_ACTOR_VIEW_LOSS [ObjectReference < (04039836)>] "Kitty"
[11/14/2012 - 08:01:43PM] PLAYER_ACTOR_VIEW_GAIN [ObjectReference < (04039836)>] "Kitty"
[11/14/2012 - 08:01:43PM] PLAYER_ACTOR_VIEW_GAIN [ObjectReference < (04039836)>] "Kitty"
[11/14/2012 - 08:01:46PM] PLAYER_TRIGGER_ENTER [ths1_TriggerEnterSCRIPT < (04074E47)>]
[11/14/2012 - 08:01:46PM] PLAYER_MOVE Run
[11/14/2012 - 08:01:46PM] PLAYER_TRIGGER_LEAVE [ths1_TriggerEnterSCRIPT < (04074E47)>]
[11/14/2012 - 08:01:50PM] PLAYER_TRIGGER_ENTER [ths1_TriggerEnterSCRIPT < (04074E46)>]
[11/14/2012 - 08:01:51PM] PLAYER_TRIGGER_LEAVE [ths1_TriggerEnterSCRIPT < (04074E46)>]
[11/14/2012 - 08:01:56PM] PLAYER_TRIGGER_ENTER [ths1_TriggerEnterSCRIPT < (04074E48)>]
[11/14/2012 - 08:01:57PM] PLAYER_TRIGGER_LEAVE [ths1_TriggerEnterSCRIPT < (04074E48)>]
[11/14/2012 - 08:01:58PM] PLAYER_ACTOR_VIEW_GAIN [ObjectReference < (0402DCC8)>] "Scruff"
[11/14/2012 - 08:01:59PM] PLAYER_ACTOR_VIEW_LOSS [ObjectReference < (0402DCC8)>] "Scruff"
[11/14/2012 - 08:02:01PM] PLAYER_MOVE None
[11/14/2012 - 08:02:07PM] PLAYER_ACTOR_VIEW_GAIN [ObjectReference < (04039836)>] "Kitty"
[11/14/2012 - 08:02:08PM] PLAYER_ACTOR_VIEW_GAIN [ObjectReference < (04039836)>] "Kitty"
[11/14/2012 - 08:02:09PM] PLAYER_ACTOR_VIEW_GAIN [ObjectReference < (04039836)>] "Kitty"
[11/14/2012 - 08:02:11PM] PLAYER_MOVE Run
[11/14/2012 - 08:02:12PM] PLAYER_ACTOR_VIEW_GAIN [ObjectReference < (0402DCC8)>] "Scruff"
[11/14/2012 - 08:02:12PM] PLAYER_ACTOR_VIEW_LOSS [ObjectReference < (04039836)>] "Kitty"
[11/14/2012 - 08:02:12PM] PLAYER_ACTOR_VIEW_GAIN [ObjectReference < (0402DCC8)>] "Scruff"
[11/14/2012 - 08:02:14PM] PLAYER_MOVE None
[11/14/2012 - 08:02:15PM] PLAYER_ACTOR_VIEW_GAIN [ObjectReference < (0402DCC8)>] "Scruff"
[11/14/2012 - 08:02:17PM] PLAYER_ACTOR_VIEW_GAIN [ObjectReference < (04039836)>] "Kitty"
[11/14/2012 - 08:02:17PM] PLAYER_ACTOR_VIEW_GAIN [ObjectReference < (04039836)>] "Kitty"
[11/14/2012 - 08:02:17PM] PLAYER_ACTOR_VIEW_GAIN [ObjectReference < (0402DCC8)>] "Scruff"
[11/14/2012 - 08:02:18PM] PLAYER_ACTOR_VIEW_GAIN [ObjectReference < (0402DCC8)>] "Scruff"
[11/14/2012 - 08:02:18PM] PLAYER_ACTOR_VIEW_GAIN [ObjectReference < (04039836)>] "Kitty"
[11/14/2012 - 08:02:18PM] PLAYER_ACTOR_VIEW_GAIN [ObjectReference < (04039836)>] "Kitty"
[11/14/2012 - 08:02:18PM] PLAYER_ACTOR_VIEW_GAIN [ObjectReference < (0402DCC8)>] "Scruff"
[11/14/2012 - 08:02:18PM] PLAYER_ACTOR_VIEW_GAIN [ObjectReference < (04039836)>] "Kitty"
[11/14/2012 - 08:02:19PM] PLAYER_ACTOR_VIEW_GAIN [ObjectReference < (04039836)>] "Kitty"
[11/14/2012 - 08:02:20PM] PLAYER_ACTOR_VIEW_GAIN [ObjectReference < (0402DCC8)>] "Scruff"
[11/14/2012 - 08:02:20PM] PLAYER_ACTOR_VIEW_GAIN [ObjectReference < (04039836)>] "Kitty"
[11/14/2012 - 08:02:20PM] PLAYER_ACTOR_VIEW_GAIN [ObjectReference < (0402DCC8)>] "Scruff"
[11/14/2012 - 08:02:21PM] PLAYER_ACTOR_VIEW_GAIN [ObjectReference < (0402DCC8)>] "Scruff"
[11/14/2012 - 08:02:23PM] PLAYER_DIALOGUE [TIF__01024EE7 <topic info 04024EE7 on quest ths1_MissingDog (04009344)>] NPC_SPEAKER [Actor < (0402DCC8)>]
[11/14/2012 - 08:02:26PM] PLAYER_MOVE Run
[11/14/2012 - 08:02:27PM] PLAYER_ACTOR_VIEW_LOSS [ObjectReference < (04039836)>] "Kitty"
[11/14/2012 - 08:02:29PM] PLAYER_TRIGGER_ENTER [ths1_TriggerEnterSCRIPT < (04074E4D)>]
[11/14/2012 - 08:02:29PM] PLAYER_TRIGGER_LEAVE [ths1_TriggerEnterSCRIPT < (04074E4D)>]
[11/14/2012 - 08:02:29PM] PLAYER_MOVE None
[11/14/2012 - 08:02:30PM] PLAYER_ACTOR_VIEW_LOSS [ObjectReference < (0402DCC8)>] "Scruff"
[11/14/2012 - 08:02:35PM] PLAYER_MOVE Run
[11/14/2012 - 08:02:39PM] PLAYER_MOVE None
[11/14/2012 - 08:02:40PM] PLAYER_MOVE Run
[11/14/2012 - 08:02:41PM] PLAYER_ACTOR_VIEW_GAIN [ObjectReference < (0402DCC8)>] "Scruff"
[11/14/2012 - 08:02:43PM] PLAYER_ACTOR_VIEW_GAIN [ObjectReference < (0402DCC8)>] "Scruff"
[11/14/2012 - 08:02:44PM] PLAYER_MOVE None
[11/14/2012 - 08:02:44PM] PLAYER_ACTOR_VIEW_GAIN [ObjectReference < (0402DCC8)>] "Scruff"
[11/14/2012 - 08:02:48PM] PLAYER_DIALOGUE [TIF__01024EE7 <topic info 04024EE7 on quest ths1_MissingDog (04009344)>] NPC_SPEAKER [Actor < (0402DCC8)>]
[11/14/2012 - 08:02:53PM] PLAYER_MOVE Run
[11/14/2012 - 08:02:53PM] PLAYER_ACTOR_VIEW_LOSS [ObjectReference < (0402DCC8)>] "Scruff"
[11/14/2012 - 08:02:57PM] PLAYER_MOVE None
[11/14/2012 - 08:02:59PM] PLAYER_ACTOR_VIEW_GAIN [ObjectReference < (04039836)>] "Kitty"
[11/14/2012 - 08:03:05PM] PLAYER_ACTOR_VIEW_GAIN [ObjectReference < (0402DCC8)>] "Scruff"
[11/14/2012 - 08:03:07PM] PLAYER_ACTOR_VIEW_GAIN [ObjectReference < (0402DCC8)>] "Scruff"
[11/14/2012 - 08:03:11PM] PLAYER_ACTOR_VIEW_LOSS [ObjectReference < (04039836)>] "Kitty"
[11/14/2012 - 08:03:12PM] PLAYER_MOVE Run
[11/14/2012 - 08:03:12PM] PLAYER_ACTOR_VIEW_GAIN [ObjectReference < (0402DCC8)>] "Scruff"
[11/14/2012 - 08:03:14PM] PLAYER_ACTOR_VIEW_LOSS [ObjectReference < (0402DCC8)>] "Scruff"
[11/14/2012 - 08:03:14PM] PLAYER_MOVE None
[11/14/2012 - 08:03:14PM] PLAYER_ACTOR_VIEW_GAIN [ObjectReference < (0402DCC8)>] "Scruff"
[11/14/2012 - 08:03:54PM] PLAYER_MOVE Run
[11/14/2012 - 08:03:55PM] PLAYER_MOVE None
[11/14/2012 - 08:04:00PM] PLAYER_ACTOR_VIEW_LOSS [ObjectReference < (0402DCC8)>] "Scruff"
[11/14/2012 - 08:04:10PM] PLAYER_ACTOR_VIEW_GAIN [ObjectReference < (0402DCC8)>] "Scruff"
[11/14/2012 - 08:04:11PM] PLAYER_ACTOR_VIEW_GAIN [ObjectReference < (0402DCC8)>] "Scruff"
[11/14/2012 - 08:04:12PM] PLAYER_ACTOR_VIEW_GAIN [ObjectReference < (0402DCC8)>] "Scruff"
[11/14/2012 - 08:04:14PM] PLAYER_ACTOR_VIEW_LOSS [ObjectReference < (0402DCC8)>] "Scruff"
[11/14/2012 - 08:04:14PM] PLAYER_ACTOR_VIEW_GAIN [ObjectReference < (0402DCC8)>] "Scruff"
[11/14/2012 - 08:04:15PM] PLAYER_ACTOR_VIEW_LOSS [ObjectReference < (0402DCC8)>] "Scruff"
[11/14/2012 - 08:04:16PM] PLAYER_ACTOR_VIEW_GAIN [ObjectReference < (0402DCC8)>] "Scruff"
[11/14/2012 - 08:04:17PM] PLAYER_ACTOR_VIEW_LOSS [ObjectReference < (0402DCC8)>] "Scruff"
[11/14/2012 - 08:04:19PM] PLAYER_ACTOR_VIEW_GAIN [ObjectReference < (04039836)>] "Kitty"
[11/14/2012 - 08:04:57PM] PLAYER_ACTOR_VIEW_LOSS [ObjectReference < (04039836)>] "Kitty"
[11/14/2012 - 08:04:57PM] PLAYER_ACTOR_VIEW_LOSS [ObjectReference < (04039836)>] "Kitty"
[11/14/2012 - 08:04:58PM] PLAYER_ACTOR_VIEW_LOSS [ObjectReference < (04039836)>] "Kitty"
[11/14/2012 - 08:05:06PM] PLAYER_ACTOR_VIEW_GAIN [ObjectReference < (0402DCC8)>] "Scruff"
[11/14/2012 - 08:05:11PM] PLAYER_MOVE Run
[11/14/2012 - 08:05:12PM] PLAYER_ACTOR_VIEW_LOSS [ObjectReference < (0402DCC8)>] "Scruff"
[11/14/2012 - 08:05:12PM] PLAYER_ACTOR_VIEW_LOSS [ObjectReference < (0402DCC8)>] "Scruff"
[11/14/2012 - 08:05:13PM] PLAYER_TRIGGER_ENTER [ths1_TriggerEnterSCRIPT < (04074E4D)>]
[11/14/2012 - 08:05:14PM] PLAYER_TRIGGER_LEAVE [ths1_TriggerEnterSCRIPT < (04074E4D)>]
[11/14/2012 - 08:05:14PM] PLAYER_MOVE None
[11/14/2012 - 08:05:14PM] PLAYER_ACTOR_VIEW_LOSS [ObjectReference < (0402DCC8)>] "Scruff"
[11/14/2012 - 08:05:15PM] PLAYER_TRIGGER_ENTER [ths1_TriggerEnterSCRIPT < (04074E49)>]
[11/14/2012 - 08:05:15PM] PLAYER_MOVE Run
[11/14/2012 - 08:05:16PM] PLAYER_TRIGGER_LEAVE [ths1_TriggerEnterSCRIPT < (04074E49)>]
[11/14/2012 - 08:05:16PM] PLAYER_TRIGGER_ENTER [ths1_TriggerEnterSCRIPT < (04074E4A)>]
[11/14/2012 - 08:05:17PM] PLAYER_MOVE None
[11/14/2012 - 08:05:21PM] PLAYER_TRIGGER_LEAVE [ths1_TriggerEnterSCRIPT < (04074E4A)>]
[11/14/2012 - 08:05:22PM] PLAYER_TRIGGER_ENTER [ths1_TriggerEnterSCRIPT < (04074E49)>]
[11/14/2012 - 08:05:22PM] PLAYER_ACTOR_VIEW_GAIN [ObjectReference < (0402DCC8)>] "Scruff"
[11/14/2012 - 08:05:23PM] PLAYER_MOVE Run
[11/14/2012 - 08:05:24PM] PLAYER_TRIGGER_LEAVE [ths1_TriggerEnterSCRIPT < (04074E49)>]
[11/14/2012 - 08:05:24PM] PLAYER_TRIGGER_ENTER [ths1_TriggerEnterSCRIPT < (04074E4D)>]
[11/14/2012 - 08:05:25PM] PLAYER_ACTOR_VIEW_GAIN [ObjectReference < (04039836)>] "Kitty"
[11/14/2012 - 08:05:26PM] PLAYER_MOVE None
[11/14/2012 - 08:05:26PM] PLAYER_ACTOR_VIEW_LOSS [ObjectReference < (0402DCC8)>] "Scruff"
[11/14/2012 - 08:05:26PM] PLAYER_ACTOR_VIEW_LOSS [ObjectReference < (04039836)>] "Kitty"
[11/14/2012 - 08:05:27PM] PLAYER_ACTOR_VIEW_LOSS [ObjectReference < (04039836)>] "Kitty"
[11/14/2012 - 08:05:28PM] PLAYER_ACTOR_VIEW_LOSS [ObjectReference < (04039836)>] "Kitty"
[11/14/2012 - 08:05:34PM] PLAYER_MOVE Run
[11/14/2012 - 08:05:34PM] PLAYER_MOVE None
[11/14/2012 - 08:05:35PM] PLAYER_TRIGGER_LEAVE [ths1_TriggerEnterSCRIPT < (04074E4D)>]
[11/14/2012 - 08:05:40PM] PLAYER_ACTOR_VIEW_GAIN [ObjectReference < (04039836)>] "Kitty"
[11/14/2012 - 08:05:41PM] PLAYER_ACTOR_VIEW_GAIN [ObjectReference < (04039836)>] "Kitty"
[11/14/2012 - 08:05:42PM] PLAYER_ACTOR_VIEW_GAIN [ObjectReference < (04039836)>] "Kitty"
[11/14/2012 - 08:05:43PM] PLAYER_ACTOR_VIEW_GAIN [ObjectReference < (04039836)>] "Kitty"
[11/14/2012 - 08:05:43PM] PLAYER_MOVE Run
[11/14/2012 - 08:05:45PM] PLAYER_MOVE None
[11/14/2012 - 08:05:46PM] PLAYER_ACTOR_VIEW_LOSS [ObjectReference < (0402DCC8)>] "Scruff"
[11/14/2012 - 08:05:47PM] PLAYER_MOVE Run
[11/14/2012 - 08:05:47PM] PLAYER_ACTOR_VIEW_LOSS [ObjectReference < (0402DCC8)>] "Scruff"
[11/14/2012 - 08:05:47PM] PLAYER_ACTOR_VIEW_LOSS [ObjectReference < (0402DCC8)>] "Scruff"
[11/14/2012 - 08:05:48PM] PLAYER_MOVE None
[11/14/2012 - 08:05:48PM] PLAYER_ACTOR_VIEW_LOSS [ObjectReference < (0402DCC8)>] "Scruff"
[11/14/2012 - 08:05:48PM] PLAYER_ACTOR_VIEW_GAIN [ObjectReference < (04039836)>] "Kitty"
[11/14/2012 - 08:05:51PM] PLAYER_ACTOR_VIEW_GAIN [ObjectReference < (0402DCC8)>] "Scruff"
[11/14/2012 - 08:05:51PM] PLAYER_MOVE Run
[11/14/2012 - 08:05:51PM] PLAYER_ACTOR_VIEW_LOSS [ObjectReference < (04039836)>] "Kitty"
[11/14/2012 - 08:05:52PM] PLAYER_ACTOR_VIEW_LOSS [ObjectReference < (04039836)>] "Kitty"
[11/14/2012 - 08:05:52PM] PLAYER_ACTOR_VIEW_LOSS [ObjectReference < (04039836)>] "Kitty"
[11/14/2012 - 08:05:53PM] PLAYER_ACTOR_VIEW_LOSS [ObjectReference < (0402DCC8)>] "Scruff"
[11/14/2012 - 08:05:54PM] PLAYER_MOVE None
[11/14/2012 - 08:05:57PM] PLAYER_ACTOR_VIEW_GAIN [ObjectReference < (0402DCC8)>] "Scruff"
[11/14/2012 - 08:05:57PM] PLAYER_ACTOR_VIEW_GAIN [ObjectReference < (04039836)>] "Kitty"
[11/14/2012 - 08:06:18PM] PLAYER_ACTOR_VIEW_LOSS [ObjectReference < (04039836)>] "Kitty"
[11/14/2012 - 08:06:20PM] PLAYER_ACTOR_VIEW_LOSS [ObjectReference < (04039836)>] "Kitty"
[11/14/2012 - 08:06:20PM] PLAYER_ACTOR_VIEW_LOSS [ObjectReference < (04039836)>] "Kitty"
[11/14/2012 - 08:06:20PM] PLAYER_ACTOR_VIEW_LOSS [ObjectReference < (04039836)>] "Kitty"
[11/14/2012 - 08:06:24PM] PLAYER_ACTOR_VIEW_LOSS [ObjectReference < (04039836)>] "Kitty"
[11/14/2012 - 08:06:25PM] PLAYER_DIALOGUE [TIF__01024EE7 <topic info 04024EE7 on quest ths1_MissingDog (04009344)>] NPC_SPEAKER [Actor < (0402DCC8)>]
[11/14/2012 - 08:06:29PM] PLAYER_ACTOR_VIEW_GAIN [ObjectReference < (04039836)>] "Kitty"
[11/14/2012 - 08:06:30PM] PLAYER_ACTOR_VIEW_LOSS [ObjectReference < (04039836)>] "Kitty"
[11/14/2012 - 08:06:31PM] PLAYER_MOVE Run
[11/14/2012 - 08:06:31PM] PLAYER_ACTOR_VIEW_LOSS [ObjectReference < (0402DCC8)>] "Scruff"
[11/14/2012 - 08:06:31PM] PLAYER_ACTOR_VIEW_LOSS [ObjectReference < (0402DCC8)>] "Scruff"
[11/14/2012 - 08:06:32PM] PLAYER_ACTOR_VIEW_LOSS [ObjectReference < (0402DCC8)>] "Scruff"
[11/14/2012 - 08:06:33PM] PLAYER_TRIGGER_ENTER [ths1_TriggerEnterSCRIPT < (04074E48)>]
[11/14/2012 - 08:06:34PM] PLAYER_ACTOR_VIEW_LOSS [ObjectReference < (0402DCC8)>] "Scruff"
[11/14/2012 - 08:06:34PM] PLAYER_TRIGGER_LEAVE [ths1_TriggerEnterSCRIPT < (04074E48)>]
[11/14/2012 - 08:06:35PM] PLAYER_ACTOR_VIEW_LOSS [ObjectReference < (0402DCC8)>] "Scruff"
[11/14/2012 - 08:06:35PM] PLAYER_ACTOR_VIEW_LOSS [ObjectReference < (0402DCC8)>] "Scruff"
[11/14/2012 - 08:06:35PM] PLAYER_ACTOR_VIEW_LOSS [ObjectReference < (0402DCC8)>] "Scruff"
[11/14/2012 - 08:06:37PM] PLAYER_MOVE None
[11/14/2012 - 08:06:45PM] PLAYER_MOVE Run
[11/14/2012 - 08:06:47PM] PLAYER_MOVE None
[11/14/2012 - 08:06:50PM] PLAYER_TRIGGER_ENTER [ths1_TriggerEnterSCRIPT < (04074E46)>]
[11/14/2012 - 08:06:50PM] PLAYER_MOVE Run
[11/14/2012 - 08:06:50PM] PLAYER_TRIGGER_LEAVE [ths1_TriggerEnterSCRIPT < (04074E46)>]
[11/14/2012 - 08:06:55PM] PLAYER_TRIGGER_ENTER [ths1_TriggerEnterSCRIPT < (04074E47)>]
[11/14/2012 - 08:06:56PM] PLAYER_TRIGGER_LEAVE [ths1_TriggerEnterSCRIPT < (04074E47)>]
[11/14/2012 - 08:07:00PM] PLAYER_TRIGGER_ENTER [ths1_TriggerEnterSCRIPT < (04074E45)>]
[11/14/2012 - 08:07:01PM] PLAYER_TRIGGER_LEAVE [ths1_TriggerEnterSCRIPT < (04074E45)>]
[11/14/2012 - 08:07:02PM] PLAYER_MOVE None
[11/14/2012 - 08:07:08PM] PLAYER_ACTOR_VIEW_LOSS [ObjectReference < (04039836)>] "Kitty"
[11/14/2012 - 08:07:08PM] PLAYER_ACTOR_VIEW_GAIN [ObjectReference < (04039836)>] "Kitty"
[11/14/2012 - 08:07:10PM] PLAYER_MOVE Run
[11/14/2012 - 08:07:13PM] PLAYER_TRIGGER_ENTER [ths1_TriggerEnterSCRIPT < (04074E44)>]
[11/14/2012 - 08:07:14PM] PLAYER_TRIGGER_LEAVE [ths1_TriggerEnterSCRIPT < (04074E44)>]
[11/14/2012 - 08:07:17PM] PLAYER_MOVE None
[11/14/2012 - 08:07:19PM] PLAYER_MOVE Run
[11/14/2012 - 08:07:20PM] PLAYER_MOVE None
[11/14/2012 - 08:07:21PM] PLAYER_TRIGGER_ENTER [ths1_TriggerEnterSCRIPT < (04074E43)>]
[11/14/2012 - 08:07:21PM] PLAYER_TRIGGER_LEAVE [ths1_TriggerEnterSCRIPT < (04074E43)>]
[11/14/2012 - 08:07:22PM] PLAYER_MOVE Run
[11/14/2012 - 08:07:23PM] PLAYER_MOVE None
[11/14/2012 - 08:07:37PM] PLAYER_MOVE Run
[11/14/2012 - 08:07:37PM] PLAYER_TRIGGER_ENTER [ths1_TriggerEnterSCRIPT < (04074E43)>]
[11/14/2012 - 08:07:37PM] PLAYER_ACTOR_VIEW_GAIN [ObjectReference < (04039836)>] "Kitty"
[11/14/2012 - 08:07:38PM] PLAYER_ACTOR_VIEW_GAIN [ObjectReference < (04039836)>] "Kitty"
[11/14/2012 - 08:07:39PM] PLAYER_MOVE None
[11/14/2012 - 08:07:39PM] PLAYER_ACTOR_VIEW_LOSS [ObjectReference < (04039836)>] "Kitty"
[11/14/2012 - 08:07:40PM] PLAYER_TRIGGER_LEAVE [ths1_TriggerEnterSCRIPT < (04074E43)>]
[11/14/2012 - 08:07:42PM] PLAYER_ACTOR_VIEW_LOSS [ObjectReference < (04039836)>] "Kitty"
[11/14/2012 - 08:07:42PM] PLAYER_MOVE Run
[11/14/2012 - 08:07:43PM] PLAYER_ACTOR_VIEW_LOSS [ObjectReference < (04039836)>] "Kitty"
[11/14/2012 - 08:08:13PM] PLAYER_ACTOR_VIEW_GAIN [ObjectReference < (04039836)>] "Kitty"
[11/14/2012 - 08:08:13PM] PLAYER_MOVE None
[11/14/2012 - 08:08:14PM] PLAYER_ACTOR_VIEW_GAIN [ObjectReference < (04039836)>] "Kitty"
[11/14/2012 - 08:08:15PM] PLAYER_ACTOR_VIEW_LOSS [ObjectReference < (04039836)>] "Kitty"
[11/14/2012 - 08:08:15PM] PLAYER_ACTOR_VIEW_LOSS [ObjectReference < (04039836)>] "Kitty"
[11/14/2012 - 08:08:16PM] PLAYER_ACTOR_VIEW_LOSS [ObjectReference < (04039836)>] "Kitty"
[11/14/2012 - 08:08:20PM] PLAYER_ACTOR_VIEW_GAIN [ObjectReference < (04039836)>] "Kitty"
[11/14/2012 - 08:08:24PM] PLAYER_ACTOR_VIEW_LOSS [ObjectReference < (04039836)>] "Kitty"
[11/14/2012 - 08:08:29PM] PLAYER_ACTOR_VIEW_GAIN [ObjectReference < (04039836)>] "Kitty"
[11/14/2012 - 08:08:30PM] PLAYER_ACTOR_VIEW_GAIN [ObjectReference < (04039836)>] "Kitty"
[11/14/2012 - 08:08:31PM] PLAYER_MOVE Run
[11/14/2012 - 08:08:35PM] PLAYER_ACTOR_VIEW_GAIN [ObjectReference < (04039836)>] "Kitty"
[11/14/2012 - 08:08:36PM] PLAYER_TRIGGER_ENTER [ths1_TriggerEnterSCRIPT < (04074E43)>]
[11/14/2012 - 08:08:36PM] PLAYER_TRIGGER_LEAVE [ths1_TriggerEnterSCRIPT < (04074E43)>]
[11/14/2012 - 08:08:36PM] PLAYER_ACTOR_VIEW_LOSS [ObjectReference < (04039836)>] "Kitty"
[11/14/2012 - 08:08:38PM] PLAYER_TRIGGER_ENTER [ths1_TriggerEnterSCRIPT < (04074E42)>]
[11/14/2012 - 08:08:40PM] PLAYER_TRIGGER_LEAVE [ths1_TriggerEnterSCRIPT < (04074E42)>]
[11/14/2012 - 08:08:41PM] PLAYER_MOVE None
[11/14/2012 - 08:08:42PM] PLAYER_MOVE Run
[11/14/2012 - 08:08:45PM] PLAYER_MOVE None
[11/14/2012 - 08:08:50PM] PLAYER_MOVE Run
[11/14/2012 - 08:08:53PM] PLAYER_MOVE None
[11/14/2012 - 08:08:54PM] PLAYER_MOVE Run
[11/14/2012 - 08:08:55PM] PLAYER_MOVE None
[11/14/2012 - 08:08:57PM] PLAYER_ACTOR_VIEW_GAIN [ObjectReference < (04039836)>] "Kitty"
[11/14/2012 - 08:08:58PM] PLAYER_ACTOR_VIEW_GAIN [ObjectReference < (04039836)>] "Kitty"
[11/14/2012 - 08:08:58PM] PLAYER_TRIGGER_ENTER [ths1_TriggerEnterSCRIPT < (04074E42)>]
[11/14/2012 - 08:08:59PM] PLAYER_ACTOR_VIEW_GAIN [ObjectReference < (04039836)>] "Kitty"
[11/14/2012 - 08:09:02PM] PLAYER_MOVE Run
[11/14/2012 - 08:09:02PM] PLAYER_TRIGGER_LEAVE [ths1_TriggerEnterSCRIPT < (04074E42)>]
[11/14/2012 - 08:09:02PM] PLAYER_ACTOR_VIEW_LOSS [ObjectReference < (04039836)>] "Kitty"
[11/14/2012 - 08:09:03PM] PLAYER_MOVE None
[11/14/2012 - 08:09:03PM] PLAYER_ACTOR_VIEW_LOSS [ObjectReference < (04039836)>] "Kitty"
[11/14/2012 - 08:09:04PM] PLAYER_MOVE Run
[11/14/2012 - 08:09:04PM] PLAYER_ACTOR_VIEW_LOSS [ObjectReference < (04039836)>] "Kitty"
[11/14/2012 - 08:09:04PM] PLAYER_ACTOR_VIEW_LOSS [ObjectReference < (04039836)>] "Kitty"
[11/14/2012 - 08:09:05PM] PLAYER_MOVE None
[11/14/2012 - 08:09:06PM] PLAYER_ACTOR_VIEW_LOSS [ObjectReference < (04039836)>] "Kitty"
[11/14/2012 - 08:09:07PM] PLAYER_ACTOR_VIEW_GAIN [ObjectReference < (04039836)>] "Kitty"
[11/14/2012 - 08:09:10PM] PLAYER_MOVE Run
[11/14/2012 - 08:09:10PM] PLAYER_ACTOR_VIEW_LOSS [ObjectReference < (04039836)>] "Kitty"
[11/14/2012 - 08:09:12PM] PLAYER_TRIGGER_ENTER [ths1_SeamusCaveForceGreetSCRIPT <alias SeamusCaveForceGreetTrigALIAS on quest ths1_MissingDog (04009344)>] "SeamusCaveForceGreetTrigALIAS"
[11/14/2012 - 08:09:13PM] PLAYER_MOVE None
[11/14/2012 - 08:09:45PM] PLAYER_ACTOR_VIEW_GAIN [ObjectReference < (04039836)>] "Kitty"
[11/14/2012 - 08:09:45PM] PLAYER_ACTOR_VIEW_GAIN [ObjectReference < (04039836)>] "Kitty"
[11/14/2012 - 08:09:46PM] PLAYER_ACTOR_VIEW_LOSS [ObjectReference < (04039836)>] "Kitty"
[11/14/2012 - 08:09:50PM] PLAYER_TRIGGER_LEAVE [ths1_SeamusCaveForceGreetSCRIPT <alias SeamusCaveForceGreetTrigALIAS on quest ths1_MissingDog (04009344)>] "SeamusCaveForceGreetTrigALIAS"
[11/14/2012 - 08:09:50PM] PLAYER_ACTOR_VIEW_LOSS [ObjectReference < (04039836)>] "Kitty"
[11/14/2012 - 08:09:51PM] PLAYER_ACTOR_VIEW_LOSS [ObjectReference < (04039836)>] "Kitty"
[11/14/2012 - 08:09:51PM] PLAYER_TRIGGER_ENTER [ths1_TriggerEnterSCRIPT < (04074E41)>]
[11/14/2012 - 08:09:51PM] PLAYER_TRIGGER_LEAVE [ths1_TriggerEnterSCRIPT < (04074E41)>]
[11/14/2012 - 08:09:52PM] PLAYER_MOVE Run
[11/14/2012 - 08:09:53PM] PLAYER_ACTOR_VIEW_LOSS [ObjectReference < (04039836)>] "Kitty"
[11/14/2012 - 08:09:53PM] PLAYER_ACTOR_VIEW_LOSS [ObjectReference < (04039836)>] "Kitty"
[11/14/2012 - 08:10:25PM] PLAYER_CELL_CHANGE [Cell <Wilderness (04085D50)>] ""
[11/14/2012 - 08:10:26PM] ACTOR_MOVE_TO_PLAYER [ObjectReference < (04039836)>] "Kitty"
[11/14/2012 - 08:10:26PM] PLAYER_WORLDSPACE_CHANGE [WorldSpace <ths1_Town (04085D17)>] "Town"
[11/14/2012 - 08:10:26PM] PLAYER_MOVE None
[11/14/2012 - 08:10:26PM] PLAYER_ACTOR_VIEW_LOSS [ObjectReference < (04039836)>] "Kitty"
[11/14/2012 - 08:10:27PM] PLAYER_ACTOR_VIEW_LOSS [ObjectReference < (04039836)>] "Kitty"
[11/14/2012 - 08:10:28PM] PLAYER_ACTOR_VIEW_LOSS [ObjectReference < (04039836)>] "Kitty"
[11/14/2012 - 08:10:28PM] PLAYER_ACTOR_VIEW_LOSS [ObjectReference < (04039836)>] "Kitty"
[11/14/2012 - 08:10:29PM] PLAYER_ACTOR_VIEW_LOSS [ObjectReference < (04039836)>] "Kitty"
[11/14/2012 - 08:10:31PM] PLAYER_TRIGGER_ENTER [ths1_TriggerEnterSCRIPT < (0408CD96)>]
[11/14/2012 - 08:10:33PM] PLAYER_ACTOR_VIEW_GAIN [ObjectReference < (04039836)>] "Kitty"
[11/14/2012 - 08:10:34PM] PLAYER_ACTOR_VIEW_GAIN [ObjectReference < (04039836)>] "Kitty"
[11/14/2012 - 08:10:35PM] PLAYER_ACTOR_VIEW_GAIN [ObjectReference < (04039836)>] "Kitty"
[11/14/2012 - 08:10:35PM] PLAYER_ACTOR_VIEW_GAIN [ObjectReference < (04039836)>] "Kitty"
[11/14/2012 - 08:10:36PM] PLAYER_MOVE Run
[11/14/2012 - 08:10:39PM] PLAYER_ACTOR_VIEW_GAIN [ObjectReference < (04039836)>] "Kitty"
[11/14/2012 - 08:10:40PM] PLAYER_MOVE None
[11/14/2012 - 08:10:42PM] PLAYER_MOVE Run
[11/14/2012 - 08:10:44PM] PLAYER_MOVE None
[11/14/2012 - 08:11:10PM] PLAYER_ACTOR_VIEW_LOSS [ObjectReference < (04039836)>] "Kitty"
[11/14/2012 - 08:12:19PM] Log closed
