[11/14/2012 - 07:51:06PM] 9 log opened (PC)
[11/14/2012 - 07:51:06PM] PLAYER_TRIGGER_ENTER [ths1_TriggerEnterSCRIPT < (04074E57)>]
[11/14/2012 - 07:51:07PM] PLAYER_TRIGGER_ENTER [ths1_TriggerEnterSCRIPT < (04074E53)>]
[11/14/2012 - 07:51:12PM] PLAYER_ITEM_OBTAIN [ObjectReference < (040711F4)>] "Daedric Greatsword"
[11/14/2012 - 07:51:40PM] PLAYER_TRIGGER_LEAVE [ths1_TriggerEnterSCRIPT < (04074E53)>]
[11/14/2012 - 07:51:40PM] PLAYER_MOVE Run
[11/14/2012 - 07:51:40PM] PLAYER_TRIGGER_LEAVE [ths1_TriggerEnterSCRIPT < (04074E57)>]
[11/14/2012 - 07:51:41PM] PLAYER_TRIGGER_ENTER [ths1_TriggerEnterSCRIPT < (04074E52)>]
[11/14/2012 - 07:51:42PM] PLAYER_TRIGGER_LEAVE [ths1_TriggerEnterSCRIPT < (04074E52)>]
[11/14/2012 - 07:51:42PM] PLAYER_TRIGGER_ENTER [ths1_TriggerEnterSCRIPT < (04074E51)>]
[11/14/2012 - 07:51:43PM] PLAYER_TRIGGER_LEAVE [ths1_TriggerEnterSCRIPT < (04074E51)>]
[11/14/2012 - 07:51:44PM] PLAYER_TRIGGER_ENTER [ths1_TriggerEnterSCRIPT < (04074E50)>]
[11/14/2012 - 07:51:45PM] PLAYER_MOVE None
[11/14/2012 - 07:51:48PM] PLAYER_TRIGGER_LEAVE [ths1_TriggerEnterSCRIPT < (04074E50)>]
[11/14/2012 - 07:51:49PM] PLAYER_TRIGGER_ENTER [ths1_TriggerEnterSCRIPT < (04074E4F)>]
[11/14/2012 - 07:52:07PM] PLAYER_TRIGGER_LEAVE [ths1_TriggerEnterSCRIPT < (04074E4F)>]
[11/14/2012 - 07:52:07PM] PLAYER_TRIGGER_ENTER [ths1_TriggerEnterSCRIPT < (0408C788)>]
[11/14/2012 - 07:52:07PM] PLAYER_CELL_CHANGE [Cell <Wilderness (04085D56)>] ""
[11/14/2012 - 07:52:07PM] PLAYER_WORLDSPACE_CHANGE [WorldSpace <ths1_Town (04085D17)>] "Town"
[11/14/2012 - 07:52:10PM] PLAYER_TRIGGER_LEAVE [ths1_TriggerEnterSCRIPT < (0408C788)>]
[11/14/2012 - 07:52:10PM] PLAYER_MOVE Run
[11/14/2012 - 07:52:11PM] PLAYER_CELL_CHANGE [Cell <Wilderness (04085D34)>] ""
[11/14/2012 - 07:52:12PM] PLAYER_TRIGGER_ENTER [ths1_TriggerEnterSCRIPT < (0408CDAB)>]
[11/14/2012 - 07:52:13PM] PLAYER_MOVE None
[11/14/2012 - 07:52:17PM] PLAYER_DIALOGUE [TIF__020774A6 <topic info 040774A6 on quest ths1_MasterQuest (040319F7)>] NPC_SPEAKER [Actor < (0408BC45)>]
[11/14/2012 - 07:52:26PM] PLAYER_DIALOGUE [TIF__020774A8 <topic info 040774A8 on quest ths1_MasterQuest (040319F7)>] NPC_SPEAKER [Actor < (0408BC45)>]
[11/14/2012 - 07:52:38PM] PLAYER_DIALOGUE [TIF__0207BD42 <topic info 0407BD42 on quest ths1_MasterQuest (040319F7)>] NPC_SPEAKER [Actor < (0408BC45)>]
[11/14/2012 - 07:52:50PM] PLAYER_MOVE Run
[11/14/2012 - 07:52:50PM] PLAYER_TRIGGER_LEAVE [ths1_TriggerEnterSCRIPT < (0408CDAB)>]
[11/14/2012 - 07:52:55PM] PLAYER_CELL_CHANGE [Cell <Wilderness (04085D4C)>] ""
[11/14/2012 - 07:52:57PM] PLAYER_MOVE None
[11/14/2012 - 07:52:58PM] PLAYER_MOVE Run
[11/14/2012 - 07:53:03PM] PLAYER_MOVE None
[11/14/2012 - 07:53:04PM] PLAYER_MOVE Run
[11/14/2012 - 07:53:05PM] PLAYER_TRIGGER_ENTER [ths1_TriggerEnterSCRIPT < (0408CDAD)>]
[11/14/2012 - 07:53:07PM] PLAYER_MOVE None
[11/14/2012 - 07:53:08PM] PLAYER_MOVE Run
[11/14/2012 - 07:53:09PM] PLAYER_CELL_CHANGE [Cell <Wilderness (04085D4A)>] ""
[11/14/2012 - 07:53:12PM] PLAYER_TRIGGER_LEAVE [ths1_TriggerEnterSCRIPT < (0408CDAD)>]
[11/14/2012 - 07:53:12PM] PLAYER_TRIGGER_ENTER [ths1_TriggerEnterSCRIPT < (0408C7AE)>]
[11/14/2012 - 07:53:13PM] PLAYER_MOVE None
[11/14/2012 - 07:53:14PM] PLAYER_MOVE Run
[11/14/2012 - 07:53:15PM] PLAYER_CELL_CHANGE [Cell <Wilderness (04085D40)>] ""
[11/14/2012 - 07:53:15PM] PLAYER_TRIGGER_LEAVE [ths1_TriggerEnterSCRIPT < (0408C7AE)>]
[11/14/2012 - 07:53:15PM] PLAYER_MOVE None
[11/14/2012 - 07:53:17PM] PLAYER_POV_CHANGE THIRD_PERSON
[11/14/2012 - 07:53:23PM] Log closed
