[11/14/2012 - 07:33:07PM] 9 log opened (PC)
[11/14/2012 - 07:33:07PM] PLAYER_TRIGGER_ENTER [ths1_TriggerEnterSCRIPT < (04074E57)>]
[11/14/2012 - 07:33:08PM] PLAYER_MOVE Run
[11/14/2012 - 07:33:09PM] PLAYER_MOVE None
[11/14/2012 - 07:33:17PM] PLAYER_ITEM_OBTAIN [ObjectReference < (0407120C)>] "Daedric Bow"
[11/14/2012 - 07:33:26PM] PLAYER_TRIGGER_LEAVE [ths1_TriggerEnterSCRIPT < (04074E57)>]
[11/14/2012 - 07:33:26PM] PLAYER_MOVE Run
[11/14/2012 - 07:33:27PM] PLAYER_TRIGGER_ENTER [ths1_TriggerEnterSCRIPT < (04074E52)>]
[11/14/2012 - 07:33:27PM] PLAYER_TRIGGER_LEAVE [ths1_TriggerEnterSCRIPT < (04074E52)>]
[11/14/2012 - 07:33:29PM] PLAYER_MOVE None
[11/14/2012 - 07:33:31PM] PLAYER_MOVE Run
[11/14/2012 - 07:33:32PM] PLAYER_MOVE None
[11/14/2012 - 07:33:33PM] PLAYER_TRIGGER_ENTER [ths1_TriggerEnterSCRIPT < (04074E51)>]
[11/14/2012 - 07:33:34PM] PLAYER_MOVE Run
[11/14/2012 - 07:33:34PM] PLAYER_TRIGGER_LEAVE [ths1_TriggerEnterSCRIPT < (04074E51)>]
[11/14/2012 - 07:33:35PM] PLAYER_TRIGGER_ENTER [ths1_TriggerEnterSCRIPT < (04074E50)>]
[11/14/2012 - 07:33:36PM] PLAYER_MOVE None
[11/14/2012 - 07:33:39PM] PLAYER_MOVE Run
[11/14/2012 - 07:33:40PM] PLAYER_TRIGGER_LEAVE [ths1_TriggerEnterSCRIPT < (04074E50)>]
[11/14/2012 - 07:33:40PM] PLAYER_MOVE None
[11/14/2012 - 07:33:42PM] PLAYER_TRIGGER_ENTER [ths1_TriggerEnterSCRIPT < (04074E4F)>]
[11/14/2012 - 07:34:00PM] PLAYER_TRIGGER_ENTER [ths1_TriggerEnterSCRIPT < (0408C788)>]
[11/14/2012 - 07:34:00PM] PLAYER_TRIGGER_LEAVE [ths1_TriggerEnterSCRIPT < (04074E4F)>]
[11/14/2012 - 07:34:01PM] PLAYER_CELL_CHANGE [Cell <Wilderness (04085D56)>] ""
[11/14/2012 - 07:34:02PM] PLAYER_WORLDSPACE_CHANGE [WorldSpace <ths1_Town (04085D17)>] "Town"
[11/14/2012 - 07:34:04PM] PLAYER_TRIGGER_LEAVE [ths1_TriggerEnterSCRIPT < (0408C788)>]
[11/14/2012 - 07:34:04PM] PLAYER_MOVE Run
[11/14/2012 - 07:34:05PM] PLAYER_CELL_CHANGE [Cell <Wilderness (04085D34)>] ""
[11/14/2012 - 07:34:07PM] PLAYER_TRIGGER_ENTER [ths1_TriggerEnterSCRIPT < (0408CDAB)>]
[11/14/2012 - 07:34:07PM] PLAYER_TRIGGER_LEAVE [ths1_TriggerEnterSCRIPT < (0408CDAB)>]
[11/14/2012 - 07:34:09PM] PLAYER_ACTOR_VIEW_GAIN [ObjectReference < (04089359)>] "Seamus"
[11/14/2012 - 07:34:11PM] PLAYER_ACTOR_VIEW_LOSS [ObjectReference < (04089359)>] "Seamus"
[11/14/2012 - 07:34:14PM] PLAYER_ACTOR_VIEW_GAIN [ObjectReference < (04089359)>] "Seamus"
[11/14/2012 - 07:34:15PM] PLAYER_TRIGGER_ENTER [ths1_TriggerEnterSCRIPT < (0408CD5A)>]
[11/14/2012 - 07:34:15PM] PLAYER_TRIGGER_LEAVE [ths1_TriggerEnterSCRIPT < (0408CD5A)>]
[11/14/2012 - 07:34:16PM] PLAYER_MOVE None
[11/14/2012 - 07:34:17PM] PLAYER_MOVE Run
[11/14/2012 - 07:34:17PM] PLAYER_ACTOR_VIEW_LOSS [ObjectReference < (04089359)>] "Seamus"
[11/14/2012 - 07:34:19PM] PLAYER_CELL_CHANGE [Cell <Wilderness (04085D44)>] ""
[11/14/2012 - 07:34:22PM] PLAYER_TRIGGER_ENTER [ths1_TriggerEnterSCRIPT < (0408CD80)>]
[11/14/2012 - 07:34:25PM] PLAYER_MOVE None
[11/14/2012 - 07:34:26PM] PLAYER_MOVE Run
[11/14/2012 - 07:34:28PM] PLAYER_MOVE None
[11/14/2012 - 07:34:33PM] PLAYER_MOVE Run
[11/14/2012 - 07:34:35PM] PLAYER_CELL_CHANGE [Cell <Wilderness (04085D46)>] ""
[11/14/2012 - 07:34:38PM] PLAYER_MOVE None
[11/14/2012 - 07:34:39PM] PLAYER_MOVE Run
[11/14/2012 - 07:34:42PM] PLAYER_MOVE None
[11/14/2012 - 07:34:46PM] PLAYER_MOVE Run
[11/14/2012 - 07:34:47PM] PLAYER_MOVE None
[11/14/2012 - 07:34:48PM] PLAYER_MOVE Run
[11/14/2012 - 07:34:49PM] PLAYER_MOVE None
[11/14/2012 - 07:34:50PM] PLAYER_MOVE Run
[11/14/2012 - 07:34:51PM] PLAYER_MOVE None
[11/14/2012 - 07:34:53PM] PLAYER_MOVE Run
[11/14/2012 - 07:34:54PM] PLAYER_MOVE None
[11/14/2012 - 07:34:56PM] PLAYER_MOVE Run
[11/14/2012 - 07:34:57PM] PLAYER_CELL_CHANGE [Cell <Wilderness (04085D48)>] ""
[11/14/2012 - 07:34:57PM] PLAYER_TRIGGER_LEAVE [ths1_TriggerEnterSCRIPT < (0408CD80)>]
[11/14/2012 - 07:34:58PM] PLAYER_TRIGGER_ENTER [ths1_TriggerEnterSCRIPT < (0408CD81)>]
[11/14/2012 - 07:35:00PM] PLAYER_MOVE None
[11/14/2012 - 07:35:01PM] PLAYER_MOVE Run
[11/14/2012 - 07:35:04PM] PLAYER_CELL_CHANGE [Cell <Wilderness (04085D50)>] ""
[11/14/2012 - 07:35:04PM] PLAYER_MOVE None
[11/14/2012 - 07:35:13PM] PLAYER_MOVE Run
[11/14/2012 - 07:35:14PM] PLAYER_TRIGGER_LEAVE [ths1_TriggerEnterSCRIPT < (0408CD81)>]
[11/14/2012 - 07:35:15PM] PLAYER_TRIGGER_ENTER [ths1_TriggerEnterSCRIPT < (0408CD96)>]
[11/14/2012 - 07:35:17PM] PLAYER_MOVE None
[11/14/2012 - 07:35:19PM] PLAYER_MOVE Run
[11/14/2012 - 07:35:20PM] PLAYER_MOVE None
[11/14/2012 - 07:35:21PM] PLAYER_MOVE Run
[11/14/2012 - 07:35:22PM] PLAYER_MOVE None
[11/14/2012 - 07:35:37PM] PLAYER_DIALOGUE [TIF__02077F7E <topic info 04077F7E on quest ths1_MissingDog (04009344)>] NPC_SPEAKER [Actor < (0408B625)>]
[11/14/2012 - 07:35:48PM] PLAYER_MOVE Run
[11/14/2012 - 07:35:49PM] PLAYER_MOVE None
[11/14/2012 - 07:35:52PM] PLAYER_MOVE Run
[11/14/2012 - 07:36:09PM] PLAYER_TRIGGER_LEAVE [ths1_TriggerEnterSCRIPT < (0408CD96)>]
[11/14/2012 - 07:36:09PM] PLAYER_CELL_CHANGE [Cell <ths1_Cave3 (0402C9A7)>] "Cave"
[11/14/2012 - 07:36:10PM] PLAYER_MOVE None
[11/14/2012 - 07:36:28PM] PLAYER_TRIGGER_ENTER [ths1_TriggerEnterSCRIPT < (04074E41)>]
[11/14/2012 - 07:36:29PM] PLAYER_TRIGGER_LEAVE [ths1_TriggerEnterSCRIPT < (04074E41)>]
[11/14/2012 - 07:36:29PM] PLAYER_TRIGGER_ENTER [ths1_SeamusCaveForceGreetSCRIPT <alias SeamusCaveForceGreetTrigALIAS on quest ths1_MissingDog (04009344)>] "SeamusCaveForceGreetTrigALIAS"
[11/14/2012 - 07:36:33PM] PLAYER_TRIGGER_LEAVE [ths1_SeamusCaveForceGreetSCRIPT <alias SeamusCaveForceGreetTrigALIAS on quest ths1_MissingDog (04009344)>] "SeamusCaveForceGreetTrigALIAS"
[11/14/2012 - 07:36:33PM] PLAYER_MOVE Run
[11/14/2012 - 07:36:34PM] PLAYER_MOVE None
[11/14/2012 - 07:37:08PM] PLAYER_FIGHT None ""
[11/14/2012 - 07:37:09PM] PLAYER_FIGHT None ""
[11/14/2012 - 07:37:10PM] PLAYER_FIGHT None ""
[11/14/2012 - 07:37:11PM] PLAYER_FIGHT None ""
[11/14/2012 - 07:37:12PM] PLAYER_FIGHT [Actor < (04041C6E)>] "Cultist Soldier"
[11/14/2012 - 07:37:13PM] PLAYER_FIGHT None ""
[11/14/2012 - 07:37:14PM] PLAYER_FIGHT None ""
[11/14/2012 - 07:37:15PM] PLAYER_FIGHT None ""
[11/14/2012 - 07:37:15PM] PLAYER_WEAPON_WITHDRAWN
[11/14/2012 - 07:37:16PM] PLAYER_FIGHT None ""
[11/14/2012 - 07:37:17PM] PLAYER_FIGHT None ""
[11/14/2012 - 07:37:18PM] PLAYER_FIGHT None ""
[11/14/2012 - 07:37:19PM] PLAYER_FIGHT None ""
[11/14/2012 - 07:37:20PM] PLAYER_FIGHT None ""
[11/14/2012 - 07:37:22PM] PLAYER_FIGHT None ""
[11/14/2012 - 07:37:37PM] PLAYER_FIGHT None ""
[11/14/2012 - 07:37:38PM] PLAYER_FIGHT None ""
[11/14/2012 - 07:37:39PM] PLAYER_FIGHT None ""
[11/14/2012 - 07:37:40PM] PLAYER_TRIGGER_ENTER [ths1_TriggerEnterSCRIPT < (04074E42)>]
[11/14/2012 - 07:37:40PM] PLAYER_FIGHT None ""
[11/14/2012 - 07:37:41PM] PLAYER_FIGHT None ""
[11/14/2012 - 07:37:43PM] PLAYER_FIGHT None ""
[11/14/2012 - 07:37:44PM] PLAYER_FIGHT [Actor < (04041C6E)>] "Cultist Soldier"
[11/14/2012 - 07:37:45PM] PLAYER_FIGHT None ""
[11/14/2012 - 07:37:46PM] PLAYER_FIGHT None ""
[11/14/2012 - 07:37:47PM] PLAYER_FIGHT None ""
[11/14/2012 - 07:37:48PM] PLAYER_FIGHT [Actor < (04041C6E)>] "Cultist Soldier"
[11/14/2012 - 07:37:49PM] PLAYER_FIGHT None ""
[11/14/2012 - 07:37:50PM] PLAYER_FIGHT None ""
[11/14/2012 - 07:37:51PM] PLAYER_FIGHT None ""
[11/14/2012 - 07:37:52PM] PLAYER_FIGHT None ""
[11/14/2012 - 07:37:53PM] PLAYER_FIGHT None ""
[11/14/2012 - 07:37:55PM] PLAYER_FIGHT [Actor < (04041C6E)>] "Cultist Soldier"
[11/14/2012 - 07:37:55PM] PLAYER_FIGHT None ""
[11/14/2012 - 07:37:57PM] PLAYER_FIGHT None ""
[11/14/2012 - 07:37:57PM] PLAYER_FIGHT None ""
[11/14/2012 - 07:37:58PM] PLAYER_FIGHT None ""
[11/14/2012 - 07:38:00PM] PLAYER_FIGHT None ""
[11/14/2012 - 07:38:00PM] PLAYER_FIGHT None ""
[11/14/2012 - 07:38:02PM] PLAYER_FIGHT None ""
[11/14/2012 - 07:38:04PM] PLAYER_FIGHT None ""
[11/14/2012 - 07:38:04PM] PLAYER_FIGHT None ""
[11/14/2012 - 07:38:05PM] PLAYER_FIGHT None ""
[11/14/2012 - 07:38:06PM] PLAYER_FIGHT None ""
[11/14/2012 - 07:38:07PM] PLAYER_FIGHT None ""
[11/14/2012 - 07:38:08PM] PLAYER_FIGHT None ""
[11/14/2012 - 07:38:09PM] PLAYER_FIGHT None ""
[11/14/2012 - 07:38:10PM] PLAYER_FIGHT None ""
[11/14/2012 - 07:38:12PM] PLAYER_FIGHT None ""
[11/14/2012 - 07:38:12PM] PLAYER_FIGHT None ""
[11/14/2012 - 07:38:14PM] PLAYER_FIGHT [Actor < (04041C6E)>] "Cultist Soldier"
[11/14/2012 - 07:38:15PM] PLAYER_FIGHT [Actor < (04041C6E)>] "Cultist Soldier"
[11/14/2012 - 07:38:16PM] PLAYER_FIGHT [Actor < (04041C6E)>] "Cultist Soldier"
[11/14/2012 - 07:38:17PM] PLAYER_FIGHT [Actor < (04041C6E)>] "Cultist Soldier"
[11/14/2012 - 07:38:17PM] PLAYER_TRIGGER_LEAVE [ths1_TriggerEnterSCRIPT < (04074E42)>]
[11/14/2012 - 07:38:18PM] PLAYER_FIGHT [Actor < (04041C6E)>] "Cultist Soldier"
[11/14/2012 - 07:38:18PM] PLAYER_FIGHT [Actor < (04041C6E)>] "Cultist Soldier"
[11/14/2012 - 07:38:20PM] PLAYER_FIGHT None ""
[11/14/2012 - 07:38:21PM] PLAYER_FIGHT None ""
[11/14/2012 - 07:38:21PM] PLAYER_FIGHT None ""
[11/14/2012 - 07:38:39PM] PLAYER_ITEM_OBTAIN None "Hide Shield"
[11/14/2012 - 07:38:52PM] PLAYER_ITEM_OBTAIN None "Fur Armor"
[11/14/2012 - 07:40:07PM] PLAYER_ITEM_OBTAIN None "Steel Greatsword"
[11/14/2012 - 07:40:25PM] PLAYER_WEAPON_RIGHT [WEAPON < (00013987)>] "Steel Greatsword"
[11/14/2012 - 07:40:57PM] PLAYER_MOVE Run
[11/14/2012 - 07:40:59PM] PLAYER_TRIGGER_ENTER [ths1_TriggerEnterSCRIPT < (04074E43)>]
[11/14/2012 - 07:40:59PM] PLAYER_TRIGGER_LEAVE [ths1_TriggerEnterSCRIPT < (04074E43)>]
[11/14/2012 - 07:41:01PM] PLAYER_MOVE None
[11/14/2012 - 07:41:16PM] PLAYER_TRIGGER_ENTER [ths1_TriggerEnterSCRIPT < (04074E44)>]
[11/14/2012 - 07:41:18PM] PLAYER_ACTOR_VIEW_GAIN [ObjectReference < (04039836)>] "Kitty"
[11/14/2012 - 07:41:18PM] PLAYER_TRIGGER_LEAVE [ths1_TriggerEnterSCRIPT < (04074E44)>]
[11/14/2012 - 07:41:28PM] PLAYER_ENTER_TRIGGER [ths1_CCQNearCatTriggerSCRIPT <alias NearCatTRIG on quest ths1_MissingDog (04009344)>]
[11/14/2012 - 07:41:44PM] PLAYER_ACTOR_VIEW_LOSS [ObjectReference < (04039836)>] "Kitty"
[11/14/2012 - 07:42:37PM] PLAYER_TRIGGER_ENTER [ths1_TriggerEnterSCRIPT < (04074E45)>]
[11/14/2012 - 07:42:40PM] PLAYER_TRIGGER_LEAVE [ths1_TriggerEnterSCRIPT < (04074E45)>]
[11/14/2012 - 07:43:11PM] PLAYER_TRIGGER_ENTER [ths1_TriggerEnterSCRIPT < (04074E47)>]
[11/14/2012 - 07:43:15PM] PLAYER_TRIGGER_LEAVE [ths1_TriggerEnterSCRIPT < (04074E47)>]
[11/14/2012 - 07:43:52PM] PLAYER_ITEM_OBTAIN [ObjectReference < (0402CB1D)>] "gold"
[11/14/2012 - 07:43:54PM] PLAYER_ITEM_OBTAIN [ObjectReference < (0402CB19)>] "gold"
[11/14/2012 - 07:43:55PM] PLAYER_ITEM_OBTAIN [ObjectReference < (0402CB22)>] "gold"
[11/14/2012 - 07:43:57PM] PLAYER_ITEM_OBTAIN [ObjectReference < (0402CB17)>] "gold"
[11/14/2012 - 07:43:57PM] PLAYER_ITEM_OBTAIN [ObjectReference < (0402CB25)>] "gold"
[11/14/2012 - 07:43:57PM] PLAYER_ITEM_OBTAIN [ObjectReference < (0402CB26)>] "gold"
[11/14/2012 - 07:43:57PM] PLAYER_ITEM_OBTAIN [ObjectReference < (0402CB1E)>] "gold"
[11/14/2012 - 07:43:58PM] PLAYER_ITEM_OBTAIN [ObjectReference < (0402CB1C)>] "gold"
[11/14/2012 - 07:43:58PM] PLAYER_ITEM_OBTAIN [ObjectReference < (0402CB1B)>] "gold"
[11/14/2012 - 07:43:58PM] PLAYER_ITEM_OBTAIN [ObjectReference < (0402CB1F)>] "gold"
[11/14/2012 - 07:43:58PM] PLAYER_ITEM_OBTAIN [ObjectReference < (0402CB18)>] "gold"
[11/14/2012 - 07:43:59PM] PLAYER_ITEM_OBTAIN [ObjectReference < (0402CB24)>] "gold"
[11/14/2012 - 07:43:59PM] PLAYER_ITEM_OBTAIN [ObjectReference < (0402CB23)>] "gold"
[11/14/2012 - 07:44:00PM] PLAYER_ITEM_OBTAIN [ObjectReference < (0402C9D0)>] "Silver Necklace"
[11/14/2012 - 07:44:00PM] PLAYER_ITEM_OBTAIN [ObjectReference < (0402CB1A)>] "gold"
[11/14/2012 - 07:44:00PM] PLAYER_ITEM_OBTAIN [ObjectReference < (0402CB20)>] "gold"
[11/14/2012 - 07:44:01PM] PLAYER_ITEM_OBTAIN None "gold"
[11/14/2012 - 07:44:03PM] PLAYER_ITEM_OBTAIN [ObjectReference < (0402CB28)>] "gold"
[11/14/2012 - 07:44:03PM] PLAYER_ITEM_OBTAIN [ObjectReference < (0402CB21)>] "gold"
[11/14/2012 - 07:44:04PM] PLAYER_ITEM_OBTAIN [ObjectReference < (0402C9D1)>] "Amethyst"
[11/14/2012 - 07:44:18PM] PLAYER_MOVE Run
[11/14/2012 - 07:44:21PM] PLAYER_TRIGGER_ENTER [ths1_TriggerEnterSCRIPT < (04074E46)>]
[11/14/2012 - 07:44:22PM] PLAYER_TRIGGER_LEAVE [ths1_TriggerEnterSCRIPT < (04074E46)>]
[11/14/2012 - 07:44:24PM] PLAYER_MOVE None
[11/14/2012 - 07:44:27PM] PLAYER_ACTOR_VIEW_GAIN [ObjectReference < (0402DCC8)>] "Scruff"
[11/14/2012 - 07:44:29PM] PLAYER_TRIGGER_ENTER [ths1_TriggerEnterSCRIPT < (04074E48)>]
[11/14/2012 - 07:44:32PM] PLAYER_TRIGGER_LEAVE [ths1_TriggerEnterSCRIPT < (04074E48)>]
[11/14/2012 - 07:44:42PM] PLAYER_ACTOR_VIEW_LOSS [ObjectReference < (0402DCC8)>] "Scruff"
[11/14/2012 - 07:44:43PM] PLAYER_ACTOR_VIEW_LOSS [ObjectReference < (0402DCC8)>] "Scruff"
[11/14/2012 - 07:44:44PM] PLAYER_ACTOR_VIEW_LOSS [ObjectReference < (0402DCC8)>] "Scruff"
[11/14/2012 - 07:44:50PM] PLAYER_ACTOR_VIEW_GAIN [ObjectReference < (0402DCC8)>] "Scruff"
[11/14/2012 - 07:44:50PM] PLAYER_ACTOR_VIEW_LOSS [ObjectReference < (0402DCC8)>] "Scruff"
[11/14/2012 - 07:45:23PM] PLAYER_ITEM_OBTAIN [ObjectReference < (0402CAF2)>] "Potion of Minor Healing"
[11/14/2012 - 07:50:34PM] Log closed
