[11/14/2012 - 07:23:18PM] 9 log opened (PC)
[11/14/2012 - 07:23:18PM] PLAYER_MOVE Run
[11/14/2012 - 07:23:18PM] PLAYER_TRIGGER_ENTER [ths1_TriggerEnterSCRIPT < (04074E57)>]
[11/14/2012 - 07:23:19PM] PLAYER_TRIGGER_ENTER [ths1_TriggerEnterSCRIPT < (04074E53)>]
[11/14/2012 - 07:23:19PM] PLAYER_TRIGGER_LEAVE [ths1_TriggerEnterSCRIPT < (04074E57)>]
[11/14/2012 - 07:23:19PM] PLAYER_MOVE None
[11/14/2012 - 07:23:28PM] PLAYER_ITEM_OBTAIN [ObjectReference < (040711F4)>] "Daedric Greatsword"
[11/14/2012 - 07:23:35PM] PLAYER_TRIGGER_ENTER [ths1_TriggerEnterSCRIPT < (04074E57)>]
[11/14/2012 - 07:23:36PM] PLAYER_TRIGGER_LEAVE [ths1_TriggerEnterSCRIPT < (04074E53)>]
[11/14/2012 - 07:23:36PM] PLAYER_TRIGGER_LEAVE [ths1_TriggerEnterSCRIPT < (04074E57)>]
[11/14/2012 - 07:25:14PM] PLAYER_WEAPON_WITHDRAWN
[11/14/2012 - 07:25:17PM] PLAYER_MOVE Run
[11/14/2012 - 07:25:18PM] PLAYER_MOVE None
[11/14/2012 - 07:25:31PM] PLAYER_MOVE Run
[11/14/2012 - 07:25:32PM] PLAYER_MOVE None
[11/14/2012 - 07:25:47PM] PLAYER_MOVE Run
[11/14/2012 - 07:25:47PM] PLAYER_TRIGGER_ENTER [ths1_TriggerEnterSCRIPT < (04074E52)>]
[11/14/2012 - 07:25:48PM] PLAYER_MOVE None
[11/14/2012 - 07:25:55PM] PLAYER_TRIGGER_LEAVE [ths1_TriggerEnterSCRIPT < (04074E52)>]
[11/14/2012 - 07:25:56PM] PLAYER_TRIGGER_ENTER [ths1_TriggerEnterSCRIPT < (04074E58)>]
[11/14/2012 - 07:25:56PM] PLAYER_MOVE Run
[11/14/2012 - 07:25:57PM] PLAYER_MOVE None
[11/14/2012 - 07:25:58PM] PLAYER_TRIGGER_LEAVE [ths1_TriggerEnterSCRIPT < (04074E58)>]
[11/14/2012 - 07:25:58PM] PLAYER_MOVE Run
[11/14/2012 - 07:26:01PM] PLAYER_MOVE None
[11/14/2012 - 07:26:09PM] PLAYER_MOVE Run
[11/14/2012 - 07:26:10PM] PLAYER_TRIGGER_ENTER [ths1_TriggerEnterSCRIPT < (04074E52)>]
[11/14/2012 - 07:26:10PM] PLAYER_TRIGGER_LEAVE [ths1_TriggerEnterSCRIPT < (04074E52)>]
[11/14/2012 - 07:26:11PM] PLAYER_TRIGGER_ENTER [ths1_TriggerEnterSCRIPT < (04074E51)>]
[11/14/2012 - 07:26:11PM] PLAYER_MOVE None
[11/14/2012 - 07:26:14PM] PLAYER_MOVE Run
[11/14/2012 - 07:26:15PM] PLAYER_TRIGGER_LEAVE [ths1_TriggerEnterSCRIPT < (04074E51)>]
[11/14/2012 - 07:26:15PM] PLAYER_TRIGGER_ENTER [ths1_TriggerEnterSCRIPT < (04074E50)>]
[11/14/2012 - 07:26:16PM] PLAYER_MOVE None
[11/14/2012 - 07:26:22PM] PLAYER_MOVE Run
[11/14/2012 - 07:26:22PM] PLAYER_TRIGGER_LEAVE [ths1_TriggerEnterSCRIPT < (04074E50)>]
[11/14/2012 - 07:26:23PM] PLAYER_TRIGGER_ENTER [ths1_TriggerEnterSCRIPT < (04074E54)>]
[11/14/2012 - 07:26:24PM] PLAYER_MOVE None
[11/14/2012 - 07:26:27PM] PLAYER_TRIGGER_LEAVE [ths1_TriggerEnterSCRIPT < (04074E54)>]
[11/14/2012 - 07:26:28PM] PLAYER_MOVE Run
[11/14/2012 - 07:26:28PM] PLAYER_TRIGGER_ENTER [ths1_TriggerEnterSCRIPT < (04074E4F)>]
[11/14/2012 - 07:26:29PM] PLAYER_MOVE None
[11/14/2012 - 07:26:44PM] PLAYER_TRIGGER_ENTER [ths1_TriggerEnterSCRIPT < (0408C788)>]
[11/14/2012 - 07:26:44PM] PLAYER_TRIGGER_LEAVE [ths1_TriggerEnterSCRIPT < (04074E4F)>]
[11/14/2012 - 07:26:45PM] PLAYER_CELL_CHANGE [Cell <Wilderness (04085D56)>] ""
[11/14/2012 - 07:26:45PM] PLAYER_WORLDSPACE_CHANGE [WorldSpace <ths1_Town (04085D17)>] "Town"
[11/14/2012 - 07:26:46PM] PLAYER_MOVE Run
[11/14/2012 - 07:26:46PM] PLAYER_TRIGGER_LEAVE [ths1_TriggerEnterSCRIPT < (0408C788)>]
[11/14/2012 - 07:26:48PM] PLAYER_CELL_CHANGE [Cell <Wilderness (04085D34)>] ""
[11/14/2012 - 07:26:49PM] PLAYER_TRIGGER_ENTER [ths1_TriggerEnterSCRIPT < (0408CDAB)>]
[11/14/2012 - 07:26:50PM] PLAYER_MOVE None
[11/14/2012 - 07:26:57PM] PLAYER_DIALOGUE [TIF__020774A6 <topic info 040774A6 on quest ths1_MasterQuest (040319F7)>] NPC_SPEAKER [Actor < (0408BC45)>]
[11/14/2012 - 07:27:06PM] PLAYER_DIALOGUE [TIF__020774A8 <topic info 040774A8 on quest ths1_MasterQuest (040319F7)>] NPC_SPEAKER [Actor < (0408BC45)>]
[11/14/2012 - 07:27:18PM] PLAYER_DIALOGUE [TIF__0207BD42 <topic info 0407BD42 on quest ths1_MasterQuest (040319F7)>] NPC_SPEAKER [Actor < (0408BC45)>]
[11/14/2012 - 07:27:33PM] PLAYER_TRIGGER_LEAVE [ths1_TriggerEnterSCRIPT < (0408CDAB)>]
[11/14/2012 - 07:27:34PM] PLAYER_MOVE Run
[11/14/2012 - 07:27:37PM] PLAYER_TRIGGER_ENTER [ths1_TriggerEnterSCRIPT < (0408C7A7)>]
[11/14/2012 - 07:27:38PM] PLAYER_CELL_CHANGE [Cell <Wilderness (04085D4C)>] ""
[11/14/2012 - 07:27:39PM] PLAYER_MOVE None
[11/14/2012 - 07:28:26PM] PLAYER_ACTOR_VIEW_GAIN [ObjectReference < (04089359)>] "Seamus"
[11/14/2012 - 07:28:37PM] PLAYER_MOVE Run
[11/14/2012 - 07:28:38PM] PLAYER_CELL_CHANGE [Cell <Wilderness (04085D34)>] ""
[11/14/2012 - 07:28:39PM] PLAYER_TRIGGER_LEAVE [ths1_TriggerEnterSCRIPT < (0408C7A7)>]
[11/14/2012 - 07:28:40PM] PLAYER_MOVE None
[11/14/2012 - 07:28:41PM] PLAYER_TRIGGER_ENTER [ths1_TriggerEnterSCRIPT < (0408C7A9)>]
[11/14/2012 - 07:28:41PM] PLAYER_MOVE Run
[11/14/2012 - 07:28:44PM] PLAYER_ACTOR_VIEW_LOSS [ObjectReference < (04089359)>] "Seamus"
[11/14/2012 - 07:28:44PM] PLAYER_TRIGGER_LEAVE [ths1_TriggerEnterSCRIPT < (0408C7A9)>]
[11/14/2012 - 07:28:45PM] PLAYER_CELL_CHANGE [Cell <Wilderness (04085D42)>] ""
[11/14/2012 - 07:28:51PM] PLAYER_TRIGGER_ENTER [ths1_TriggerEnterSCRIPT < (0408C7AF)>]
[11/14/2012 - 07:28:53PM] PLAYER_CELL_CHANGE [Cell <Wilderness (04085D4C)>] ""
[11/14/2012 - 07:28:54PM] PLAYER_TRIGGER_ENTER [ths1_TriggerEnterSCRIPT < (0408C7AE)>]
[11/14/2012 - 07:28:54PM] PLAYER_TRIGGER_LEAVE [ths1_TriggerEnterSCRIPT < (0408C7AF)>]
[11/14/2012 - 07:28:55PM] PLAYER_TRIGGER_LEAVE [ths1_TriggerEnterSCRIPT < (0408C7AE)>]
[11/14/2012 - 07:28:55PM] PLAYER_TRIGGER_ENTER [ths1_TriggerEnterSCRIPT < (0408CDAD)>]
[11/14/2012 - 07:28:59PM] PLAYER_CELL_CHANGE [Cell <Wilderness (04085D4A)>] ""
[11/14/2012 - 07:29:00PM] PLAYER_TRIGGER_LEAVE [ths1_TriggerEnterSCRIPT < (0408CDAD)>]
[11/14/2012 - 07:29:02PM] PLAYER_TRIGGER_ENTER [ths1_TriggerEnterSCRIPT < (0408C7B0)>]
[11/14/2012 - 07:29:06PM] PLAYER_TRIGGER_ENTER [ths1_TriggerEnterSCRIPT < (0408C7BF)>]
[11/14/2012 - 07:29:07PM] PLAYER_CELL_CHANGE [Cell <Wilderness (04085D52)>] ""
[11/14/2012 - 07:29:07PM] PLAYER_TRIGGER_LEAVE [ths1_TriggerEnterSCRIPT < (0408C7BF)>]
[11/14/2012 - 07:29:08PM] PLAYER_MOVE None
[11/14/2012 - 07:29:11PM] PLAYER_MOVE Run
[11/14/2012 - 07:29:17PM] PLAYER_TRIGGER_LEAVE [ths1_TriggerEnterSCRIPT < (0408C7B0)>]
[11/14/2012 - 07:29:17PM] PLAYER_CELL_CHANGE [Cell <Wilderness (04085D54)>] ""
[11/14/2012 - 07:29:19PM] PLAYER_TRIGGER_ENTER [ths1_TriggerEnterSCRIPT < (0408C7B0)>]
[11/14/2012 - 07:29:22PM] PLAYER_TRIGGER_LEAVE [ths1_TriggerEnterSCRIPT < (0408C7B0)>]
[11/14/2012 - 07:29:23PM] PLAYER_TRIGGER_ENTER [ths1_TriggerEnterSCRIPT < (0408C7C1)>]
[11/14/2012 - 07:29:56PM] PLAYER_TRIGGER_LEAVE [ths1_TriggerEnterSCRIPT < (0408C7C1)>]
[11/14/2012 - 07:29:59PM] PLAYER_TRIGGER_ENTER [ths1_TriggerEnterSCRIPT < (0408C7B0)>]
[11/14/2012 - 07:30:35PM] Log closed
