[11/16/2012 - 06:40:08PM] 16 log opened (PC)
[11/16/2012 - 06:40:08PM] PLAYER_MOVE Run
[11/16/2012 - 06:40:09PM] PLAYER_TRIGGER_ENTER [ths1_TriggerEnterSCRIPT < (04074E57)>]
[11/16/2012 - 06:40:09PM] PLAYER_TRIGGER_ENTER [ths1_TriggerEnterSCRIPT < (04074E53)>]
[11/16/2012 - 06:40:10PM] PLAYER_MOVE None
[11/16/2012 - 06:40:10PM] PLAYER_TRIGGER_LEAVE [ths1_TriggerEnterSCRIPT < (04074E57)>]
[11/16/2012 - 06:40:18PM] PLAYER_TRIGGER_ENTER [ths1_TriggerEnterSCRIPT < (04074E57)>]
[11/16/2012 - 06:40:18PM] PLAYER_TRIGGER_LEAVE [ths1_TriggerEnterSCRIPT < (04074E53)>]
[11/16/2012 - 06:40:19PM] PLAYER_TRIGGER_LEAVE [ths1_TriggerEnterSCRIPT < (04074E57)>]
[11/16/2012 - 06:40:20PM] PLAYER_MOVE Run
[11/16/2012 - 06:40:21PM] PLAYER_MOVE None
[11/16/2012 - 06:40:21PM] PLAYER_TRIGGER_ENTER [ths1_TriggerEnterSCRIPT < (04074E58)>]
[11/16/2012 - 06:40:26PM] PLAYER_TRIGGER_ENTER [ths1_TriggerEnterSCRIPT < (04074E57)>]
[11/16/2012 - 06:40:26PM] PLAYER_TRIGGER_LEAVE [ths1_TriggerEnterSCRIPT < (04074E58)>]
[11/16/2012 - 06:40:26PM] PLAYER_MOVE Run
[11/16/2012 - 06:40:26PM] PLAYER_TRIGGER_LEAVE [ths1_TriggerEnterSCRIPT < (04074E57)>]
[11/16/2012 - 06:40:26PM] PLAYER_TRIGGER_ENTER [ths1_TriggerEnterSCRIPT < (04074E53)>]
[11/16/2012 - 06:40:27PM] PLAYER_TRIGGER_LEAVE [ths1_TriggerEnterSCRIPT < (04074E53)>]
[11/16/2012 - 06:40:27PM] PLAYER_MOVE None
[11/16/2012 - 06:40:27PM] PLAYER_TRIGGER_ENTER [ths1_TriggerEnterSCRIPT < (04074E57)>]
[11/16/2012 - 06:40:34PM] PLAYER_ITEM_OBTAIN None "Red Apple"
[11/16/2012 - 06:40:35PM] PLAYER_MOVE Run
[11/16/2012 - 06:40:36PM] PLAYER_TRIGGER_ENTER [ths1_TriggerEnterSCRIPT < (04074E53)>]
[11/16/2012 - 06:40:36PM] PLAYER_TRIGGER_LEAVE [ths1_TriggerEnterSCRIPT < (04074E57)>]
[11/16/2012 - 06:40:36PM] PLAYER_MOVE None
[11/16/2012 - 06:40:37PM] PLAYER_ITEM_OBTAIN [ObjectReference < (040711F6)>] "Daedric War Axe"
[11/16/2012 - 06:40:39PM] PLAYER_TRIGGER_ENTER [ths1_TriggerEnterSCRIPT < (04074E57)>]
[11/16/2012 - 06:40:39PM] PLAYER_TRIGGER_LEAVE [ths1_TriggerEnterSCRIPT < (04074E53)>]
[11/16/2012 - 06:40:39PM] PLAYER_TRIGGER_LEAVE [ths1_TriggerEnterSCRIPT < (04074E57)>]
[11/16/2012 - 06:41:00PM] PLAYER_MOVE Run
[11/16/2012 - 06:41:00PM] PLAYER_TRIGGER_ENTER [ths1_TriggerEnterSCRIPT < (04074E52)>]
[11/16/2012 - 06:41:01PM] PLAYER_TRIGGER_LEAVE [ths1_TriggerEnterSCRIPT < (04074E52)>]
[11/16/2012 - 06:41:02PM] PLAYER_WEAPON_RIGHT [WEAPON < (000139B3)>] "Daedric War Axe"
[11/16/2012 - 06:41:03PM] PLAYER_TRIGGER_ENTER [ths1_TriggerEnterSCRIPT < (04074E50)>]
[11/16/2012 - 06:41:04PM] PLAYER_TRIGGER_LEAVE [ths1_TriggerEnterSCRIPT < (04074E50)>]
[11/16/2012 - 06:41:05PM] PLAYER_MOVE None
[11/16/2012 - 06:41:06PM] PLAYER_MOVE Run
[11/16/2012 - 06:41:06PM] PLAYER_TRIGGER_ENTER [ths1_TriggerEnterSCRIPT < (04074E4F)>]
[11/16/2012 - 06:41:06PM] PLAYER_TRIGGER_LEAVE [ths1_TriggerEnterSCRIPT < (04074E4F)>]
[11/16/2012 - 06:41:06PM] PLAYER_TRIGGER_ENTER [ths1_TriggerEnterSCRIPT < (04074E54)>]
[11/16/2012 - 06:41:07PM] PLAYER_MOVE None
[11/16/2012 - 06:41:09PM] PLAYER_ITEM_OBTAIN [ObjectReference < (040711E8)>] "Seared Slaughterfish"
[11/16/2012 - 06:41:10PM] PLAYER_ITEM_OBTAIN [ObjectReference < (040711E7)>] "Grilled Chicken Breast"
[11/16/2012 - 06:41:10PM] PLAYER_ITEM_OBTAIN [ObjectReference < (0407120A)>] "Cooked Beef"
[11/16/2012 - 06:41:11PM] PLAYER_ITEM_OBTAIN [ObjectReference < (040711E9)>] "Bread"
[11/16/2012 - 06:41:12PM] PLAYER_ITEM_OBTAIN [ObjectReference < (040711DE)>] "Platter"
[11/16/2012 - 06:41:13PM] PLAYER_TRIGGER_LEAVE [ths1_TriggerEnterSCRIPT < (04074E54)>]
[11/16/2012 - 06:41:13PM] PLAYER_MOVE Run
[11/16/2012 - 06:41:13PM] PLAYER_TRIGGER_ENTER [ths1_TriggerEnterSCRIPT < (04074E54)>]
[11/16/2012 - 06:41:14PM] PLAYER_MOVE None
[11/16/2012 - 06:41:15PM] PLAYER_ITEM_OBTAIN [ObjectReference < (040711E2)>] "Sweet Roll"
[11/16/2012 - 06:41:15PM] PLAYER_ITEM_OBTAIN [ObjectReference < (040711E0)>] "Sweet Roll"
[11/16/2012 - 06:41:15PM] PLAYER_ITEM_OBTAIN [ObjectReference < (040711DD)>] "Platter"
[11/16/2012 - 06:41:16PM] PLAYER_ITEM_OBTAIN [ObjectReference < (040711E5)>] "Sweet Roll"
[11/16/2012 - 06:41:17PM] PLAYER_ITEM_OBTAIN [ObjectReference < (040711E1)>] "Sweet Roll"
[11/16/2012 - 06:41:17PM] PLAYER_ITEM_OBTAIN [ObjectReference < (040711E4)>] "Sweet Roll"
[11/16/2012 - 06:41:17PM] PLAYER_ITEM_OBTAIN [ObjectReference < (040711E3)>] "Sweet Roll"
[11/16/2012 - 06:41:18PM] PLAYER_MOVE Run
[11/16/2012 - 06:41:19PM] PLAYER_MOVE None
[11/16/2012 - 06:41:19PM] PLAYER_ITEM_OBTAIN [ObjectReference < (040711E6)>] "Salmon Steak"
[11/16/2012 - 06:41:27PM] PLAYER_ITEM_REMOVED [ObjectReference < (040711DD)>] "Platter" COUNT 1 CONTAINER None
[11/16/2012 - 06:41:27PM] PLAYER_ITEM_REMOVED [ObjectReference < (040711DE)>] "Platter" COUNT 1 CONTAINER None
[11/16/2012 - 06:41:29PM] PLAYER_TRIGGER_LEAVE [ths1_TriggerEnterSCRIPT < (04074E54)>]
[11/16/2012 - 06:41:30PM] PLAYER_MOVE Run
[11/16/2012 - 06:41:30PM] PLAYER_TRIGGER_ENTER [ths1_TriggerEnterSCRIPT < (04074E54)>]
[11/16/2012 - 06:41:30PM] PLAYER_TRIGGER_LEAVE [ths1_TriggerEnterSCRIPT < (04074E54)>]
[11/16/2012 - 06:41:31PM] PLAYER_MOVE None
[11/16/2012 - 06:41:31PM] PLAYER_TRIGGER_ENTER [ths1_TriggerEnterSCRIPT < (04074E54)>]
[11/16/2012 - 06:41:31PM] PLAYER_TRIGGER_LEAVE [ths1_TriggerEnterSCRIPT < (04074E54)>]
[11/16/2012 - 06:41:32PM] PLAYER_TRIGGER_ENTER [ths1_TriggerEnterSCRIPT < (04074E4F)>]
[11/16/2012 - 06:41:33PM] PLAYER_TRIGGER_LEAVE [ths1_TriggerEnterSCRIPT < (04074E4F)>]
[11/16/2012 - 06:41:33PM] PLAYER_MOVE Run
[11/16/2012 - 06:41:34PM] PLAYER_MOVE None
[11/16/2012 - 06:41:40PM] PLAYER_MOVE Run
[11/16/2012 - 06:41:40PM] PLAYER_TRIGGER_ENTER [ths1_TriggerEnterSCRIPT < (04074E4F)>]
[11/16/2012 - 06:41:50PM] PLAYER_TRIGGER_ENTER [ths1_TriggerEnterSCRIPT < (0408C788)>]
[11/16/2012 - 06:41:50PM] PLAYER_TRIGGER_LEAVE [ths1_TriggerEnterSCRIPT < (04074E4F)>]
[11/16/2012 - 06:41:50PM] PLAYER_CELL_CHANGE [Cell <Wilderness (04085D56)>] ""
[11/16/2012 - 06:41:50PM] PLAYER_WORLDSPACE_CHANGE [WorldSpace <ths1_Town (04085D17)>] "Town"
[11/16/2012 - 06:41:51PM] PLAYER_MOVE None
[11/16/2012 - 06:41:55PM] PLAYER_MOVE Run
[11/16/2012 - 06:41:55PM] PLAYER_TRIGGER_LEAVE [ths1_TriggerEnterSCRIPT < (0408C788)>]
[11/16/2012 - 06:41:56PM] PLAYER_TRIGGER_ENTER [ths1_TriggerEnterSCRIPT < (0408CD5B)>]
[11/16/2012 - 06:41:58PM] PLAYER_TRIGGER_LEAVE [ths1_TriggerEnterSCRIPT < (0408CD5B)>]
[11/16/2012 - 06:42:03PM] PLAYER_TRIGGER_ENTER [ths1_TriggerEnterSCRIPT < (0408C7C2)>]
[11/16/2012 - 06:42:06PM] PLAYER_TRIGGER_LEAVE [ths1_TriggerEnterSCRIPT < (0408C7C2)>]
[11/16/2012 - 06:42:06PM] PLAYER_CELL_CHANGE [Cell <Wilderness (04085D54)>] ""
[11/16/2012 - 06:42:06PM] PLAYER_TRIGGER_ENTER [ths1_TriggerEnterSCRIPT < (0408C7C1)>]
[11/16/2012 - 06:42:08PM] PLAYER_ACTOR_VIEW_GAIN [ObjectReference < (04089359)>] "Seamus"
[11/16/2012 - 06:42:08PM] PLAYER_TRIGGER_LEAVE [ths1_TriggerEnterSCRIPT < (0408C7C1)>]
[11/16/2012 - 06:42:12PM] PLAYER_CELL_CHANGE [Cell <Wilderness (04085D4C)>] ""
[11/16/2012 - 06:42:14PM] PLAYER_ACTOR_VIEW_LOSS [ObjectReference < (04089359)>] "Seamus"
[11/16/2012 - 06:42:15PM] PLAYER_MOVE None
[11/16/2012 - 06:42:16PM] PLAYER_MOVE Run
[11/16/2012 - 06:42:26PM] PLAYER_TRIGGER_ENTER [ths1_TriggerEnterSCRIPT < (0408CDAD)>]
[11/16/2012 - 06:42:26PM] PLAYER_MOVE None
[11/16/2012 - 06:42:27PM] PLAYER_MOVE Run
[11/16/2012 - 06:42:31PM] PLAYER_TRIGGER_LEAVE [ths1_TriggerEnterSCRIPT < (0408CDAD)>]
[11/16/2012 - 06:42:31PM] PLAYER_TRIGGER_ENTER [ths1_TriggerEnterSCRIPT < (0408C7AE)>]
[11/16/2012 - 06:42:33PM] PLAYER_TRIGGER_LEAVE [ths1_TriggerEnterSCRIPT < (0408C7AE)>]
[11/16/2012 - 06:42:33PM] PLAYER_TRIGGER_ENTER [ths1_TriggerEnterSCRIPT < (0408C7AF)>]
[11/16/2012 - 06:42:33PM] PLAYER_ACTOR_VIEW_GAIN [ObjectReference < (04089359)>] "Seamus"
[11/16/2012 - 06:42:34PM] PLAYER_CELL_CHANGE [Cell <Wilderness (04085D42)>] ""
[11/16/2012 - 06:42:35PM] PLAYER_TRIGGER_LEAVE [ths1_TriggerEnterSCRIPT < (0408C7AF)>]
[11/16/2012 - 06:42:38PM] PLAYER_ACTOR_VIEW_LOSS [ObjectReference < (04089359)>] "Seamus"
[11/16/2012 - 06:42:40PM] PLAYER_ACTOR_VIEW_GAIN [ObjectReference < (04089359)>] "Seamus"
[11/16/2012 - 06:42:43PM] PLAYER_CELL_CHANGE [Cell <Wilderness (04085D44)>] ""
[11/16/2012 - 06:42:46PM] PLAYER_MOVE None
[11/16/2012 - 06:42:47PM] PLAYER_TRIGGER_ENTER [ths1_TriggerEnterSCRIPT < (0408C7A1)>]
[11/16/2012 - 06:42:47PM] PLAYER_MOVE Run
[11/16/2012 - 06:42:47PM] PLAYER_ACTOR_VIEW_LOSS [ObjectReference < (04089359)>] "Seamus"
[11/16/2012 - 06:42:47PM] PLAYER_TRIGGER_LEAVE [ths1_TriggerEnterSCRIPT < (0408C7A1)>]
[11/16/2012 - 06:42:50PM] PLAYER_TRIGGER_ENTER [ths1_TriggerEnterSCRIPT < (0408CD6A)>]
[11/16/2012 - 06:42:54PM] PLAYER_MOVE None
[11/16/2012 - 06:42:56PM] PLAYER_MOVE Run
[11/16/2012 - 06:42:59PM] PLAYER_TRIGGER_LEAVE [ths1_TriggerEnterSCRIPT < (0408CD6A)>]
[11/16/2012 - 06:43:06PM] PLAYER_CELL_CHANGE [Cell <Wilderness (04085D42)>] ""
[11/16/2012 - 06:43:11PM] PLAYER_MOVE None
[11/16/2012 - 06:43:12PM] PLAYER_MOVE Run
[11/16/2012 - 06:43:18PM] PLAYER_MOVE None
[11/16/2012 - 06:43:19PM] PLAYER_MOVE Run
[11/16/2012 - 06:43:22PM] PLAYER_TRIGGER_ENTER [ths1_TriggerEnterSCRIPT < (0408C7AE)>]
[11/16/2012 - 06:43:26PM] PLAYER_CELL_CHANGE [Cell <Wilderness (04085D40)>] ""
[11/16/2012 - 06:43:27PM] PLAYER_MOVE None
[11/16/2012 - 06:43:35PM] PLAYER_MOVE Run
[11/16/2012 - 06:43:36PM] PLAYER_CELL_CHANGE [Cell <Wilderness (04085D4A)>] ""
[11/16/2012 - 06:43:37PM] PLAYER_TRIGGER_ENTER [ths1_TriggerEnterSCRIPT < (0408CDAD)>]
[11/16/2012 - 06:43:37PM] PLAYER_TRIGGER_LEAVE [ths1_TriggerEnterSCRIPT < (0408C7AE)>]
[11/16/2012 - 06:43:43PM] PLAYER_TRIGGER_LEAVE [ths1_TriggerEnterSCRIPT < (0408CDAD)>]
[11/16/2012 - 06:43:45PM] PLAYER_TRIGGER_ENTER [ths1_TriggerEnterSCRIPT < (0408C7B0)>]
[11/16/2012 - 06:43:47PM] PLAYER_MOVE None
[11/16/2012 - 06:43:49PM] PLAYER_MOVE Run
[11/16/2012 - 06:43:52PM] PLAYER_TRIGGER_ENTER [ths1_TriggerEnterSCRIPT < (0408C7BF)>]
[11/16/2012 - 06:43:53PM] PLAYER_CELL_CHANGE [Cell <Wilderness (04085D52)>] ""
[11/16/2012 - 06:43:55PM] PLAYER_TRIGGER_LEAVE [ths1_TriggerEnterSCRIPT < (0408C7BF)>]
[11/16/2012 - 06:44:00PM] PLAYER_TRIGGER_LEAVE [ths1_TriggerEnterSCRIPT < (0408C7B0)>]
[11/16/2012 - 06:44:04PM] PLAYER_CELL_CHANGE [Cell <Wilderness (04085D54)>] ""
[11/16/2012 - 06:44:06PM] PLAYER_TRIGGER_ENTER [ths1_TriggerEnterSCRIPT < (0408C7B0)>]
[11/16/2012 - 06:44:06PM] PLAYER_ACTOR_VIEW_GAIN [ObjectReference < (04089359)>] "Seamus"
[11/16/2012 - 06:44:07PM] PLAYER_ACTOR_VIEW_LOSS [ObjectReference < (04089359)>] "Seamus"
[11/16/2012 - 06:44:10PM] PLAYER_TRIGGER_LEAVE [ths1_TriggerEnterSCRIPT < (0408C7B0)>]
[11/16/2012 - 06:44:11PM] PLAYER_TRIGGER_ENTER [ths1_TriggerEnterSCRIPT < (0408C7C1)>]
[11/16/2012 - 06:44:15PM] PLAYER_ACTOR_VIEW_GAIN [ObjectReference < (04089359)>] "Seamus"
[11/16/2012 - 06:44:15PM] PLAYER_TRIGGER_LEAVE [ths1_TriggerEnterSCRIPT < (0408C7C1)>]
[11/16/2012 - 06:44:19PM] PLAYER_CELL_CHANGE [Cell <Wilderness (04085D4C)>] ""
[11/16/2012 - 06:44:19PM] PLAYER_TRIGGER_ENTER [ths1_TriggerEnterSCRIPT < (0408C7C2)>]
[11/16/2012 - 06:44:19PM] PLAYER_ACTOR_VIEW_LOSS [ObjectReference < (04089359)>] "Seamus"
[11/16/2012 - 06:44:20PM] PLAYER_CELL_CHANGE [Cell <Wilderness (04085D34)>] ""
[11/16/2012 - 06:44:21PM] PLAYER_MOVE None
[11/16/2012 - 06:44:22PM] PLAYER_MOVE Run
[11/16/2012 - 06:44:23PM] PLAYER_TRIGGER_LEAVE [ths1_TriggerEnterSCRIPT < (0408C7C2)>]
[11/16/2012 - 06:44:25PM] PLAYER_CELL_CHANGE [Cell <Wilderness (04085D56)>] ""
[11/16/2012 - 06:44:25PM] PLAYER_TRIGGER_ENTER [ths1_TriggerEnterSCRIPT < (0408C788)>]
[11/16/2012 - 06:44:27PM] PLAYER_MOVE None
[11/16/2012 - 06:44:30PM] PLAYER_TRIGGER_ENTER [ths1_TriggerEnterSCRIPT < (04074E4F)>]
[11/16/2012 - 06:44:30PM] PLAYER_TRIGGER_LEAVE [ths1_TriggerEnterSCRIPT < (0408C788)>]
[11/16/2012 - 06:44:31PM] PLAYER_CELL_CHANGE [Cell <ths1_PlayerHouse (04071181)>] "Player House"
[11/16/2012 - 06:44:34PM] PLAYER_TRIGGER_LEAVE [ths1_TriggerEnterSCRIPT < (04074E4F)>]
[11/16/2012 - 06:44:34PM] PLAYER_TRIGGER_ENTER [ths1_TriggerEnterSCRIPT < (0408C788)>]
[11/16/2012 - 06:44:35PM] PLAYER_CELL_CHANGE [Cell <Wilderness (04085D56)>] ""
[11/16/2012 - 06:44:35PM] PLAYER_WORLDSPACE_CHANGE [WorldSpace <ths1_Town (04085D17)>] "Town"
[11/16/2012 - 06:44:36PM] PLAYER_MOVE Run
[11/16/2012 - 06:44:36PM] PLAYER_TRIGGER_LEAVE [ths1_TriggerEnterSCRIPT < (0408C788)>]
[11/16/2012 - 06:44:37PM] PLAYER_CELL_CHANGE [Cell <Wilderness (04085D34)>] ""
[11/16/2012 - 06:44:39PM] PLAYER_TRIGGER_ENTER [ths1_TriggerEnterSCRIPT < (0408C7C2)>]
[11/16/2012 - 06:44:42PM] PLAYER_TRIGGER_LEAVE [ths1_TriggerEnterSCRIPT < (0408C7C2)>]
[11/16/2012 - 06:44:42PM] PLAYER_CELL_CHANGE [Cell <Wilderness (04085D4C)>] ""
[11/16/2012 - 06:44:45PM] PLAYER_TRIGGER_ENTER [ths1_TriggerEnterSCRIPT < (0408C7C0)>]
[11/16/2012 - 06:44:45PM] PLAYER_TRIGGER_LEAVE [ths1_TriggerEnterSCRIPT < (0408C7C0)>]
[11/16/2012 - 06:44:55PM] PLAYER_TRIGGER_ENTER [ths1_TriggerEnterSCRIPT < (040748BF)>]
[11/16/2012 - 06:44:56PM] PLAYER_CELL_CHANGE [Cell <ths1_MuseumInterior (04044D5A)>] "Bubbsey's Oddity Emporium"
[11/16/2012 - 06:44:56PM] PLAYER_MOVE None
[11/16/2012 - 06:44:57PM] PLAYER_TRIGGER_ENTER [ths1_TriggerEnterSCRIPT < (040748C7)>]
[11/16/2012 - 06:44:57PM] PLAYER_MOVE Run
[11/16/2012 - 06:44:57PM] PLAYER_TRIGGER_LEAVE [ths1_TriggerEnterSCRIPT < (040748BF)>]
[11/16/2012 - 06:44:57PM] PLAYER_TRIGGER_LEAVE [ths1_TriggerEnterSCRIPT < (040748C7)>]
[11/16/2012 - 06:44:57PM] PLAYER_TRIGGER_ENTER [ths1_TriggerEnterSCRIPT < (040748CB)>]
[11/16/2012 - 06:44:58PM] PLAYER_MOVE None
[11/16/2012 - 06:44:58PM] PLAYER_TRIGGER_LEAVE [ths1_TriggerEnterSCRIPT < (040748CB)>]
[11/16/2012 - 06:44:58PM] PLAYER_TRIGGER_ENTER [ths1_TriggerEnterSCRIPT < (040748C7)>]
[11/16/2012 - 06:44:59PM] PLAYER_TRIGGER_ENTER [ths1_TriggerEnterSCRIPT < (040748BF)>]
[11/16/2012 - 06:44:59PM] PLAYER_MOVE Run
[11/16/2012 - 06:44:59PM] PLAYER_TRIGGER_LEAVE [ths1_TriggerEnterSCRIPT < (040748C7)>]
[11/16/2012 - 06:44:59PM] PLAYER_TRIGGER_LEAVE [ths1_TriggerEnterSCRIPT < (040748BF)>]
[11/16/2012 - 06:44:59PM] PLAYER_TRIGGER_ENTER [ths1_TriggerEnterSCRIPT < (040748CB)>]
[11/16/2012 - 06:45:00PM] PLAYER_TRIGGER_LEAVE [ths1_TriggerEnterSCRIPT < (040748CB)>]
[11/16/2012 - 06:45:00PM] PLAYER_MOVE None
[11/16/2012 - 06:45:02PM] PLAYER_TRIGGER_ENTER [ths1_TriggerEnterSCRIPT < (040748CB)>]
[11/16/2012 - 06:45:06PM] PLAYER_MOVE Run
[11/16/2012 - 06:45:07PM] PLAYER_TRIGGER_LEAVE [ths1_TriggerEnterSCRIPT < (040748CB)>]
[11/16/2012 - 06:45:10PM] PLAYER_MOVE None
[11/16/2012 - 06:45:12PM] PLAYER_TRIGGER_ENTER [ths1_TriggerEnterSCRIPT < (040748D4)>]
[11/16/2012 - 06:45:12PM] PLAYER_MOVE Run
[11/16/2012 - 06:45:13PM] PLAYER_TRIGGER_LEAVE [ths1_TriggerEnterSCRIPT < (040748D4)>]
[11/16/2012 - 06:45:13PM] PLAYER_MOVE None
[11/16/2012 - 06:45:14PM] PLAYER_MOVE Run
[11/16/2012 - 06:45:15PM] PLAYER_MOVE None
[11/16/2012 - 06:45:17PM] QUEST_STAGE_CHANGE [ths1_CaptiveOrcQuestSCRIPT <ths1_CaptiveOrc (0401A9F8)>] "The Museum Attraction" 5
[11/16/2012 - 06:45:17PM] PLAYER_TRIGGER_ENTER [ths1_TriggerEnterSCRIPT < (040748D5)>]
[11/16/2012 - 06:45:18PM] ACTOR_DOOR_OPEN [ObjectReference < (00000014)>] "Researcher" : [ths1_MuseumHiddenDoorSCRIPT <alias MuseumHiddenDoor on quest ths1_CaptiveOrc (0401A9F8)>] "MuseumHiddenDoor"
[11/16/2012 - 06:45:18PM] PLAYER_TRIGGER_LEAVE [ths1_TriggerEnterSCRIPT < (040748D5)>]
[11/16/2012 - 06:45:20PM] PLAYER_TRIGGER_ENTER [ths1_TriggerEnterSCRIPT < (040748D5)>]
[11/16/2012 - 06:45:21PM] PLAYER_MOVE Run
[11/16/2012 - 06:45:21PM] PLAYER_TRIGGER_LEAVE [ths1_TriggerEnterSCRIPT < (040748D5)>]
[11/16/2012 - 06:45:22PM] PLAYER_TRIGGER_ENTER [ths1_NearOrcCageTrigScript <alias NearMuseumOrcCageTrigALIAS on quest ths1_CaptiveOrc (0401A9F8)>]
[11/16/2012 - 06:45:23PM] QUEST_STAGE_CHANGE [ths1_CaptiveOrcQuestSCRIPT <ths1_CaptiveOrc (0401A9F8)>] "The Museum Attraction" 10
[11/16/2012 - 06:45:24PM] PLAYER_MOVE None
[11/16/2012 - 06:45:39PM] PLAYER_ITEM_REMOVED [ObjectReference < (040711E9)>] "Bread" COUNT 1 CONTAINER [ObjectReference < (040491E3)>]
[11/16/2012 - 06:45:40PM] PLAYER_ITEM_REMOVED None "Red Apple" COUNT 1 CONTAINER [ObjectReference < (040491E3)>]
[11/16/2012 - 06:45:41PM] PLAYER_ITEM_REMOVED [ObjectReference < (040711E1)>] "Sweet Roll" COUNT 1 CONTAINER [ObjectReference < (040491E3)>]
[11/16/2012 - 06:45:41PM] PLAYER_ITEM_REMOVED [ObjectReference < (040711E5)>] "Sweet Roll" COUNT 1 CONTAINER [ObjectReference < (040491E3)>]
[11/16/2012 - 06:45:41PM] PLAYER_ITEM_REMOVED [ObjectReference < (040711E0)>] "Sweet Roll" COUNT 1 CONTAINER [ObjectReference < (040491E3)>]
[11/16/2012 - 06:45:41PM] PLAYER_ITEM_REMOVED [ObjectReference < (040711E2)>] "Sweet Roll" COUNT 1 CONTAINER [ObjectReference < (040491E3)>]
[11/16/2012 - 06:45:41PM] PLAYER_ITEM_REMOVED [ObjectReference < (040711E3)>] "Sweet Roll" COUNT 1 CONTAINER [ObjectReference < (040491E3)>]
[11/16/2012 - 06:45:41PM] PLAYER_ITEM_REMOVED [ObjectReference < (040711E4)>] "Sweet Roll" COUNT 1 CONTAINER [ObjectReference < (040491E3)>]
[11/16/2012 - 06:45:45PM] PLAYER_DIALOGUE [TIF__020810CD <topic info 040810CD on quest ths1_CaptiveOrc (0401A9F8)>] NPC_SPEAKER [Actor < (040491E3)>]
[11/16/2012 - 06:45:48PM] PLAYER_DIALOGUE [TIF__0101A9FC <topic info 0401A9FC on quest ths1_CaptiveOrc (0401A9F8)>] NPC_SPEAKER [Actor < (040491E3)>]
[11/16/2012 - 06:45:51PM] PLAYER_DIALOGUE [TIF__0101AF67 <topic info 0401AF67 on quest ths1_CaptiveOrc (0401A9F8)>] NPC_SPEAKER [Actor < (040491E3)>]
[11/16/2012 - 06:45:53PM] PLAYER_DIALOGUE [TIF__0101AF6B <topic info 0401AF6B on quest ths1_CaptiveOrc (0401A9F8)>] NPC_SPEAKER [Actor < (040491E3)>]
[11/16/2012 - 06:45:57PM] PLAYER_DIALOGUE [TIF__010700E0 <topic info 040700E0 on quest ths1_CaptiveOrc (0401A9F8)>] NPC_SPEAKER [Actor < (040491E3)>]
[11/16/2012 - 06:46:06PM] PLAYER_ITEM_REMOVED [ObjectReference < (040711E7)>] "Grilled Chicken Breast" COUNT 1 CONTAINER [ObjectReference < (040491E3)>]
[11/16/2012 - 06:46:08PM] PLAYER_ITEM_REMOVED [ObjectReference < (040711E8)>] "Seared Slaughterfish" COUNT 1 CONTAINER [ObjectReference < (040491E3)>]
[11/16/2012 - 06:46:08PM] PLAYER_ITEM_REMOVED [ObjectReference < (040711E6)>] "Salmon Steak" COUNT 1 CONTAINER [ObjectReference < (040491E3)>]
[11/16/2012 - 06:46:10PM] PLAYER_ITEM_REMOVED [ObjectReference < (0407120A)>] "Cooked Beef" COUNT 1 CONTAINER [ObjectReference < (040491E3)>]
[11/16/2012 - 06:46:13PM] PLAYER_DIALOGUE [TIF__020810C7 <topic info 040810C7 on quest ths1_CaptiveOrc (0401A9F8)>] NPC_SPEAKER [Actor < (040491E3)>]
[11/16/2012 - 06:46:19PM] PLAYER_MOVE Run
[11/16/2012 - 06:46:20PM] PLAYER_MOVE None
[11/16/2012 - 06:46:24PM] PLAYER_MOVE Run
[11/16/2012 - 06:46:26PM] PLAYER_MOVE None
[11/16/2012 - 06:46:27PM] PLAYER_TRIGGER_ENTER [ths1_TriggerEnterSCRIPT < (040748D5)>]
[11/16/2012 - 06:46:27PM] PLAYER_MOVE Run
[11/16/2012 - 06:46:28PM] PLAYER_TRIGGER_LEAVE [ths1_TriggerEnterSCRIPT < (040748D5)>]
[11/16/2012 - 06:46:28PM] PLAYER_TRIGGER_ENTER [ths1_TriggerEnterSCRIPT < (040748D4)>]
[11/16/2012 - 06:46:29PM] PLAYER_TRIGGER_LEAVE [ths1_TriggerEnterSCRIPT < (040748D4)>]
[11/16/2012 - 06:46:30PM] PLAYER_MOVE None
[11/16/2012 - 06:46:43PM] PLAYER_BOOK_READ [ths1_BookOfOrcsScript <alias OrcBook on quest ths1_CaptiveOrc (0401A9F8)>]
[11/16/2012 - 06:46:56PM] PLAYER_MOVE Run
[11/16/2012 - 06:46:57PM] PLAYER_MOVE None
[11/16/2012 - 06:46:58PM] PLAYER_ITEM_OBTAIN [ObjectReference < (04044E58)>] "Runed Lexicon"
[11/16/2012 - 06:47:02PM] PLAYER_ITEM_OBTAIN [ObjectReference < (04044E54)>] "Inkwell"
[11/16/2012 - 06:47:05PM] PLAYER_ITEM_OBTAIN [ObjectReference < (04044E55)>] "Quill"
[11/16/2012 - 06:47:14PM] PLAYER_DIALOGUE [TIF__010688C7 <topic info 040688C7 on quest ths1_CaptiveOrc (0401A9F8)>] NPC_SPEAKER [Actor < (04049751)>]
[11/16/2012 - 06:47:18PM] PLAYER_DIALOGUE [TIF__010693A0 <topic info 040693A0 on quest ths1_CaptiveOrc (0401A9F8)>] NPC_SPEAKER [Actor < (04049751)>]
[11/16/2012 - 06:47:21PM] PLAYER_DIALOGUE [TIF__0106990D <topic info 0406990D on quest ths1_CaptiveOrc (0401A9F8)>] NPC_SPEAKER [Actor < (04049751)>]
[11/16/2012 - 06:47:30PM] PLAYER_DIALOGUE [TIF__0104C309 <topic info 0404C309 on quest ths1_CaptiveOrc (0401A9F8)>] NPC_SPEAKER [Actor < (04049751)>]
[11/16/2012 - 06:47:36PM] PLAYER_MOVE Run
[11/16/2012 - 06:47:38PM] PLAYER_TRIGGER_ENTER [ths1_TriggerEnterSCRIPT < (040748C9)>]
[11/16/2012 - 06:47:38PM] PLAYER_TRIGGER_ENTER [ths1_TriggerEnterSCRIPT < (040748CA)>]
[11/16/2012 - 06:47:38PM] PLAYER_TRIGGER_LEAVE [ths1_TriggerEnterSCRIPT < (040748C9)>]
[11/16/2012 - 06:47:39PM] PLAYER_TRIGGER_LEAVE [ths1_TriggerEnterSCRIPT < (040748CA)>]
[11/16/2012 - 06:47:39PM] PLAYER_TRIGGER_ENTER [ths1_TriggerEnterSCRIPT < (040748CB)>]
[11/16/2012 - 06:47:39PM] PLAYER_MOVE None
[11/16/2012 - 06:47:40PM] PLAYER_TRIGGER_LEAVE [ths1_TriggerEnterSCRIPT < (040748CB)>]
[11/16/2012 - 06:47:40PM] PLAYER_MOVE Run
[11/16/2012 - 06:47:46PM] PLAYER_TRIGGER_ENTER [ths1_TriggerEnterSCRIPT < (040748D4)>]
[11/16/2012 - 06:47:46PM] PLAYER_TRIGGER_LEAVE [ths1_TriggerEnterSCRIPT < (040748D4)>]
[11/16/2012 - 06:47:47PM] PLAYER_MOVE None
[11/16/2012 - 06:47:49PM] PLAYER_MOVE Run
[11/16/2012 - 06:47:50PM] PLAYER_TRIGGER_ENTER [ths1_TriggerEnterSCRIPT < (040748CD)>]
[11/16/2012 - 06:47:52PM] PLAYER_TRIGGER_LEAVE [ths1_TriggerEnterSCRIPT < (040748CD)>]
[11/16/2012 - 06:47:54PM] PLAYER_MOVE None
[11/16/2012 - 06:47:58PM] PLAYER_ITEM_OBTAIN None "Bear Pelt"
[11/16/2012 - 06:48:00PM] PLAYER_TRIGGER_ENTER [ths1_TriggerEnterSCRIPT < (040748CD)>]
[11/16/2012 - 06:48:01PM] PLAYER_ITEM_OBTAIN [ObjectReference < (04044D99)>] "Basket"
[11/16/2012 - 06:48:08PM] PLAYER_MOVE Run
[11/16/2012 - 06:48:09PM] PLAYER_TRIGGER_LEAVE [ths1_TriggerEnterSCRIPT < (040748CD)>]
[11/16/2012 - 06:48:12PM] PLAYER_TRIGGER_ENTER [ths1_TriggerEnterSCRIPT < (040748CB)>]
[11/16/2012 - 06:48:13PM] PLAYER_MOVE None
[11/16/2012 - 06:48:14PM] PLAYER_MOVE Run
[11/16/2012 - 06:48:14PM] PLAYER_TRIGGER_ENTER [ths1_TriggerEnterSCRIPT < (040748CA)>]
[11/16/2012 - 06:48:14PM] PLAYER_TRIGGER_LEAVE [ths1_TriggerEnterSCRIPT < (040748CB)>]
[11/16/2012 - 06:48:16PM] PLAYER_MOVE None
[11/16/2012 - 06:48:16PM] PLAYER_POV_CHANGE THIRD_PERSON
[11/16/2012 - 06:48:17PM] PLAYER_POV_CHANGE FIRST_PERSON
[11/16/2012 - 06:48:19PM] PLAYER_DISPLAY_CASE_OPEN [ths1_DisplayCaseScript < (04044E1E)>]
[11/16/2012 - 06:48:27PM] PLAYER_TRIGGER_ENTER [ths1_TriggerEnterSCRIPT < (040748C9)>]
[11/16/2012 - 06:48:27PM] PLAYER_TRIGGER_LEAVE [ths1_TriggerEnterSCRIPT < (040748CA)>]
[11/16/2012 - 06:48:27PM] PLAYER_MOVE Run
[11/16/2012 - 06:48:29PM] PLAYER_DISPLAY_CASE_OPEN [ths1_DisplayCaseScript < (04044E1D)>]
[11/16/2012 - 06:48:29PM] PLAYER_MOVE None
[11/16/2012 - 06:48:33PM] PLAYER_TRIGGER_LEAVE [ths1_TriggerEnterSCRIPT < (040748C9)>]
[11/16/2012 - 06:48:34PM] PLAYER_MOVE Run
[11/16/2012 - 06:48:34PM] PLAYER_MOVE None
[11/16/2012 - 06:48:38PM] PLAYER_MOVE Run
[11/16/2012 - 06:48:39PM] PLAYER_MOVE None
[11/16/2012 - 06:48:40PM] PLAYER_MOVE Run
[11/16/2012 - 06:48:41PM] PLAYER_MOVE None
[11/16/2012 - 06:48:42PM] PLAYER_MOVE Run
[11/16/2012 - 06:48:43PM] PLAYER_MOVE None
[11/16/2012 - 06:48:50PM] PLAYER_MOVE Run
[11/16/2012 - 06:48:52PM] PLAYER_MOVE None
[11/16/2012 - 06:48:56PM] PLAYER_TRIGGER_ENTER [ths1_TriggerEnterSCRIPT < (040748C8)>]
[11/16/2012 - 06:48:57PM] PLAYER_TRIGGER_LEAVE [ths1_TriggerEnterSCRIPT < (040748C8)>]
[11/16/2012 - 06:48:59PM] PLAYER_TRIGGER_ENTER [ths1_TriggerEnterSCRIPT < (040748CC)>]
[11/16/2012 - 06:48:59PM] PLAYER_MOVE Run
[11/16/2012 - 06:49:00PM] PLAYER_MOVE None
[11/16/2012 - 06:49:11PM] PLAYER_TRIGGER_LEAVE [ths1_TriggerEnterSCRIPT < (040748CC)>]
[11/16/2012 - 06:49:12PM] PLAYER_MOVE Run
[11/16/2012 - 06:49:13PM] PLAYER_TRIGGER_ENTER [ths1_TriggerEnterSCRIPT < (040748C9)>]
[11/16/2012 - 06:49:14PM] PLAYER_TRIGGER_LEAVE [ths1_TriggerEnterSCRIPT < (040748C9)>]
[11/16/2012 - 06:49:14PM] PLAYER_TRIGGER_ENTER [ths1_TriggerEnterSCRIPT < (040748CB)>]
[11/16/2012 - 06:49:15PM] PLAYER_MOVE None
[11/16/2012 - 06:49:15PM] PLAYER_TRIGGER_LEAVE [ths1_TriggerEnterSCRIPT < (040748CB)>]
[11/16/2012 - 06:49:16PM] PLAYER_TRIGGER_ENTER [ths1_TriggerEnterSCRIPT < (040748CA)>]
[11/16/2012 - 06:49:16PM] PLAYER_TRIGGER_LEAVE [ths1_TriggerEnterSCRIPT < (040748CA)>]
[11/16/2012 - 06:49:16PM] PLAYER_MOVE Run
[11/16/2012 - 06:49:20PM] PLAYER_MOVE None
[11/16/2012 - 06:49:21PM] PLAYER_MOVE Run
[11/16/2012 - 06:49:23PM] PLAYER_TRIGGER_ENTER [ths1_TriggerEnterSCRIPT < (040748C8)>]
[11/16/2012 - 06:49:24PM] PLAYER_TRIGGER_ENTER [ths1_TriggerEnterSCRIPT < (040748BF)>]
[11/16/2012 - 06:49:24PM] PLAYER_TRIGGER_LEAVE [ths1_TriggerEnterSCRIPT < (040748C8)>]
[11/16/2012 - 06:49:24PM] PLAYER_MOVE None
[11/16/2012 - 06:49:27PM] PLAYER_TRIGGER_ENTER [ths1_TriggerEnterSCRIPT < (0408C7C0)>]
[11/16/2012 - 06:49:27PM] PLAYER_TRIGGER_LEAVE [ths1_TriggerEnterSCRIPT < (040748BF)>]
[11/16/2012 - 06:49:27PM] PLAYER_CELL_CHANGE [Cell <Wilderness (04085D4C)>] ""
[11/16/2012 - 06:49:27PM] PLAYER_WORLDSPACE_CHANGE [WorldSpace <ths1_Town (04085D17)>] "Town"
[11/16/2012 - 06:49:29PM] PLAYER_MOVE Run
[11/16/2012 - 06:49:29PM] PLAYER_TRIGGER_LEAVE [ths1_TriggerEnterSCRIPT < (0408C7C0)>]
[11/16/2012 - 06:49:33PM] PLAYER_ACTOR_VIEW_GAIN [ObjectReference < (04089359)>] "Seamus"
[11/16/2012 - 06:49:34PM] PLAYER_ACTOR_VIEW_LOSS [ObjectReference < (04089359)>] "Seamus"
[11/16/2012 - 06:49:34PM] PLAYER_TRIGGER_ENTER [ths1_TriggerEnterSCRIPT < (0408C7A7)>]
[11/16/2012 - 06:49:36PM] PLAYER_MOVE None
[11/16/2012 - 06:50:06PM] PLAYER_MOVE Run
[11/16/2012 - 06:50:07PM] PLAYER_TRIGGER_LEAVE [ths1_TriggerEnterSCRIPT < (0408C7A7)>]
[11/16/2012 - 06:50:08PM] PLAYER_CELL_CHANGE [Cell <Wilderness (04085D34)>] ""
[11/16/2012 - 06:50:11PM] PLAYER_MOVE None
[11/16/2012 - 06:50:13PM] PLAYER_DIALOGUE [TIF__0207FA85 <topic info 0407FA85 on quest ths1_MasterQuest (040319F7)>] NPC_SPEAKER [Actor < (0408BC45)>]
[11/16/2012 - 06:50:16PM] PLAYER_DIALOGUE [TIF__0208EEAE <topic info 0408EEAE on quest ths1_MasterQuest (040319F7)>] NPC_SPEAKER [Actor < (0408BC45)>]
[11/16/2012 - 06:50:25PM] PLAYER_DIALOGUE [TIF__0208EEB2 <topic info 0408EEB2 on quest ths1_MasterQuest (040319F7)>] NPC_SPEAKER [Actor < (0408BC45)>]
[11/16/2012 - 06:50:30PM] PLAYER_MOVE Run
[11/16/2012 - 06:50:32PM] PLAYER_TRIGGER_ENTER [ths1_TriggerEnterSCRIPT < (0408CD5A)>]
[11/16/2012 - 06:50:33PM] PLAYER_ACTOR_VIEW_GAIN [ObjectReference < (04089359)>] "Seamus"
[11/16/2012 - 06:50:37PM] PLAYER_ACTOR_VIEW_LOSS [ObjectReference < (04089359)>] "Seamus"
[11/16/2012 - 06:50:39PM] PLAYER_MOVE None
[11/16/2012 - 06:50:40PM] PLAYER_MOVE Run
[11/16/2012 - 06:50:41PM] PLAYER_ACTOR_VIEW_GAIN [ObjectReference < (04089359)>] "Seamus"
[11/16/2012 - 06:50:42PM] PLAYER_TRIGGER_LEAVE [ths1_TriggerEnterSCRIPT < (0408CD5A)>]
[11/16/2012 - 06:50:42PM] PLAYER_ACTOR_VIEW_LOSS [ObjectReference < (04089359)>] "Seamus"
[11/16/2012 - 06:50:43PM] PLAYER_CELL_CHANGE [Cell <Wilderness (04085D4C)>] ""
[11/16/2012 - 06:50:44PM] PLAYER_TRIGGER_ENTER [ths1_TriggerEnterSCRIPT < (0408C7A9)>]
[11/16/2012 - 06:50:45PM] PLAYER_TRIGGER_LEAVE [ths1_TriggerEnterSCRIPT < (0408C7A9)>]
[11/16/2012 - 06:50:45PM] PLAYER_TRIGGER_ENTER [ths1_TriggerEnterSCRIPT < (0408C7A8)>]
[11/16/2012 - 06:50:48PM] PLAYER_TRIGGER_LEAVE [ths1_TriggerEnterSCRIPT < (0408C7A8)>]
[11/16/2012 - 06:50:48PM] PLAYER_TRIGGER_ENTER [ths1_TriggerEnterSCRIPT < (0408C7AA)>]
[11/16/2012 - 06:50:49PM] PLAYER_TRIGGER_LEAVE [ths1_TriggerEnterSCRIPT < (0408C7AA)>]
[11/16/2012 - 06:50:50PM] PLAYER_MOVE None
[11/16/2012 - 06:50:55PM] PLAYER_CELL_CHANGE [Cell <ths1_TempleInterior (04019CC3)>] "Town Temple"
[11/16/2012 - 06:50:55PM] PLAYER_MOVE Run
[11/16/2012 - 06:50:56PM] PLAYER_MOVE None
[11/16/2012 - 06:51:00PM] PLAYER_MOVE Run
[11/16/2012 - 06:51:01PM] PLAYER_MOVE None
[11/16/2012 - 06:51:02PM] PLAYER_MOVE Run
[11/16/2012 - 06:51:06PM] PLAYER_MOVE None
[11/16/2012 - 06:51:06PM] PLAYER_TRIGGER_ENTER [ths1_TriggerEnterSCRIPT < (04074E69)>]
[11/16/2012 - 06:51:07PM] PLAYER_TRIGGER_ENTER [ths1_TriggerEnterSCRIPT < (04074E6A)>]
[11/16/2012 - 06:51:07PM] PLAYER_TRIGGER_LEAVE [ths1_TriggerEnterSCRIPT < (04074E69)>]
[11/16/2012 - 06:51:08PM] PLAYER_MOVE Run
[11/16/2012 - 06:51:08PM] PLAYER_TRIGGER_LEAVE [ths1_TriggerEnterSCRIPT < (04074E6A)>]
[11/16/2012 - 06:51:10PM] PLAYER_TRIGGER_ENTER [ths1_TriggerEnterSCRIPT < (04074E6B)>]
[11/16/2012 - 06:51:11PM] PLAYER_TRIGGER_LEAVE [ths1_TriggerEnterSCRIPT < (04074E6B)>]
[11/16/2012 - 06:51:11PM] PLAYER_TRIGGER_ENTER [ths1_TriggerEnterSCRIPT < (04074E6C)>]
[11/16/2012 - 06:51:12PM] PLAYER_TRIGGER_LEAVE [ths1_TriggerEnterSCRIPT < (04074E6C)>]
[11/16/2012 - 06:51:12PM] PLAYER_MOVE None
[11/16/2012 - 06:51:14PM] PLAYER_TRIGGER_ENTER [ths1_TriggerEnterSCRIPT < (04074E6C)>]
[11/16/2012 - 06:51:14PM] PLAYER_TRIGGER_ENTER [ths1_TriggerEnterSCRIPT < (04074E6B)>]
[11/16/2012 - 06:51:14PM] PLAYER_TRIGGER_LEAVE [ths1_TriggerEnterSCRIPT < (04074E6C)>]
[11/16/2012 - 06:51:14PM] PLAYER_TRIGGER_LEAVE [ths1_TriggerEnterSCRIPT < (04074E6B)>]
[11/16/2012 - 06:51:14PM] PLAYER_MOVE Run
[11/16/2012 - 06:51:15PM] PLAYER_TRIGGER_ENTER [ths1_TriggerEnterSCRIPT < (04074E6A)>]
[11/16/2012 - 06:51:16PM] PLAYER_TRIGGER_ENTER [ths1_TriggerEnterSCRIPT < (04074E69)>]
[11/16/2012 - 06:51:16PM] PLAYER_TRIGGER_LEAVE [ths1_TriggerEnterSCRIPT < (04074E6A)>]
[11/16/2012 - 06:51:17PM] PLAYER_TRIGGER_LEAVE [ths1_TriggerEnterSCRIPT < (04074E69)>]
[11/16/2012 - 06:51:21PM] PLAYER_MOVE None
[11/16/2012 - 06:51:22PM] PLAYER_TRIGGER_ENTER [ths1_TriggerEnterSCRIPT < (04074E61)>]
[11/16/2012 - 06:51:23PM] PLAYER_MOVE Run
[11/16/2012 - 06:51:23PM] PLAYER_TRIGGER_LEAVE [ths1_TriggerEnterSCRIPT < (04074E61)>]
[11/16/2012 - 06:51:24PM] PLAYER_TRIGGER_ENTER [ths1_TriggerEnterSCRIPT < (04074E61)>]
[11/16/2012 - 06:51:24PM] PLAYER_TRIGGER_ENTER [ths1_TriggerEnterSCRIPT < (04074E5F)>]
[11/16/2012 - 06:51:24PM] PLAYER_TRIGGER_LEAVE [ths1_TriggerEnterSCRIPT < (04074E61)>]
[11/16/2012 - 06:51:25PM] PLAYER_TRIGGER_LEAVE [ths1_TriggerEnterSCRIPT < (04074E5F)>]
[11/16/2012 - 06:51:25PM] PLAYER_MOVE None
[11/16/2012 - 06:51:27PM] PLAYER_MOVE Run
[11/16/2012 - 06:51:28PM] PLAYER_MOVE None
[11/16/2012 - 06:51:30PM] PLAYER_TRIGGER_ENTER [ths1_TriggerEnterSCRIPT < (04074E5E)>]
[11/16/2012 - 06:51:30PM] PLAYER_TRIGGER_ENTER [ths1_TriggerEnterSCRIPT < (04074E60)>]
[11/16/2012 - 06:51:30PM] PLAYER_TRIGGER_LEAVE [ths1_TriggerEnterSCRIPT < (04074E5E)>]
[11/16/2012 - 06:51:31PM] PLAYER_MOVE Run
[11/16/2012 - 06:51:31PM] PLAYER_TRIGGER_LEAVE [ths1_TriggerEnterSCRIPT < (04074E60)>]
[11/16/2012 - 06:51:34PM] PLAYER_MOVE None
[11/16/2012 - 06:51:38PM] PLAYER_MOVE Run
[11/16/2012 - 06:51:39PM] PLAYER_TRIGGER_ENTER [ths1_TriggerEnterSCRIPT < (04074E60)>]
[11/16/2012 - 06:51:39PM] PLAYER_TRIGGER_ENTER [ths1_TriggerEnterSCRIPT < (04074E5E)>]
[11/16/2012 - 06:51:39PM] PLAYER_TRIGGER_LEAVE [ths1_TriggerEnterSCRIPT < (04074E60)>]
[11/16/2012 - 06:51:39PM] PLAYER_TRIGGER_LEAVE [ths1_TriggerEnterSCRIPT < (04074E5E)>]
[11/16/2012 - 06:51:41PM] PLAYER_MOVE None
[11/16/2012 - 06:51:41PM] PLAYER_TRIGGER_ENTER [ths1_TriggerEnterSCRIPT < (04074E5F)>]
[11/16/2012 - 06:51:41PM] PLAYER_TRIGGER_ENTER [ths1_TriggerEnterSCRIPT < (04074E61)>]
[11/16/2012 - 06:51:41PM] PLAYER_TRIGGER_LEAVE [ths1_TriggerEnterSCRIPT < (04074E5F)>]
[11/16/2012 - 06:51:42PM] PLAYER_TRIGGER_LEAVE [ths1_TriggerEnterSCRIPT < (04074E61)>]
[11/16/2012 - 06:51:42PM] PLAYER_MOVE Run
[11/16/2012 - 06:51:42PM] PLAYER_TRIGGER_ENTER [ths1_EnterTempleBookshelfTrigScript <alias TempleBookshelfTrigger on quest ths1_BarrianBookQuest (0404540C)>]
[11/16/2012 - 06:51:44PM] PLAYER_MOVE None
[11/16/2012 - 06:51:45PM] PLAYER_MOVE Run
[11/16/2012 - 06:51:48PM] PLAYER_MOVE None
[11/16/2012 - 06:51:50PM] PLAYER_DIALOGUE [TIF__02074354 <topic info 04074354 on quest ths1_BarrianBookQuest (0404540C)>] NPC_SPEAKER [Actor < (040371CE)>]
[11/16/2012 - 06:51:57PM] PLAYER_DIALOGUE [TIF__02074354 <topic info 04074354 on quest ths1_BarrianBookQuest (0404540C)>] NPC_SPEAKER [Actor < (0404540E)>]
[11/16/2012 - 06:52:00PM] PLAYER_MOVE Run
[11/16/2012 - 06:52:01PM] PLAYER_TRIGGER_ENTER [ths1_TriggerEnterSCRIPT < (04074E62)>]
[11/16/2012 - 06:52:01PM] PLAYER_TRIGGER_ENTER [ths1_TriggerEnterSCRIPT < (04074E63)>]
[11/16/2012 - 06:52:02PM] PLAYER_TRIGGER_LEAVE [ths1_TriggerEnterSCRIPT < (04074E63)>]
[11/16/2012 - 06:52:02PM] PLAYER_MOVE None
[11/16/2012 - 06:52:03PM] PLAYER_TRIGGER_ENTER [ths1_TriggerEnterSCRIPT < (04074E63)>]
[11/16/2012 - 06:52:03PM] PLAYER_TRIGGER_LEAVE [ths1_TriggerEnterSCRIPT < (04074E62)>]
[11/16/2012 - 06:52:03PM] PLAYER_MOVE Run
[11/16/2012 - 06:52:03PM] PLAYER_TRIGGER_LEAVE [ths1_TriggerEnterSCRIPT < (04074E63)>]
[11/16/2012 - 06:52:04PM] PLAYER_MOVE None
[11/16/2012 - 06:52:05PM] PLAYER_TRIGGER_ENTER [ths1_TriggerEnterSCRIPT < (04074E64)>]
[11/16/2012 - 06:52:06PM] PLAYER_MOVE Run
[11/16/2012 - 06:52:07PM] PLAYER_TRIGGER_LEAVE [ths1_TriggerEnterSCRIPT < (04074E64)>]
[11/16/2012 - 06:52:10PM] PLAYER_TRIGGER_ENTER [ths1_TriggerEnterSCRIPT < (04074E65)>]
[11/16/2012 - 06:52:10PM] PLAYER_TRIGGER_ENTER [ths1_TriggerEnterSCRIPT < (04074E66)>]
[11/16/2012 - 06:52:11PM] PLAYER_TRIGGER_LEAVE [ths1_TriggerEnterSCRIPT < (04074E65)>]
[11/16/2012 - 06:52:11PM] PLAYER_TRIGGER_LEAVE [ths1_TriggerEnterSCRIPT < (04074E66)>]
[11/16/2012 - 06:52:12PM] PLAYER_MOVE None
[11/16/2012 - 06:52:14PM] PLAYER_TRIGGER_ENTER [ths1_TriggerEnterSCRIPT < (04074E66)>]
[11/16/2012 - 06:52:14PM] PLAYER_MOVE Run
[11/16/2012 - 06:52:14PM] PLAYER_TRIGGER_ENTER [ths1_TriggerEnterSCRIPT < (04074E65)>]
[11/16/2012 - 06:52:14PM] PLAYER_TRIGGER_LEAVE [ths1_TriggerEnterSCRIPT < (04074E66)>]
[11/16/2012 - 06:52:14PM] PLAYER_TRIGGER_LEAVE [ths1_TriggerEnterSCRIPT < (04074E65)>]
[11/16/2012 - 06:52:16PM] PLAYER_TRIGGER_ENTER [ths1_TriggerEnterSCRIPT < (04074E65)>]
[11/16/2012 - 06:52:17PM] PLAYER_TRIGGER_LEAVE [ths1_TriggerEnterSCRIPT < (04074E65)>]
[11/16/2012 - 06:52:17PM] PLAYER_TRIGGER_ENTER [ths1_TriggerEnterSCRIPT < (04074E67)>]
[11/16/2012 - 06:52:18PM] PLAYER_MOVE None
[11/16/2012 - 06:52:18PM] PLAYER_TRIGGER_ENTER [ths1_TriggerEnterSCRIPT < (04074E68)>]
[11/16/2012 - 06:52:18PM] PLAYER_TRIGGER_LEAVE [ths1_TriggerEnterSCRIPT < (04074E67)>]
[11/16/2012 - 06:52:18PM] PLAYER_TRIGGER_LEAVE [ths1_TriggerEnterSCRIPT < (04074E68)>]
[11/16/2012 - 06:52:21PM] PLAYER_MOVE Run
[11/16/2012 - 06:52:23PM] PLAYER_TRIGGER_ENTER [ths1_TriggerEnterSCRIPT < (04074E68)>]
[11/16/2012 - 06:52:23PM] PLAYER_TRIGGER_LEAVE [ths1_TriggerEnterSCRIPT < (04074E68)>]
[11/16/2012 - 06:52:24PM] PLAYER_TRIGGER_ENTER [ths1_TriggerEnterSCRIPT < (04074E67)>]
[11/16/2012 - 06:52:24PM] PLAYER_TRIGGER_LEAVE [ths1_TriggerEnterSCRIPT < (04074E67)>]
[11/16/2012 - 06:52:26PM] PLAYER_MOVE None
[11/16/2012 - 06:52:34PM] PLAYER_MOVE Run
[11/16/2012 - 06:52:35PM] PLAYER_MOVE None
[11/16/2012 - 06:52:38PM] PLAYER_TRIGGER_ENTER [ths1_TriggerEnterSCRIPT < (04074E64)>]
[11/16/2012 - 06:52:39PM] PLAYER_TRIGGER_LEAVE [ths1_TriggerEnterSCRIPT < (04074E64)>]
[11/16/2012 - 06:52:39PM] PLAYER_MOVE Run
[11/16/2012 - 06:52:40PM] PLAYER_MOVE None
[11/16/2012 - 06:52:41PM] PLAYER_TRIGGER_ENTER [ths1_TriggerEnterSCRIPT < (04074E64)>]
[11/16/2012 - 06:52:41PM] PLAYER_TRIGGER_LEAVE [ths1_TriggerEnterSCRIPT < (04074E64)>]
[11/16/2012 - 06:52:41PM] PLAYER_MOVE Run
[11/16/2012 - 06:52:43PM] PLAYER_TRIGGER_ENTER [ths1_TriggerEnterSCRIPT < (04074E63)>]
[11/16/2012 - 06:52:43PM] PLAYER_TRIGGER_ENTER [ths1_TriggerEnterSCRIPT < (04074E62)>]
[11/16/2012 - 06:52:43PM] PLAYER_TRIGGER_LEAVE [ths1_TriggerEnterSCRIPT < (04074E63)>]
[11/16/2012 - 06:52:43PM] PLAYER_MOVE None
[11/16/2012 - 06:52:45PM] PLAYER_TRIGGER_LEAVE [ths1_TriggerEnterSCRIPT < (04074E62)>]
[11/16/2012 - 06:52:45PM] PLAYER_MOVE Run
[11/16/2012 - 06:52:47PM] PLAYER_TRIGGER_ENTER [ths1_TriggerEnterSCRIPT < (04074E69)>]
[11/16/2012 - 06:52:47PM] PLAYER_TRIGGER_ENTER [ths1_TriggerEnterSCRIPT < (04074E6A)>]
[11/16/2012 - 06:52:47PM] PLAYER_TRIGGER_LEAVE [ths1_TriggerEnterSCRIPT < (04074E69)>]
[11/16/2012 - 06:52:47PM] PLAYER_TRIGGER_LEAVE [ths1_TriggerEnterSCRIPT < (04074E6A)>]
[11/16/2012 - 06:52:48PM] PLAYER_TRIGGER_ENTER [ths1_TriggerEnterSCRIPT < (04074E6B)>]
[11/16/2012 - 06:52:49PM] PLAYER_TRIGGER_ENTER [ths1_TriggerEnterSCRIPT < (04074E6C)>]
[11/16/2012 - 06:52:49PM] PLAYER_TRIGGER_LEAVE [ths1_TriggerEnterSCRIPT < (04074E6B)>]
[11/16/2012 - 06:52:49PM] PLAYER_TRIGGER_LEAVE [ths1_TriggerEnterSCRIPT < (04074E6C)>]
[11/16/2012 - 06:52:50PM] PLAYER_MOVE None
[11/16/2012 - 06:52:52PM] PLAYER_MOVE Run
[11/16/2012 - 06:52:52PM] PLAYER_TRIGGER_ENTER [ths1_TriggerEnterSCRIPT < (04074E6C)>]
[11/16/2012 - 06:52:53PM] PLAYER_TRIGGER_LEAVE [ths1_TriggerEnterSCRIPT < (04074E6C)>]
[11/16/2012 - 06:52:53PM] PLAYER_TRIGGER_ENTER [ths1_TriggerEnterSCRIPT < (04074E6B)>]
[11/16/2012 - 06:52:53PM] PLAYER_TRIGGER_LEAVE [ths1_TriggerEnterSCRIPT < (04074E6B)>]
[11/16/2012 - 06:52:54PM] PLAYER_TRIGGER_ENTER [ths1_TriggerEnterSCRIPT < (04074E6A)>]
[11/16/2012 - 06:52:54PM] PLAYER_TRIGGER_LEAVE [ths1_TriggerEnterSCRIPT < (04074E6A)>]
[11/16/2012 - 06:52:54PM] PLAYER_TRIGGER_ENTER [ths1_TriggerEnterSCRIPT < (04074E6A)>]
[11/16/2012 - 06:52:54PM] PLAYER_TRIGGER_LEAVE [ths1_TriggerEnterSCRIPT < (04074E6A)>]
[11/16/2012 - 06:52:54PM] PLAYER_TRIGGER_ENTER [ths1_TriggerEnterSCRIPT < (04074E6A)>]
[11/16/2012 - 06:52:54PM] PLAYER_MOVE None
[11/16/2012 - 06:52:55PM] PLAYER_TRIGGER_LEAVE [ths1_TriggerEnterSCRIPT < (04074E6A)>]
[11/16/2012 - 06:52:55PM] PLAYER_TRIGGER_ENTER [ths1_TriggerEnterSCRIPT < (04074E6A)>]
[11/16/2012 - 06:52:55PM] PLAYER_TRIGGER_LEAVE [ths1_TriggerEnterSCRIPT < (04074E6A)>]
[11/16/2012 - 06:52:56PM] PLAYER_TRIGGER_ENTER [ths1_TriggerEnterSCRIPT < (04074E6A)>]
[11/16/2012 - 06:52:56PM] PLAYER_MOVE Run
[11/16/2012 - 06:52:56PM] PLAYER_MOVE None
[11/16/2012 - 06:52:57PM] PLAYER_TRIGGER_LEAVE [ths1_TriggerEnterSCRIPT < (04074E6A)>]
[11/16/2012 - 06:52:57PM] PLAYER_TRIGGER_ENTER [ths1_TriggerEnterSCRIPT < (04074E6A)>]
[11/16/2012 - 06:52:57PM] PLAYER_TRIGGER_ENTER [ths1_TriggerEnterSCRIPT < (04074E69)>]
[11/16/2012 - 06:52:57PM] PLAYER_TRIGGER_LEAVE [ths1_TriggerEnterSCRIPT < (04074E6A)>]
[11/16/2012 - 06:52:57PM] PLAYER_TRIGGER_LEAVE [ths1_TriggerEnterSCRIPT < (04074E69)>]
[11/16/2012 - 06:52:58PM] PLAYER_MOVE Run
[11/16/2012 - 06:52:59PM] PLAYER_MOVE None
[11/16/2012 - 06:53:00PM] PLAYER_MOVE Run
[11/16/2012 - 06:53:01PM] PLAYER_MOVE None
[11/16/2012 - 06:53:03PM] PLAYER_MOVE Run
[11/16/2012 - 06:53:06PM] PLAYER_MOVE None
[11/16/2012 - 06:53:07PM] PLAYER_MOVE Run
[11/16/2012 - 06:53:08PM] PLAYER_TRIGGER_ENTER [ths1_TriggerEnterSCRIPT < (04074E60)>]
[11/16/2012 - 06:53:09PM] PLAYER_TRIGGER_ENTER [ths1_TriggerEnterSCRIPT < (04074E5E)>]
[11/16/2012 - 06:53:09PM] PLAYER_TRIGGER_LEAVE [ths1_TriggerEnterSCRIPT < (04074E60)>]
[11/16/2012 - 06:53:09PM] PLAYER_TRIGGER_LEAVE [ths1_TriggerEnterSCRIPT < (04074E5E)>]
[11/16/2012 - 06:53:10PM] PLAYER_MOVE None
[11/16/2012 - 06:53:11PM] PLAYER_MOVE Run
[11/16/2012 - 06:53:13PM] PLAYER_MOVE None
[11/16/2012 - 06:53:15PM] PLAYER_MOVE Run
[11/16/2012 - 06:53:16PM] PLAYER_TRIGGER_ENTER [ths1_TriggerEnterSCRIPT < (04074E5F)>]
[11/16/2012 - 06:53:18PM] PLAYER_TRIGGER_ENTER [ths1_TriggerEnterSCRIPT < (04074E61)>]
[11/16/2012 - 06:53:18PM] PLAYER_TRIGGER_LEAVE [ths1_TriggerEnterSCRIPT < (04074E5F)>]
[11/16/2012 - 06:53:19PM] PLAYER_TRIGGER_LEAVE [ths1_TriggerEnterSCRIPT < (04074E61)>]
[11/16/2012 - 06:53:19PM] PLAYER_TRIGGER_ENTER [ths1_EnterTempleBookshelfTrigScript <alias TempleBookshelfTrigger on quest ths1_BarrianBookQuest (0404540C)>]
[11/16/2012 - 06:53:20PM] PLAYER_MOVE None
[11/16/2012 - 06:53:25PM] PLAYER_MOVE Run
[11/16/2012 - 06:53:26PM] PLAYER_MOVE None
[11/16/2012 - 06:53:27PM] PLAYER_MOVE Run
[11/16/2012 - 06:53:29PM] PLAYER_MOVE None
[11/16/2012 - 06:53:33PM] PLAYER_WEAPON_WITHDRAWN
[11/16/2012 - 06:53:34PM] PLAYER_MOVE Run
[11/16/2012 - 06:53:35PM] PLAYER_MOVE None
[11/16/2012 - 06:53:37PM] PLAYER_MOVE Run
[11/16/2012 - 06:53:38PM] PLAYER_MOVE None
[11/16/2012 - 06:53:38PM] PLAYER_TRIGGER_ENTER [ths1_TriggerEnterSCRIPT < (04074E62)>]
[11/16/2012 - 06:53:38PM] PLAYER_TRIGGER_LEAVE [ths1_TriggerEnterSCRIPT < (04074E62)>]
[11/16/2012 - 06:53:39PM] PLAYER_MOVE Run
[11/16/2012 - 06:53:40PM] PLAYER_MOVE None
[11/16/2012 - 06:53:41PM] PLAYER_DIALOGUE [TIF__02074354 <topic info 04074354 on quest ths1_BarrianBookQuest (0404540C)>] NPC_SPEAKER [Actor < (0404540E)>]
[11/16/2012 - 06:53:44PM] PLAYER_MOVE Run
[11/16/2012 - 06:53:45PM] PLAYER_MOVE None
[11/16/2012 - 06:53:46PM] PLAYER_POV_CHANGE THIRD_PERSON
[11/16/2012 - 06:53:52PM] PLAYER_POV_CHANGE FIRST_PERSON
[11/16/2012 - 06:53:53PM] PLAYER_MOVE Run
[11/16/2012 - 06:53:54PM] PLAYER_MOVE None
[11/16/2012 - 06:53:56PM] PLAYER_DIALOGUE [TIF__010469EA <topic info 040469EA on quest ths1_BarrianBookQuest (0404540C)>] NPC_SPEAKER [Actor < (040371CF)>]
[11/16/2012 - 06:53:59PM] PLAYER_MOVE Run
[11/16/2012 - 06:54:02PM] PLAYER_MOVE None
[11/16/2012 - 06:54:03PM] PLAYER_TRIGGER_ENTER [ths1_EnterTempleBookshelfTrigScript <alias TempleBookshelfTrigger on quest ths1_BarrianBookQuest (0404540C)>]
[11/16/2012 - 06:54:05PM] PLAYER_MOVE Run
[11/16/2012 - 06:54:06PM] PLAYER_TRIGGER_ENTER [ths1_TriggerEnterSCRIPT < (04074E61)>]
[11/16/2012 - 06:54:07PM] PLAYER_TRIGGER_ENTER [ths1_TriggerEnterSCRIPT < (04074E5F)>]
[11/16/2012 - 06:54:07PM] PLAYER_TRIGGER_LEAVE [ths1_TriggerEnterSCRIPT < (04074E61)>]
[11/16/2012 - 06:54:07PM] PLAYER_MOVE None
[11/16/2012 - 06:54:08PM] PLAYER_TRIGGER_LEAVE [ths1_TriggerEnterSCRIPT < (04074E5F)>]
[11/16/2012 - 06:54:08PM] PLAYER_MOVE Run
[11/16/2012 - 06:54:11PM] PLAYER_TRIGGER_ENTER [ths1_TriggerEnterSCRIPT < (04074E5E)>]
[11/16/2012 - 06:54:11PM] PLAYER_TRIGGER_ENTER [ths1_TriggerEnterSCRIPT < (04074E60)>]
[11/16/2012 - 06:54:11PM] PLAYER_TRIGGER_LEAVE [ths1_TriggerEnterSCRIPT < (04074E5E)>]
[11/16/2012 - 06:54:11PM] PLAYER_TRIGGER_LEAVE [ths1_TriggerEnterSCRIPT < (04074E60)>]
[11/16/2012 - 06:54:16PM] PLAYER_TRIGGER_ENTER [ths1_TriggerEnterSCRIPT < (04074E69)>]
[11/16/2012 - 06:54:17PM] PLAYER_TRIGGER_ENTER [ths1_TriggerEnterSCRIPT < (04074E6A)>]
[11/16/2012 - 06:54:17PM] PLAYER_TRIGGER_LEAVE [ths1_TriggerEnterSCRIPT < (04074E69)>]
[11/16/2012 - 06:54:17PM] PLAYER_TRIGGER_LEAVE [ths1_TriggerEnterSCRIPT < (04074E6A)>]
[11/16/2012 - 06:54:18PM] PLAYER_MOVE None
[11/16/2012 - 06:54:21PM] PLAYER_TRIGGER_ENTER [ths1_TriggerEnterSCRIPT < (04074E6B)>]
[11/16/2012 - 06:54:21PM] PLAYER_TRIGGER_LEAVE [ths1_TriggerEnterSCRIPT < (04074E6B)>]
[11/16/2012 - 06:54:21PM] PLAYER_TRIGGER_ENTER [ths1_TriggerEnterSCRIPT < (04074E6C)>]
[11/16/2012 - 06:54:22PM] PLAYER_TRIGGER_LEAVE [ths1_TriggerEnterSCRIPT < (04074E6C)>]
[11/16/2012 - 06:54:24PM] PLAYER_TRIGGER_ENTER [ths1_TriggerEnterSCRIPT < (04074E6C)>]
[11/16/2012 - 06:54:25PM] PLAYER_MOVE Run
[11/16/2012 - 06:54:25PM] PLAYER_TRIGGER_ENTER [ths1_TriggerEnterSCRIPT < (04074E6B)>]
[11/16/2012 - 06:54:25PM] PLAYER_TRIGGER_LEAVE [ths1_TriggerEnterSCRIPT < (04074E6C)>]
[11/16/2012 - 06:54:25PM] PLAYER_TRIGGER_LEAVE [ths1_TriggerEnterSCRIPT < (04074E6B)>]
[11/16/2012 - 06:54:26PM] PLAYER_TRIGGER_ENTER [ths1_TriggerEnterSCRIPT < (04074E6A)>]
[11/16/2012 - 06:54:26PM] PLAYER_TRIGGER_ENTER [ths1_TriggerEnterSCRIPT < (04074E69)>]
[11/16/2012 - 06:54:27PM] PLAYER_MOVE None
[11/16/2012 - 06:54:28PM] PLAYER_MOVE Run
[11/16/2012 - 06:54:28PM] PLAYER_TRIGGER_LEAVE [ths1_TriggerEnterSCRIPT < (04074E6A)>]
[11/16/2012 - 06:54:28PM] PLAYER_TRIGGER_LEAVE [ths1_TriggerEnterSCRIPT < (04074E69)>]
[11/16/2012 - 06:54:30PM] PLAYER_TRIGGER_ENTER [ths1_TriggerEnterSCRIPT < (04074E62)>]
[11/16/2012 - 06:54:30PM] PLAYER_TRIGGER_ENTER [ths1_TriggerEnterSCRIPT < (04074E63)>]
[11/16/2012 - 06:54:30PM] PLAYER_TRIGGER_LEAVE [ths1_TriggerEnterSCRIPT < (04074E62)>]
[11/16/2012 - 06:54:30PM] PLAYER_TRIGGER_LEAVE [ths1_TriggerEnterSCRIPT < (04074E63)>]
[11/16/2012 - 06:54:32PM] PLAYER_MOVE None
[11/16/2012 - 06:54:35PM] PLAYER_TRIGGER_ENTER [ths1_TriggerEnterSCRIPT < (04074E64)>]
[11/16/2012 - 06:54:36PM] PLAYER_MOVE Run
[11/16/2012 - 06:54:36PM] PLAYER_TRIGGER_LEAVE [ths1_TriggerEnterSCRIPT < (04074E64)>]
[11/16/2012 - 06:54:37PM] PLAYER_MOVE None
[11/16/2012 - 06:54:38PM] PLAYER_TRIGGER_ENTER [ths1_TriggerEnterSCRIPT < (04074E64)>]
[11/16/2012 - 06:54:38PM] PLAYER_MOVE Run
[11/16/2012 - 06:54:38PM] PLAYER_TRIGGER_LEAVE [ths1_TriggerEnterSCRIPT < (04074E64)>]
[11/16/2012 - 06:54:40PM] PLAYER_TRIGGER_ENTER [ths1_TriggerEnterSCRIPT < (04074E65)>]
[11/16/2012 - 06:54:40PM] PLAYER_TRIGGER_ENTER [ths1_TriggerEnterSCRIPT < (04074E66)>]
[11/16/2012 - 06:54:40PM] PLAYER_TRIGGER_LEAVE [ths1_TriggerEnterSCRIPT < (04074E65)>]
[11/16/2012 - 06:54:40PM] PLAYER_TRIGGER_LEAVE [ths1_TriggerEnterSCRIPT < (04074E66)>]
[11/16/2012 - 06:54:41PM] PLAYER_MOVE None
[11/16/2012 - 06:54:42PM] PLAYER_MOVE Run
[11/16/2012 - 06:54:43PM] PLAYER_TRIGGER_ENTER [ths1_TriggerEnterSCRIPT < (04074E66)>]
[11/16/2012 - 06:54:43PM] PLAYER_TRIGGER_LEAVE [ths1_TriggerEnterSCRIPT < (04074E66)>]
[11/16/2012 - 06:54:43PM] PLAYER_TRIGGER_ENTER [ths1_TriggerEnterSCRIPT < (04074E65)>]
[11/16/2012 - 06:54:43PM] PLAYER_TRIGGER_LEAVE [ths1_TriggerEnterSCRIPT < (04074E65)>]
[11/16/2012 - 06:54:45PM] PLAYER_TRIGGER_ENTER [ths1_TriggerEnterSCRIPT < (04074E67)>]
[11/16/2012 - 06:54:45PM] PLAYER_TRIGGER_LEAVE [ths1_TriggerEnterSCRIPT < (04074E67)>]
[11/16/2012 - 06:54:45PM] PLAYER_TRIGGER_ENTER [ths1_TriggerEnterSCRIPT < (04074E68)>]
[11/16/2012 - 06:54:46PM] PLAYER_TRIGGER_LEAVE [ths1_TriggerEnterSCRIPT < (04074E68)>]
[11/16/2012 - 06:54:47PM] PLAYER_MOVE None
[11/16/2012 - 06:54:50PM] PLAYER_MOVE Run
[11/16/2012 - 06:54:51PM] PLAYER_TRIGGER_ENTER [ths1_TriggerEnterSCRIPT < (04074E68)>]
[11/16/2012 - 06:54:51PM] PLAYER_TRIGGER_ENTER [ths1_TriggerEnterSCRIPT < (04074E67)>]
[11/16/2012 - 06:54:51PM] PLAYER_TRIGGER_LEAVE [ths1_TriggerEnterSCRIPT < (04074E68)>]
[11/16/2012 - 06:54:51PM] PLAYER_TRIGGER_LEAVE [ths1_TriggerEnterSCRIPT < (04074E67)>]
[11/16/2012 - 06:54:54PM] PLAYER_TRIGGER_ENTER [ths1_TriggerEnterSCRIPT < (04074E64)>]
[11/16/2012 - 06:54:55PM] PLAYER_TRIGGER_LEAVE [ths1_TriggerEnterSCRIPT < (04074E64)>]
[11/16/2012 - 06:54:56PM] PLAYER_TRIGGER_ENTER [ths1_TriggerEnterSCRIPT < (04074E63)>]
[11/16/2012 - 06:54:56PM] PLAYER_TRIGGER_ENTER [ths1_TriggerEnterSCRIPT < (04074E62)>]
[11/16/2012 - 06:54:56PM] PLAYER_TRIGGER_LEAVE [ths1_TriggerEnterSCRIPT < (04074E63)>]
[11/16/2012 - 06:54:57PM] PLAYER_TRIGGER_LEAVE [ths1_TriggerEnterSCRIPT < (04074E62)>]
[11/16/2012 - 06:54:58PM] PLAYER_TRIGGER_ENTER [ths1_TriggerEnterSCRIPT < (04074E69)>]
[11/16/2012 - 06:54:58PM] PLAYER_TRIGGER_ENTER [ths1_TriggerEnterSCRIPT < (04074E6A)>]
[11/16/2012 - 06:54:58PM] PLAYER_TRIGGER_LEAVE [ths1_TriggerEnterSCRIPT < (04074E69)>]
[11/16/2012 - 06:54:59PM] PLAYER_TRIGGER_LEAVE [ths1_TriggerEnterSCRIPT < (04074E6A)>]
[11/16/2012 - 06:54:59PM] PLAYER_MOVE None
[11/16/2012 - 06:55:00PM] PLAYER_TRIGGER_ENTER [ths1_TriggerEnterSCRIPT < (04074E6A)>]
[11/16/2012 - 06:55:00PM] PLAYER_MOVE Run
[11/16/2012 - 06:55:01PM] PLAYER_TRIGGER_ENTER [ths1_TriggerEnterSCRIPT < (04074E69)>]
[11/16/2012 - 06:55:01PM] PLAYER_TRIGGER_LEAVE [ths1_TriggerEnterSCRIPT < (04074E6A)>]
[11/16/2012 - 06:55:01PM] PLAYER_TRIGGER_LEAVE [ths1_TriggerEnterSCRIPT < (04074E69)>]
[11/16/2012 - 06:55:03PM] PLAYER_MOVE None
[11/16/2012 - 06:55:05PM] PLAYER_MOVE Run
[11/16/2012 - 06:55:06PM] PLAYER_MOVE None
[11/16/2012 - 06:55:09PM] PLAYER_DIALOGUE [TIF__02074354 <topic info 04074354 on quest ths1_BarrianBookQuest (0404540C)>] NPC_SPEAKER [Actor < (040371CE)>]
[11/16/2012 - 06:55:11PM] PLAYER_DIALOGUE [TIF__02074354 <topic info 04074354 on quest ths1_BarrianBookQuest (0404540C)>] NPC_SPEAKER [Actor < (040371CE)>]
[11/16/2012 - 06:55:14PM] PLAYER_MOVE Run
[11/16/2012 - 06:55:46PM] PLAYER_MOVE None
[11/16/2012 - 06:55:57PM] PLAYER_MOVE Run
[11/16/2012 - 06:56:00PM] PLAYER_TRIGGER_ENTER [ths1_TriggerEnterSCRIPT < (04074E69)>]
[11/16/2012 - 06:56:00PM] PLAYER_TRIGGER_ENTER [ths1_TriggerEnterSCRIPT < (04074E6A)>]
[11/16/2012 - 06:56:00PM] PLAYER_TRIGGER_LEAVE [ths1_TriggerEnterSCRIPT < (04074E69)>]
[11/16/2012 - 06:56:01PM] PLAYER_TRIGGER_LEAVE [ths1_TriggerEnterSCRIPT < (04074E6A)>]
[11/16/2012 - 06:56:01PM] PLAYER_MOVE None
[11/16/2012 - 06:56:02PM] PLAYER_MOVE Run
[11/16/2012 - 06:56:03PM] PLAYER_TRIGGER_ENTER [ths1_TriggerEnterSCRIPT < (04074E6B)>]
[11/16/2012 - 06:56:03PM] PLAYER_TRIGGER_LEAVE [ths1_TriggerEnterSCRIPT < (04074E6B)>]
[11/16/2012 - 06:56:03PM] PLAYER_TRIGGER_ENTER [ths1_TriggerEnterSCRIPT < (04074E6C)>]
[11/16/2012 - 06:56:03PM] PLAYER_TRIGGER_LEAVE [ths1_TriggerEnterSCRIPT < (04074E6C)>]
[11/16/2012 - 06:56:04PM] PLAYER_MOVE None
[11/16/2012 - 06:56:05PM] PLAYER_MOVE Run
[11/16/2012 - 06:56:05PM] PLAYER_TRIGGER_ENTER [ths1_TriggerEnterSCRIPT < (04074E6C)>]
[11/16/2012 - 06:56:06PM] PLAYER_TRIGGER_ENTER [ths1_TriggerEnterSCRIPT < (04074E6B)>]
[11/16/2012 - 06:56:06PM] PLAYER_TRIGGER_LEAVE [ths1_TriggerEnterSCRIPT < (04074E6C)>]
[11/16/2012 - 06:56:06PM] PLAYER_TRIGGER_LEAVE [ths1_TriggerEnterSCRIPT < (04074E6B)>]
[11/16/2012 - 06:56:07PM] PLAYER_TRIGGER_ENTER [ths1_TriggerEnterSCRIPT < (04074E6A)>]
[11/16/2012 - 06:56:08PM] PLAYER_MOVE None
[11/16/2012 - 06:56:08PM] PLAYER_TRIGGER_LEAVE [ths1_TriggerEnterSCRIPT < (04074E6A)>]
[11/16/2012 - 06:56:08PM] PLAYER_TRIGGER_ENTER [ths1_TriggerEnterSCRIPT < (04074E6A)>]
[11/16/2012 - 06:56:09PM] PLAYER_TRIGGER_ENTER [ths1_TriggerEnterSCRIPT < (04074E69)>]
[11/16/2012 - 06:56:09PM] PLAYER_TRIGGER_LEAVE [ths1_TriggerEnterSCRIPT < (04074E6A)>]
[11/16/2012 - 06:56:09PM] PLAYER_TRIGGER_LEAVE [ths1_TriggerEnterSCRIPT < (04074E69)>]
[11/16/2012 - 06:56:09PM] PLAYER_MOVE Run
[11/16/2012 - 06:56:13PM] PLAYER_MOVE None
[11/16/2012 - 06:56:45PM] PLAYER_CELL_CHANGE [Cell <Wilderness (04085D4C)>] ""
[11/16/2012 - 06:56:46PM] PLAYER_WORLDSPACE_CHANGE [WorldSpace <ths1_Town (04085D17)>] "Town"
[11/16/2012 - 06:56:46PM] PLAYER_ACTOR_VIEW_GAIN [ObjectReference < (04089359)>] "Seamus"
[11/16/2012 - 06:56:47PM] PLAYER_MOVE Run
[11/16/2012 - 06:56:47PM] PLAYER_TRIGGER_ENTER [ths1_TriggerEnterSCRIPT < (0408C7AA)>]
[11/16/2012 - 06:56:47PM] PLAYER_TRIGGER_LEAVE [ths1_TriggerEnterSCRIPT < (0408C7AA)>]
[11/16/2012 - 06:56:47PM] PLAYER_TRIGGER_ENTER [ths1_TriggerEnterSCRIPT < (0408C7A8)>]
[11/16/2012 - 06:56:48PM] PLAYER_TRIGGER_LEAVE [ths1_TriggerEnterSCRIPT < (0408C7A8)>]
[11/16/2012 - 06:56:49PM] PLAYER_ACTOR_VIEW_LOSS [ObjectReference < (04089359)>] "Seamus"
[11/16/2012 - 06:56:51PM] PLAYER_CELL_CHANGE [Cell <Wilderness (04085D42)>] ""
[11/16/2012 - 06:56:52PM] PLAYER_TRIGGER_ENTER [ths1_TriggerEnterSCRIPT < (0408C7AF)>]
[11/16/2012 - 06:56:54PM] PLAYER_TRIGGER_LEAVE [ths1_TriggerEnterSCRIPT < (0408C7AF)>]
[11/16/2012 - 06:56:54PM] PLAYER_TRIGGER_ENTER [ths1_TriggerEnterSCRIPT < (0408C7AE)>]
[11/16/2012 - 06:56:59PM] PLAYER_CELL_CHANGE [Cell <Wilderness (04085D40)>] ""
[11/16/2012 - 06:57:00PM] PLAYER_MOVE None
[11/16/2012 - 06:57:04PM] PLAYER_MOVE Run
[11/16/2012 - 06:57:07PM] PLAYER_TRIGGER_LEAVE [ths1_TriggerEnterSCRIPT < (0408C7AE)>]
[11/16/2012 - 06:57:08PM] PLAYER_TRIGGER_ENTER [ths1_TriggerEnterSCRIPT < (0408C7AB)>]
[11/16/2012 - 06:57:08PM] PLAYER_ACTOR_VIEW_GAIN [ObjectReference < (04089359)>] "Seamus"
[11/16/2012 - 06:57:09PM] PLAYER_CELL_CHANGE [Cell <Wilderness (04085D42)>] ""
[11/16/2012 - 06:57:09PM] PLAYER_ACTOR_VIEW_LOSS [ObjectReference < (04089359)>] "Seamus"
[11/16/2012 - 06:57:10PM] PLAYER_MOVE None
[11/16/2012 - 06:57:13PM] PLAYER_DIALOGUE [TIF__0208000D <topic info 0408000D on quest ths1_MasterQuest (040319F7)>] NPC_SPEAKER [Actor < (04089355)>]
[11/16/2012 - 06:57:15PM] PLAYER_DIALOGUE [TIF__0208000F <topic info 0408000F on quest ths1_MasterQuest (040319F7)>] NPC_SPEAKER [Actor < (04089355)>]
[11/16/2012 - 06:57:17PM] PLAYER_DIALOGUE [TIF__0208000D <topic info 0408000D on quest ths1_MasterQuest (040319F7)>] NPC_SPEAKER [Actor < (04089355)>]
[11/16/2012 - 06:57:22PM] PLAYER_MOVE Run
[11/16/2012 - 06:57:22PM] PLAYER_ACTOR_VIEW_GAIN [ObjectReference < (04089359)>] "Seamus"
[11/16/2012 - 06:57:23PM] PLAYER_TRIGGER_LEAVE [ths1_TriggerEnterSCRIPT < (0408C7AB)>]
[11/16/2012 - 06:57:30PM] PLAYER_ACTOR_VIEW_LOSS [ObjectReference < (04089359)>] "Seamus"
[11/16/2012 - 06:57:31PM] PLAYER_ACTOR_VIEW_GAIN [ObjectReference < (04089359)>] "Seamus"
[11/16/2012 - 06:57:34PM] PLAYER_CELL_CHANGE [Cell <Wilderness (04085D44)>] ""
[11/16/2012 - 06:57:35PM] PLAYER_MOVE None
[11/16/2012 - 06:57:36PM] PLAYER_DIALOGUE [TIF__01013D2B <topic info 04013D2B on quest ths1_MissingDog (04009344)>] NPC_SPEAKER [Actor < (04089359)>]
[11/16/2012 - 06:57:38PM] QUEST_STAGE_CHANGE [ths1_MDQScript <ths1_MissingDog (04009344)>] "Missing Dog" 5
[11/16/2012 - 06:57:40PM] PLAYER_DIALOGUE [TIF__010180E7 <topic info 040180E7 on quest ths1_MissingDog (04009344)>] NPC_SPEAKER [Actor < (04089359)>]
[11/16/2012 - 06:57:42PM] PLAYER_DIALOGUE [TIF__01009353 <topic info 04009353 on quest ths1_MissingDog (04009344)>] NPC_SPEAKER [Actor < (04089359)>]
[11/16/2012 - 06:57:45PM] PLAYER_DIALOGUE [TIF__0103C9D0 <topic info 0403C9D0 on quest ths1_MissingDog (04009344)>] NPC_SPEAKER [Actor < (04089359)>]
[11/16/2012 - 06:57:49PM] PLAYER_DIALOGUE [TIF__0100DBB1 <topic info 0400DBB1 on quest ths1_MissingDog (04009344)>] NPC_SPEAKER [Actor < (04089359)>]
[11/16/2012 - 06:57:51PM] PLAYER_MOVE Run
[11/16/2012 - 06:57:51PM] PLAYER_ACTOR_VIEW_LOSS [ObjectReference < (04089359)>] "Seamus"
[11/16/2012 - 06:57:53PM] PLAYER_MOVE None
[11/16/2012 - 06:57:54PM] QUEST_STAGE_CHANGE [ths1_MDQScript <ths1_MissingDog (04009344)>] "Missing Dog" 10
[11/16/2012 - 06:57:55PM] PLAYER_ACTOR_VIEW_GAIN [ObjectReference < (04089359)>] "Seamus"
[11/16/2012 - 06:57:56PM] PLAYER_MOVE Run
[11/16/2012 - 06:57:56PM] PLAYER_ACTOR_VIEW_LOSS [ObjectReference < (04089359)>] "Seamus"
[11/16/2012 - 06:57:57PM] PLAYER_TRIGGER_ENTER [ths1_TriggerEnterSCRIPT < (0408C7A9)>]
[11/16/2012 - 06:57:57PM] PLAYER_CELL_CHANGE [Cell <Wilderness (04085D34)>] ""
[11/16/2012 - 06:57:57PM] PLAYER_TRIGGER_LEAVE [ths1_TriggerEnterSCRIPT < (0408C7A9)>]
[11/16/2012 - 06:57:58PM] PLAYER_TRIGGER_ENTER [ths1_TriggerEnterSCRIPT < (0408C7A9)>]
[11/16/2012 - 06:57:58PM] PLAYER_CELL_CHANGE [Cell <Wilderness (04085D4C)>] ""
[11/16/2012 - 06:58:00PM] PLAYER_TRIGGER_LEAVE [ths1_TriggerEnterSCRIPT < (0408C7A9)>]
[11/16/2012 - 06:58:03PM] PLAYER_CELL_CHANGE [Cell <Wilderness (04085D42)>] ""
[11/16/2012 - 06:58:06PM] PLAYER_TRIGGER_ENTER [ths1_TriggerEnterSCRIPT < (0408C7AF)>]
[11/16/2012 - 06:58:08PM] PLAYER_TRIGGER_LEAVE [ths1_TriggerEnterSCRIPT < (0408C7AF)>]
[11/16/2012 - 06:58:08PM] PLAYER_TRIGGER_ENTER [ths1_TriggerEnterSCRIPT < (0408C7AE)>]
[11/16/2012 - 06:58:12PM] PLAYER_CELL_CHANGE [Cell <Wilderness (04085D40)>] ""
[11/16/2012 - 06:58:12PM] PLAYER_MOVE None
[11/16/2012 - 06:58:19PM] PLAYER_MOVE Run
[11/16/2012 - 06:58:23PM] PLAYER_CELL_CHANGE [Cell <Wilderness (04085D4A)>] ""
[11/16/2012 - 06:58:24PM] PLAYER_TRIGGER_LEAVE [ths1_TriggerEnterSCRIPT < (0408C7AE)>]
[11/16/2012 - 06:58:24PM] PLAYER_TRIGGER_ENTER [ths1_TriggerEnterSCRIPT < (0408CDAD)>]
[11/16/2012 - 06:58:30PM] PLAYER_TRIGGER_LEAVE [ths1_TriggerEnterSCRIPT < (0408CDAD)>]
[11/16/2012 - 06:58:30PM] PLAYER_TRIGGER_ENTER [ths1_TriggerEnterSCRIPT < (0408C7B0)>]
[11/16/2012 - 06:59:06PM] PLAYER_MOVE None
[11/16/2012 - 06:59:07PM] PLAYER_MOVE Run
[11/16/2012 - 06:59:07PM] PLAYER_CELL_CHANGE [Cell <Wilderness (04085D52)>] ""
[11/16/2012 - 06:59:10PM] PLAYER_MOVE None
[11/16/2012 - 06:59:13PM] PLAYER_MOVE Run
[11/16/2012 - 06:59:13PM] PLAYER_CELL_CHANGE [Cell <Wilderness (04085D54)>] ""
[11/16/2012 - 06:59:19PM] PLAYER_TRIGGER_LEAVE [ths1_TriggerEnterSCRIPT < (0408C7B0)>]
[11/16/2012 - 06:59:19PM] PLAYER_TRIGGER_ENTER [ths1_TriggerEnterSCRIPT < (0408C7B0)>]
[11/16/2012 - 06:59:24PM] PLAYER_CELL_CHANGE [Cell <Wilderness (04085D52)>] ""
[11/16/2012 - 06:59:30PM] PLAYER_CELL_CHANGE [Cell <Wilderness (04085D4A)>] ""
[11/16/2012 - 06:59:32PM] PLAYER_CELL_CHANGE [Cell <Wilderness (04085D4C)>] ""
[11/16/2012 - 06:59:36PM] PLAYER_CELL_CHANGE [Cell <Wilderness (04085D54)>] ""
[11/16/2012 - 06:59:39PM] PLAYER_TRIGGER_LEAVE [ths1_TriggerEnterSCRIPT < (0408C7B0)>]
[11/16/2012 - 06:59:40PM] PLAYER_TRIGGER_ENTER [ths1_TriggerEnterSCRIPT < (0408C7B0)>]
[11/16/2012 - 06:59:41PM] PLAYER_TRIGGER_LEAVE [ths1_TriggerEnterSCRIPT < (0408C7B0)>]
[11/16/2012 - 06:59:42PM] PLAYER_TRIGGER_ENTER [ths1_TriggerEnterSCRIPT < (0408C7C1)>]
[11/16/2012 - 06:59:45PM] PLAYER_MOVE None
[11/16/2012 - 06:59:46PM] PLAYER_MOVE Run
[11/16/2012 - 06:59:47PM] PLAYER_TRIGGER_LEAVE [ths1_TriggerEnterSCRIPT < (0408C7C1)>]
[11/16/2012 - 06:59:48PM] PLAYER_TRIGGER_ENTER [ths1_TriggerEnterSCRIPT < (0408C7C2)>]
[11/16/2012 - 06:59:49PM] PLAYER_CELL_CHANGE [Cell <Wilderness (04085D56)>] ""
[11/16/2012 - 06:59:51PM] PLAYER_TRIGGER_LEAVE [ths1_TriggerEnterSCRIPT < (0408C7C2)>]
[11/16/2012 - 06:59:55PM] PLAYER_TRIGGER_ENTER [ths1_TriggerEnterSCRIPT < (0408CD5B)>]
[11/16/2012 - 06:59:57PM] PLAYER_TRIGGER_ENTER [ths1_TriggerEnterSCRIPT < (0408C78E)>]
[11/16/2012 - 06:59:57PM] PLAYER_TRIGGER_LEAVE [ths1_TriggerEnterSCRIPT < (0408CD5B)>]
[11/16/2012 - 06:59:59PM] PLAYER_MOVE None
[11/16/2012 - 07:00:00PM] PLAYER_MOVE Run
[11/16/2012 - 07:00:01PM] PLAYER_TRIGGER_LEAVE [ths1_TriggerEnterSCRIPT < (0408C78E)>]
[11/16/2012 - 07:00:04PM] PLAYER_CELL_CHANGE [Cell <Wilderness (04085D58)>] ""
[11/16/2012 - 07:01:11PM] Log closed
