[11/16/2012 - 06:14:31PM] 16 log opened (PC)
[11/16/2012 - 06:14:31PM] PLAYER_TRIGGER_ENTER [ths1_TriggerEnterSCRIPT < (04074E53)>]
[11/16/2012 - 06:14:33PM] PLAYER_TRIGGER_ENTER [ths1_TriggerEnterSCRIPT < (04074E57)>]
[11/16/2012 - 06:14:33PM] PLAYER_TRIGGER_LEAVE [ths1_TriggerEnterSCRIPT < (04074E53)>]
[11/16/2012 - 06:14:33PM] PLAYER_TRIGGER_LEAVE [ths1_TriggerEnterSCRIPT < (04074E57)>]
[11/16/2012 - 06:14:34PM] PLAYER_TRIGGER_ENTER [ths1_TriggerEnterSCRIPT < (04074E57)>]
[11/16/2012 - 06:14:40PM] PLAYER_POV_CHANGE THIRD_PERSON
[11/16/2012 - 06:14:41PM] PLAYER_TRIGGER_LEAVE [ths1_TriggerEnterSCRIPT < (04074E57)>]
[11/16/2012 - 06:14:42PM] PLAYER_TRIGGER_ENTER [ths1_TriggerEnterSCRIPT < (04074E57)>]
[11/16/2012 - 06:14:47PM] PLAYER_POV_CHANGE FIRST_PERSON
[11/16/2012 - 06:14:49PM] PLAYER_ITEM_OBTAIN [ObjectReference < (040711D0)>] "Greater Soul Gem"
[11/16/2012 - 06:14:52PM] PLAYER_ITEM_OBTAIN [ObjectReference < (040711F5)>] "Daedric Mace"
[11/16/2012 - 06:15:05PM] PLAYER_WEAPON_RIGHT [WEAPON < (000139B8)>] "Daedric Mace"
[11/16/2012 - 06:15:06PM] PLAYER_TRIGGER_ENTER [ths1_TriggerEnterSCRIPT < (04074E53)>]
[11/16/2012 - 06:15:06PM] PLAYER_TRIGGER_LEAVE [ths1_TriggerEnterSCRIPT < (04074E57)>]
[11/16/2012 - 06:15:14PM] PLAYER_ITEM_OBTAIN [ObjectReference < (040711F4)>] "Daedric Greatsword"
[11/16/2012 - 06:15:22PM] PLAYER_ITEM_OBTAIN [ObjectReference < (0407120C)>] "Daedric Bow"
[11/16/2012 - 06:15:30PM] PLAYER_TRIGGER_LEAVE [ths1_TriggerEnterSCRIPT < (04074E53)>]
[11/16/2012 - 06:15:30PM] PLAYER_WEAPON_RIGHT [WEAPON < (000139B5)>] "Daedric Bow"
[11/16/2012 - 06:15:31PM] PLAYER_TRIGGER_ENTER [ths1_TriggerEnterSCRIPT < (04074E53)>]
[11/16/2012 - 06:15:32PM] PLAYER_ITEM_OBTAIN [ObjectReference < (0407120B)>] "Daedric Arrow"
[11/16/2012 - 06:15:41PM] PLAYER_TRIGGER_ENTER [ths1_TriggerEnterSCRIPT < (04074E57)>]
[11/16/2012 - 06:15:41PM] PLAYER_TRIGGER_LEAVE [ths1_TriggerEnterSCRIPT < (04074E53)>]
[11/16/2012 - 06:15:44PM] PLAYER_MOVE Run
[11/16/2012 - 06:15:45PM] PLAYER_MOVE None
[11/16/2012 - 06:15:46PM] PLAYER_ITEM_OBTAIN [ObjectReference < (040711CD)>] "Red Apple"
[11/16/2012 - 06:15:47PM] PLAYER_ITEM_OBTAIN [ObjectReference < (040711CC)>] "Green Apple"
[11/16/2012 - 06:15:54PM] PLAYER_TRIGGER_ENTER [ths1_TriggerEnterSCRIPT < (04074E58)>]
[11/16/2012 - 06:15:55PM] PLAYER_TRIGGER_LEAVE [ths1_TriggerEnterSCRIPT < (04074E57)>]
[11/16/2012 - 06:16:01PM] PLAYER_ITEM_OBTAIN [ObjectReference < (040711D1)>] "Black Soul Gem"
[11/16/2012 - 06:16:03PM] PLAYER_MOVE Run
[11/16/2012 - 06:16:04PM] PLAYER_MOVE None
[11/16/2012 - 06:16:06PM] PLAYER_MOVE Sneak
[11/16/2012 - 06:16:09PM] PLAYER_ITEM_OBTAIN [ObjectReference < (040711BD)>] "Taproot"
[11/16/2012 - 06:16:09PM] PLAYER_MOVE None
[11/16/2012 - 06:16:11PM] PLAYER_TRIGGER_LEAVE [ths1_TriggerEnterSCRIPT < (04074E58)>]
[11/16/2012 - 06:16:11PM] PLAYER_TRIGGER_ENTER [ths1_TriggerEnterSCRIPT < (04074E52)>]
[11/16/2012 - 06:16:13PM] PLAYER_MOVE Run
[11/16/2012 - 06:16:13PM] PLAYER_TRIGGER_LEAVE [ths1_TriggerEnterSCRIPT < (04074E52)>]
[11/16/2012 - 06:16:14PM] PLAYER_MOVE None
[11/16/2012 - 06:16:16PM] PLAYER_TRIGGER_ENTER [ths1_TriggerEnterSCRIPT < (04074E57)>]
[11/16/2012 - 06:16:22PM] PLAYER_ITEM_REMOVED None "Daedric Arrow" COUNT 1 CONTAINER None
[11/16/2012 - 06:16:23PM] PLAYER_TRIGGER_LEAVE [ths1_TriggerEnterSCRIPT < (04074E57)>]
[11/16/2012 - 06:16:25PM] PLAYER_ITEM_OBTAIN None "Daedric Arrow"
[11/16/2012 - 06:16:32PM] PLAYER_TRIGGER_ENTER [ths1_TriggerEnterSCRIPT < (04074E58)>]
[11/16/2012 - 06:16:32PM] PLAYER_MOVE Run
[11/16/2012 - 06:16:33PM] PLAYER_TRIGGER_LEAVE [ths1_TriggerEnterSCRIPT < (04074E58)>]
[11/16/2012 - 06:16:34PM] PLAYER_TRIGGER_ENTER [ths1_TriggerEnterSCRIPT < (04074E51)>]
[11/16/2012 - 06:16:35PM] PLAYER_MOVE None
[11/16/2012 - 06:16:35PM] PLAYER_TRIGGER_LEAVE [ths1_TriggerEnterSCRIPT < (04074E51)>]
[11/16/2012 - 06:16:35PM] PLAYER_TRIGGER_ENTER [ths1_TriggerEnterSCRIPT < (04074E50)>]
[11/16/2012 - 06:16:38PM] PLAYER_TRIGGER_LEAVE [ths1_TriggerEnterSCRIPT < (04074E50)>]
[11/16/2012 - 06:16:38PM] PLAYER_MOVE Run
[11/16/2012 - 06:16:39PM] PLAYER_MOVE None
[11/16/2012 - 06:16:40PM] PLAYER_TRIGGER_ENTER [ths1_TriggerEnterSCRIPT < (04074E4F)>]
[11/16/2012 - 06:16:40PM] PLAYER_TRIGGER_LEAVE [ths1_TriggerEnterSCRIPT < (04074E4F)>]
[11/16/2012 - 06:16:43PM] PLAYER_WEAPON_WITHDRAWN
[11/16/2012 - 06:16:43PM] PLAYER_MOVE Run
[11/16/2012 - 06:16:44PM] PLAYER_MOVE None
[11/16/2012 - 06:16:45PM] PLAYER_MOVE Run
[11/16/2012 - 06:16:46PM] PLAYER_MOVE None
[11/16/2012 - 06:16:47PM] PLAYER_ITEM_OBTAIN [ObjectReference < (040711FB)>] "Honningbrew Mead"
[11/16/2012 - 06:16:48PM] PLAYER_ITEM_OBTAIN [ObjectReference < (040711F9)>] "Spiced Wine"
[11/16/2012 - 06:16:49PM] PLAYER_ITEM_OBTAIN [ObjectReference < (040711FA)>] "Black-Briar Reserve"
[11/16/2012 - 06:16:51PM] PLAYER_ITEM_OBTAIN [ObjectReference < (040711FC)>] "Black-Briar Mead"
[11/16/2012 - 06:16:55PM] PLAYER_ITEM_OBTAIN [ObjectReference < (04071207)>] "Eidar Cheese Wheel"
[11/16/2012 - 06:16:55PM] PLAYER_ITEM_OBTAIN [ObjectReference < (04071208)>] "Eidar Cheese Wheel"
[11/16/2012 - 06:16:58PM] PLAYER_MOVE Sneak
[11/16/2012 - 06:17:00PM] PLAYER_MOVE None
[11/16/2012 - 06:17:01PM] PLAYER_MOVE Run
[11/16/2012 - 06:17:03PM] PLAYER_TRIGGER_ENTER [ths1_TriggerEnterSCRIPT < (04074E54)>]
[11/16/2012 - 06:17:03PM] PLAYER_MOVE None
[11/16/2012 - 06:17:04PM] PLAYER_ITEM_OBTAIN [ObjectReference < (040711F3)>] "Firebrand Wine"
[11/16/2012 - 06:17:05PM] PLAYER_MOVE Run
[11/16/2012 - 06:17:06PM] PLAYER_MOVE None
[11/16/2012 - 06:17:07PM] PLAYER_TRIGGER_LEAVE [ths1_TriggerEnterSCRIPT < (04074E54)>]
[11/16/2012 - 06:17:07PM] PLAYER_MOVE Run
[11/16/2012 - 06:17:08PM] PLAYER_TRIGGER_ENTER [ths1_TriggerEnterSCRIPT < (04074E4F)>]
[11/16/2012 - 06:17:17PM] PLAYER_TRIGGER_LEAVE [ths1_TriggerEnterSCRIPT < (04074E4F)>]
[11/16/2012 - 06:17:17PM] PLAYER_CELL_CHANGE [Cell <Wilderness (04085D56)>] ""
[11/16/2012 - 06:17:17PM] PLAYER_TRIGGER_ENTER [ths1_TriggerEnterSCRIPT < (0408C788)>]
[11/16/2012 - 06:17:17PM] PLAYER_WORLDSPACE_CHANGE [WorldSpace <ths1_Town (04085D17)>] "Town"
[11/16/2012 - 06:17:17PM] PLAYER_MOVE None
[11/16/2012 - 06:17:19PM] PLAYER_TRIGGER_LEAVE [ths1_TriggerEnterSCRIPT < (0408C788)>]
[11/16/2012 - 06:17:20PM] PLAYER_MOVE Run
[11/16/2012 - 06:17:21PM] PLAYER_CELL_CHANGE [Cell <Wilderness (04085D34)>] ""
[11/16/2012 - 06:17:22PM] PLAYER_TRIGGER_ENTER [ths1_TriggerEnterSCRIPT < (0408CDAB)>]
[11/16/2012 - 06:17:23PM] PLAYER_MOVE None
[11/16/2012 - 06:17:23PM] PLAYER_TRIGGER_LEAVE [ths1_TriggerEnterSCRIPT < (0408CDAB)>]
[11/16/2012 - 06:17:37PM] PLAYER_DIALOGUE [TIF__020774A6 <topic info 040774A6 on quest ths1_MasterQuest (040319F7)>] NPC_SPEAKER [Actor < (0408BC45)>]
[11/16/2012 - 06:17:42PM] PLAYER_DIALOGUE [TIF__020774A8 <topic info 040774A8 on quest ths1_MasterQuest (040319F7)>] NPC_SPEAKER [Actor < (0408BC45)>]
[11/16/2012 - 06:17:46PM] PLAYER_DIALOGUE [TIF__0207BD42 <topic info 0407BD42 on quest ths1_MasterQuest (040319F7)>] NPC_SPEAKER [Actor < (0408BC45)>]
[11/16/2012 - 06:17:50PM] PLAYER_DIALOGUE [TIF__0207FA85 <topic info 0407FA85 on quest ths1_MasterQuest (040319F7)>] NPC_SPEAKER [Actor < (0408BC45)>]
[11/16/2012 - 06:17:53PM] PLAYER_DIALOGUE [TIF__0208EEAE <topic info 0408EEAE on quest ths1_MasterQuest (040319F7)>] NPC_SPEAKER [Actor < (0408BC45)>]
[11/16/2012 - 06:18:03PM] PLAYER_DIALOGUE [TIF__0208EEB2 <topic info 0408EEB2 on quest ths1_MasterQuest (040319F7)>] NPC_SPEAKER [Actor < (0408BC45)>]
[11/16/2012 - 06:18:16PM] PLAYER_MOVE Run
[11/16/2012 - 06:18:17PM] PLAYER_MOVE None
[11/16/2012 - 06:18:18PM] PLAYER_MOVE Run
[11/16/2012 - 06:18:18PM] PLAYER_ACTOR_VIEW_GAIN [ObjectReference < (04089359)>] "Seamus"
[11/16/2012 - 06:18:20PM] PLAYER_TRIGGER_ENTER [ths1_TriggerEnterSCRIPT < (0408CD5A)>]
[11/16/2012 - 06:18:21PM] PLAYER_MOVE None
[11/16/2012 - 06:18:22PM] PLAYER_MOVE Run
[11/16/2012 - 06:18:24PM] PLAYER_MOVE Sneak
[11/16/2012 - 06:18:24PM] PLAYER_TRIGGER_LEAVE [ths1_TriggerEnterSCRIPT < (0408CD5A)>]
[11/16/2012 - 06:18:26PM] PLAYER_MOVE Run
[11/16/2012 - 06:18:27PM] PLAYER_ACTOR_VIEW_LOSS [ObjectReference < (04089359)>] "Seamus"
[11/16/2012 - 06:18:28PM] PLAYER_TRIGGER_ENTER [ths1_TriggerEnterSCRIPT < (0408C7A9)>]
[11/16/2012 - 06:18:31PM] PLAYER_CELL_CHANGE [Cell <Wilderness (04085D4C)>] ""
[11/16/2012 - 06:18:32PM] PLAYER_TRIGGER_LEAVE [ths1_TriggerEnterSCRIPT < (0408C7A9)>]
[11/16/2012 - 06:18:34PM] PLAYER_TRIGGER_ENTER [ths1_TriggerEnterSCRIPT < (0408C7A8)>]
[11/16/2012 - 06:18:36PM] PLAYER_TRIGGER_LEAVE [ths1_TriggerEnterSCRIPT < (0408C7A8)>]
[11/16/2012 - 06:18:36PM] PLAYER_TRIGGER_ENTER [ths1_TriggerEnterSCRIPT < (0408C7AA)>]
[11/16/2012 - 06:18:36PM] PLAYER_MOVE None
[11/16/2012 - 06:18:43PM] PLAYER_TRIGGER_LEAVE [ths1_TriggerEnterSCRIPT < (0408C7AA)>]
[11/16/2012 - 06:18:44PM] PLAYER_CELL_CHANGE [Cell <ths1_TempleInterior (04019CC3)>] "Town Temple"
[11/16/2012 - 06:18:46PM] PLAYER_MOVE Run
[11/16/2012 - 06:18:47PM] PLAYER_MOVE None
[11/16/2012 - 06:18:51PM] PLAYER_MOVE Run
[11/16/2012 - 06:18:53PM] PLAYER_MOVE None
[11/16/2012 - 06:18:57PM] PLAYER_DIALOGUE [TIF__0106B44A <topic info 0406B44A on quest ths1_BarrianBookQuest (0404540C)>] NPC_SPEAKER [Actor < (040371D2)>]
[11/16/2012 - 06:19:01PM] PLAYER_DIALOGUE [TIF__020826E9 <topic info 040826E9 on quest ths1_BarrianBookQuest (0404540C)>] NPC_SPEAKER [Actor < (040371D2)>]
[11/16/2012 - 06:19:03PM] PLAYER_DIALOGUE [TIF__01045418 <topic info 04045418 on quest ths1_BarrianBookQuest (0404540C)>] NPC_SPEAKER [Actor < (040371D2)>]
[11/16/2012 - 06:19:06PM] QUEST_STAGE_CHANGE [ths1_BBQScript <ths1_BarrianBookQuest (0404540C)>] "'What's That You're Reading, Barrian?'" 10
[11/16/2012 - 06:19:08PM] PLAYER_DIALOGUE [TIF__020826E6 <topic info 040826E6 on quest ths1_BarrianBookQuest (0404540C)>] NPC_SPEAKER [Actor < (040371D2)>]
[11/16/2012 - 06:19:16PM] PLAYER_MOVE Run
[11/16/2012 - 06:19:17PM] PLAYER_MOVE None
[11/16/2012 - 06:19:20PM] PLAYER_DIALOGUE [TIF__010469ED <topic info 040469ED on quest ths1_BarrianBookQuest (0404540C)>] NPC_SPEAKER [Actor < (040371CF)>]
[11/16/2012 - 06:19:23PM] PLAYER_DIALOGUE [TIF__01048092 <topic info 04048092 on quest ths1_BarrianBookQuest (0404540C)>] NPC_SPEAKER [Actor < (040371CF)>]
[11/16/2012 - 06:19:27PM] PLAYER_DIALOGUE [TIF__0106B44D <topic info 0406B44D on quest ths1_BarrianBookQuest (0404540C)>] NPC_SPEAKER [Actor < (040371CF)>]
[11/16/2012 - 06:19:29PM] QUEST_STAGE_CHANGE [ths1_BBQScript <ths1_BarrianBookQuest (0404540C)>] "'What's That You're Reading, Barrian?'" 15
[11/16/2012 - 06:19:30PM] PLAYER_DIALOGUE [TIF__010469EA <topic info 040469EA on quest ths1_BarrianBookQuest (0404540C)>] NPC_SPEAKER [Actor < (040371CF)>]
[11/16/2012 - 06:19:36PM] PLAYER_MOVE Sneak
[11/16/2012 - 06:19:44PM] PLAYER_BOOK_READ [ths1_BBQJokeBookReadScript <alias JokeBook1 on quest ths1_BarrianBookQuest (0404540C)>] JokeBook1
[11/16/2012 - 06:19:55PM] PLAYER_ITEM_OBTAIN [ObjectReference < (040371D9)>] "Book of Jokes"
[11/16/2012 - 06:19:56PM] QUEST_STAGE_CHANGE [ths1_BBQScript <ths1_BarrianBookQuest (0404540C)>] "'What's That You're Reading, Barrian?'" 20
[11/16/2012 - 06:20:00PM] PLAYER_MOVE Run
[11/16/2012 - 06:20:01PM] PLAYER_MOVE None
[11/16/2012 - 06:20:03PM] PLAYER_DIALOGUE [TIF__0104BD93 <topic info 0404BD93 on quest ths1_BarrianBookQuest (0404540C)>] NPC_SPEAKER [Actor < (040371CF)>]
[11/16/2012 - 06:20:07PM] PLAYER_DIALOGUE [TIF__0104BD97 <topic info 0404BD97 on quest ths1_BarrianBookQuest (0404540C)>] NPC_SPEAKER [Actor < (040371CF)>]
[11/16/2012 - 06:20:13PM] PLAYER_MOVE Run
[11/16/2012 - 06:20:14PM] PLAYER_MOVE None
[11/16/2012 - 06:20:15PM] PLAYER_MOVE Run
[11/16/2012 - 06:20:16PM] PLAYER_TRIGGER_ENTER [ths1_TriggerEnterSCRIPT < (04074E69)>]
[11/16/2012 - 06:20:17PM] PLAYER_TRIGGER_ENTER [ths1_TriggerEnterSCRIPT < (04074E6A)>]
[11/16/2012 - 06:20:17PM] PLAYER_TRIGGER_LEAVE [ths1_TriggerEnterSCRIPT < (04074E69)>]
[11/16/2012 - 06:20:17PM] PLAYER_TRIGGER_LEAVE [ths1_TriggerEnterSCRIPT < (04074E6A)>]
[11/16/2012 - 06:20:18PM] PLAYER_MOVE None
[11/16/2012 - 06:20:20PM] PLAYER_DIALOGUE [TIF__0106B447 <topic info 0406B447 on quest ths1_BarrianBookQuest (0404540C)>] NPC_SPEAKER [Actor < (040371D2)>]
[11/16/2012 - 06:20:25PM] PLAYER_ITEM_REMOVED [ObjectReference < (040371D9)>] "Book of Jokes" COUNT 1 CONTAINER [ObjectReference < (040371D2)>]
[11/16/2012 - 06:20:27PM] QUEST_STAGE_CHANGE [ths1_BBQScript <ths1_BarrianBookQuest (0404540C)>] "'What's That You're Reading, Barrian?'" 40
[11/16/2012 - 06:20:27PM] QUEST_COMPLETED [ths1_BBQScript <ths1_BarrianBookQuest (0404540C)>]  "'What's That You're Reading, Barrian?'"
[11/16/2012 - 06:20:30PM] PLAYER_DIALOGUE [TIF__0106B44A <topic info 0406B44A on quest ths1_BarrianBookQuest (0404540C)>] NPC_SPEAKER [Actor < (040371D2)>]
[11/16/2012 - 06:20:35PM] PLAYER_MOVE Run
[11/16/2012 - 06:20:36PM] PLAYER_TRIGGER_ENTER [ths1_TriggerEnterSCRIPT < (04074E6B)>]
[11/16/2012 - 06:20:37PM] PLAYER_MOVE None
[11/16/2012 - 06:20:38PM] PLAYER_MOVE Run
[11/16/2012 - 06:20:38PM] PLAYER_TRIGGER_ENTER [ths1_TriggerEnterSCRIPT < (04074E6C)>]
[11/16/2012 - 06:20:38PM] PLAYER_TRIGGER_LEAVE [ths1_TriggerEnterSCRIPT < (04074E6B)>]
[11/16/2012 - 06:20:38PM] PLAYER_TRIGGER_LEAVE [ths1_TriggerEnterSCRIPT < (04074E6C)>]
[11/16/2012 - 06:20:39PM] PLAYER_MOVE None
[11/16/2012 - 06:20:43PM] PLAYER_MOVE Run
[11/16/2012 - 06:20:44PM] PLAYER_MOVE None
[11/16/2012 - 06:20:46PM] PLAYER_TRIGGER_ENTER [ths1_TriggerEnterSCRIPT < (04074E6C)>]
[11/16/2012 - 06:20:46PM] PLAYER_TRIGGER_ENTER [ths1_TriggerEnterSCRIPT < (04074E6B)>]
[11/16/2012 - 06:20:46PM] PLAYER_TRIGGER_LEAVE [ths1_TriggerEnterSCRIPT < (04074E6C)>]
[11/16/2012 - 06:20:47PM] PLAYER_TRIGGER_LEAVE [ths1_TriggerEnterSCRIPT < (04074E6B)>]
[11/16/2012 - 06:20:47PM] PLAYER_MOVE Run
[11/16/2012 - 06:20:48PM] PLAYER_TRIGGER_ENTER [ths1_TriggerEnterSCRIPT < (04074E6A)>]
[11/16/2012 - 06:20:48PM] PLAYER_TRIGGER_ENTER [ths1_TriggerEnterSCRIPT < (04074E69)>]
[11/16/2012 - 06:20:48PM] PLAYER_TRIGGER_LEAVE [ths1_TriggerEnterSCRIPT < (04074E6A)>]
[11/16/2012 - 06:20:48PM] PLAYER_TRIGGER_LEAVE [ths1_TriggerEnterSCRIPT < (04074E69)>]
[11/16/2012 - 06:20:49PM] PLAYER_MOVE None
[11/16/2012 - 06:20:51PM] PLAYER_ITEM_OBTAIN [ObjectReference < (04019E79)>] "Lute"
[11/16/2012 - 06:20:55PM] PLAYER_MOVE Run
[11/16/2012 - 06:20:57PM] PLAYER_MOVE None
[11/16/2012 - 06:20:58PM] PLAYER_DIALOGUE [TIF__02074354 <topic info 04074354 on quest ths1_BarrianBookQuest (0404540C)>] NPC_SPEAKER [Actor < (04045410)>]
[11/16/2012 - 06:21:03PM] PLAYER_MOVE Run
[11/16/2012 - 06:21:06PM] PLAYER_MOVE None
[11/16/2012 - 06:21:13PM] PLAYER_MOVE Run
[11/16/2012 - 06:21:14PM] PLAYER_MOVE None
[11/16/2012 - 06:21:15PM] PLAYER_MOVE Run
[11/16/2012 - 06:21:20PM] PLAYER_CELL_CHANGE [Cell <Wilderness (04085D4C)>] ""
[11/16/2012 - 06:21:20PM] PLAYER_WORLDSPACE_CHANGE [WorldSpace <ths1_Town (04085D17)>] "Town"
[11/16/2012 - 06:21:20PM] PLAYER_MOVE None
[11/16/2012 - 06:21:20PM] PLAYER_ACTOR_VIEW_GAIN [ObjectReference < (04089359)>] "Seamus"
[11/16/2012 - 06:21:21PM] PLAYER_ITEM_REMOVED None "Daedric Arrow" COUNT 1 CONTAINER None
[11/16/2012 - 06:21:22PM] PLAYER_TRIGGER_ENTER [ths1_TriggerEnterSCRIPT < (0408C7AA)>]
[11/16/2012 - 06:21:23PM] PLAYER_TRIGGER_LEAVE [ths1_TriggerEnterSCRIPT < (0408C7AA)>]
[11/16/2012 - 06:21:23PM] PLAYER_MOVE Run
[11/16/2012 - 06:21:23PM] PLAYER_TRIGGER_ENTER [ths1_TriggerEnterSCRIPT < (0408C7A8)>]
[11/16/2012 - 06:21:25PM] PLAYER_ACTOR_VIEW_LOSS [ObjectReference < (04089359)>] "Seamus"
[11/16/2012 - 06:21:26PM] PLAYER_TRIGGER_LEAVE [ths1_TriggerEnterSCRIPT < (0408C7A8)>]
[11/16/2012 - 06:21:27PM] PLAYER_TRIGGER_ENTER [ths1_TriggerEnterSCRIPT < (0408C7A9)>]
[11/16/2012 - 06:21:29PM] PLAYER_CELL_CHANGE [Cell <Wilderness (04085D34)>] ""
[11/16/2012 - 06:21:30PM] PLAYER_TRIGGER_LEAVE [ths1_TriggerEnterSCRIPT < (0408C7A9)>]
[11/16/2012 - 06:21:31PM] PLAYER_ACTOR_VIEW_GAIN [ObjectReference < (04089359)>] "Seamus"
[11/16/2012 - 06:21:33PM] PLAYER_CELL_CHANGE [Cell <Wilderness (04085D44)>] ""
[11/16/2012 - 06:21:36PM] PLAYER_MOVE None
[11/16/2012 - 06:21:38PM] PLAYER_DIALOGUE [TIF__01013D2B <topic info 04013D2B on quest ths1_MissingDog (04009344)>] NPC_SPEAKER [Actor < (04089359)>]
[11/16/2012 - 06:21:41PM] QUEST_STAGE_CHANGE [ths1_MDQScript <ths1_MissingDog (04009344)>] "Missing Dog" 5
[11/16/2012 - 06:21:43PM] PLAYER_DIALOGUE [TIF__0100A949 <topic info 0400A949 on quest ths1_MissingDog (04009344)>] NPC_SPEAKER [Actor < (04089359)>]
[11/16/2012 - 06:21:45PM] PLAYER_DIALOGUE [TIF__01063CC2 <topic info 04063CC2 on quest ths1_MissingDog (04009344)>] NPC_SPEAKER [Actor < (04089359)>]
[11/16/2012 - 06:21:48PM] PLAYER_DIALOGUE [TIF__0100DBAF <topic info 0400DBAF on quest ths1_MissingDog (04009344)>] NPC_SPEAKER [Actor < (04089359)>]
[11/16/2012 - 06:21:50PM] PLAYER_MOVE Run
[11/16/2012 - 06:21:51PM] PLAYER_TRIGGER_ENTER [ths1_TriggerEnterSCRIPT < (0408C7A1)>]
[11/16/2012 - 06:21:51PM] ACTOR_PACKAGE_START [ths1_MDQSeamusAliasSCRIPT <alias Seamus on quest ths1_MissingDog (04009344)>] "Seamus" : "[PF_ths1_SeamusFollowerPackag_0201C01E < (0401C01E)>]"
[11/16/2012 - 06:21:51PM] QUEST_STAGE_CHANGE [ths1_MDQScript <ths1_MissingDog (04009344)>] "Missing Dog" 10
[11/16/2012 - 06:21:51PM] PLAYER_ACTOR_VIEW_LOSS [ObjectReference < (04089359)>] "Seamus"
[11/16/2012 - 06:21:52PM] PLAYER_TRIGGER_LEAVE [ths1_TriggerEnterSCRIPT < (0408C7A1)>]
[11/16/2012 - 06:21:52PM] PLAYER_TRIGGER_ENTER [ths1_TriggerEnterSCRIPT < (0408C7A1)>]
[11/16/2012 - 06:21:52PM] PLAYER_MOVE None
[11/16/2012 - 06:21:54PM] PLAYER_ACTOR_VIEW_GAIN [ObjectReference < (04089359)>] "Seamus"
[11/16/2012 - 06:21:54PM] PLAYER_ACTOR_VIEW_LOSS [ObjectReference < (04089359)>] "Seamus"
[11/16/2012 - 06:21:54PM] PLAYER_TRIGGER_LEAVE [ths1_TriggerEnterSCRIPT < (0408C7A1)>]
[11/16/2012 - 06:21:58PM] PLAYER_CELL_CHANGE [Cell <ths1_IsaanHouse (0407113A)>] "Isaan's House"
[11/16/2012 - 06:21:58PM] ACTOR_MOVE_TO_PLAYER [ObjectReference < (04089359)>] "Seamus"
[11/16/2012 - 06:21:59PM] PLAYER_ACTOR_VIEW_GAIN [ObjectReference < (04089359)>] "Seamus"
[11/16/2012 - 06:22:00PM] PLAYER_MOVE Run
[11/16/2012 - 06:22:00PM] PLAYER_ACTOR_VIEW_LOSS [ObjectReference < (04089359)>] "Seamus"
[11/16/2012 - 06:22:01PM] PLAYER_MOVE None
[11/16/2012 - 06:22:01PM] PLAYER_ACTOR_VIEW_GAIN [ObjectReference < (04089359)>] "Seamus"
[11/16/2012 - 06:22:02PM] PLAYER_ACTOR_VIEW_LOSS [ObjectReference < (04089359)>] "Seamus"
[11/16/2012 - 06:22:03PM] PLAYER_DIALOGUE [TIF__01063755 <topic info 04063755 on quest ths1_MissingDog (04009344)>] NPC_SPEAKER [Actor < (04071D11)>]
[11/16/2012 - 06:22:05PM] PLAYER_DIALOGUE [TIF__0101430C <topic info 0401430C on quest ths1_MissingDog (04009344)>] NPC_SPEAKER [Actor < (04071D11)>]
[11/16/2012 - 06:22:09PM] PLAYER_DIALOGUE [TIF__0101651B <topic info 0401651B on quest ths1_MissingDog (04009344)>] NPC_SPEAKER [Actor < (04071D11)>]
[11/16/2012 - 06:22:10PM] PLAYER_DIALOGUE [TIF__0101651D <topic info 0401651D on quest ths1_MissingDog (04009344)>] NPC_SPEAKER [Actor < (04071D11)>]
[11/16/2012 - 06:22:15PM] PLAYER_DIALOGUE [TIF__0101651F <topic info 0401651F on quest ths1_MissingDog (04009344)>] NPC_SPEAKER [Actor < (04071D11)>]
[11/16/2012 - 06:22:20PM] PLAYER_DIALOGUE [TIF__0103E4E5 <topic info 0403E4E5 on quest ths1_MissingDog (04009344)>] NPC_SPEAKER [Actor < (04071D11)>]
[11/16/2012 - 06:22:23PM] PLAYER_DIALOGUE [TIF__010098E9 <topic info 040098E9 on quest ths1_MissingDog (04009344)>] NPC_SPEAKER [Actor < (04071D11)>]
[11/16/2012 - 06:22:27PM] PLAYER_DIALOGUE [TIF__0101430C <topic info 0401430C on quest ths1_MissingDog (04009344)>] NPC_SPEAKER [Actor < (04071D11)>]
[11/16/2012 - 06:22:31PM] PLAYER_DIALOGUE [TIF__01063757 <topic info 04063757 on quest ths1_MissingDog (04009344)>] NPC_SPEAKER [Actor < (04071D11)>]
[11/16/2012 - 06:22:36PM] PLAYER_ACTOR_VIEW_GAIN [ObjectReference < (04089359)>] "Seamus"
[11/16/2012 - 06:22:37PM] PLAYER_MOVE Run
[11/16/2012 - 06:22:38PM] PLAYER_ACTOR_VIEW_LOSS [ObjectReference < (04089359)>] "Seamus"
[11/16/2012 - 06:22:38PM] PLAYER_TRIGGER_ENTER [ths1_TriggerEnterSCRIPT < (04074E5A)>]
[11/16/2012 - 06:22:39PM] PLAYER_MOVE None
[11/16/2012 - 06:22:40PM] PLAYER_ITEM_OBTAIN [ObjectReference < (04071160)>] "Unknown Potion"
[11/16/2012 - 06:22:46PM] PLAYER_ITEM_REMOVED [ObjectReference < (04071160)>] "Unknown Potion" COUNT 1 CONTAINER None
[11/16/2012 - 06:22:46PM] PLAYER_ITEM_REMOVED None "Unknown Potion" COUNT 1 CONTAINER None
[11/16/2012 - 06:22:53PM] PLAYER_TRIGGER_LEAVE [ths1_TriggerEnterSCRIPT < (04074E5A)>]
[11/16/2012 - 06:22:54PM] PLAYER_MOVE Run
[11/16/2012 - 06:22:55PM] PLAYER_MOVE None
[11/16/2012 - 06:22:57PM] PLAYER_CELL_CHANGE [Cell <Wilderness (04085D44)>] ""
[11/16/2012 - 06:22:57PM] ACTOR_MOVE_TO_PLAYER [ObjectReference < (04089359)>] "Seamus"
[11/16/2012 - 06:22:57PM] PLAYER_WORLDSPACE_CHANGE [WorldSpace <ths1_Town (04085D17)>] "Town"
[11/16/2012 - 06:22:58PM] PLAYER_ACTOR_VIEW_GAIN [ObjectReference < (04089359)>] "Seamus"
[11/16/2012 - 06:22:58PM] PLAYER_TRIGGER_ENTER [ths1_TriggerEnterSCRIPT < (0408C7A1)>]
[11/16/2012 - 06:22:58PM] PLAYER_MOVE Run
[11/16/2012 - 06:22:59PM] PLAYER_ACTOR_VIEW_LOSS [ObjectReference < (04089359)>] "Seamus"
[11/16/2012 - 06:22:59PM] PLAYER_TRIGGER_LEAVE [ths1_TriggerEnterSCRIPT < (0408C7A1)>]
[11/16/2012 - 06:23:02PM] PLAYER_CELL_CHANGE [Cell <Wilderness (04085D42)>] ""
[11/16/2012 - 06:23:13PM] PLAYER_TRIGGER_ENTER [ths1_TriggerEnterSCRIPT < (0408C7AB)>]
[11/16/2012 - 06:23:14PM] PLAYER_MOVE None
[11/16/2012 - 06:23:15PM] PLAYER_DIALOGUE [TIF__0208000D <topic info 0408000D on quest ths1_MasterQuest (040319F7)>] NPC_SPEAKER [Actor < (04089355)>]
[11/16/2012 - 06:23:18PM] PLAYER_DIALOGUE [TIF__0208000F <topic info 0408000F on quest ths1_MasterQuest (040319F7)>] NPC_SPEAKER [Actor < (04089355)>]
[11/16/2012 - 06:23:24PM] PLAYER_MOVE Run
[11/16/2012 - 06:23:26PM] PLAYER_CELL_CHANGE [Cell <Wilderness (04085D40)>] ""
[11/16/2012 - 06:23:28PM] PLAYER_MOVE None
[11/16/2012 - 06:23:31PM] PLAYER_MOVE Run
[11/16/2012 - 06:23:35PM] PLAYER_CELL_CHANGE [Cell <Wilderness (04085D42)>] ""
[11/16/2012 - 06:23:36PM] PLAYER_TRIGGER_LEAVE [ths1_TriggerEnterSCRIPT < (0408C7AB)>]
[11/16/2012 - 06:23:36PM] PLAYER_TRIGGER_ENTER [ths1_TriggerEnterSCRIPT < (0408C7AE)>]
[11/16/2012 - 06:23:38PM] PLAYER_CELL_CHANGE [Cell <Wilderness (04085D40)>] ""
[11/16/2012 - 06:23:41PM] PLAYER_MOVE None
[11/16/2012 - 06:23:48PM] PLAYER_MOVE Run
[11/16/2012 - 06:23:49PM] PLAYER_CELL_CHANGE [Cell <Wilderness (04085D4A)>] ""
[11/16/2012 - 06:23:50PM] PLAYER_CELL_CHANGE [Cell <Wilderness (04085D4C)>] ""
[11/16/2012 - 06:23:51PM] PLAYER_TRIGGER_ENTER [ths1_TriggerEnterSCRIPT < (0408CDAD)>]
[11/16/2012 - 06:23:51PM] PLAYER_TRIGGER_LEAVE [ths1_TriggerEnterSCRIPT < (0408C7AE)>]
[11/16/2012 - 06:23:54PM] PLAYER_TRIGGER_LEAVE [ths1_TriggerEnterSCRIPT < (0408CDAD)>]
[11/16/2012 - 06:24:05PM] PLAYER_TRIGGER_ENTER [ths1_TriggerEnterSCRIPT < (0408C7C2)>]
[11/16/2012 - 06:24:05PM] PLAYER_CELL_CHANGE [Cell <Wilderness (04085D34)>] ""
[11/16/2012 - 06:24:08PM] PLAYER_TRIGGER_LEAVE [ths1_TriggerEnterSCRIPT < (0408C7C2)>]
[11/16/2012 - 06:24:10PM] PLAYER_CELL_CHANGE [Cell <Wilderness (04085D56)>] ""
[11/16/2012 - 06:24:12PM] PLAYER_TRIGGER_ENTER [ths1_TriggerEnterSCRIPT < (0408CD5B)>]
[11/16/2012 - 06:24:16PM] PLAYER_MOVE None
[11/16/2012 - 06:24:19PM] PLAYER_ITEM_OBTAIN [ObjectReference < (04085FFA)>] "Purple Mountain Flower"
[11/16/2012 - 06:24:20PM] PLAYER_TRIGGER_LEAVE [ths1_TriggerEnterSCRIPT < (0408CD5B)>]
[11/16/2012 - 06:24:20PM] PLAYER_MOVE Run
[11/16/2012 - 06:24:20PM] PLAYER_TRIGGER_ENTER [ths1_TriggerEnterSCRIPT < (0408C78E)>]
[11/16/2012 - 06:24:23PM] PLAYER_ITEM_OBTAIN None "Grass Pod"
[11/16/2012 - 06:24:24PM] PLAYER_MOVE None
[11/16/2012 - 06:24:28PM] PLAYER_MOVE Run
[11/16/2012 - 06:24:32PM] PLAYER_CELL_CHANGE [Cell <Wilderness (04085D58)>] ""
[11/16/2012 - 06:24:34PM] PLAYER_MOVE None
[11/16/2012 - 06:24:35PM] PLAYER_MOVE Run
[11/16/2012 - 06:24:36PM] PLAYER_CELL_CHANGE [Cell <Wilderness (04085D4E)>] ""
[11/16/2012 - 06:24:36PM] PLAYER_TRIGGER_LEAVE [ths1_TriggerEnterSCRIPT < (0408C78E)>]
[11/16/2012 - 06:24:37PM] PLAYER_CELL_CHANGE [Cell <Wilderness (04085D58)>] ""
[11/16/2012 - 06:24:44PM] PLAYER_TRIGGER_ENTER [ths1_TriggerEnterSCRIPT < (0408C78E)>]
[11/16/2012 - 06:24:45PM] PLAYER_TRIGGER_LEAVE [ths1_TriggerEnterSCRIPT < (0408C78E)>]
[11/16/2012 - 06:24:45PM] PLAYER_TRIGGER_ENTER [ths1_TriggerEnterSCRIPT < (0408C78E)>]
[11/16/2012 - 06:24:46PM] PLAYER_TRIGGER_LEAVE [ths1_TriggerEnterSCRIPT < (0408C78E)>]
[11/16/2012 - 06:24:58PM] PLAYER_TRIGGER_ENTER [ths1_TriggerEnterSCRIPT < (0408C78E)>]
[11/16/2012 - 06:25:02PM] PLAYER_CELL_CHANGE [Cell <Wilderness (04085D56)>] ""
[11/16/2012 - 06:25:02PM] PLAYER_ITEM_REMOVED None "Daedric Arrow" COUNT 1 CONTAINER None
[11/16/2012 - 06:25:06PM] PLAYER_TRIGGER_ENTER [ths1_TriggerEnterSCRIPT < (0408CD5B)>]
[11/16/2012 - 06:25:07PM] PLAYER_TRIGGER_LEAVE [ths1_TriggerEnterSCRIPT < (0408C78E)>]
[11/16/2012 - 06:25:10PM] PLAYER_TRIGGER_LEAVE [ths1_TriggerEnterSCRIPT < (0408CD5B)>]
[11/16/2012 - 06:25:10PM] PLAYER_CELL_CHANGE [Cell <Wilderness (04085D34)>] ""
[11/16/2012 - 06:25:12PM] PLAYER_TRIGGER_ENTER [ths1_TriggerEnterSCRIPT < (0408CDAB)>]
[11/16/2012 - 06:25:13PM] PLAYER_TRIGGER_LEAVE [ths1_TriggerEnterSCRIPT < (0408CDAB)>]
[11/16/2012 - 06:25:13PM] PLAYER_MOVE None
[11/16/2012 - 06:25:13PM] PLAYER_TRIGGER_ENTER [ths1_TriggerEnterSCRIPT < (0408CDAB)>]
[11/16/2012 - 06:25:24PM] PLAYER_WEAPON_RIGHT [WEAPON < (000139B7)>] "Daedric Greatsword"
[11/16/2012 - 06:25:25PM] PLAYER_MOVE Run
[11/16/2012 - 06:25:25PM] PLAYER_TRIGGER_LEAVE [ths1_TriggerEnterSCRIPT < (0408CDAB)>]
[11/16/2012 - 06:25:26PM] PLAYER_MOVE None
[11/16/2012 - 06:25:28PM] PLAYER_FIGHT None ""
[11/16/2012 - 06:25:28PM] PLAYER_TRIGGER_ENTER [ths1_TriggerEnterSCRIPT < (0408CDAB)>]
[11/16/2012 - 06:25:29PM] PLAYER_FIGHT [Actor < (0408BC45)>] "Roman The Hero"
[11/16/2012 - 06:25:29PM] PLAYER_MOVE Run
[11/16/2012 - 06:25:29PM] PLAYER_TRIGGER_LEAVE [ths1_TriggerEnterSCRIPT < (0408CDAB)>]
[11/16/2012 - 06:25:30PM] PLAYER_FIGHT [Actor < (0408BC45)>] "Roman The Hero"
[11/16/2012 - 06:25:31PM] PLAYER_FIGHT [Actor < (0408BC45)>] "Roman The Hero"
[11/16/2012 - 06:25:32PM] PLAYER_TRIGGER_ENTER [ths1_TriggerEnterSCRIPT < (0408CD5A)>]
[11/16/2012 - 06:25:32PM] PLAYER_FIGHT [Actor < (0408BC45)>] "Roman The Hero"
[11/16/2012 - 06:25:33PM] PLAYER_FIGHT None ""
[11/16/2012 - 06:25:34PM] PLAYER_FIGHT None ""
[11/16/2012 - 06:25:34PM] PLAYER_MOVE None
[11/16/2012 - 06:25:35PM] PLAYER_FIGHT None ""
[11/16/2012 - 06:25:36PM] PLAYER_FIGHT None ""
[11/16/2012 - 06:25:37PM] PLAYER_FIGHT None ""
[11/16/2012 - 06:25:40PM] PLAYER_MOVE Run
[11/16/2012 - 06:25:45PM] PLAYER_MOVE None
[11/16/2012 - 06:25:46PM] PLAYER_MOVE Run
[11/16/2012 - 06:25:47PM] PLAYER_TRIGGER_LEAVE [ths1_TriggerEnterSCRIPT < (0408CD5A)>]
[11/16/2012 - 06:25:51PM] PLAYER_TRIGGER_ENTER [ths1_TriggerEnterSCRIPT < (0408C7A9)>]
[11/16/2012 - 06:25:52PM] PLAYER_TRIGGER_LEAVE [ths1_TriggerEnterSCRIPT < (0408C7A9)>]
[11/16/2012 - 06:25:53PM] PLAYER_TRIGGER_ENTER [ths1_TriggerEnterSCRIPT < (0408C7A7)>]
[11/16/2012 - 06:25:54PM] PLAYER_CELL_CHANGE [Cell <Wilderness (04085D4C)>] ""
[11/16/2012 - 06:25:56PM] PLAYER_TRIGGER_LEAVE [ths1_TriggerEnterSCRIPT < (0408C7A7)>]
[11/16/2012 - 06:26:01PM] PLAYER_TRIGGER_ENTER [ths1_TriggerEnterSCRIPT < (0408C7C0)>]
[11/16/2012 - 06:26:02PM] PLAYER_MOVE None
[11/16/2012 - 06:26:12PM] PLAYER_TRIGGER_ENTER [ths1_TriggerEnterSCRIPT < (040748BF)>]
[11/16/2012 - 06:26:12PM] PLAYER_TRIGGER_LEAVE [ths1_TriggerEnterSCRIPT < (0408C7C0)>]
[11/16/2012 - 06:26:12PM] PLAYER_CELL_CHANGE [Cell <ths1_MuseumInterior (04044D5A)>] "Bubbsey's Oddity Emporium"
[11/16/2012 - 06:26:13PM] ACTOR_MOVE_TO_PLAYER [ObjectReference < (04089359)>] "Seamus"
[11/16/2012 - 06:26:14PM] PLAYER_ACTOR_VIEW_LOSS [ObjectReference < (04089359)>] "Seamus"
[11/16/2012 - 06:26:14PM] PLAYER_TRIGGER_LEAVE [ths1_TriggerEnterSCRIPT < (040748BF)>]
[11/16/2012 - 06:26:14PM] PLAYER_TRIGGER_ENTER [ths1_TriggerEnterSCRIPT < (040748BF)>]
[11/16/2012 - 06:26:14PM] PLAYER_ACTOR_VIEW_LOSS [ObjectReference < (04089359)>] "Seamus"
[11/16/2012 - 06:26:15PM] PLAYER_TRIGGER_LEAVE [ths1_TriggerEnterSCRIPT < (040748BF)>]
[11/16/2012 - 06:26:18PM] PLAYER_MOVE Run
[11/16/2012 - 06:26:18PM] PLAYER_TRIGGER_ENTER [ths1_TriggerEnterSCRIPT < (040748C8)>]
[11/16/2012 - 06:26:18PM] PLAYER_TRIGGER_LEAVE [ths1_TriggerEnterSCRIPT < (040748C8)>]
[11/16/2012 - 06:26:19PM] PLAYER_DIALOGUE [TIF__01064239 <topic info 04064239 on quest ths1_CaptiveOrc (0401A9F8)>] NPC_SPEAKER [Actor < (04049751)>]
[11/16/2012 - 06:26:20PM] PLAYER_MOVE None
[11/16/2012 - 06:26:22PM] PLAYER_DIALOGUE [TIF__0103F01B <topic info 0403F01B on quest ths1_CaptiveOrc (0401A9F8)>] NPC_SPEAKER [Actor < (04049751)>]
[11/16/2012 - 06:26:23PM] QUEST_STAGE_CHANGE [ths1_CaptiveOrcQuestSCRIPT <ths1_CaptiveOrc (0401A9F8)>] "The Museum Attraction" 3
[11/16/2012 - 06:26:28PM] PLAYER_DIALOGUE [TIF__01063CCA <topic info 04063CCA on quest ths1_CaptiveOrc (0401A9F8)>] NPC_SPEAKER [Actor < (04049751)>]
[11/16/2012 - 06:26:33PM] PLAYER_ACTOR_VIEW_GAIN [ObjectReference < (04089359)>] "Seamus"
[11/16/2012 - 06:26:33PM] PLAYER_POV_CHANGE THIRD_PERSON
[11/16/2012 - 06:26:34PM] PLAYER_POV_CHANGE FIRST_PERSON
[11/16/2012 - 06:26:35PM] PLAYER_ACTOR_VIEW_LOSS [ObjectReference < (04089359)>] "Seamus"
[11/16/2012 - 06:26:37PM] PLAYER_WEAPON_WITHDRAWN
[11/16/2012 - 06:26:39PM] PLAYER_MOVE Run
[11/16/2012 - 06:26:40PM] PLAYER_MOVE None
[11/16/2012 - 06:26:41PM] PLAYER_MOVE Run
[11/16/2012 - 06:26:42PM] PLAYER_MOVE None
[11/16/2012 - 06:26:42PM] PLAYER_ACTOR_VIEW_GAIN [ObjectReference < (04089359)>] "Seamus"
[11/16/2012 - 06:26:44PM] PLAYER_ACTOR_VIEW_LOSS [ObjectReference < (04089359)>] "Seamus"
[11/16/2012 - 06:26:46PM] PLAYER_TRIGGER_ENTER [ths1_TriggerEnterSCRIPT < (040748D4)>]
[11/16/2012 - 06:26:47PM] PLAYER_MOVE Run
[11/16/2012 - 06:26:48PM] PLAYER_MOVE None
[11/16/2012 - 06:26:49PM] PLAYER_MOVE Run
[11/16/2012 - 06:26:50PM] PLAYER_TRIGGER_LEAVE [ths1_TriggerEnterSCRIPT < (040748D4)>]
[11/16/2012 - 06:26:50PM] PLAYER_MOVE None
[11/16/2012 - 06:26:51PM] QUEST_STAGE_CHANGE [ths1_CaptiveOrcQuestSCRIPT <ths1_CaptiveOrc (0401A9F8)>] "The Museum Attraction" 5
[11/16/2012 - 06:26:52PM] ACTOR_DOOR_OPEN [Actor < (04049751)>] "Bubbsey" : [ths1_MuseumHiddenDoorSCRIPT <alias MuseumHiddenDoor on quest ths1_CaptiveOrc (0401A9F8)>] "MuseumHiddenDoor"
[11/16/2012 - 06:26:54PM] PLAYER_MOVE Run
[11/16/2012 - 06:26:54PM] PLAYER_TRIGGER_ENTER [ths1_TriggerEnterSCRIPT < (040748D5)>]
[11/16/2012 - 06:26:55PM] PLAYER_TRIGGER_LEAVE [ths1_TriggerEnterSCRIPT < (040748D5)>]
[11/16/2012 - 06:26:56PM] PLAYER_TRIGGER_ENTER [ths1_NearOrcCageTrigScript <alias NearMuseumOrcCageTrigALIAS on quest ths1_CaptiveOrc (0401A9F8)>]
[11/16/2012 - 06:26:57PM] QUEST_STAGE_CHANGE [ths1_CaptiveOrcQuestSCRIPT <ths1_CaptiveOrc (0401A9F8)>] "The Museum Attraction" 10
[11/16/2012 - 06:26:58PM] PLAYER_MOVE None
[11/16/2012 - 06:27:03PM] PLAYER_MOVE Run
[11/16/2012 - 06:27:04PM] PLAYER_MOVE None
[11/16/2012 - 06:27:05PM] PLAYER_ACTOR_VIEW_GAIN [ObjectReference < (04089359)>] "Seamus"
[11/16/2012 - 06:27:08PM] PLAYER_ACTOR_VIEW_LOSS [ObjectReference < (04089359)>] "Seamus"
[11/16/2012 - 06:27:17PM] PLAYER_DIALOGUE [TIF__0101A9FC <topic info 0401A9FC on quest ths1_CaptiveOrc (0401A9F8)>] NPC_SPEAKER [Actor < (040491E3)>]
[11/16/2012 - 06:27:21PM] PLAYER_DIALOGUE [TIF__0101AF69 <topic info 0401AF69 on quest ths1_CaptiveOrc (0401A9F8)>] NPC_SPEAKER [Actor < (040491E3)>]
[11/16/2012 - 06:27:26PM] PLAYER_DIALOGUE [TIF__010350CF <topic info 040350CF on quest ths1_CaptiveOrc (0401A9F8)>] NPC_SPEAKER [Actor < (040491E3)>]
[11/16/2012 - 06:27:29PM] PLAYER_DIALOGUE [TIF__010371A9 <topic info 040371A9 on quest ths1_CaptiveOrc (0401A9F8)>] NPC_SPEAKER [Actor < (040491E3)>]
[11/16/2012 - 06:27:34PM] PLAYER_DIALOGUE [TIF__010371A7 <topic info 040371A7 on quest ths1_CaptiveOrc (0401A9F8)>] NPC_SPEAKER [Actor < (040491E3)>]
[11/16/2012 - 06:27:37PM] PLAYER_ACTOR_VIEW_GAIN [ObjectReference < (04089359)>] "Seamus"
[11/16/2012 - 06:27:38PM] PLAYER_MOVE Run
[11/16/2012 - 06:27:40PM] PLAYER_MOVE None
[11/16/2012 - 06:27:46PM] PLAYER_MOVE Run
[11/16/2012 - 06:27:47PM] PLAYER_MOVE None
[11/16/2012 - 06:27:50PM] ACTOR_HIT [ths1_MDQSeamusAliasSCRIPT <alias Seamus on quest ths1_MissingDog (04009344)>] "Seamus" : ""
[11/16/2012 - 06:27:52PM] ACTOR_HIT [ths1_MDQSeamusAliasSCRIPT <alias Seamus on quest ths1_MissingDog (04009344)>] "Seamus" : ""
[11/16/2012 - 06:27:54PM] ACTOR_HIT [ths1_MDQSeamusAliasSCRIPT <alias Seamus on quest ths1_MissingDog (04009344)>] "Seamus" : ""
[11/16/2012 - 06:28:00PM] PLAYER_DIALOGUE [TIF__0106B444 <topic info 0406B444 on quest ths1_MissingDog (04009344)>] NPC_SPEAKER [Actor < (04089359)>]
[11/16/2012 - 06:28:04PM] ACTOR_PACKAGE_START [ths1_MDQSeamusAliasSCRIPT <alias Seamus on quest ths1_MissingDog (04009344)>] "Seamus" : "[PF_ths1_SeamusReturnHomePack_0204FA01 < (0404FA01)>]"
[11/16/2012 - 06:28:05PM] PLAYER_DIALOGUE [TIF__0106E5B4 <topic info 0406E5B4 on quest ths1_MissingDog (04009344)>] NPC_SPEAKER [Actor < (04089359)>]
[11/16/2012 - 06:28:09PM] PLAYER_DIALOGUE [TIF__010238FF <topic info 040238FF on quest ths1_MissingDog (04009344)>] NPC_SPEAKER [Actor < (04089359)>]
[11/16/2012 - 06:28:13PM] PLAYER_MOVE Run
[11/16/2012 - 06:28:13PM] PLAYER_ACTOR_VIEW_LOSS [ObjectReference < (04089359)>] "Seamus"
[11/16/2012 - 06:28:14PM] PLAYER_MOVE None
[11/16/2012 - 06:28:15PM] PLAYER_POV_CHANGE THIRD_PERSON
[11/16/2012 - 06:28:15PM] PLAYER_WEAPON_WITHDRAWN
[11/16/2012 - 06:29:05PM] PLAYER_ITEM_REMOVED None "Taproot" COUNT 1 CONTAINER None
[11/16/2012 - 06:29:06PM] PLAYER_ITEM_REMOVED None "Purple Mountain Flower" COUNT 1 CONTAINER None
[11/16/2012 - 06:29:06PM] PLAYER_ITEM_REMOVED None "Grass Pod" COUNT 1 CONTAINER None
[11/16/2012 - 06:29:06PM] PLAYER_ITEM_OBTAIN None "Potion of Restore Magicka"
[11/16/2012 - 06:29:21PM] PLAYER_POV_CHANGE FIRST_PERSON
[11/16/2012 - 06:29:21PM] PLAYER_MOVE Run
[11/16/2012 - 06:29:23PM] PLAYER_MOVE None
[11/16/2012 - 06:29:25PM] PLAYER_ACTOR_VIEW_GAIN [ObjectReference < (04089359)>] "Seamus"
[11/16/2012 - 06:29:27PM] PLAYER_ACTOR_VIEW_LOSS [ObjectReference < (04089359)>] "Seamus"
[11/16/2012 - 06:29:29PM] PLAYER_ITEM_OBTAIN [ObjectReference < (04044DCC)>] "Potion of Destruction"
[11/16/2012 - 06:29:30PM] PLAYER_ITEM_OBTAIN [ObjectReference < (04044DCD)>] "Potion of the Warrior"
[11/16/2012 - 06:29:30PM] PLAYER_ITEM_OBTAIN [ObjectReference < (04044DCE)>] "Potion of Stamina"
[11/16/2012 - 06:29:31PM] PLAYER_ITEM_OBTAIN [ObjectReference < (04044DCF)>] "Potion of Minor Magicka"
[11/16/2012 - 06:29:32PM] PLAYER_ITEM_OBTAIN [ObjectReference < (04044DD1)>] "Potion of Resist Fire"
[11/16/2012 - 06:29:32PM] PLAYER_ITEM_OBTAIN [ObjectReference < (04044DD0)>] "Potion of Minor Healing"
[11/16/2012 - 06:29:33PM] PLAYER_ITEM_OBTAIN [ObjectReference < (04044DD3)>] "Draught of Health"
[11/16/2012 - 06:29:33PM] PLAYER_ITEM_OBTAIN [ObjectReference < (04044DD2)>] "Potion of Health"
[11/16/2012 - 06:29:35PM] PLAYER_ITEM_OBTAIN [ObjectReference < (04044DD4)>] "Tundra Cotton"
[11/16/2012 - 06:29:36PM] PLAYER_ITEM_OBTAIN [ObjectReference < (04044DD6)>] "Taproot"
[11/16/2012 - 06:29:39PM] PLAYER_ITEM_OBTAIN [ObjectReference < (04044DDD)>] "Salt Pile"
[11/16/2012 - 06:29:39PM] PLAYER_ITEM_OBTAIN [ObjectReference < (04044DDC)>] "Nordic Barnacle"
[11/16/2012 - 06:29:40PM] PLAYER_ITEM_OBTAIN [ObjectReference < (04044DD7)>] "Slaughterfish Egg"
[11/16/2012 - 06:29:40PM] PLAYER_ITEM_OBTAIN [ObjectReference < (04044DDB)>] "Slaughterfish Egg"
[11/16/2012 - 06:29:40PM] PLAYER_ITEM_OBTAIN [ObjectReference < (04044DDA)>] "Slaughterfish Egg"
[11/16/2012 - 06:29:40PM] PLAYER_ITEM_OBTAIN [ObjectReference < (04044DD9)>] "Slaughterfish Egg"
[11/16/2012 - 06:29:40PM] PLAYER_ITEM_OBTAIN [ObjectReference < (04044DD8)>] "Slaughterfish Egg"
[11/16/2012 - 06:29:41PM] PLAYER_ITEM_OBTAIN [ObjectReference < (04081BDB)>] "Green Apple"
[11/16/2012 - 06:29:42PM] PLAYER_ITEM_OBTAIN [ObjectReference < (04044DDF)>] "Ice Wraith Teeth"
[11/16/2012 - 06:29:43PM] PLAYER_ITEM_OBTAIN [ObjectReference < (04044DDE)>] "Ice Wraith Teeth"
[11/16/2012 - 06:29:45PM] PLAYER_POV_CHANGE THIRD_PERSON
[11/16/2012 - 06:30:04PM] PLAYER_ITEM_REMOVED None "Ice Wraith Teeth" COUNT 1 CONTAINER None
[11/16/2012 - 06:30:04PM] PLAYER_ITEM_REMOVED None "Nordic Barnacle" COUNT 1 CONTAINER None
[11/16/2012 - 06:30:04PM] PLAYER_ITEM_REMOVED None "Salt Pile" COUNT 1 CONTAINER None
[11/16/2012 - 06:30:10PM] PLAYER_ITEM_REMOVED None "Slaughterfish Egg" COUNT 1 CONTAINER None
[11/16/2012 - 06:30:10PM] PLAYER_ITEM_REMOVED None "Tundra Cotton" COUNT 1 CONTAINER None
[11/16/2012 - 06:30:10PM] PLAYER_ITEM_REMOVED None "Ice Wraith Teeth" COUNT 1 CONTAINER None
[11/16/2012 - 06:30:17PM] PLAYER_ITEM_REMOVED None "Taproot" COUNT 1 CONTAINER None
[11/16/2012 - 06:30:17PM] PLAYER_ITEM_REMOVED None "Slaughterfish Egg" COUNT 1 CONTAINER None
[11/16/2012 - 06:30:24PM] PLAYER_ACTOR_VIEW_GAIN [ObjectReference < (04089359)>] "Seamus"
[11/16/2012 - 06:30:25PM] PLAYER_MOVE Run
[11/16/2012 - 06:30:27PM] PLAYER_ITEM_OBTAIN [ObjectReference < (04044DE0)>] "Lavender"
[11/16/2012 - 06:30:27PM] PLAYER_MOVE None
[11/16/2012 - 06:30:27PM] PLAYER_ACTOR_VIEW_LOSS [ObjectReference < (04089359)>] "Seamus"
[11/16/2012 - 06:30:28PM] PLAYER_ITEM_OBTAIN [ObjectReference < (04044DE2)>] "Glow Dust"
[11/16/2012 - 06:30:28PM] PLAYER_ITEM_OBTAIN [ObjectReference < (04044DE1)>] "Giant's Toe"
[11/16/2012 - 06:30:34PM] PLAYER_TRIGGER_ENTER [ths1_NearOrcCageTrigScript <alias NearMuseumOrcCageTrigALIAS on quest ths1_CaptiveOrc (0401A9F8)>]
[11/16/2012 - 06:30:34PM] PLAYER_MOVE Run
[11/16/2012 - 06:30:35PM] PLAYER_ACTOR_VIEW_GAIN [ObjectReference < (04089359)>] "Seamus"
[11/16/2012 - 06:30:36PM] PLAYER_ACTOR_VIEW_LOSS [ObjectReference < (04089359)>] "Seamus"
[11/16/2012 - 06:30:37PM] PLAYER_MOVE None
[11/16/2012 - 06:30:40PM] PLAYER_ACTOR_VIEW_GAIN [ObjectReference < (04089359)>] "Seamus"
[11/16/2012 - 06:30:46PM] PLAYER_ACTOR_VIEW_LOSS [ObjectReference < (04089359)>] "Seamus"
[11/16/2012 - 06:30:49PM] PLAYER_MOVE Run
[11/16/2012 - 06:30:49PM] PLAYER_ACTOR_VIEW_GAIN [ObjectReference < (04089359)>] "Seamus"
[11/16/2012 - 06:30:49PM] PLAYER_ACTOR_VIEW_GAIN [ObjectReference < (04089359)>] "Seamus"
[11/16/2012 - 06:30:50PM] PLAYER_MOVE None
[11/16/2012 - 06:31:21PM] PLAYER_ACTOR_VIEW_GAIN [ObjectReference < (04089359)>] "Seamus"
[11/16/2012 - 06:31:25PM] PLAYER_MOVE Run
[11/16/2012 - 06:31:26PM] PLAYER_ACTOR_VIEW_LOSS [ObjectReference < (04089359)>] "Seamus"
[11/16/2012 - 06:31:27PM] PLAYER_MOVE None
[11/16/2012 - 06:31:28PM] PLAYER_MOVE Run
[11/16/2012 - 06:31:29PM] PLAYER_TRIGGER_ENTER [ths1_TriggerEnterSCRIPT < (040748D5)>]
[11/16/2012 - 06:31:30PM] PLAYER_TRIGGER_LEAVE [ths1_TriggerEnterSCRIPT < (040748D5)>]
[11/16/2012 - 06:31:31PM] PLAYER_MOVE None
[11/16/2012 - 06:31:32PM] PLAYER_TRIGGER_ENTER [ths1_TriggerEnterSCRIPT < (040748D4)>]
[11/16/2012 - 06:31:32PM] PLAYER_WEAPON_WITHDRAWN
[11/16/2012 - 06:31:34PM] PLAYER_MOVE Run
[11/16/2012 - 06:31:34PM] PLAYER_TRIGGER_LEAVE [ths1_TriggerEnterSCRIPT < (040748D4)>]
[11/16/2012 - 06:31:36PM] PLAYER_MOVE None
[11/16/2012 - 06:31:37PM] PLAYER_MOVE Run
[11/16/2012 - 06:31:38PM] PLAYER_DIALOGUE [TIF__010688C2 <topic info 040688C2 on quest ths1_CaptiveOrc (0401A9F8)>] NPC_SPEAKER [Actor < (04049751)>]
[11/16/2012 - 06:31:39PM] PLAYER_MOVE None
[11/16/2012 - 06:31:42PM] PLAYER_DIALOGUE [TIF__0104C30C <topic info 0404C30C on quest ths1_CaptiveOrc (0401A9F8)>] NPC_SPEAKER [Actor < (04049751)>]
[11/16/2012 - 06:31:44PM] PLAYER_DIALOGUE [TIF__0104C30E <topic info 0404C30E on quest ths1_CaptiveOrc (0401A9F8)>] NPC_SPEAKER [Actor < (04049751)>]
[11/16/2012 - 06:31:51PM] PLAYER_DIALOGUE [TIF__0207227D <topic info 0407227D on quest ths1_CaptiveOrc (0401A9F8)>] NPC_SPEAKER [Actor < (04049751)>]
[11/16/2012 - 06:32:00PM] PLAYER_DIALOGUE [TIF__02072280 <topic info 04072280 on quest ths1_CaptiveOrc (0401A9F8)>] NPC_SPEAKER [Actor < (04049751)>]
[11/16/2012 - 06:32:01PM] PLAYER_ITEM_OBTAIN None "Orc Cage Key"
[11/16/2012 - 06:32:01PM] PLAYER_ITEM_REMOVED None "gold" COUNT 2000 CONTAINER [Actor < (04049751)>]
[11/16/2012 - 06:32:07PM] PLAYER_DIALOGUE [TIF__0106683D <topic info 0406683D on quest ths1_CaptiveOrc (0401A9F8)>] NPC_SPEAKER [Actor < (04049751)>]
[11/16/2012 - 06:32:12PM] PLAYER_MOVE Run
[11/16/2012 - 06:32:14PM] PLAYER_MOVE None
[11/16/2012 - 06:32:18PM] PLAYER_BOOK_READ [ths1_BookOfOrcsScript <alias OrcBook on quest ths1_CaptiveOrc (0401A9F8)>]
[11/16/2012 - 06:32:59PM] PLAYER_MOVE Run
[11/16/2012 - 06:33:01PM] PLAYER_MOVE None
[11/16/2012 - 06:33:01PM] PLAYER_TRIGGER_ENTER [ths1_TriggerEnterSCRIPT < (040748D4)>]
[11/16/2012 - 06:33:02PM] PLAYER_MOVE Run
[11/16/2012 - 06:33:03PM] PLAYER_MOVE None
[11/16/2012 - 06:33:03PM] PLAYER_TRIGGER_LEAVE [ths1_TriggerEnterSCRIPT < (040748D4)>]
[11/16/2012 - 06:33:04PM] PLAYER_MOVE Run
[11/16/2012 - 06:33:04PM] PLAYER_TRIGGER_ENTER [ths1_TriggerEnterSCRIPT < (040748D5)>]
[11/16/2012 - 06:33:05PM] PLAYER_TRIGGER_LEAVE [ths1_TriggerEnterSCRIPT < (040748D5)>]
[11/16/2012 - 06:33:07PM] PLAYER_TRIGGER_ENTER [ths1_NearOrcCageTrigScript <alias NearMuseumOrcCageTrigALIAS on quest ths1_CaptiveOrc (0401A9F8)>]
[11/16/2012 - 06:33:07PM] PLAYER_ACTOR_VIEW_GAIN [ObjectReference < (04089359)>] "Seamus"
[11/16/2012 - 06:33:08PM] PLAYER_MOVE None
[11/16/2012 - 06:33:15PM] PLAYER_DIALOGUE [TIF__01063CCD <topic info 04063CCD on quest ths1_CaptiveOrc (0401A9F8)>] NPC_SPEAKER [Actor < (040491E3)>]
[11/16/2012 - 06:33:20PM] PLAYER_DIALOGUE [TIF__01068352 <topic info 04068352 on quest ths1_CaptiveOrc (0401A9F8)>] NPC_SPEAKER [Actor < (040491E3)>]
[11/16/2012 - 06:33:23PM] PLAYER_DIALOGUE [TIF__01068354 <topic info 04068354 on quest ths1_CaptiveOrc (0401A9F8)>] NPC_SPEAKER [Actor < (040491E3)>]
[11/16/2012 - 06:33:26PM] PLAYER_ACTOR_VIEW_LOSS [ObjectReference < (04089359)>] "Seamus"
[11/16/2012 - 06:33:27PM] PLAYER_ACTOR_VIEW_GAIN [ObjectReference < (04089359)>] "Seamus"
[11/16/2012 - 06:33:29PM] QUEST_STAGE_CHANGE [ths1_CaptiveOrcQuestSCRIPT <ths1_CaptiveOrc (0401A9F8)>] "The Museum Attraction" 30
[11/16/2012 - 06:33:29PM] QUEST_COMPLETED [ths1_CaptiveOrcQuestSCRIPT <ths1_CaptiveOrc (0401A9F8)>] "The Museum Attraction"
[11/16/2012 - 06:33:32PM] PLAYER_ACTOR_VIEW_LOSS [ObjectReference < (04089359)>] "Seamus"
[11/16/2012 - 06:33:33PM] PLAYER_ITEM_OBTAIN [ObjectReference < (04049CFE)>] "Cabbage"
[11/16/2012 - 06:33:38PM] PLAYER_ACTOR_VIEW_GAIN [ObjectReference < (04089359)>] "Seamus"
[11/16/2012 - 06:33:40PM] PLAYER_MOVE Run
[11/16/2012 - 06:33:41PM] PLAYER_MOVE None
[11/16/2012 - 06:33:42PM] PLAYER_ACTOR_VIEW_LOSS [ObjectReference < (04089359)>] "Seamus"
[11/16/2012 - 06:33:44PM] PLAYER_TRIGGER_ENTER [ths1_NearOrcCageTrigScript <alias NearMuseumOrcCageTrigALIAS on quest ths1_CaptiveOrc (0401A9F8)>]
[11/16/2012 - 06:33:45PM] PLAYER_ACTOR_VIEW_GAIN [ObjectReference < (04089359)>] "Seamus"
[11/16/2012 - 06:34:31PM] QUEST_STAGE_CHANGE [ths1_CaptiveOrcQuestSCRIPT <ths1_CaptiveOrc (0401A9F8)>] "The Museum Attraction" 35
[11/16/2012 - 06:34:31PM] PLAYER_ACTOR_VIEW_LOSS [ObjectReference < (04089359)>] "Seamus"
[11/16/2012 - 06:34:35PM] PLAYER_ACTOR_VIEW_GAIN [ObjectReference < (04089359)>] "Seamus"
[11/16/2012 - 06:35:11PM] Log closed
