[11/16/2012 - 05:46:44PM] 15 log opened (PC)
[11/16/2012 - 05:46:44PM] PLAYER_TRIGGER_ENTER [ths1_TriggerEnterSCRIPT < (04074E58)>]
[11/16/2012 - 05:46:55PM] PLAYER_MOVE Run
[11/16/2012 - 05:46:55PM] PLAYER_TRIGGER_ENTER [ths1_TriggerEnterSCRIPT < (04074E57)>]
[11/16/2012 - 05:46:56PM] PLAYER_TRIGGER_LEAVE [ths1_TriggerEnterSCRIPT < (04074E58)>]
[11/16/2012 - 05:46:56PM] PLAYER_TRIGGER_ENTER [ths1_TriggerEnterSCRIPT < (04074E53)>]
[11/16/2012 - 05:46:57PM] PLAYER_TRIGGER_LEAVE [ths1_TriggerEnterSCRIPT < (04074E57)>]
[11/16/2012 - 05:46:57PM] PLAYER_MOVE None
[11/16/2012 - 05:47:00PM] PLAYER_MOVE Run
[11/16/2012 - 05:47:01PM] PLAYER_MOVE None
[11/16/2012 - 05:47:04PM] PLAYER_MOVE Run
[11/16/2012 - 05:47:04PM] PLAYER_TRIGGER_ENTER [ths1_TriggerEnterSCRIPT < (04074E57)>]
[11/16/2012 - 05:47:05PM] PLAYER_TRIGGER_LEAVE [ths1_TriggerEnterSCRIPT < (04074E53)>]
[11/16/2012 - 05:47:05PM] PLAYER_MOVE None
[11/16/2012 - 05:47:06PM] PLAYER_TRIGGER_ENTER [ths1_TriggerEnterSCRIPT < (04074E53)>]
[11/16/2012 - 05:47:15PM] PLAYER_TRIGGER_LEAVE [ths1_TriggerEnterSCRIPT < (04074E57)>]
[11/16/2012 - 05:47:19PM] PLAYER_ITEM_OBTAIN [ObjectReference < (040711F4)>] "Daedric Greatsword"
[11/16/2012 - 05:47:21PM] PLAYER_TRIGGER_ENTER [ths1_TriggerEnterSCRIPT < (04074E57)>]
[11/16/2012 - 05:47:21PM] PLAYER_TRIGGER_LEAVE [ths1_TriggerEnterSCRIPT < (04074E53)>]
[11/16/2012 - 05:48:13PM] PLAYER_MOVE Run
[11/16/2012 - 05:48:13PM] PLAYER_TRIGGER_ENTER [ths1_TriggerEnterSCRIPT < (04074E58)>]
[11/16/2012 - 05:48:13PM] PLAYER_TRIGGER_LEAVE [ths1_TriggerEnterSCRIPT < (04074E57)>]
[11/16/2012 - 05:48:13PM] PLAYER_TRIGGER_LEAVE [ths1_TriggerEnterSCRIPT < (04074E58)>]
[11/16/2012 - 05:48:14PM] PLAYER_TRIGGER_ENTER [ths1_TriggerEnterSCRIPT < (04074E52)>]
[11/16/2012 - 05:48:14PM] PLAYER_TRIGGER_LEAVE [ths1_TriggerEnterSCRIPT < (04074E52)>]
[11/16/2012 - 05:48:15PM] PLAYER_TRIGGER_ENTER [ths1_TriggerEnterSCRIPT < (04074E51)>]
[11/16/2012 - 05:48:15PM] PLAYER_TRIGGER_LEAVE [ths1_TriggerEnterSCRIPT < (04074E51)>]
[11/16/2012 - 05:48:16PM] PLAYER_MOVE None
[11/16/2012 - 05:48:17PM] PLAYER_MOVE Run
[11/16/2012 - 05:48:17PM] PLAYER_TRIGGER_ENTER [ths1_TriggerEnterSCRIPT < (04074E50)>]
[11/16/2012 - 05:48:17PM] PLAYER_TRIGGER_LEAVE [ths1_TriggerEnterSCRIPT < (04074E50)>]
[11/16/2012 - 05:48:18PM] PLAYER_MOVE None
[11/16/2012 - 05:48:19PM] PLAYER_WEAPON_WITHDRAWN
[11/16/2012 - 05:48:20PM] PLAYER_MOVE Run
[11/16/2012 - 05:48:20PM] PLAYER_TRIGGER_ENTER [ths1_TriggerEnterSCRIPT < (04074E4F)>]
[11/16/2012 - 05:48:20PM] PLAYER_TRIGGER_LEAVE [ths1_TriggerEnterSCRIPT < (04074E4F)>]
[11/16/2012 - 05:48:21PM] PLAYER_MOVE None
[11/16/2012 - 05:48:23PM] PLAYER_TRIGGER_ENTER [ths1_TriggerEnterSCRIPT < (04074E4F)>]
[11/16/2012 - 05:48:36PM] PLAYER_TRIGGER_ENTER [ths1_TriggerEnterSCRIPT < (0408C788)>]
[11/16/2012 - 05:48:36PM] PLAYER_TRIGGER_LEAVE [ths1_TriggerEnterSCRIPT < (04074E4F)>]
[11/16/2012 - 05:48:36PM] PLAYER_CELL_CHANGE [Cell <Wilderness (04085D56)>] ""
[11/16/2012 - 05:48:37PM] PLAYER_WORLDSPACE_CHANGE [WorldSpace <ths1_Town (04085D17)>] "Town"
[11/16/2012 - 05:48:40PM] PLAYER_TRIGGER_LEAVE [ths1_TriggerEnterSCRIPT < (0408C788)>]
[11/16/2012 - 05:48:40PM] PLAYER_CELL_CHANGE [Cell <Wilderness (04085D34)>] ""
[11/16/2012 - 05:48:41PM] PLAYER_MOVE Run
[11/16/2012 - 05:48:43PM] PLAYER_TRIGGER_ENTER [ths1_TriggerEnterSCRIPT < (0408CDAB)>]
[11/16/2012 - 05:48:45PM] PLAYER_MOVE None
[11/16/2012 - 05:48:46PM] PLAYER_DIALOGUE [TIF__020774A6 <topic info 040774A6 on quest ths1_MasterQuest (040319F7)>] NPC_SPEAKER [Actor < (0408BC45)>]
[11/16/2012 - 05:48:47PM] PLAYER_DIALOGUE [TIF__020774A8 <topic info 040774A8 on quest ths1_MasterQuest (040319F7)>] NPC_SPEAKER [Actor < (0408BC45)>]
[11/16/2012 - 05:48:52PM] PLAYER_DIALOGUE [TIF__0207BD42 <topic info 0407BD42 on quest ths1_MasterQuest (040319F7)>] NPC_SPEAKER [Actor < (0408BC45)>]
[11/16/2012 - 05:48:59PM] PLAYER_DIALOGUE [TIF__0207FA85 <topic info 0407FA85 on quest ths1_MasterQuest (040319F7)>] NPC_SPEAKER [Actor < (0408BC45)>]
[11/16/2012 - 05:49:02PM] PLAYER_DIALOGUE [TIF__0208EEAE <topic info 0408EEAE on quest ths1_MasterQuest (040319F7)>] NPC_SPEAKER [Actor < (0408BC45)>]
[11/16/2012 - 05:49:16PM] PLAYER_DIALOGUE [TIF__0208EEB0 <topic info 0408EEB0 on quest ths1_MasterQuest (040319F7)>] NPC_SPEAKER [Actor < (0408BC45)>]
[11/16/2012 - 05:49:20PM] PLAYER_MOVE Run
[11/16/2012 - 05:49:21PM] PLAYER_TRIGGER_LEAVE [ths1_TriggerEnterSCRIPT < (0408CDAB)>]
[11/16/2012 - 05:49:24PM] PLAYER_CELL_CHANGE [Cell <Wilderness (04085D4C)>] ""
[11/16/2012 - 05:49:25PM] PLAYER_WEAPON_WITHDRAWN
[11/16/2012 - 05:49:28PM] PLAYER_TRIGGER_ENTER [ths1_TriggerEnterSCRIPT < (0408C7C0)>]
[11/16/2012 - 05:49:29PM] PLAYER_MOVE None
[11/16/2012 - 05:49:41PM] PLAYER_TRIGGER_ENTER [ths1_TriggerEnterSCRIPT < (040748BF)>]
[11/16/2012 - 05:49:41PM] PLAYER_TRIGGER_LEAVE [ths1_TriggerEnterSCRIPT < (0408C7C0)>]
[11/16/2012 - 05:49:42PM] PLAYER_CELL_CHANGE [Cell <ths1_MuseumInterior (04044D5A)>] "Bubbsey's Oddity Emporium"
[11/16/2012 - 05:49:44PM] PLAYER_MOVE Run
[11/16/2012 - 05:49:45PM] PLAYER_TRIGGER_LEAVE [ths1_TriggerEnterSCRIPT < (040748BF)>]
[11/16/2012 - 05:49:45PM] PLAYER_TRIGGER_ENTER [ths1_TriggerEnterSCRIPT < (040748CB)>]
[11/16/2012 - 05:49:45PM] PLAYER_TRIGGER_ENTER [ths1_TriggerEnterSCRIPT < (040748CA)>]
[11/16/2012 - 05:49:45PM] PLAYER_TRIGGER_LEAVE [ths1_TriggerEnterSCRIPT < (040748CB)>]
[11/16/2012 - 05:49:46PM] PLAYER_MOVE None
[11/16/2012 - 05:49:47PM] PLAYER_MOVE Run
[11/16/2012 - 05:49:48PM] PLAYER_MOVE None
[11/16/2012 - 05:49:51PM] PLAYER_DISPLAY_CASE_OPEN [ths1_DisplayCaseScript < (04044E1E)>]
[11/16/2012 - 05:49:54PM] PLAYER_MOVE Run
[11/16/2012 - 05:49:56PM] PLAYER_MOVE None
[11/16/2012 - 05:50:01PM] PLAYER_TRIGGER_ENTER [ths1_TriggerEnterSCRIPT < (040748C9)>]
[11/16/2012 - 05:50:01PM] PLAYER_TRIGGER_LEAVE [ths1_TriggerEnterSCRIPT < (040748CA)>]
[11/16/2012 - 05:50:01PM] PLAYER_MOVE Run
[11/16/2012 - 05:50:02PM] PLAYER_MOVE None
[11/16/2012 - 05:50:04PM] PLAYER_DISPLAY_CASE_OPEN [ths1_DisplayCaseScript < (04044E1D)>]
[11/16/2012 - 05:50:12PM] PLAYER_WEAPON_WITHDRAWN
[11/16/2012 - 05:50:13PM] PLAYER_MOVE Run
[11/16/2012 - 05:50:13PM] PLAYER_TRIGGER_LEAVE [ths1_TriggerEnterSCRIPT < (040748C9)>]
[11/16/2012 - 05:50:14PM] PLAYER_MOVE None
[11/16/2012 - 05:50:15PM] PLAYER_MOVE Run
[11/16/2012 - 05:50:16PM] PLAYER_DIALOGUE [TIF__01064239 <topic info 04064239 on quest ths1_CaptiveOrc (0401A9F8)>] NPC_SPEAKER [Actor < (04049751)>]
[11/16/2012 - 05:50:17PM] PLAYER_MOVE None
[11/16/2012 - 05:50:19PM] PLAYER_DIALOGUE [TIF__0103F01B <topic info 0403F01B on quest ths1_CaptiveOrc (0401A9F8)>] NPC_SPEAKER [Actor < (04049751)>]
[11/16/2012 - 05:50:20PM] QUEST_STAGE_CHANGE [ths1_CaptiveOrcQuestSCRIPT <ths1_CaptiveOrc (0401A9F8)>] "The Museum Attraction" 3
[11/16/2012 - 05:50:27PM] PLAYER_DIALOGUE [TIF__0103F01D <topic info 0403F01D on quest ths1_CaptiveOrc (0401A9F8)>] NPC_SPEAKER [Actor < (04049751)>]
[11/16/2012 - 05:50:43PM] PLAYER_MOVE Run
[11/16/2012 - 05:50:44PM] PLAYER_MOVE None
[11/16/2012 - 05:50:45PM] PLAYER_MOVE Run
[11/16/2012 - 05:50:46PM] PLAYER_TRIGGER_ENTER [ths1_TriggerEnterSCRIPT < (040748D4)>]
[11/16/2012 - 05:50:47PM] PLAYER_MOVE None
[11/16/2012 - 05:50:48PM] PLAYER_MOVE Run
[11/16/2012 - 05:50:49PM] QUEST_STAGE_CHANGE [ths1_CaptiveOrcQuestSCRIPT <ths1_CaptiveOrc (0401A9F8)>] "The Museum Attraction" 5
[11/16/2012 - 05:50:49PM] PLAYER_TRIGGER_LEAVE [ths1_TriggerEnterSCRIPT < (040748D4)>]
[11/16/2012 - 05:50:49PM] PLAYER_MOVE None
[11/16/2012 - 05:50:49PM] ACTOR_DOOR_OPEN [Actor < (04049751)>] "Bubbsey" : [ths1_MuseumHiddenDoorSCRIPT <alias MuseumHiddenDoor on quest ths1_CaptiveOrc (0401A9F8)>] "MuseumHiddenDoor"
[11/16/2012 - 05:50:57PM] PLAYER_MOVE Run
[11/16/2012 - 05:50:57PM] PLAYER_TRIGGER_ENTER [ths1_TriggerEnterSCRIPT < (040748D5)>]
[11/16/2012 - 05:50:58PM] PLAYER_TRIGGER_LEAVE [ths1_TriggerEnterSCRIPT < (040748D5)>]
[11/16/2012 - 05:51:00PM] PLAYER_MOVE None
[11/16/2012 - 05:51:02PM] PLAYER_TRIGGER_ENTER [ths1_NearOrcCageTrigScript <alias NearMuseumOrcCageTrigALIAS on quest ths1_CaptiveOrc (0401A9F8)>]
[11/16/2012 - 05:51:02PM] PLAYER_MOVE Run
[11/16/2012 - 05:51:03PM] QUEST_STAGE_CHANGE [ths1_CaptiveOrcQuestSCRIPT <ths1_CaptiveOrc (0401A9F8)>] "The Museum Attraction" 10
[11/16/2012 - 05:51:03PM] PLAYER_MOVE None
[11/16/2012 - 05:51:20PM] PLAYER_DIALOGUE [TIF__0101A9FC <topic info 0401A9FC on quest ths1_CaptiveOrc (0401A9F8)>] NPC_SPEAKER [Actor < (040491E3)>]
[11/16/2012 - 05:51:28PM] PLAYER_DIALOGUE [TIF__0101AF69 <topic info 0401AF69 on quest ths1_CaptiveOrc (0401A9F8)>] NPC_SPEAKER [Actor < (040491E3)>]
[11/16/2012 - 05:51:40PM] PLAYER_DIALOGUE [TIF__010350CF <topic info 040350CF on quest ths1_CaptiveOrc (0401A9F8)>] NPC_SPEAKER [Actor < (040491E3)>]
[11/16/2012 - 05:51:43PM] PLAYER_DIALOGUE [TIF__010371A9 <topic info 040371A9 on quest ths1_CaptiveOrc (0401A9F8)>] NPC_SPEAKER [Actor < (040491E3)>]
[11/16/2012 - 05:51:53PM] PLAYER_DIALOGUE [TIF__010371A7 <topic info 040371A7 on quest ths1_CaptiveOrc (0401A9F8)>] NPC_SPEAKER [Actor < (040491E3)>]
[11/16/2012 - 05:52:04PM] PLAYER_MOVE Run
[11/16/2012 - 05:52:05PM] PLAYER_TRIGGER_ENTER [ths1_TriggerEnterSCRIPT < (040748D5)>]
[11/16/2012 - 05:52:06PM] PLAYER_TRIGGER_LEAVE [ths1_TriggerEnterSCRIPT < (040748D5)>]
[11/16/2012 - 05:52:07PM] PLAYER_MOVE None
[11/16/2012 - 05:52:07PM] PLAYER_TRIGGER_ENTER [ths1_TriggerEnterSCRIPT < (040748D4)>]
[11/16/2012 - 05:52:08PM] PLAYER_MOVE Run
[11/16/2012 - 05:52:08PM] PLAYER_TRIGGER_LEAVE [ths1_TriggerEnterSCRIPT < (040748D4)>]
[11/16/2012 - 05:52:09PM] PLAYER_MOVE None
[11/16/2012 - 05:52:11PM] PLAYER_MOVE Run
[11/16/2012 - 05:52:11PM] PLAYER_DIALOGUE [TIF__010688C2 <topic info 040688C2 on quest ths1_CaptiveOrc (0401A9F8)>] NPC_SPEAKER [Actor < (04049751)>]
[11/16/2012 - 05:52:12PM] PLAYER_MOVE None
[11/16/2012 - 05:52:16PM] PLAYER_DIALOGUE [TIF__01052C39 <topic info 04052C39 on quest ths1_CaptiveOrc (0401A9F8)>] NPC_SPEAKER [Actor < (04049751)>]
[11/16/2012 - 05:52:20PM] PLAYER_DIALOGUE [TIF__01052C3B <topic info 04052C3B on quest ths1_CaptiveOrc (0401A9F8)>] NPC_SPEAKER [Actor < (04049751)>]
[11/16/2012 - 05:52:35PM] PLAYER_DIALOGUE [TIF__0207227D <topic info 0407227D on quest ths1_CaptiveOrc (0401A9F8)>] NPC_SPEAKER [Actor < (04049751)>]
[11/16/2012 - 05:52:55PM] PLAYER_DIALOGUE [TIF__02072280 <topic info 04072280 on quest ths1_CaptiveOrc (0401A9F8)>] NPC_SPEAKER [Actor < (04049751)>]
[11/16/2012 - 05:52:55PM] PLAYER_ITEM_OBTAIN None "Orc Cage Key"
[11/16/2012 - 05:52:55PM] PLAYER_ITEM_REMOVED None "gold" COUNT 2000 CONTAINER [Actor < (04049751)>]
[11/16/2012 - 05:53:08PM] PLAYER_MOVE Run
[11/16/2012 - 05:53:10PM] PLAYER_TRIGGER_ENTER [ths1_TriggerEnterSCRIPT < (040748D4)>]
[11/16/2012 - 05:53:10PM] PLAYER_MOVE None
[11/16/2012 - 05:53:10PM] PLAYER_TRIGGER_LEAVE [ths1_TriggerEnterSCRIPT < (040748D4)>]
[11/16/2012 - 05:53:12PM] PLAYER_MOVE Run
[11/16/2012 - 05:53:13PM] PLAYER_TRIGGER_ENTER [ths1_TriggerEnterSCRIPT < (040748D4)>]
[11/16/2012 - 05:53:14PM] PLAYER_MOVE None
[11/16/2012 - 05:53:15PM] PLAYER_TRIGGER_LEAVE [ths1_TriggerEnterSCRIPT < (040748D4)>]
[11/16/2012 - 05:53:15PM] PLAYER_MOVE Run
[11/16/2012 - 05:53:15PM] PLAYER_TRIGGER_ENTER [ths1_TriggerEnterSCRIPT < (040748D5)>]
[11/16/2012 - 05:53:16PM] PLAYER_TRIGGER_LEAVE [ths1_TriggerEnterSCRIPT < (040748D5)>]
[11/16/2012 - 05:53:17PM] PLAYER_TRIGGER_ENTER [ths1_NearOrcCageTrigScript <alias NearMuseumOrcCageTrigALIAS on quest ths1_CaptiveOrc (0401A9F8)>]
[11/16/2012 - 05:53:18PM] PLAYER_MOVE None
[11/16/2012 - 05:53:25PM] QUEST_STAGE_CHANGE [ths1_CaptiveOrcQuestSCRIPT <ths1_CaptiveOrc (0401A9F8)>] "The Museum Attraction" 30
[11/16/2012 - 05:53:25PM] QUEST_COMPLETED [ths1_CaptiveOrcQuestSCRIPT <ths1_CaptiveOrc (0401A9F8)>] "The Museum Attraction"
[11/16/2012 - 05:53:28PM] PLAYER_MOVE Run
[11/16/2012 - 05:53:29PM] PLAYER_MOVE None
[11/16/2012 - 05:53:32PM] PLAYER_MOVE Run
[11/16/2012 - 05:53:33PM] PLAYER_MOVE None
[11/16/2012 - 05:54:01PM] QUEST_STAGE_CHANGE [ths1_CaptiveOrcQuestSCRIPT <ths1_CaptiveOrc (0401A9F8)>] "The Museum Attraction" 35
[11/16/2012 - 05:54:03PM] PLAYER_DIALOGUE [TIF__01063CCD <topic info 04063CCD on quest ths1_CaptiveOrc (0401A9F8)>] NPC_SPEAKER [Actor < (040491E3)>]
[11/16/2012 - 05:54:11PM] PLAYER_DIALOGUE [TIF__010647A5 <topic info 040647A5 on quest ths1_CaptiveOrc (0401A9F8)>] NPC_SPEAKER [Actor < (040491E3)>]
[11/16/2012 - 05:54:17PM] PLAYER_DIALOGUE [TIF__01068354 <topic info 04068354 on quest ths1_CaptiveOrc (0401A9F8)>] NPC_SPEAKER [Actor < (040491E3)>]
[11/16/2012 - 05:54:27PM] PLAYER_DIALOGUE [TIF__0207D376 <topic info 0407D376 on quest ths1_CaptiveOrc (0401A9F8)>] NPC_SPEAKER [Actor < (040491E3)>]
[11/16/2012 - 05:54:35PM] PLAYER_DIALOGUE [TIF__0207E988 <topic info 0407E988 on quest ths1_CaptiveOrc (0401A9F8)>] NPC_SPEAKER [Actor < (040491E3)>]
[11/16/2012 - 05:54:54PM] PLAYER_DIALOGUE [TIF__020810CF <topic info 040810CF on quest ths1_CaptiveOrc (0401A9F8)>] NPC_SPEAKER [Actor < (040491E3)>]
[11/16/2012 - 05:55:38PM] PLAYER_MOVE Run
[11/16/2012 - 05:55:40PM] PLAYER_MOVE None
[11/16/2012 - 05:55:55PM] PLAYER_TRIGGER_ENTER [ths1_TriggerEnterSCRIPT < (040748D5)>]
[11/16/2012 - 05:55:57PM] PLAYER_MOVE Run
[11/16/2012 - 05:55:57PM] PLAYER_TRIGGER_LEAVE [ths1_TriggerEnterSCRIPT < (040748D5)>]
[11/16/2012 - 05:55:58PM] PLAYER_TRIGGER_ENTER [ths1_TriggerEnterSCRIPT < (040748D4)>]
[11/16/2012 - 05:55:59PM] PLAYER_TRIGGER_LEAVE [ths1_TriggerEnterSCRIPT < (040748D4)>]
[11/16/2012 - 05:56:01PM] PLAYER_MOVE None
[11/16/2012 - 05:57:13PM] PLAYER_MOVE Run
[11/16/2012 - 05:57:14PM] PLAYER_MOVE None
[11/16/2012 - 05:57:26PM] PLAYER_DIALOGUE [TIF__0103F01B <topic info 0403F01B on quest ths1_CaptiveOrc (0401A9F8)>] NPC_SPEAKER [Actor < (04049751)>]
[11/16/2012 - 05:57:35PM] PLAYER_DIALOGUE [TIF__0106990B <topic info 0406990B on quest ths1_CaptiveOrc (0401A9F8)>] NPC_SPEAKER [Actor < (04049751)>]
[11/16/2012 - 05:57:52PM] PLAYER_BOOK_READ [ths1_BookOfOrcsScript <alias OrcBook on quest ths1_CaptiveOrc (0401A9F8)>]
[11/16/2012 - 05:59:05PM] PLAYER_MOVE Run
[11/16/2012 - 05:59:08PM] PLAYER_MOVE None
[11/16/2012 - 05:59:09PM] PLAYER_TRIGGER_ENTER [ths1_TriggerEnterSCRIPT < (040748CB)>]
[11/16/2012 - 05:59:20PM] PLAYER_TRIGGER_LEAVE [ths1_TriggerEnterSCRIPT < (040748CB)>]
[11/16/2012 - 05:59:20PM] PLAYER_TRIGGER_ENTER [ths1_TriggerEnterSCRIPT < (040748BF)>]
[11/16/2012 - 05:59:21PM] PLAYER_TRIGGER_LEAVE [ths1_TriggerEnterSCRIPT < (040748BF)>]
[11/16/2012 - 05:59:21PM] PLAYER_TRIGGER_ENTER [ths1_TriggerEnterSCRIPT < (040748CB)>]
[11/16/2012 - 05:59:21PM] PLAYER_TRIGGER_LEAVE [ths1_TriggerEnterSCRIPT < (040748CB)>]
[11/16/2012 - 05:59:22PM] PLAYER_TRIGGER_ENTER [ths1_TriggerEnterSCRIPT < (040748C7)>]
[11/16/2012 - 05:59:28PM] PLAYER_DISPLAY_CASE_OPEN [ths1_DisplayCaseScript < (04044E20)>]
[11/16/2012 - 05:59:28PM] PLAYER_MOVE Run
[11/16/2012 - 05:59:29PM] PLAYER_MOVE None
[11/16/2012 - 06:00:09PM] PLAYER_TRIGGER_LEAVE [ths1_TriggerEnterSCRIPT < (040748C7)>]
[11/16/2012 - 06:00:10PM] PLAYER_TRIGGER_ENTER [ths1_TriggerEnterSCRIPT < (040748C7)>]
[11/16/2012 - 06:00:11PM] PLAYER_MOVE Run
[11/16/2012 - 06:00:11PM] PLAYER_TRIGGER_ENTER [ths1_TriggerEnterSCRIPT < (040748BF)>]
[11/16/2012 - 06:00:11PM] PLAYER_TRIGGER_LEAVE [ths1_TriggerEnterSCRIPT < (040748C7)>]
[11/16/2012 - 06:00:12PM] PLAYER_TRIGGER_ENTER [ths1_TriggerEnterSCRIPT < (040748C8)>]
[11/16/2012 - 06:00:12PM] PLAYER_TRIGGER_LEAVE [ths1_TriggerEnterSCRIPT < (040748BF)>]
[11/16/2012 - 06:00:13PM] PLAYER_MOVE None
[11/16/2012 - 06:00:19PM] PLAYER_TRIGGER_LEAVE [ths1_TriggerEnterSCRIPT < (040748C8)>]
[11/16/2012 - 06:00:19PM] PLAYER_MOVE Run
[11/16/2012 - 06:00:20PM] PLAYER_MOVE None
[11/16/2012 - 06:00:24PM] PLAYER_TRIGGER_ENTER [ths1_TriggerEnterSCRIPT < (040748CD)>]
[11/16/2012 - 06:00:24PM] PLAYER_MOVE Run
[11/16/2012 - 06:00:25PM] PLAYER_MOVE None
[11/16/2012 - 06:00:31PM] PLAYER_TRIGGER_LEAVE [ths1_TriggerEnterSCRIPT < (040748CD)>]
[11/16/2012 - 06:00:31PM] PLAYER_MOVE Run
[11/16/2012 - 06:00:32PM] PLAYER_MOVE None
[11/16/2012 - 06:00:41PM] PLAYER_MOVE Run
[11/16/2012 - 06:00:42PM] PLAYER_MOVE None
[11/16/2012 - 06:01:38PM] PLAYER_MOVE Run
[11/16/2012 - 06:01:39PM] PLAYER_MOVE None
[11/16/2012 - 06:01:42PM] PLAYER_MOVE Run
[11/16/2012 - 06:01:43PM] PLAYER_MOVE None
[11/16/2012 - 06:01:44PM] PLAYER_MOVE Run
[11/16/2012 - 06:01:45PM] PLAYER_MOVE None
[11/16/2012 - 06:01:51PM] PLAYER_TRIGGER_ENTER [ths1_TriggerEnterSCRIPT < (040748CE)>]
[11/16/2012 - 06:01:54PM] PLAYER_DISPLAY_CASE_OPEN [ths1_DisplayCaseScript < (04044E5E)>]
[11/16/2012 - 06:01:58PM] PLAYER_MOVE Run
[11/16/2012 - 06:01:58PM] PLAYER_TRIGGER_LEAVE [ths1_TriggerEnterSCRIPT < (040748CE)>]
[11/16/2012 - 06:01:59PM] PLAYER_TRIGGER_ENTER [ths1_TriggerEnterSCRIPT < (040748CF)>]
[11/16/2012 - 06:01:59PM] PLAYER_TRIGGER_ENTER [ths1_TriggerEnterSCRIPT < (040748D0)>]
[11/16/2012 - 06:02:00PM] PLAYER_MOVE None
[11/16/2012 - 06:02:02PM] PLAYER_DISPLAY_CASE_OPEN [ths1_DisplayCaseScript < (04044E6E)>]
[11/16/2012 - 06:02:10PM] PLAYER_TRIGGER_LEAVE [ths1_TriggerEnterSCRIPT < (040748CF)>]
[11/16/2012 - 06:02:13PM] PLAYER_DISPLAY_CASE_OPEN [ths1_DisplayCaseScript < (04044E61)>]
[11/16/2012 - 06:02:20PM] PLAYER_TRIGGER_ENTER [ths1_TriggerEnterSCRIPT < (040748D1)>]
[11/16/2012 - 06:02:20PM] PLAYER_TRIGGER_LEAVE [ths1_TriggerEnterSCRIPT < (040748D0)>]
[11/16/2012 - 06:02:27PM] PLAYER_DISPLAY_CASE_OPEN [ths1_DisplayCaseScript < (04044E6F)>]
[11/16/2012 - 06:02:32PM] PLAYER_TRIGGER_ENTER [ths1_TriggerEnterSCRIPT < (040748D2)>]
[11/16/2012 - 06:02:32PM] PLAYER_TRIGGER_LEAVE [ths1_TriggerEnterSCRIPT < (040748D1)>]
[11/16/2012 - 06:03:04PM] PLAYER_DISPLAY_CASE_OPEN [ths1_DisplayCaseScript < (04044E70)>]
[11/16/2012 - 06:03:10PM] PLAYER_TRIGGER_ENTER [ths1_TriggerEnterSCRIPT < (040748D3)>]
[11/16/2012 - 06:03:10PM] PLAYER_TRIGGER_LEAVE [ths1_TriggerEnterSCRIPT < (040748D2)>]
[11/16/2012 - 06:03:15PM] PLAYER_TRIGGER_LEAVE [ths1_TriggerEnterSCRIPT < (040748D3)>]
[11/16/2012 - 06:03:15PM] PLAYER_MOVE Run
[11/16/2012 - 06:03:17PM] PLAYER_MOVE None
[11/16/2012 - 06:03:25PM] PLAYER_MOVE Run
[11/16/2012 - 06:03:27PM] PLAYER_MOVE None
[11/16/2012 - 06:03:29PM] PLAYER_MOVE Run
[11/16/2012 - 06:03:31PM] PLAYER_MOVE None
[11/16/2012 - 06:03:32PM] PLAYER_MOVE Run
[11/16/2012 - 06:03:33PM] PLAYER_MOVE None
[11/16/2012 - 06:03:35PM] PLAYER_MOVE Run
[11/16/2012 - 06:03:37PM] PLAYER_MOVE None
[11/16/2012 - 06:03:39PM] PLAYER_MOVE Run
[11/16/2012 - 06:03:40PM] PLAYER_MOVE None
[11/16/2012 - 06:07:30PM] Log closed
