[11/16/2012 - 05:38:34PM] 15 log opened (PC)
[11/16/2012 - 05:38:34PM] PLAYER_TRIGGER_LEAVE [ths1_TriggerEnterSCRIPT < (0408CD96)>]
[11/16/2012 - 05:38:34PM] PLAYER_CELL_CHANGE [Cell <ths1_Cave3 (0402C9A7)>] "Cave"
[11/16/2012 - 05:38:47PM] PLAYER_CELL_CHANGE [Cell <Wilderness (04085D50)>] ""
[11/16/2012 - 05:38:47PM] PLAYER_WORLDSPACE_CHANGE [WorldSpace <ths1_Town (04085D17)>] "Town"
[11/16/2012 - 05:38:49PM] PLAYER_TRIGGER_ENTER [ths1_TriggerEnterSCRIPT < (0408CD96)>]
[11/16/2012 - 05:39:02PM] PLAYER_TRIGGER_LEAVE [ths1_TriggerEnterSCRIPT < (0408CD96)>]
[11/16/2012 - 05:39:04PM] PLAYER_TRIGGER_ENTER [ths1_TriggerEnterSCRIPT < (0408CD81)>]
[11/16/2012 - 05:39:08PM] PLAYER_CELL_CHANGE [Cell <Wilderness (04085D48)>] ""
[11/16/2012 - 05:39:09PM] PLAYER_MOVE Run
[11/16/2012 - 05:39:11PM] PLAYER_MOVE Sneak
[11/16/2012 - 05:39:13PM] PLAYER_TRIGGER_LEAVE [ths1_TriggerEnterSCRIPT < (0408CD81)>]
[11/16/2012 - 05:39:13PM] PLAYER_TRIGGER_ENTER [ths1_TriggerEnterSCRIPT < (0408CD80)>]
[11/16/2012 - 05:39:15PM] PLAYER_CELL_CHANGE [Cell <Wilderness (04085D46)>] ""
[11/16/2012 - 05:39:34PM] PLAYER_CELL_CHANGE [Cell <Wilderness (04085D44)>] ""
[11/16/2012 - 05:39:40PM] PLAYER_TRIGGER_LEAVE [ths1_TriggerEnterSCRIPT < (0408CD80)>]
[11/16/2012 - 05:39:41PM] PLAYER_ACTOR_VIEW_GAIN [ObjectReference < (04089359)>] "Seamus"
[11/16/2012 - 05:39:43PM] PLAYER_ACTOR_VIEW_LOSS [ObjectReference < (04089359)>] "Seamus"
[11/16/2012 - 05:39:45PM] PLAYER_MOVE None
[11/16/2012 - 05:39:46PM] PLAYER_MOVE Run
[11/16/2012 - 05:39:47PM] PLAYER_TRIGGER_ENTER [ths1_TriggerEnterSCRIPT < (0408CD6A)>]
[11/16/2012 - 05:39:48PM] PLAYER_MOVE None
[11/16/2012 - 05:39:49PM] PLAYER_MOVE Run
[11/16/2012 - 05:39:50PM] PLAYER_MOVE None
[11/16/2012 - 05:39:53PM] PLAYER_TRIGGER_LEAVE [ths1_TriggerEnterSCRIPT < (0408CD6A)>]
[11/16/2012 - 05:39:56PM] PLAYER_MOVE Run
[11/16/2012 - 05:39:56PM] PLAYER_TRIGGER_ENTER [ths1_TriggerEnterSCRIPT < (0408CD6A)>]
[11/16/2012 - 05:39:59PM] PLAYER_MOVE None
[11/16/2012 - 05:40:00PM] PLAYER_MOVE Run
[11/16/2012 - 05:40:01PM] PLAYER_MOVE None
[11/16/2012 - 05:40:03PM] PLAYER_MOVE Run
[11/16/2012 - 05:40:04PM] PLAYER_MOVE None
[11/16/2012 - 05:40:06PM] PLAYER_WEAPON_WITHDRAWN
[11/16/2012 - 05:40:08PM] PLAYER_MOVE Run
[11/16/2012 - 05:40:08PM] PLAYER_ACTOR_VIEW_GAIN [ObjectReference < (04089359)>] "Seamus"
[11/16/2012 - 05:40:10PM] PLAYER_ACTOR_VIEW_LOSS [ObjectReference < (04089359)>] "Seamus"
[11/16/2012 - 05:40:11PM] PLAYER_MOVE None
[11/16/2012 - 05:40:11PM] PLAYER_TRIGGER_LEAVE [ths1_TriggerEnterSCRIPT < (0408CD6A)>]
[11/16/2012 - 05:40:12PM] PLAYER_MOVE Run
[11/16/2012 - 05:40:16PM] PLAYER_CELL_CHANGE [Cell <Wilderness (04085D42)>] ""
[11/16/2012 - 05:40:18PM] PLAYER_MOVE None
[11/16/2012 - 05:40:21PM] PLAYER_CELL_CHANGE [Cell <Wilderness (04085D44)>] ""
[11/16/2012 - 05:40:22PM] PLAYER_MOVE Run
[11/16/2012 - 05:40:25PM] PLAYER_CELL_CHANGE [Cell <Wilderness (04085D42)>] ""
[11/16/2012 - 05:40:26PM] PLAYER_MOVE None
[11/16/2012 - 05:40:28PM] PLAYER_CELL_CHANGE [Cell <Wilderness (04085D44)>] ""
[11/16/2012 - 05:40:28PM] PLAYER_MOVE Run
[11/16/2012 - 05:40:29PM] PLAYER_CELL_CHANGE [Cell <Wilderness (04085D42)>] ""
[11/16/2012 - 05:40:33PM] PLAYER_MOVE None
[11/16/2012 - 05:40:34PM] PLAYER_MOVE Run
[11/16/2012 - 05:40:39PM] PLAYER_TRIGGER_ENTER [ths1_TriggerEnterSCRIPT < (0408C7AB)>]
[11/16/2012 - 05:40:40PM] PLAYER_MOVE None
[11/16/2012 - 05:40:43PM] PLAYER_DIALOGUE [TIF__0208000D <topic info 0408000D on quest ths1_MasterQuest (040319F7)>] NPC_SPEAKER [Actor < (04089355)>]
[11/16/2012 - 05:40:48PM] PLAYER_DIALOGUE [TIF__0208000F <topic info 0408000F on quest ths1_MasterQuest (040319F7)>] NPC_SPEAKER [Actor < (04089355)>]
[11/16/2012 - 05:40:56PM] PLAYER_DIALOGUE [TIF__0208000D <topic info 0408000D on quest ths1_MasterQuest (040319F7)>] NPC_SPEAKER [Actor < (04089355)>]
[11/16/2012 - 05:40:59PM] PLAYER_DIALOGUE [TIF__0208000F <topic info 0408000F on quest ths1_MasterQuest (040319F7)>] NPC_SPEAKER [Actor < (04089355)>]
[11/16/2012 - 05:41:12PM] PLAYER_MOVE Run
[11/16/2012 - 05:41:12PM] PLAYER_CELL_CHANGE [Cell <Wilderness (04085D40)>] ""
[11/16/2012 - 05:41:13PM] PLAYER_MOVE None
[11/16/2012 - 05:41:16PM] PLAYER_ACTOR_VIEW_GAIN [ObjectReference < (04089359)>] "Seamus"
[11/16/2012 - 05:41:17PM] PLAYER_CELL_CHANGE [Cell <Wilderness (04085D42)>] ""
[11/16/2012 - 05:41:18PM] PLAYER_MOVE Run
[11/16/2012 - 05:41:19PM] PLAYER_MOVE None
[11/16/2012 - 05:41:19PM] PLAYER_ACTOR_VIEW_LOSS [ObjectReference < (04089359)>] "Seamus"
[11/16/2012 - 05:41:20PM] PLAYER_MOVE Run
[11/16/2012 - 05:41:20PM] PLAYER_ACTOR_VIEW_GAIN [ObjectReference < (04089359)>] "Seamus"
[11/16/2012 - 05:41:20PM] PLAYER_TRIGGER_LEAVE [ths1_TriggerEnterSCRIPT < (0408C7AB)>]
[11/16/2012 - 05:41:21PM] PLAYER_MOVE None
[11/16/2012 - 05:41:22PM] PLAYER_MOVE Sneak
[11/16/2012 - 05:41:23PM] PLAYER_ACTOR_VIEW_LOSS [ObjectReference < (04089359)>] "Seamus"
[11/16/2012 - 05:41:26PM] PLAYER_TRIGGER_ENTER [ths1_TriggerEnterSCRIPT < (0408C7AB)>]
[11/16/2012 - 05:41:40PM] PLAYER_MOVE None
[11/16/2012 - 05:41:41PM] PLAYER_ACTOR_VIEW_GAIN [ObjectReference < (04089359)>] "Seamus"
[11/16/2012 - 05:41:41PM] PLAYER_MOVE Run
[11/16/2012 - 05:41:41PM] PLAYER_TRIGGER_LEAVE [ths1_TriggerEnterSCRIPT < (0408C7AB)>]
[11/16/2012 - 05:41:46PM] PLAYER_ACTOR_VIEW_LOSS [ObjectReference < (04089359)>] "Seamus"
[11/16/2012 - 05:41:48PM] PLAYER_TRIGGER_ENTER [ths1_TriggerEnterSCRIPT < (0408C7AF)>]
[11/16/2012 - 05:41:51PM] PLAYER_MOVE None
[11/16/2012 - 05:41:52PM] PLAYER_MOVE Run
[11/16/2012 - 05:41:52PM] PLAYER_TRIGGER_LEAVE [ths1_TriggerEnterSCRIPT < (0408C7AF)>]
[11/16/2012 - 05:41:52PM] PLAYER_TRIGGER_ENTER [ths1_TriggerEnterSCRIPT < (0408C7AE)>]
[11/16/2012 - 05:41:53PM] PLAYER_MOVE None
[11/16/2012 - 05:41:55PM] PLAYER_MOVE Run
[11/16/2012 - 05:41:57PM] PLAYER_CELL_CHANGE [Cell <Wilderness (04085D4C)>] ""
[11/16/2012 - 05:41:57PM] PLAYER_MOVE None
[11/16/2012 - 05:41:58PM] PLAYER_CELL_CHANGE [Cell <Wilderness (04085D4A)>] ""
[11/16/2012 - 05:41:58PM] PLAYER_MOVE Run
[11/16/2012 - 05:41:59PM] PLAYER_MOVE None
[11/16/2012 - 05:42:13PM] Log closed
