[11/16/2012 - 05:32:34PM] 15 log opened (PC)
[11/16/2012 - 05:32:34PM] PLAYER_TRIGGER_LEAVE [ths1_TriggerEnterSCRIPT < (0408CD96)>]
[11/16/2012 - 05:32:35PM] PLAYER_CELL_CHANGE [Cell <ths1_Cave3 (0402C9A7)>] "Cave"
[11/16/2012 - 05:32:37PM] PLAYER_TRIGGER_ENTER [ths1_TriggerEnterSCRIPT < (04074E41)>]
[11/16/2012 - 05:32:38PM] PLAYER_TRIGGER_LEAVE [ths1_TriggerEnterSCRIPT < (04074E41)>]
[11/16/2012 - 05:32:38PM] PLAYER_TRIGGER_ENTER [ths1_SeamusCaveForceGreetSCRIPT <alias SeamusCaveForceGreetTrigALIAS on quest ths1_MissingDog (04009344)>] "SeamusCaveForceGreetTrigALIAS"
[11/16/2012 - 05:32:39PM] PLAYER_TRIGGER_LEAVE [ths1_SeamusCaveForceGreetSCRIPT <alias SeamusCaveForceGreetTrigALIAS on quest ths1_MissingDog (04009344)>] "SeamusCaveForceGreetTrigALIAS"
[11/16/2012 - 05:32:56PM] PLAYER_TRIGGER_ENTER [ths1_TriggerEnterSCRIPT < (04074E42)>]
[11/16/2012 - 05:33:04PM] PLAYER_FIGHT None ""
[11/16/2012 - 05:33:05PM] PLAYER_FIGHT None ""
[11/16/2012 - 05:33:06PM] PLAYER_FIGHT None ""
[11/16/2012 - 05:33:07PM] PLAYER_FIGHT [Actor < (04041C6E)>] "Cultist Soldier"
[11/16/2012 - 05:33:08PM] PLAYER_FIGHT [Actor < (04041C6E)>] "Cultist Soldier"
[11/16/2012 - 05:33:09PM] PLAYER_FIGHT None ""
[11/16/2012 - 05:33:10PM] PLAYER_FIGHT None ""
[11/16/2012 - 05:33:11PM] PLAYER_FIGHT None ""
[11/16/2012 - 05:33:12PM] PLAYER_FIGHT None ""
[11/16/2012 - 05:33:13PM] PLAYER_FIGHT None ""
[11/16/2012 - 05:33:14PM] PLAYER_FIGHT [Actor < (04041C6E)>] "Cultist Soldier"
[11/16/2012 - 05:33:15PM] PLAYER_FIGHT [Actor < (04041C6E)>] "Cultist Soldier"
[11/16/2012 - 05:33:16PM] PLAYER_FIGHT None ""
[11/16/2012 - 05:33:17PM] PLAYER_FIGHT None ""
[11/16/2012 - 05:33:18PM] PLAYER_FIGHT None ""
[11/16/2012 - 05:33:19PM] PLAYER_FIGHT None ""
[11/16/2012 - 05:33:20PM] PLAYER_FIGHT None ""
[11/16/2012 - 05:33:21PM] PLAYER_TRIGGER_LEAVE [ths1_TriggerEnterSCRIPT < (04074E42)>]
[11/16/2012 - 05:33:22PM] PLAYER_FIGHT None ""
[11/16/2012 - 05:33:23PM] PLAYER_FIGHT None ""
[11/16/2012 - 05:33:24PM] PLAYER_FIGHT None ""
[11/16/2012 - 05:33:25PM] PLAYER_FIGHT None ""
[11/16/2012 - 05:33:26PM] PLAYER_FIGHT None ""
[11/16/2012 - 05:33:27PM] PLAYER_FIGHT None ""
[11/16/2012 - 05:33:28PM] PLAYER_FIGHT None ""
[11/16/2012 - 05:33:29PM] PLAYER_FIGHT None ""
[11/16/2012 - 05:33:29PM] PLAYER_TRIGGER_ENTER [ths1_TriggerEnterSCRIPT < (04074E42)>]
[11/16/2012 - 05:33:30PM] PLAYER_FIGHT None ""
[11/16/2012 - 05:33:30PM] PLAYER_TRIGGER_LEAVE [ths1_TriggerEnterSCRIPT < (04074E42)>]
[11/16/2012 - 05:33:31PM] PLAYER_FIGHT None ""
[11/16/2012 - 05:33:32PM] PLAYER_FIGHT None ""
[11/16/2012 - 05:33:33PM] PLAYER_FIGHT None ""
[11/16/2012 - 05:33:34PM] PLAYER_FIGHT None ""
[11/16/2012 - 05:33:35PM] PLAYER_FIGHT None ""
[11/16/2012 - 05:33:36PM] PLAYER_FIGHT None ""
[11/16/2012 - 05:33:37PM] PLAYER_FIGHT None ""
[11/16/2012 - 05:33:38PM] PLAYER_FIGHT None ""
[11/16/2012 - 05:33:39PM] PLAYER_FIGHT None ""
[11/16/2012 - 05:33:40PM] PLAYER_FIGHT None ""
[11/16/2012 - 05:33:41PM] PLAYER_FIGHT None ""
[11/16/2012 - 05:33:42PM] PLAYER_FIGHT None ""
[11/16/2012 - 05:33:43PM] PLAYER_FIGHT None ""
[11/16/2012 - 05:33:44PM] PLAYER_FIGHT None ""
[11/16/2012 - 05:33:45PM] PLAYER_FIGHT [Actor < (04041C6E)>] "Cultist Soldier"
[11/16/2012 - 05:33:46PM] PLAYER_FIGHT None ""
[11/16/2012 - 05:33:47PM] PLAYER_FIGHT None ""
[11/16/2012 - 05:33:49PM] PLAYER_FIGHT None ""
[11/16/2012 - 05:33:50PM] PLAYER_FIGHT None ""
[11/16/2012 - 05:33:51PM] PLAYER_FIGHT None ""
[11/16/2012 - 05:33:52PM] PLAYER_FIGHT None ""
[11/16/2012 - 05:33:52PM] PLAYER_FIGHT None ""
[11/16/2012 - 05:33:54PM] PLAYER_FIGHT None ""
[11/16/2012 - 05:33:55PM] PLAYER_FIGHT None ""
[11/16/2012 - 05:33:55PM] PLAYER_FIGHT None ""
[11/16/2012 - 05:33:57PM] PLAYER_FIGHT None ""
[11/16/2012 - 05:33:58PM] PLAYER_FIGHT [Actor < (04041C6E)>] "Cultist Soldier"
[11/16/2012 - 05:33:59PM] PLAYER_FIGHT None ""
[11/16/2012 - 05:34:00PM] PLAYER_FIGHT None ""
[11/16/2012 - 05:34:01PM] PLAYER_FIGHT None ""
[11/16/2012 - 05:34:02PM] PLAYER_FIGHT None ""
[11/16/2012 - 05:34:03PM] PLAYER_FIGHT None ""
[11/16/2012 - 05:34:04PM] PLAYER_FIGHT None ""
[11/16/2012 - 05:34:05PM] PLAYER_FIGHT None ""
[11/16/2012 - 05:34:06PM] PLAYER_FIGHT None ""
[11/16/2012 - 05:34:07PM] PLAYER_FIGHT None ""
[11/16/2012 - 05:34:08PM] PLAYER_FIGHT None ""
[11/16/2012 - 05:34:09PM] PLAYER_FIGHT None ""
[11/16/2012 - 05:34:10PM] PLAYER_FIGHT None ""
[11/16/2012 - 05:34:10PM] PLAYER_TRIGGER_ENTER [ths1_TriggerEnterSCRIPT < (04074E42)>]
[11/16/2012 - 05:34:11PM] PLAYER_FIGHT None ""
[11/16/2012 - 05:34:12PM] PLAYER_FIGHT None ""
[11/16/2012 - 05:34:13PM] PLAYER_FIGHT None ""
[11/16/2012 - 05:34:14PM] PLAYER_FIGHT [Actor < (04041C6E)>] "Cultist Soldier"
[11/16/2012 - 05:34:15PM] PLAYER_FIGHT None ""
[11/16/2012 - 05:34:15PM] PLAYER_TRIGGER_LEAVE [ths1_TriggerEnterSCRIPT < (04074E42)>]
[11/16/2012 - 05:34:16PM] PLAYER_TRIGGER_ENTER [ths1_TriggerEnterSCRIPT < (04074E42)>]
[11/16/2012 - 05:34:16PM] PLAYER_FIGHT None ""
[11/16/2012 - 05:34:17PM] PLAYER_FIGHT [Actor < (04041C6E)>] "Cultist Soldier"
[11/16/2012 - 05:34:18PM] PLAYER_FIGHT None ""
[11/16/2012 - 05:34:19PM] PLAYER_FIGHT None ""
[11/16/2012 - 05:34:20PM] PLAYER_FIGHT None ""
[11/16/2012 - 05:34:21PM] PLAYER_MOVE None
[11/16/2012 - 05:34:21PM] PLAYER_FIGHT None ""
[11/16/2012 - 05:34:22PM] PLAYER_FIGHT None ""
[11/16/2012 - 05:34:23PM] PLAYER_TRIGGER_LEAVE [ths1_TriggerEnterSCRIPT < (04074E42)>]
[11/16/2012 - 05:34:23PM] PLAYER_FIGHT None ""
[11/16/2012 - 05:34:24PM] PLAYER_FIGHT None ""
[11/16/2012 - 05:34:25PM] PLAYER_FIGHT None ""
[11/16/2012 - 05:34:26PM] PLAYER_FIGHT None ""
[11/16/2012 - 05:34:27PM] PLAYER_FIGHT None ""
[11/16/2012 - 05:34:32PM] PLAYER_TRIGGER_ENTER [ths1_TriggerEnterSCRIPT < (04074E42)>]
[11/16/2012 - 05:34:33PM] PLAYER_FIGHT None ""
[11/16/2012 - 05:34:33PM] PLAYER_TRIGGER_LEAVE [ths1_TriggerEnterSCRIPT < (04074E42)>]
[11/16/2012 - 05:34:34PM] PLAYER_FIGHT None ""
[11/16/2012 - 05:34:35PM] PLAYER_FIGHT None ""
[11/16/2012 - 05:34:36PM] PLAYER_FIGHT None ""
[11/16/2012 - 05:34:37PM] PLAYER_FIGHT None ""
[11/16/2012 - 05:34:38PM] PLAYER_FIGHT None ""
[11/16/2012 - 05:34:39PM] PLAYER_FIGHT None ""
[11/16/2012 - 05:34:40PM] PLAYER_FIGHT None ""
[11/16/2012 - 05:34:42PM] PLAYER_FIGHT [Actor < (04041C6E)>] "Cultist Soldier"
[11/16/2012 - 05:34:42PM] PLAYER_FIGHT [Actor < (04041C6E)>] "Cultist Soldier"
[11/16/2012 - 05:34:43PM] PLAYER_FIGHT None ""
[11/16/2012 - 05:34:45PM] PLAYER_FIGHT None ""
[11/16/2012 - 05:34:46PM] PLAYER_FIGHT None ""
[11/16/2012 - 05:34:46PM] PLAYER_FIGHT None ""
[11/16/2012 - 05:34:48PM] PLAYER_FIGHT [Actor < (04041C6E)>] "Cultist Soldier"
[11/16/2012 - 05:34:49PM] PLAYER_FIGHT [Actor < (04041C6E)>] "Cultist Soldier"
[11/16/2012 - 05:34:50PM] PLAYER_FIGHT [Actor < (04041C6E)>] "Cultist Soldier"
[11/16/2012 - 05:34:50PM] PLAYER_FIGHT [Actor < (04041C6E)>] "Cultist Soldier"
[11/16/2012 - 05:34:52PM] PLAYER_FIGHT None ""
[11/16/2012 - 05:34:53PM] PLAYER_FIGHT None ""
[11/16/2012 - 05:34:54PM] PLAYER_FIGHT None ""
[11/16/2012 - 05:34:55PM] PLAYER_FIGHT None ""
[11/16/2012 - 05:34:56PM] PLAYER_FIGHT None ""
[11/16/2012 - 05:34:56PM] PLAYER_FIGHT None ""
[11/16/2012 - 05:34:59PM] PLAYER_FIGHT None ""
[11/16/2012 - 05:34:59PM] PLAYER_FIGHT None ""
[11/16/2012 - 05:35:00PM] PLAYER_FIGHT None ""
[11/16/2012 - 05:35:01PM] PLAYER_FIGHT None ""
[11/16/2012 - 05:35:02PM] PLAYER_FIGHT None ""
[11/16/2012 - 05:35:03PM] PLAYER_FIGHT None ""
[11/16/2012 - 05:35:04PM] PLAYER_FIGHT None ""
[11/16/2012 - 05:35:05PM] PLAYER_FIGHT None ""
[11/16/2012 - 05:35:06PM] PLAYER_FIGHT None ""
[11/16/2012 - 05:35:07PM] PLAYER_FIGHT None ""
[11/16/2012 - 05:35:08PM] PLAYER_FIGHT None ""
[11/16/2012 - 05:35:10PM] PLAYER_FIGHT None ""
[11/16/2012 - 05:35:11PM] PLAYER_FIGHT None ""
[11/16/2012 - 05:35:11PM] PLAYER_FIGHT None ""
[11/16/2012 - 05:35:13PM] PLAYER_FIGHT None ""
[11/16/2012 - 05:35:14PM] PLAYER_FIGHT None ""
[11/16/2012 - 05:35:15PM] PLAYER_FIGHT None ""
[11/16/2012 - 05:35:16PM] PLAYER_FIGHT None ""
[11/16/2012 - 05:35:17PM] PLAYER_FIGHT [Actor < (04041C6E)>] "Cultist Soldier"
[11/16/2012 - 05:35:19PM] PLAYER_FIGHT [Actor < (04041C6E)>] "Cultist Soldier"
[11/16/2012 - 05:35:20PM] PLAYER_FIGHT [Actor < (04041C6E)>] "Cultist Soldier"
[11/16/2012 - 05:35:20PM] PLAYER_FIGHT [Actor < (04041C6E)>] "Cultist Soldier"
[11/16/2012 - 05:35:20PM] PLAYER_FIGHT [Actor < (04041C6E)>] "Cultist Soldier"
[11/16/2012 - 05:35:22PM] PLAYER_FIGHT [Actor < (04041C6E)>] "Cultist Soldier"
[11/16/2012 - 05:35:23PM] PLAYER_FIGHT [Actor < (04041C6E)>] "Cultist Soldier"
[11/16/2012 - 05:35:25PM] PLAYER_FIGHT [Actor < (04041C6E)>] "Cultist Soldier"
[11/16/2012 - 05:35:26PM] PLAYER_FIGHT None ""
[11/16/2012 - 05:35:26PM] PLAYER_FIGHT None ""
[11/16/2012 - 05:35:29PM] PLAYER_FIGHT [Actor < (04041C6E)>] "Cultist Soldier"
[11/16/2012 - 05:35:29PM] PLAYER_FIGHT [Actor < (04041C6E)>] "Cultist Soldier"
[11/16/2012 - 05:35:30PM] PLAYER_FIGHT [Actor < (04041C6E)>] "Cultist Soldier"
[11/16/2012 - 05:35:31PM] PLAYER_FIGHT [Actor < (04041C6E)>] "Cultist Soldier"
[11/16/2012 - 05:35:33PM] PLAYER_FIGHT [Actor < (04041C6E)>] "Cultist Soldier"
[11/16/2012 - 05:35:33PM] PLAYER_FIGHT [Actor < (04041C6E)>] "Cultist Soldier"
[11/16/2012 - 05:35:34PM] PLAYER_FIGHT [Actor < (04041C6E)>] "Cultist Soldier"
[11/16/2012 - 05:35:35PM] PLAYER_FIGHT [Actor < (04041C6E)>] "Cultist Soldier"
[11/16/2012 - 05:35:37PM] PLAYER_FIGHT None ""
[11/16/2012 - 05:35:37PM] PLAYER_FIGHT None ""
[11/16/2012 - 05:35:38PM] PLAYER_FIGHT None ""
[11/16/2012 - 05:35:38PM] PLAYER_FIGHT None ""
[11/16/2012 - 05:35:42PM] PLAYER_FIGHT None ""
[11/16/2012 - 05:35:42PM] PLAYER_FIGHT None ""
[11/16/2012 - 05:35:44PM] PLAYER_FIGHT [Actor < (04041C6E)>] "Cultist Soldier"
[11/16/2012 - 05:35:44PM] PLAYER_FIGHT [Actor < (04041C6E)>] "Cultist Soldier"
[11/16/2012 - 05:35:46PM] PLAYER_FIGHT [Actor < (04041C6E)>] "Cultist Soldier"
[11/16/2012 - 05:35:47PM] PLAYER_FIGHT None ""
[11/16/2012 - 05:35:48PM] PLAYER_FIGHT None ""
[11/16/2012 - 05:35:48PM] PLAYER_FIGHT None ""
[11/16/2012 - 05:35:50PM] PLAYER_FIGHT [Actor < (04041C6E)>] "Cultist Soldier"
[11/16/2012 - 05:35:52PM] PLAYER_FIGHT [Actor < (04041C6E)>] "Cultist Soldier"
[11/16/2012 - 05:35:52PM] PLAYER_FIGHT None ""
[11/16/2012 - 05:35:54PM] PLAYER_FIGHT None ""
[11/16/2012 - 05:35:54PM] PLAYER_FIGHT None ""
[11/16/2012 - 05:35:54PM] PLAYER_FIGHT None ""
[11/16/2012 - 05:35:55PM] PLAYER_FIGHT None ""
[11/16/2012 - 05:35:56PM] PLAYER_FIGHT [Actor < (04041C6E)>] "Cultist Soldier"
[11/16/2012 - 05:35:57PM] PLAYER_FIGHT [Actor < (04041C6E)>] "Cultist Soldier"
[11/16/2012 - 05:36:00PM] PLAYER_FIGHT [Actor < (04041C6E)>] "Cultist Soldier"
[11/16/2012 - 05:36:31PM] PLAYER_FIGHT [Actor < (04041C6E)>] "Cultist Soldier"
[11/16/2012 - 05:36:32PM] PLAYER_FIGHT None ""
[11/16/2012 - 05:36:32PM] PLAYER_FIGHT None ""
[11/16/2012 - 05:36:33PM] PLAYER_FIGHT None ""
[11/16/2012 - 05:36:33PM] PLAYER_FIGHT None ""
[11/16/2012 - 05:36:34PM] PLAYER_FIGHT None ""
[11/16/2012 - 05:36:36PM] PLAYER_FIGHT None ""
[11/16/2012 - 05:36:38PM] PLAYER_FIGHT None ""
[11/16/2012 - 05:36:38PM] PLAYER_FIGHT None ""
[11/16/2012 - 05:36:39PM] PLAYER_FIGHT None ""
[11/16/2012 - 05:36:42PM] PLAYER_FIGHT None ""
[11/16/2012 - 05:36:42PM] PLAYER_FIGHT None ""
[11/16/2012 - 05:36:43PM] PLAYER_FIGHT None ""
[11/16/2012 - 05:36:43PM] PLAYER_FIGHT None ""
[11/16/2012 - 05:36:47PM] PLAYER_FIGHT [Actor < (04041C6E)>] "Cultist Soldier"
[11/16/2012 - 05:36:48PM] PLAYER_FIGHT [Actor < (04041C6E)>] "Cultist Soldier"
[11/16/2012 - 05:36:48PM] PLAYER_FIGHT [Actor < (04041C6E)>] "Cultist Soldier"
[11/16/2012 - 05:36:49PM] PLAYER_FIGHT [Actor < (04041C6E)>] "Cultist Soldier"
[11/16/2012 - 05:36:49PM] PLAYER_FIGHT [Actor < (04041C6E)>] "Cultist Soldier"
[11/16/2012 - 05:36:51PM] PLAYER_FIGHT [Actor < (04041C6E)>] "Cultist Soldier"
[11/16/2012 - 05:36:52PM] PLAYER_FIGHT [Actor < (04041C6E)>] "Cultist Soldier"
[11/16/2012 - 05:36:53PM] PLAYER_FIGHT [Actor < (04041C6E)>] "Cultist Soldier"
[11/16/2012 - 05:36:53PM] PLAYER_FIGHT [Actor < (04041C6E)>] "Cultist Soldier"
[11/16/2012 - 05:36:54PM] PLAYER_FIGHT [Actor < (04041C6E)>] "Cultist Soldier"
[11/16/2012 - 05:36:56PM] PLAYER_FIGHT [Actor < (04041C6E)>] "Cultist Soldier"
[11/16/2012 - 05:36:57PM] PLAYER_FIGHT [Actor < (04041C6E)>] "Cultist Soldier"
[11/16/2012 - 05:36:58PM] PLAYER_FIGHT None ""
[11/16/2012 - 05:36:59PM] PLAYER_FIGHT None ""
[11/16/2012 - 05:36:59PM] PLAYER_FIGHT None ""
[11/16/2012 - 05:37:00PM] PLAYER_FIGHT None ""
[11/16/2012 - 05:37:01PM] PLAYER_FIGHT None ""
[11/16/2012 - 05:37:02PM] PLAYER_FIGHT None ""
[11/16/2012 - 05:37:03PM] PLAYER_FIGHT None ""
[11/16/2012 - 05:37:07PM] PLAYER_FIGHT None ""
[11/16/2012 - 05:37:07PM] PLAYER_FIGHT None ""
[11/16/2012 - 05:37:08PM] PLAYER_FIGHT None ""
[11/16/2012 - 05:37:09PM] PLAYER_FIGHT None ""
[11/16/2012 - 05:37:10PM] PLAYER_MOVE Run
[11/16/2012 - 05:37:10PM] PLAYER_TRIGGER_ENTER [ths1_TriggerEnterSCRIPT < (04074E42)>]
[11/16/2012 - 05:37:10PM] PLAYER_FIGHT None ""
[11/16/2012 - 05:37:10PM] PLAYER_FIGHT None ""
[11/16/2012 - 05:37:11PM] PLAYER_MOVE None
[11/16/2012 - 05:37:12PM] PLAYER_FIGHT None ""
[11/16/2012 - 05:37:13PM] PLAYER_FIGHT None ""
[11/16/2012 - 05:37:14PM] PLAYER_FIGHT None ""
[11/16/2012 - 05:37:14PM] PLAYER_FIGHT None ""
[11/16/2012 - 05:37:15PM] PLAYER_FIGHT None ""
[11/16/2012 - 05:37:15PM] PLAYER_FIGHT None ""
[11/16/2012 - 05:37:18PM] PLAYER_FIGHT [Actor < (04041C6E)>] "Cultist Soldier"
[11/16/2012 - 05:37:18PM] PLAYER_FIGHT [Actor < (04041C6E)>] "Cultist Soldier"
[11/16/2012 - 05:37:19PM] PLAYER_FIGHT None ""
[11/16/2012 - 05:37:20PM] PLAYER_FIGHT None ""
[11/16/2012 - 05:37:21PM] PLAYER_MOVE Run
[11/16/2012 - 05:37:21PM] PLAYER_TRIGGER_LEAVE [ths1_TriggerEnterSCRIPT < (04074E42)>]
[11/16/2012 - 05:37:22PM] PLAYER_FIGHT None ""
[11/16/2012 - 05:37:22PM] PLAYER_FIGHT None ""
[11/16/2012 - 05:37:22PM] PLAYER_FIGHT None ""
[11/16/2012 - 05:37:23PM] PLAYER_FIGHT None ""
[11/16/2012 - 05:37:23PM] PLAYER_MOVE None
[11/16/2012 - 05:37:24PM] PLAYER_FIGHT None ""
[11/16/2012 - 05:37:27PM] PLAYER_FIGHT [Actor < (04041C6E)>] "Cultist Soldier"
[11/16/2012 - 05:37:27PM] PLAYER_WEAPON_WITHDRAWN
[11/16/2012 - 05:37:27PM] PLAYER_POV_CHANGE THIRD_PERSON
[11/16/2012 - 05:38:32PM] Log closed
