[11/16/2012 - 05:22:25PM] 15 log opened (PC)
[11/16/2012 - 05:22:25PM] PLAYER_MOVE Run
[11/16/2012 - 05:22:26PM] PLAYER_MOVE None
[11/16/2012 - 05:22:26PM] PLAYER_TRIGGER_ENTER [ths1_TriggerEnterSCRIPT < (04074E51)>]
[11/16/2012 - 05:22:27PM] PLAYER_MOVE Run
[11/16/2012 - 05:22:27PM] PLAYER_TRIGGER_LEAVE [ths1_TriggerEnterSCRIPT < (04074E51)>]
[11/16/2012 - 05:22:28PM] PLAYER_TRIGGER_ENTER [ths1_TriggerEnterSCRIPT < (04074E50)>]
[11/16/2012 - 05:22:29PM] PLAYER_TRIGGER_LEAVE [ths1_TriggerEnterSCRIPT < (04074E50)>]
[11/16/2012 - 05:22:30PM] PLAYER_MOVE None
[11/16/2012 - 05:22:31PM] PLAYER_TRIGGER_ENTER [ths1_TriggerEnterSCRIPT < (04074E4F)>]
[11/16/2012 - 05:22:43PM] PLAYER_TRIGGER_ENTER [ths1_TriggerEnterSCRIPT < (0408C788)>]
[11/16/2012 - 05:22:43PM] PLAYER_TRIGGER_LEAVE [ths1_TriggerEnterSCRIPT < (04074E4F)>]
[11/16/2012 - 05:22:43PM] PLAYER_CELL_CHANGE [Cell <Wilderness (04085D56)>] ""
[11/16/2012 - 05:22:43PM] PLAYER_WORLDSPACE_CHANGE [WorldSpace <ths1_Town (04085D17)>] "Town"
[11/16/2012 - 05:22:45PM] PLAYER_TRIGGER_LEAVE [ths1_TriggerEnterSCRIPT < (0408C788)>]
[11/16/2012 - 05:22:45PM] PLAYER_MOVE Run
[11/16/2012 - 05:22:46PM] PLAYER_CELL_CHANGE [Cell <Wilderness (04085D34)>] ""
[11/16/2012 - 05:22:48PM] PLAYER_TRIGGER_ENTER [ths1_TriggerEnterSCRIPT < (0408CDAB)>]
[11/16/2012 - 05:22:48PM] PLAYER_MOVE None
[11/16/2012 - 05:22:55PM] PLAYER_DIALOGUE [TIF__020774A6 <topic info 040774A6 on quest ths1_MasterQuest (040319F7)>] NPC_SPEAKER [Actor < (0408BC45)>]
[11/16/2012 - 05:23:00PM] PLAYER_DIALOGUE [TIF__020774A8 <topic info 040774A8 on quest ths1_MasterQuest (040319F7)>] NPC_SPEAKER [Actor < (0408BC45)>]
[11/16/2012 - 05:23:03PM] PLAYER_DIALOGUE [TIF__0207BD42 <topic info 0407BD42 on quest ths1_MasterQuest (040319F7)>] NPC_SPEAKER [Actor < (0408BC45)>]
[11/16/2012 - 05:23:09PM] PLAYER_DIALOGUE [TIF__0207FA85 <topic info 0407FA85 on quest ths1_MasterQuest (040319F7)>] NPC_SPEAKER [Actor < (0408BC45)>]
[11/16/2012 - 05:23:14PM] PLAYER_TRIGGER_LEAVE [ths1_TriggerEnterSCRIPT < (0408CDAB)>]
[11/16/2012 - 05:23:15PM] PLAYER_MOVE Run
[11/16/2012 - 05:23:17PM] PLAYER_ACTOR_VIEW_GAIN [ObjectReference < (04089359)>] "Seamus"
[11/16/2012 - 05:23:17PM] PLAYER_TRIGGER_ENTER [ths1_TriggerEnterSCRIPT < (0408CD5A)>]
[11/16/2012 - 05:23:18PM] PLAYER_TRIGGER_LEAVE [ths1_TriggerEnterSCRIPT < (0408CD5A)>]
[11/16/2012 - 05:23:20PM] PLAYER_TRIGGER_ENTER [ths1_TriggerEnterSCRIPT < (0408C7A9)>]
[11/16/2012 - 05:23:23PM] PLAYER_TRIGGER_LEAVE [ths1_TriggerEnterSCRIPT < (0408C7A9)>]
[11/16/2012 - 05:23:23PM] PLAYER_ACTOR_VIEW_LOSS [ObjectReference < (04089359)>] "Seamus"
[11/16/2012 - 05:23:24PM] PLAYER_CELL_CHANGE [Cell <Wilderness (04085D42)>] ""
[11/16/2012 - 05:23:29PM] PLAYER_MOVE None
[11/16/2012 - 05:24:58PM] PLAYER_MOVE Run
[11/16/2012 - 05:24:59PM] PLAYER_CELL_CHANGE [Cell <Wilderness (04085D4C)>] ""
[11/16/2012 - 05:25:01PM] PLAYER_TRIGGER_ENTER [ths1_TriggerEnterSCRIPT < (0408C7AA)>]
[11/16/2012 - 05:25:01PM] PLAYER_TRIGGER_LEAVE [ths1_TriggerEnterSCRIPT < (0408C7AA)>]
[11/16/2012 - 05:25:07PM] PLAYER_MOVE None
[11/16/2012 - 05:25:09PM] PLAYER_MOVE Run
[11/16/2012 - 05:25:11PM] PLAYER_CELL_CHANGE [Cell <Wilderness (04085D54)>] ""
[11/16/2012 - 05:25:14PM] PLAYER_TRIGGER_ENTER [ths1_TriggerEnterSCRIPT < (0408C7C1)>]
[11/16/2012 - 05:25:14PM] PLAYER_MOVE None
[11/16/2012 - 05:25:15PM] PLAYER_MOVE Run
[11/16/2012 - 05:25:19PM] PLAYER_TRIGGER_LEAVE [ths1_TriggerEnterSCRIPT < (0408C7C1)>]
[11/16/2012 - 05:25:20PM] PLAYER_MOVE None
[11/16/2012 - 05:25:21PM] PLAYER_TRIGGER_ENTER [ths1_TriggerEnterSCRIPT < (0408C7C1)>]
[11/16/2012 - 05:25:22PM] PLAYER_MOVE Run
[11/16/2012 - 05:25:24PM] PLAYER_MOVE None
[11/16/2012 - 05:25:24PM] PLAYER_TRIGGER_LEAVE [ths1_TriggerEnterSCRIPT < (0408C7C1)>]
[11/16/2012 - 05:25:25PM] PLAYER_MOVE Run
[11/16/2012 - 05:25:25PM] PLAYER_TRIGGER_ENTER [ths1_TriggerEnterSCRIPT < (0408C7C2)>]
[11/16/2012 - 05:25:26PM] PLAYER_MOVE None
[11/16/2012 - 05:25:27PM] PLAYER_ITEM_OBTAIN None "Purple Mountain Flower"
[11/16/2012 - 05:25:29PM] PLAYER_CELL_CHANGE [Cell <Wilderness (04085D56)>] ""
[11/16/2012 - 05:25:29PM] PLAYER_MOVE Run
[11/16/2012 - 05:25:30PM] PLAYER_MOVE None
[11/16/2012 - 05:25:30PM] PLAYER_ITEM_OBTAIN None "Purple Mountain Flower"
[11/16/2012 - 05:25:32PM] PLAYER_MOVE Run
[11/16/2012 - 05:25:32PM] PLAYER_ITEM_OBTAIN None "Purple Mountain Flower"
[11/16/2012 - 05:25:33PM] PLAYER_MOVE None
[11/16/2012 - 05:25:33PM] PLAYER_ACTOR_VIEW_LOSS [ObjectReference < (04089359)>] "Seamus"
[11/16/2012 - 05:25:33PM] PLAYER_TRIGGER_LEAVE [ths1_TriggerEnterSCRIPT < (0408C7C2)>]
[11/16/2012 - 05:25:34PM] PLAYER_MOVE Run
[11/16/2012 - 05:25:34PM] PLAYER_ACTOR_VIEW_LOSS [ObjectReference < (04089359)>] "Seamus"
[11/16/2012 - 05:25:35PM] PLAYER_TRIGGER_ENTER [ths1_TriggerEnterSCRIPT < (0408C788)>]
[11/16/2012 - 05:25:35PM] PLAYER_TRIGGER_LEAVE [ths1_TriggerEnterSCRIPT < (0408C788)>]
[11/16/2012 - 05:25:35PM] PLAYER_TRIGGER_ENTER [ths1_TriggerEnterSCRIPT < (0408C788)>]
[11/16/2012 - 05:25:36PM] PLAYER_TRIGGER_LEAVE [ths1_TriggerEnterSCRIPT < (0408C788)>]
[11/16/2012 - 05:25:37PM] PLAYER_MOVE None
[11/16/2012 - 05:25:38PM] PLAYER_MOVE Run
[11/16/2012 - 05:25:40PM] PLAYER_MOVE None
[11/16/2012 - 05:25:42PM] PLAYER_ITEM_OBTAIN [ObjectReference < (04085F98)>] "Blue Mountain Flower"
[11/16/2012 - 05:25:47PM] PLAYER_MOVE Run
[11/16/2012 - 05:25:48PM] PLAYER_TRIGGER_ENTER [ths1_TriggerEnterSCRIPT < (0408CD5B)>]
[11/16/2012 - 05:25:48PM] PLAYER_CELL_CHANGE [Cell <Wilderness (04085D34)>] ""
[11/16/2012 - 05:25:48PM] PLAYER_MOVE None
[11/16/2012 - 05:25:48PM] PLAYER_ACTOR_VIEW_GAIN [ObjectReference < (04089359)>] "Seamus"
[11/16/2012 - 05:25:49PM] PLAYER_ITEM_OBTAIN [ObjectReference < (04085F97)>] "Purple Mountain Flower"
[11/16/2012 - 05:25:49PM] PLAYER_ACTOR_VIEW_LOSS [ObjectReference < (04089359)>] "Seamus"
[11/16/2012 - 05:25:51PM] PLAYER_MOVE Run
[11/16/2012 - 05:25:52PM] PLAYER_MOVE None
[11/16/2012 - 05:25:53PM] PLAYER_ITEM_OBTAIN [ObjectReference < (04085F93)>] "Red Mountain Flower"
[11/16/2012 - 05:25:55PM] PLAYER_MOVE Run
[11/16/2012 - 05:25:56PM] PLAYER_MOVE None
[11/16/2012 - 05:25:57PM] PLAYER_ITEM_OBTAIN [ObjectReference < (04085F96)>] "Purple Mountain Flower"
[11/16/2012 - 05:25:58PM] PLAYER_CELL_CHANGE [Cell <Wilderness (04085D56)>] ""
[11/16/2012 - 05:25:58PM] PLAYER_TRIGGER_ENTER [ths1_TriggerEnterSCRIPT < (0408C78E)>]
[11/16/2012 - 05:25:59PM] PLAYER_TRIGGER_LEAVE [ths1_TriggerEnterSCRIPT < (0408CD5B)>]
[11/16/2012 - 05:25:59PM] PLAYER_MOVE Run
[11/16/2012 - 05:26:00PM] PLAYER_MOVE None
[11/16/2012 - 05:26:01PM] PLAYER_ITEM_OBTAIN None "Red Mountain Flower"
[11/16/2012 - 05:26:02PM] PLAYER_MOVE Run
[11/16/2012 - 05:26:03PM] PLAYER_MOVE None
[11/16/2012 - 05:26:04PM] PLAYER_ITEM_OBTAIN [ObjectReference < (04085F95)>] "Blue Mountain Flower"
[11/16/2012 - 05:26:06PM] PLAYER_ITEM_OBTAIN None "Red Mountain Flower"
[11/16/2012 - 05:26:09PM] PLAYER_ITEM_OBTAIN [ObjectReference < (04085FB5)>] "Purple Mountain Flower"
[11/16/2012 - 05:26:13PM] PLAYER_MOVE Run
[11/16/2012 - 05:26:16PM] PLAYER_CELL_CHANGE [Cell <Wilderness (04085D58)>] ""
[11/16/2012 - 05:26:17PM] PLAYER_MOVE None
[11/16/2012 - 05:26:18PM] PLAYER_MOVE Run
[11/16/2012 - 05:26:19PM] PLAYER_MOVE None
[11/16/2012 - 05:26:19PM] PLAYER_ITEM_OBTAIN [ObjectReference < (04085FB9)>] "Blue Mountain Flower"
[11/16/2012 - 05:26:22PM] PLAYER_ITEM_OBTAIN None "Red Mountain Flower"
[11/16/2012 - 05:26:24PM] PLAYER_CELL_CHANGE [Cell <Wilderness (04085D4E)>] ""
[11/16/2012 - 05:26:27PM] PLAYER_MOVE Run
[11/16/2012 - 05:26:28PM] PLAYER_CELL_CHANGE [Cell <Wilderness (04085D58)>] ""
[11/16/2012 - 05:26:28PM] PLAYER_TRIGGER_LEAVE [ths1_TriggerEnterSCRIPT < (0408C78E)>]
[11/16/2012 - 05:26:29PM] PLAYER_MOVE None
[11/16/2012 - 05:26:30PM] PLAYER_MOVE Run
[11/16/2012 - 05:26:32PM] PLAYER_TRIGGER_ENTER [ths1_TriggerEnterSCRIPT < (0408C78E)>]
[11/16/2012 - 05:26:33PM] PLAYER_TRIGGER_LEAVE [ths1_TriggerEnterSCRIPT < (0408C78E)>]
[11/16/2012 - 05:26:33PM] PLAYER_TRIGGER_ENTER [ths1_TriggerEnterSCRIPT < (0408C78E)>]
[11/16/2012 - 05:26:34PM] PLAYER_TRIGGER_LEAVE [ths1_TriggerEnterSCRIPT < (0408C78E)>]
[11/16/2012 - 05:26:36PM] PLAYER_MOVE None
[11/16/2012 - 05:26:38PM] PLAYER_ITEM_OBTAIN None "Grass Pod"
[11/16/2012 - 05:26:39PM] PLAYER_MOVE Run
[11/16/2012 - 05:26:40PM] PLAYER_ITEM_OBTAIN None "Purple Mountain Flower"
[11/16/2012 - 05:26:40PM] PLAYER_MOVE None
[11/16/2012 - 05:26:41PM] PLAYER_MOVE Run
[11/16/2012 - 05:26:43PM] PLAYER_ITEM_OBTAIN None "Grass Pod"
[11/16/2012 - 05:26:43PM] PLAYER_MOVE None
[11/16/2012 - 05:26:45PM] PLAYER_MOVE Run
[11/16/2012 - 05:26:45PM] PLAYER_TRIGGER_ENTER [ths1_TriggerEnterSCRIPT < (0408C78E)>]
[11/16/2012 - 05:26:46PM] PLAYER_MOVE None
[11/16/2012 - 05:26:47PM] PLAYER_MOVE Run
[11/16/2012 - 05:26:48PM] PLAYER_CELL_CHANGE [Cell <Wilderness (04085D56)>] ""
[11/16/2012 - 05:26:49PM] PLAYER_MOVE None
[11/16/2012 - 05:26:49PM] PLAYER_ITEM_OBTAIN [ObjectReference < (04086008)>] "Purple Mountain Flower"
[11/16/2012 - 05:26:50PM] PLAYER_TRIGGER_LEAVE [ths1_TriggerEnterSCRIPT < (0408C78E)>]
[11/16/2012 - 05:26:51PM] PLAYER_MOVE Run
[11/16/2012 - 05:26:51PM] PLAYER_ITEM_OBTAIN None "Blue Mountain Flower"
[11/16/2012 - 05:26:52PM] PLAYER_MOVE None
[11/16/2012 - 05:26:52PM] PLAYER_TRIGGER_ENTER [ths1_TriggerEnterSCRIPT < (0408C78E)>]
[11/16/2012 - 05:26:53PM] PLAYER_MOVE Run
[11/16/2012 - 05:26:58PM] PLAYER_TRIGGER_ENTER [ths1_TriggerEnterSCRIPT < (0408CD5B)>]
[11/16/2012 - 05:26:58PM] PLAYER_TRIGGER_LEAVE [ths1_TriggerEnterSCRIPT < (0408C78E)>]
[11/16/2012 - 05:26:59PM] PLAYER_CELL_CHANGE [Cell <Wilderness (04085D34)>] ""
[11/16/2012 - 05:27:00PM] PLAYER_ACTOR_VIEW_GAIN [ObjectReference < (04089359)>] "Seamus"
[11/16/2012 - 05:27:01PM] PLAYER_TRIGGER_LEAVE [ths1_TriggerEnterSCRIPT < (0408CD5B)>]
[11/16/2012 - 05:27:03PM] PLAYER_MOVE None
[11/16/2012 - 05:27:03PM] PLAYER_ACTOR_VIEW_LOSS [ObjectReference < (04089359)>] "Seamus"
[11/16/2012 - 05:27:05PM] PLAYER_MOVE Run
[11/16/2012 - 05:27:06PM] PLAYER_MOVE None
[11/16/2012 - 05:27:06PM] PLAYER_ACTOR_VIEW_GAIN [ObjectReference < (04089359)>] "Seamus"
[11/16/2012 - 05:27:07PM] PLAYER_MOVE Run
[11/16/2012 - 05:27:09PM] PLAYER_MOVE None
[11/16/2012 - 05:27:15PM] PLAYER_MOVE Run
[11/16/2012 - 05:27:17PM] PLAYER_MOVE None
[11/16/2012 - 05:27:19PM] PLAYER_MOVE Run
[11/16/2012 - 05:27:20PM] PLAYER_ACTOR_VIEW_LOSS [ObjectReference < (04089359)>] "Seamus"
[11/16/2012 - 05:27:22PM] PLAYER_CELL_CHANGE [Cell <Wilderness (04085D44)>] ""
[11/16/2012 - 05:27:25PM] PLAYER_TRIGGER_ENTER [ths1_TriggerEnterSCRIPT < (0408CD80)>]
[11/16/2012 - 05:27:29PM] PLAYER_CELL_CHANGE [Cell <Wilderness (04085D46)>] ""
[11/16/2012 - 05:27:40PM] PLAYER_CELL_CHANGE [Cell <Wilderness (04085D48)>] ""
[11/16/2012 - 05:27:41PM] PLAYER_TRIGGER_LEAVE [ths1_TriggerEnterSCRIPT < (0408CD80)>]
[11/16/2012 - 05:27:41PM] PLAYER_TRIGGER_ENTER [ths1_TriggerEnterSCRIPT < (0408CD81)>]
[11/16/2012 - 05:27:47PM] PLAYER_CELL_CHANGE [Cell <Wilderness (04085D50)>] ""
[11/16/2012 - 05:27:49PM] PLAYER_TRIGGER_LEAVE [ths1_TriggerEnterSCRIPT < (0408CD81)>]
[11/16/2012 - 05:27:49PM] PLAYER_TRIGGER_ENTER [ths1_TriggerEnterSCRIPT < (0408CD96)>]
[11/16/2012 - 05:27:54PM] PLAYER_MOVE None
[11/16/2012 - 05:27:57PM] PLAYER_DIALOGUE [TIF__02077F7E <topic info 04077F7E on quest ths1_MissingDog (04009344)>] NPC_SPEAKER [Actor < (0408B625)>]
[11/16/2012 - 05:28:07PM] PLAYER_MOVE Run
[11/16/2012 - 05:28:08PM] PLAYER_MOVE None
[11/16/2012 - 05:28:09PM] PLAYER_MOVE Run
[11/16/2012 - 05:28:20PM] PLAYER_TRIGGER_LEAVE [ths1_TriggerEnterSCRIPT < (0408CD96)>]
[11/16/2012 - 05:28:20PM] PLAYER_CELL_CHANGE [Cell <ths1_Cave3 (0402C9A7)>] "Cave"
[11/16/2012 - 05:28:20PM] PLAYER_MOVE None
[11/16/2012 - 05:28:24PM] PLAYER_MOVE Run
[11/16/2012 - 05:28:24PM] PLAYER_TRIGGER_ENTER [ths1_TriggerEnterSCRIPT < (04074E41)>]
[11/16/2012 - 05:28:24PM] PLAYER_TRIGGER_LEAVE [ths1_TriggerEnterSCRIPT < (04074E41)>]
[11/16/2012 - 05:28:24PM] PLAYER_TRIGGER_ENTER [ths1_SeamusCaveForceGreetSCRIPT <alias SeamusCaveForceGreetTrigALIAS on quest ths1_MissingDog (04009344)>] "SeamusCaveForceGreetTrigALIAS"
[11/16/2012 - 05:28:25PM] PLAYER_TRIGGER_LEAVE [ths1_SeamusCaveForceGreetSCRIPT <alias SeamusCaveForceGreetTrigALIAS on quest ths1_MissingDog (04009344)>] "SeamusCaveForceGreetTrigALIAS"
[11/16/2012 - 05:28:26PM] PLAYER_MOVE None
[11/16/2012 - 05:28:30PM] PLAYER_MOVE Run
[11/16/2012 - 05:28:32PM] PLAYER_TRIGGER_ENTER [ths1_TriggerEnterSCRIPT < (04074E42)>]
[11/16/2012 - 05:28:32PM] PLAYER_FIGHT None ""
[11/16/2012 - 05:28:33PM] PLAYER_MOVE None
[11/16/2012 - 05:28:33PM] PLAYER_FIGHT None ""
[11/16/2012 - 05:28:34PM] PLAYER_FIGHT None ""
[11/16/2012 - 05:28:35PM] PLAYER_TRIGGER_LEAVE [ths1_TriggerEnterSCRIPT < (04074E42)>]
[11/16/2012 - 05:28:35PM] PLAYER_FIGHT None ""
[11/16/2012 - 05:28:37PM] PLAYER_FIGHT [Actor < (04041C6E)>] "Cultist Soldier"
[11/16/2012 - 05:28:38PM] PLAYER_FIGHT None ""
[11/16/2012 - 05:28:38PM] PLAYER_FIGHT None ""
[11/16/2012 - 05:28:40PM] PLAYER_FIGHT None ""
[11/16/2012 - 05:28:41PM] PLAYER_FIGHT None ""
[11/16/2012 - 05:28:42PM] PLAYER_FIGHT None ""
[11/16/2012 - 05:28:43PM] PLAYER_FIGHT None ""
[11/16/2012 - 05:28:44PM] PLAYER_FIGHT None ""
[11/16/2012 - 05:28:45PM] PLAYER_FIGHT None ""
[11/16/2012 - 05:28:46PM] PLAYER_FIGHT None ""
[11/16/2012 - 05:28:47PM] PLAYER_FIGHT None ""
[11/16/2012 - 05:28:48PM] PLAYER_FIGHT None ""
[11/16/2012 - 05:28:49PM] PLAYER_FIGHT None ""
[11/16/2012 - 05:28:50PM] PLAYER_FIGHT None ""
[11/16/2012 - 05:28:50PM] PLAYER_MOVE Sneak
[11/16/2012 - 05:28:51PM] PLAYER_FIGHT None ""
[11/16/2012 - 05:28:52PM] PLAYER_FIGHT None ""
[11/16/2012 - 05:28:53PM] PLAYER_FIGHT None ""
[11/16/2012 - 05:28:54PM] PLAYER_FIGHT None ""
[11/16/2012 - 05:28:55PM] PLAYER_FIGHT None ""
[11/16/2012 - 05:28:56PM] PLAYER_FIGHT None ""
[11/16/2012 - 05:28:57PM] PLAYER_FIGHT None ""
[11/16/2012 - 05:28:58PM] PLAYER_FIGHT None ""
[11/16/2012 - 05:28:59PM] PLAYER_FIGHT None ""
[11/16/2012 - 05:29:00PM] PLAYER_FIGHT None ""
[11/16/2012 - 05:29:01PM] PLAYER_FIGHT None ""
[11/16/2012 - 05:29:02PM] PLAYER_FIGHT None ""
[11/16/2012 - 05:29:03PM] PLAYER_FIGHT None ""
[11/16/2012 - 05:29:04PM] PLAYER_TRIGGER_ENTER [ths1_SeamusCaveForceGreetSCRIPT <alias SeamusCaveForceGreetTrigALIAS on quest ths1_MissingDog (04009344)>] "SeamusCaveForceGreetTrigALIAS"
[11/16/2012 - 05:29:04PM] PLAYER_FIGHT None ""
[11/16/2012 - 05:29:05PM] PLAYER_FIGHT None ""
[11/16/2012 - 05:29:06PM] PLAYER_TRIGGER_LEAVE [ths1_SeamusCaveForceGreetSCRIPT <alias SeamusCaveForceGreetTrigALIAS on quest ths1_MissingDog (04009344)>] "SeamusCaveForceGreetTrigALIAS"
[11/16/2012 - 05:29:06PM] PLAYER_TRIGGER_ENTER [ths1_TriggerEnterSCRIPT < (04074E41)>]
[11/16/2012 - 05:29:06PM] PLAYER_TRIGGER_LEAVE [ths1_TriggerEnterSCRIPT < (04074E41)>]
[11/16/2012 - 05:29:06PM] PLAYER_FIGHT None ""
[11/16/2012 - 05:29:07PM] PLAYER_FIGHT None ""
[11/16/2012 - 05:29:08PM] PLAYER_FIGHT None ""
[11/16/2012 - 05:29:09PM] PLAYER_FIGHT None ""
[11/16/2012 - 05:29:10PM] PLAYER_FIGHT None ""
[11/16/2012 - 05:29:11PM] PLAYER_FIGHT None ""
[11/16/2012 - 05:29:13PM] PLAYER_CELL_CHANGE [Cell <Wilderness (04085D50)>] ""
[11/16/2012 - 05:29:13PM] PLAYER_WORLDSPACE_CHANGE [WorldSpace <ths1_Town (04085D17)>] "Town"
[11/16/2012 - 05:29:13PM] PLAYER_FIGHT None ""
[11/16/2012 - 05:29:19PM] PLAYER_TRIGGER_ENTER [ths1_TriggerEnterSCRIPT < (0408CD96)>]
[11/16/2012 - 05:29:30PM] PLAYER_TRIGGER_LEAVE [ths1_TriggerEnterSCRIPT < (0408CD96)>]
[11/16/2012 - 05:29:45PM] PLAYER_TRIGGER_ENTER [ths1_TriggerEnterSCRIPT < (0408CD96)>]
[11/16/2012 - 05:29:58PM] PLAYER_TRIGGER_LEAVE [ths1_TriggerEnterSCRIPT < (0408CD96)>]
[11/16/2012 - 05:29:58PM] PLAYER_CELL_CHANGE [Cell <ths1_Cave3 (0402C9A7)>] "Cave"
[11/16/2012 - 05:30:01PM] PLAYER_TRIGGER_ENTER [ths1_TriggerEnterSCRIPT < (04074E41)>]
[11/16/2012 - 05:30:02PM] PLAYER_TRIGGER_LEAVE [ths1_TriggerEnterSCRIPT < (04074E41)>]
[11/16/2012 - 05:30:02PM] PLAYER_TRIGGER_ENTER [ths1_SeamusCaveForceGreetSCRIPT <alias SeamusCaveForceGreetTrigALIAS on quest ths1_MissingDog (04009344)>] "SeamusCaveForceGreetTrigALIAS"
[11/16/2012 - 05:30:04PM] PLAYER_TRIGGER_LEAVE [ths1_SeamusCaveForceGreetSCRIPT <alias SeamusCaveForceGreetTrigALIAS on quest ths1_MissingDog (04009344)>] "SeamusCaveForceGreetTrigALIAS"
[11/16/2012 - 05:30:21PM] PLAYER_WEAPON_WITHDRAWN
[11/16/2012 - 05:30:42PM] PLAYER_TRIGGER_ENTER [ths1_TriggerEnterSCRIPT < (04074E42)>]
[11/16/2012 - 05:30:50PM] PLAYER_FIGHT None ""
[11/16/2012 - 05:30:51PM] PLAYER_FIGHT None ""
[11/16/2012 - 05:30:52PM] PLAYER_FIGHT None ""
[11/16/2012 - 05:30:53PM] PLAYER_FIGHT None ""
[11/16/2012 - 05:30:53PM] PLAYER_TRIGGER_LEAVE [ths1_TriggerEnterSCRIPT < (04074E42)>]
[11/16/2012 - 05:30:54PM] PLAYER_FIGHT None ""
[11/16/2012 - 05:30:55PM] PLAYER_FIGHT None ""
[11/16/2012 - 05:30:56PM] PLAYER_FIGHT None ""
[11/16/2012 - 05:30:57PM] PLAYER_FIGHT None ""
[11/16/2012 - 05:30:58PM] PLAYER_FIGHT None ""
[11/16/2012 - 05:30:59PM] PLAYER_FIGHT None ""
[11/16/2012 - 05:31:00PM] PLAYER_FIGHT None ""
[11/16/2012 - 05:31:00PM] PLAYER_TRIGGER_ENTER [ths1_TriggerEnterSCRIPT < (04074E42)>]
[11/16/2012 - 05:31:01PM] PLAYER_FIGHT None ""
[11/16/2012 - 05:31:02PM] PLAYER_FIGHT None ""
[11/16/2012 - 05:31:03PM] PLAYER_FIGHT None ""
[11/16/2012 - 05:31:04PM] PLAYER_FIGHT None ""
[11/16/2012 - 05:31:05PM] PLAYER_FIGHT None ""
[11/16/2012 - 05:31:06PM] PLAYER_FIGHT None ""
[11/16/2012 - 05:31:07PM] PLAYER_FIGHT None ""
[11/16/2012 - 05:31:08PM] PLAYER_FIGHT None ""
[11/16/2012 - 05:31:09PM] PLAYER_FIGHT None ""
[11/16/2012 - 05:31:10PM] PLAYER_FIGHT None ""
[11/16/2012 - 05:31:11PM] PLAYER_FIGHT None ""
[11/16/2012 - 05:31:13PM] PLAYER_FIGHT None ""
[11/16/2012 - 05:31:14PM] PLAYER_FIGHT None ""
[11/16/2012 - 05:31:15PM] PLAYER_FIGHT None ""
[11/16/2012 - 05:31:16PM] PLAYER_FIGHT None ""
[11/16/2012 - 05:31:17PM] PLAYER_FIGHT None ""
[11/16/2012 - 05:31:18PM] PLAYER_FIGHT None ""
[11/16/2012 - 05:31:19PM] PLAYER_FIGHT None ""
[11/16/2012 - 05:31:20PM] PLAYER_FIGHT None ""
[11/16/2012 - 05:31:21PM] PLAYER_FIGHT None ""
[11/16/2012 - 05:31:22PM] PLAYER_FIGHT None ""
[11/16/2012 - 05:31:23PM] PLAYER_FIGHT None ""
[11/16/2012 - 05:31:24PM] PLAYER_FIGHT None ""
[11/16/2012 - 05:31:25PM] PLAYER_FIGHT None ""
[11/16/2012 - 05:31:26PM] PLAYER_FIGHT None ""
[11/16/2012 - 05:31:27PM] PLAYER_FIGHT None ""
[11/16/2012 - 05:31:28PM] PLAYER_FIGHT None ""
[11/16/2012 - 05:31:29PM] PLAYER_FIGHT None ""
[11/16/2012 - 05:31:30PM] PLAYER_FIGHT None ""
[11/16/2012 - 05:31:31PM] PLAYER_FIGHT None ""
[11/16/2012 - 05:31:32PM] PLAYER_FIGHT None ""
[11/16/2012 - 05:31:33PM] PLAYER_FIGHT None ""
[11/16/2012 - 05:31:34PM] PLAYER_FIGHT None ""
[11/16/2012 - 05:31:35PM] PLAYER_FIGHT None ""
[11/16/2012 - 05:31:36PM] PLAYER_FIGHT None ""
[11/16/2012 - 05:31:37PM] PLAYER_FIGHT None ""
[11/16/2012 - 05:31:38PM] PLAYER_FIGHT None ""
[11/16/2012 - 05:31:39PM] PLAYER_FIGHT None ""
[11/16/2012 - 05:31:40PM] PLAYER_FIGHT None ""
[11/16/2012 - 05:31:41PM] PLAYER_MOVE None
[11/16/2012 - 05:31:41PM] PLAYER_FIGHT None ""
[11/16/2012 - 05:31:42PM] PLAYER_FIGHT None ""
[11/16/2012 - 05:31:43PM] PLAYER_FIGHT None ""
[11/16/2012 - 05:31:44PM] PLAYER_TRIGGER_LEAVE [ths1_TriggerEnterSCRIPT < (04074E42)>]
[11/16/2012 - 05:31:44PM] PLAYER_MOVE Run
[11/16/2012 - 05:31:44PM] PLAYER_FIGHT None ""
[11/16/2012 - 05:31:45PM] PLAYER_FIGHT None ""
[11/16/2012 - 05:31:46PM] PLAYER_MOVE None
[11/16/2012 - 05:31:46PM] PLAYER_ITEM_OBTAIN [ObjectReference < (0402CC29)>] "Deer Hide"
[11/16/2012 - 05:31:46PM] PLAYER_FIGHT None ""
[11/16/2012 - 05:31:48PM] PLAYER_FIGHT None ""
[11/16/2012 - 05:31:48PM] PLAYER_MOVE Run
[11/16/2012 - 05:31:49PM] PLAYER_FIGHT None ""
[11/16/2012 - 05:31:49PM] PLAYER_MOVE None
[11/16/2012 - 05:31:50PM] PLAYER_FIGHT None ""
[11/16/2012 - 05:31:56PM] PLAYER_ITEM_OBTAIN [ObjectReference < (0402C9A9)>] "Night Falls on Sentinel"
[11/16/2012 - 05:31:58PM] PLAYER_FIGHT None ""
[11/16/2012 - 05:31:59PM] PLAYER_FIGHT None ""
[11/16/2012 - 05:31:59PM] PLAYER_MOVE Run
[11/16/2012 - 05:32:00PM] PLAYER_FIGHT None ""
[11/16/2012 - 05:32:00PM] PLAYER_MOVE None
[11/16/2012 - 05:32:01PM] PLAYER_FIGHT None ""
[11/16/2012 - 05:32:01PM] PLAYER_MOVE Run
[11/16/2012 - 05:32:02PM] PLAYER_FIGHT None ""
[11/16/2012 - 05:32:03PM] PLAYER_FIGHT None ""
[11/16/2012 - 05:32:04PM] PLAYER_FIGHT None ""
[11/16/2012 - 05:32:05PM] PLAYER_FIGHT None ""
[11/16/2012 - 05:32:05PM] PLAYER_MOVE None
[11/16/2012 - 05:32:06PM] PLAYER_FIGHT None ""
[11/16/2012 - 05:32:07PM] PLAYER_FIGHT None ""
[11/16/2012 - 05:32:07PM] PLAYER_MOVE Run
[11/16/2012 - 05:32:08PM] PLAYER_FIGHT None ""
[11/16/2012 - 05:32:08PM] PLAYER_MOVE None
[11/16/2012 - 05:32:08PM] PLAYER_ITEM_OBTAIN [ObjectReference < (0402CC1E)>] "Deer Hide"
[11/16/2012 - 05:32:09PM] PLAYER_FIGHT None ""
[11/16/2012 - 05:32:10PM] PLAYER_FIGHT None ""
[11/16/2012 - 05:32:11PM] PLAYER_FIGHT None ""
[11/16/2012 - 05:32:12PM] PLAYER_FIGHT None ""
[11/16/2012 - 05:32:13PM] PLAYER_FIGHT None ""
[11/16/2012 - 05:32:13PM] PLAYER_MOVE Run
[11/16/2012 - 05:32:14PM] PLAYER_FIGHT None ""
[11/16/2012 - 05:32:15PM] PLAYER_FIGHT None ""
[11/16/2012 - 05:32:15PM] PLAYER_MOVE None
[11/16/2012 - 05:32:16PM] PLAYER_FIGHT None ""
[11/16/2012 - 05:32:17PM] PLAYER_MOVE Run
[11/16/2012 - 05:32:17PM] PLAYER_FIGHT None ""
[11/16/2012 - 05:32:18PM] PLAYER_FIGHT None ""
[11/16/2012 - 05:32:18PM] PLAYER_MOVE None
[11/16/2012 - 05:32:19PM] PLAYER_FIGHT None ""
[11/16/2012 - 05:32:19PM] PLAYER_MOVE Run
[11/16/2012 - 05:32:20PM] PLAYER_FIGHT None ""
[11/16/2012 - 05:32:20PM] PLAYER_MOVE None
[11/16/2012 - 05:32:21PM] PLAYER_ITEM_OBTAIN [ObjectReference < (0402C9D0)>] "Silver Necklace"
[11/16/2012 - 05:32:21PM] PLAYER_FIGHT None ""
[11/16/2012 - 05:32:22PM] PLAYER_ITEM_OBTAIN [ObjectReference < (0402CB28)>] "gold"
[11/16/2012 - 05:32:22PM] PLAYER_ITEM_OBTAIN [ObjectReference < (0402CB20)>] "gold"
[11/16/2012 - 05:32:22PM] PLAYER_ITEM_OBTAIN [ObjectReference < (0402C9D1)>] "Amethyst"
[11/16/2012 - 05:32:22PM] PLAYER_FIGHT None ""
[11/16/2012 - 05:32:22PM] PLAYER_ITEM_OBTAIN [ObjectReference < (0402CB21)>] "gold"
[11/16/2012 - 05:32:23PM] PLAYER_ITEM_OBTAIN [ObjectReference < (0402CB1A)>] "gold"
[11/16/2012 - 05:32:23PM] PLAYER_ITEM_OBTAIN [ObjectReference < (0402CB22)>] "gold"
[11/16/2012 - 05:32:23PM] PLAYER_ITEM_OBTAIN [ObjectReference < (0402CB19)>] "gold"
[11/16/2012 - 05:32:23PM] PLAYER_FIGHT None ""
[11/16/2012 - 05:32:24PM] PLAYER_ITEM_OBTAIN [ObjectReference < (0402CB1E)>] "gold"
[11/16/2012 - 05:32:24PM] PLAYER_ITEM_OBTAIN [ObjectReference < (0402CB26)>] "gold"
[11/16/2012 - 05:32:24PM] PLAYER_ITEM_OBTAIN [ObjectReference < (0402CB18)>] "gold"
[11/16/2012 - 05:32:24PM] PLAYER_ITEM_OBTAIN [ObjectReference < (0402CB25)>] "gold"
[11/16/2012 - 05:32:24PM] PLAYER_ITEM_OBTAIN None "gold"
[11/16/2012 - 05:32:24PM] PLAYER_FIGHT None ""
[11/16/2012 - 05:32:25PM] PLAYER_FIGHT None ""
[11/16/2012 - 05:32:26PM] PLAYER_MOVE Run
[11/16/2012 - 05:32:26PM] PLAYER_POV_CHANGE THIRD_PERSON
[11/16/2012 - 05:32:26PM] PLAYER_FIGHT None ""
[11/16/2012 - 05:32:33PM] Log closed
