[11/14/2012 - 04:10:42PM] 8 log opened (PC)
[11/14/2012 - 04:10:42PM] PLAYER_MOVE Run
[11/14/2012 - 04:10:42PM] PLAYER_TRIGGER_ENTER [ths1_TriggerEnterSCRIPT < (02074E52)>]
[11/14/2012 - 04:10:43PM] PLAYER_MOVE None
[11/14/2012 - 04:10:44PM] PLAYER_TRIGGER_LEAVE [ths1_TriggerEnterSCRIPT < (02074E52)>]
[11/14/2012 - 04:10:46PM] PLAYER_TRIGGER_ENTER [ths1_TriggerEnterSCRIPT < (02074E57)>]
[11/14/2012 - 04:10:47PM] PLAYER_TRIGGER_ENTER [ths1_TriggerEnterSCRIPT < (02074E53)>]
[11/14/2012 - 04:10:50PM] PLAYER_TRIGGER_LEAVE [ths1_TriggerEnterSCRIPT < (02074E57)>]
[11/14/2012 - 04:10:51PM] PLAYER_TRIGGER_LEAVE [ths1_TriggerEnterSCRIPT < (02074E53)>]
[11/14/2012 - 04:10:51PM] PLAYER_TRIGGER_ENTER [ths1_TriggerEnterSCRIPT < (02074E53)>]
[11/14/2012 - 04:10:52PM] PLAYER_TRIGGER_ENTER [ths1_TriggerEnterSCRIPT < (02074E57)>]
[11/14/2012 - 04:10:52PM] PLAYER_TRIGGER_LEAVE [ths1_TriggerEnterSCRIPT < (02074E53)>]
[11/14/2012 - 04:10:52PM] PLAYER_MOVE Run
[11/14/2012 - 04:10:52PM] PLAYER_TRIGGER_ENTER [ths1_TriggerEnterSCRIPT < (02074E53)>]
[11/14/2012 - 04:10:53PM] PLAYER_MOVE None
[11/14/2012 - 04:10:54PM] PLAYER_ITEM_OBTAIN [Form < (000139B3)>] [ObjectReference < (020711F6)>] "Daedric War Axe" COUNT 1 CONTAINER None
[11/14/2012 - 04:11:06PM] PLAYER_TRIGGER_LEAVE [ths1_TriggerEnterSCRIPT < (02074E57)>]
[11/14/2012 - 04:11:07PM] PLAYER_TRIGGER_LEAVE [ths1_TriggerEnterSCRIPT < (02074E53)>]
[11/14/2012 - 04:11:08PM] PLAYER_MOVE Run
[11/14/2012 - 04:11:09PM] PLAYER_TRIGGER_ENTER [ths1_TriggerEnterSCRIPT < (02074E52)>]
[11/14/2012 - 04:11:09PM] PLAYER_TRIGGER_LEAVE [ths1_TriggerEnterSCRIPT < (02074E52)>]
[11/14/2012 - 04:11:10PM] PLAYER_TRIGGER_ENTER [ths1_TriggerEnterSCRIPT < (02074E51)>]
[11/14/2012 - 04:11:11PM] PLAYER_MOVE None
[11/14/2012 - 04:11:12PM] PLAYER_TRIGGER_LEAVE [ths1_TriggerEnterSCRIPT < (02074E51)>]
[11/14/2012 - 04:11:12PM] PLAYER_WEAPON_RIGHT [WEAPON < (000139B3)>] "Daedric War Axe"
[11/14/2012 - 04:11:13PM] PLAYER_TRIGGER_ENTER [ths1_TriggerEnterSCRIPT < (02074E50)>]
[11/14/2012 - 04:11:13PM] PLAYER_TRIGGER_LEAVE [ths1_TriggerEnterSCRIPT < (02074E50)>]
[11/14/2012 - 04:11:15PM] PLAYER_WEAPON_WITHDRAWN
[11/14/2012 - 04:11:16PM] PLAYER_MOVE Run
[11/14/2012 - 04:11:17PM] PLAYER_MOVE None
[11/14/2012 - 04:11:21PM] PLAYER_MOVE Run
[11/14/2012 - 04:11:22PM] PLAYER_MOVE None
[11/14/2012 - 04:11:23PM] PLAYER_TRIGGER_ENTER [ths1_TriggerEnterSCRIPT < (02074E4F)>]
[11/14/2012 - 04:11:23PM] PLAYER_MOVE Run
[11/14/2012 - 04:11:26PM] PLAYER_TRIGGER_LEAVE [ths1_TriggerEnterSCRIPT < (02074E4F)>]
[11/14/2012 - 04:11:26PM] PLAYER_TRIGGER_ENTER [ths1_TriggerEnterSCRIPT < (0208C788)>]
[11/14/2012 - 04:11:27PM] PLAYER_CELL_CHANGE [Cell <Wilderness (02085D56)>] ""
[11/14/2012 - 04:11:27PM] PLAYER_WORLDSPACE_CHANGE [WorldSpace <ths1_Town (02085D17)>] "Town"
[11/14/2012 - 04:11:27PM] PLAYER_MOVE None
[11/14/2012 - 04:11:29PM] PLAYER_TRIGGER_LEAVE [ths1_TriggerEnterSCRIPT < (0208C788)>]
[11/14/2012 - 04:11:32PM] PLAYER_TRIGGER_ENTER [ths1_TriggerEnterSCRIPT < (0208C788)>]
[11/14/2012 - 04:11:32PM] PLAYER_TRIGGER_LEAVE [ths1_TriggerEnterSCRIPT < (0208C788)>]
[11/14/2012 - 04:11:32PM] PLAYER_MOVE Run
[11/14/2012 - 04:11:33PM] PLAYER_MOVE None
[11/14/2012 - 04:11:34PM] PLAYER_ITEM_OBTAIN [Ingredient < (00077E1C)>] [ObjectReference < (02085F98)>] "Blue Mountain Flower" COUNT 1 CONTAINER None
[11/14/2012 - 04:11:36PM] PLAYER_TRIGGER_ENTER [ths1_TriggerEnterSCRIPT < (0208CD5B)>]
[11/14/2012 - 04:11:36PM] PLAYER_MOVE Run
[11/14/2012 - 04:11:37PM] PLAYER_MOVE None
[11/14/2012 - 04:11:38PM] PLAYER_MOVE Run
[11/14/2012 - 04:11:39PM] PLAYER_MOVE None
[11/14/2012 - 04:11:40PM] PLAYER_MOVE Run
[11/14/2012 - 04:11:40PM] PLAYER_TRIGGER_LEAVE [ths1_TriggerEnterSCRIPT < (0208CD5B)>]
[11/14/2012 - 04:11:42PM] PLAYER_CELL_CHANGE [Cell <Wilderness (02085D34)>] ""
[11/14/2012 - 04:11:44PM] PLAYER_TRIGGER_ENTER [ths1_TriggerEnterSCRIPT < (0208CDAB)>]
[11/14/2012 - 04:11:46PM] PLAYER_MOVE None
[11/14/2012 - 04:11:54PM] PLAYER_DIALOGUE [TIF__020774A6 <topic info 020774A6 on quest ths1_MasterQuest (020319F7)>] NPC_SPEAKER [Actor < (0208BC45)>]
[11/14/2012 - 04:11:59PM] PLAYER_DIALOGUE [TIF__020774A8 <topic info 020774A8 on quest ths1_MasterQuest (020319F7)>] NPC_SPEAKER [Actor < (0208BC45)>]
[11/14/2012 - 04:12:09PM] PLAYER_DIALOGUE [TIF__0207FA87 <topic info 0207FA87 on quest ths1_MasterQuest (020319F7)>] NPC_SPEAKER [Actor < (0208BC45)>]
[11/14/2012 - 04:12:19PM] PLAYER_DIALOGUE [TIF__0207FA85 <topic info 0207FA85 on quest ths1_MasterQuest (020319F7)>] NPC_SPEAKER [Actor < (0208BC45)>]
[11/14/2012 - 04:12:23PM] PLAYER_DIALOGUE [TIF__0208EEAE <topic info 0208EEAE on quest ths1_MasterQuest (020319F7)>] NPC_SPEAKER [Actor < (0208BC45)>]
[11/14/2012 - 04:12:48PM] PLAYER_DIALOGUE [TIF__0208EEB0 <topic info 0208EEB0 on quest ths1_MasterQuest (020319F7)>] NPC_SPEAKER [Actor < (0208BC45)>]
[11/14/2012 - 04:12:52PM] PLAYER_TRIGGER_LEAVE [ths1_TriggerEnterSCRIPT < (0208CDAB)>]
[11/14/2012 - 04:12:52PM] PLAYER_MOVE Run
[11/14/2012 - 04:12:55PM] PLAYER_TRIGGER_ENTER [ths1_TriggerEnterSCRIPT < (0208CD5A)>]
[11/14/2012 - 04:12:55PM] PLAYER_ACTOR_VIEW_GAIN [ObjectReference < (02089359)>] "Seamus"
[11/14/2012 - 04:12:56PM] PLAYER_ACTOR_VIEW_LOSS [ObjectReference < (02089359)>] "Seamus"
[11/14/2012 - 04:12:57PM] PLAYER_TRIGGER_LEAVE [ths1_TriggerEnterSCRIPT < (0208CD5A)>]
[11/14/2012 - 04:12:58PM] PLAYER_TRIGGER_ENTER [ths1_TriggerEnterSCRIPT < (0208C7A7)>]
[11/14/2012 - 04:12:59PM] PLAYER_MOVE None
[11/14/2012 - 04:13:00PM] PLAYER_CELL_CHANGE [Cell <Wilderness (02085D4C)>] ""
[11/14/2012 - 04:13:05PM] PLAYER_ITEM_OBTAIN [Potion < (0003133B)>] None "Alto Wine" COUNT 1 CONTAINER [ObjectReference < (0208C1D2)>]
[11/14/2012 - 04:13:11PM] PLAYER_ITEM_OBTAIN [MiscObject < (0000000F)>] None "gold" COUNT 1000 CONTAINER [ObjectReference < (0208C1D2)>]
[11/14/2012 - 04:13:17PM] PLAYER_MOVE Run
[11/14/2012 - 04:13:18PM] PLAYER_MOVE None
[11/14/2012 - 04:13:40PM] PLAYER_MOVE Run
[11/14/2012 - 04:13:42PM] PLAYER_MOVE None
[11/14/2012 - 04:13:44PM] PLAYER_ACTOR_VIEW_GAIN [ObjectReference < (02089359)>] "Seamus"
[11/14/2012 - 04:13:44PM] PLAYER_MOVE Run
[11/14/2012 - 04:13:45PM] PLAYER_ACTOR_VIEW_LOSS [ObjectReference < (02089359)>] "Seamus"
[11/14/2012 - 04:13:46PM] PLAYER_TRIGGER_LEAVE [ths1_TriggerEnterSCRIPT < (0208C7A7)>]
[11/14/2012 - 04:13:53PM] PLAYER_MOVE None
[11/14/2012 - 04:13:54PM] PLAYER_TRIGGER_ENTER [ths1_TriggerEnterSCRIPT < (0208C7C0)>]
[11/14/2012 - 04:13:58PM] PLAYER_TRIGGER_ENTER [ths1_TriggerEnterSCRIPT < (020748BF)>]
[11/14/2012 - 04:13:58PM] PLAYER_TRIGGER_LEAVE [ths1_TriggerEnterSCRIPT < (0208C7C0)>]
[11/14/2012 - 04:13:59PM] PLAYER_CELL_CHANGE [Cell <ths1_MuseumInterior (02044D5A)>] "Bubbsey's Oddity Emporium"
[11/14/2012 - 04:14:01PM] PLAYER_TRIGGER_LEAVE [ths1_TriggerEnterSCRIPT < (020748BF)>]
[11/14/2012 - 04:14:01PM] PLAYER_TRIGGER_ENTER [ths1_TriggerEnterSCRIPT < (020748CB)>]
[11/14/2012 - 04:14:04PM] PLAYER_TRIGGER_LEAVE [ths1_TriggerEnterSCRIPT < (020748CB)>]
[11/14/2012 - 04:14:08PM] PLAYER_MOVE Run
[11/14/2012 - 04:14:09PM] PLAYER_MOVE None
[11/14/2012 - 04:14:09PM] PLAYER_DIALOGUE [TIF__01064239 <topic info 02064239 on quest ths1_CaptiveOrc (0201A9F8)>] NPC_SPEAKER [Actor < (02049751)>]
[11/14/2012 - 04:14:14PM] QUEST_STAGE_CHANGE [ths1_CaptiveOrcQuestSCRIPT <ths1_CaptiveOrc (0201A9F8)>] "The Museum Attraction" 3
[11/14/2012 - 04:14:15PM] PLAYER_DIALOGUE [TIF__0103F01B <topic info 0203F01B on quest ths1_CaptiveOrc (0201A9F8)>] NPC_SPEAKER [Actor < (02049751)>]
[11/14/2012 - 04:14:25PM] PLAYER_DIALOGUE [TIF__0106990B <topic info 0206990B on quest ths1_CaptiveOrc (0201A9F8)>] NPC_SPEAKER [Actor < (02049751)>]
[11/14/2012 - 04:14:32PM] PLAYER_DIALOGUE [TIF__0106683D <topic info 0206683D on quest ths1_CaptiveOrc (0201A9F8)>] NPC_SPEAKER [Actor < (02049751)>]
[11/14/2012 - 04:14:37PM] PLAYER_BOOK_READ [ths1_BookOfOrcsScript <alias OrcBook on quest ths1_CaptiveOrc (0201A9F8)>]
[11/14/2012 - 04:14:53PM] PLAYER_MOVE Run
[11/14/2012 - 04:14:54PM] PLAYER_MOVE None
[11/14/2012 - 04:14:55PM] PLAYER_MOVE Run
[11/14/2012 - 04:14:56PM] PLAYER_MOVE None
[11/14/2012 - 04:14:57PM] PLAYER_TRIGGER_ENTER [ths1_TriggerEnterSCRIPT < (020748D4)>]
[11/14/2012 - 04:14:59PM] PLAYER_TRIGGER_LEAVE [ths1_TriggerEnterSCRIPT < (020748D4)>]
[11/14/2012 - 04:15:00PM] PLAYER_WEAPON_WITHDRAWN
[11/14/2012 - 04:15:00PM] PLAYER_MOVE Run
[11/14/2012 - 04:15:02PM] PLAYER_MOVE None
[11/14/2012 - 04:15:06PM] QUEST_STAGE_CHANGE [ths1_CaptiveOrcQuestSCRIPT <ths1_CaptiveOrc (0201A9F8)>] "The Museum Attraction" 5
[11/14/2012 - 04:15:06PM] ACTOR_DOOR_OPEN [ObjectReference < (00000014)>] "Bruce" : [ths1_MuseumHiddenDoorSCRIPT <alias MuseumHiddenDoor on quest ths1_CaptiveOrc (0201A9F8)>] "MuseumHiddenDoor"
[11/14/2012 - 04:15:14PM] PLAYER_TRIGGER_ENTER [ths1_TriggerEnterSCRIPT < (020748D5)>]
[11/14/2012 - 04:15:14PM] PLAYER_MOVE Run
[11/14/2012 - 04:15:14PM] PLAYER_TRIGGER_LEAVE [ths1_TriggerEnterSCRIPT < (020748D5)>]
[11/14/2012 - 04:15:16PM] PLAYER_MOVE None
[11/14/2012 - 04:15:20PM] PLAYER_MOVE Run
[11/14/2012 - 04:15:20PM] PLAYER_TRIGGER_ENTER [ths1_NearOrcCageTrigScript <alias NearMuseumOrcCageTrigALIAS on quest ths1_CaptiveOrc (0201A9F8)>]
[11/14/2012 - 04:15:21PM] QUEST_STAGE_CHANGE [ths1_CaptiveOrcQuestSCRIPT <ths1_CaptiveOrc (0201A9F8)>] "The Museum Attraction" 10
[11/14/2012 - 04:15:21PM] PLAYER_MOVE None
[11/14/2012 - 04:15:33PM] PLAYER_DIALOGUE [TIF__0101A9FC <topic info 0201A9FC on quest ths1_CaptiveOrc (0201A9F8)>] NPC_SPEAKER [Actor < (020491E3)>]
[11/14/2012 - 04:15:39PM] PLAYER_DIALOGUE [TIF__0101AF69 <topic info 0201AF69 on quest ths1_CaptiveOrc (0201A9F8)>] NPC_SPEAKER [Actor < (020491E3)>]
[11/14/2012 - 04:15:48PM] PLAYER_DIALOGUE [TIF__010371A7 <topic info 020371A7 on quest ths1_CaptiveOrc (0201A9F8)>] NPC_SPEAKER [Actor < (020491E3)>]
[11/14/2012 - 04:15:53PM] PLAYER_MOVE Run
[11/14/2012 - 04:15:54PM] PLAYER_TRIGGER_ENTER [ths1_TriggerEnterSCRIPT < (020748D5)>]
[11/14/2012 - 04:15:55PM] PLAYER_TRIGGER_LEAVE [ths1_TriggerEnterSCRIPT < (020748D5)>]
[11/14/2012 - 04:15:56PM] PLAYER_TRIGGER_ENTER [ths1_TriggerEnterSCRIPT < (020748D4)>]
[11/14/2012 - 04:15:57PM] PLAYER_TRIGGER_LEAVE [ths1_TriggerEnterSCRIPT < (020748D4)>]
[11/14/2012 - 04:15:58PM] PLAYER_MOVE None
[11/14/2012 - 04:16:07PM] PLAYER_DIALOGUE [TIF__01052C39 <topic info 02052C39 on quest ths1_CaptiveOrc (0201A9F8)>] NPC_SPEAKER [Actor < (02049751)>]
[11/14/2012 - 04:16:11PM] PLAYER_DIALOGUE [TIF__01052C3B <topic info 02052C3B on quest ths1_CaptiveOrc (0201A9F8)>] NPC_SPEAKER [Actor < (02049751)>]
[11/14/2012 - 04:16:15PM] PLAYER_DIALOGUE [TIF__0207227D <topic info 0207227D on quest ths1_CaptiveOrc (0201A9F8)>] NPC_SPEAKER [Actor < (02049751)>]
[11/14/2012 - 04:16:27PM] PLAYER_DIALOGUE [TIF__02072280 <topic info 02072280 on quest ths1_CaptiveOrc (0201A9F8)>] NPC_SPEAKER [Actor < (02049751)>]
[11/14/2012 - 04:16:27PM] PLAYER_ITEM_OBTAIN [Key < (0203563F)>] None "Orc Cage Key" COUNT 1 CONTAINER [Actor < (02049751)>]
[11/14/2012 - 04:16:28PM] PLAYER_ITEM_REMOVED [MiscObject < (0000000F)>] None "gold" COUNT 1570 CONTAINER [Actor < (02049751)>]
[11/14/2012 - 04:16:35PM] PLAYER_MOVE Run
[11/14/2012 - 04:16:35PM] PLAYER_MOVE None
[11/14/2012 - 04:16:36PM] PLAYER_MOVE Run
[11/14/2012 - 04:16:37PM] PLAYER_TRIGGER_ENTER [ths1_TriggerEnterSCRIPT < (020748D4)>]
[11/14/2012 - 04:16:38PM] PLAYER_TRIGGER_LEAVE [ths1_TriggerEnterSCRIPT < (020748D4)>]
[11/14/2012 - 04:16:38PM] PLAYER_TRIGGER_ENTER [ths1_TriggerEnterSCRIPT < (020748D5)>]
[11/14/2012 - 04:16:39PM] PLAYER_TRIGGER_LEAVE [ths1_TriggerEnterSCRIPT < (020748D5)>]
[11/14/2012 - 04:16:41PM] PLAYER_TRIGGER_ENTER [ths1_NearOrcCageTrigScript <alias NearMuseumOrcCageTrigALIAS on quest ths1_CaptiveOrc (0201A9F8)>]
[11/14/2012 - 04:16:43PM] PLAYER_MOVE None
[11/14/2012 - 04:16:46PM] QUEST_STAGE_CHANGE [ths1_CaptiveOrcQuestSCRIPT <ths1_CaptiveOrc (0201A9F8)>] "The Museum Attraction" 30
[11/14/2012 - 04:16:46PM] QUEST_COMPLETED [ths1_CaptiveOrcQuestSCRIPT <ths1_CaptiveOrc (0201A9F8)>] "The Museum Attraction"
[11/14/2012 - 04:16:51PM] PLAYER_MOVE Run
[11/14/2012 - 04:16:53PM] PLAYER_TRIGGER_ENTER [ths1_TriggerEnterSCRIPT < (020748D5)>]
[11/14/2012 - 04:16:54PM] PLAYER_TRIGGER_LEAVE [ths1_TriggerEnterSCRIPT < (020748D5)>]
[11/14/2012 - 04:16:55PM] PLAYER_TRIGGER_ENTER [ths1_TriggerEnterSCRIPT < (020748D4)>]
[11/14/2012 - 04:16:56PM] PLAYER_TRIGGER_LEAVE [ths1_TriggerEnterSCRIPT < (020748D4)>]
[11/14/2012 - 04:16:58PM] PLAYER_MOVE Sprint
[11/14/2012 - 04:16:58PM] PLAYER_TRIGGER_ENTER [ths1_TriggerEnterSCRIPT < (020748C8)>]
[11/14/2012 - 04:16:58PM] PLAYER_TRIGGER_ENTER [ths1_TriggerEnterSCRIPT < (020748BF)>]
[11/14/2012 - 04:16:59PM] PLAYER_MOVE None
[11/14/2012 - 04:16:59PM] PLAYER_TRIGGER_LEAVE [ths1_TriggerEnterSCRIPT < (020748C8)>]
[11/14/2012 - 04:17:02PM] PLAYER_TRIGGER_ENTER [ths1_TriggerEnterSCRIPT < (0208C7C0)>]
[11/14/2012 - 04:17:02PM] PLAYER_TRIGGER_LEAVE [ths1_TriggerEnterSCRIPT < (020748BF)>]
[11/14/2012 - 04:17:02PM] PLAYER_CELL_CHANGE [Cell <Wilderness (02085D4C)>] ""
[11/14/2012 - 04:17:02PM] PLAYER_WORLDSPACE_CHANGE [WorldSpace <ths1_Town (02085D17)>] "Town"
[11/14/2012 - 04:17:04PM] PLAYER_MOVE Run
[11/14/2012 - 04:17:05PM] PLAYER_TRIGGER_LEAVE [ths1_TriggerEnterSCRIPT < (0208C7C0)>]
[11/14/2012 - 04:17:08PM] PLAYER_TRIGGER_ENTER [ths1_TriggerEnterSCRIPT < (0208C7B0)>]
[11/14/2012 - 04:17:11PM] PLAYER_MOVE None
[11/14/2012 - 04:17:12PM] PLAYER_MOVE Run
[11/14/2012 - 04:17:13PM] PLAYER_MOVE None
[11/14/2012 - 04:17:13PM] PLAYER_ITEM_OBTAIN [Ingredient < (00077E1C)>] None "Blue Mountain Flower" COUNT 1 CONTAINER None
[11/14/2012 - 04:17:14PM] PLAYER_MOVE Run
[11/14/2012 - 04:17:15PM] PLAYER_TRIGGER_LEAVE [ths1_TriggerEnterSCRIPT < (0208C7B0)>]
[11/14/2012 - 04:17:17PM] PLAYER_ACTOR_VIEW_GAIN [ObjectReference < (02089359)>] "Seamus"
[11/14/2012 - 04:17:20PM] PLAYER_WEAPON_WITHDRAWN
[11/14/2012 - 04:17:20PM] PLAYER_ACTOR_VIEW_LOSS [ObjectReference < (02089359)>] "Seamus"
[11/14/2012 - 04:17:22PM] PLAYER_TRIGGER_ENTER [ths1_TriggerEnterSCRIPT < (0208C7AA)>]
[11/14/2012 - 04:17:23PM] PLAYER_TRIGGER_LEAVE [ths1_TriggerEnterSCRIPT < (0208C7AA)>]
[11/14/2012 - 04:17:24PM] PLAYER_ACTOR_VIEW_GAIN [ObjectReference < (02089359)>] "Seamus"
[11/14/2012 - 04:17:25PM] PLAYER_ACTOR_VIEW_LOSS [ObjectReference < (02089359)>] "Seamus"
[11/14/2012 - 04:17:26PM] PLAYER_MOVE None
[11/14/2012 - 04:17:27PM] PLAYER_CELL_CHANGE [Cell <Wilderness (02085D42)>] ""
[11/14/2012 - 04:17:27PM] PLAYER_MOVE Run
[11/14/2012 - 04:17:28PM] PLAYER_MOVE None
[11/14/2012 - 04:17:30PM] PLAYER_MOVE Sprint
[11/14/2012 - 04:17:30PM] PLAYER_ACTOR_VIEW_GAIN [ObjectReference < (02089359)>] "Seamus"
[11/14/2012 - 04:17:34PM] PLAYER_CELL_CHANGE [Cell <Wilderness (02085D44)>] ""
[11/14/2012 - 04:17:34PM] PLAYER_ACTOR_VIEW_LOSS [ObjectReference < (02089359)>] "Seamus"
[11/14/2012 - 04:17:34PM] PLAYER_DISTANCE_ACTOR [ObjectReference < (02089359)>] "Seamus" 797.112061
[11/14/2012 - 04:17:35PM] PLAYER_DISTANCE_ACTOR [ObjectReference < (02089359)>] "Seamus" 802.724792
[11/14/2012 - 04:17:36PM] PLAYER_MOVE Run
[11/14/2012 - 04:17:36PM] PLAYER_DISTANCE_ACTOR [ObjectReference < (02089359)>] "Seamus" 820.372131
[11/14/2012 - 04:17:37PM] PLAYER_DISTANCE_ACTOR [ObjectReference < (02089359)>] "Seamus" 744.616211
[11/14/2012 - 04:17:38PM] PLAYER_DISTANCE_ACTOR [ObjectReference < (02089359)>] "Seamus" 823.683105
[11/14/2012 - 04:17:39PM] PLAYER_MOVE Sprint
[11/14/2012 - 04:17:39PM] PLAYER_DISTANCE_ACTOR [ObjectReference < (02089359)>] "Seamus" 1110.962646
[11/14/2012 - 04:17:40PM] PLAYER_DISTANCE_ACTOR [ObjectReference < (02089359)>] "Seamus" 1525.887573
[11/14/2012 - 04:17:41PM] PLAYER_DISTANCE_ACTOR [ObjectReference < (02089359)>] "Seamus" 2001.902466
[11/14/2012 - 04:17:42PM] PLAYER_MOVE None
[11/14/2012 - 04:17:42PM] PLAYER_DISTANCE_ACTOR [ObjectReference < (02089359)>] "Seamus" 2128.572998
[11/14/2012 - 04:17:43PM] PLAYER_DISTANCE_ACTOR [ObjectReference < (02089359)>] "Seamus" 2095.188232
[11/14/2012 - 04:17:44PM] PLAYER_MOVE Run
[11/14/2012 - 04:17:44PM] PLAYER_DISTANCE_ACTOR [ObjectReference < (02089359)>] "Seamus" 1882.504150
[11/14/2012 - 04:17:45PM] PLAYER_DISTANCE_ACTOR [ObjectReference < (02089359)>] "Seamus" 1659.974731
[11/14/2012 - 04:17:46PM] PLAYER_DISTANCE_ACTOR [ObjectReference < (02089359)>] "Seamus" 1505.563232
[11/14/2012 - 04:17:47PM] PLAYER_DISTANCE_ACTOR [ObjectReference < (02089359)>] "Seamus" 1441.988892
[11/14/2012 - 04:17:47PM] PLAYER_TRIGGER_ENTER [ths1_TriggerEnterSCRIPT < (0208CD6A)>]
[11/14/2012 - 04:17:48PM] PLAYER_MOVE None
[11/14/2012 - 04:17:48PM] PLAYER_DISTANCE_ACTOR [ObjectReference < (02089359)>] "Seamus" 1449.424194
[11/14/2012 - 04:17:48PM] PLAYER_TRIGGER_LEAVE [ths1_TriggerEnterSCRIPT < (0208CD6A)>]
[11/14/2012 - 04:17:49PM] PLAYER_MOVE Run
[11/14/2012 - 04:17:49PM] PLAYER_DISTANCE_ACTOR [ObjectReference < (02089359)>] "Seamus" 1457.872925
[11/14/2012 - 04:17:50PM] PLAYER_DISTANCE_ACTOR [ObjectReference < (02089359)>] "Seamus" 1432.810059
[11/14/2012 - 04:17:51PM] PLAYER_DISTANCE_ACTOR [ObjectReference < (02089359)>] "Seamus" 1779.419800
[11/14/2012 - 04:17:52PM] PLAYER_TRIGGER_ENTER [ths1_TriggerEnterSCRIPT < (0208CD80)>]
[11/14/2012 - 04:17:52PM] PLAYER_DISTANCE_ACTOR [ObjectReference < (02089359)>] "Seamus" 2105.468506
[11/14/2012 - 04:17:53PM] PLAYER_MOVE Sprint
[11/14/2012 - 04:17:53PM] PLAYER_DISTANCE_ACTOR [ObjectReference < (02089359)>] "Seamus" 2559.898438
[11/14/2012 - 04:17:54PM] PLAYER_DISTANCE_ACTOR [ObjectReference < (02089359)>] "Seamus" 3035.934326
[11/14/2012 - 04:17:56PM] PLAYER_CELL_CHANGE [Cell <Wilderness (02085D46)>] ""
[11/14/2012 - 04:17:59PM] PLAYER_MOVE Run
[11/14/2012 - 04:18:07PM] PLAYER_CELL_CHANGE [Cell <Wilderness (02085D48)>] ""
[11/14/2012 - 04:18:07PM] PLAYER_TRIGGER_LEAVE [ths1_TriggerEnterSCRIPT < (0208CD80)>]
[11/14/2012 - 04:18:08PM] PLAYER_TRIGGER_ENTER [ths1_TriggerEnterSCRIPT < (0208CD81)>]
[11/14/2012 - 04:18:15PM] PLAYER_CELL_CHANGE [Cell <Wilderness (02085D50)>] ""
[11/14/2012 - 04:18:15PM] PLAYER_MOVE None
[11/14/2012 - 04:18:16PM] PLAYER_MOVE Run
[11/14/2012 - 04:18:18PM] PLAYER_TRIGGER_LEAVE [ths1_TriggerEnterSCRIPT < (0208CD81)>]
[11/14/2012 - 04:18:18PM] PLAYER_TRIGGER_ENTER [ths1_TriggerEnterSCRIPT < (0208CD96)>]
[11/14/2012 - 04:18:24PM] PLAYER_MOVE None
[11/14/2012 - 04:18:32PM] PLAYER_MOVE Run
[11/14/2012 - 04:18:37PM] PLAYER_CELL_CHANGE [Cell <ths1_Cave3 (0202C9A7)>] "Cave"
[11/14/2012 - 04:18:37PM] PLAYER_TRIGGER_LEAVE [ths1_TriggerEnterSCRIPT < (0208CD96)>]
[11/14/2012 - 04:18:37PM] PLAYER_MOVE None
[11/14/2012 - 04:18:37PM] PLAYER_DISTANCE_ACTOR [ObjectReference < (0202DCC8)>] "Scruff" 5831.424805
[11/14/2012 - 04:18:37PM] PLAYER_DISTANCE_ACTOR [ObjectReference < (02039836)>] "Kitty" 4197.041504
[11/14/2012 - 04:18:38PM] PLAYER_DISTANCE_ACTOR [ObjectReference < (0202DCC8)>] "Scruff" 5831.381348
[11/14/2012 - 04:18:38PM] PLAYER_DISTANCE_ACTOR [ObjectReference < (02039836)>] "Kitty" 4197.004395
[11/14/2012 - 04:18:39PM] PLAYER_MOVE Run
[11/14/2012 - 04:18:39PM] PLAYER_TRIGGER_ENTER [ths1_TriggerEnterSCRIPT < (02074E41)>]
[11/14/2012 - 04:18:39PM] PLAYER_DISTANCE_ACTOR [ObjectReference < (0202DCC8)>] "Scruff" 5620.405762
[11/14/2012 - 04:18:39PM] PLAYER_DISTANCE_ACTOR [ObjectReference < (02039836)>] "Kitty" 3921.910645
[11/14/2012 - 04:18:40PM] PLAYER_TRIGGER_LEAVE [ths1_TriggerEnterSCRIPT < (02074E41)>]
[11/14/2012 - 04:18:40PM] PLAYER_TRIGGER_ENTER [ths1_SeamusCaveForceGreetSCRIPT <alias SeamusCaveForceGreetTrigALIAS on quest ths1_MissingDog (02009344)>] "SeamusCaveForceGreetTrigALIAS"
[11/14/2012 - 04:18:40PM] PLAYER_DISTANCE_ACTOR [ObjectReference < (0202DCC8)>] "Scruff" 5432.745605
[11/14/2012 - 04:18:40PM] PLAYER_DISTANCE_ACTOR [ObjectReference < (02039836)>] "Kitty" 3602.137207
[11/14/2012 - 04:18:41PM] PLAYER_TRIGGER_LEAVE [ths1_SeamusCaveForceGreetSCRIPT <alias SeamusCaveForceGreetTrigALIAS on quest ths1_MissingDog (02009344)>] "SeamusCaveForceGreetTrigALIAS"
[11/14/2012 - 04:18:41PM] PLAYER_DISTANCE_ACTOR [ObjectReference < (0202DCC8)>] "Scruff" 5328.329590
[11/14/2012 - 04:18:41PM] PLAYER_DISTANCE_ACTOR [ObjectReference < (02039836)>] "Kitty" 3475.833008
[11/14/2012 - 04:18:42PM] PLAYER_DISTANCE_ACTOR [ObjectReference < (0202DCC8)>] "Scruff" 5181.713867
[11/14/2012 - 04:18:42PM] PLAYER_DISTANCE_ACTOR [ObjectReference < (02039836)>] "Kitty" 3265.954346
[11/14/2012 - 04:18:43PM] PLAYER_DISTANCE_ACTOR [ObjectReference < (0202DCC8)>] "Scruff" 4947.614746
[11/14/2012 - 04:18:43PM] PLAYER_DISTANCE_ACTOR [ObjectReference < (02039836)>] "Kitty" 2990.304199
[11/14/2012 - 04:18:44PM] PLAYER_MOVE None
[11/14/2012 - 04:18:44PM] PLAYER_DISTANCE_ACTOR [ObjectReference < (0202DCC8)>] "Scruff" 4712.473633
[11/14/2012 - 04:18:45PM] PLAYER_DISTANCE_ACTOR [ObjectReference < (02039836)>] "Kitty" 3095.127197
[11/14/2012 - 04:18:45PM] PLAYER_MOVE Run
[11/14/2012 - 04:18:45PM] PLAYER_DISTANCE_ACTOR [ObjectReference < (0202DCC8)>] "Scruff" 4450.415039
[11/14/2012 - 04:18:46PM] PLAYER_DISTANCE_ACTOR [ObjectReference < (02039836)>] "Kitty" 3221.522217
[11/14/2012 - 04:18:47PM] PLAYER_DISTANCE_ACTOR [ObjectReference < (0202DCC8)>] "Scruff" 4207.453125
[11/14/2012 - 04:18:47PM] PLAYER_DISTANCE_ACTOR [ObjectReference < (02039836)>] "Kitty" 3313.316406
[11/14/2012 - 04:18:47PM] PLAYER_MOVE None
[11/14/2012 - 04:18:47PM] PLAYER_DISTANCE_ACTOR [ObjectReference < (0202DCC8)>] "Scruff" 4144.303711
[11/14/2012 - 04:18:48PM] PLAYER_DISTANCE_ACTOR [ObjectReference < (02039836)>] "Kitty" 3323.322021
[11/14/2012 - 04:18:48PM] PLAYER_FIGHT None ""
[11/14/2012 - 04:18:48PM] PLAYER_TRIGGER_ENTER [ths1_TriggerEnterSCRIPT < (02074E42)>]
[11/14/2012 - 04:18:49PM] PLAYER_DISTANCE_ACTOR [ObjectReference < (0202DCC8)>] "Scruff" 4026.772705
[11/14/2012 - 04:18:49PM] PLAYER_DISTANCE_ACTOR [ObjectReference < (02039836)>] "Kitty" 3176.370850
[11/14/2012 - 04:18:49PM] PLAYER_FIGHT None ""
[11/14/2012 - 04:18:49PM] PLAYER_MOVE Run
[11/14/2012 - 04:18:50PM] PLAYER_DISTANCE_ACTOR [ObjectReference < (0202DCC8)>] "Scruff" 3980.815430
[11/14/2012 - 04:18:50PM] PLAYER_DISTANCE_ACTOR [ObjectReference < (02039836)>] "Kitty" 3221.838867
[11/14/2012 - 04:18:50PM] PLAYER_FIGHT None ""
[11/14/2012 - 04:18:50PM] PLAYER_MOVE None
[11/14/2012 - 04:18:51PM] PLAYER_TRIGGER_LEAVE [ths1_TriggerEnterSCRIPT < (02074E42)>]
[11/14/2012 - 04:18:51PM] PLAYER_DISTANCE_ACTOR [ObjectReference < (0202DCC8)>] "Scruff" 4122.788574
[11/14/2012 - 04:18:51PM] PLAYER_DISTANCE_ACTOR [ObjectReference < (02039836)>] "Kitty" 3310.839844
[11/14/2012 - 04:18:51PM] PLAYER_FIGHT None ""
[11/14/2012 - 04:18:52PM] PLAYER_DISTANCE_ACTOR [ObjectReference < (0202DCC8)>] "Scruff" 4289.179199
[11/14/2012 - 04:18:52PM] PLAYER_DISTANCE_ACTOR [ObjectReference < (02039836)>] "Kitty" 3304.531982
[11/14/2012 - 04:18:52PM] PLAYER_FIGHT None ""
[11/14/2012 - 04:18:52PM] PLAYER_MOVE Run
[11/14/2012 - 04:18:53PM] PLAYER_DISTANCE_ACTOR [ObjectReference < (0202DCC8)>] "Scruff" 4132.338379
[11/14/2012 - 04:18:53PM] PLAYER_DISTANCE_ACTOR [ObjectReference < (02039836)>] "Kitty" 3271.913086
[11/14/2012 - 04:18:53PM] PLAYER_FIGHT None ""
[11/14/2012 - 04:18:54PM] PLAYER_TRIGGER_ENTER [ths1_TriggerEnterSCRIPT < (02074E42)>]
[11/14/2012 - 04:18:54PM] PLAYER_DISTANCE_ACTOR [ObjectReference < (0202DCC8)>] "Scruff" 4010.163818
[11/14/2012 - 04:18:54PM] PLAYER_DISTANCE_ACTOR [ObjectReference < (02039836)>] "Kitty" 3233.436523
[11/14/2012 - 04:18:54PM] PLAYER_FIGHT None ""
[11/14/2012 - 04:18:55PM] PLAYER_MOVE None
[11/14/2012 - 04:18:55PM] PLAYER_FIGHT None ""
[11/14/2012 - 04:18:56PM] PLAYER_DISTANCE_ACTOR [ObjectReference < (0202DCC8)>] "Scruff" 4010.208984
[11/14/2012 - 04:18:56PM] PLAYER_DISTANCE_ACTOR [ObjectReference < (02039836)>] "Kitty" 3233.477783
[11/14/2012 - 04:18:56PM] PLAYER_FIGHT None ""
[11/14/2012 - 04:18:57PM] PLAYER_DISTANCE_ACTOR [ObjectReference < (0202DCC8)>] "Scruff" 4010.218018
[11/14/2012 - 04:18:57PM] PLAYER_DISTANCE_ACTOR [ObjectReference < (02039836)>] "Kitty" 3233.485596
[11/14/2012 - 04:18:57PM] PLAYER_DISTANCE_ACTOR [ObjectReference < (0202DCC8)>] "Scruff" 4010.218994
[11/14/2012 - 04:18:57PM] PLAYER_DISTANCE_ACTOR [ObjectReference < (02039836)>] "Kitty" 3233.486572
[11/14/2012 - 04:18:57PM] PLAYER_FIGHT None ""
[11/14/2012 - 04:18:58PM] PLAYER_MOVE Run
[11/14/2012 - 04:18:58PM] PLAYER_FIGHT None ""
[11/14/2012 - 04:18:58PM] PLAYER_MOVE None
[11/14/2012 - 04:18:59PM] PLAYER_DISTANCE_ACTOR [ObjectReference < (0202DCC8)>] "Scruff" 3970.148926
[11/14/2012 - 04:18:59PM] PLAYER_DISTANCE_ACTOR [ObjectReference < (02039836)>] "Kitty" 3207.170410
[11/14/2012 - 04:18:59PM] PLAYER_FIGHT None ""
[11/14/2012 - 04:19:00PM] PLAYER_DISTANCE_ACTOR [ObjectReference < (0202DCC8)>] "Scruff" 3970.157227
[11/14/2012 - 04:19:00PM] PLAYER_DISTANCE_ACTOR [ObjectReference < (02039836)>] "Kitty" 3207.173584
[11/14/2012 - 04:19:00PM] PLAYER_FIGHT None ""
[11/14/2012 - 04:19:01PM] PLAYER_DISTANCE_ACTOR [ObjectReference < (0202DCC8)>] "Scruff" 4067.098145
[11/14/2012 - 04:19:01PM] PLAYER_DISTANCE_ACTOR [ObjectReference < (02039836)>] "Kitty" 3234.003662
[11/14/2012 - 04:19:01PM] PLAYER_DISTANCE_ACTOR [ObjectReference < (0202DCC8)>] "Scruff" 4100.289063
[11/14/2012 - 04:19:01PM] PLAYER_TRIGGER_LEAVE [ths1_TriggerEnterSCRIPT < (02074E42)>]
[11/14/2012 - 04:19:01PM] PLAYER_DISTANCE_ACTOR [ObjectReference < (02039836)>] "Kitty" 3290.021240
[11/14/2012 - 04:19:01PM] PLAYER_FIGHT None ""
[11/14/2012 - 04:19:02PM] PLAYER_MOVE Run
[11/14/2012 - 04:19:02PM] PLAYER_DISTANCE_ACTOR [ObjectReference < (0202DCC8)>] "Scruff" 4231.208496
[11/14/2012 - 04:19:02PM] PLAYER_DISTANCE_ACTOR [ObjectReference < (02039836)>] "Kitty" 3357.867920
[11/14/2012 - 04:19:03PM] PLAYER_FIGHT None ""
[11/14/2012 - 04:19:03PM] PLAYER_DISTANCE_ACTOR [ObjectReference < (0202DCC8)>] "Scruff" 4313.078613
[11/14/2012 - 04:19:03PM] PLAYER_DISTANCE_ACTOR [ObjectReference < (02039836)>] "Kitty" 3245.153809
[11/14/2012 - 04:19:03PM] PLAYER_FIGHT None ""
[11/14/2012 - 04:19:04PM] PLAYER_DISTANCE_ACTOR [ObjectReference < (0202DCC8)>] "Scruff" 4514.807617
[11/14/2012 - 04:19:04PM] PLAYER_DISTANCE_ACTOR [ObjectReference < (02039836)>] "Kitty" 3157.254883
[11/14/2012 - 04:19:04PM] PLAYER_FIGHT None ""
[11/14/2012 - 04:19:04PM] PLAYER_MOVE Sprint
[11/14/2012 - 04:19:05PM] PLAYER_DISTANCE_ACTOR [ObjectReference < (0202DCC8)>] "Scruff" 4783.975098
[11/14/2012 - 04:19:05PM] PLAYER_DISTANCE_ACTOR [ObjectReference < (02039836)>] "Kitty" 3019.888428
[11/14/2012 - 04:19:05PM] PLAYER_FIGHT None ""
[11/14/2012 - 04:19:05PM] PLAYER_DISTANCE_ACTOR [ObjectReference < (0202DCC8)>] "Scruff" 5103.829102
[11/14/2012 - 04:19:05PM] PLAYER_DISTANCE_ACTOR [ObjectReference < (02039836)>] "Kitty" 3092.572266
[11/14/2012 - 04:19:06PM] PLAYER_FIGHT None ""
[11/14/2012 - 04:19:06PM] PLAYER_MOVE Run
[11/14/2012 - 04:19:06PM] PLAYER_DISTANCE_ACTOR [ObjectReference < (0202DCC8)>] "Scruff" 5261.388184
[11/14/2012 - 04:19:07PM] PLAYER_DISTANCE_ACTOR [ObjectReference < (02039836)>] "Kitty" 3396.976563
[11/14/2012 - 04:19:07PM] PLAYER_FIGHT None ""
[11/14/2012 - 04:19:07PM] PLAYER_TRIGGER_ENTER [ths1_SeamusCaveForceGreetSCRIPT <alias SeamusCaveForceGreetTrigALIAS on quest ths1_MissingDog (02009344)>] "SeamusCaveForceGreetTrigALIAS"
[11/14/2012 - 04:19:07PM] PLAYER_MOVE Sprint
[11/14/2012 - 04:19:07PM] PLAYER_DISTANCE_ACTOR [ObjectReference < (0202DCC8)>] "Scruff" 5550.505859
[11/14/2012 - 04:19:07PM] PLAYER_DISTANCE_ACTOR [ObjectReference < (02039836)>] "Kitty" 3834.495850
[11/14/2012 - 04:19:07PM] PLAYER_TRIGGER_LEAVE [ths1_SeamusCaveForceGreetSCRIPT <alias SeamusCaveForceGreetTrigALIAS on quest ths1_MissingDog (02009344)>] "SeamusCaveForceGreetTrigALIAS"
[11/14/2012 - 04:19:07PM] PLAYER_TRIGGER_ENTER [ths1_TriggerEnterSCRIPT < (02074E41)>]
[11/14/2012 - 04:19:08PM] PLAYER_FIGHT None ""
[11/14/2012 - 04:19:08PM] PLAYER_TRIGGER_LEAVE [ths1_TriggerEnterSCRIPT < (02074E41)>]
[11/14/2012 - 04:19:08PM] PLAYER_DISTANCE_ACTOR [ObjectReference < (0202DCC8)>] "Scruff" 5892.859863
[11/14/2012 - 04:19:08PM] PLAYER_DISTANCE_ACTOR [ObjectReference < (02039836)>] "Kitty" 4309.641113
[11/14/2012 - 04:19:09PM] PLAYER_FIGHT None ""
[11/14/2012 - 04:19:10PM] PLAYER_CELL_CHANGE [Cell <Wilderness (02085D50)>] ""
[11/14/2012 - 04:19:10PM] PLAYER_WORLDSPACE_CHANGE [WorldSpace <ths1_Town (02085D17)>] "Town"
[11/14/2012 - 04:19:11PM] PLAYER_MOVE None
[11/14/2012 - 04:19:11PM] PLAYER_TRIGGER_ENTER [ths1_TriggerEnterSCRIPT < (0208CD96)>]
[11/14/2012 - 04:19:12PM] PLAYER_MOVE Run
[11/14/2012 - 04:19:13PM] PLAYER_MOVE None
[11/14/2012 - 04:19:16PM] PLAYER_MOVE Run
[11/14/2012 - 04:19:17PM] PLAYER_MOVE Sprint
[11/14/2012 - 04:19:19PM] PLAYER_TRIGGER_LEAVE [ths1_TriggerEnterSCRIPT < (0208CD96)>]
[11/14/2012 - 04:19:19PM] PLAYER_TRIGGER_ENTER [ths1_TriggerEnterSCRIPT < (0208CD81)>]
[11/14/2012 - 04:19:21PM] PLAYER_CELL_CHANGE [Cell <Wilderness (02085D48)>] ""
[11/14/2012 - 04:19:22PM] PLAYER_MOVE Run
[11/14/2012 - 04:19:23PM] PLAYER_MOVE None
[11/14/2012 - 04:19:25PM] PLAYER_MOVE Run
[11/14/2012 - 04:19:26PM] PLAYER_TRIGGER_ENTER [ths1_TriggerEnterSCRIPT < (0208CD80)>]
[11/14/2012 - 04:19:27PM] PLAYER_TRIGGER_LEAVE [ths1_TriggerEnterSCRIPT < (0208CD81)>]
[11/14/2012 - 04:19:27PM] PLAYER_CELL_CHANGE [Cell <Wilderness (02085D46)>] ""
[11/14/2012 - 04:19:28PM] PLAYER_MOVE Sprint
[11/14/2012 - 04:19:28PM] PLAYER_ACTOR_VIEW_GAIN [ObjectReference < (0202DCC8)>] "Scruff"
[11/14/2012 - 04:19:31PM] PLAYER_ACTOR_VIEW_LOSS [ObjectReference < (0202DCC8)>] "Scruff"
[11/14/2012 - 04:19:36PM] PLAYER_DISTANCE_ACTOR [ObjectReference < (02089359)>] "Seamus" 3311.520020
[11/14/2012 - 04:19:36PM] PLAYER_CELL_CHANGE [Cell <Wilderness (02085D44)>] ""
[11/14/2012 - 04:19:37PM] PLAYER_DISTANCE_ACTOR [ObjectReference < (02089359)>] "Seamus" 2798.824219
[11/14/2012 - 04:19:38PM] PLAYER_DISTANCE_ACTOR [ObjectReference < (02089359)>] "Seamus" 2367.781006
[11/14/2012 - 04:19:38PM] PLAYER_TRIGGER_LEAVE [ths1_TriggerEnterSCRIPT < (0208CD80)>]
[11/14/2012 - 04:19:39PM] PLAYER_ACTOR_VIEW_GAIN [ObjectReference < (02089359)>] "Seamus"
[11/14/2012 - 04:19:39PM] PLAYER_DISTANCE_ACTOR [ObjectReference < (02089359)>] "Seamus" 1861.703491
[11/14/2012 - 04:19:40PM] PLAYER_MOVE None
[11/14/2012 - 04:19:40PM] PLAYER_DISTANCE_ACTOR [ObjectReference < (02089359)>] "Seamus" 1731.231323
[11/14/2012 - 04:19:41PM] PLAYER_MOVE Run
[11/14/2012 - 04:19:41PM] PLAYER_DISTANCE_ACTOR [ObjectReference < (02089359)>] "Seamus" 1425.647949
[11/14/2012 - 04:19:42PM] PLAYER_MOVE None
[11/14/2012 - 04:19:42PM] PLAYER_ACTOR_VIEW_LOSS [ObjectReference < (02089359)>] "Seamus"
[11/14/2012 - 04:19:42PM] PLAYER_DISTANCE_ACTOR [ObjectReference < (02089359)>] "Seamus" 1179.564819
[11/14/2012 - 04:19:43PM] PLAYER_MOVE Run
[11/14/2012 - 04:19:43PM] PLAYER_DISTANCE_ACTOR [ObjectReference < (02089359)>] "Seamus" 1154.742798
[11/14/2012 - 04:19:44PM] PLAYER_MOVE Sprint
[11/14/2012 - 04:19:44PM] PLAYER_DISTANCE_ACTOR [ObjectReference < (02089359)>] "Seamus" 1343.282227
[11/14/2012 - 04:19:44PM] PLAYER_CELL_CHANGE [Cell <Wilderness (02085D34)>] ""
[11/14/2012 - 04:19:45PM] PLAYER_TRIGGER_ENTER [ths1_TriggerEnterSCRIPT < (0208C7A9)>]
[11/14/2012 - 04:19:47PM] PLAYER_CELL_CHANGE [Cell <Wilderness (02085D4C)>] ""
[11/14/2012 - 04:19:47PM] PLAYER_TRIGGER_LEAVE [ths1_TriggerEnterSCRIPT < (0208C7A9)>]
[11/14/2012 - 04:19:49PM] PLAYER_TRIGGER_ENTER [ths1_TriggerEnterSCRIPT < (0208C7A8)>]
[11/14/2012 - 04:19:50PM] PLAYER_TRIGGER_LEAVE [ths1_TriggerEnterSCRIPT < (0208C7A8)>]
[11/14/2012 - 04:19:51PM] PLAYER_MOVE Run
[11/14/2012 - 04:19:53PM] PLAYER_MOVE Sprint
[11/14/2012 - 04:19:55PM] PLAYER_TRIGGER_ENTER [ths1_TriggerEnterSCRIPT < (0208CDAD)>]
[11/14/2012 - 04:19:56PM] PLAYER_TRIGGER_LEAVE [ths1_TriggerEnterSCRIPT < (0208CDAD)>]
[11/14/2012 - 04:19:56PM] PLAYER_TRIGGER_ENTER [ths1_TriggerEnterSCRIPT < (0208C7B0)>]
[11/14/2012 - 04:19:57PM] PLAYER_MOVE Run
[11/14/2012 - 04:19:57PM] PLAYER_CELL_CHANGE [Cell <Wilderness (02085D4A)>] ""
[11/14/2012 - 04:20:01PM] PLAYER_MOVE Sprint
[11/14/2012 - 04:20:02PM] PLAYER_CELL_CHANGE [Cell <Wilderness (02085D52)>] ""
[11/14/2012 - 04:20:02PM] PLAYER_MOVE Run
[11/14/2012 - 04:20:02PM] PLAYER_TRIGGER_ENTER [ths1_TriggerEnterSCRIPT < (0208C7BF)>]
[11/14/2012 - 04:20:05PM] PLAYER_MOVE None
[11/14/2012 - 04:20:07PM] PLAYER_MOVE Run
[11/14/2012 - 04:20:09PM] PLAYER_TRIGGER_ENTER [ths1_TriggerEnterSCRIPT < (02074E40)>]
[11/14/2012 - 04:20:09PM] PLAYER_TRIGGER_LEAVE [ths1_TriggerEnterSCRIPT < (0208C7BF)>]
[11/14/2012 - 04:20:09PM] PLAYER_TRIGGER_LEAVE [ths1_TriggerEnterSCRIPT < (0208C7B0)>]
[11/14/2012 - 04:20:09PM] PLAYER_CELL_CHANGE [Cell <ths1_Cave3 (0202C9A7)>] "Cave"
[11/14/2012 - 04:20:09PM] PLAYER_MOVE None
[11/14/2012 - 04:20:09PM] PLAYER_DISTANCE_ACTOR [ObjectReference < (0202DCC8)>] "Scruff" 1942.755615
[11/14/2012 - 04:20:09PM] PLAYER_DISTANCE_ACTOR [ObjectReference < (02039836)>] "Kitty" 7219.728516
[11/14/2012 - 04:20:10PM] PLAYER_MOVE Run
[11/14/2012 - 04:20:10PM] PLAYER_DISTANCE_ACTOR [ObjectReference < (0202DCC8)>] "Scruff" 1829.987549
[11/14/2012 - 04:20:10PM] PLAYER_DISTANCE_ACTOR [ObjectReference < (02039836)>] "Kitty" 7110.755859
[11/14/2012 - 04:20:11PM] PLAYER_MOVE None
[11/14/2012 - 04:20:11PM] PLAYER_DISTANCE_ACTOR [ObjectReference < (0202DCC8)>] "Scruff" 1829.751099
[11/14/2012 - 04:20:11PM] PLAYER_DISTANCE_ACTOR [ObjectReference < (02039836)>] "Kitty" 7109.838867
[11/14/2012 - 04:20:12PM] PLAYER_DISTANCE_ACTOR [ObjectReference < (0202DCC8)>] "Scruff" 1680.931396
[11/14/2012 - 04:20:12PM] PLAYER_DISTANCE_ACTOR [ObjectReference < (02039836)>] "Kitty" 6940.571289
[11/14/2012 - 04:20:12PM] PLAYER_TRIGGER_LEAVE [ths1_TriggerEnterSCRIPT < (02074E40)>]
[11/14/2012 - 04:20:12PM] PLAYER_TRIGGER_ENTER [ths1_TriggerEnterSCRIPT < (02074E4C)>]
[11/14/2012 - 04:20:13PM] PLAYER_DISTANCE_ACTOR [ObjectReference < (0202DCC8)>] "Scruff" 1621.023804
[11/14/2012 - 04:20:13PM] PLAYER_DISTANCE_ACTOR [ObjectReference < (02039836)>] "Kitty" 6908.052246
[11/14/2012 - 04:20:14PM] PLAYER_DISTANCE_ACTOR [ObjectReference < (0202DCC8)>] "Scruff" 1621.047119
[11/14/2012 - 04:20:14PM] PLAYER_DISTANCE_ACTOR [ObjectReference < (02039836)>] "Kitty" 6908.068848
[11/14/2012 - 04:20:15PM] PLAYER_TRIGGER_LEAVE [ths1_TriggerEnterSCRIPT < (02074E4C)>]
[11/14/2012 - 04:20:15PM] PLAYER_MOVE Run
[11/14/2012 - 04:20:15PM] PLAYER_DISTANCE_ACTOR [ObjectReference < (0202DCC8)>] "Scruff" 1301.213989
[11/14/2012 - 04:20:15PM] PLAYER_DISTANCE_ACTOR [ObjectReference < (02039836)>] "Kitty" 6530.624023
[11/14/2012 - 04:20:16PM] PLAYER_TRIGGER_ENTER [ths1_TriggerEnterSCRIPT < (02074E4B)>]
[11/14/2012 - 04:20:16PM] PLAYER_DISTANCE_ACTOR [ObjectReference < (0202DCC8)>] "Scruff" 1073.648804
[11/14/2012 - 04:20:16PM] PLAYER_DISTANCE_ACTOR [ObjectReference < (02039836)>] "Kitty" 6353.133789
[11/14/2012 - 04:20:17PM] PLAYER_DISTANCE_ACTOR [ObjectReference < (0202DCC8)>] "Scruff" 1032.188721
[11/14/2012 - 04:20:17PM] PLAYER_DISTANCE_ACTOR [ObjectReference < (02039836)>] "Kitty" 6294.972168
[11/14/2012 - 04:20:18PM] PLAYER_DISTANCE_ACTOR [ObjectReference < (0202DCC8)>] "Scruff" 1069.317261
[11/14/2012 - 04:20:18PM] PLAYER_DISTANCE_ACTOR [ObjectReference < (02039836)>] "Kitty" 6334.401855
[11/14/2012 - 04:20:19PM] PLAYER_MOVE None
[11/14/2012 - 04:20:19PM] PLAYER_DISTANCE_ACTOR [ObjectReference < (0202DCC8)>] "Scruff" 1087.359741
[11/14/2012 - 04:20:19PM] PLAYER_DISTANCE_ACTOR [ObjectReference < (02039836)>] "Kitty" 6353.375488
[11/14/2012 - 04:20:20PM] PLAYER_DISTANCE_ACTOR [ObjectReference < (0202DCC8)>] "Scruff" 1087.297852
[11/14/2012 - 04:20:20PM] PLAYER_DISTANCE_ACTOR [ObjectReference < (02039836)>] "Kitty" 6354.661133
[11/14/2012 - 04:20:21PM] PLAYER_DISTANCE_ACTOR [ObjectReference < (0202DCC8)>] "Scruff" 1126.948120
[11/14/2012 - 04:20:21PM] PLAYER_DISTANCE_ACTOR [ObjectReference < (02039836)>] "Kitty" 6393.449219
[11/14/2012 - 04:20:22PM] PLAYER_DISTANCE_ACTOR [ObjectReference < (0202DCC8)>] "Scruff" 1120.322998
[11/14/2012 - 04:20:23PM] PLAYER_DISTANCE_ACTOR [ObjectReference < (02039836)>] "Kitty" 6339.944824
[11/14/2012 - 04:20:24PM] PLAYER_DISTANCE_ACTOR [ObjectReference < (0202DCC8)>] "Scruff" 984.835266
[11/14/2012 - 04:20:24PM] PLAYER_DISTANCE_ACTOR [ObjectReference < (02039836)>] "Kitty" 6251.819336
[11/14/2012 - 04:20:24PM] PLAYER_TRIGGER_ENTER [ths1_TriggerEnterSCRIPT < (02074E4A)>]
[11/14/2012 - 04:20:24PM] PLAYER_TRIGGER_LEAVE [ths1_TriggerEnterSCRIPT < (02074E4B)>]
[11/14/2012 - 04:20:24PM] PLAYER_MOVE Run
[11/14/2012 - 04:20:25PM] PLAYER_DISTANCE_ACTOR [ObjectReference < (0202DCC8)>] "Scruff" 780.440918
[11/14/2012 - 04:20:25PM] PLAYER_DISTANCE_ACTOR [ObjectReference < (02039836)>] "Kitty" 6040.191406
[11/14/2012 - 04:20:25PM] PLAYER_MOVE None
[11/14/2012 - 04:20:26PM] PLAYER_DISTANCE_ACTOR [ObjectReference < (0202DCC8)>] "Scruff" 780.474670
[11/14/2012 - 04:20:26PM] PLAYER_DISTANCE_ACTOR [ObjectReference < (02039836)>] "Kitty" 6040.207520
[11/14/2012 - 04:20:27PM] PLAYER_DISTANCE_ACTOR [ObjectReference < (0202DCC8)>] "Scruff" 780.487488
[11/14/2012 - 04:20:27PM] PLAYER_DISTANCE_ACTOR [ObjectReference < (02039836)>] "Kitty" 6013.935059
[11/14/2012 - 04:20:27PM] PLAYER_TRIGGER_LEAVE [ths1_TriggerEnterSCRIPT < (02074E4A)>]
[11/14/2012 - 04:20:28PM] PLAYER_DISTANCE_ACTOR [ObjectReference < (0202DCC8)>] "Scruff" 667.348328
[11/14/2012 - 04:20:28PM] PLAYER_DISTANCE_ACTOR [ObjectReference < (02039836)>] "Kitty" 5916.868652
[11/14/2012 - 04:20:28PM] PLAYER_MOVE Run
[11/14/2012 - 04:20:28PM] PLAYER_TRIGGER_ENTER [ths1_TriggerEnterSCRIPT < (02074E49)>]
[11/14/2012 - 04:20:29PM] PLAYER_DISTANCE_ACTOR [ObjectReference < (0202DCC8)>] "Scruff" 590.706421
[11/14/2012 - 04:20:29PM] PLAYER_DISTANCE_ACTOR [ObjectReference < (02039836)>] "Kitty" 5844.458008
[11/14/2012 - 04:20:30PM] PLAYER_MOVE None
[11/14/2012 - 04:20:30PM] PLAYER_DISTANCE_ACTOR [ObjectReference < (0202DCC8)>] "Scruff" 590.706421
[11/14/2012 - 04:20:30PM] PLAYER_DISTANCE_ACTOR [ObjectReference < (02039836)>] "Kitty" 5802.967285
[11/14/2012 - 04:20:32PM] PLAYER_DISTANCE_ACTOR [ObjectReference < (0202DCC8)>] "Scruff" 553.606873
[11/14/2012 - 04:20:32PM] PLAYER_DISTANCE_ACTOR [ObjectReference < (02039836)>] "Kitty" 5802.967773
[11/14/2012 - 04:20:33PM] PLAYER_DISTANCE_ACTOR [ObjectReference < (0202DCC8)>] "Scruff" 553.606995
[11/14/2012 - 04:20:33PM] PLAYER_DISTANCE_ACTOR [ObjectReference < (02039836)>] "Kitty" 5802.967773
[11/14/2012 - 04:20:33PM] PLAYER_MOVE Sneak
[11/14/2012 - 04:20:34PM] PLAYER_DISTANCE_ACTOR [ObjectReference < (0202DCC8)>] "Scruff" 553.607056
[11/14/2012 - 04:20:34PM] PLAYER_DISTANCE_ACTOR [ObjectReference < (02039836)>] "Kitty" 5802.967285
[11/14/2012 - 04:20:34PM] PLAYER_ACTOR_VIEW_GAIN [ObjectReference < (0202DCC8)>] "Scruff"
[11/14/2012 - 04:20:35PM] PLAYER_DISTANCE_ACTOR [ObjectReference < (0202DCC8)>] "Scruff" 521.473633
[11/14/2012 - 04:20:35PM] PLAYER_DISTANCE_ACTOR [ObjectReference < (02039836)>] "Kitty" 5767.075684
[11/14/2012 - 04:20:35PM] PLAYER_MOVE None
[11/14/2012 - 04:20:36PM] PLAYER_MOVE Run
[11/14/2012 - 04:20:37PM] PLAYER_TRIGGER_ENTER [ths1_TriggerEnterSCRIPT < (02074E4D)>]
[11/14/2012 - 04:20:37PM] PLAYER_DISTANCE_ACTOR [ObjectReference < (0202DCC8)>] "Scruff" 395.590790
[11/14/2012 - 04:20:37PM] PLAYER_MOVE None
[11/14/2012 - 04:20:37PM] PLAYER_DISTANCE_ACTOR [ObjectReference < (0202DCC8)>] "Scruff" 395.590790
[11/14/2012 - 04:20:37PM] PLAYER_DISTANCE_ACTOR [ObjectReference < (02039836)>] "Kitty" 5622.634277
[11/14/2012 - 04:20:37PM] PLAYER_TRIGGER_LEAVE [ths1_TriggerEnterSCRIPT < (02074E49)>]
[11/14/2012 - 04:20:38PM] PLAYER_DISTANCE_ACTOR [ObjectReference < (02039836)>] "Kitty" 5622.634277
[11/14/2012 - 04:20:39PM] PLAYER_DISTANCE_ACTOR [ObjectReference < (0202DCC8)>] "Scruff" 395.590790
[11/14/2012 - 04:20:39PM] PLAYER_DISTANCE_ACTOR [ObjectReference < (02039836)>] "Kitty" 5622.634277
[11/14/2012 - 04:20:39PM] PLAYER_DIALOGUE [TIF__01038246 <topic info 02038246 on quest ths1_MissingDog (02009344)>] NPC_SPEAKER [Actor < (02038D23)>]
[11/14/2012 - 04:20:40PM] PLAYER_DISTANCE_ACTOR [ObjectReference < (0202DCC8)>] "Scruff" 395.590790
[11/14/2012 - 04:20:41PM] PLAYER_DISTANCE_ACTOR [ObjectReference < (0202DCC8)>] "Scruff" 395.590790
[11/14/2012 - 04:20:41PM] PLAYER_DISTANCE_ACTOR [ObjectReference < (02039836)>] "Kitty" 5622.634277
[11/14/2012 - 04:20:42PM] PLAYER_DISTANCE_ACTOR [ObjectReference < (0202DCC8)>] "Scruff" 395.590790
[11/14/2012 - 04:20:42PM] PLAYER_DISTANCE_ACTOR [ObjectReference < (02039836)>] "Kitty" 5622.634277
[11/14/2012 - 04:20:42PM] PLAYER_DISTANCE_ACTOR [ObjectReference < (0202DCC8)>] "Scruff" 395.590790
[11/14/2012 - 04:20:42PM] PLAYER_DISTANCE_ACTOR [ObjectReference < (02039836)>] "Kitty" 5622.634277
[11/14/2012 - 04:20:43PM] PLAYER_DIALOGUE [TIF__01037CD7 <topic info 02037CD7 on quest ths1_MissingDog (02009344)>] NPC_SPEAKER [Actor < (02038D23)>]
[11/14/2012 - 04:20:43PM] PLAYER_DISTANCE_ACTOR [ObjectReference < (0202DCC8)>] "Scruff" 395.590790
[11/14/2012 - 04:20:43PM] PLAYER_DISTANCE_ACTOR [ObjectReference < (02039836)>] "Kitty" 5622.634277
[11/14/2012 - 04:20:44PM] PLAYER_DISTANCE_ACTOR [ObjectReference < (02039836)>] "Kitty" 5622.634277
[11/14/2012 - 04:20:45PM] PLAYER_DISTANCE_ACTOR [ObjectReference < (0202DCC8)>] "Scruff" 395.590790
[11/14/2012 - 04:20:45PM] PLAYER_DISTANCE_ACTOR [ObjectReference < (02039836)>] "Kitty" 5622.634277
[11/14/2012 - 04:20:45PM] PLAYER_DISTANCE_ACTOR [ObjectReference < (0202DCC8)>] "Scruff" 395.590790
[11/14/2012 - 04:20:45PM] PLAYER_DISTANCE_ACTOR [ObjectReference < (02039836)>] "Kitty" 5622.634277
[11/14/2012 - 04:20:46PM] PLAYER_DISTANCE_ACTOR [ObjectReference < (0202DCC8)>] "Scruff" 395.590790
[11/14/2012 - 04:20:47PM] PLAYER_DISTANCE_ACTOR [ObjectReference < (02039836)>] "Kitty" 5622.634277
[11/14/2012 - 04:20:48PM] PLAYER_DISTANCE_ACTOR [ObjectReference < (0202DCC8)>] "Scruff" 395.590790
[11/14/2012 - 04:20:48PM] PLAYER_DISTANCE_ACTOR [ObjectReference < (02039836)>] "Kitty" 5622.634277
[11/14/2012 - 04:20:48PM] PLAYER_DISTANCE_ACTOR [ObjectReference < (0202DCC8)>] "Scruff" 395.590790
[11/14/2012 - 04:20:49PM] PLAYER_DISTANCE_ACTOR [ObjectReference < (0202DCC8)>] "Scruff" 395.590790
[11/14/2012 - 04:20:49PM] PLAYER_DISTANCE_ACTOR [ObjectReference < (02039836)>] "Kitty" 5622.634277
[11/14/2012 - 04:20:50PM] PLAYER_DISTANCE_ACTOR [ObjectReference < (02039836)>] "Kitty" 5622.634277
[11/14/2012 - 04:20:50PM] PLAYER_DIALOGUE [TIF__0106990F <topic info 0206990F on quest ths1_MissingDog (02009344)>] NPC_SPEAKER [Actor < (02038D23)>]
[11/14/2012 - 04:20:50PM] PLAYER_DISTANCE_ACTOR [ObjectReference < (0202DCC8)>] "Scruff" 395.590790
[11/14/2012 - 04:20:50PM] PLAYER_DISTANCE_ACTOR [ObjectReference < (02039836)>] "Kitty" 5622.634277
[11/14/2012 - 04:20:51PM] PLAYER_DISTANCE_ACTOR [ObjectReference < (0202DCC8)>] "Scruff" 395.590790
[11/14/2012 - 04:20:51PM] PLAYER_DISTANCE_ACTOR [ObjectReference < (02039836)>] "Kitty" 5622.634277
[11/14/2012 - 04:20:52PM] PLAYER_DISTANCE_ACTOR [ObjectReference < (0202DCC8)>] "Scruff" 386.103943
[11/14/2012 - 04:20:52PM] PLAYER_DISTANCE_ACTOR [ObjectReference < (02039836)>] "Kitty" 5622.634277
[11/14/2012 - 04:20:54PM] PLAYER_DISTANCE_ACTOR [ObjectReference < (0202DCC8)>] "Scruff" 385.842072
[11/14/2012 - 04:20:54PM] PLAYER_DISTANCE_ACTOR [ObjectReference < (02039836)>] "Kitty" 5622.634277
[11/14/2012 - 04:20:55PM] PLAYER_DISTANCE_ACTOR [ObjectReference < (0202DCC8)>] "Scruff" 385.842072
[11/14/2012 - 04:20:55PM] PLAYER_DISTANCE_ACTOR [ObjectReference < (02039836)>] "Kitty" 5622.634277
[11/14/2012 - 04:20:55PM] PLAYER_DISTANCE_ACTOR [ObjectReference < (0202DCC8)>] "Scruff" 385.842072
[11/14/2012 - 04:20:55PM] PLAYER_DISTANCE_ACTOR [ObjectReference < (02039836)>] "Kitty" 5622.634277
[11/14/2012 - 04:20:56PM] PLAYER_ACTOR_VIEW_LOSS [ObjectReference < (0202DCC8)>] "Scruff"
[11/14/2012 - 04:20:57PM] PLAYER_DISTANCE_ACTOR [ObjectReference < (0202DCC8)>] "Scruff" 385.842072
[11/14/2012 - 04:20:57PM] PLAYER_DISTANCE_ACTOR [ObjectReference < (02039836)>] "Kitty" 5589.630859
[11/14/2012 - 04:20:57PM] PLAYER_DISTANCE_ACTOR [ObjectReference < (0202DCC8)>] "Scruff" 351.203979
[11/14/2012 - 04:20:58PM] PLAYER_DISTANCE_ACTOR [ObjectReference < (02039836)>] "Kitty" 5560.750977
[11/14/2012 - 04:20:59PM] PLAYER_ACTOR_VIEW_GAIN [ObjectReference < (0202DCC8)>] "Scruff"
[11/14/2012 - 04:20:59PM] PLAYER_DISTANCE_ACTOR [ObjectReference < (0202DCC8)>] "Scruff" 352.819733
[11/14/2012 - 04:20:59PM] PLAYER_DISTANCE_ACTOR [ObjectReference < (02039836)>] "Kitty" 5607.006348
[11/14/2012 - 04:21:00PM] PLAYER_ACTOR_VIEW_LOSS [ObjectReference < (0202DCC8)>] "Scruff"
[11/14/2012 - 04:21:00PM] PLAYER_DISTANCE_ACTOR [ObjectReference < (0202DCC8)>] "Scruff" 465.332031
[11/14/2012 - 04:21:01PM] PLAYER_TRIGGER_ENTER [ths1_TriggerEnterSCRIPT < (02074E49)>]
[11/14/2012 - 04:21:01PM] PLAYER_DISTANCE_ACTOR [ObjectReference < (02039836)>] "Kitty" 5732.859375
[11/14/2012 - 04:21:01PM] PLAYER_DISTANCE_ACTOR [ObjectReference < (0202DCC8)>] "Scruff" 546.481079
[11/14/2012 - 04:21:01PM] PLAYER_DISTANCE_ACTOR [ObjectReference < (02039836)>] "Kitty" 5787.094727
[11/14/2012 - 04:21:01PM] PLAYER_TRIGGER_LEAVE [ths1_TriggerEnterSCRIPT < (02074E4D)>]
[11/14/2012 - 04:21:02PM] PLAYER_DISTANCE_ACTOR [ObjectReference < (0202DCC8)>] "Scruff" 538.258240
[11/14/2012 - 04:21:02PM] PLAYER_DISTANCE_ACTOR [ObjectReference < (02039836)>] "Kitty" 5851.552734
[11/14/2012 - 04:21:02PM] PLAYER_MOVE Run
[11/14/2012 - 04:21:02PM] PLAYER_TRIGGER_ENTER [ths1_TriggerEnterSCRIPT < (02074E4A)>]
[11/14/2012 - 04:21:02PM] PLAYER_DISTANCE_ACTOR [ObjectReference < (0202DCC8)>] "Scruff" 783.563477
[11/14/2012 - 04:21:02PM] PLAYER_TRIGGER_LEAVE [ths1_TriggerEnterSCRIPT < (02074E49)>]
[11/14/2012 - 04:21:02PM] PLAYER_DISTANCE_ACTOR [ObjectReference < (02039836)>] "Kitty" 6089.408691
[11/14/2012 - 04:21:03PM] PLAYER_TRIGGER_LEAVE [ths1_TriggerEnterSCRIPT < (02074E4A)>]
[11/14/2012 - 04:21:03PM] PLAYER_TRIGGER_ENTER [ths1_TriggerEnterSCRIPT < (02074E4B)>]
[11/14/2012 - 04:21:03PM] PLAYER_DISTANCE_ACTOR [ObjectReference < (0202DCC8)>] "Scruff" 1021.273071
[11/14/2012 - 04:21:03PM] PLAYER_DISTANCE_ACTOR [ObjectReference < (02039836)>] "Kitty" 6337.753906
[11/14/2012 - 04:21:03PM] PLAYER_TRIGGER_LEAVE [ths1_TriggerEnterSCRIPT < (02074E4B)>]
[11/14/2012 - 04:21:03PM] PLAYER_DISTANCE_ACTOR [ObjectReference < (0202DCC8)>] "Scruff" 1152.791504
[11/14/2012 - 04:21:03PM] PLAYER_DISTANCE_ACTOR [ObjectReference < (02039836)>] "Kitty" 6470.309570
[11/14/2012 - 04:21:04PM] PLAYER_DISTANCE_ACTOR [ObjectReference < (0202DCC8)>] "Scruff" 1364.332642
[11/14/2012 - 04:21:04PM] PLAYER_DISTANCE_ACTOR [ObjectReference < (02039836)>] "Kitty" 6676.248535
[11/14/2012 - 04:21:04PM] PLAYER_TRIGGER_ENTER [ths1_TriggerEnterSCRIPT < (02074E4C)>]
[11/14/2012 - 04:21:05PM] PLAYER_DISTANCE_ACTOR [ObjectReference < (0202DCC8)>] "Scruff" 1611.390503
[11/14/2012 - 04:21:05PM] PLAYER_DISTANCE_ACTOR [ObjectReference < (02039836)>] "Kitty" 6936.004395
[11/14/2012 - 04:21:05PM] PLAYER_TRIGGER_LEAVE [ths1_TriggerEnterSCRIPT < (02074E4C)>]
[11/14/2012 - 04:21:05PM] PLAYER_TRIGGER_ENTER [ths1_TriggerEnterSCRIPT < (02074E40)>]
[11/14/2012 - 04:21:06PM] PLAYER_DISTANCE_ACTOR [ObjectReference < (0202DCC8)>] "Scruff" 1905.151123
[11/14/2012 - 04:21:06PM] PLAYER_DISTANCE_ACTOR [ObjectReference < (02039836)>] "Kitty" 340282346638528860000000000000000000000.000000
[11/14/2012 - 04:21:06PM] PLAYER_TRIGGER_ENTER [ths1_TriggerEnterSCRIPT < (0208C7BF)>]
[11/14/2012 - 04:21:06PM] PLAYER_TRIGGER_ENTER [ths1_TriggerEnterSCRIPT < (0208C7B0)>]
[11/14/2012 - 04:21:06PM] PLAYER_TRIGGER_LEAVE [ths1_TriggerEnterSCRIPT < (02074E40)>]
[11/14/2012 - 04:21:07PM] PLAYER_CELL_CHANGE [Cell <Wilderness (02085D52)>] ""
[11/14/2012 - 04:21:07PM] PLAYER_WORLDSPACE_CHANGE [WorldSpace <ths1_Town (02085D17)>] "Town"
[11/14/2012 - 04:21:07PM] PLAYER_MOVE None
[11/14/2012 - 04:21:08PM] PLAYER_ACTOR_VIEW_GAIN [ObjectReference < (0202DCC8)>] "Scruff"
[11/14/2012 - 04:21:09PM] PLAYER_CELL_CHANGE [Cell <Wilderness (02085D4A)>] ""
[11/14/2012 - 04:21:09PM] PLAYER_TRIGGER_LEAVE [ths1_TriggerEnterSCRIPT < (0208C7BF)>]
[11/14/2012 - 04:21:09PM] PLAYER_MOVE Run
[11/14/2012 - 04:21:09PM] PLAYER_ACTOR_VIEW_LOSS [ObjectReference < (0202DCC8)>] "Scruff"
[11/14/2012 - 04:21:11PM] PLAYER_MOVE Sprint
[11/14/2012 - 04:21:12PM] PLAYER_TRIGGER_LEAVE [ths1_TriggerEnterSCRIPT < (0208C7B0)>]
[11/14/2012 - 04:21:13PM] PLAYER_TRIGGER_ENTER [ths1_TriggerEnterSCRIPT < (0208CDAD)>]
[11/14/2012 - 04:21:14PM] PLAYER_MOVE Run
[11/14/2012 - 04:21:19PM] PLAYER_TRIGGER_LEAVE [ths1_TriggerEnterSCRIPT < (0208CDAD)>]
[11/14/2012 - 04:21:19PM] PLAYER_TRIGGER_ENTER [ths1_TriggerEnterSCRIPT < (0208C7AE)>]
[11/14/2012 - 04:21:21PM] PLAYER_MOVE None
[11/14/2012 - 04:21:23PM] PLAYER_DIALOGUE [TIF__0207595B <topic info 0207595B on quest ths1_MasterQuest (020319F7)>] NPC_SPEAKER [Actor < (02089353)>]
[11/14/2012 - 04:21:26PM] PLAYER_DIALOGUE [TIF__0207595B <topic info 0207595B on quest ths1_MasterQuest (020319F7)>] NPC_SPEAKER [Actor < (02089353)>]
[11/14/2012 - 04:21:29PM] PLAYER_MOVE Run
[11/14/2012 - 04:21:30PM] PLAYER_CELL_CHANGE [Cell <Wilderness (02085D40)>] ""
[11/14/2012 - 04:21:31PM] PLAYER_MOVE None
[11/14/2012 - 04:21:31PM] PLAYER_ACTOR_VIEW_GAIN [ObjectReference < (02089359)>] "Seamus"
[11/14/2012 - 04:21:32PM] PLAYER_ITEM_OBTAIN [Ingredient < (0004B0BA)>] None "Wheat" COUNT 1 CONTAINER None
[11/14/2012 - 04:21:33PM] PLAYER_MOVE Run
[11/14/2012 - 04:21:34PM] PLAYER_CELL_CHANGE [Cell <Wilderness (02085D42)>] ""
[11/14/2012 - 04:21:36PM] PLAYER_TRIGGER_LEAVE [ths1_TriggerEnterSCRIPT < (0208C7AE)>]
[11/14/2012 - 04:21:36PM] PLAYER_TRIGGER_ENTER [ths1_TriggerEnterSCRIPT < (0208C7AF)>]
[11/14/2012 - 04:21:38PM] PLAYER_MOVE Sprint
[11/14/2012 - 04:21:38PM] PLAYER_ACTOR_VIEW_GAIN [ObjectReference < (0202DCC8)>] "Scruff"
[11/14/2012 - 04:21:38PM] PLAYER_TRIGGER_LEAVE [ths1_TriggerEnterSCRIPT < (0208C7AF)>]
[11/14/2012 - 04:21:38PM] PLAYER_ACTOR_VIEW_GAIN [ObjectReference < (02039836)>] "Kitty"
[11/14/2012 - 04:21:39PM] PLAYER_ACTOR_VIEW_GAIN [ObjectReference < (0202DCC8)>] "Scruff"
[11/14/2012 - 04:21:40PM] PLAYER_ACTOR_VIEW_LOSS [ObjectReference < (02039836)>] "Kitty"
[11/14/2012 - 04:21:42PM] PLAYER_ACTOR_VIEW_LOSS [ObjectReference < (02089359)>] "Seamus"
[11/14/2012 - 04:21:43PM] PLAYER_TRIGGER_ENTER [ths1_TriggerEnterSCRIPT < (0208C7A9)>]
[11/14/2012 - 04:21:44PM] PLAYER_CELL_CHANGE [Cell <Wilderness (02085D34)>] ""
[11/14/2012 - 04:21:45PM] PLAYER_TRIGGER_LEAVE [ths1_TriggerEnterSCRIPT < (0208C7A9)>]
[11/14/2012 - 04:21:45PM] PLAYER_MOVE Run
[11/14/2012 - 04:21:46PM] PLAYER_TRIGGER_ENTER [ths1_TriggerEnterSCRIPT < (0208CD5A)>]
[11/14/2012 - 04:21:49PM] PLAYER_MOVE None
[11/14/2012 - 04:21:50PM] PLAYER_TRIGGER_LEAVE [ths1_TriggerEnterSCRIPT < (0208CD5A)>]
[11/14/2012 - 04:21:50PM] PLAYER_MOVE Run
[11/14/2012 - 04:21:57PM] PLAYER_DISTANCE_ACTOR [ObjectReference < (02089359)>] "Seamus" 2180.094727
[11/14/2012 - 04:21:58PM] PLAYER_CELL_CHANGE [Cell <Wilderness (02085D44)>] ""
[11/14/2012 - 04:21:59PM] PLAYER_DISTANCE_ACTOR [ObjectReference < (02089359)>] "Seamus" 2105.631836
[11/14/2012 - 04:21:59PM] PLAYER_MOVE None
[11/14/2012 - 04:21:59PM] PLAYER_DISTANCE_ACTOR [ObjectReference < (02089359)>] "Seamus" 2007.722290
[11/14/2012 - 04:22:00PM] PLAYER_DISTANCE_ACTOR [ObjectReference < (02089359)>] "Seamus" 2007.540283
[11/14/2012 - 04:22:01PM] PLAYER_ACTOR_VIEW_GAIN [ObjectReference < (02039836)>] "Kitty"
[11/14/2012 - 04:22:02PM] PLAYER_DISTANCE_ACTOR [ObjectReference < (02089359)>] "Seamus" 2007.724609
[11/14/2012 - 04:22:02PM] PLAYER_MOVE Run
[11/14/2012 - 04:22:02PM] PLAYER_ACTOR_VIEW_LOSS [ObjectReference < (02039836)>] "Kitty"
[11/14/2012 - 04:22:03PM] PLAYER_DISTANCE_ACTOR [ObjectReference < (02089359)>] "Seamus" 2187.104736
[11/14/2012 - 04:22:04PM] PLAYER_DISTANCE_ACTOR [ObjectReference < (02089359)>] "Seamus" 2436.988770
[11/14/2012 - 04:22:04PM] PLAYER_DISTANCE_ACTOR [ObjectReference < (02089359)>] "Seamus" 2731.221191
[11/14/2012 - 04:22:05PM] PLAYER_DISTANCE_ACTOR [ObjectReference < (02089359)>] "Seamus" 3004.273926
[11/14/2012 - 04:22:07PM] PLAYER_DISTANCE_ACTOR [ObjectReference < (02089359)>] "Seamus" 3162.771973
[11/14/2012 - 04:22:07PM] PLAYER_MOVE None
[11/14/2012 - 04:22:07PM] PLAYER_DISTANCE_ACTOR [ObjectReference < (02089359)>] "Seamus" 3137.696777
[11/14/2012 - 04:22:08PM] PLAYER_MOVE Run
[11/14/2012 - 04:22:08PM] PLAYER_DISTANCE_ACTOR [ObjectReference < (02089359)>] "Seamus" 3320.084961
[11/14/2012 - 04:22:09PM] PLAYER_DISTANCE_ACTOR [ObjectReference < (02089359)>] "Seamus" 3294.791260
[11/14/2012 - 04:22:11PM] PLAYER_DISTANCE_ACTOR [ObjectReference < (02089359)>] "Seamus" 3240.889648
[11/14/2012 - 04:22:11PM] PLAYER_CELL_CHANGE [Cell <Wilderness (02085D34)>] ""
[11/14/2012 - 04:22:11PM] PLAYER_MOVE None
[11/14/2012 - 04:22:12PM] PLAYER_DISTANCE_ACTOR [ObjectReference < (02089359)>] "Seamus" 3291.851807
[11/14/2012 - 04:22:12PM] PLAYER_MOVE Run
[11/14/2012 - 04:22:24PM] PLAYER_MOVE None
[11/14/2012 - 04:22:25PM] PLAYER_MOVE Run
[11/14/2012 - 04:22:35PM] PLAYER_CELL_CHANGE [Cell <Wilderness (02085D44)>] ""
[11/14/2012 - 04:22:36PM] PLAYER_DISTANCE_ACTOR [ObjectReference < (02089359)>] "Seamus" 3553.142578
[11/14/2012 - 04:22:37PM] PLAYER_DISTANCE_ACTOR [ObjectReference < (02089359)>] "Seamus" 3622.844238
[11/14/2012 - 04:22:38PM] PLAYER_DISTANCE_ACTOR [ObjectReference < (02089359)>] "Seamus" 3642.092041
[11/14/2012 - 04:22:39PM] PLAYER_DISTANCE_ACTOR [ObjectReference < (02089359)>] "Seamus" 3637.343018
[11/14/2012 - 04:22:40PM] PLAYER_CELL_CHANGE [Cell <Wilderness (02085D46)>] ""
[11/14/2012 - 04:23:02PM] PLAYER_MOVE None
[11/14/2012 - 04:23:03PM] PLAYER_MOVE Run
[11/14/2012 - 04:23:07PM] PLAYER_MOVE None
[11/14/2012 - 04:23:08PM] PLAYER_CELL_CHANGE [Cell <Wilderness (02085D4E)>] ""
[11/14/2012 - 04:23:08PM] PLAYER_MOVE Run
[11/14/2012 - 04:23:11PM] PLAYER_MOVE None
[11/14/2012 - 04:23:13PM] PLAYER_MOVE Run
[11/14/2012 - 04:23:14PM] PLAYER_MOVE None
[11/14/2012 - 04:23:15PM] PLAYER_MOVE Run
[11/14/2012 - 04:23:15PM] PLAYER_ACTOR_VIEW_GAIN [ObjectReference < (0202DCC8)>] "Scruff"
[11/14/2012 - 04:23:17PM] PLAYER_MOVE None
[11/14/2012 - 04:23:18PM] PLAYER_MOVE Run
[11/14/2012 - 04:23:21PM] PLAYER_MOVE None
[11/14/2012 - 04:23:22PM] PLAYER_ACTOR_VIEW_LOSS [ObjectReference < (0202DCC8)>] "Scruff"
[11/14/2012 - 04:23:23PM] PLAYER_ACTOR_VIEW_GAIN [ObjectReference < (02089359)>] "Seamus"
[11/14/2012 - 04:23:23PM] PLAYER_CELL_CHANGE [Cell <Wilderness (02085D46)>] ""
[11/14/2012 - 04:23:23PM] PLAYER_MOVE Run
[11/14/2012 - 04:23:24PM] PLAYER_CELL_CHANGE [Cell <Wilderness (02085D4E)>] ""
[11/14/2012 - 04:23:25PM] PLAYER_ACTOR_VIEW_LOSS [ObjectReference < (02089359)>] "Seamus"
[11/14/2012 - 04:23:26PM] PLAYER_ACTOR_VIEW_GAIN [ObjectReference < (02039836)>] "Kitty"
[11/14/2012 - 04:23:28PM] PLAYER_ACTOR_VIEW_LOSS [ObjectReference < (02039836)>] "Kitty"
[11/14/2012 - 04:23:29PM] PLAYER_ACTOR_VIEW_GAIN [ObjectReference < (02039836)>] "Kitty"
[11/14/2012 - 04:23:33PM] PLAYER_ACTOR_VIEW_LOSS [ObjectReference < (02039836)>] "Kitty"
[11/14/2012 - 04:23:46PM] PLAYER_MOVE None
[11/14/2012 - 04:23:47PM] PLAYER_MOVE Run
[11/14/2012 - 04:23:56PM] PLAYER_MOVE None
[11/14/2012 - 04:23:58PM] PLAYER_ACTOR_VIEW_GAIN [ObjectReference < (02039836)>] "Kitty"
[11/14/2012 - 04:24:01PM] PLAYER_ACTOR_VIEW_GAIN [ObjectReference < (02089359)>] "Seamus"
[11/14/2012 - 04:24:02PM] PLAYER_ACTOR_VIEW_GAIN [ObjectReference < (0202DCC8)>] "Scruff"
[11/14/2012 - 04:24:02PM] PLAYER_ACTOR_VIEW_LOSS [ObjectReference < (02039836)>] "Kitty"
[11/14/2012 - 04:24:04PM] PLAYER_MOVE Run
[11/14/2012 - 04:24:05PM] PLAYER_MOVE None
[11/14/2012 - 04:24:06PM] PLAYER_ACTOR_VIEW_LOSS [ObjectReference < (0202DCC8)>] "Scruff"
[11/14/2012 - 04:24:07PM] PLAYER_ACTOR_VIEW_LOSS [ObjectReference < (02089359)>] "Seamus"
[11/14/2012 - 04:24:09PM] PLAYER_ACTOR_VIEW_GAIN [ObjectReference < (02089359)>] "Seamus"
[11/14/2012 - 04:24:10PM] PLAYER_ACTOR_VIEW_GAIN [ObjectReference < (02039836)>] "Kitty"
[11/14/2012 - 04:24:11PM] PLAYER_ACTOR_VIEW_LOSS [ObjectReference < (02089359)>] "Seamus"
[11/14/2012 - 04:24:11PM] PLAYER_ACTOR_VIEW_LOSS [ObjectReference < (02039836)>] "Kitty"
[11/14/2012 - 04:24:13PM] PLAYER_MOVE Run
[11/14/2012 - 04:24:15PM] PLAYER_MOVE None
[11/14/2012 - 04:24:17PM] PLAYER_ACTOR_VIEW_GAIN [ObjectReference < (02089359)>] "Seamus"
[11/14/2012 - 04:24:17PM] PLAYER_ACTOR_VIEW_GAIN [ObjectReference < (02039836)>] "Kitty"
[11/14/2012 - 04:24:18PM] PLAYER_ACTOR_VIEW_LOSS [ObjectReference < (02039836)>] "Kitty"
[11/14/2012 - 04:24:19PM] PLAYER_ACTOR_VIEW_GAIN [ObjectReference < (02039836)>] "Kitty"
[11/14/2012 - 04:24:20PM] PLAYER_MOVE Run
[11/14/2012 - 04:24:21PM] PLAYER_MOVE None
[11/14/2012 - 04:24:22PM] PLAYER_ACTOR_VIEW_LOSS [ObjectReference < (02089359)>] "Seamus"
[11/14/2012 - 04:24:22PM] PLAYER_ACTOR_VIEW_LOSS [ObjectReference < (02039836)>] "Kitty"
[11/14/2012 - 04:24:23PM] PLAYER_MOVE Run
[11/14/2012 - 04:24:23PM] PLAYER_MOVE None
[11/14/2012 - 04:24:27PM] PLAYER_MOVE Run
[11/14/2012 - 04:24:27PM] PLAYER_MOVE None
[11/14/2012 - 04:24:36PM] PLAYER_MOVE Run
[11/14/2012 - 04:24:38PM] PLAYER_MOVE None
[11/14/2012 - 04:24:39PM] PLAYER_MOVE Run
[11/14/2012 - 04:24:45PM] PLAYER_MOVE None
[11/14/2012 - 04:24:46PM] PLAYER_MOVE Run
[11/14/2012 - 04:24:47PM] PLAYER_MOVE None
[11/14/2012 - 04:24:48PM] PLAYER_MOVE Run
[11/14/2012 - 04:24:51PM] PLAYER_CELL_CHANGE [Cell <Wilderness (02085D58)>] ""
[11/14/2012 - 04:24:56PM] PLAYER_MOVE None
[11/14/2012 - 04:24:58PM] PLAYER_MOVE Run
[11/14/2012 - 04:25:02PM] PLAYER_MOVE None
[11/14/2012 - 04:25:05PM] PLAYER_ITEM_OBTAIN [Form < (00083E64)>] None "Grass Pod" COUNT 1 CONTAINER None
[11/14/2012 - 04:25:06PM] PLAYER_MOVE Run
[11/14/2012 - 04:25:06PM] PLAYER_TRIGGER_ENTER [ths1_TriggerEnterSCRIPT < (0208C78E)>]
[11/14/2012 - 04:25:09PM] PLAYER_MOVE None
[11/14/2012 - 04:25:09PM] PLAYER_ITEM_OBTAIN [Form < (00083E64)>] None "Grass Pod" COUNT 1 CONTAINER None
[11/14/2012 - 04:25:09PM] PLAYER_CELL_CHANGE [Cell <Wilderness (02085D56)>] ""
[11/14/2012 - 04:25:11PM] PLAYER_MOVE Run
[11/14/2012 - 04:25:14PM] PLAYER_MOVE None
[11/14/2012 - 04:25:14PM] PLAYER_ITEM_OBTAIN [Form < (00083E64)>] None "Grass Pod" COUNT 1 CONTAINER None
[11/14/2012 - 04:25:15PM] PLAYER_ACTOR_VIEW_GAIN [ObjectReference < (0202DCC8)>] "Scruff"
[11/14/2012 - 04:25:16PM] PLAYER_MOVE Run
[11/14/2012 - 04:25:17PM] PLAYER_MOVE None
[11/14/2012 - 04:25:17PM] PLAYER_ACTOR_VIEW_LOSS [ObjectReference < (0202DCC8)>] "Scruff"
[11/14/2012 - 04:25:19PM] PLAYER_MOVE Run
[11/14/2012 - 04:25:19PM] PLAYER_TRIGGER_ENTER [ths1_TriggerEnterSCRIPT < (0208CD5B)>]
[11/14/2012 - 04:25:19PM] PLAYER_TRIGGER_LEAVE [ths1_TriggerEnterSCRIPT < (0208C78E)>]
[11/14/2012 - 04:25:20PM] PLAYER_MOVE None
[11/14/2012 - 04:25:20PM] PLAYER_ITEM_OBTAIN [Ingredient < (00077E1C)>] [ObjectReference < (02085F94)>] "Blue Mountain Flower" COUNT 1 CONTAINER None
[11/14/2012 - 04:25:22PM] PLAYER_MOVE Run
[11/14/2012 - 04:25:23PM] PLAYER_TRIGGER_LEAVE [ths1_TriggerEnterSCRIPT < (0208CD5B)>]
[11/14/2012 - 04:25:25PM] PLAYER_CELL_CHANGE [Cell <Wilderness (02085D34)>] ""
[11/14/2012 - 04:25:26PM] PLAYER_ACTOR_VIEW_GAIN [ObjectReference < (0202DCC8)>] "Scruff"
[11/14/2012 - 04:25:27PM] PLAYER_ACTOR_VIEW_LOSS [ObjectReference < (0202DCC8)>] "Scruff"
[11/14/2012 - 04:25:28PM] PLAYER_TRIGGER_ENTER [ths1_TriggerEnterSCRIPT < (0208CDAB)>]
[11/14/2012 - 04:25:29PM] PLAYER_MOVE None
[11/14/2012 - 04:25:31PM] PLAYER_DIALOGUE [TIF__020774A6 <topic info 020774A6 on quest ths1_MasterQuest (020319F7)>] NPC_SPEAKER [Actor < (0208BC45)>]
[11/14/2012 - 04:25:32PM] PLAYER_DIALOGUE [TIF__020774A8 <topic info 020774A8 on quest ths1_MasterQuest (020319F7)>] NPC_SPEAKER [Actor < (0208BC45)>]
[11/14/2012 - 04:25:37PM] PLAYER_DIALOGUE [TIF__0207BD42 <topic info 0207BD42 on quest ths1_MasterQuest (020319F7)>] NPC_SPEAKER [Actor < (0208BC45)>]
[11/14/2012 - 04:25:44PM] PLAYER_MOVE Run
[11/14/2012 - 04:25:44PM] PLAYER_TRIGGER_LEAVE [ths1_TriggerEnterSCRIPT < (0208CDAB)>]
[11/14/2012 - 04:25:48PM] PLAYER_ACTOR_VIEW_GAIN [ObjectReference < (02089359)>] "Seamus"
[11/14/2012 - 04:25:49PM] PLAYER_MOVE Sprint
[11/14/2012 - 04:25:50PM] PLAYER_TRIGGER_ENTER [ths1_TriggerEnterSCRIPT < (0208CD5A)>]
[11/14/2012 - 04:25:51PM] PLAYER_TRIGGER_ENTER [ths1_TriggerEnterSCRIPT < (0208C7A9)>]
[11/14/2012 - 04:25:51PM] PLAYER_TRIGGER_LEAVE [ths1_TriggerEnterSCRIPT < (0208C7A9)>]
[11/14/2012 - 04:25:51PM] PLAYER_TRIGGER_LEAVE [ths1_TriggerEnterSCRIPT < (0208CD5A)>]
[11/14/2012 - 04:25:53PM] PLAYER_DISTANCE_ACTOR [ObjectReference < (02089359)>] "Seamus" 1221.155640
[11/14/2012 - 04:25:54PM] PLAYER_CELL_CHANGE [Cell <Wilderness (02085D44)>] ""
[11/14/2012 - 04:25:54PM] PLAYER_DISTANCE_ACTOR [ObjectReference < (02089359)>] "Seamus" 655.080139
[11/14/2012 - 04:25:55PM] PLAYER_MOVE Run
[11/14/2012 - 04:25:55PM] PLAYER_DISTANCE_ACTOR [ObjectReference < (02089359)>] "Seamus" 313.530823
[11/14/2012 - 04:25:56PM] PLAYER_DISTANCE_ACTOR [ObjectReference < (02089359)>] "Seamus" 137.323563
[11/14/2012 - 04:25:57PM] PLAYER_MOVE None
[11/14/2012 - 04:25:57PM] PLAYER_DISTANCE_ACTOR [ObjectReference < (02089359)>] "Seamus" 137.323715
[11/14/2012 - 04:25:58PM] PLAYER_DISTANCE_ACTOR [ObjectReference < (02089359)>] "Seamus" 137.323776
[11/14/2012 - 04:25:58PM] PLAYER_DIALOGUE [TIF__01013D2B <topic info 02013D2B on quest ths1_MissingDog (02009344)>] NPC_SPEAKER [Actor < (02089359)>]
[11/14/2012 - 04:25:59PM] PLAYER_DISTANCE_ACTOR [ObjectReference < (02089359)>] "Seamus" 137.179001
[11/14/2012 - 04:26:00PM] PLAYER_DISTANCE_ACTOR [ObjectReference < (02089359)>] "Seamus" 137.179016
[11/14/2012 - 04:26:01PM] QUEST_STAGE_CHANGE [ths1_MDQScript <ths1_MissingDog (02009344)>] "Missing Dog" 5
[11/14/2012 - 04:26:01PM] PLAYER_DISTANCE_ACTOR [ObjectReference < (02089359)>] "Seamus" 137.179016
[11/14/2012 - 04:26:02PM] PLAYER_DISTANCE_ACTOR [ObjectReference < (02089359)>] "Seamus" 137.179016
[11/14/2012 - 04:26:03PM] PLAYER_DISTANCE_ACTOR [ObjectReference < (02089359)>] "Seamus" 137.179016
[11/14/2012 - 04:26:04PM] PLAYER_DISTANCE_ACTOR [ObjectReference < (02089359)>] "Seamus" 137.179016
[11/14/2012 - 04:26:05PM] PLAYER_DIALOGUE [TIF__010180E7 <topic info 020180E7 on quest ths1_MissingDog (02009344)>] NPC_SPEAKER [Actor < (02089359)>]
[11/14/2012 - 04:26:05PM] PLAYER_DISTANCE_ACTOR [ObjectReference < (02089359)>] "Seamus" 137.191422
[11/14/2012 - 04:26:06PM] PLAYER_DISTANCE_ACTOR [ObjectReference < (02089359)>] "Seamus" 138.125427
[11/14/2012 - 04:26:07PM] PLAYER_DISTANCE_ACTOR [ObjectReference < (02089359)>] "Seamus" 139.752182
[11/14/2012 - 04:26:08PM] PLAYER_DISTANCE_ACTOR [ObjectReference < (02089359)>] "Seamus" 142.675873
[11/14/2012 - 04:26:09PM] PLAYER_DIALOGUE [TIF__01009353 <topic info 02009353 on quest ths1_MissingDog (02009344)>] NPC_SPEAKER [Actor < (02089359)>]
[11/14/2012 - 04:26:09PM] PLAYER_DISTANCE_ACTOR [ObjectReference < (02089359)>] "Seamus" 143.642578
[11/14/2012 - 04:26:10PM] PLAYER_DISTANCE_ACTOR [ObjectReference < (02089359)>] "Seamus" 147.413467
[11/14/2012 - 04:26:11PM] PLAYER_DISTANCE_ACTOR [ObjectReference < (02089359)>] "Seamus" 148.687515
[11/14/2012 - 04:26:12PM] PLAYER_DISTANCE_ACTOR [ObjectReference < (02089359)>] "Seamus" 148.687515
[11/14/2012 - 04:26:13PM] PLAYER_DISTANCE_ACTOR [ObjectReference < (02089359)>] "Seamus" 148.687515
[11/14/2012 - 04:26:14PM] PLAYER_DISTANCE_ACTOR [ObjectReference < (02089359)>] "Seamus" 148.687515
[11/14/2012 - 04:26:15PM] PLAYER_DISTANCE_ACTOR [ObjectReference < (02089359)>] "Seamus" 148.687515
[11/14/2012 - 04:26:16PM] PLAYER_DISTANCE_ACTOR [ObjectReference < (02089359)>] "Seamus" 148.687515
[11/14/2012 - 04:26:17PM] PLAYER_DISTANCE_ACTOR [ObjectReference < (02089359)>] "Seamus" 148.687515
[11/14/2012 - 04:26:18PM] PLAYER_DISTANCE_ACTOR [ObjectReference < (02089359)>] "Seamus" 148.687515
[11/14/2012 - 04:26:19PM] PLAYER_DISTANCE_ACTOR [ObjectReference < (02089359)>] "Seamus" 148.687515
[11/14/2012 - 04:26:20PM] PLAYER_DISTANCE_ACTOR [ObjectReference < (02089359)>] "Seamus" 148.687515
[11/14/2012 - 04:26:21PM] PLAYER_DISTANCE_ACTOR [ObjectReference < (02089359)>] "Seamus" 148.687515
[11/14/2012 - 04:26:22PM] PLAYER_DISTANCE_ACTOR [ObjectReference < (02089359)>] "Seamus" 148.687515
[11/14/2012 - 04:26:23PM] PLAYER_DISTANCE_ACTOR [ObjectReference < (02089359)>] "Seamus" 148.687515
[11/14/2012 - 04:26:24PM] PLAYER_DISTANCE_ACTOR [ObjectReference < (02089359)>] "Seamus" 148.687515
[11/14/2012 - 04:26:25PM] PLAYER_DISTANCE_ACTOR [ObjectReference < (02089359)>] "Seamus" 148.687515
[11/14/2012 - 04:26:26PM] PLAYER_DISTANCE_ACTOR [ObjectReference < (02089359)>] "Seamus" 148.687515
[11/14/2012 - 04:26:27PM] PLAYER_DIALOGUE [TIF__0103C9D0 <topic info 0203C9D0 on quest ths1_MissingDog (02009344)>] NPC_SPEAKER [Actor < (02089359)>]
[11/14/2012 - 04:26:27PM] PLAYER_DISTANCE_ACTOR [ObjectReference < (02089359)>] "Seamus" 148.687515
[11/14/2012 - 04:26:28PM] PLAYER_DISTANCE_ACTOR [ObjectReference < (02089359)>] "Seamus" 148.687515
[11/14/2012 - 04:26:29PM] PLAYER_DISTANCE_ACTOR [ObjectReference < (02089359)>] "Seamus" 148.687515
[11/14/2012 - 04:26:30PM] PLAYER_DISTANCE_ACTOR [ObjectReference < (02089359)>] "Seamus" 148.687515
[11/14/2012 - 04:26:31PM] PLAYER_DISTANCE_ACTOR [ObjectReference < (02089359)>] "Seamus" 148.687515
[11/14/2012 - 04:26:32PM] PLAYER_DISTANCE_ACTOR [ObjectReference < (02089359)>] "Seamus" 148.687515
[11/14/2012 - 04:26:33PM] PLAYER_DISTANCE_ACTOR [ObjectReference < (02089359)>] "Seamus" 148.687515
[11/14/2012 - 04:26:34PM] PLAYER_DISTANCE_ACTOR [ObjectReference < (02089359)>] "Seamus" 148.687515
[11/14/2012 - 04:26:35PM] PLAYER_DISTANCE_ACTOR [ObjectReference < (02089359)>] "Seamus" 148.687515
[11/14/2012 - 04:26:36PM] PLAYER_DISTANCE_ACTOR [ObjectReference < (02089359)>] "Seamus" 148.687515
[11/14/2012 - 04:26:37PM] PLAYER_DIALOGUE [TIF__01063CC6 <topic info 02063CC6 on quest ths1_MissingDog (02009344)>] NPC_SPEAKER [Actor < (02089359)>]
[11/14/2012 - 04:26:37PM] PLAYER_DISTANCE_ACTOR [ObjectReference < (02089359)>] "Seamus" 148.687515
[11/14/2012 - 04:26:38PM] PLAYER_DISTANCE_ACTOR [ObjectReference < (02089359)>] "Seamus" 145.401077
[11/14/2012 - 04:26:39PM] PLAYER_DISTANCE_ACTOR [ObjectReference < (02089359)>] "Seamus" 125.303925
[11/14/2012 - 04:26:40PM] PLAYER_MOVE Run
[11/14/2012 - 04:26:40PM] PLAYER_ACTOR_VIEW_LOSS [ObjectReference < (02089359)>] "Seamus"
[11/14/2012 - 04:26:40PM] PLAYER_DISTANCE_ACTOR [ObjectReference < (02089359)>] "Seamus" 231.261368
[11/14/2012 - 04:26:41PM] PLAYER_DISTANCE_ACTOR [ObjectReference < (02089359)>] "Seamus" 550.216980
[11/14/2012 - 04:26:42PM] PLAYER_CELL_CHANGE [Cell <Wilderness (02085D42)>] ""
[11/14/2012 - 04:26:46PM] PLAYER_TRIGGER_ENTER [ths1_TriggerEnterSCRIPT < (0208C7AD)>]
[11/14/2012 - 04:26:46PM] PLAYER_TRIGGER_ENTER [ths1_TriggerEnterSCRIPT < (0208C7AC)>]
[11/14/2012 - 04:26:48PM] PLAYER_MOVE None
[11/14/2012 - 04:26:48PM] PLAYER_TRIGGER_LEAVE [ths1_TriggerEnterSCRIPT < (0208C7AC)>]
[11/14/2012 - 04:26:48PM] PLAYER_TRIGGER_LEAVE [ths1_TriggerEnterSCRIPT < (0208C7AD)>]
[11/14/2012 - 04:26:50PM] PLAYER_MOVE Run
[11/14/2012 - 04:26:52PM] PLAYER_MOVE Sprint
[11/14/2012 - 04:26:53PM] PLAYER_MOVE Run
[11/14/2012 - 04:26:56PM] PLAYER_TRIGGER_ENTER [ths1_TriggerEnterSCRIPT < (0208C7AB)>]
[11/14/2012 - 04:26:56PM] PLAYER_MOVE None
[11/14/2012 - 04:26:58PM] PLAYER_DIALOGUE [TIF__0208000D <topic info 0208000D on quest ths1_MasterQuest (020319F7)>] NPC_SPEAKER [Actor < (02089355)>]
[11/14/2012 - 04:27:01PM] PLAYER_DIALOGUE [TIF__0208000F <topic info 0208000F on quest ths1_MasterQuest (020319F7)>] NPC_SPEAKER [Actor < (02089355)>]
[11/14/2012 - 04:27:05PM] PLAYER_MOVE Run
[11/14/2012 - 04:27:06PM] PLAYER_MOVE None
[11/14/2012 - 04:27:09PM] PLAYER_MOVE Run
[11/14/2012 - 04:27:10PM] PLAYER_MOVE None
[11/14/2012 - 04:27:11PM] PLAYER_MOVE Run
[11/14/2012 - 04:27:12PM] PLAYER_CELL_CHANGE [Cell <Wilderness (02085D40)>] ""
[11/14/2012 - 04:27:12PM] PLAYER_MOVE None
[11/14/2012 - 04:27:13PM] PLAYER_ACTOR_VIEW_GAIN [ObjectReference < (02089359)>] "Seamus"
[11/14/2012 - 04:27:14PM] PLAYER_CELL_CHANGE [Cell <Wilderness (02085D42)>] ""
[11/14/2012 - 04:27:14PM] PLAYER_MOVE Run
[11/14/2012 - 04:27:15PM] PLAYER_MOVE None
[11/14/2012 - 04:27:15PM] PLAYER_ACTOR_VIEW_GAIN [ObjectReference < (02039836)>] "Kitty"
[11/14/2012 - 04:27:16PM] PLAYER_TRIGGER_LEAVE [ths1_TriggerEnterSCRIPT < (0208C7AB)>]
[11/14/2012 - 04:27:16PM] PLAYER_MOVE Run
[11/14/2012 - 04:27:16PM] PLAYER_ACTOR_VIEW_LOSS [ObjectReference < (02039836)>] "Kitty"
[11/14/2012 - 04:27:19PM] PLAYER_WEAPON_WITHDRAWN
[11/14/2012 - 04:27:19PM] PLAYER_ACTOR_VIEW_LOSS [ObjectReference < (02089359)>] "Seamus"
[11/14/2012 - 04:27:20PM] PLAYER_MOVE None
[11/14/2012 - 04:27:22PM] PLAYER_MOVE Run
[11/14/2012 - 04:27:22PM] PLAYER_ACTOR_VIEW_GAIN [ObjectReference < (02089359)>] "Seamus"
[11/14/2012 - 04:27:24PM] PLAYER_ACTOR_VIEW_LOSS [ObjectReference < (02089359)>] "Seamus"
[11/14/2012 - 04:27:25PM] PLAYER_ACTOR_VIEW_GAIN [ObjectReference < (02089359)>] "Seamus"
[11/14/2012 - 04:27:26PM] PLAYER_ACTOR_VIEW_LOSS [ObjectReference < (02089359)>] "Seamus"
[11/14/2012 - 04:27:27PM] PLAYER_MOVE Sprint
[11/14/2012 - 04:27:28PM] PLAYER_DISTANCE_ACTOR [ObjectReference < (02089359)>] "Seamus" 1140.130859
[11/14/2012 - 04:27:29PM] PLAYER_CELL_CHANGE [Cell <Wilderness (02085D44)>] ""
[11/14/2012 - 04:27:29PM] PLAYER_MOVE Run
[11/14/2012 - 04:27:29PM] PLAYER_DISTANCE_ACTOR [ObjectReference < (02089359)>] "Seamus" 1197.315918
[11/14/2012 - 04:27:30PM] PLAYER_DISTANCE_ACTOR [ObjectReference < (02089359)>] "Seamus" 1332.641235
[11/14/2012 - 04:27:31PM] PLAYER_DISTANCE_ACTOR [ObjectReference < (02089359)>] "Seamus" 1564.414917
[11/14/2012 - 04:27:32PM] PLAYER_DISTANCE_ACTOR [ObjectReference < (02089359)>] "Seamus" 1835.335815
[11/14/2012 - 04:27:33PM] PLAYER_DISTANCE_ACTOR [ObjectReference < (02089359)>] "Seamus" 1775.531128
[11/14/2012 - 04:27:34PM] PLAYER_DISTANCE_ACTOR [ObjectReference < (02089359)>] "Seamus" 1545.550903
[11/14/2012 - 04:27:35PM] PLAYER_DISTANCE_ACTOR [ObjectReference < (02089359)>] "Seamus" 1419.917725
[11/14/2012 - 04:27:36PM] PLAYER_TRIGGER_ENTER [ths1_TriggerEnterSCRIPT < (0208CD6A)>]
[11/14/2012 - 04:27:36PM] PLAYER_DISTANCE_ACTOR [ObjectReference < (02089359)>] "Seamus" 1501.631958
[11/14/2012 - 04:27:37PM] PLAYER_DISTANCE_ACTOR [ObjectReference < (02089359)>] "Seamus" 1529.729370
[11/14/2012 - 04:27:38PM] PLAYER_DISTANCE_ACTOR [ObjectReference < (02089359)>] "Seamus" 1376.774902
[11/14/2012 - 04:27:39PM] PLAYER_DISTANCE_ACTOR [ObjectReference < (02089359)>] "Seamus" 1593.029785
[11/14/2012 - 04:27:40PM] PLAYER_DISTANCE_ACTOR [ObjectReference < (02089359)>] "Seamus" 1891.624512
[11/14/2012 - 04:27:41PM] PLAYER_DISTANCE_ACTOR [ObjectReference < (02089359)>] "Seamus" 1848.036499
[11/14/2012 - 04:27:42PM] PLAYER_DISTANCE_ACTOR [ObjectReference < (02089359)>] "Seamus" 1544.897339
[11/14/2012 - 04:27:43PM] PLAYER_TRIGGER_LEAVE [ths1_TriggerEnterSCRIPT < (0208CD6A)>]
[11/14/2012 - 04:27:43PM] PLAYER_TRIGGER_ENTER [ths1_TriggerEnterSCRIPT < (0208CD6A)>]
[11/14/2012 - 04:27:43PM] PLAYER_DISTANCE_ACTOR [ObjectReference < (02089359)>] "Seamus" 1268.109375
[11/14/2012 - 04:27:44PM] PLAYER_DISTANCE_ACTOR [ObjectReference < (02089359)>] "Seamus" 1274.221069
[11/14/2012 - 04:27:45PM] PLAYER_TRIGGER_LEAVE [ths1_TriggerEnterSCRIPT < (0208CD6A)>]
[11/14/2012 - 04:27:45PM] PLAYER_DISTANCE_ACTOR [ObjectReference < (02089359)>] "Seamus" 1392.778198
[11/14/2012 - 04:27:46PM] PLAYER_DISTANCE_ACTOR [ObjectReference < (02089359)>] "Seamus" 1623.800903
[11/14/2012 - 04:27:47PM] PLAYER_MOVE None
[11/14/2012 - 04:27:47PM] PLAYER_DISTANCE_ACTOR [ObjectReference < (02089359)>] "Seamus" 1707.104736
[11/14/2012 - 04:27:48PM] PLAYER_MOVE Run
[11/14/2012 - 04:27:48PM] PLAYER_DISTANCE_ACTOR [ObjectReference < (02089359)>] "Seamus" 1684.355713
[11/14/2012 - 04:27:48PM] PLAYER_TRIGGER_ENTER [ths1_TriggerEnterSCRIPT < (0208CD6A)>]
[11/14/2012 - 04:27:49PM] PLAYER_MOVE None
[11/14/2012 - 04:27:49PM] PLAYER_DISTANCE_ACTOR [ObjectReference < (02089359)>] "Seamus" 1611.138550
[11/14/2012 - 04:27:50PM] PLAYER_TRIGGER_LEAVE [ths1_TriggerEnterSCRIPT < (0208CD6A)>]
[11/14/2012 - 04:27:50PM] PLAYER_MOVE Run
[11/14/2012 - 04:27:50PM] PLAYER_DISTANCE_ACTOR [ObjectReference < (02089359)>] "Seamus" 1284.584229
[11/14/2012 - 04:27:51PM] PLAYER_MOVE Sprint
[11/14/2012 - 04:27:51PM] PLAYER_DISTANCE_ACTOR [ObjectReference < (02089359)>] "Seamus" 841.889832
[11/14/2012 - 04:27:52PM] PLAYER_ACTOR_VIEW_GAIN [ObjectReference < (02089359)>] "Seamus"
[11/14/2012 - 04:27:52PM] PLAYER_DISTANCE_ACTOR [ObjectReference < (02089359)>] "Seamus" 488.069214
[11/14/2012 - 04:27:53PM] PLAYER_MOVE Run
[11/14/2012 - 04:27:53PM] PLAYER_DISTANCE_ACTOR [ObjectReference < (02089359)>] "Seamus" 341.230286
[11/14/2012 - 04:27:54PM] PLAYER_DISTANCE_ACTOR [ObjectReference < (02089359)>] "Seamus" 257.254913
[11/14/2012 - 04:27:55PM] PLAYER_TRIGGER_ENTER [ths1_TriggerEnterSCRIPT < (0208C7A1)>]
[11/14/2012 - 04:27:55PM] PLAYER_ACTOR_VIEW_LOSS [ObjectReference < (02089359)>] "Seamus"
[11/14/2012 - 04:27:56PM] PLAYER_DISTANCE_ACTOR [ObjectReference < (02089359)>] "Seamus" 205.079575
[11/14/2012 - 04:27:56PM] PLAYER_DISTANCE_ACTOR [ObjectReference < (02089359)>] "Seamus" 319.017548
[11/14/2012 - 04:27:57PM] PLAYER_MOVE None
[11/14/2012 - 04:27:57PM] PLAYER_DISTANCE_ACTOR [ObjectReference < (02089359)>] "Seamus" 319.317596
[11/14/2012 - 04:27:58PM] PLAYER_DISTANCE_ACTOR [ObjectReference < (02089359)>] "Seamus" 319.435944
[11/14/2012 - 04:27:59PM] PLAYER_DISTANCE_ACTOR [ObjectReference < (02089359)>] "Seamus" 319.465912
[11/14/2012 - 04:28:00PM] PLAYER_TRIGGER_LEAVE [ths1_TriggerEnterSCRIPT < (0208C7A1)>]
[11/14/2012 - 04:28:01PM] PLAYER_CELL_CHANGE [Cell <ths1_IsaanHouse (0207113A)>] "Isaan's House"
[11/14/2012 - 04:28:02PM] PLAYER_MOVE Run
[11/14/2012 - 04:28:03PM] PLAYER_MOVE None
[11/14/2012 - 04:28:10PM] PLAYER_DIALOGUE [TIF__010098E9 <topic info 020098E9 on quest ths1_MissingDog (02009344)>] NPC_SPEAKER [Actor < (02071D11)>]
[11/14/2012 - 04:28:15PM] PLAYER_DIALOGUE [TIF__01041653 <topic info 02041653 on quest ths1_MissingDog (02009344)>] NPC_SPEAKER [Actor < (02071D11)>]
[11/14/2012 - 04:28:20PM] PLAYER_DIALOGUE [TIF__0101651B <topic info 0201651B on quest ths1_MissingDog (02009344)>] NPC_SPEAKER [Actor < (02071D11)>]
[11/14/2012 - 04:28:24PM] PLAYER_DIALOGUE [TIF__0101651D <topic info 0201651D on quest ths1_MissingDog (02009344)>] NPC_SPEAKER [Actor < (02071D11)>]
[11/14/2012 - 04:28:30PM] PLAYER_DIALOGUE [TIF__0101651F <topic info 0201651F on quest ths1_MissingDog (02009344)>] NPC_SPEAKER [Actor < (02071D11)>]
[11/14/2012 - 04:28:43PM] PLAYER_DIALOGUE [TIF__0103E4E5 <topic info 0203E4E5 on quest ths1_MissingDog (02009344)>] NPC_SPEAKER [Actor < (02071D11)>]
[11/14/2012 - 04:28:46PM] PLAYER_DIALOGUE [TIF__01063755 <topic info 02063755 on quest ths1_MissingDog (02009344)>] NPC_SPEAKER [Actor < (02071D11)>]
[11/14/2012 - 04:28:48PM] PLAYER_DIALOGUE [TIF__0101430C <topic info 0201430C on quest ths1_MissingDog (02009344)>] NPC_SPEAKER [Actor < (02071D11)>]
[11/14/2012 - 04:28:54PM] PLAYER_DIALOGUE [TIF__01063757 <topic info 02063757 on quest ths1_MissingDog (02009344)>] NPC_SPEAKER [Actor < (02071D11)>]
[11/14/2012 - 04:28:59PM] PLAYER_MOVE Run
[11/14/2012 - 04:29:01PM] PLAYER_MOVE None
[11/14/2012 - 04:29:04PM] PLAYER_MOVE Run
[11/14/2012 - 04:29:06PM] PLAYER_MOVE None
[11/14/2012 - 04:29:08PM] PLAYER_MOVE Run
[11/14/2012 - 04:29:10PM] PLAYER_MOVE None
[11/14/2012 - 04:29:11PM] PLAYER_MOVE Run
[11/14/2012 - 04:29:15PM] PLAYER_MOVE None
[11/14/2012 - 04:29:16PM] PLAYER_CELL_CHANGE [Cell <Wilderness (02085D44)>] ""
[11/14/2012 - 04:29:16PM] PLAYER_WORLDSPACE_CHANGE [WorldSpace <ths1_Town (02085D17)>] "Town"
[11/14/2012 - 04:29:17PM] PLAYER_ACTOR_VIEW_GAIN [ObjectReference < (02089359)>] "Seamus"
[11/14/2012 - 04:29:17PM] PLAYER_DISTANCE_ACTOR [ObjectReference < (02089359)>] "Seamus" 429.545685
[11/14/2012 - 04:29:17PM] PLAYER_TRIGGER_ENTER [ths1_TriggerEnterSCRIPT < (0208C7A1)>]
[11/14/2012 - 04:29:17PM] PLAYER_MOVE Run
[11/14/2012 - 04:29:18PM] PLAYER_DISTANCE_ACTOR [ObjectReference < (02089359)>] "Seamus" 274.056885
[11/14/2012 - 04:29:18PM] PLAYER_TRIGGER_LEAVE [ths1_TriggerEnterSCRIPT < (0208C7A1)>]
[11/14/2012 - 04:29:19PM] PLAYER_ACTOR_VIEW_LOSS [ObjectReference < (02089359)>] "Seamus"
[11/14/2012 - 04:29:19PM] PLAYER_DISTANCE_ACTOR [ObjectReference < (02089359)>] "Seamus" 167.951096
[11/14/2012 - 04:29:20PM] PLAYER_DISTANCE_ACTOR [ObjectReference < (02089359)>] "Seamus" 450.391266
[11/14/2012 - 04:29:21PM] PLAYER_DISTANCE_ACTOR [ObjectReference < (02089359)>] "Seamus" 802.778381
[11/14/2012 - 04:29:21PM] PLAYER_CELL_CHANGE [Cell <Wilderness (02085D42)>] ""
[11/14/2012 - 04:29:23PM] PLAYER_ACTOR_VIEW_GAIN [ObjectReference < (02039836)>] "Kitty"
[11/14/2012 - 04:29:25PM] PLAYER_CELL_CHANGE [Cell <Wilderness (02085D4C)>] ""
[11/14/2012 - 04:29:26PM] PLAYER_ACTOR_VIEW_LOSS [ObjectReference < (02039836)>] "Kitty"
[11/14/2012 - 04:29:28PM] PLAYER_TRIGGER_ENTER [ths1_TriggerEnterSCRIPT < (0208C7A8)>]
[11/14/2012 - 04:29:29PM] PLAYER_TRIGGER_LEAVE [ths1_TriggerEnterSCRIPT < (0208C7A8)>]
[11/14/2012 - 04:29:29PM] PLAYER_TRIGGER_ENTER [ths1_TriggerEnterSCRIPT < (0208C7AA)>]
[11/14/2012 - 04:29:29PM] PLAYER_MOVE None
[11/14/2012 - 04:29:34PM] PLAYER_TRIGGER_LEAVE [ths1_TriggerEnterSCRIPT < (0208C7AA)>]
[11/14/2012 - 04:29:34PM] PLAYER_CELL_CHANGE [Cell <ths1_TempleInterior (02019CC3)>] "Town Temple"
[11/14/2012 - 04:29:37PM] PLAYER_MOVE Run
[11/14/2012 - 04:29:38PM] PLAYER_MOVE None
[11/14/2012 - 04:29:39PM] PLAYER_MOVE Run
[11/14/2012 - 04:29:40PM] PLAYER_MOVE None
[11/14/2012 - 04:29:46PM] PLAYER_DIALOGUE [TIF__02074354 <topic info 02074354 on quest ths1_BarrianBookQuest (0204540C)>] NPC_SPEAKER [Actor < (020371CE)>]
[11/14/2012 - 04:29:51PM] PLAYER_MOVE Run
[11/14/2012 - 04:29:52PM] PLAYER_TRIGGER_ENTER [ths1_TriggerEnterSCRIPT < (02074E61)>]
[11/14/2012 - 04:29:53PM] PLAYER_MOVE None
[11/14/2012 - 04:29:55PM] PLAYER_DIALOGUE [TIF__010469EA <topic info 020469EA on quest ths1_BarrianBookQuest (0204540C)>] NPC_SPEAKER [Actor < (020371CF)>]
[11/14/2012 - 04:30:00PM] PLAYER_TRIGGER_ENTER [ths1_TriggerEnterSCRIPT < (02074E5F)>]
[11/14/2012 - 04:30:01PM] PLAYER_MOVE Run
[11/14/2012 - 04:30:01PM] PLAYER_TRIGGER_LEAVE [ths1_TriggerEnterSCRIPT < (02074E61)>]
[11/14/2012 - 04:30:01PM] PLAYER_TRIGGER_LEAVE [ths1_TriggerEnterSCRIPT < (02074E5F)>]
[11/14/2012 - 04:30:03PM] PLAYER_TRIGGER_ENTER [ths1_TriggerEnterSCRIPT < (02074E5E)>]
[11/14/2012 - 04:30:03PM] PLAYER_TRIGGER_LEAVE [ths1_TriggerEnterSCRIPT < (02074E5E)>]
[11/14/2012 - 04:30:04PM] PLAYER_MOVE None
[11/14/2012 - 04:30:08PM] PLAYER_MOVE Run
[11/14/2012 - 04:30:09PM] PLAYER_MOVE None
[11/14/2012 - 04:30:56PM] Log closed
