[11/08/2012 - 04:06:44PM] 0 log opened (PC)
[11/08/2012 - 04:06:44PM] PLAYER_MOVE None
[11/08/2012 - 04:06:56PM] PLAYER_POV_CHANGE THIRD_PERSON
[11/08/2012 - 04:06:59PM] PLAYER_WEAPON_RIGHT [WEAPON < (00013790)>] "Iron War Axe"
[11/08/2012 - 04:07:06PM] PLAYER_TRIGGER_ENTER [ths1_TriggerEnterSCRIPT < (02074E57)>]
[11/08/2012 - 04:07:08PM] PLAYER_TRIGGER_LEAVE [ths1_TriggerEnterSCRIPT < (02074E57)>]
[11/08/2012 - 04:07:16PM] PLAYER_TRIGGER_ENTER [ths1_TriggerEnterSCRIPT < (02074E53)>]
[11/08/2012 - 04:07:19PM] PLAYER_ITEM_OBTAIN [Form < (000139B7)>] [ObjectReference < (020711F4)>] "Daedric Greatsword" COUNT 1 CONTAINER None
[11/08/2012 - 04:07:21PM] PLAYER_ITEM_OBTAIN [Form < (000139B5)>] [ObjectReference < (0207120C)>] "Daedric Bow" COUNT 1 CONTAINER None
[11/08/2012 - 04:07:25PM] PLAYER_TRIGGER_LEAVE [ths1_TriggerEnterSCRIPT < (02074E53)>]
[11/08/2012 - 04:07:26PM] PLAYER_TRIGGER_ENTER [ths1_TriggerEnterSCRIPT < (02074E57)>]
[11/08/2012 - 04:07:27PM] PLAYER_TRIGGER_LEAVE [ths1_TriggerEnterSCRIPT < (02074E57)>]
[11/08/2012 - 04:07:29PM] PLAYER_ITEM_OBTAIN [Form < (000139C0)>] [ObjectReference < (0207120B)>] "Daedric Arrow" COUNT 50 CONTAINER None
[11/08/2012 - 04:07:32PM] PLAYER_ITEM_OBTAIN [Form < (000139B3)>] [ObjectReference < (020711F6)>] "Daedric War Axe" COUNT 1 CONTAINER None
[11/08/2012 - 04:07:35PM] PLAYER_TRIGGER_ENTER [ths1_TriggerEnterSCRIPT < (02074E57)>]
[11/08/2012 - 04:07:35PM] PLAYER_TRIGGER_ENTER [ths1_TriggerEnterSCRIPT < (02074E53)>]
[11/08/2012 - 04:07:35PM] PLAYER_TRIGGER_LEAVE [ths1_TriggerEnterSCRIPT < (02074E57)>]
[11/08/2012 - 04:07:36PM] PLAYER_TRIGGER_ENTER [ths1_TriggerEnterSCRIPT < (02074E57)>]
[11/08/2012 - 04:08:41PM] PLAYER_ITEM_OBTAIN [Form < (0010F776)>] [ObjectReference < (0207B7BE)>] "Atronach Forge Recipe" COUNT 1 CONTAINER None
[11/08/2012 - 04:08:42PM] PLAYER_WEAPON_WITHDRAWN
[11/08/2012 - 04:08:45PM] PLAYER_TRIGGER_LEAVE [ths1_TriggerEnterSCRIPT < (02074E53)>]
[11/08/2012 - 04:08:48PM] PLAYER_TRIGGER_ENTER [ths1_TriggerEnterSCRIPT < (02074E53)>]
[11/08/2012 - 04:08:48PM] PLAYER_MOVE Run
[11/08/2012 - 04:08:48PM] PLAYER_TRIGGER_LEAVE [ths1_TriggerEnterSCRIPT < (02074E57)>]
[11/08/2012 - 04:08:49PM] PLAYER_TRIGGER_ENTER [ths1_TriggerEnterSCRIPT < (02074E57)>]
[11/08/2012 - 04:08:49PM] PLAYER_MOVE None
[11/08/2012 - 04:08:49PM] PLAYER_TRIGGER_LEAVE [ths1_TriggerEnterSCRIPT < (02074E53)>]
[11/08/2012 - 04:08:53PM] PLAYER_ITEM_OBTAIN [Form < (000139B8)>] [ObjectReference < (020711F5)>] "Daedric Mace" COUNT 1 CONTAINER None
[11/08/2012 - 04:08:58PM] PLAYER_ITEM_OBTAIN [Form < (00064B2E)>] [ObjectReference < (020711CD)>] "Red Apple" COUNT 1 CONTAINER None
[11/08/2012 - 04:08:59PM] PLAYER_ITEM_OBTAIN [Form < (0002E4F4)>] [ObjectReference < (020711D0)>] "Greater Soul Gem" COUNT 1 CONTAINER None
[11/08/2012 - 04:09:03PM] PLAYER_ITEM_OBTAIN [Ingredient < (0003AD5E)>] [ObjectReference < (020711FE)>] "Fire Salts" COUNT 1 CONTAINER None
[11/08/2012 - 04:09:05PM] PLAYER_ITEM_OBTAIN [Form < (0003AD5F)>] [ObjectReference < (020711BC)>] "Frost Salts" COUNT 1 CONTAINER None
[11/08/2012 - 04:09:11PM] PLAYER_TRIGGER_ENTER [ths1_TriggerEnterSCRIPT < (02074E58)>]
[11/08/2012 - 04:09:13PM] PLAYER_TRIGGER_LEAVE [ths1_TriggerEnterSCRIPT < (02074E58)>]
[11/08/2012 - 04:09:16PM] PLAYER_TRIGGER_ENTER [ths1_TriggerEnterSCRIPT < (02074E58)>]
[11/08/2012 - 04:09:16PM] PLAYER_TRIGGER_LEAVE [ths1_TriggerEnterSCRIPT < (02074E58)>]
[11/08/2012 - 04:09:23PM] PLAYER_ITEM_OBTAIN [Form < (0003AD60)>] [ObjectReference < (020711D3)>] "Void Salts" COUNT 1 CONTAINER None
[11/08/2012 - 04:09:24PM] PLAYER_ITEM_OBTAIN [Form < (00064B2F)>] [ObjectReference < (020711CC)>] "Green Apple" COUNT 1 CONTAINER None
[11/08/2012 - 04:09:29PM] PLAYER_ITEM_OBTAIN [Form < (0003AD71)>] [ObjectReference < (020711BD)>] "Taproot" COUNT 1 CONTAINER None
[11/08/2012 - 04:09:32PM] PLAYER_ITEM_OBTAIN [SoulGem < (0002E504)>] [ObjectReference < (020711D1)>] "Black Soul Gem" COUNT 1 CONTAINER None
[11/08/2012 - 04:09:34PM] PLAYER_TRIGGER_ENTER [ths1_TriggerEnterSCRIPT < (02074E58)>]
[11/08/2012 - 04:09:36PM] PLAYER_TRIGGER_LEAVE [ths1_TriggerEnterSCRIPT < (02074E57)>]
[11/08/2012 - 04:09:47PM] PLAYER_TRIGGER_LEAVE [ths1_TriggerEnterSCRIPT < (02074E58)>]
[11/08/2012 - 04:09:47PM] PLAYER_MOVE Run
[11/08/2012 - 04:09:48PM] PLAYER_TRIGGER_ENTER [ths1_TriggerEnterSCRIPT < (02074E52)>]
[11/08/2012 - 04:09:48PM] PLAYER_MOVE None
[11/08/2012 - 04:10:25PM] PLAYER_TRIGGER_LEAVE [ths1_TriggerEnterSCRIPT < (02074E52)>]
[11/08/2012 - 04:10:25PM] PLAYER_MOVE Run
[11/08/2012 - 04:10:26PM] PLAYER_MOVE None
[11/08/2012 - 04:10:42PM] PLAYER_ITEM_REMOVED [Form < (00064B2F)>] [ObjectReference < (020711CC)>] "Green Apple" COUNT 1 CONTAINER None
[11/08/2012 - 04:10:42PM] PLAYER_ITEM_REMOVED [Form < (00064B2F)>] None "Green Apple" COUNT 1 CONTAINER None
[11/08/2012 - 04:10:44PM] PLAYER_ITEM_REMOVED [Form < (00064B2E)>] [ObjectReference < (020711CD)>] "Red Apple" COUNT 1 CONTAINER None
[11/08/2012 - 04:10:44PM] PLAYER_ITEM_REMOVED [Form < (00064B2E)>] None "Red Apple" COUNT 1 CONTAINER None
[11/08/2012 - 04:10:57PM] PLAYER_TRIGGER_ENTER [ths1_TriggerEnterSCRIPT < (02074E52)>]
[11/08/2012 - 04:10:58PM] PLAYER_TRIGGER_LEAVE [ths1_TriggerEnterSCRIPT < (02074E52)>]
[11/08/2012 - 04:11:03PM] PLAYER_TRIGGER_ENTER [ths1_TriggerEnterSCRIPT < (02074E52)>]
[11/08/2012 - 04:11:03PM] PLAYER_TRIGGER_LEAVE [ths1_TriggerEnterSCRIPT < (02074E52)>]
[11/08/2012 - 04:11:04PM] PLAYER_MOVE Run
[11/08/2012 - 04:11:04PM] PLAYER_TRIGGER_ENTER [ths1_TriggerEnterSCRIPT < (02074E51)>]
[11/08/2012 - 04:11:05PM] PLAYER_MOVE None
[11/08/2012 - 04:11:06PM] PLAYER_TRIGGER_LEAVE [ths1_TriggerEnterSCRIPT < (02074E51)>]
[11/08/2012 - 04:11:07PM] PLAYER_TRIGGER_ENTER [ths1_TriggerEnterSCRIPT < (02074E50)>]
[11/08/2012 - 04:11:08PM] PLAYER_TRIGGER_LEAVE [ths1_TriggerEnterSCRIPT < (02074E50)>]
[11/08/2012 - 04:11:11PM] PLAYER_MOVE Run
[11/08/2012 - 04:11:12PM] PLAYER_MOVE None
[11/08/2012 - 04:11:13PM] PLAYER_ITEM_OBTAIN [Form < (0004DA00)>] [ObjectReference < (02071201)>] "Fly Amanita" COUNT 1 CONTAINER None
[11/08/2012 - 04:11:14PM] PLAYER_ITEM_OBTAIN [Form < (0004DA23)>] [ObjectReference < (02071200)>] "Imp Stool" COUNT 1 CONTAINER None
[11/08/2012 - 04:11:15PM] PLAYER_ITEM_OBTAIN [Form < (0004DA22)>] [ObjectReference < (020711FF)>] "White Cap" COUNT 1 CONTAINER None
[11/08/2012 - 04:11:17PM] PLAYER_ITEM_OBTAIN [MiscObject < (0003AD6C)>] [ObjectReference < (020711F8)>] "Mammoth Tusk" COUNT 1 CONTAINER None
[11/08/2012 - 04:11:18PM] PLAYER_ITEM_OBTAIN [Form < (000508CA)>] [ObjectReference < (020711FB)>] "Honningbrew Mead" COUNT 1 CONTAINER None
[11/08/2012 - 04:11:19PM] PLAYER_ITEM_OBTAIN [Potion < (0002C35A)>] [ObjectReference < (020711FC)>] "Black-Briar Mead" COUNT 1 CONTAINER None
[11/08/2012 - 04:11:20PM] PLAYER_ITEM_OBTAIN [Form < (000F693F)>] [ObjectReference < (020711FA)>] "Black-Briar Reserve" COUNT 1 CONTAINER None
[11/08/2012 - 04:11:21PM] PLAYER_ITEM_OBTAIN [Potion < (00085368)>] [ObjectReference < (020711F9)>] "Spiced Wine" COUNT 1 CONTAINER None
[11/08/2012 - 04:11:24PM] PLAYER_ITEM_OBTAIN [Form < (00064B34)>] [ObjectReference < (02071207)>] "Eidar Cheese Wheel" COUNT 1 CONTAINER None
[11/08/2012 - 04:11:25PM] PLAYER_ITEM_OBTAIN [Form < (00064B34)>] [ObjectReference < (02071208)>] "Eidar Cheese Wheel" COUNT 1 CONTAINER None
[11/08/2012 - 04:11:27PM] PLAYER_ITEM_OBTAIN [Form < (00064B34)>] [ObjectReference < (02071206)>] "Eidar Cheese Wheel" COUNT 1 CONTAINER None
[11/08/2012 - 04:11:27PM] PLAYER_ITEM_OBTAIN [Form < (00064B34)>] [ObjectReference < (02071205)>] "Eidar Cheese Wheel" COUNT 1 CONTAINER None
[11/08/2012 - 04:11:28PM] PLAYER_ITEM_OBTAIN [Form < (00064B34)>] [ObjectReference < (02071204)>] "Eidar Cheese Wheel" COUNT 1 CONTAINER None
[11/08/2012 - 04:11:29PM] PLAYER_ITEM_OBTAIN [Form < (00064B34)>] [ObjectReference < (02071203)>] "Eidar Cheese Wheel" COUNT 1 CONTAINER None
[11/08/2012 - 04:11:32PM] PLAYER_ITEM_OBTAIN [Form < (00064B34)>] [ObjectReference < (02071202)>] "Eidar Cheese Wheel" COUNT 1 CONTAINER None
[11/08/2012 - 04:11:36PM] PLAYER_MOVE Run
[11/08/2012 - 04:11:36PM] PLAYER_TRIGGER_ENTER [ths1_TriggerEnterSCRIPT < (02074E54)>]
[11/08/2012 - 04:11:37PM] PLAYER_MOVE None
[11/08/2012 - 04:11:38PM] PLAYER_ITEM_OBTAIN [Form < (0001895F)>] [ObjectReference < (020711F3)>] "Firebrand Wine" COUNT 1 CONTAINER None
[11/08/2012 - 04:11:39PM] PLAYER_ITEM_OBTAIN [Form < (00098621)>] [ObjectReference < (020711EF)>] "Goblet" COUNT 1 CONTAINER None
[11/08/2012 - 04:11:41PM] PLAYER_ITEM_OBTAIN [Form < (000E8947)>] [ObjectReference < (020711E7)>] "Grilled Chicken Breast" COUNT 1 CONTAINER None
[11/08/2012 - 04:11:42PM] PLAYER_ITEM_OBTAIN [Form < (00064B3C)>] [ObjectReference < (020711E8)>] "Seared Slaughterfish" COUNT 1 CONTAINER None
[11/08/2012 - 04:11:43PM] PLAYER_ITEM_OBTAIN [Form < (00064B3B)>] [ObjectReference < (020711E6)>] "Salmon Steak" COUNT 1 CONTAINER None
[11/08/2012 - 04:11:44PM] PLAYER_ITEM_OBTAIN [Form < (000721E8)>] [ObjectReference < (0207120A)>] "Cooked Beef" COUNT 1 CONTAINER None
[11/08/2012 - 04:11:45PM] PLAYER_ITEM_OBTAIN [Form < (00065C97)>] [ObjectReference < (020711E9)>] "Bread" COUNT 1 CONTAINER None
[11/08/2012 - 04:11:51PM] PLAYER_ITEM_REMOVED [Potion < (0002C35A)>] [ObjectReference < (020711FC)>] "Black-Briar Mead" COUNT 1 CONTAINER None
[11/08/2012 - 04:11:51PM] PLAYER_ITEM_REMOVED [Potion < (0002C35A)>] None "Black-Briar Mead" COUNT 1 CONTAINER None
[11/08/2012 - 04:11:51PM] PLAYER_ITEM_REMOVED [Form < (000F693F)>] [ObjectReference < (020711FA)>] "Black-Briar Reserve" COUNT 1 CONTAINER None
[11/08/2012 - 04:11:52PM] PLAYER_ITEM_REMOVED [Form < (000F693F)>] None "Black-Briar Reserve" COUNT 1 CONTAINER None
[11/08/2012 - 04:11:52PM] PLAYER_ITEM_REMOVED [Form < (00065C97)>] [ObjectReference < (020711E9)>] "Bread" COUNT 1 CONTAINER None
[11/08/2012 - 04:11:52PM] PLAYER_ITEM_REMOVED [Form < (00065C97)>] None "Bread" COUNT 1 CONTAINER None
[11/08/2012 - 04:11:53PM] PLAYER_ITEM_REMOVED [Form < (000721E8)>] [ObjectReference < (0207120A)>] "Cooked Beef" COUNT 1 CONTAINER None
[11/08/2012 - 04:11:53PM] PLAYER_ITEM_REMOVED [Form < (000721E8)>] None "Cooked Beef" COUNT 1 CONTAINER None
[11/08/2012 - 04:11:53PM] PLAYER_ITEM_REMOVED [Form < (00064B34)>] [ObjectReference < (02071202)>] "Eidar Cheese Wheel" COUNT 1 CONTAINER None
[11/08/2012 - 04:11:53PM] PLAYER_ITEM_REMOVED [Form < (00064B34)>] None "Eidar Cheese Wheel" COUNT 1 CONTAINER None
[11/08/2012 - 04:11:54PM] PLAYER_ITEM_REMOVED [Form < (00064B34)>] [ObjectReference < (02071203)>] "Eidar Cheese Wheel" COUNT 1 CONTAINER None
[11/08/2012 - 04:11:54PM] PLAYER_ITEM_REMOVED [Form < (00064B34)>] None "Eidar Cheese Wheel" COUNT 1 CONTAINER None
[11/08/2012 - 04:11:54PM] PLAYER_ITEM_REMOVED [Form < (00064B34)>] [ObjectReference < (02071204)>] "Eidar Cheese Wheel" COUNT 1 CONTAINER None
[11/08/2012 - 04:11:54PM] PLAYER_ITEM_REMOVED [Form < (00064B34)>] None "Eidar Cheese Wheel" COUNT 1 CONTAINER None
[11/08/2012 - 04:11:55PM] PLAYER_ITEM_REMOVED [Form < (00064B34)>] [ObjectReference < (02071205)>] "Eidar Cheese Wheel" COUNT 1 CONTAINER None
[11/08/2012 - 04:11:55PM] PLAYER_ITEM_REMOVED [Form < (00064B34)>] None "Eidar Cheese Wheel" COUNT 1 CONTAINER None
[11/08/2012 - 04:11:55PM] PLAYER_ITEM_REMOVED [Form < (00064B34)>] [ObjectReference < (02071206)>] "Eidar Cheese Wheel" COUNT 1 CONTAINER None
[11/08/2012 - 04:11:55PM] PLAYER_ITEM_REMOVED [Form < (00064B34)>] None "Eidar Cheese Wheel" COUNT 1 CONTAINER None
[11/08/2012 - 04:11:56PM] PLAYER_ITEM_REMOVED [Form < (00064B34)>] [ObjectReference < (02071208)>] "Eidar Cheese Wheel" COUNT 1 CONTAINER None
[11/08/2012 - 04:11:56PM] PLAYER_ITEM_REMOVED [Form < (00064B34)>] None "Eidar Cheese Wheel" COUNT 1 CONTAINER None
[11/08/2012 - 04:11:56PM] PLAYER_ITEM_REMOVED [Form < (00064B34)>] [ObjectReference < (02071207)>] "Eidar Cheese Wheel" COUNT 1 CONTAINER None
[11/08/2012 - 04:11:56PM] PLAYER_ITEM_REMOVED [Form < (00064B34)>] None "Eidar Cheese Wheel" COUNT 1 CONTAINER None
[11/08/2012 - 04:11:57PM] PLAYER_ITEM_REMOVED [Form < (0001895F)>] [ObjectReference < (020711F3)>] "Firebrand Wine" COUNT 1 CONTAINER None
[11/08/2012 - 04:11:57PM] PLAYER_ITEM_REMOVED [Form < (0001895F)>] None "Firebrand Wine" COUNT 1 CONTAINER None
[11/08/2012 - 04:11:57PM] PLAYER_ITEM_REMOVED [Form < (000E8947)>] [ObjectReference < (020711E7)>] "Grilled Chicken Breast" COUNT 1 CONTAINER None
[11/08/2012 - 04:11:57PM] PLAYER_ITEM_REMOVED [Form < (000E8947)>] None "Grilled Chicken Breast" COUNT 1 CONTAINER None
[11/08/2012 - 04:11:58PM] PLAYER_ITEM_REMOVED [Form < (000508CA)>] [ObjectReference < (020711FB)>] "Honningbrew Mead" COUNT 1 CONTAINER None
[11/08/2012 - 04:11:58PM] PLAYER_ITEM_REMOVED [Form < (000508CA)>] None "Honningbrew Mead" COUNT 1 CONTAINER None
[11/08/2012 - 04:11:58PM] PLAYER_ITEM_REMOVED [Form < (00064B3B)>] [ObjectReference < (020711E6)>] "Salmon Steak" COUNT 1 CONTAINER None
[11/08/2012 - 04:11:58PM] PLAYER_ITEM_REMOVED [Form < (00064B3B)>] None "Salmon Steak" COUNT 1 CONTAINER None
[11/08/2012 - 04:11:58PM] PLAYER_ITEM_REMOVED [Form < (00064B3C)>] [ObjectReference < (020711E8)>] "Seared Slaughterfish" COUNT 1 CONTAINER None
[11/08/2012 - 04:11:58PM] PLAYER_ITEM_REMOVED [Form < (00064B3C)>] None "Seared Slaughterfish" COUNT 1 CONTAINER None
[11/08/2012 - 04:11:59PM] PLAYER_ITEM_REMOVED [Potion < (00085368)>] [ObjectReference < (020711F9)>] "Spiced Wine" COUNT 1 CONTAINER None
[11/08/2012 - 04:11:59PM] PLAYER_ITEM_REMOVED [Potion < (00085368)>] None "Spiced Wine" COUNT 1 CONTAINER None
[11/08/2012 - 04:12:05PM] PLAYER_MOVE Run
[11/08/2012 - 04:12:06PM] PLAYER_MOVE None
[11/08/2012 - 04:12:09PM] PLAYER_ITEM_OBTAIN [Form < (00064B3D)>] [ObjectReference < (020711E2)>] "Sweet Roll" COUNT 1 CONTAINER None
[11/08/2012 - 04:12:10PM] PLAYER_ITEM_OBTAIN [Form < (00064B3D)>] [ObjectReference < (020711E4)>] "Sweet Roll" COUNT 1 CONTAINER None
[11/08/2012 - 04:12:11PM] PLAYER_ITEM_OBTAIN [Form < (00064B3D)>] [ObjectReference < (020711E3)>] "Sweet Roll" COUNT 1 CONTAINER None
[11/08/2012 - 04:12:11PM] PLAYER_ITEM_OBTAIN [Form < (00064B3D)>] [ObjectReference < (020711E1)>] "Sweet Roll" COUNT 1 CONTAINER None
[11/08/2012 - 04:12:12PM] PLAYER_ITEM_OBTAIN [Form < (00064B3D)>] [ObjectReference < (020711E0)>] "Sweet Roll" COUNT 1 CONTAINER None
[11/08/2012 - 04:12:12PM] PLAYER_ITEM_OBTAIN [Form < (00064B3D)>] [ObjectReference < (020711E5)>] "Sweet Roll" COUNT 1 CONTAINER None
[11/08/2012 - 04:12:17PM] PLAYER_ITEM_OBTAIN [Form < (00098623)>] [ObjectReference < (020711DF)>] "Jug" COUNT 1 CONTAINER None
[11/08/2012 - 04:12:20PM] PLAYER_MOVE Run
[11/08/2012 - 04:12:21PM] PLAYER_TRIGGER_LEAVE [ths1_TriggerEnterSCRIPT < (02074E54)>]
[11/08/2012 - 04:12:22PM] PLAYER_MOVE None
[11/08/2012 - 04:12:24PM] PLAYER_TRIGGER_ENTER [ths1_TriggerEnterSCRIPT < (02074E4F)>]
[11/08/2012 - 04:12:24PM] PLAYER_MOVE Run
[11/08/2012 - 04:12:30PM] PLAYER_TRIGGER_LEAVE [ths1_TriggerEnterSCRIPT < (02074E4F)>]
[11/08/2012 - 04:12:30PM] PLAYER_TRIGGER_ENTER [ths1_TriggerEnterSCRIPT < (0208C788)>]
[11/08/2012 - 04:12:40PM] PLAYER_CELL_CHANGE [Cell <Wilderness (02085D56)>] ""
[11/08/2012 - 04:12:40PM] PLAYER_WORLDSPACE_CHANGE [WorldSpace <ths1_Town (02085D17)>] "Town"
[11/08/2012 - 04:12:40PM] PLAYER_MOVE None
[11/08/2012 - 04:12:41PM] PLAYER_WEAPON_RIGHT [WEAPON < (000139B7)>] "Daedric Greatsword"
[11/08/2012 - 04:12:42PM] PLAYER_MOVE Run
[11/08/2012 - 04:12:43PM] PLAYER_MOVE None
[11/08/2012 - 04:12:45PM] PLAYER_TRIGGER_LEAVE [ths1_TriggerEnterSCRIPT < (0208C788)>]
[11/08/2012 - 04:12:45PM] PLAYER_MOVE Run
[11/08/2012 - 04:12:46PM] PLAYER_CELL_CHANGE [Cell <Wilderness (02085D34)>] ""
[11/08/2012 - 04:12:48PM] PLAYER_MOVE None
[11/08/2012 - 04:12:51PM] PLAYER_MOVE Run
[11/08/2012 - 04:12:52PM] PLAYER_TRIGGER_ENTER [ths1_TriggerEnterSCRIPT < (0208CDAB)>]
[11/08/2012 - 04:12:53PM] PLAYER_FIGHT [Actor < (0208BC45)>] "Roman The Hero"
[11/08/2012 - 04:12:53PM] PLAYER_MOVE None
[11/08/2012 - 04:12:54PM] PLAYER_FIGHT None ""
[11/08/2012 - 04:12:55PM] PLAYER_FIGHT None ""
[11/08/2012 - 04:12:56PM] PLAYER_FIGHT [Actor < (0208BC45)>] "Roman The Hero"
[11/08/2012 - 04:13:00PM] PLAYER_TRIGGER_LEAVE [ths1_TriggerEnterSCRIPT < (0208CDAB)>]
[11/08/2012 - 04:13:02PM] PLAYER_TRIGGER_ENTER [ths1_TriggerEnterSCRIPT < (0208CDAB)>]
[11/08/2012 - 04:13:10PM] PLAYER_ITEM_OBTAIN [Form < (00013964)>] None "Ebony Shield" COUNT 1 CONTAINER [Actor < (0208BC45)>]
[11/08/2012 - 04:13:11PM] PLAYER_ITEM_OBTAIN [Armor < (00052794)>] None "Ebony Mail" COUNT 1 CONTAINER [Actor < (0208BC45)>]
[11/08/2012 - 04:13:11PM] PLAYER_ITEM_OBTAIN [Form < (00013960)>] None "Ebony Boots" COUNT 1 CONTAINER [Actor < (0208BC45)>]
[11/08/2012 - 04:13:11PM] PLAYER_ITEM_OBTAIN [Form < (00013962)>] None "Ebony Gauntlets" COUNT 1 CONTAINER [Actor < (0208BC45)>]
[11/08/2012 - 04:14:12PM] PLAYER_WEAPON_RIGHT nothing
[11/08/2012 - 04:14:15PM] PLAYER_TRIGGER_LEAVE [ths1_TriggerEnterSCRIPT < (0208CDAB)>]
[11/08/2012 - 04:14:16PM] PLAYER_TRIGGER_ENTER [ths1_TriggerEnterSCRIPT < (0208CDAB)>]
[11/08/2012 - 04:14:16PM] PLAYER_MOVE Run
[11/08/2012 - 04:14:18PM] PLAYER_TRIGGER_LEAVE [ths1_TriggerEnterSCRIPT < (0208CDAB)>]
[11/08/2012 - 04:14:20PM] PLAYER_MOVE None
[11/08/2012 - 04:14:21PM] PLAYER_ITEM_OBTAIN [Form < (00077E1E)>] None "Purple Mountain Flower" COUNT 1 CONTAINER None
[11/08/2012 - 04:14:23PM] PLAYER_MOVE Run
[11/08/2012 - 04:14:24PM] PLAYER_TRIGGER_ENTER [ths1_TriggerEnterSCRIPT < (0208C7C2)>]
[11/08/2012 - 04:14:24PM] PLAYER_ITEM_OBTAIN [Form < (00077E1E)>] None "Purple Mountain Flower" COUNT 1 CONTAINER None
[11/08/2012 - 04:14:24PM] PLAYER_MOVE None
[11/08/2012 - 04:14:25PM] PLAYER_MOVE Run
[11/08/2012 - 04:14:26PM] PLAYER_TRIGGER_LEAVE [ths1_TriggerEnterSCRIPT < (0208C7C2)>]
[11/08/2012 - 04:14:26PM] PLAYER_CELL_CHANGE [Cell <Wilderness (02085D4C)>] ""
[11/08/2012 - 04:14:31PM] PLAYER_TRIGGER_ENTER [ths1_TriggerEnterSCRIPT < (0208C7C0)>]
[11/08/2012 - 04:14:32PM] PLAYER_TRIGGER_LEAVE [ths1_TriggerEnterSCRIPT < (0208C7C0)>]
[11/08/2012 - 04:14:32PM] PLAYER_MOVE None
[11/08/2012 - 04:14:38PM] PLAYER_TRIGGER_ENTER [ths1_TriggerEnterSCRIPT < (020748BF)>]
[11/08/2012 - 04:14:39PM] PLAYER_CELL_CHANGE [Cell <ths1_MuseumInterior (02044D5A)>] "Bubbsey's Oddity Emporium"
[11/08/2012 - 04:14:41PM] PLAYER_MOVE Run
[11/08/2012 - 04:14:41PM] PLAYER_TRIGGER_LEAVE [ths1_TriggerEnterSCRIPT < (020748BF)>]
[11/08/2012 - 04:14:43PM] PLAYER_MOVE None
[11/08/2012 - 04:14:45PM] PLAYER_MOVE Run
[11/08/2012 - 04:14:47PM] PLAYER_MOVE None
[11/08/2012 - 04:14:51PM] PLAYER_DIALOGUE [TIF__0106683D <topic info 0206683D on quest ths1_CaptiveOrc (0201A9F8)>] NPC_SPEAKER [Actor < (02049751)>]
[11/08/2012 - 04:14:57PM] PLAYER_DIALOGUE [TIF__01064239 <topic info 02064239 on quest ths1_CaptiveOrc (0201A9F8)>] NPC_SPEAKER [Actor < (02049751)>]
[11/08/2012 - 04:15:02PM] PLAYER_DIALOGUE [TIF__0103F01B <topic info 0203F01B on quest ths1_CaptiveOrc (0201A9F8)>] NPC_SPEAKER [Actor < (02049751)>]
[11/08/2012 - 04:15:03PM] QUEST_STAGE_CHANGE [ths1_CaptiveOrcQuestSCRIPT <ths1_CaptiveOrc (0201A9F8)>] "The Museum Attraction" 3
[11/08/2012 - 04:15:11PM] PLAYER_DIALOGUE [TIF__0106990B <topic info 0206990B on quest ths1_CaptiveOrc (0201A9F8)>] NPC_SPEAKER [Actor < (02049751)>]
[11/08/2012 - 04:15:16PM] PLAYER_DIALOGUE [TIF__0106683D <topic info 0206683D on quest ths1_CaptiveOrc (0201A9F8)>] NPC_SPEAKER [Actor < (02049751)>]
[11/08/2012 - 04:15:18PM] PLAYER_WEAPON_WITHDRAWN
[11/08/2012 - 04:15:23PM] PLAYER_MOVE Run
[11/08/2012 - 04:15:24PM] PLAYER_TRIGGER_ENTER [ths1_TriggerEnterSCRIPT < (020748C8)>]
[11/08/2012 - 04:15:25PM] PLAYER_MOVE None
[11/08/2012 - 04:15:26PM] PLAYER_TRIGGER_LEAVE [ths1_TriggerEnterSCRIPT < (020748C8)>]
[11/08/2012 - 04:15:26PM] PLAYER_TRIGGER_ENTER [ths1_TriggerEnterSCRIPT < (020748CB)>]
[11/08/2012 - 04:15:39PM] PLAYER_ITEM_REMOVED [Form < (000139B7)>] [ObjectReference < (020711F4)>] "Daedric Greatsword" COUNT 1 CONTAINER None
[11/08/2012 - 04:15:51PM] PLAYER_ITEM_OBTAIN [Form < (000139B7)>] [ObjectReference < (020711F4)>] "Daedric Greatsword" COUNT 1 CONTAINER None
[11/08/2012 - 04:16:00PM] PLAYER_WEAPON_WITHDRAWN
[11/08/2012 - 04:16:01PM] PLAYER_WEAPON_RIGHT [WEAPON < (000139B7)>] "Daedric Greatsword"
[11/08/2012 - 04:16:05PM] PLAYER_TRIGGER_LEAVE [ths1_TriggerEnterSCRIPT < (020748CB)>]
[11/08/2012 - 04:16:05PM] PLAYER_TRIGGER_ENTER [ths1_TriggerEnterSCRIPT < (020748C7)>]
[11/08/2012 - 04:16:08PM] PLAYER_DISPLAY_CASE_OPEN [ths1_DisplayCaseScript < (02044E20)>]
[11/08/2012 - 04:16:16PM] PLAYER_TRIGGER_LEAVE [ths1_TriggerEnterSCRIPT < (020748C7)>]
[11/08/2012 - 04:16:16PM] PLAYER_TRIGGER_ENTER [ths1_TriggerEnterSCRIPT < (020748CB)>]
[11/08/2012 - 04:16:19PM] PLAYER_TRIGGER_LEAVE [ths1_TriggerEnterSCRIPT < (020748CB)>]
[11/08/2012 - 04:16:19PM] PLAYER_TRIGGER_ENTER [ths1_TriggerEnterSCRIPT < (020748BF)>]
[11/08/2012 - 04:16:19PM] PLAYER_MOVE Run
[11/08/2012 - 04:16:20PM] PLAYER_MOVE None
[11/08/2012 - 04:16:21PM] PLAYER_TRIGGER_LEAVE [ths1_TriggerEnterSCRIPT < (020748BF)>]
[11/08/2012 - 04:16:21PM] PLAYER_TRIGGER_ENTER [ths1_TriggerEnterSCRIPT < (0208C7C0)>]
[11/08/2012 - 04:16:22PM] PLAYER_CELL_CHANGE [Cell <Wilderness (02085D4C)>] ""
[11/08/2012 - 04:16:22PM] PLAYER_WORLDSPACE_CHANGE [WorldSpace <ths1_Town (02085D17)>] "Town"
[11/08/2012 - 04:16:36PM] PLAYER_MOVE Run
[11/08/2012 - 04:16:36PM] PLAYER_TRIGGER_LEAVE [ths1_TriggerEnterSCRIPT < (0208C7C0)>]
[11/08/2012 - 04:16:37PM] PLAYER_MOVE None
[11/08/2012 - 04:16:37PM] PLAYER_ACTOR_VIEW_GAIN [ObjectReference < (02089359)>] "Seamus"
[11/08/2012 - 04:16:38PM] PLAYER_MOVE Run
[11/08/2012 - 04:16:38PM] PLAYER_ACTOR_VIEW_LOSS [ObjectReference < (02089359)>] "Seamus"
[11/08/2012 - 04:16:43PM] PLAYER_ACTOR_VIEW_GAIN [ObjectReference < (02089359)>] "Seamus"
[11/08/2012 - 04:16:44PM] PLAYER_CELL_CHANGE [Cell <Wilderness (02085D34)>] ""
[11/08/2012 - 04:16:44PM] PLAYER_ACTOR_VIEW_LOSS [ObjectReference < (02089359)>] "Seamus"
[11/08/2012 - 04:16:49PM] PLAYER_TRIGGER_ENTER [ths1_TriggerEnterSCRIPT < (0208CDAB)>]
[11/08/2012 - 04:16:50PM] PLAYER_TRIGGER_LEAVE [ths1_TriggerEnterSCRIPT < (0208CDAB)>]
[11/08/2012 - 04:16:53PM] PLAYER_TRIGGER_ENTER [ths1_TriggerEnterSCRIPT < (0208CD5B)>]
[11/08/2012 - 04:16:53PM] PLAYER_MOVE None
[11/08/2012 - 04:16:56PM] PLAYER_ITEM_OBTAIN [Ingredient < (00077E1D)>] [ObjectReference < (02085F93)>] "Red Mountain Flower" COUNT 1 CONTAINER None
[11/08/2012 - 04:16:57PM] PLAYER_MOVE Run
[11/08/2012 - 04:16:58PM] PLAYER_ITEM_OBTAIN [Form < (00077E1E)>] [ObjectReference < (02085F96)>] "Purple Mountain Flower" COUNT 1 CONTAINER None
[11/08/2012 - 04:16:58PM] PLAYER_MOVE None
[11/08/2012 - 04:17:00PM] PLAYER_TRIGGER_ENTER [ths1_TriggerEnterSCRIPT < (0208C78E)>]
[11/08/2012 - 04:17:00PM] PLAYER_TRIGGER_LEAVE [ths1_TriggerEnterSCRIPT < (0208CD5B)>]
[11/08/2012 - 04:17:00PM] PLAYER_CELL_CHANGE [Cell <Wilderness (02085D56)>] ""
[11/08/2012 - 04:17:01PM] PLAYER_ITEM_OBTAIN [Form < (00083E64)>] None "Grass Pod" COUNT 1 CONTAINER None
[11/08/2012 - 04:17:03PM] PLAYER_MOVE Run
[11/08/2012 - 04:17:04PM] PLAYER_MOVE None
[11/08/2012 - 04:17:05PM] PLAYER_ITEM_OBTAIN [Ingredient < (00077E1D)>] [ObjectReference < (02085F92)>] "Red Mountain Flower" COUNT 1 CONTAINER None
[11/08/2012 - 04:17:06PM] PLAYER_MOVE Run
[11/08/2012 - 04:17:08PM] PLAYER_MOVE None
[11/08/2012 - 04:17:10PM] PLAYER_ITEM_OBTAIN [Form < (00083E64)>] None "Grass Pod" COUNT 1 CONTAINER None
[11/08/2012 - 04:17:11PM] PLAYER_MOVE Run
[11/08/2012 - 04:17:12PM] PLAYER_TRIGGER_LEAVE [ths1_TriggerEnterSCRIPT < (0208C78E)>]
[11/08/2012 - 04:17:12PM] PLAYER_CELL_CHANGE [Cell <Wilderness (02085D34)>] ""
[11/08/2012 - 04:17:14PM] PLAYER_TRIGGER_ENTER [ths1_TriggerEnterSCRIPT < (0208C78E)>]
[11/08/2012 - 04:17:14PM] PLAYER_CELL_CHANGE [Cell <Wilderness (02085D4E)>] ""
[11/08/2012 - 04:17:15PM] PLAYER_TRIGGER_LEAVE [ths1_TriggerEnterSCRIPT < (0208C78E)>]
[11/08/2012 - 04:17:15PM] PLAYER_TRIGGER_ENTER [ths1_TriggerEnterSCRIPT < (0208C78E)>]
[11/08/2012 - 04:17:15PM] PLAYER_CELL_CHANGE [Cell <Wilderness (02085D58)>] ""
[11/08/2012 - 04:17:17PM] PLAYER_MOVE None
[11/08/2012 - 04:17:18PM] PLAYER_ITEM_OBTAIN [Form < (00077E1E)>] None "Purple Mountain Flower" COUNT 1 CONTAINER None
[11/08/2012 - 04:17:20PM] PLAYER_MOVE Run
[11/08/2012 - 04:17:20PM] PLAYER_TRIGGER_LEAVE [ths1_TriggerEnterSCRIPT < (0208C78E)>]
[11/08/2012 - 04:17:20PM] PLAYER_TRIGGER_ENTER [ths1_TriggerEnterSCRIPT < (0208C78E)>]
[11/08/2012 - 04:17:23PM] PLAYER_TRIGGER_LEAVE [ths1_TriggerEnterSCRIPT < (0208C78E)>]
[11/08/2012 - 04:17:27PM] PLAYER_MOVE None
[11/08/2012 - 04:17:30PM] PLAYER_ITEM_OBTAIN [Form < (00077E1E)>] [ObjectReference < (02086016)>] "Purple Mountain Flower" COUNT 1 CONTAINER None
[11/08/2012 - 04:17:34PM] PLAYER_MOVE Run
[11/08/2012 - 04:17:36PM] PLAYER_MOVE None
[11/08/2012 - 04:17:37PM] PLAYER_MOVE Run
[11/08/2012 - 04:17:41PM] PLAYER_MOVE None
[11/08/2012 - 04:17:42PM] PLAYER_MOVE Run
[11/08/2012 - 04:17:43PM] PLAYER_MOVE None
[11/08/2012 - 04:17:44PM] PLAYER_MOVE Run
[11/08/2012 - 04:17:52PM] PLAYER_CELL_CHANGE [Cell <Wilderness (02085D56)>] ""
[11/08/2012 - 04:17:53PM] PLAYER_TRIGGER_ENTER [ths1_TriggerEnterSCRIPT < (0208C78E)>]
[11/08/2012 - 04:17:55PM] PLAYER_MOVE None
[11/08/2012 - 04:18:01PM] PLAYER_MOVE Run
[11/08/2012 - 04:18:06PM] PLAYER_TRIGGER_ENTER [ths1_TriggerEnterSCRIPT < (0208CD5B)>]
[11/08/2012 - 04:18:06PM] PLAYER_TRIGGER_LEAVE [ths1_TriggerEnterSCRIPT < (0208C78E)>]
[11/08/2012 - 04:18:08PM] PLAYER_CELL_CHANGE [Cell <Wilderness (02085D34)>] ""
[11/08/2012 - 04:18:09PM] PLAYER_TRIGGER_LEAVE [ths1_TriggerEnterSCRIPT < (0208CD5B)>]
[11/08/2012 - 04:18:10PM] PLAYER_ACTOR_VIEW_GAIN [ObjectReference < (02089359)>] "Seamus"
[11/08/2012 - 04:18:11PM] PLAYER_ACTOR_VIEW_LOSS [ObjectReference < (02089359)>] "Seamus"
[11/08/2012 - 04:18:12PM] PLAYER_TRIGGER_ENTER [ths1_TriggerEnterSCRIPT < (0208CDAB)>]
[11/08/2012 - 04:18:12PM] PLAYER_TRIGGER_LEAVE [ths1_TriggerEnterSCRIPT < (0208CDAB)>]
[11/08/2012 - 04:18:14PM] PLAYER_POV_CHANGE FIRST_PERSON
[11/08/2012 - 04:18:15PM] PLAYER_POV_CHANGE THIRD_PERSON
[11/08/2012 - 04:18:16PM] PLAYER_TRIGGER_ENTER [ths1_TriggerEnterSCRIPT < (0208CD5A)>]
[11/08/2012 - 04:18:17PM] PLAYER_ACTOR_VIEW_GAIN [ObjectReference < (02089359)>] "Seamus"
[11/08/2012 - 04:18:18PM] PLAYER_MOVE None
[11/08/2012 - 04:18:19PM] PLAYER_MOVE Run
[11/08/2012 - 04:18:21PM] PLAYER_TRIGGER_LEAVE [ths1_TriggerEnterSCRIPT < (0208CD5A)>]
[11/08/2012 - 04:18:21PM] PLAYER_TRIGGER_ENTER [ths1_TriggerEnterSCRIPT < (0208C7A9)>]
[11/08/2012 - 04:18:24PM] PLAYER_TRIGGER_LEAVE [ths1_TriggerEnterSCRIPT < (0208C7A9)>]
[11/08/2012 - 04:18:25PM] PLAYER_DISTANCE_ACTOR [ObjectReference < (02089359)>] "Seamus" 1160.196533
[11/08/2012 - 04:18:25PM] PLAYER_CELL_CHANGE [Cell <Wilderness (02085D44)>] ""
[11/08/2012 - 04:18:26PM] PLAYER_DISTANCE_ACTOR [ObjectReference < (02089359)>] "Seamus" 833.683838
[11/08/2012 - 04:18:27PM] PLAYER_DISTANCE_ACTOR [ObjectReference < (02089359)>] "Seamus" 553.316101
[11/08/2012 - 04:18:28PM] PLAYER_DISTANCE_ACTOR [ObjectReference < (02089359)>] "Seamus" 237.449692
[11/08/2012 - 04:18:29PM] PLAYER_MOVE None
[11/08/2012 - 04:18:29PM] PLAYER_DISTANCE_ACTOR [ObjectReference < (02089359)>] "Seamus" 130.714981
[11/08/2012 - 04:18:30PM] PLAYER_DISTANCE_ACTOR [ObjectReference < (02089359)>] "Seamus" 130.714981
[11/08/2012 - 04:18:31PM] PLAYER_DISTANCE_ACTOR [ObjectReference < (02089359)>] "Seamus" 130.714981
[11/08/2012 - 04:18:32PM] PLAYER_DIALOGUE [TIF__01013D2B <topic info 02013D2B on quest ths1_MissingDog (02009344)>] NPC_SPEAKER [Actor < (02089359)>]
[11/08/2012 - 04:18:32PM] PLAYER_DISTANCE_ACTOR [ObjectReference < (02089359)>] "Seamus" 130.714981
[11/08/2012 - 04:18:33PM] PLAYER_DISTANCE_ACTOR [ObjectReference < (02089359)>] "Seamus" 130.714981
[11/08/2012 - 04:18:34PM] QUEST_STAGE_CHANGE [ths1_MDQScript <ths1_MissingDog (02009344)>] "Missing Dog" 5
[11/08/2012 - 04:18:34PM] PLAYER_DISTANCE_ACTOR [ObjectReference < (02089359)>] "Seamus" 130.714981
[11/08/2012 - 04:18:35PM] PLAYER_DISTANCE_ACTOR [ObjectReference < (02089359)>] "Seamus" 130.714981
[11/08/2012 - 04:18:36PM] PLAYER_DISTANCE_ACTOR [ObjectReference < (02089359)>] "Seamus" 130.714981
[11/08/2012 - 04:18:37PM] PLAYER_DIALOGUE [TIF__010180E7 <topic info 020180E7 on quest ths1_MissingDog (02009344)>] NPC_SPEAKER [Actor < (02089359)>]
[11/08/2012 - 04:18:37PM] PLAYER_DISTANCE_ACTOR [ObjectReference < (02089359)>] "Seamus" 130.714981
[11/08/2012 - 04:18:38PM] PLAYER_DISTANCE_ACTOR [ObjectReference < (02089359)>] "Seamus" 130.714981
[11/08/2012 - 04:18:39PM] PLAYER_DISTANCE_ACTOR [ObjectReference < (02089359)>] "Seamus" 130.714981
[11/08/2012 - 04:18:40PM] PLAYER_DISTANCE_ACTOR [ObjectReference < (02089359)>] "Seamus" 130.714981
[11/08/2012 - 04:18:41PM] PLAYER_DISTANCE_ACTOR [ObjectReference < (02089359)>] "Seamus" 130.714981
[11/08/2012 - 04:18:41PM] PLAYER_DIALOGUE [TIF__01009353 <topic info 02009353 on quest ths1_MissingDog (02009344)>] NPC_SPEAKER [Actor < (02089359)>]
[11/08/2012 - 04:18:42PM] PLAYER_DISTANCE_ACTOR [ObjectReference < (02089359)>] "Seamus" 130.714981
[11/08/2012 - 04:18:43PM] PLAYER_DISTANCE_ACTOR [ObjectReference < (02089359)>] "Seamus" 130.714981
[11/08/2012 - 04:18:44PM] PLAYER_DISTANCE_ACTOR [ObjectReference < (02089359)>] "Seamus" 130.714981
[11/08/2012 - 04:18:45PM] PLAYER_DISTANCE_ACTOR [ObjectReference < (02089359)>] "Seamus" 130.714981
[11/08/2012 - 04:18:46PM] PLAYER_DISTANCE_ACTOR [ObjectReference < (02089359)>] "Seamus" 130.714981
[11/08/2012 - 04:18:46PM] PLAYER_DIALOGUE [TIF__0103C9D0 <topic info 0203C9D0 on quest ths1_MissingDog (02009344)>] NPC_SPEAKER [Actor < (02089359)>]
[11/08/2012 - 04:18:47PM] PLAYER_DISTANCE_ACTOR [ObjectReference < (02089359)>] "Seamus" 130.714981
[11/08/2012 - 04:18:48PM] PLAYER_DISTANCE_ACTOR [ObjectReference < (02089359)>] "Seamus" 130.714981
[11/08/2012 - 04:18:49PM] PLAYER_DISTANCE_ACTOR [ObjectReference < (02089359)>] "Seamus" 130.714981
[11/08/2012 - 04:18:50PM] PLAYER_DISTANCE_ACTOR [ObjectReference < (02089359)>] "Seamus" 130.714981
[11/08/2012 - 04:18:50PM] PLAYER_DIALOGUE [TIF__01063CC6 <topic info 02063CC6 on quest ths1_MissingDog (02009344)>] NPC_SPEAKER [Actor < (02089359)>]
[11/08/2012 - 04:18:51PM] PLAYER_DISTANCE_ACTOR [ObjectReference < (02089359)>] "Seamus" 130.714981
[11/08/2012 - 04:18:52PM] PLAYER_DISTANCE_ACTOR [ObjectReference < (02089359)>] "Seamus" 130.714981
[11/08/2012 - 04:18:53PM] PLAYER_DISTANCE_ACTOR [ObjectReference < (02089359)>] "Seamus" 130.714981
[11/08/2012 - 04:18:54PM] PLAYER_DISTANCE_ACTOR [ObjectReference < (02089359)>] "Seamus" 130.714981
[11/08/2012 - 04:18:55PM] PLAYER_DISTANCE_ACTOR [ObjectReference < (02089359)>] "Seamus" 140.247299
[11/08/2012 - 04:18:56PM] PLAYER_MOVE Run
[11/08/2012 - 04:18:56PM] PLAYER_ACTOR_VIEW_LOSS [ObjectReference < (02089359)>] "Seamus"
[11/08/2012 - 04:18:56PM] PLAYER_DISTANCE_ACTOR [ObjectReference < (02089359)>] "Seamus" 461.647675
[11/08/2012 - 04:18:57PM] PLAYER_DISTANCE_ACTOR [ObjectReference < (02089359)>] "Seamus" 740.023071
[11/08/2012 - 04:18:58PM] PLAYER_DISTANCE_ACTOR [ObjectReference < (02089359)>] "Seamus" 1036.175415
[11/08/2012 - 04:18:59PM] PLAYER_DISTANCE_ACTOR [ObjectReference < (02089359)>] "Seamus" 1216.188232
[11/08/2012 - 04:19:00PM] PLAYER_DISTANCE_ACTOR [ObjectReference < (02089359)>] "Seamus" 1191.185547
[11/08/2012 - 04:19:01PM] PLAYER_DISTANCE_ACTOR [ObjectReference < (02089359)>] "Seamus" 1150.620361
[11/08/2012 - 04:19:02PM] PLAYER_DISTANCE_ACTOR [ObjectReference < (02089359)>] "Seamus" 1032.911011
[11/08/2012 - 04:19:03PM] PLAYER_DISTANCE_ACTOR [ObjectReference < (02089359)>] "Seamus" 1020.160461
[11/08/2012 - 04:19:04PM] PLAYER_MOVE None
[11/08/2012 - 04:19:04PM] PLAYER_DISTANCE_ACTOR [ObjectReference < (02089359)>] "Seamus" 1046.367554
[11/08/2012 - 04:19:05PM] PLAYER_MOVE Run
[11/08/2012 - 04:19:05PM] PLAYER_DISTANCE_ACTOR [ObjectReference < (02089359)>] "Seamus" 1234.458984
[11/08/2012 - 04:19:06PM] PLAYER_MOVE None
[11/08/2012 - 04:19:06PM] PLAYER_DISTANCE_ACTOR [ObjectReference < (02089359)>] "Seamus" 1327.658081
[11/08/2012 - 04:19:07PM] PLAYER_DISTANCE_ACTOR [ObjectReference < (02089359)>] "Seamus" 1327.658081
[11/08/2012 - 04:19:08PM] PLAYER_ACTOR_VIEW_GAIN [ObjectReference < (02089359)>] "Seamus"
[11/08/2012 - 04:19:08PM] PLAYER_DISTANCE_ACTOR [ObjectReference < (02089359)>] "Seamus" 1327.659302
[11/08/2012 - 04:19:09PM] PLAYER_DISTANCE_ACTOR [ObjectReference < (02089359)>] "Seamus" 1327.659302
[11/08/2012 - 04:19:10PM] PLAYER_ACTOR_VIEW_LOSS [ObjectReference < (02089359)>] "Seamus"
[11/08/2012 - 04:19:10PM] PLAYER_DISTANCE_ACTOR [ObjectReference < (02089359)>] "Seamus" 1327.658081
[11/08/2012 - 04:19:11PM] PLAYER_DISTANCE_ACTOR [ObjectReference < (02089359)>] "Seamus" 1330.911865
[11/08/2012 - 04:19:12PM] PLAYER_MOVE Run
[11/08/2012 - 04:19:12PM] PLAYER_DISTANCE_ACTOR [ObjectReference < (02089359)>] "Seamus" 1612.546753
[11/08/2012 - 04:19:13PM] PLAYER_DISTANCE_ACTOR [ObjectReference < (02089359)>] "Seamus" 1904.493774
[11/08/2012 - 04:19:14PM] PLAYER_DISTANCE_ACTOR [ObjectReference < (02089359)>] "Seamus" 2213.892578
[11/08/2012 - 04:19:15PM] PLAYER_TRIGGER_ENTER [ths1_TriggerEnterSCRIPT < (0208CD80)>]
[11/08/2012 - 04:19:15PM] PLAYER_DISTANCE_ACTOR [ObjectReference < (02089359)>] "Seamus" 2483.497559
[11/08/2012 - 04:19:16PM] PLAYER_DISTANCE_ACTOR [ObjectReference < (02089359)>] "Seamus" 2745.063232
[11/08/2012 - 04:19:17PM] PLAYER_DISTANCE_ACTOR [ObjectReference < (02089359)>] "Seamus" 2907.106689
[11/08/2012 - 04:19:18PM] PLAYER_DISTANCE_ACTOR [ObjectReference < (02089359)>] "Seamus" 2977.165771
[11/08/2012 - 04:19:19PM] PLAYER_DISTANCE_ACTOR [ObjectReference < (02089359)>] "Seamus" 3241.991943
[11/08/2012 - 04:19:21PM] PLAYER_CELL_CHANGE [Cell <Wilderness (02085D46)>] ""
[11/08/2012 - 04:19:35PM] PLAYER_CELL_CHANGE [Cell <Wilderness (02085D48)>] ""
[11/08/2012 - 04:19:35PM] PLAYER_TRIGGER_LEAVE [ths1_TriggerEnterSCRIPT < (0208CD80)>]
[11/08/2012 - 04:19:35PM] PLAYER_TRIGGER_ENTER [ths1_TriggerEnterSCRIPT < (0208CD81)>]
[11/08/2012 - 04:19:41PM] PLAYER_CELL_CHANGE [Cell <Wilderness (02085D50)>] ""
[11/08/2012 - 04:19:43PM] PLAYER_TRIGGER_LEAVE [ths1_TriggerEnterSCRIPT < (0208CD81)>]
[11/08/2012 - 04:19:44PM] PLAYER_TRIGGER_ENTER [ths1_TriggerEnterSCRIPT < (0208CD96)>]
[11/08/2012 - 04:19:48PM] PLAYER_MOVE None
[11/08/2012 - 04:19:51PM] PLAYER_DIALOGUE [TIF__02077F7E <topic info 02077F7E on quest ths1_MissingDog (02009344)>] NPC_SPEAKER [Actor < (0208B625)>]
[11/08/2012 - 04:19:54PM] PLAYER_DIALOGUE [TIF__02077F7E <topic info 02077F7E on quest ths1_MissingDog (02009344)>] NPC_SPEAKER [Actor < (0208B625)>]
[11/08/2012 - 04:19:57PM] PLAYER_DIALOGUE [TIF__02077F7E <topic info 02077F7E on quest ths1_MissingDog (02009344)>] NPC_SPEAKER [Actor < (0208B625)>]
[11/08/2012 - 04:19:59PM] PLAYER_DIALOGUE [TIF__02077F7E <topic info 02077F7E on quest ths1_MissingDog (02009344)>] NPC_SPEAKER [Actor < (0208B625)>]
[11/08/2012 - 04:20:07PM] PLAYER_MOVE Run
[11/08/2012 - 04:20:10PM] PLAYER_MOVE None
[11/08/2012 - 04:20:18PM] PLAYER_MOVE Run
[11/08/2012 - 04:20:23PM] PLAYER_TRIGGER_LEAVE [ths1_TriggerEnterSCRIPT < (0208CD96)>]
[11/08/2012 - 04:20:24PM] PLAYER_TRIGGER_ENTER [ths1_TriggerEnterSCRIPT < (0208CD81)>]
[11/08/2012 - 04:20:27PM] PLAYER_CELL_CHANGE [Cell <Wilderness (02085D48)>] ""
[11/08/2012 - 04:20:31PM] PLAYER_TRIGGER_LEAVE [ths1_TriggerEnterSCRIPT < (0208CD81)>]
[11/08/2012 - 04:20:31PM] PLAYER_TRIGGER_ENTER [ths1_TriggerEnterSCRIPT < (0208CD80)>]
[11/08/2012 - 04:20:33PM] PLAYER_CELL_CHANGE [Cell <Wilderness (02085D46)>] ""
[11/08/2012 - 04:20:47PM] PLAYER_CELL_CHANGE [Cell <Wilderness (02085D44)>] ""
[11/08/2012 - 04:20:47PM] PLAYER_DISTANCE_ACTOR [ObjectReference < (02089359)>] "Seamus" 3123.037842
[11/08/2012 - 04:20:48PM] PLAYER_DISTANCE_ACTOR [ObjectReference < (02089359)>] "Seamus" 2861.023926
[11/08/2012 - 04:20:49PM] PLAYER_DISTANCE_ACTOR [ObjectReference < (02089359)>] "Seamus" 2597.700439
[11/08/2012 - 04:20:50PM] PLAYER_DISTANCE_ACTOR [ObjectReference < (02089359)>] "Seamus" 2341.160400
[11/08/2012 - 04:20:50PM] PLAYER_TRIGGER_LEAVE [ths1_TriggerEnterSCRIPT < (0208CD80)>]
[11/08/2012 - 04:20:51PM] PLAYER_DISTANCE_ACTOR [ObjectReference < (02089359)>] "Seamus" 2078.614502
[11/08/2012 - 04:20:52PM] PLAYER_ACTOR_VIEW_GAIN [ObjectReference < (02089359)>] "Seamus"
[11/08/2012 - 04:20:52PM] PLAYER_DISTANCE_ACTOR [ObjectReference < (02089359)>] "Seamus" 1825.264893
[11/08/2012 - 04:20:53PM] PLAYER_DISTANCE_ACTOR [ObjectReference < (02089359)>] "Seamus" 1626.172119
[11/08/2012 - 04:20:54PM] PLAYER_ACTOR_VIEW_LOSS [ObjectReference < (02089359)>] "Seamus"
[11/08/2012 - 04:20:54PM] PLAYER_DISTANCE_ACTOR [ObjectReference < (02089359)>] "Seamus" 1444.771118
[11/08/2012 - 04:20:55PM] PLAYER_DISTANCE_ACTOR [ObjectReference < (02089359)>] "Seamus" 1302.781128
[11/08/2012 - 04:20:56PM] PLAYER_DISTANCE_ACTOR [ObjectReference < (02089359)>] "Seamus" 1195.289551
[11/08/2012 - 04:20:57PM] PLAYER_DISTANCE_ACTOR [ObjectReference < (02089359)>] "Seamus" 1146.452148
[11/08/2012 - 04:20:58PM] PLAYER_DISTANCE_ACTOR [ObjectReference < (02089359)>] "Seamus" 1131.251465
[11/08/2012 - 04:20:59PM] PLAYER_DISTANCE_ACTOR [ObjectReference < (02089359)>] "Seamus" 1127.307129
[11/08/2012 - 04:21:00PM] PLAYER_DISTANCE_ACTOR [ObjectReference < (02089359)>] "Seamus" 1223.492676
[11/08/2012 - 04:21:01PM] PLAYER_CELL_CHANGE [Cell <Wilderness (02085D42)>] ""
[11/08/2012 - 04:21:05PM] PLAYER_CELL_CHANGE [Cell <Wilderness (02085D4C)>] ""
[11/08/2012 - 04:21:07PM] PLAYER_TRIGGER_ENTER [ths1_TriggerEnterSCRIPT < (0208C7A8)>]
[11/08/2012 - 04:21:07PM] PLAYER_TRIGGER_LEAVE [ths1_TriggerEnterSCRIPT < (0208C7A8)>]
[11/08/2012 - 04:21:07PM] PLAYER_TRIGGER_ENTER [ths1_TriggerEnterSCRIPT < (0208C7AA)>]
[11/08/2012 - 04:21:08PM] PLAYER_TRIGGER_LEAVE [ths1_TriggerEnterSCRIPT < (0208C7AA)>]
[11/08/2012 - 04:21:09PM] PLAYER_MOVE None
[11/08/2012 - 04:21:13PM] PLAYER_CELL_CHANGE [Cell <ths1_TempleInterior (02019CC3)>] "Town Temple"
[11/08/2012 - 04:21:15PM] PLAYER_MOVE Run
[11/08/2012 - 04:21:17PM] PLAYER_MOVE None
[11/08/2012 - 04:21:20PM] PLAYER_MOVE Run
[11/08/2012 - 04:21:21PM] PLAYER_MOVE None
[11/08/2012 - 04:21:25PM] PLAYER_DIALOGUE [TIF__0106B44A <topic info 0206B44A on quest ths1_BarrianBookQuest (0204540C)>] NPC_SPEAKER [Actor < (020371D2)>]
[11/08/2012 - 04:21:27PM] PLAYER_DIALOGUE [TIF__020826E9 <topic info 020826E9 on quest ths1_BarrianBookQuest (0204540C)>] NPC_SPEAKER [Actor < (020371D2)>]
[11/08/2012 - 04:21:30PM] PLAYER_DIALOGUE [TIF__01045418 <topic info 02045418 on quest ths1_BarrianBookQuest (0204540C)>] NPC_SPEAKER [Actor < (020371D2)>]
[11/08/2012 - 04:21:33PM] QUEST_STAGE_CHANGE [ths1_BBQScript <ths1_BarrianBookQuest (0204540C)>] "'What's That You're Reading, Barrian?'" 10
[11/08/2012 - 04:21:37PM] PLAYER_DIALOGUE [TIF__01045418 <topic info 02045418 on quest ths1_BarrianBookQuest (0204540C)>] NPC_SPEAKER [Actor < (020371D2)>]
[11/08/2012 - 04:21:53PM] PLAYER_DIALOGUE [TIF__010469EA <topic info 020469EA on quest ths1_BarrianBookQuest (0204540C)>] NPC_SPEAKER [Actor < (020371CF)>]
[11/08/2012 - 04:21:57PM] PLAYER_DIALOGUE [TIF__010469ED <topic info 020469ED on quest ths1_BarrianBookQuest (0204540C)>] NPC_SPEAKER [Actor < (020371CF)>]
[11/08/2012 - 04:22:02PM] PLAYER_DIALOGUE [TIF__01048094 <topic info 02048094 on quest ths1_BarrianBookQuest (0204540C)>] NPC_SPEAKER [Actor < (020371CF)>]
[11/08/2012 - 04:22:08PM] PLAYER_MOVE Run
[11/08/2012 - 04:22:08PM] QUEST_STAGE_CHANGE [ths1_BBQScript <ths1_BarrianBookQuest (0204540C)>] "'What's That You're Reading, Barrian?'" 15
[11/08/2012 - 04:22:09PM] PLAYER_MOVE None
[11/08/2012 - 04:22:20PM] PLAYER_WEAPON_WITHDRAWN
[11/08/2012 - 04:22:43PM] PLAYER_POV_CHANGE FIRST_PERSON
[11/08/2012 - 04:22:48PM] PLAYER_POV_CHANGE THIRD_PERSON
[11/08/2012 - 04:22:49PM] PLAYER_MOVE Run
[11/08/2012 - 04:22:50PM] PLAYER_MOVE None
[11/08/2012 - 04:22:53PM] PLAYER_POV_CHANGE FIRST_PERSON
[11/08/2012 - 04:23:07PM] PLAYER_POV_CHANGE THIRD_PERSON
[11/08/2012 - 04:23:08PM] PLAYER_WEAPON_WITHDRAWN
[11/08/2012 - 04:23:11PM] PLAYER_POV_CHANGE FIRST_PERSON
[11/08/2012 - 04:23:13PM] PLAYER_POV_CHANGE THIRD_PERSON
[11/08/2012 - 04:23:36PM] PLAYER_WEAPON_RIGHT nothing
[11/08/2012 - 04:23:52PM] PLAYER_MOVE Run
[11/08/2012 - 04:23:54PM] PLAYER_MOVE None
[11/08/2012 - 04:23:57PM] PLAYER_DIALOGUE [TIF__02074354 <topic info 02074354 on quest ths1_BarrianBookQuest (0204540C)>] NPC_SPEAKER [Actor < (020371CE)>]
[11/08/2012 - 04:23:58PM] PLAYER_DIALOGUE [TIF__02074354 <topic info 02074354 on quest ths1_BarrianBookQuest (0204540C)>] NPC_SPEAKER [Actor < (020371CE)>]
[11/08/2012 - 04:24:09PM] PLAYER_MOVE Run
[11/08/2012 - 04:24:11PM] PLAYER_MOVE None
[11/08/2012 - 04:24:11PM] PLAYER_TRIGGER_ENTER [ths1_TriggerEnterSCRIPT < (02074E69)>]
[11/08/2012 - 04:24:11PM] PLAYER_TRIGGER_LEAVE [ths1_TriggerEnterSCRIPT < (02074E69)>]
[11/08/2012 - 04:24:12PM] PLAYER_TRIGGER_ENTER [ths1_TriggerEnterSCRIPT < (02074E69)>]
[11/08/2012 - 04:24:13PM] PLAYER_TRIGGER_ENTER [ths1_TriggerEnterSCRIPT < (02074E6A)>]
[11/08/2012 - 04:24:13PM] PLAYER_TRIGGER_LEAVE [ths1_TriggerEnterSCRIPT < (02074E69)>]
[11/08/2012 - 04:24:14PM] PLAYER_MOVE Run
[11/08/2012 - 04:24:14PM] PLAYER_TRIGGER_LEAVE [ths1_TriggerEnterSCRIPT < (02074E6A)>]
[11/08/2012 - 04:24:15PM] PLAYER_MOVE None
[11/08/2012 - 04:24:21PM] PLAYER_DIALOGUE [TIF__0106B44A <topic info 0206B44A on quest ths1_BarrianBookQuest (0204540C)>] NPC_SPEAKER [Actor < (020371D2)>]
[11/08/2012 - 04:24:24PM] PLAYER_DIALOGUE [TIF__020826E9 <topic info 020826E9 on quest ths1_BarrianBookQuest (0204540C)>] NPC_SPEAKER [Actor < (020371D2)>]
[11/08/2012 - 04:24:26PM] PLAYER_DIALOGUE [TIF__01045418 <topic info 02045418 on quest ths1_BarrianBookQuest (0204540C)>] NPC_SPEAKER [Actor < (020371D2)>]
[11/08/2012 - 04:24:30PM] PLAYER_DIALOGUE [TIF__020826E6 <topic info 020826E6 on quest ths1_BarrianBookQuest (0204540C)>] NPC_SPEAKER [Actor < (020371D2)>]
[11/08/2012 - 04:24:32PM] PLAYER_DIALOGUE [TIF__01045418 <topic info 02045418 on quest ths1_BarrianBookQuest (0204540C)>] NPC_SPEAKER [Actor < (020371D2)>]
[11/08/2012 - 04:24:41PM] PLAYER_TRIGGER_ENTER [ths1_TriggerEnterSCRIPT < (02074E6B)>]
[11/08/2012 - 04:24:41PM] PLAYER_MOVE Run
[11/08/2012 - 04:24:41PM] PLAYER_TRIGGER_LEAVE [ths1_TriggerEnterSCRIPT < (02074E6B)>]
[11/08/2012 - 04:24:41PM] PLAYER_TRIGGER_ENTER [ths1_TriggerEnterSCRIPT < (02074E6C)>]
[11/08/2012 - 04:24:41PM] PLAYER_TRIGGER_LEAVE [ths1_TriggerEnterSCRIPT < (02074E6C)>]
[11/08/2012 - 04:24:42PM] PLAYER_MOVE None
[11/08/2012 - 04:24:51PM] PLAYER_TRIGGER_ENTER [ths1_TriggerEnterSCRIPT < (02074E6C)>]
[11/08/2012 - 04:24:51PM] PLAYER_MOVE Run
[11/08/2012 - 04:24:51PM] PLAYER_TRIGGER_ENTER [ths1_TriggerEnterSCRIPT < (02074E6B)>]
[11/08/2012 - 04:24:51PM] PLAYER_TRIGGER_LEAVE [ths1_TriggerEnterSCRIPT < (02074E6C)>]
[11/08/2012 - 04:24:51PM] PLAYER_TRIGGER_LEAVE [ths1_TriggerEnterSCRIPT < (02074E6B)>]
[11/08/2012 - 04:24:52PM] PLAYER_TRIGGER_ENTER [ths1_TriggerEnterSCRIPT < (02074E6A)>]
[11/08/2012 - 04:24:53PM] PLAYER_TRIGGER_ENTER [ths1_TriggerEnterSCRIPT < (02074E69)>]
[11/08/2012 - 04:24:53PM] PLAYER_TRIGGER_LEAVE [ths1_TriggerEnterSCRIPT < (02074E6A)>]
[11/08/2012 - 04:24:53PM] PLAYER_TRIGGER_LEAVE [ths1_TriggerEnterSCRIPT < (02074E69)>]
[11/08/2012 - 04:24:56PM] PLAYER_MOVE None
[11/08/2012 - 04:24:57PM] PLAYER_MOVE Run
[11/08/2012 - 04:24:58PM] PLAYER_MOVE None
[11/08/2012 - 04:24:59PM] PLAYER_MOVE Run
[11/08/2012 - 04:25:01PM] PLAYER_MOVE None
[11/08/2012 - 04:25:04PM] PLAYER_DIALOGUE [TIF__010469EA <topic info 020469EA on quest ths1_BarrianBookQuest (0204540C)>] NPC_SPEAKER [Actor < (020371CF)>]
[11/08/2012 - 04:25:08PM] PLAYER_DIALOGUE [TIF__010469EA <topic info 020469EA on quest ths1_BarrianBookQuest (0204540C)>] NPC_SPEAKER [Actor < (020371CF)>]
[11/08/2012 - 04:25:15PM] PLAYER_BOOK_READ [ths1_BBQJokeBookReadScript <alias JokeBook1 on quest ths1_BarrianBookQuest (0204540C)>] JokeBook1
[11/08/2012 - 04:25:28PM] PLAYER_ITEM_OBTAIN [Form < (020371D7)>] [ObjectReference < (020371D9)>] "Book of Jokes" COUNT 1 CONTAINER None
[11/08/2012 - 04:25:30PM] QUEST_STAGE_CHANGE [ths1_BBQScript <ths1_BarrianBookQuest (0204540C)>] "'What's That You're Reading, Barrian?'" 20
[11/08/2012 - 04:25:32PM] PLAYER_MOVE Run
[11/08/2012 - 04:25:34PM] PLAYER_TRIGGER_ENTER [ths1_TriggerEnterSCRIPT < (02074E69)>]
[11/08/2012 - 04:25:35PM] PLAYER_MOVE None
[11/08/2012 - 04:25:36PM] PLAYER_TRIGGER_ENTER [ths1_TriggerEnterSCRIPT < (02074E6A)>]
[11/08/2012 - 04:25:36PM] PLAYER_TRIGGER_LEAVE [ths1_TriggerEnterSCRIPT < (02074E69)>]
[11/08/2012 - 04:25:36PM] PLAYER_MOVE Run
[11/08/2012 - 04:25:36PM] PLAYER_TRIGGER_LEAVE [ths1_TriggerEnterSCRIPT < (02074E6A)>]
[11/08/2012 - 04:25:37PM] PLAYER_MOVE None
[11/08/2012 - 04:25:40PM] PLAYER_MOVE Run
[11/08/2012 - 04:25:40PM] PLAYER_TRIGGER_ENTER [ths1_TriggerEnterSCRIPT < (02074E6A)>]
[11/08/2012 - 04:25:41PM] PLAYER_TRIGGER_ENTER [ths1_TriggerEnterSCRIPT < (02074E69)>]
[11/08/2012 - 04:25:41PM] PLAYER_TRIGGER_LEAVE [ths1_TriggerEnterSCRIPT < (02074E6A)>]
[11/08/2012 - 04:25:42PM] PLAYER_TRIGGER_LEAVE [ths1_TriggerEnterSCRIPT < (02074E69)>]
[11/08/2012 - 04:25:43PM] PLAYER_TRIGGER_ENTER [ths1_TriggerEnterSCRIPT < (02074E62)>]
[11/08/2012 - 04:25:43PM] PLAYER_TRIGGER_LEAVE [ths1_TriggerEnterSCRIPT < (02074E62)>]
[11/08/2012 - 04:25:44PM] PLAYER_MOVE None
[11/08/2012 - 04:25:46PM] PLAYER_DIALOGUE [TIF__0106B447 <topic info 0206B447 on quest ths1_BarrianBookQuest (0204540C)>] NPC_SPEAKER [Actor < (020371D2)>]
[11/08/2012 - 04:25:53PM] PLAYER_ITEM_REMOVED [Form < (020371D7)>] [ObjectReference < (020371D9)>] "Book of Jokes" COUNT 1 CONTAINER [ObjectReference < (020371D2)>]
[11/08/2012 - 04:26:05PM] PLAYER_ITEM_REMOVED [SoulGem < (0002E504)>] [ObjectReference < (020711D1)>] "Black Soul Gem" COUNT 1 CONTAINER [ObjectReference < (020371D2)>]
[11/08/2012 - 04:26:11PM] QUEST_STAGE_CHANGE [ths1_BBQScript <ths1_BarrianBookQuest (0204540C)>] "'What's That You're Reading, Barrian?'" 40
[11/08/2012 - 04:26:11PM] QUEST_COMPLETED [ths1_BBQScript <ths1_BarrianBookQuest (0204540C)>]  "'What's That You're Reading, Barrian?'"
[11/08/2012 - 04:26:18PM] PLAYER_DIALOGUE [TIF__0106B44A <topic info 0206B44A on quest ths1_BarrianBookQuest (0204540C)>] NPC_SPEAKER [Actor < (020371D2)>]
[11/08/2012 - 04:26:27PM] PLAYER_DIALOGUE [TIF__0106B44A <topic info 0206B44A on quest ths1_BarrianBookQuest (0204540C)>] NPC_SPEAKER [Actor < (020371D2)>]
[11/08/2012 - 04:26:30PM] PLAYER_DIALOGUE [TIF__020826E9 <topic info 020826E9 on quest ths1_BarrianBookQuest (0204540C)>] NPC_SPEAKER [Actor < (020371D2)>]
[11/08/2012 - 04:26:32PM] PLAYER_DIALOGUE [TIF__020826E6 <topic info 020826E6 on quest ths1_BarrianBookQuest (0204540C)>] NPC_SPEAKER [Actor < (020371D2)>]
[11/08/2012 - 04:26:35PM] PLAYER_DIALOGUE [TIF__01045418 <topic info 02045418 on quest ths1_BarrianBookQuest (0204540C)>] NPC_SPEAKER [Actor < (020371D2)>]
[11/08/2012 - 04:26:45PM] PLAYER_DIALOGUE [TIF__02074354 <topic info 02074354 on quest ths1_BarrianBookQuest (0204540C)>] NPC_SPEAKER [Actor < (020371CE)>]
[11/08/2012 - 04:26:51PM] PLAYER_MOVE Run
[11/08/2012 - 04:26:53PM] PLAYER_MOVE None
[11/08/2012 - 04:26:56PM] PLAYER_CELL_CHANGE [Cell <Wilderness (02085D4C)>] ""
[11/08/2012 - 04:26:56PM] PLAYER_WORLDSPACE_CHANGE [WorldSpace <ths1_Town (02085D17)>] "Town"
[11/08/2012 - 04:26:56PM] PLAYER_ACTOR_VIEW_GAIN [ObjectReference < (02089359)>] "Seamus"
[11/08/2012 - 04:26:57PM] PLAYER_TRIGGER_ENTER [ths1_TriggerEnterSCRIPT < (0208C7AA)>]
[11/08/2012 - 04:26:58PM] PLAYER_TRIGGER_LEAVE [ths1_TriggerEnterSCRIPT < (0208C7AA)>]
[11/08/2012 - 04:26:58PM] PLAYER_MOVE Run
[11/08/2012 - 04:26:58PM] PLAYER_ACTOR_VIEW_LOSS [ObjectReference < (02089359)>] "Seamus"
[11/08/2012 - 04:27:01PM] PLAYER_CELL_CHANGE [Cell <Wilderness (02085D42)>] ""
[11/08/2012 - 04:27:02PM] PLAYER_MOVE None
[11/08/2012 - 04:27:02PM] PLAYER_TRIGGER_ENTER [ths1_TriggerEnterSCRIPT < (0208C7AF)>]
[11/08/2012 - 04:27:05PM] PLAYER_MOVE Run
[11/08/2012 - 04:27:07PM] PLAYER_TRIGGER_LEAVE [ths1_TriggerEnterSCRIPT < (0208C7AF)>]
[11/08/2012 - 04:27:07PM] PLAYER_TRIGGER_ENTER [ths1_TriggerEnterSCRIPT < (0208C7AE)>]
[11/08/2012 - 04:27:08PM] PLAYER_MOVE None
[11/08/2012 - 04:27:09PM] PLAYER_ITEM_OBTAIN [Ingredient < (0004B0BA)>] None "Wheat" COUNT 1 CONTAINER None
[11/08/2012 - 04:27:13PM] PLAYER_MOVE Run
[11/08/2012 - 04:27:16PM] PLAYER_CELL_CHANGE [Cell <Wilderness (02085D4C)>] ""
[11/08/2012 - 04:27:17PM] PLAYER_CELL_CHANGE [Cell <Wilderness (02085D4A)>] ""
[11/08/2012 - 04:27:18PM] PLAYER_CELL_CHANGE [Cell <Wilderness (02085D40)>] ""
[11/08/2012 - 04:27:18PM] PLAYER_MOVE None
[11/08/2012 - 04:27:20PM] PLAYER_DIALOGUE [TIF__0207595B <topic info 0207595B on quest ths1_MasterQuest (020319F7)>] NPC_SPEAKER [Actor < (02089353)>]
[11/08/2012 - 04:27:22PM] PLAYER_DIALOGUE [TIF__0207595B <topic info 0207595B on quest ths1_MasterQuest (020319F7)>] NPC_SPEAKER [Actor < (02089353)>]
[11/08/2012 - 04:27:28PM] PLAYER_CELL_CHANGE [Cell <Wilderness (02085D4A)>] ""
[11/08/2012 - 04:27:29PM] PLAYER_ITEM_OBTAIN [Potion < (00064B3F)>] None "Cabbage" COUNT 1 CONTAINER None
[11/08/2012 - 04:27:32PM] PLAYER_MOVE Run
[11/08/2012 - 04:27:33PM] PLAYER_TRIGGER_LEAVE [ths1_TriggerEnterSCRIPT < (0208C7AE)>]
[11/08/2012 - 04:27:33PM] PLAYER_TRIGGER_ENTER [ths1_TriggerEnterSCRIPT < (0208CDAD)>]
[11/08/2012 - 04:27:41PM] PLAYER_TRIGGER_LEAVE [ths1_TriggerEnterSCRIPT < (0208CDAD)>]
[11/08/2012 - 04:27:44PM] PLAYER_TRIGGER_ENTER [ths1_TriggerEnterSCRIPT < (0208C7B0)>]
[11/08/2012 - 04:27:48PM] PLAYER_TRIGGER_ENTER [ths1_TriggerEnterSCRIPT < (0208C7BF)>]
[11/08/2012 - 04:27:49PM] PLAYER_CELL_CHANGE [Cell <Wilderness (02085D52)>] ""
[11/08/2012 - 04:27:50PM] PLAYER_MOVE None
[11/08/2012 - 04:28:06PM] Log closed
