[11/15/2012 - 01:05:31PM] 11 log opened (PC)
[11/15/2012 - 01:05:31PM] PLAYER_MOVE Run
[11/15/2012 - 01:05:32PM] PLAYER_TRIGGER_ENTER [ths1_TriggerEnterSCRIPT < (02074E58)>]
[11/15/2012 - 01:05:32PM] PLAYER_MOVE None
[11/15/2012 - 01:05:35PM] PLAYER_MOVE Run
[11/15/2012 - 01:05:36PM] PLAYER_MOVE None
[11/15/2012 - 01:05:37PM] PLAYER_ITEM_OBTAIN [SoulGem < (0002E504)>] [ObjectReference < (020711D1)>] "Black Soul Gem" COUNT 1 CONTAINER None
[11/15/2012 - 01:05:39PM] PLAYER_TRIGGER_ENTER [ths1_TriggerEnterSCRIPT < (02074E57)>]
[11/15/2012 - 01:05:40PM] PLAYER_TRIGGER_LEAVE [ths1_TriggerEnterSCRIPT < (02074E58)>]
[11/15/2012 - 01:05:40PM] PLAYER_ITEM_OBTAIN [Form < (0002E4F4)>] [ObjectReference < (020711D0)>] "Greater Soul Gem" COUNT 1 CONTAINER None
[11/15/2012 - 01:05:44PM] PLAYER_ITEM_OBTAIN [Form < (0003AD5F)>] [ObjectReference < (020711BC)>] "Frost Salts" COUNT 1 CONTAINER None
[11/15/2012 - 01:05:45PM] PLAYER_ITEM_OBTAIN [Form < (00064B2E)>] [ObjectReference < (020711CD)>] "Red Apple" COUNT 1 CONTAINER None
[11/15/2012 - 01:05:47PM] PLAYER_ITEM_OBTAIN [Form < (00064B2F)>] [ObjectReference < (020711CC)>] "Green Apple" COUNT 1 CONTAINER None
[11/15/2012 - 01:05:50PM] PLAYER_TRIGGER_ENTER [ths1_TriggerEnterSCRIPT < (02074E53)>]
[11/15/2012 - 01:05:50PM] PLAYER_TRIGGER_LEAVE [ths1_TriggerEnterSCRIPT < (02074E57)>]
[11/15/2012 - 01:05:51PM] PLAYER_MOVE Run
[11/15/2012 - 01:05:52PM] PLAYER_MOVE None
[11/15/2012 - 01:05:53PM] PLAYER_MOVE Run
[11/15/2012 - 01:05:54PM] PLAYER_MOVE None
[11/15/2012 - 01:05:56PM] PLAYER_ITEM_OBTAIN [Form < (000139B7)>] [ObjectReference < (020711F4)>] "Daedric Greatsword" COUNT 1 CONTAINER None
[11/15/2012 - 01:05:58PM] PLAYER_ITEM_OBTAIN [Form < (000139C0)>] [ObjectReference < (0207120B)>] "Daedric Arrow" COUNT 50 CONTAINER None
[11/15/2012 - 01:06:03PM] PLAYER_ITEM_OBTAIN [Form < (000139B3)>] [ObjectReference < (020711F6)>] "Daedric War Axe" COUNT 1 CONTAINER None
[11/15/2012 - 01:06:04PM] PLAYER_ITEM_OBTAIN [Form < (000139B5)>] [ObjectReference < (0207120C)>] "Daedric Bow" COUNT 1 CONTAINER None
[11/15/2012 - 01:06:06PM] PLAYER_ITEM_OBTAIN [Form < (000139B8)>] [ObjectReference < (020711F5)>] "Daedric Mace" COUNT 1 CONTAINER None
[11/15/2012 - 01:06:13PM] PLAYER_ITEM_OBTAIN [Form < (0010F776)>] [ObjectReference < (0207B7BE)>] "Atronach Forge Recipe" COUNT 1 CONTAINER None
[11/15/2012 - 01:06:13PM] PLAYER_POV_CHANGE THIRD_PERSON
[11/15/2012 - 01:06:36PM] PLAYER_POV_CHANGE FIRST_PERSON
[11/15/2012 - 01:06:40PM] PLAYER_TRIGGER_ENTER [ths1_TriggerEnterSCRIPT < (02074E57)>]
[11/15/2012 - 01:06:40PM] PLAYER_MOVE Run
[11/15/2012 - 01:06:42PM] PLAYER_MOVE None
[11/15/2012 - 01:06:45PM] PLAYER_TRIGGER_LEAVE [ths1_TriggerEnterSCRIPT < (02074E53)>]
[11/15/2012 - 01:06:46PM] PLAYER_MOVE Run
[11/15/2012 - 01:06:46PM] PLAYER_TRIGGER_LEAVE [ths1_TriggerEnterSCRIPT < (02074E57)>]
[11/15/2012 - 01:06:47PM] PLAYER_MOVE None
[11/15/2012 - 01:06:47PM] PLAYER_TRIGGER_ENTER [ths1_TriggerEnterSCRIPT < (02074E58)>]
[11/15/2012 - 01:06:49PM] PLAYER_TRIGGER_LEAVE [ths1_TriggerEnterSCRIPT < (02074E58)>]
[11/15/2012 - 01:06:50PM] PLAYER_WEAPON_RIGHT [WEAPON < (00013790)>] "Iron War Axe"
[11/15/2012 - 01:06:50PM] PLAYER_TRIGGER_ENTER [ths1_TriggerEnterSCRIPT < (02074E58)>]
[11/15/2012 - 01:06:51PM] PLAYER_MOVE Run
[11/15/2012 - 01:06:51PM] PLAYER_TRIGGER_LEAVE [ths1_TriggerEnterSCRIPT < (02074E58)>]
[11/15/2012 - 01:06:52PM] PLAYER_TRIGGER_ENTER [ths1_TriggerEnterSCRIPT < (02074E57)>]
[11/15/2012 - 01:06:52PM] PLAYER_MOVE None
[11/15/2012 - 01:06:52PM] PLAYER_TRIGGER_LEAVE [ths1_TriggerEnterSCRIPT < (02074E57)>]
[11/15/2012 - 01:06:53PM] PLAYER_TRIGGER_ENTER [ths1_TriggerEnterSCRIPT < (02074E53)>]
[11/15/2012 - 01:06:56PM] PLAYER_TRIGGER_LEAVE [ths1_TriggerEnterSCRIPT < (02074E53)>]
[11/15/2012 - 01:06:59PM] PLAYER_TRIGGER_ENTER [ths1_TriggerEnterSCRIPT < (02074E53)>]
[11/15/2012 - 01:07:00PM] PLAYER_TRIGGER_LEAVE [ths1_TriggerEnterSCRIPT < (02074E53)>]
[11/15/2012 - 01:07:00PM] PLAYER_TRIGGER_ENTER [ths1_TriggerEnterSCRIPT < (02074E57)>]
[11/15/2012 - 01:07:01PM] PLAYER_MOVE Run
[11/15/2012 - 01:07:01PM] PLAYER_TRIGGER_LEAVE [ths1_TriggerEnterSCRIPT < (02074E57)>]
[11/15/2012 - 01:07:02PM] PLAYER_MOVE None
[11/15/2012 - 01:07:07PM] PLAYER_MOVE Run
[11/15/2012 - 01:07:07PM] PLAYER_TRIGGER_ENTER [ths1_TriggerEnterSCRIPT < (02074E57)>]
[11/15/2012 - 01:07:08PM] PLAYER_TRIGGER_LEAVE [ths1_TriggerEnterSCRIPT < (02074E57)>]
[11/15/2012 - 01:07:08PM] PLAYER_TRIGGER_ENTER [ths1_TriggerEnterSCRIPT < (02074E53)>]
[11/15/2012 - 01:07:08PM] PLAYER_TRIGGER_LEAVE [ths1_TriggerEnterSCRIPT < (02074E53)>]
[11/15/2012 - 01:07:10PM] PLAYER_MOVE None
[11/15/2012 - 01:07:14PM] PLAYER_MOVE Run
[11/15/2012 - 01:07:14PM] PLAYER_TRIGGER_ENTER [ths1_TriggerEnterSCRIPT < (02074E53)>]
[11/15/2012 - 01:07:15PM] PLAYER_MOVE None
[11/15/2012 - 01:07:16PM] PLAYER_TRIGGER_LEAVE [ths1_TriggerEnterSCRIPT < (02074E53)>]
[11/15/2012 - 01:07:16PM] PLAYER_TRIGGER_ENTER [ths1_TriggerEnterSCRIPT < (02074E57)>]
[11/15/2012 - 01:07:16PM] PLAYER_TRIGGER_ENTER [ths1_TriggerEnterSCRIPT < (02074E58)>]
[11/15/2012 - 01:07:17PM] PLAYER_TRIGGER_LEAVE [ths1_TriggerEnterSCRIPT < (02074E57)>]
[11/15/2012 - 01:07:17PM] PLAYER_TRIGGER_LEAVE [ths1_TriggerEnterSCRIPT < (02074E58)>]
[11/15/2012 - 01:07:17PM] PLAYER_MOVE Run
[11/15/2012 - 01:07:18PM] PLAYER_MOVE None
[11/15/2012 - 01:07:25PM] PLAYER_MOVE Run
[11/15/2012 - 01:07:28PM] PLAYER_MOVE None
[11/15/2012 - 01:07:30PM] PLAYER_MOVE Run
[11/15/2012 - 01:07:30PM] PLAYER_TRIGGER_ENTER [ths1_TriggerEnterSCRIPT < (02074E53)>]
[11/15/2012 - 01:07:33PM] PLAYER_TRIGGER_ENTER [ths1_TriggerEnterSCRIPT < (02074E57)>]
[11/15/2012 - 01:07:33PM] PLAYER_TRIGGER_LEAVE [ths1_TriggerEnterSCRIPT < (02074E53)>]
[11/15/2012 - 01:07:34PM] PLAYER_MOVE None
[11/15/2012 - 01:07:34PM] PLAYER_TRIGGER_LEAVE [ths1_TriggerEnterSCRIPT < (02074E57)>]
[11/15/2012 - 01:07:35PM] PLAYER_MOVE Run
[11/15/2012 - 01:07:35PM] PLAYER_TRIGGER_ENTER [ths1_TriggerEnterSCRIPT < (02074E58)>]
[11/15/2012 - 01:07:36PM] PLAYER_TRIGGER_LEAVE [ths1_TriggerEnterSCRIPT < (02074E58)>]
[11/15/2012 - 01:07:37PM] PLAYER_MOVE None
[11/15/2012 - 01:07:38PM] PLAYER_MOVE Run
[11/15/2012 - 01:07:40PM] PLAYER_TRIGGER_ENTER [ths1_TriggerEnterSCRIPT < (02074E58)>]
[11/15/2012 - 01:07:40PM] PLAYER_TRIGGER_LEAVE [ths1_TriggerEnterSCRIPT < (02074E58)>]
[11/15/2012 - 01:08:05PM] PLAYER_MOVE None
[11/15/2012 - 01:08:06PM] PLAYER_MOVE Run
[11/15/2012 - 01:08:11PM] PLAYER_WEAPON_WITHDRAWN
[11/15/2012 - 01:08:14PM] PLAYER_MOVE Sprint
[11/15/2012 - 01:08:15PM] PLAYER_MOVE Run
[11/15/2012 - 01:08:17PM] PLAYER_MOVE None
[11/15/2012 - 01:08:18PM] PLAYER_MOVE Run
[11/15/2012 - 01:08:20PM] PLAYER_MOVE None
[11/15/2012 - 01:08:23PM] PLAYER_MOVE Run
[11/15/2012 - 01:08:26PM] PLAYER_MOVE None
[11/15/2012 - 01:08:27PM] PLAYER_MOVE Run
[11/15/2012 - 01:08:31PM] PLAYER_MOVE None
[11/15/2012 - 01:08:36PM] PLAYER_MOVE Run
[11/15/2012 - 01:08:38PM] PLAYER_MOVE None
[11/15/2012 - 01:08:45PM] PLAYER_MOVE Run
[11/15/2012 - 01:08:46PM] PLAYER_MOVE None
[11/15/2012 - 01:08:51PM] PLAYER_MOVE Run
[11/15/2012 - 01:08:52PM] PLAYER_MOVE None
[11/15/2012 - 01:08:53PM] PLAYER_MOVE Run
[11/15/2012 - 01:08:54PM] PLAYER_TRIGGER_ENTER [ths1_TriggerEnterSCRIPT < (02074E51)>]
[11/15/2012 - 01:08:54PM] PLAYER_TRIGGER_LEAVE [ths1_TriggerEnterSCRIPT < (02074E51)>]
[11/15/2012 - 01:08:55PM] PLAYER_TRIGGER_ENTER [ths1_TriggerEnterSCRIPT < (02074E50)>]
[11/15/2012 - 01:08:55PM] PLAYER_TRIGGER_LEAVE [ths1_TriggerEnterSCRIPT < (02074E50)>]
[11/15/2012 - 01:08:58PM] PLAYER_MOVE None
[11/15/2012 - 01:08:58PM] PLAYER_TRIGGER_ENTER [ths1_TriggerEnterSCRIPT < (02074E4F)>]
[11/15/2012 - 01:08:59PM] PLAYER_MOVE Run
[11/15/2012 - 01:09:00PM] PLAYER_MOVE None
[11/15/2012 - 01:09:02PM] PLAYER_TRIGGER_ENTER [ths1_TriggerEnterSCRIPT < (0208C788)>]
[11/15/2012 - 01:09:02PM] PLAYER_TRIGGER_LEAVE [ths1_TriggerEnterSCRIPT < (02074E4F)>]
[11/15/2012 - 01:09:03PM] PLAYER_CELL_CHANGE [Cell <Wilderness (02085D56)>] ""
[11/15/2012 - 01:09:03PM] PLAYER_WORLDSPACE_CHANGE [WorldSpace <ths1_Town (02085D17)>] "Town"
[11/15/2012 - 01:09:06PM] PLAYER_TRIGGER_LEAVE [ths1_TriggerEnterSCRIPT < (0208C788)>]
[11/15/2012 - 01:09:07PM] PLAYER_MOVE Run
[11/15/2012 - 01:09:08PM] PLAYER_CELL_CHANGE [Cell <Wilderness (02085D34)>] ""
[11/15/2012 - 01:09:10PM] PLAYER_TRIGGER_ENTER [ths1_TriggerEnterSCRIPT < (0208CDAB)>]
[11/15/2012 - 01:09:11PM] PLAYER_MOVE None
[11/15/2012 - 01:09:14PM] PLAYER_DIALOGUE [TIF__020774A6 <topic info 020774A6 on quest ths1_MasterQuest (020319F7)>] NPC_SPEAKER [Actor < (0208BC45)>]
[11/15/2012 - 01:09:22PM] PLAYER_DIALOGUE [TIF__020774A8 <topic info 020774A8 on quest ths1_MasterQuest (020319F7)>] NPC_SPEAKER [Actor < (0208BC45)>]
[11/15/2012 - 01:09:32PM] PLAYER_DIALOGUE [TIF__0207BD44 <topic info 0207BD44 on quest ths1_MasterQuest (020319F7)>] NPC_SPEAKER [Actor < (0208BC45)>]
[11/15/2012 - 01:09:39PM] PLAYER_DIALOGUE [TIF__0207FA85 <topic info 0207FA85 on quest ths1_MasterQuest (020319F7)>] NPC_SPEAKER [Actor < (0208BC45)>]
[11/15/2012 - 01:09:46PM] PLAYER_DIALOGUE [TIF__0208EEAE <topic info 0208EEAE on quest ths1_MasterQuest (020319F7)>] NPC_SPEAKER [Actor < (0208BC45)>]
[11/15/2012 - 01:10:24PM] PLAYER_DIALOGUE [TIF__0208EEB2 <topic info 0208EEB2 on quest ths1_MasterQuest (020319F7)>] NPC_SPEAKER [Actor < (0208BC45)>]
[11/15/2012 - 01:10:34PM] PLAYER_TRIGGER_LEAVE [ths1_TriggerEnterSCRIPT < (0208CDAB)>]
[11/15/2012 - 01:10:34PM] PLAYER_MOVE Run
[11/15/2012 - 01:10:35PM] PLAYER_MOVE None
[11/15/2012 - 01:10:36PM] PLAYER_MOVE Run
[11/15/2012 - 01:10:39PM] PLAYER_TRIGGER_ENTER [ths1_TriggerEnterSCRIPT < (0208CD5A)>]
[11/15/2012 - 01:10:39PM] PLAYER_MOVE None
[11/15/2012 - 01:10:47PM] PLAYER_MOVE Run
[11/15/2012 - 01:10:47PM] PLAYER_ACTOR_VIEW_GAIN [ObjectReference < (02089359)>] "Seamus"
[11/15/2012 - 01:10:48PM] PLAYER_ACTOR_VIEW_LOSS [ObjectReference < (02089359)>] "Seamus"
[11/15/2012 - 01:10:49PM] PLAYER_ACTOR_VIEW_GAIN [ObjectReference < (02089359)>] "Seamus"
[11/15/2012 - 01:11:00PM] PLAYER_MOVE None
[11/15/2012 - 01:11:04PM] PLAYER_WEAPON_WITHDRAWN
[11/15/2012 - 01:11:04PM] PLAYER_MOVE Run
[11/15/2012 - 01:11:05PM] PLAYER_MOVE None
[11/15/2012 - 01:11:05PM] PLAYER_ACTOR_VIEW_LOSS [ObjectReference < (02089359)>] "Seamus"
[11/15/2012 - 01:11:06PM] PLAYER_TRIGGER_LEAVE [ths1_TriggerEnterSCRIPT < (0208CD5A)>]
[11/15/2012 - 01:11:06PM] PLAYER_MOVE Run
[11/15/2012 - 01:11:06PM] PLAYER_ACTOR_VIEW_GAIN [ObjectReference < (02089359)>] "Seamus"
[11/15/2012 - 01:11:08PM] PLAYER_TRIGGER_ENTER [ths1_TriggerEnterSCRIPT < (0208C7A9)>]
[11/15/2012 - 01:11:08PM] PLAYER_ACTOR_VIEW_LOSS [ObjectReference < (02089359)>] "Seamus"
[11/15/2012 - 01:11:08PM] PLAYER_TRIGGER_LEAVE [ths1_TriggerEnterSCRIPT < (0208C7A9)>]
[11/15/2012 - 01:11:09PM] PLAYER_ACTOR_VIEW_GAIN [ObjectReference < (02089359)>] "Seamus"
[11/15/2012 - 01:11:09PM] PLAYER_TRIGGER_ENTER [ths1_TriggerEnterSCRIPT < (0208C7A9)>]
[11/15/2012 - 01:11:10PM] PLAYER_TRIGGER_LEAVE [ths1_TriggerEnterSCRIPT < (0208C7A9)>]
[11/15/2012 - 01:11:10PM] PLAYER_ACTOR_VIEW_LOSS [ObjectReference < (02089359)>] "Seamus"
[11/15/2012 - 01:11:11PM] PLAYER_TRIGGER_ENTER [ths1_TriggerEnterSCRIPT < (0208C7A9)>]
[11/15/2012 - 01:11:12PM] PLAYER_TRIGGER_LEAVE [ths1_TriggerEnterSCRIPT < (0208C7A9)>]
[11/15/2012 - 01:11:13PM] PLAYER_TRIGGER_ENTER [ths1_TriggerEnterSCRIPT < (0208CD5A)>]
[11/15/2012 - 01:11:16PM] PLAYER_TRIGGER_LEAVE [ths1_TriggerEnterSCRIPT < (0208CD5A)>]
[11/15/2012 - 01:11:19PM] PLAYER_MOVE None
[11/15/2012 - 01:11:19PM] PLAYER_TRIGGER_ENTER [ths1_TriggerEnterSCRIPT < (0208CDAB)>]
[11/15/2012 - 01:11:25PM] PLAYER_TRIGGER_LEAVE [ths1_TriggerEnterSCRIPT < (0208CDAB)>]
[11/15/2012 - 01:11:26PM] PLAYER_TRIGGER_ENTER [ths1_TriggerEnterSCRIPT < (0208CDAB)>]
[11/15/2012 - 01:11:26PM] PLAYER_MOVE Run
[11/15/2012 - 01:11:26PM] PLAYER_TRIGGER_LEAVE [ths1_TriggerEnterSCRIPT < (0208CDAB)>]
[11/15/2012 - 01:11:34PM] PLAYER_CELL_CHANGE [Cell <Wilderness (02085D4C)>] ""
[11/15/2012 - 01:11:34PM] PLAYER_TRIGGER_ENTER [ths1_TriggerEnterSCRIPT < (0208C7A7)>]
[11/15/2012 - 01:11:35PM] PLAYER_MOVE None
[11/15/2012 - 01:11:36PM] PLAYER_MOVE Run
[11/15/2012 - 01:11:37PM] PLAYER_MOVE None
[11/15/2012 - 01:12:03PM] PLAYER_MOVE Run
[11/15/2012 - 01:12:06PM] PLAYER_MOVE None
[11/15/2012 - 01:12:13PM] PLAYER_MOVE Run
[11/15/2012 - 01:12:13PM] PLAYER_TRIGGER_LEAVE [ths1_TriggerEnterSCRIPT < (0208C7A7)>]
[11/15/2012 - 01:12:14PM] PLAYER_TRIGGER_ENTER [ths1_TriggerEnterSCRIPT < (0208C7A8)>]
[11/15/2012 - 01:12:14PM] PLAYER_TRIGGER_LEAVE [ths1_TriggerEnterSCRIPT < (0208C7A8)>]
[11/15/2012 - 01:12:15PM] PLAYER_TRIGGER_ENTER [ths1_TriggerEnterSCRIPT < (0208C7A8)>]
[11/15/2012 - 01:12:18PM] PLAYER_TRIGGER_LEAVE [ths1_TriggerEnterSCRIPT < (0208C7A8)>]
[11/15/2012 - 01:12:18PM] PLAYER_TRIGGER_ENTER [ths1_TriggerEnterSCRIPT < (0208C7AA)>]
[11/15/2012 - 01:12:18PM] PLAYER_TRIGGER_LEAVE [ths1_TriggerEnterSCRIPT < (0208C7AA)>]
[11/15/2012 - 01:12:19PM] PLAYER_MOVE None
[11/15/2012 - 01:12:23PM] PLAYER_CELL_CHANGE [Cell <ths1_TempleInterior (02019CC3)>] "Town Temple"
[11/15/2012 - 01:12:26PM] PLAYER_MOVE Run
[11/15/2012 - 01:12:28PM] PLAYER_MOVE None
[11/15/2012 - 01:12:29PM] PLAYER_MOVE Run
[11/15/2012 - 01:12:30PM] PLAYER_MOVE None
[11/15/2012 - 01:12:32PM] PLAYER_DIALOGUE [TIF__02074354 <topic info 02074354 on quest ths1_BarrianBookQuest (0204540C)>] NPC_SPEAKER [Actor < (0204540E)>]
[11/15/2012 - 01:12:41PM] PLAYER_MOVE Run
[11/15/2012 - 01:12:42PM] PLAYER_MOVE None
[11/15/2012 - 01:12:44PM] PLAYER_DIALOGUE [TIF__010469EA <topic info 020469EA on quest ths1_BarrianBookQuest (0204540C)>] NPC_SPEAKER [Actor < (020371CF)>]
[11/15/2012 - 01:12:51PM] PLAYER_MOVE Run
[11/15/2012 - 01:12:53PM] PLAYER_TRIGGER_ENTER [ths1_EnterTempleBookshelfTrigScript <alias TempleBookshelfTrigger on quest ths1_BarrianBookQuest (0204540C)>]
[11/15/2012 - 01:12:56PM] PLAYER_MOVE None
[11/15/2012 - 01:12:59PM] PLAYER_TRIGGER_ENTER [ths1_EnterTempleBookshelfTrigScript <alias TempleBookshelfTrigger on quest ths1_BarrianBookQuest (0204540C)>]
[11/15/2012 - 01:12:59PM] PLAYER_MOVE Run
[11/15/2012 - 01:13:00PM] PLAYER_TRIGGER_ENTER [ths1_EnterTempleBookshelfTrigScript <alias TempleBookshelfTrigger on quest ths1_BarrianBookQuest (0204540C)>]
[11/15/2012 - 01:13:01PM] PLAYER_MOVE None
[11/15/2012 - 01:13:02PM] PLAYER_TRIGGER_ENTER [ths1_EnterTempleBookshelfTrigScript <alias TempleBookshelfTrigger on quest ths1_BarrianBookQuest (0204540C)>]
[11/15/2012 - 01:13:02PM] PLAYER_MOVE Run
[11/15/2012 - 01:13:03PM] PLAYER_MOVE None
[11/15/2012 - 01:13:04PM] PLAYER_TRIGGER_ENTER [ths1_TriggerEnterSCRIPT < (02074E61)>]
[11/15/2012 - 01:13:05PM] PLAYER_TRIGGER_LEAVE [ths1_TriggerEnterSCRIPT < (02074E61)>]
[11/15/2012 - 01:13:05PM] PLAYER_MOVE Run
[11/15/2012 - 01:13:09PM] PLAYER_MOVE None
[11/15/2012 - 01:13:10PM] PLAYER_MOVE Run
[11/15/2012 - 01:13:10PM] PLAYER_TRIGGER_ENTER [ths1_TriggerEnterSCRIPT < (02074E69)>]
[11/15/2012 - 01:13:11PM] PLAYER_MOVE None
[11/15/2012 - 01:13:15PM] PLAYER_TRIGGER_ENTER [ths1_TriggerEnterSCRIPT < (02074E6A)>]
[11/15/2012 - 01:13:15PM] PLAYER_TRIGGER_LEAVE [ths1_TriggerEnterSCRIPT < (02074E69)>]
[11/15/2012 - 01:13:15PM] PLAYER_MOVE Run
[11/15/2012 - 01:13:15PM] PLAYER_TRIGGER_LEAVE [ths1_TriggerEnterSCRIPT < (02074E6A)>]
[11/15/2012 - 01:13:16PM] PLAYER_MOVE None
[11/15/2012 - 01:13:20PM] PLAYER_TRIGGER_ENTER [ths1_TriggerEnterSCRIPT < (02074E6B)>]
[11/15/2012 - 01:13:22PM] PLAYER_TRIGGER_ENTER [ths1_TriggerEnterSCRIPT < (02074E6C)>]
[11/15/2012 - 01:13:22PM] PLAYER_TRIGGER_LEAVE [ths1_TriggerEnterSCRIPT < (02074E6B)>]
[11/15/2012 - 01:13:23PM] PLAYER_TRIGGER_LEAVE [ths1_TriggerEnterSCRIPT < (02074E6C)>]
[11/15/2012 - 01:13:25PM] PLAYER_MOVE Run
[11/15/2012 - 01:13:28PM] PLAYER_TRIGGER_ENTER [ths1_TriggerEnterSCRIPT < (02074E6C)>]
[11/15/2012 - 01:13:28PM] PLAYER_TRIGGER_LEAVE [ths1_TriggerEnterSCRIPT < (02074E6C)>]
[11/15/2012 - 01:13:28PM] PLAYER_TRIGGER_ENTER [ths1_TriggerEnterSCRIPT < (02074E6B)>]
[11/15/2012 - 01:13:28PM] PLAYER_MOVE None
[11/15/2012 - 01:13:29PM] PLAYER_TRIGGER_LEAVE [ths1_TriggerEnterSCRIPT < (02074E6B)>]
[11/15/2012 - 01:13:29PM] PLAYER_MOVE Run
[11/15/2012 - 01:13:30PM] PLAYER_TRIGGER_ENTER [ths1_TriggerEnterSCRIPT < (02074E6A)>]
[11/15/2012 - 01:13:30PM] PLAYER_TRIGGER_ENTER [ths1_TriggerEnterSCRIPT < (02074E69)>]
[11/15/2012 - 01:13:30PM] PLAYER_MOVE None
[11/15/2012 - 01:13:30PM] PLAYER_TRIGGER_LEAVE [ths1_TriggerEnterSCRIPT < (02074E6A)>]
[11/15/2012 - 01:13:32PM] PLAYER_TRIGGER_LEAVE [ths1_TriggerEnterSCRIPT < (02074E69)>]
[11/15/2012 - 01:13:32PM] PLAYER_MOVE Run
[11/15/2012 - 01:13:33PM] PLAYER_MOVE None
[11/15/2012 - 01:13:34PM] PLAYER_MOVE Run
[11/15/2012 - 01:13:35PM] PLAYER_MOVE None
[11/15/2012 - 01:13:39PM] PLAYER_MOVE Run
[11/15/2012 - 01:13:42PM] PLAYER_MOVE None
[11/15/2012 - 01:13:45PM] PLAYER_DIALOGUE [TIF__0106B44A <topic info 0206B44A on quest ths1_BarrianBookQuest (0204540C)>] NPC_SPEAKER [Actor < (020371D2)>]
[11/15/2012 - 01:13:54PM] PLAYER_DIALOGUE [TIF__020826E9 <topic info 020826E9 on quest ths1_BarrianBookQuest (0204540C)>] NPC_SPEAKER [Actor < (020371D2)>]
[11/15/2012 - 01:14:02PM] PLAYER_DIALOGUE [TIF__01045418 <topic info 02045418 on quest ths1_BarrianBookQuest (0204540C)>] NPC_SPEAKER [Actor < (020371D2)>]
[11/15/2012 - 01:14:11PM] QUEST_STAGE_CHANGE [ths1_BBQScript <ths1_BarrianBookQuest (0204540C)>] "'What's That You're Reading, Barrian?'" 10
[11/15/2012 - 01:14:20PM] PLAYER_DIALOGUE [TIF__01045418 <topic info 02045418 on quest ths1_BarrianBookQuest (0204540C)>] NPC_SPEAKER [Actor < (020371D2)>]
[11/15/2012 - 01:14:29PM] PLAYER_DIALOGUE [TIF__010469ED <topic info 020469ED on quest ths1_BarrianBookQuest (0204540C)>] NPC_SPEAKER [Actor < (020371CF)>]
[11/15/2012 - 01:14:38PM] PLAYER_DIALOGUE [TIF__01048094 <topic info 02048094 on quest ths1_BarrianBookQuest (0204540C)>] NPC_SPEAKER [Actor < (020371CF)>]
[11/15/2012 - 01:14:44PM] QUEST_STAGE_CHANGE [ths1_BBQScript <ths1_BarrianBookQuest (0204540C)>] "'What's That You're Reading, Barrian?'" 15
[11/15/2012 - 01:14:47PM] PLAYER_MOVE Run
[11/15/2012 - 01:14:48PM] PLAYER_MOVE None
[11/15/2012 - 01:14:49PM] PLAYER_MOVE Run
[11/15/2012 - 01:14:50PM] PLAYER_MOVE None
[11/15/2012 - 01:14:51PM] PLAYER_BOOK_READ [ths1_BBQJokeBookReadScript <alias JokeBook1 on quest ths1_BarrianBookQuest (0204540C)>] JokeBook1
[11/15/2012 - 01:15:09PM] PLAYER_ITEM_OBTAIN [Form < (020371D7)>] [ObjectReference < (020371D9)>] "Book of Jokes" COUNT 1 CONTAINER None
[11/15/2012 - 01:15:11PM] QUEST_STAGE_CHANGE [ths1_BBQScript <ths1_BarrianBookQuest (0204540C)>] "'What's That You're Reading, Barrian?'" 20
[11/15/2012 - 01:15:13PM] PLAYER_MOVE Run
[11/15/2012 - 01:15:14PM] PLAYER_MOVE None
[11/15/2012 - 01:15:15PM] PLAYER_DIALOGUE [TIF__0104BD93 <topic info 0204BD93 on quest ths1_BarrianBookQuest (0204540C)>] NPC_SPEAKER [Actor < (020371CF)>]
[11/15/2012 - 01:15:26PM] PLAYER_DIALOGUE [TIF__0104BD97 <topic info 0204BD97 on quest ths1_BarrianBookQuest (0204540C)>] NPC_SPEAKER [Actor < (020371CF)>]
[11/15/2012 - 01:15:40PM] PLAYER_MOVE Run
[11/15/2012 - 01:15:41PM] PLAYER_MOVE None
[11/15/2012 - 01:15:44PM] PLAYER_MOVE Run
[11/15/2012 - 01:15:45PM] PLAYER_MOVE None
[11/15/2012 - 01:15:53PM] PLAYER_MOVE Run
[11/15/2012 - 01:15:55PM] PLAYER_MOVE None
[11/15/2012 - 01:15:57PM] PLAYER_MOVE Run
[11/15/2012 - 01:15:58PM] PLAYER_MOVE None
[11/15/2012 - 01:16:00PM] PLAYER_MOVE Run
[11/15/2012 - 01:16:00PM] PLAYER_TRIGGER_ENTER [ths1_TriggerEnterSCRIPT < (02074E62)>]
[11/15/2012 - 01:16:00PM] PLAYER_TRIGGER_LEAVE [ths1_TriggerEnterSCRIPT < (02074E62)>]
[11/15/2012 - 01:16:01PM] PLAYER_TRIGGER_ENTER [ths1_TriggerEnterSCRIPT < (02074E69)>]
[11/15/2012 - 01:16:02PM] PLAYER_MOVE None
[11/15/2012 - 01:16:02PM] PLAYER_TRIGGER_ENTER [ths1_TriggerEnterSCRIPT < (02074E6A)>]
[11/15/2012 - 01:16:02PM] PLAYER_TRIGGER_LEAVE [ths1_TriggerEnterSCRIPT < (02074E69)>]
[11/15/2012 - 01:16:03PM] PLAYER_TRIGGER_LEAVE [ths1_TriggerEnterSCRIPT < (02074E6A)>]
[11/15/2012 - 01:16:06PM] PLAYER_DIALOGUE [TIF__0106B447 <topic info 0206B447 on quest ths1_BarrianBookQuest (0204540C)>] NPC_SPEAKER [Actor < (020371D2)>]
[11/15/2012 - 01:16:21PM] PLAYER_ITEM_REMOVED [Form < (020371D7)>] [ObjectReference < (020371D9)>] "Book of Jokes" COUNT 1 CONTAINER [ObjectReference < (020371D2)>]
[11/15/2012 - 01:16:31PM] QUEST_STAGE_CHANGE [ths1_BBQScript <ths1_BarrianBookQuest (0204540C)>] "'What's That You're Reading, Barrian?'" 40
[11/15/2012 - 01:16:31PM] QUEST_COMPLETED [ths1_BBQScript <ths1_BarrianBookQuest (0204540C)>]  "'What's That You're Reading, Barrian?'"
[11/15/2012 - 01:16:41PM] PLAYER_TRIGGER_ENTER [ths1_TriggerEnterSCRIPT < (02074E6A)>]
[11/15/2012 - 01:16:41PM] PLAYER_TRIGGER_ENTER [ths1_TriggerEnterSCRIPT < (02074E69)>]
[11/15/2012 - 01:16:41PM] PLAYER_TRIGGER_LEAVE [ths1_TriggerEnterSCRIPT < (02074E6A)>]
[11/15/2012 - 01:16:41PM] PLAYER_MOVE Run
[11/15/2012 - 01:16:42PM] PLAYER_TRIGGER_LEAVE [ths1_TriggerEnterSCRIPT < (02074E69)>]
[11/15/2012 - 01:16:45PM] PLAYER_MOVE None
[11/15/2012 - 01:16:51PM] PLAYER_MOVE Run
[11/15/2012 - 01:16:53PM] PLAYER_MOVE None
[11/15/2012 - 01:16:55PM] PLAYER_DIALOGUE [TIF__010662CD <topic info 020662CD on quest ths1_BarrianBookQuest (0204540C)>] NPC_SPEAKER [Actor < (020371CF)>]
[11/15/2012 - 01:17:08PM] PLAYER_MOVE Run
[11/15/2012 - 01:17:09PM] PLAYER_MOVE None
[11/15/2012 - 01:17:10PM] PLAYER_TRIGGER_ENTER [ths1_EnterTempleBookshelfTrigScript <alias TempleBookshelfTrigger on quest ths1_BarrianBookQuest (0204540C)>]
[11/15/2012 - 01:17:14PM] PLAYER_READ_BOOK "[ths1_BookReadScript < (020662CF)>]"
[11/15/2012 - 01:17:18PM] PLAYER_ITEM_OBTAIN [Form < (0001AD13)>] [ObjectReference < (020662CF)>] "The Red Book of Riddles" COUNT 1 CONTAINER None
[11/15/2012 - 01:17:21PM] PLAYER_MOVE Run
[11/15/2012 - 01:17:23PM] PLAYER_MOVE None
[11/15/2012 - 01:17:24PM] PLAYER_MOVE Run
[11/15/2012 - 01:17:25PM] PLAYER_MOVE None
[11/15/2012 - 01:17:29PM] PLAYER_TRIGGER_ENTER [ths1_EnterTempleBookshelfTrigScript <alias TempleBookshelfTrigger on quest ths1_BarrianBookQuest (0204540C)>]
[11/15/2012 - 01:17:30PM] PLAYER_MOVE Run
[11/15/2012 - 01:17:31PM] PLAYER_MOVE None
[11/15/2012 - 01:17:33PM] PLAYER_READ_BOOK "[ths1_BookReadScript < (020662CE)>]"
[11/15/2012 - 01:17:40PM] PLAYER_MOVE Run
[11/15/2012 - 01:17:43PM] PLAYER_MOVE None
[11/15/2012 - 01:17:47PM] PLAYER_MOVE Run
[11/15/2012 - 01:17:48PM] PLAYER_MOVE None
[11/15/2012 - 01:17:54PM] PLAYER_MOVE Run
[11/15/2012 - 01:17:55PM] PLAYER_MOVE None
[11/15/2012 - 01:17:56PM] PLAYER_MOVE Run
[11/15/2012 - 01:17:57PM] PLAYER_MOVE None
[11/15/2012 - 01:18:04PM] PLAYER_MOVE Run
[11/15/2012 - 01:18:08PM] PLAYER_MOVE None
[11/15/2012 - 01:18:11PM] PLAYER_MOVE Run
[11/15/2012 - 01:18:14PM] PLAYER_TRIGGER_ENTER [ths1_TriggerEnterSCRIPT < (02074E69)>]
[11/15/2012 - 01:18:14PM] PLAYER_MOVE None
[11/15/2012 - 01:18:15PM] PLAYER_TRIGGER_ENTER [ths1_TriggerEnterSCRIPT < (02074E6A)>]
[11/15/2012 - 01:18:15PM] PLAYER_TRIGGER_LEAVE [ths1_TriggerEnterSCRIPT < (02074E69)>]
[11/15/2012 - 01:18:15PM] PLAYER_TRIGGER_LEAVE [ths1_TriggerEnterSCRIPT < (02074E6A)>]
[11/15/2012 - 01:18:15PM] PLAYER_MOVE Run
[11/15/2012 - 01:18:16PM] PLAYER_MOVE None
[11/15/2012 - 01:18:19PM] PLAYER_MOVE Run
[11/15/2012 - 01:18:20PM] PLAYER_TRIGGER_ENTER [ths1_TriggerEnterSCRIPT < (02074E6B)>]
[11/15/2012 - 01:18:20PM] PLAYER_TRIGGER_ENTER [ths1_TriggerEnterSCRIPT < (02074E6C)>]
[11/15/2012 - 01:18:20PM] PLAYER_TRIGGER_LEAVE [ths1_TriggerEnterSCRIPT < (02074E6B)>]
[11/15/2012 - 01:18:21PM] PLAYER_TRIGGER_LEAVE [ths1_TriggerEnterSCRIPT < (02074E6C)>]
[11/15/2012 - 01:18:21PM] PLAYER_MOVE None
[11/15/2012 - 01:18:24PM] PLAYER_TRIGGER_ENTER [ths1_TriggerEnterSCRIPT < (02074E6C)>]
[11/15/2012 - 01:18:24PM] PLAYER_MOVE Run
[11/15/2012 - 01:18:25PM] PLAYER_TRIGGER_LEAVE [ths1_TriggerEnterSCRIPT < (02074E6C)>]
[11/15/2012 - 01:18:25PM] PLAYER_TRIGGER_ENTER [ths1_TriggerEnterSCRIPT < (02074E6B)>]
[11/15/2012 - 01:18:25PM] PLAYER_TRIGGER_LEAVE [ths1_TriggerEnterSCRIPT < (02074E6B)>]
[11/15/2012 - 01:18:26PM] PLAYER_TRIGGER_ENTER [ths1_TriggerEnterSCRIPT < (02074E6A)>]
[11/15/2012 - 01:18:26PM] PLAYER_TRIGGER_ENTER [ths1_TriggerEnterSCRIPT < (02074E69)>]
[11/15/2012 - 01:18:26PM] PLAYER_TRIGGER_LEAVE [ths1_TriggerEnterSCRIPT < (02074E6A)>]
[11/15/2012 - 01:18:26PM] PLAYER_TRIGGER_LEAVE [ths1_TriggerEnterSCRIPT < (02074E69)>]
[11/15/2012 - 01:18:30PM] PLAYER_MOVE None
[11/15/2012 - 01:18:32PM] PLAYER_CELL_CHANGE [Cell <Wilderness (02085D4C)>] ""
[11/15/2012 - 01:18:32PM] PLAYER_WORLDSPACE_CHANGE [WorldSpace <ths1_Town (02085D17)>] "Town"
[11/15/2012 - 01:18:35PM] PLAYER_ACTOR_VIEW_GAIN [ObjectReference < (02089359)>] "Seamus"
[11/15/2012 - 01:18:35PM] PLAYER_TRIGGER_ENTER [ths1_TriggerEnterSCRIPT < (0208C7AA)>]
[11/15/2012 - 01:18:35PM] PLAYER_MOVE Run
[11/15/2012 - 01:18:36PM] PLAYER_TRIGGER_LEAVE [ths1_TriggerEnterSCRIPT < (0208C7AA)>]
[11/15/2012 - 01:18:36PM] PLAYER_TRIGGER_ENTER [ths1_TriggerEnterSCRIPT < (0208C7A8)>]
[11/15/2012 - 01:18:36PM] PLAYER_TRIGGER_LEAVE [ths1_TriggerEnterSCRIPT < (0208C7A8)>]
[11/15/2012 - 01:18:38PM] PLAYER_ACTOR_VIEW_LOSS [ObjectReference < (02089359)>] "Seamus"
[11/15/2012 - 01:18:39PM] PLAYER_CELL_CHANGE [Cell <Wilderness (02085D42)>] ""
[11/15/2012 - 01:18:42PM] PLAYER_ACTOR_VIEW_GAIN [ObjectReference < (02089359)>] "Seamus"
[11/15/2012 - 01:18:43PM] PLAYER_ACTOR_VIEW_LOSS [ObjectReference < (02089359)>] "Seamus"
[11/15/2012 - 01:18:43PM] PLAYER_CELL_CHANGE [Cell <Wilderness (02085D44)>] ""
[11/15/2012 - 01:18:44PM] PLAYER_ACTOR_VIEW_GAIN [ObjectReference < (02089359)>] "Seamus"
[11/15/2012 - 01:18:44PM] PLAYER_DISTANCE_ACTOR [ObjectReference < (02089359)>] "Seamus" 714.709412
[11/15/2012 - 01:18:45PM] PLAYER_DISTANCE_ACTOR [ObjectReference < (02089359)>] "Seamus" 514.458069
[11/15/2012 - 01:18:46PM] PLAYER_DISTANCE_ACTOR [ObjectReference < (02089359)>] "Seamus" 176.342316
[11/15/2012 - 01:18:46PM] PLAYER_MOVE None
[11/15/2012 - 01:18:47PM] PLAYER_DISTANCE_ACTOR [ObjectReference < (02089359)>] "Seamus" 111.864059
[11/15/2012 - 01:18:48PM] PLAYER_DISTANCE_ACTOR [ObjectReference < (02089359)>] "Seamus" 111.864059
[11/15/2012 - 01:18:48PM] PLAYER_DIALOGUE [TIF__01013D2B <topic info 02013D2B on quest ths1_MissingDog (02009344)>] NPC_SPEAKER [Actor < (02089359)>]
[11/15/2012 - 01:18:49PM] PLAYER_DISTANCE_ACTOR [ObjectReference < (02089359)>] "Seamus" 111.864059
[11/15/2012 - 01:18:50PM] PLAYER_DISTANCE_ACTOR [ObjectReference < (02089359)>] "Seamus" 111.864059
[11/15/2012 - 01:18:51PM] PLAYER_DISTANCE_ACTOR [ObjectReference < (02089359)>] "Seamus" 111.864059
[11/15/2012 - 01:18:52PM] PLAYER_DISTANCE_ACTOR [ObjectReference < (02089359)>] "Seamus" 111.864059
[11/15/2012 - 01:18:53PM] PLAYER_DISTANCE_ACTOR [ObjectReference < (02089359)>] "Seamus" 111.864059
[11/15/2012 - 01:18:53PM] QUEST_STAGE_CHANGE [ths1_MDQScript <ths1_MissingDog (02009344)>] "Missing Dog" 5
[11/15/2012 - 01:18:54PM] PLAYER_DISTANCE_ACTOR [ObjectReference < (02089359)>] "Seamus" 111.864059
[11/15/2012 - 01:18:55PM] PLAYER_DISTANCE_ACTOR [ObjectReference < (02089359)>] "Seamus" 111.864059
[11/15/2012 - 01:18:56PM] PLAYER_DISTANCE_ACTOR [ObjectReference < (02089359)>] "Seamus" 111.864059
[11/15/2012 - 01:18:57PM] PLAYER_DISTANCE_ACTOR [ObjectReference < (02089359)>] "Seamus" 111.864059
[11/15/2012 - 01:18:57PM] PLAYER_DIALOGUE [TIF__010180E7 <topic info 020180E7 on quest ths1_MissingDog (02009344)>] NPC_SPEAKER [Actor < (02089359)>]
[11/15/2012 - 01:18:58PM] PLAYER_DISTANCE_ACTOR [ObjectReference < (02089359)>] "Seamus" 111.864059
[11/15/2012 - 01:18:59PM] PLAYER_DISTANCE_ACTOR [ObjectReference < (02089359)>] "Seamus" 111.864059
[11/15/2012 - 01:19:00PM] PLAYER_DISTANCE_ACTOR [ObjectReference < (02089359)>] "Seamus" 111.864059
[11/15/2012 - 01:19:01PM] PLAYER_DISTANCE_ACTOR [ObjectReference < (02089359)>] "Seamus" 111.864059
[11/15/2012 - 01:19:02PM] PLAYER_DISTANCE_ACTOR [ObjectReference < (02089359)>] "Seamus" 111.864059
[11/15/2012 - 01:19:03PM] PLAYER_DISTANCE_ACTOR [ObjectReference < (02089359)>] "Seamus" 111.864059
[11/15/2012 - 01:19:03PM] PLAYER_DIALOGUE [TIF__01009353 <topic info 02009353 on quest ths1_MissingDog (02009344)>] NPC_SPEAKER [Actor < (02089359)>]
[11/15/2012 - 01:19:04PM] PLAYER_DISTANCE_ACTOR [ObjectReference < (02089359)>] "Seamus" 111.864059
[11/15/2012 - 01:19:05PM] PLAYER_DISTANCE_ACTOR [ObjectReference < (02089359)>] "Seamus" 111.864059
[11/15/2012 - 01:19:06PM] PLAYER_DISTANCE_ACTOR [ObjectReference < (02089359)>] "Seamus" 111.864059
[11/15/2012 - 01:19:07PM] PLAYER_DISTANCE_ACTOR [ObjectReference < (02089359)>] "Seamus" 111.864059
[11/15/2012 - 01:19:08PM] PLAYER_DISTANCE_ACTOR [ObjectReference < (02089359)>] "Seamus" 111.864059
[11/15/2012 - 01:19:09PM] PLAYER_DISTANCE_ACTOR [ObjectReference < (02089359)>] "Seamus" 111.864059
[11/15/2012 - 01:19:10PM] PLAYER_DISTANCE_ACTOR [ObjectReference < (02089359)>] "Seamus" 111.864059
[11/15/2012 - 01:19:11PM] PLAYER_DISTANCE_ACTOR [ObjectReference < (02089359)>] "Seamus" 111.864059
[11/15/2012 - 01:19:12PM] PLAYER_DISTANCE_ACTOR [ObjectReference < (02089359)>] "Seamus" 111.864059
[11/15/2012 - 01:19:12PM] PLAYER_DIALOGUE [TIF__01063CC4 <topic info 02063CC4 on quest ths1_MissingDog (02009344)>] NPC_SPEAKER [Actor < (02089359)>]
[11/15/2012 - 01:19:13PM] PLAYER_DISTANCE_ACTOR [ObjectReference < (02089359)>] "Seamus" 111.864059
[11/15/2012 - 01:19:14PM] PLAYER_DISTANCE_ACTOR [ObjectReference < (02089359)>] "Seamus" 111.864059
[11/15/2012 - 01:19:15PM] PLAYER_DISTANCE_ACTOR [ObjectReference < (02089359)>] "Seamus" 111.864059
[11/15/2012 - 01:19:15PM] ACTOR_PACKAGE_START [ths1_MDQSeamusAliasSCRIPT <alias Seamus on quest ths1_MissingDog (02009344)>] "Seamus" : "[PF_ths1_SeamusFollowerPackag_0201C01E < (0201C01E)>]"
[11/15/2012 - 01:19:16PM] PLAYER_DISTANCE_ACTOR [ObjectReference < (02089359)>] "Seamus" 94.146278
[11/15/2012 - 01:19:17PM] PLAYER_ACTOR_VIEW_LOSS [ObjectReference < (02089359)>] "Seamus"
[11/15/2012 - 01:19:17PM] PLAYER_DISTANCE_ACTOR [ObjectReference < (02089359)>] "Seamus" 62.022564
[11/15/2012 - 01:19:18PM] PLAYER_DISTANCE_ACTOR [ObjectReference < (02089359)>] "Seamus" 194.035004
[11/15/2012 - 01:19:19PM] PLAYER_ACTOR_VIEW_GAIN [ObjectReference < (02089359)>] "Seamus"
[11/15/2012 - 01:19:19PM] PLAYER_DISTANCE_ACTOR [ObjectReference < (02089359)>] "Seamus" 340.586395
[11/15/2012 - 01:19:20PM] PLAYER_DISTANCE_ACTOR [ObjectReference < (02089359)>] "Seamus" 130.524979
[11/15/2012 - 01:19:21PM] PLAYER_DISTANCE_ACTOR [ObjectReference < (02089359)>] "Seamus" 91.587456
[11/15/2012 - 01:19:22PM] PLAYER_MOVE Run
[11/15/2012 - 01:19:22PM] PLAYER_ACTOR_VIEW_LOSS [ObjectReference < (02089359)>] "Seamus"
[11/15/2012 - 01:19:22PM] PLAYER_CELL_CHANGE [Cell <Wilderness (02085D42)>] ""
[11/15/2012 - 01:19:29PM] PLAYER_ACTOR_VIEW_GAIN [ObjectReference < (02089359)>] "Seamus"
[11/15/2012 - 01:19:30PM] PLAYER_MOVE None
[11/15/2012 - 01:19:33PM] PLAYER_ACTOR_VIEW_LOSS [ObjectReference < (02089359)>] "Seamus"
[11/15/2012 - 01:19:36PM] PLAYER_MOVE Run
[11/15/2012 - 01:19:39PM] PLAYER_ACTOR_VIEW_GAIN [ObjectReference < (02089359)>] "Seamus"
[11/15/2012 - 01:19:43PM] PLAYER_MOVE None
[11/15/2012 - 01:19:55PM] PLAYER_DIALOGUE [TIF__010238FF <topic info 020238FF on quest ths1_MissingDog (02009344)>] NPC_SPEAKER [Actor < (02089359)>]
[11/15/2012 - 01:20:00PM] ACTOR_PACKAGE_START [ths1_MDQSeamusAliasSCRIPT <alias Seamus on quest ths1_MissingDog (02009344)>] "Seamus" : "[Package < (0003EAB9)>]"
[11/15/2012 - 01:20:02PM] PLAYER_ACTOR_VIEW_LOSS [ObjectReference < (02089359)>] "Seamus"
[11/15/2012 - 01:20:03PM] PLAYER_MOVE Run
[11/15/2012 - 01:20:03PM] PLAYER_DISTANCE_ACTOR [ObjectReference < (02089359)>] "Seamus" 455.928589
[11/15/2012 - 01:20:11PM] PLAYER_TRIGGER_ENTER [ths1_TriggerEnterSCRIPT < (0208C7AF)>]
[11/15/2012 - 01:20:13PM] PLAYER_TRIGGER_LEAVE [ths1_TriggerEnterSCRIPT < (0208C7AF)>]
[11/15/2012 - 01:20:13PM] PLAYER_TRIGGER_ENTER [ths1_TriggerEnterSCRIPT < (0208C7AE)>]
[11/15/2012 - 01:20:15PM] PLAYER_CELL_CHANGE [Cell <Wilderness (02085D4C)>] ""
[11/15/2012 - 01:20:17PM] PLAYER_CELL_CHANGE [Cell <Wilderness (02085D4A)>] ""
[11/15/2012 - 01:20:18PM] PLAYER_MOVE None
[11/15/2012 - 01:20:22PM] PLAYER_DIALOGUE [TIF__0207595B <topic info 0207595B on quest ths1_MasterQuest (020319F7)>] NPC_SPEAKER [Actor < (02089353)>]
[11/15/2012 - 01:20:32PM] PLAYER_MOVE Run
[11/15/2012 - 01:20:33PM] PLAYER_MOVE None
[11/15/2012 - 01:20:34PM] PLAYER_MOVE Run
[11/15/2012 - 01:20:35PM] PLAYER_TRIGGER_ENTER [ths1_TriggerEnterSCRIPT < (0208CDAD)>]
[11/15/2012 - 01:20:35PM] PLAYER_TRIGGER_LEAVE [ths1_TriggerEnterSCRIPT < (0208C7AE)>]
[11/15/2012 - 01:20:38PM] PLAYER_MOVE None
[11/15/2012 - 01:20:39PM] PLAYER_MOVE Run
[11/15/2012 - 01:20:39PM] PLAYER_TRIGGER_LEAVE [ths1_TriggerEnterSCRIPT < (0208CDAD)>]
[11/15/2012 - 01:20:39PM] PLAYER_TRIGGER_ENTER [ths1_TriggerEnterSCRIPT < (0208C7AE)>]
[11/15/2012 - 01:20:41PM] PLAYER_CELL_CHANGE [Cell <Wilderness (02085D40)>] ""
[11/15/2012 - 01:20:41PM] PLAYER_MOVE None
[11/15/2012 - 01:20:44PM] PLAYER_MOVE Run
[11/15/2012 - 01:20:47PM] PLAYER_MOVE None
[11/15/2012 - 01:20:48PM] PLAYER_MOVE Run
[11/15/2012 - 01:20:48PM] PLAYER_ACTOR_VIEW_GAIN [ObjectReference < (02089359)>] "Seamus"
[11/15/2012 - 01:20:50PM] PLAYER_ACTOR_VIEW_LOSS [ObjectReference < (02089359)>] "Seamus"
[11/15/2012 - 01:20:54PM] PLAYER_CELL_CHANGE [Cell <Wilderness (02085D4C)>] ""
[11/15/2012 - 01:20:54PM] PLAYER_TRIGGER_LEAVE [ths1_TriggerEnterSCRIPT < (0208C7AE)>]
[11/15/2012 - 01:20:54PM] PLAYER_TRIGGER_ENTER [ths1_TriggerEnterSCRIPT < (0208CDAD)>]
[11/15/2012 - 01:20:59PM] PLAYER_TRIGGER_LEAVE [ths1_TriggerEnterSCRIPT < (0208CDAD)>]
[11/15/2012 - 01:21:01PM] PLAYER_TRIGGER_ENTER [ths1_TriggerEnterSCRIPT < (0208CDAD)>]
[11/15/2012 - 01:21:02PM] PLAYER_MOVE None
[11/15/2012 - 01:21:03PM] PLAYER_TRIGGER_LEAVE [ths1_TriggerEnterSCRIPT < (0208CDAD)>]
[11/15/2012 - 01:21:03PM] PLAYER_MOVE Run
[11/15/2012 - 01:21:10PM] PLAYER_ACTOR_VIEW_GAIN [ObjectReference < (02089359)>] "Seamus"
[11/15/2012 - 01:21:12PM] PLAYER_ACTOR_VIEW_LOSS [ObjectReference < (02089359)>] "Seamus"
[11/15/2012 - 01:21:13PM] PLAYER_ACTOR_VIEW_GAIN [ObjectReference < (02089359)>] "Seamus"
[11/15/2012 - 01:21:14PM] PLAYER_CELL_CHANGE [Cell <Wilderness (02085D34)>] ""
[11/15/2012 - 01:21:15PM] PLAYER_ACTOR_VIEW_LOSS [ObjectReference < (02089359)>] "Seamus"
[11/15/2012 - 01:21:17PM] PLAYER_TRIGGER_ENTER [ths1_TriggerEnterSCRIPT < (0208CD5A)>]
[11/15/2012 - 01:21:21PM] PLAYER_TRIGGER_LEAVE [ths1_TriggerEnterSCRIPT < (0208CD5A)>]
[11/15/2012 - 01:21:24PM] PLAYER_CELL_CHANGE [Cell <Wilderness (02085D44)>] ""
[11/15/2012 - 01:21:24PM] PLAYER_DISTANCE_ACTOR [ObjectReference < (02089359)>] "Seamus" 1597.371826
[11/15/2012 - 01:21:25PM] PLAYER_DISTANCE_ACTOR [ObjectReference < (02089359)>] "Seamus" 1484.401001
[11/15/2012 - 01:21:26PM] PLAYER_DISTANCE_ACTOR [ObjectReference < (02089359)>] "Seamus" 1334.341919
[11/15/2012 - 01:21:27PM] PLAYER_DISTANCE_ACTOR [ObjectReference < (02089359)>] "Seamus" 1276.885620
[11/15/2012 - 01:21:28PM] PLAYER_DISTANCE_ACTOR [ObjectReference < (02089359)>] "Seamus" 1309.571777
[11/15/2012 - 01:21:29PM] PLAYER_DISTANCE_ACTOR [ObjectReference < (02089359)>] "Seamus" 1443.694092
[11/15/2012 - 01:21:29PM] PLAYER_TRIGGER_ENTER [ths1_TriggerEnterSCRIPT < (0208CD6A)>]
[11/15/2012 - 01:21:30PM] PLAYER_DISTANCE_ACTOR [ObjectReference < (02089359)>] "Seamus" 1425.686768
[11/15/2012 - 01:21:30PM] PLAYER_TRIGGER_LEAVE [ths1_TriggerEnterSCRIPT < (0208CD6A)>]
[11/15/2012 - 01:21:31PM] PLAYER_DISTANCE_ACTOR [ObjectReference < (02089359)>] "Seamus" 1623.130737
[11/15/2012 - 01:21:32PM] PLAYER_DISTANCE_ACTOR [ObjectReference < (02089359)>] "Seamus" 1836.203735
[11/15/2012 - 01:21:33PM] PLAYER_DISTANCE_ACTOR [ObjectReference < (02089359)>] "Seamus" 1809.244995
[11/15/2012 - 01:21:34PM] PLAYER_MOVE None
[11/15/2012 - 01:21:34PM] PLAYER_DISTANCE_ACTOR [ObjectReference < (02089359)>] "Seamus" 1838.304688
[11/15/2012 - 01:21:35PM] PLAYER_DISTANCE_ACTOR [ObjectReference < (02089359)>] "Seamus" 1798.987549
[11/15/2012 - 01:21:36PM] PLAYER_MOVE Run
[11/15/2012 - 01:21:36PM] PLAYER_DISTANCE_ACTOR [ObjectReference < (02089359)>] "Seamus" 1648.619019
[11/15/2012 - 01:21:37PM] PLAYER_DISTANCE_ACTOR [ObjectReference < (02089359)>] "Seamus" 1379.359741
[11/15/2012 - 01:21:38PM] PLAYER_DISTANCE_ACTOR [ObjectReference < (02089359)>] "Seamus" 1243.779785
[11/15/2012 - 01:21:39PM] PLAYER_ACTOR_VIEW_GAIN [ObjectReference < (02089359)>] "Seamus"
[11/15/2012 - 01:21:39PM] PLAYER_DISTANCE_ACTOR [ObjectReference < (02089359)>] "Seamus" 1014.625854
[11/15/2012 - 01:21:40PM] PLAYER_DISTANCE_ACTOR [ObjectReference < (02089359)>] "Seamus" 698.848572
[11/15/2012 - 01:21:41PM] PLAYER_DISTANCE_ACTOR [ObjectReference < (02089359)>] "Seamus" 351.955383
[11/15/2012 - 01:21:42PM] PLAYER_MOVE None
[11/15/2012 - 01:21:42PM] PLAYER_DISTANCE_ACTOR [ObjectReference < (02089359)>] "Seamus" 147.388168
[11/15/2012 - 01:21:43PM] PLAYER_DISTANCE_ACTOR [ObjectReference < (02089359)>] "Seamus" 147.550186
[11/15/2012 - 01:21:44PM] PLAYER_DISTANCE_ACTOR [ObjectReference < (02089359)>] "Seamus" 147.721695
[11/15/2012 - 01:21:45PM] PLAYER_DISTANCE_ACTOR [ObjectReference < (02089359)>] "Seamus" 147.831985
[11/15/2012 - 01:21:46PM] PLAYER_DIALOGUE [TIF__01013D2B <topic info 02013D2B on quest ths1_MissingDog (02009344)>] NPC_SPEAKER [Actor < (02089359)>]
[11/15/2012 - 01:21:46PM] PLAYER_DISTANCE_ACTOR [ObjectReference < (02089359)>] "Seamus" 147.872299
[11/15/2012 - 01:21:47PM] PLAYER_DISTANCE_ACTOR [ObjectReference < (02089359)>] "Seamus" 148.736267
[11/15/2012 - 01:21:48PM] PLAYER_DISTANCE_ACTOR [ObjectReference < (02089359)>] "Seamus" 149.010422
[11/15/2012 - 01:21:49PM] PLAYER_DISTANCE_ACTOR [ObjectReference < (02089359)>] "Seamus" 149.012299
[11/15/2012 - 01:21:50PM] PLAYER_DISTANCE_ACTOR [ObjectReference < (02089359)>] "Seamus" 149.013062
[11/15/2012 - 01:21:51PM] PLAYER_DISTANCE_ACTOR [ObjectReference < (02089359)>] "Seamus" 149.013351
[11/15/2012 - 01:21:52PM] PLAYER_DISTANCE_ACTOR [ObjectReference < (02089359)>] "Seamus" 149.013367
[11/15/2012 - 01:21:53PM] PLAYER_DISTANCE_ACTOR [ObjectReference < (02089359)>] "Seamus" 149.013367
[11/15/2012 - 01:21:54PM] PLAYER_DISTANCE_ACTOR [ObjectReference < (02089359)>] "Seamus" 149.013382
[11/15/2012 - 01:21:55PM] PLAYER_DIALOGUE [TIF__0100A949 <topic info 0200A949 on quest ths1_MissingDog (02009344)>] NPC_SPEAKER [Actor < (02089359)>]
[11/15/2012 - 01:21:55PM] PLAYER_DISTANCE_ACTOR [ObjectReference < (02089359)>] "Seamus" 149.013382
[11/15/2012 - 01:21:56PM] PLAYER_DISTANCE_ACTOR [ObjectReference < (02089359)>] "Seamus" 149.013382
[11/15/2012 - 01:21:57PM] PLAYER_DISTANCE_ACTOR [ObjectReference < (02089359)>] "Seamus" 149.013382
[11/15/2012 - 01:21:58PM] PLAYER_DISTANCE_ACTOR [ObjectReference < (02089359)>] "Seamus" 149.013382
[11/15/2012 - 01:21:59PM] PLAYER_DISTANCE_ACTOR [ObjectReference < (02089359)>] "Seamus" 149.013382
[11/15/2012 - 01:22:00PM] PLAYER_DISTANCE_ACTOR [ObjectReference < (02089359)>] "Seamus" 149.013382
[11/15/2012 - 01:22:00PM] PLAYER_DIALOGUE [TIF__01063CC2 <topic info 02063CC2 on quest ths1_MissingDog (02009344)>] NPC_SPEAKER [Actor < (02089359)>]
[11/15/2012 - 01:22:01PM] PLAYER_DISTANCE_ACTOR [ObjectReference < (02089359)>] "Seamus" 149.013382
[11/15/2012 - 01:22:02PM] PLAYER_DISTANCE_ACTOR [ObjectReference < (02089359)>] "Seamus" 149.013382
[11/15/2012 - 01:22:03PM] PLAYER_DISTANCE_ACTOR [ObjectReference < (02089359)>] "Seamus" 149.013382
[11/15/2012 - 01:22:04PM] PLAYER_DISTANCE_ACTOR [ObjectReference < (02089359)>] "Seamus" 149.013382
[11/15/2012 - 01:22:05PM] PLAYER_DISTANCE_ACTOR [ObjectReference < (02089359)>] "Seamus" 149.013382
[11/15/2012 - 01:22:06PM] PLAYER_DISTANCE_ACTOR [ObjectReference < (02089359)>] "Seamus" 149.013382
[11/15/2012 - 01:22:07PM] PLAYER_DISTANCE_ACTOR [ObjectReference < (02089359)>] "Seamus" 149.013382
[11/15/2012 - 01:22:08PM] PLAYER_DISTANCE_ACTOR [ObjectReference < (02089359)>] "Seamus" 149.013382
[11/15/2012 - 01:22:09PM] PLAYER_DISTANCE_ACTOR [ObjectReference < (02089359)>] "Seamus" 149.013382
[11/15/2012 - 01:22:10PM] PLAYER_DISTANCE_ACTOR [ObjectReference < (02089359)>] "Seamus" 149.013382
[11/15/2012 - 01:22:11PM] PLAYER_DIALOGUE [TIF__0100DBAF <topic info 0200DBAF on quest ths1_MissingDog (02009344)>] NPC_SPEAKER [Actor < (02089359)>]
[11/15/2012 - 01:22:11PM] PLAYER_DISTANCE_ACTOR [ObjectReference < (02089359)>] "Seamus" 149.013382
[11/15/2012 - 01:22:12PM] PLAYER_DISTANCE_ACTOR [ObjectReference < (02089359)>] "Seamus" 149.013382
[11/15/2012 - 01:22:13PM] PLAYER_DISTANCE_ACTOR [ObjectReference < (02089359)>] "Seamus" 149.013382
[11/15/2012 - 01:22:14PM] ACTOR_PACKAGE_START [ths1_MDQSeamusAliasSCRIPT <alias Seamus on quest ths1_MissingDog (02009344)>] "Seamus" : "[PF_ths1_SeamusFollowerPackag_0201C01E < (0201C01E)>]"
[11/15/2012 - 01:22:14PM] QUEST_STAGE_CHANGE [ths1_MDQScript <ths1_MissingDog (02009344)>] "Missing Dog" 10
[11/15/2012 - 01:22:14PM] PLAYER_DISTANCE_ACTOR [ObjectReference < (02089359)>] "Seamus" 130.697891
[11/15/2012 - 01:22:15PM] PLAYER_ACTOR_VIEW_LOSS [ObjectReference < (02089359)>] "Seamus"
[11/15/2012 - 01:22:15PM] PLAYER_DISTANCE_ACTOR [ObjectReference < (02089359)>] "Seamus" 66.292191
[11/15/2012 - 01:22:16PM] PLAYER_DISTANCE_ACTOR [ObjectReference < (02089359)>] "Seamus" 61.975006
[11/15/2012 - 01:22:17PM] PLAYER_DISTANCE_ACTOR [ObjectReference < (02089359)>] "Seamus" 62.736393
[11/15/2012 - 01:22:18PM] PLAYER_ACTOR_VIEW_GAIN [ObjectReference < (02089359)>] "Seamus"
[11/15/2012 - 01:22:18PM] PLAYER_DISTANCE_ACTOR [ObjectReference < (02089359)>] "Seamus" 109.975670
[11/15/2012 - 01:22:19PM] PLAYER_DISTANCE_ACTOR [ObjectReference < (02089359)>] "Seamus" 124.050034
[11/15/2012 - 01:22:20PM] PLAYER_DISTANCE_ACTOR [ObjectReference < (02089359)>] "Seamus" 131.114563
[11/15/2012 - 01:22:21PM] PLAYER_MOVE Run
[11/15/2012 - 01:22:21PM] PLAYER_ACTOR_VIEW_LOSS [ObjectReference < (02089359)>] "Seamus"
[11/15/2012 - 01:22:21PM] PLAYER_DISTANCE_ACTOR [ObjectReference < (02089359)>] "Seamus" 375.581879
[11/15/2012 - 01:22:22PM] PLAYER_TRIGGER_ENTER [ths1_TriggerEnterSCRIPT < (0208C7A1)>]
[11/15/2012 - 01:22:22PM] PLAYER_TRIGGER_LEAVE [ths1_TriggerEnterSCRIPT < (0208C7A1)>]
[11/15/2012 - 01:22:22PM] PLAYER_DISTANCE_ACTOR [ObjectReference < (02089359)>] "Seamus" 543.110779
[11/15/2012 - 01:22:23PM] PLAYER_MOVE None
[11/15/2012 - 01:22:23PM] PLAYER_DISTANCE_ACTOR [ObjectReference < (02089359)>] "Seamus" 503.224518
[11/15/2012 - 01:22:25PM] PLAYER_CELL_CHANGE [Cell <ths1_IsaanHouse (0207113A)>] "Isaan's House"
[11/15/2012 - 01:22:25PM] ACTOR_MOVE_TO_PLAYER [ObjectReference < (02089359)>] "Seamus"
[11/15/2012 - 01:22:26PM] PLAYER_ACTOR_VIEW_GAIN [ObjectReference < (02089359)>] "Seamus"
[11/15/2012 - 01:22:26PM] PLAYER_DISTANCE_ACTOR [ObjectReference < (02089359)>] "Seamus" 62.883232
[11/15/2012 - 01:22:26PM] PLAYER_DISTANCE_ACTOR [ObjectReference < (02089359)>] "Seamus" 62.883564
[11/15/2012 - 01:22:27PM] PLAYER_ACTOR_VIEW_LOSS [ObjectReference < (02089359)>] "Seamus"
[11/15/2012 - 01:22:28PM] PLAYER_DISTANCE_ACTOR [ObjectReference < (02089359)>] "Seamus" 62.906590
[11/15/2012 - 01:22:28PM] PLAYER_DISTANCE_ACTOR [ObjectReference < (02089359)>] "Seamus" 90.618660
[11/15/2012 - 01:22:30PM] PLAYER_DISTANCE_ACTOR [ObjectReference < (02089359)>] "Seamus" 51.771999
[11/15/2012 - 01:22:30PM] PLAYER_DISTANCE_ACTOR [ObjectReference < (02089359)>] "Seamus" 51.574474
[11/15/2012 - 01:22:31PM] PLAYER_DIALOGUE [TIF__010098E9 <topic info 020098E9 on quest ths1_MissingDog (02009344)>] NPC_SPEAKER [Actor < (02071D11)>]
[11/15/2012 - 01:22:32PM] PLAYER_DISTANCE_ACTOR [ObjectReference < (02089359)>] "Seamus" 51.574474
[11/15/2012 - 01:22:33PM] PLAYER_DISTANCE_ACTOR [ObjectReference < (02089359)>] "Seamus" 51.574474
[11/15/2012 - 01:22:34PM] PLAYER_DISTANCE_ACTOR [ObjectReference < (02089359)>] "Seamus" 51.574474
[11/15/2012 - 01:22:34PM] PLAYER_DISTANCE_ACTOR [ObjectReference < (02089359)>] "Seamus" 51.574474
[11/15/2012 - 01:22:35PM] PLAYER_DISTANCE_ACTOR [ObjectReference < (02089359)>] "Seamus" 51.574474
[11/15/2012 - 01:22:37PM] PLAYER_DISTANCE_ACTOR [ObjectReference < (02089359)>] "Seamus" 51.574474
[11/15/2012 - 01:22:38PM] PLAYER_DISTANCE_ACTOR [ObjectReference < (02089359)>] "Seamus" 51.574474
[11/15/2012 - 01:22:39PM] PLAYER_DIALOGUE [TIF__0101430C <topic info 0201430C on quest ths1_MissingDog (02009344)>] NPC_SPEAKER [Actor < (02071D11)>]
[11/15/2012 - 01:22:39PM] PLAYER_DISTANCE_ACTOR [ObjectReference < (02089359)>] "Seamus" 51.574474
[11/15/2012 - 01:22:40PM] PLAYER_DISTANCE_ACTOR [ObjectReference < (02089359)>] "Seamus" 51.574474
[11/15/2012 - 01:22:40PM] PLAYER_DISTANCE_ACTOR [ObjectReference < (02089359)>] "Seamus" 51.574474
[11/15/2012 - 01:22:42PM] PLAYER_DISTANCE_ACTOR [ObjectReference < (02089359)>] "Seamus" 51.574474
[11/15/2012 - 01:22:43PM] PLAYER_DISTANCE_ACTOR [ObjectReference < (02089359)>] "Seamus" 51.574474
[11/15/2012 - 01:22:44PM] PLAYER_DISTANCE_ACTOR [ObjectReference < (02089359)>] "Seamus" 51.574474
[11/15/2012 - 01:22:45PM] PLAYER_DISTANCE_ACTOR [ObjectReference < (02089359)>] "Seamus" 51.574474
[11/15/2012 - 01:22:45PM] PLAYER_DISTANCE_ACTOR [ObjectReference < (02089359)>] "Seamus" 51.574474
[11/15/2012 - 01:22:47PM] PLAYER_DISTANCE_ACTOR [ObjectReference < (02089359)>] "Seamus" 51.574474
[11/15/2012 - 01:22:48PM] PLAYER_DISTANCE_ACTOR [ObjectReference < (02089359)>] "Seamus" 51.574474
[11/15/2012 - 01:22:48PM] PLAYER_DIALOGUE [TIF__0101430E <topic info 0201430E on quest ths1_MissingDog (02009344)>] NPC_SPEAKER [Actor < (02071D11)>]
[11/15/2012 - 01:22:49PM] PLAYER_DISTANCE_ACTOR [ObjectReference < (02089359)>] "Seamus" 51.574474
[11/15/2012 - 01:22:50PM] PLAYER_DISTANCE_ACTOR [ObjectReference < (02089359)>] "Seamus" 51.574474
[11/15/2012 - 01:22:50PM] PLAYER_DISTANCE_ACTOR [ObjectReference < (02089359)>] "Seamus" 51.574474
[11/15/2012 - 01:22:52PM] PLAYER_DISTANCE_ACTOR [ObjectReference < (02089359)>] "Seamus" 51.574474
[11/15/2012 - 01:22:53PM] PLAYER_DISTANCE_ACTOR [ObjectReference < (02089359)>] "Seamus" 51.574474
[11/15/2012 - 01:22:53PM] PLAYER_DISTANCE_ACTOR [ObjectReference < (02089359)>] "Seamus" 51.574474
[11/15/2012 - 01:22:54PM] PLAYER_DIALOGUE [TIF__0101651D <topic info 0201651D on quest ths1_MissingDog (02009344)>] NPC_SPEAKER [Actor < (02071D11)>]
[11/15/2012 - 01:22:55PM] PLAYER_DISTANCE_ACTOR [ObjectReference < (02089359)>] "Seamus" 51.574474
[11/15/2012 - 01:22:56PM] PLAYER_DISTANCE_ACTOR [ObjectReference < (02089359)>] "Seamus" 51.574474
[11/15/2012 - 01:22:57PM] PLAYER_DISTANCE_ACTOR [ObjectReference < (02089359)>] "Seamus" 51.574474
[11/15/2012 - 01:22:58PM] PLAYER_DISTANCE_ACTOR [ObjectReference < (02089359)>] "Seamus" 51.574474
[11/15/2012 - 01:22:59PM] PLAYER_DISTANCE_ACTOR [ObjectReference < (02089359)>] "Seamus" 51.574474
[11/15/2012 - 01:23:00PM] PLAYER_DISTANCE_ACTOR [ObjectReference < (02089359)>] "Seamus" 51.574474
[11/15/2012 - 01:23:00PM] PLAYER_DIALOGUE [TIF__0101651F <topic info 0201651F on quest ths1_MissingDog (02009344)>] NPC_SPEAKER [Actor < (02071D11)>]
[11/15/2012 - 01:23:01PM] PLAYER_DISTANCE_ACTOR [ObjectReference < (02089359)>] "Seamus" 51.574474
[11/15/2012 - 01:23:02PM] PLAYER_DISTANCE_ACTOR [ObjectReference < (02089359)>] "Seamus" 51.574474
[11/15/2012 - 01:23:03PM] PLAYER_DISTANCE_ACTOR [ObjectReference < (02089359)>] "Seamus" 51.574474
[11/15/2012 - 01:23:04PM] PLAYER_DISTANCE_ACTOR [ObjectReference < (02089359)>] "Seamus" 51.574474
[11/15/2012 - 01:23:05PM] PLAYER_DISTANCE_ACTOR [ObjectReference < (02089359)>] "Seamus" 51.574474
[11/15/2012 - 01:23:06PM] PLAYER_DISTANCE_ACTOR [ObjectReference < (02089359)>] "Seamus" 51.574474
[11/15/2012 - 01:23:07PM] PLAYER_DISTANCE_ACTOR [ObjectReference < (02089359)>] "Seamus" 51.574474
[11/15/2012 - 01:23:08PM] PLAYER_DISTANCE_ACTOR [ObjectReference < (02089359)>] "Seamus" 51.574474
[11/15/2012 - 01:23:09PM] PLAYER_DISTANCE_ACTOR [ObjectReference < (02089359)>] "Seamus" 51.574474
[11/15/2012 - 01:23:10PM] PLAYER_DISTANCE_ACTOR [ObjectReference < (02089359)>] "Seamus" 51.574474
[11/15/2012 - 01:23:11PM] PLAYER_DISTANCE_ACTOR [ObjectReference < (02089359)>] "Seamus" 51.574474
[11/15/2012 - 01:23:12PM] PLAYER_DISTANCE_ACTOR [ObjectReference < (02089359)>] "Seamus" 51.574474
[11/15/2012 - 01:23:12PM] PLAYER_DIALOGUE [TIF__01063750 <topic info 02063750 on quest ths1_MissingDog (02009344)>] NPC_SPEAKER [Actor < (02071D11)>]
[11/15/2012 - 01:23:13PM] PLAYER_DISTANCE_ACTOR [ObjectReference < (02089359)>] "Seamus" 51.574474
[11/15/2012 - 01:23:14PM] PLAYER_DISTANCE_ACTOR [ObjectReference < (02089359)>] "Seamus" 51.574474
[11/15/2012 - 01:23:14PM] PLAYER_DIALOGUE [TIF__01063755 <topic info 02063755 on quest ths1_MissingDog (02009344)>] NPC_SPEAKER [Actor < (02071D11)>]
[11/15/2012 - 01:23:15PM] PLAYER_DISTANCE_ACTOR [ObjectReference < (02089359)>] "Seamus" 51.574474
[11/15/2012 - 01:23:16PM] PLAYER_DISTANCE_ACTOR [ObjectReference < (02089359)>] "Seamus" 51.574474
[11/15/2012 - 01:23:17PM] PLAYER_DISTANCE_ACTOR [ObjectReference < (02089359)>] "Seamus" 51.574474
[11/15/2012 - 01:23:18PM] PLAYER_DISTANCE_ACTOR [ObjectReference < (02089359)>] "Seamus" 51.574474
[11/15/2012 - 01:23:18PM] PLAYER_DIALOGUE [TIF__0101430C <topic info 0201430C on quest ths1_MissingDog (02009344)>] NPC_SPEAKER [Actor < (02071D11)>]
[11/15/2012 - 01:23:19PM] PLAYER_DISTANCE_ACTOR [ObjectReference < (02089359)>] "Seamus" 51.574474
[11/15/2012 - 01:23:20PM] PLAYER_DISTANCE_ACTOR [ObjectReference < (02089359)>] "Seamus" 51.574474
[11/15/2012 - 01:23:21PM] PLAYER_DISTANCE_ACTOR [ObjectReference < (02089359)>] "Seamus" 51.574474
[11/15/2012 - 01:23:22PM] PLAYER_DISTANCE_ACTOR [ObjectReference < (02089359)>] "Seamus" 51.574474
[11/15/2012 - 01:23:23PM] PLAYER_DISTANCE_ACTOR [ObjectReference < (02089359)>] "Seamus" 51.574474
[11/15/2012 - 01:23:24PM] PLAYER_DISTANCE_ACTOR [ObjectReference < (02089359)>] "Seamus" 51.574474
[11/15/2012 - 01:23:24PM] PLAYER_DIALOGUE [TIF__01063757 <topic info 02063757 on quest ths1_MissingDog (02009344)>] NPC_SPEAKER [Actor < (02071D11)>]
[11/15/2012 - 01:23:25PM] PLAYER_DISTANCE_ACTOR [ObjectReference < (02089359)>] "Seamus" 51.574474
[11/15/2012 - 01:23:26PM] PLAYER_DISTANCE_ACTOR [ObjectReference < (02089359)>] "Seamus" 51.574474
[11/15/2012 - 01:23:27PM] PLAYER_DISTANCE_ACTOR [ObjectReference < (02089359)>] "Seamus" 51.574474
[11/15/2012 - 01:23:28PM] PLAYER_DISTANCE_ACTOR [ObjectReference < (02089359)>] "Seamus" 51.574474
[11/15/2012 - 01:23:29PM] PLAYER_DISTANCE_ACTOR [ObjectReference < (02089359)>] "Seamus" 51.574474
[11/15/2012 - 01:23:30PM] PLAYER_DISTANCE_ACTOR [ObjectReference < (02089359)>] "Seamus" 51.574474
[11/15/2012 - 01:23:31PM] PLAYER_DISTANCE_ACTOR [ObjectReference < (02089359)>] "Seamus" 51.574474
[11/15/2012 - 01:23:32PM] PLAYER_DISTANCE_ACTOR [ObjectReference < (02089359)>] "Seamus" 51.574474
[11/15/2012 - 01:23:33PM] PLAYER_DISTANCE_ACTOR [ObjectReference < (02089359)>] "Seamus" 51.574474
[11/15/2012 - 01:23:34PM] PLAYER_DISTANCE_ACTOR [ObjectReference < (02089359)>] "Seamus" 51.574474
[11/15/2012 - 01:23:35PM] PLAYER_DISTANCE_ACTOR [ObjectReference < (02089359)>] "Seamus" 51.574474
[11/15/2012 - 01:23:36PM] PLAYER_DISTANCE_ACTOR [ObjectReference < (02089359)>] "Seamus" 51.574474
[11/15/2012 - 01:23:37PM] PLAYER_DISTANCE_ACTOR [ObjectReference < (02089359)>] "Seamus" 51.574474
[11/15/2012 - 01:23:38PM] PLAYER_DISTANCE_ACTOR [ObjectReference < (02089359)>] "Seamus" 51.574474
[11/15/2012 - 01:23:39PM] PLAYER_DISTANCE_ACTOR [ObjectReference < (02089359)>] "Seamus" 51.574474
[11/15/2012 - 01:23:39PM] PLAYER_DIALOGUE [TIF__01063755 <topic info 02063755 on quest ths1_MissingDog (02009344)>] NPC_SPEAKER [Actor < (02071D11)>]
[11/15/2012 - 01:23:40PM] PLAYER_DISTANCE_ACTOR [ObjectReference < (02089359)>] "Seamus" 51.574474
[11/15/2012 - 01:23:41PM] PLAYER_DISTANCE_ACTOR [ObjectReference < (02089359)>] "Seamus" 51.574474
[11/15/2012 - 01:23:42PM] PLAYER_DISTANCE_ACTOR [ObjectReference < (02089359)>] "Seamus" 51.574474
[11/15/2012 - 01:23:42PM] PLAYER_DIALOGUE [TIF__0101430C <topic info 0201430C on quest ths1_MissingDog (02009344)>] NPC_SPEAKER [Actor < (02071D11)>]
[11/15/2012 - 01:23:43PM] PLAYER_DISTANCE_ACTOR [ObjectReference < (02089359)>] "Seamus" 51.574474
[11/15/2012 - 01:23:44PM] PLAYER_DISTANCE_ACTOR [ObjectReference < (02089359)>] "Seamus" 51.574474
[11/15/2012 - 01:23:45PM] PLAYER_DISTANCE_ACTOR [ObjectReference < (02089359)>] "Seamus" 51.574474
[11/15/2012 - 01:23:46PM] PLAYER_DISTANCE_ACTOR [ObjectReference < (02089359)>] "Seamus" 51.574474
[11/15/2012 - 01:23:47PM] PLAYER_DISTANCE_ACTOR [ObjectReference < (02089359)>] "Seamus" 51.574474
[11/15/2012 - 01:23:48PM] PLAYER_DISTANCE_ACTOR [ObjectReference < (02089359)>] "Seamus" 51.574474
[11/15/2012 - 01:23:48PM] PLAYER_DIALOGUE [TIF__0101651B <topic info 0201651B on quest ths1_MissingDog (02009344)>] NPC_SPEAKER [Actor < (02071D11)>]
[11/15/2012 - 01:23:49PM] PLAYER_DISTANCE_ACTOR [ObjectReference < (02089359)>] "Seamus" 51.574474
[11/15/2012 - 01:23:50PM] PLAYER_DISTANCE_ACTOR [ObjectReference < (02089359)>] "Seamus" 51.574474
[11/15/2012 - 01:23:51PM] PLAYER_DISTANCE_ACTOR [ObjectReference < (02089359)>] "Seamus" 51.574474
[11/15/2012 - 01:23:52PM] PLAYER_DISTANCE_ACTOR [ObjectReference < (02089359)>] "Seamus" 51.574474
[11/15/2012 - 01:23:53PM] PLAYER_DISTANCE_ACTOR [ObjectReference < (02089359)>] "Seamus" 51.574474
[11/15/2012 - 01:23:54PM] PLAYER_DISTANCE_ACTOR [ObjectReference < (02089359)>] "Seamus" 51.574474
[11/15/2012 - 01:23:55PM] PLAYER_DISTANCE_ACTOR [ObjectReference < (02089359)>] "Seamus" 51.574474
[11/15/2012 - 01:23:56PM] PLAYER_DISTANCE_ACTOR [ObjectReference < (02089359)>] "Seamus" 51.574474
[11/15/2012 - 01:23:57PM] PLAYER_DISTANCE_ACTOR [ObjectReference < (02089359)>] "Seamus" 51.574474
[11/15/2012 - 01:23:58PM] PLAYER_DISTANCE_ACTOR [ObjectReference < (02089359)>] "Seamus" 51.574474
[11/15/2012 - 01:23:59PM] PLAYER_ACTOR_VIEW_GAIN [ObjectReference < (02089359)>] "Seamus"
[11/15/2012 - 01:23:59PM] PLAYER_DISTANCE_ACTOR [ObjectReference < (02089359)>] "Seamus" 51.545971
[11/15/2012 - 01:24:00PM] PLAYER_DISTANCE_ACTOR [ObjectReference < (02089359)>] "Seamus" 141.037903
[11/15/2012 - 01:24:01PM] PLAYER_DISTANCE_ACTOR [ObjectReference < (02089359)>] "Seamus" 99.916916
[11/15/2012 - 01:24:02PM] PLAYER_DISTANCE_ACTOR [ObjectReference < (02089359)>] "Seamus" 83.979675
[11/15/2012 - 01:24:03PM] PLAYER_DISTANCE_ACTOR [ObjectReference < (02089359)>] "Seamus" 83.979675
[11/15/2012 - 01:24:04PM] PLAYER_DISTANCE_ACTOR [ObjectReference < (02089359)>] "Seamus" 83.979675
[11/15/2012 - 01:24:05PM] PLAYER_DISTANCE_ACTOR [ObjectReference < (02089359)>] "Seamus" 83.979675
[11/15/2012 - 01:24:05PM] PLAYER_DIALOGUE [TIF__01068350 <topic info 02068350 on quest ths1_MissingDog (02009344)>] NPC_SPEAKER [Actor < (02089359)>]
[11/15/2012 - 01:24:06PM] PLAYER_DISTANCE_ACTOR [ObjectReference < (02089359)>] "Seamus" 83.979675
[11/15/2012 - 01:24:07PM] PLAYER_DISTANCE_ACTOR [ObjectReference < (02089359)>] "Seamus" 83.979675
[11/15/2012 - 01:24:08PM] PLAYER_DISTANCE_ACTOR [ObjectReference < (02089359)>] "Seamus" 83.979675
[11/15/2012 - 01:24:12PM] PLAYER_DISTANCE_ACTOR [ObjectReference < (02089359)>] "Seamus" 83.979675
[11/15/2012 - 01:24:13PM] PLAYER_DIALOGUE [TIF__0106B444 <topic info 0206B444 on quest ths1_MissingDog (02009344)>] NPC_SPEAKER [Actor < (02089359)>]
[11/15/2012 - 01:24:13PM] PLAYER_DISTANCE_ACTOR [ObjectReference < (02089359)>] "Seamus" 83.979675
[11/15/2012 - 01:24:14PM] PLAYER_DISTANCE_ACTOR [ObjectReference < (02089359)>] "Seamus" 83.979675
[11/15/2012 - 01:24:15PM] PLAYER_DISTANCE_ACTOR [ObjectReference < (02089359)>] "Seamus" 83.979675
[11/15/2012 - 01:24:16PM] PLAYER_DISTANCE_ACTOR [ObjectReference < (02089359)>] "Seamus" 83.979675
[11/15/2012 - 01:24:17PM] ACTOR_PACKAGE_START [ths1_MDQSeamusAliasSCRIPT <alias Seamus on quest ths1_MissingDog (02009344)>] "Seamus" : "[Package < (0003EAB9)>]"
[11/15/2012 - 01:24:17PM] PLAYER_DISTANCE_ACTOR [ObjectReference < (02089359)>] "Seamus" 83.979675
[11/15/2012 - 01:24:18PM] PLAYER_MOVE Run
[11/15/2012 - 01:24:18PM] PLAYER_DISTANCE_ACTOR [ObjectReference < (02089359)>] "Seamus" 122.718124
[11/15/2012 - 01:24:19PM] PLAYER_MOVE None
[11/15/2012 - 01:24:19PM] PLAYER_ACTOR_VIEW_LOSS [ObjectReference < (02089359)>] "Seamus"
[11/15/2012 - 01:24:19PM] PLAYER_DISTANCE_ACTOR [ObjectReference < (02089359)>] "Seamus" 122.730095
[11/15/2012 - 01:24:20PM] PLAYER_MOVE Run
[11/15/2012 - 01:24:20PM] PLAYER_DISTANCE_ACTOR [ObjectReference < (02089359)>] "Seamus" 308.959503
[11/15/2012 - 01:24:20PM] PLAYER_TRIGGER_ENTER [ths1_TriggerEnterSCRIPT < (02074E5A)>]
[11/15/2012 - 01:24:21PM] PLAYER_TRIGGER_LEAVE [ths1_TriggerEnterSCRIPT < (02074E5A)>]
[11/15/2012 - 01:24:21PM] PLAYER_MOVE None
[11/15/2012 - 01:24:21PM] PLAYER_ACTOR_VIEW_GAIN [ObjectReference < (02089359)>] "Seamus"
[11/15/2012 - 01:24:21PM] PLAYER_DISTANCE_ACTOR [ObjectReference < (02089359)>] "Seamus" 245.975952
[11/15/2012 - 01:24:22PM] PLAYER_MOVE Run
[11/15/2012 - 01:24:22PM] PLAYER_ACTOR_VIEW_LOSS [ObjectReference < (02089359)>] "Seamus"
[11/15/2012 - 01:24:22PM] PLAYER_DISTANCE_ACTOR [ObjectReference < (02089359)>] "Seamus" 117.810799
[11/15/2012 - 01:24:24PM] PLAYER_CELL_CHANGE [Cell <Wilderness (02085D44)>] ""
[11/15/2012 - 01:24:24PM] PLAYER_WORLDSPACE_CHANGE [WorldSpace <ths1_Town (02085D17)>] "Town"
[11/15/2012 - 01:24:24PM] PLAYER_MOVE None
[11/15/2012 - 01:24:25PM] PLAYER_TRIGGER_ENTER [ths1_TriggerEnterSCRIPT < (0208C7A1)>]
[11/15/2012 - 01:24:25PM] PLAYER_MOVE Run
[11/15/2012 - 01:24:25PM] PLAYER_TRIGGER_LEAVE [ths1_TriggerEnterSCRIPT < (0208C7A1)>]
[11/15/2012 - 01:24:31PM] PLAYER_CELL_CHANGE [Cell <Wilderness (02085D42)>] ""
[11/15/2012 - 01:24:37PM] PLAYER_TRIGGER_ENTER [ths1_TriggerEnterSCRIPT < (0208C7AF)>]
[11/15/2012 - 01:24:39PM] PLAYER_TRIGGER_LEAVE [ths1_TriggerEnterSCRIPT < (0208C7AF)>]
[11/15/2012 - 01:24:39PM] PLAYER_TRIGGER_ENTER [ths1_TriggerEnterSCRIPT < (0208C7AE)>]
[11/15/2012 - 01:24:40PM] PLAYER_CELL_CHANGE [Cell <Wilderness (02085D4C)>] ""
[11/15/2012 - 01:24:43PM] PLAYER_CELL_CHANGE [Cell <Wilderness (02085D4A)>] ""
[11/15/2012 - 01:24:45PM] PLAYER_MOVE None
[11/15/2012 - 01:24:49PM] PLAYER_DIALOGUE [TIF__0207595B <topic info 0207595B on quest ths1_MasterQuest (020319F7)>] NPC_SPEAKER [Actor < (02089353)>]
[11/15/2012 - 01:24:54PM] PLAYER_DIALOGUE [TIF__0207595B <topic info 0207595B on quest ths1_MasterQuest (020319F7)>] NPC_SPEAKER [Actor < (02089353)>]
[11/15/2012 - 01:24:58PM] PLAYER_MOVE Run
[11/15/2012 - 01:25:00PM] PLAYER_CELL_CHANGE [Cell <Wilderness (02085D4C)>] ""
[11/15/2012 - 01:25:00PM] PLAYER_TRIGGER_ENTER [ths1_TriggerEnterSCRIPT < (0208CDAD)>]
[11/15/2012 - 01:25:00PM] PLAYER_TRIGGER_LEAVE [ths1_TriggerEnterSCRIPT < (0208C7AE)>]
[11/15/2012 - 01:25:05PM] PLAYER_MOVE None
[11/15/2012 - 01:25:06PM] PLAYER_MOVE Run
[11/15/2012 - 01:25:08PM] PLAYER_TRIGGER_LEAVE [ths1_TriggerEnterSCRIPT < (0208CDAD)>]
[11/15/2012 - 01:25:15PM] PLAYER_TRIGGER_ENTER [ths1_TriggerEnterSCRIPT < (0208C7A7)>]
[11/15/2012 - 01:25:17PM] PLAYER_MOVE None
[11/15/2012 - 01:25:43PM] Log closed
