[11/08/2012 - 04:34:16PM] 0 log opened (PC)
[11/08/2012 - 04:34:16PM] PLAYER_MOVE Run
[11/08/2012 - 04:34:17PM] PLAYER_TRIGGER_ENTER [ths1_TriggerEnterSCRIPT < (02074E58)>]
[11/08/2012 - 04:34:17PM] PLAYER_TRIGGER_ENTER [ths1_TriggerEnterSCRIPT < (02074E57)>]
[11/08/2012 - 04:34:17PM] PLAYER_TRIGGER_LEAVE [ths1_TriggerEnterSCRIPT < (02074E58)>]
[11/08/2012 - 04:34:18PM] PLAYER_TRIGGER_ENTER [ths1_TriggerEnterSCRIPT < (02074E53)>]
[11/08/2012 - 04:34:18PM] PLAYER_MOVE None
[11/08/2012 - 04:34:21PM] PLAYER_POV_CHANGE THIRD_PERSON
[11/08/2012 - 04:34:52PM] PLAYER_ITEM_OBTAIN [Form < (0010F776)>] [ObjectReference < (0207B7BE)>] "Atronach Forge Recipe" COUNT 1 CONTAINER None
[11/08/2012 - 04:34:54PM] PLAYER_TRIGGER_LEAVE [ths1_TriggerEnterSCRIPT < (02074E53)>]
[11/08/2012 - 04:34:54PM] PLAYER_POV_CHANGE FIRST_PERSON
[11/08/2012 - 04:34:57PM] PLAYER_MOVE Run
[11/08/2012 - 04:34:58PM] PLAYER_TRIGGER_LEAVE [ths1_TriggerEnterSCRIPT < (02074E57)>]
[11/08/2012 - 04:34:58PM] PLAYER_MOVE None
[11/08/2012 - 04:34:59PM] PLAYER_MOVE Run
[11/08/2012 - 04:34:59PM] PLAYER_TRIGGER_ENTER [ths1_TriggerEnterSCRIPT < (02074E52)>]
[11/08/2012 - 04:35:00PM] PLAYER_MOVE None
[11/08/2012 - 04:35:26PM] PLAYER_ITEM_OBTAIN [Form < (0001AFFB)>] [ObjectReference < (020711AD)>] "The Wolf Queen, v3" COUNT 1 CONTAINER None
[11/08/2012 - 04:36:14PM] PLAYER_ITEM_OBTAIN [Form < (0001ACC8)>] [ObjectReference < (020711B9)>] "The Book of Daedra" COUNT 1 CONTAINER None
[11/08/2012 - 04:36:19PM] PLAYER_WEAPON_RIGHT [WEAPON < (00013790)>] "Iron War Axe"
[11/08/2012 - 04:37:46PM] PLAYER_ITEM_OBTAIN [Form < (0001AFC2)>] [ObjectReference < (020711BB)>] "The Black Arrow, v1" COUNT 1 CONTAINER None
[11/08/2012 - 04:37:58PM] PLAYER_ITEM_OBTAIN [Form < (000F5CC5)>] [ObjectReference < (020711A6)>] "Resist Poison Potion Recipe" COUNT 1 CONTAINER None
[11/08/2012 - 04:42:29PM] PLAYER_ITEM_OBTAIN [Form < (0001AFF1)>] [ObjectReference < (020711A4)>] "Immortal Blood" COUNT 1 CONTAINER None
[11/08/2012 - 04:43:07PM] PLAYER_TRIGGER_LEAVE [ths1_TriggerEnterSCRIPT < (02074E52)>]
[11/08/2012 - 04:43:11PM] PLAYER_TRIGGER_ENTER [ths1_TriggerEnterSCRIPT < (02074E52)>]
[11/08/2012 - 04:45:09PM] PLAYER_ITEM_OBTAIN [Form < (000F5CC5)>] [ObjectReference < (02071185)>] "Resist Poison Potion Recipe" COUNT 1 CONTAINER None
[11/08/2012 - 04:45:50PM] PLAYER_ITEM_OBTAIN [Form < (0001ACFE)>] [ObjectReference < (02071187)>] "Arcana Restored" COUNT 1 CONTAINER None
[11/08/2012 - 04:45:55PM] PLAYER_MOVE Run
[11/08/2012 - 04:45:55PM] PLAYER_TRIGGER_LEAVE [ths1_TriggerEnterSCRIPT < (02074E52)>]
[11/08/2012 - 04:45:57PM] PLAYER_MOVE None
[11/08/2012 - 04:46:02PM] PLAYER_ITEM_OBTAIN [Form < (0002E4F4)>] [ObjectReference < (020711D0)>] "Greater Soul Gem" COUNT 1 CONTAINER None
[11/08/2012 - 04:46:04PM] PLAYER_ITEM_OBTAIN [Form < (0003AD5F)>] [ObjectReference < (020711BC)>] "Frost Salts" COUNT 1 CONTAINER None
[11/08/2012 - 04:46:06PM] PLAYER_ITEM_OBTAIN [Ingredient < (0003AD5E)>] [ObjectReference < (020711FE)>] "Fire Salts" COUNT 1 CONTAINER None
[11/08/2012 - 04:46:08PM] PLAYER_ITEM_OBTAIN [Form < (0003AD60)>] [ObjectReference < (020711D3)>] "Void Salts" COUNT 1 CONTAINER None
[11/08/2012 - 04:46:10PM] PLAYER_ITEM_OBTAIN [Form < (00064B2F)>] [ObjectReference < (020711CC)>] "Green Apple" COUNT 1 CONTAINER None
[11/08/2012 - 04:46:13PM] PLAYER_TRIGGER_ENTER [ths1_TriggerEnterSCRIPT < (02074E57)>]
[11/08/2012 - 04:46:13PM] PLAYER_TRIGGER_ENTER [ths1_TriggerEnterSCRIPT < (02074E58)>]
[11/08/2012 - 04:46:13PM] PLAYER_TRIGGER_LEAVE [ths1_TriggerEnterSCRIPT < (02074E57)>]
[11/08/2012 - 04:46:13PM] PLAYER_TRIGGER_ENTER [ths1_TriggerEnterSCRIPT < (02074E57)>]
[11/08/2012 - 04:46:16PM] PLAYER_ITEM_OBTAIN [Form < (0003AD71)>] [ObjectReference < (020711BD)>] "Taproot" COUNT 1 CONTAINER None
[11/08/2012 - 04:46:18PM] PLAYER_TRIGGER_LEAVE [ths1_TriggerEnterSCRIPT < (02074E57)>]
[11/08/2012 - 04:46:21PM] PLAYER_ITEM_OBTAIN [SoulGem < (0002E504)>] [ObjectReference < (020711D1)>] "Black Soul Gem" COUNT 1 CONTAINER None
[11/08/2012 - 04:46:23PM] PLAYER_TRIGGER_ENTER [ths1_TriggerEnterSCRIPT < (02074E57)>]
[11/08/2012 - 04:46:24PM] PLAYER_TRIGGER_LEAVE [ths1_TriggerEnterSCRIPT < (02074E58)>]
[11/08/2012 - 04:46:25PM] PLAYER_TRIGGER_ENTER [ths1_TriggerEnterSCRIPT < (02074E58)>]
[11/08/2012 - 04:46:25PM] PLAYER_MOVE Run
[11/08/2012 - 04:46:25PM] PLAYER_TRIGGER_LEAVE [ths1_TriggerEnterSCRIPT < (02074E57)>]
[11/08/2012 - 04:46:26PM] PLAYER_TRIGGER_ENTER [ths1_TriggerEnterSCRIPT < (02074E57)>]
[11/08/2012 - 04:46:26PM] PLAYER_MOVE None
[11/08/2012 - 04:46:33PM] PLAYER_MOVE Run
[11/08/2012 - 04:46:33PM] PLAYER_TRIGGER_LEAVE [ths1_TriggerEnterSCRIPT < (02074E57)>]
[11/08/2012 - 04:46:33PM] PLAYER_TRIGGER_LEAVE [ths1_TriggerEnterSCRIPT < (02074E58)>]
[11/08/2012 - 04:46:34PM] PLAYER_MOVE None
[11/08/2012 - 04:46:36PM] PLAYER_TRIGGER_ENTER [ths1_TriggerEnterSCRIPT < (02074E52)>]
[11/08/2012 - 04:46:36PM] PLAYER_TRIGGER_LEAVE [ths1_TriggerEnterSCRIPT < (02074E52)>]
[11/08/2012 - 04:46:37PM] PLAYER_MOVE Run
[11/08/2012 - 04:46:37PM] PLAYER_TRIGGER_ENTER [ths1_TriggerEnterSCRIPT < (02074E51)>]
[11/08/2012 - 04:46:38PM] PLAYER_MOVE None
[11/08/2012 - 04:46:39PM] PLAYER_POV_CHANGE THIRD_PERSON
[11/08/2012 - 04:46:40PM] PLAYER_TRIGGER_LEAVE [ths1_TriggerEnterSCRIPT < (02074E51)>]
[11/08/2012 - 04:46:40PM] PLAYER_MOVE Run
[11/08/2012 - 04:46:40PM] PLAYER_TRIGGER_ENTER [ths1_TriggerEnterSCRIPT < (02074E50)>]
[11/08/2012 - 04:46:41PM] PLAYER_TRIGGER_LEAVE [ths1_TriggerEnterSCRIPT < (02074E50)>]
[11/08/2012 - 04:46:42PM] PLAYER_MOVE None
[11/08/2012 - 04:46:45PM] PLAYER_TRIGGER_ENTER [ths1_TriggerEnterSCRIPT < (02074E4F)>]
[11/08/2012 - 04:46:45PM] PLAYER_MOVE Run
[11/08/2012 - 04:46:45PM] PLAYER_TRIGGER_LEAVE [ths1_TriggerEnterSCRIPT < (02074E4F)>]
[11/08/2012 - 04:46:46PM] PLAYER_TRIGGER_ENTER [ths1_TriggerEnterSCRIPT < (02074E54)>]
[11/08/2012 - 04:46:46PM] PLAYER_MOVE None
[11/08/2012 - 04:46:53PM] PLAYER_ITEM_OBTAIN [Form < (00098623)>] [ObjectReference < (020711DF)>] "Jug" COUNT 1 CONTAINER None
[11/08/2012 - 04:46:57PM] PLAYER_MOVE Run
[11/08/2012 - 04:46:58PM] PLAYER_TRIGGER_LEAVE [ths1_TriggerEnterSCRIPT < (02074E54)>]
[11/08/2012 - 04:47:00PM] PLAYER_MOVE None
[11/08/2012 - 04:47:02PM] PLAYER_ITEM_OBTAIN [Potion < (00085368)>] [ObjectReference < (020711F9)>] "Spiced Wine" COUNT 1 CONTAINER None
[11/08/2012 - 04:47:04PM] PLAYER_ITEM_OBTAIN [Form < (0004DA00)>] [ObjectReference < (02071201)>] "Fly Amanita" COUNT 1 CONTAINER None
[11/08/2012 - 04:47:05PM] PLAYER_ITEM_OBTAIN [Form < (0004DA23)>] [ObjectReference < (02071200)>] "Imp Stool" COUNT 1 CONTAINER None
[11/08/2012 - 04:47:06PM] PLAYER_ITEM_OBTAIN [Form < (0004DA22)>] [ObjectReference < (020711FF)>] "White Cap" COUNT 1 CONTAINER None
[11/08/2012 - 04:47:07PM] PLAYER_ITEM_OBTAIN [Form < (000508CA)>] [ObjectReference < (020711FB)>] "Honningbrew Mead" COUNT 1 CONTAINER None
[11/08/2012 - 04:47:08PM] PLAYER_ITEM_OBTAIN [Form < (000F693F)>] [ObjectReference < (020711FA)>] "Black-Briar Reserve" COUNT 1 CONTAINER None
[11/08/2012 - 04:47:13PM] PLAYER_ITEM_OBTAIN [Potion < (0002C35A)>] [ObjectReference < (020711FC)>] "Black-Briar Mead" COUNT 1 CONTAINER None
[11/08/2012 - 04:47:15PM] PLAYER_ITEM_OBTAIN [MiscObject < (0003AD6C)>] [ObjectReference < (020711F8)>] "Mammoth Tusk" COUNT 1 CONTAINER None
[11/08/2012 - 04:47:22PM] PLAYER_MOVE Run
[11/08/2012 - 04:47:22PM] PLAYER_TRIGGER_ENTER [ths1_TriggerEnterSCRIPT < (02074E4F)>]
[11/08/2012 - 04:47:23PM] PLAYER_MOVE None
[11/08/2012 - 04:47:25PM] PLAYER_TRIGGER_LEAVE [ths1_TriggerEnterSCRIPT < (02074E4F)>]
[11/08/2012 - 04:47:25PM] PLAYER_TRIGGER_ENTER [ths1_TriggerEnterSCRIPT < (0208C788)>]
[11/08/2012 - 04:47:28PM] PLAYER_CELL_CHANGE [Cell <Wilderness (02085D56)>] ""
[11/08/2012 - 04:47:28PM] PLAYER_WORLDSPACE_CHANGE [WorldSpace <ths1_Town (02085D17)>] "Town"
[11/08/2012 - 04:47:28PM] PLAYER_MOVE Run
[11/08/2012 - 04:47:29PM] PLAYER_TRIGGER_LEAVE [ths1_TriggerEnterSCRIPT < (0208C788)>]
[11/08/2012 - 04:47:30PM] PLAYER_CELL_CHANGE [Cell <Wilderness (02085D34)>] ""
[11/08/2012 - 04:47:32PM] PLAYER_TRIGGER_ENTER [ths1_TriggerEnterSCRIPT < (0208CDAB)>]
[11/08/2012 - 04:47:33PM] PLAYER_TRIGGER_LEAVE [ths1_TriggerEnterSCRIPT < (0208CDAB)>]
[11/08/2012 - 04:47:35PM] PLAYER_MOVE None
[11/08/2012 - 04:47:36PM] PLAYER_ITEM_OBTAIN [Form < (00077E1E)>] None "Purple Mountain Flower" COUNT 1 CONTAINER None
[11/08/2012 - 04:47:38PM] PLAYER_TRIGGER_ENTER [ths1_TriggerEnterSCRIPT < (0208C7C2)>]
[11/08/2012 - 04:47:39PM] PLAYER_ITEM_OBTAIN [Form < (00077E1E)>] None "Purple Mountain Flower" COUNT 1 CONTAINER None
[11/08/2012 - 04:47:40PM] PLAYER_MOVE Run
[11/08/2012 - 04:47:43PM] PLAYER_CELL_CHANGE [Cell <Wilderness (02085D56)>] ""
[11/08/2012 - 04:47:45PM] PLAYER_CELL_CHANGE [Cell <Wilderness (02085D54)>] ""
[11/08/2012 - 04:47:45PM] PLAYER_TRIGGER_LEAVE [ths1_TriggerEnterSCRIPT < (0208C7C2)>]
[11/08/2012 - 04:47:46PM] PLAYER_TRIGGER_ENTER [ths1_TriggerEnterSCRIPT < (0208C7C2)>]
[11/08/2012 - 04:47:46PM] PLAYER_TRIGGER_LEAVE [ths1_TriggerEnterSCRIPT < (0208C7C2)>]
[11/08/2012 - 04:47:46PM] PLAYER_MOVE None
[11/08/2012 - 04:47:48PM] PLAYER_MOVE Run
[11/08/2012 - 04:47:49PM] PLAYER_TRIGGER_ENTER [ths1_TriggerEnterSCRIPT < (0208C7C2)>]
[11/08/2012 - 04:47:49PM] PLAYER_CELL_CHANGE [Cell <Wilderness (02085D56)>] ""
[11/08/2012 - 04:47:51PM] PLAYER_TRIGGER_LEAVE [ths1_TriggerEnterSCRIPT < (0208C7C2)>]
[11/08/2012 - 04:47:52PM] PLAYER_MOVE None
[11/08/2012 - 04:47:53PM] PLAYER_MOVE Run
[11/08/2012 - 04:47:54PM] PLAYER_MOVE None
[11/08/2012 - 04:47:57PM] PLAYER_MOVE Run
[11/08/2012 - 04:47:58PM] PLAYER_MOVE None
[11/08/2012 - 04:48:02PM] PLAYER_MOVE Run
[11/08/2012 - 04:48:03PM] PLAYER_TRIGGER_ENTER [ths1_TriggerEnterSCRIPT < (0208C7C2)>]
[11/08/2012 - 04:48:05PM] PLAYER_TRIGGER_LEAVE [ths1_TriggerEnterSCRIPT < (0208C7C2)>]
[11/08/2012 - 04:48:06PM] PLAYER_CELL_CHANGE [Cell <Wilderness (02085D54)>] ""
[11/08/2012 - 04:48:07PM] PLAYER_TRIGGER_ENTER [ths1_TriggerEnterSCRIPT < (0208C7C1)>]
[11/08/2012 - 04:48:12PM] PLAYER_TRIGGER_LEAVE [ths1_TriggerEnterSCRIPT < (0208C7C1)>]
[11/08/2012 - 04:48:13PM] PLAYER_TRIGGER_ENTER [ths1_TriggerEnterSCRIPT < (0208C7B0)>]
[11/08/2012 - 04:48:14PM] PLAYER_MOVE None
[11/08/2012 - 04:48:16PM] PLAYER_MOVE Run
[11/08/2012 - 04:48:18PM] PLAYER_TRIGGER_LEAVE [ths1_TriggerEnterSCRIPT < (0208C7B0)>]
[11/08/2012 - 04:48:18PM] PLAYER_MOVE None
[11/08/2012 - 04:48:26PM] PLAYER_MOVE Run
[11/08/2012 - 04:48:51PM] PLAYER_MOVE None
[11/08/2012 - 04:48:52PM] PLAYER_MOVE Run
[11/08/2012 - 04:48:54PM] PLAYER_CELL_CHANGE [Cell <Wilderness (02085D52)>] ""
[11/08/2012 - 04:48:54PM] PLAYER_MOVE None
[11/08/2012 - 04:48:54PM] PLAYER_TRIGGER_ENTER [ths1_TriggerEnterSCRIPT < (0208C7B0)>]
[11/08/2012 - 04:48:56PM] PLAYER_MOVE Run
[11/08/2012 - 04:48:58PM] PLAYER_MOVE None
[11/08/2012 - 04:49:00PM] PLAYER_MOVE Run
[11/08/2012 - 04:49:03PM] PLAYER_MOVE None
[11/08/2012 - 04:49:04PM] PLAYER_TRIGGER_ENTER [ths1_TriggerEnterSCRIPT < (0208C7BF)>]
[11/08/2012 - 04:49:04PM] PLAYER_MOVE Run
[11/08/2012 - 04:49:05PM] PLAYER_MOVE None
[11/08/2012 - 04:49:06PM] PLAYER_MOVE Run
[11/08/2012 - 04:49:08PM] PLAYER_MOVE None
[11/08/2012 - 04:49:10PM] PLAYER_TRIGGER_LEAVE [ths1_TriggerEnterSCRIPT < (0208C7BF)>]
[11/08/2012 - 04:49:10PM] PLAYER_MOVE Run
[11/08/2012 - 04:49:12PM] PLAYER_CELL_CHANGE [Cell <Wilderness (02085D4A)>] ""
[11/08/2012 - 04:49:16PM] PLAYER_TRIGGER_LEAVE [ths1_TriggerEnterSCRIPT < (0208C7B0)>]
[11/08/2012 - 04:49:18PM] PLAYER_TRIGGER_ENTER [ths1_TriggerEnterSCRIPT < (0208CDAD)>]
[11/08/2012 - 04:49:24PM] PLAYER_TRIGGER_LEAVE [ths1_TriggerEnterSCRIPT < (0208CDAD)>]
[11/08/2012 - 04:49:24PM] PLAYER_TRIGGER_ENTER [ths1_TriggerEnterSCRIPT < (0208C7AE)>]
[11/08/2012 - 04:49:25PM] PLAYER_MOVE None
[11/08/2012 - 04:49:27PM] PLAYER_ITEM_OBTAIN [Form < (0001B3BD)>] None "Snowberries" COUNT 1 CONTAINER None
[11/08/2012 - 04:49:31PM] PLAYER_MOVE Run
[11/08/2012 - 04:49:32PM] PLAYER_CELL_CHANGE [Cell <Wilderness (02085D40)>] ""
[11/08/2012 - 04:49:33PM] PLAYER_MOVE None
[11/08/2012 - 04:49:34PM] PLAYER_ACTOR_VIEW_GAIN [ObjectReference < (02089359)>] "Seamus"
[11/08/2012 - 04:49:35PM] PLAYER_MOVE Run
[11/08/2012 - 04:49:35PM] PLAYER_ACTOR_VIEW_LOSS [ObjectReference < (02089359)>] "Seamus"
[11/08/2012 - 04:49:39PM] PLAYER_CELL_CHANGE [Cell <Wilderness (02085D42)>] ""
[11/08/2012 - 04:49:39PM] PLAYER_ACTOR_VIEW_GAIN [ObjectReference < (02089359)>] "Seamus"
[11/08/2012 - 04:49:41PM] PLAYER_TRIGGER_LEAVE [ths1_TriggerEnterSCRIPT < (0208C7AE)>]
[11/08/2012 - 04:49:41PM] PLAYER_TRIGGER_ENTER [ths1_TriggerEnterSCRIPT < (0208C7AF)>]
[11/08/2012 - 04:49:43PM] PLAYER_TRIGGER_LEAVE [ths1_TriggerEnterSCRIPT < (0208C7AF)>]
[11/08/2012 - 04:49:45PM] PLAYER_MOVE None
[11/08/2012 - 04:49:45PM] PLAYER_ACTOR_VIEW_LOSS [ObjectReference < (02089359)>] "Seamus"
[11/08/2012 - 04:49:47PM] PLAYER_MOVE Run
[11/08/2012 - 04:49:50PM] PLAYER_TRIGGER_ENTER [ths1_TriggerEnterSCRIPT < (0208C7AD)>]
[11/08/2012 - 04:49:50PM] PLAYER_TRIGGER_ENTER [ths1_TriggerEnterSCRIPT < (0208C7AC)>]
[11/08/2012 - 04:49:50PM] PLAYER_MOVE None
[11/08/2012 - 04:49:52PM] PLAYER_TRIGGER_LEAVE [ths1_TriggerEnterSCRIPT < (0208C7AC)>]
[11/08/2012 - 04:49:52PM] PLAYER_TRIGGER_LEAVE [ths1_TriggerEnterSCRIPT < (0208C7AD)>]
[11/08/2012 - 04:49:54PM] PLAYER_MOVE Run
[11/08/2012 - 04:49:59PM] PLAYER_TRIGGER_ENTER [ths1_TriggerEnterSCRIPT < (0208C7AB)>]
[11/08/2012 - 04:50:00PM] PLAYER_MOVE None
[11/08/2012 - 04:50:03PM] PLAYER_DIALOGUE [TIF__0208000D <topic info 0208000D on quest ths1_MasterQuest (020319F7)>] NPC_SPEAKER [Actor < (02089355)>]
[11/08/2012 - 04:50:06PM] PLAYER_MOVE Run
[11/08/2012 - 04:50:08PM] PLAYER_CELL_CHANGE [Cell <Wilderness (02085D40)>] ""
[11/08/2012 - 04:50:11PM] PLAYER_MOVE None
[11/08/2012 - 04:50:17PM] PLAYER_MOVE Run
[11/08/2012 - 04:50:19PM] PLAYER_MOVE None
[11/08/2012 - 04:50:20PM] PLAYER_MOVE Run
[11/08/2012 - 04:50:25PM] PLAYER_CELL_CHANGE [Cell <Wilderness (02085D42)>] ""
[11/08/2012 - 04:50:27PM] PLAYER_TRIGGER_LEAVE [ths1_TriggerEnterSCRIPT < (0208C7AB)>]
[11/08/2012 - 04:50:28PM] PLAYER_ACTOR_VIEW_GAIN [ObjectReference < (02089359)>] "Seamus"
[11/08/2012 - 04:50:38PM] PLAYER_ACTOR_VIEW_LOSS [ObjectReference < (02089359)>] "Seamus"
[11/08/2012 - 04:50:39PM] PLAYER_CELL_CHANGE [Cell <Wilderness (02085D44)>] ""
[11/08/2012 - 04:50:40PM] PLAYER_DISTANCE_ACTOR [ObjectReference < (02089359)>] "Seamus" 1317.453125
[11/08/2012 - 04:50:41PM] PLAYER_DISTANCE_ACTOR [ObjectReference < (02089359)>] "Seamus" 1416.935913
[11/08/2012 - 04:50:42PM] PLAYER_DISTANCE_ACTOR [ObjectReference < (02089359)>] "Seamus" 1423.014648
[11/08/2012 - 04:50:43PM] PLAYER_DISTANCE_ACTOR [ObjectReference < (02089359)>] "Seamus" 1409.010498
[11/08/2012 - 04:50:44PM] PLAYER_DISTANCE_ACTOR [ObjectReference < (02089359)>] "Seamus" 1413.681274
[11/08/2012 - 04:50:44PM] PLAYER_TRIGGER_ENTER [ths1_TriggerEnterSCRIPT < (0208CD6A)>]
[11/08/2012 - 04:50:45PM] PLAYER_DISTANCE_ACTOR [ObjectReference < (02089359)>] "Seamus" 1502.907837
[11/08/2012 - 04:50:46PM] PLAYER_MOVE None
[11/08/2012 - 04:50:46PM] PLAYER_DISTANCE_ACTOR [ObjectReference < (02089359)>] "Seamus" 1613.625244
[11/08/2012 - 04:50:47PM] PLAYER_DISTANCE_ACTOR [ObjectReference < (02089359)>] "Seamus" 1611.439331
[11/08/2012 - 04:50:48PM] PLAYER_DISTANCE_ACTOR [ObjectReference < (02089359)>] "Seamus" 1610.875488
[11/08/2012 - 04:50:49PM] PLAYER_DISTANCE_ACTOR [ObjectReference < (02089359)>] "Seamus" 1547.108154
[11/08/2012 - 04:50:50PM] PLAYER_DISTANCE_ACTOR [ObjectReference < (02089359)>] "Seamus" 1574.972412
[11/08/2012 - 04:50:51PM] PLAYER_DISTANCE_ACTOR [ObjectReference < (02089359)>] "Seamus" 1606.930908
[11/08/2012 - 04:50:52PM] PLAYER_DISTANCE_ACTOR [ObjectReference < (02089359)>] "Seamus" 1554.868774
[11/08/2012 - 04:50:53PM] PLAYER_DISTANCE_ACTOR [ObjectReference < (02089359)>] "Seamus" 1553.570801
[11/08/2012 - 04:50:54PM] PLAYER_MOVE Run
[11/08/2012 - 04:50:54PM] PLAYER_DISTANCE_ACTOR [ObjectReference < (02089359)>] "Seamus" 1555.299927
[11/08/2012 - 04:50:55PM] PLAYER_DISTANCE_ACTOR [ObjectReference < (02089359)>] "Seamus" 1621.463867
[11/08/2012 - 04:50:56PM] PLAYER_DISTANCE_ACTOR [ObjectReference < (02089359)>] "Seamus" 1746.117065
[11/08/2012 - 04:50:57PM] PLAYER_MOVE None
[11/08/2012 - 04:50:57PM] PLAYER_DISTANCE_ACTOR [ObjectReference < (02089359)>] "Seamus" 1785.723511
[11/08/2012 - 04:50:58PM] PLAYER_DISTANCE_ACTOR [ObjectReference < (02089359)>] "Seamus" 1887.359253
[11/08/2012 - 04:50:59PM] PLAYER_DISTANCE_ACTOR [ObjectReference < (02089359)>] "Seamus" 1887.359253
[11/08/2012 - 04:51:00PM] PLAYER_DISTANCE_ACTOR [ObjectReference < (02089359)>] "Seamus" 1887.359253
[11/08/2012 - 04:51:01PM] PLAYER_DISTANCE_ACTOR [ObjectReference < (02089359)>] "Seamus" 1883.473755
[11/08/2012 - 04:51:02PM] PLAYER_MOVE Run
[11/08/2012 - 04:51:02PM] PLAYER_DISTANCE_ACTOR [ObjectReference < (02089359)>] "Seamus" 1567.640259
[11/08/2012 - 04:51:03PM] PLAYER_DISTANCE_ACTOR [ObjectReference < (02089359)>] "Seamus" 1228.003662
[11/08/2012 - 04:51:03PM] PLAYER_TRIGGER_LEAVE [ths1_TriggerEnterSCRIPT < (0208CD6A)>]
[11/08/2012 - 04:51:04PM] PLAYER_DISTANCE_ACTOR [ObjectReference < (02089359)>] "Seamus" 904.037781
[11/08/2012 - 04:51:05PM] PLAYER_ACTOR_VIEW_GAIN [ObjectReference < (02089359)>] "Seamus"
[11/08/2012 - 04:51:05PM] PLAYER_DISTANCE_ACTOR [ObjectReference < (02089359)>] "Seamus" 563.039795
[11/08/2012 - 04:51:06PM] PLAYER_DISTANCE_ACTOR [ObjectReference < (02089359)>] "Seamus" 276.659454
[11/08/2012 - 04:51:07PM] PLAYER_TRIGGER_ENTER [ths1_TriggerEnterSCRIPT < (0208C7A1)>]
[11/08/2012 - 04:51:07PM] PLAYER_DISTANCE_ACTOR [ObjectReference < (02089359)>] "Seamus" 190.322830
[11/08/2012 - 04:51:07PM] PLAYER_TRIGGER_LEAVE [ths1_TriggerEnterSCRIPT < (0208C7A1)>]
[11/08/2012 - 04:51:08PM] PLAYER_ACTOR_VIEW_LOSS [ObjectReference < (02089359)>] "Seamus"
[11/08/2012 - 04:51:08PM] PLAYER_DISTANCE_ACTOR [ObjectReference < (02089359)>] "Seamus" 437.274323
[11/08/2012 - 04:51:09PM] PLAYER_MOVE None
[11/08/2012 - 04:51:09PM] PLAYER_DISTANCE_ACTOR [ObjectReference < (02089359)>] "Seamus" 436.298248
[11/08/2012 - 04:51:11PM] PLAYER_CELL_CHANGE [Cell <ths1_IsaanHouse (0207113A)>] "Isaan's House"
[11/08/2012 - 04:51:17PM] PLAYER_DIALOGUE [TIF__010098E9 <topic info 020098E9 on quest ths1_MissingDog (02009344)>] NPC_SPEAKER [Actor < (02071D11)>]
[11/08/2012 - 04:51:20PM] PLAYER_DIALOGUE [TIF__01041651 <topic info 02041651 on quest ths1_MissingDog (02009344)>] NPC_SPEAKER [Actor < (02071D11)>]
[11/08/2012 - 04:51:29PM] PLAYER_MOVE Run
[11/08/2012 - 04:51:30PM] PLAYER_TRIGGER_ENTER [ths1_TriggerEnterSCRIPT < (02074E5A)>]
[11/08/2012 - 04:51:31PM] PLAYER_MOVE None
[11/08/2012 - 04:51:37PM] PLAYER_ITEM_OBTAIN [Form < (0005661F)>] [ObjectReference < (02071160)>] "Unknown Potion" COUNT 1 CONTAINER None
[11/08/2012 - 04:51:51PM] PLAYER_TRIGGER_LEAVE [ths1_TriggerEnterSCRIPT < (02074E5A)>]
[11/08/2012 - 04:51:51PM] PLAYER_TRIGGER_ENTER [ths1_TriggerEnterSCRIPT < (02074E5B)>]
[11/08/2012 - 04:51:53PM] PLAYER_ITEM_OBTAIN [Form < (0003EB2A)>] [ObjectReference < (0207116B)>] "Potion of the Warrior" COUNT 1 CONTAINER None
[11/08/2012 - 04:51:54PM] PLAYER_ITEM_OBTAIN [Form < (00065A6E)>] [ObjectReference < (0207116C)>] "Weak Aversion to Magic" COUNT 1 CONTAINER None
[11/08/2012 - 04:51:56PM] PLAYER_ITEM_OBTAIN [Potion < (0003EB3E)>] [ObjectReference < (0207116D)>] "Potion of Brief Invisibility" COUNT 1 CONTAINER None
[11/08/2012 - 04:51:57PM] PLAYER_ITEM_OBTAIN [Form < (0003EB09)>] [ObjectReference < (0207116E)>] "Potion of Regeneration" COUNT 1 CONTAINER None
[11/08/2012 - 04:51:59PM] PLAYER_ITEM_OBTAIN [Armor < (00013913)>] [ObjectReference < (02071163)>] "Hide Helmet" COUNT 1 CONTAINER None
[11/08/2012 - 04:52:00PM] PLAYER_ITEM_OBTAIN [Form < (00013982)>] [ObjectReference < (02071164)>] "Iron Mace" COUNT 1 CONTAINER None
[11/08/2012 - 04:52:19PM] PLAYER_TRIGGER_LEAVE [ths1_TriggerEnterSCRIPT < (02074E5B)>]
[11/08/2012 - 04:52:21PM] PLAYER_POV_CHANGE FIRST_PERSON
[11/08/2012 - 04:53:02PM] PLAYER_ITEM_OBTAIN [Form < (0001ACB8)>] [ObjectReference < (02071140)>] "Myths of Sheogorath" COUNT 1 CONTAINER None
[11/08/2012 - 04:53:56PM] PLAYER_ITEM_OBTAIN [Form < (000ED60C)>] [ObjectReference < (02071144)>] "Herbane's Bestiary: Automatons" COUNT 1 CONTAINER None
[11/08/2012 - 04:54:08PM] Log closed
