[11/28/2012 - 01:29:32PM] 22 log opened (PC)
[11/28/2012 - 01:29:32PM] PLAYER_MOVE Run
[11/28/2012 - 01:29:34PM] PLAYER_MOVE None
[11/28/2012 - 01:29:36PM] PLAYER_ITEM_OBTAIN [Form < (000139C0)>] [ObjectReference < (0207120B)>] "Daedric Arrow" COUNT 50 CONTAINER None
[11/28/2012 - 01:29:36PM] PLAYER_ITEM_OBTAIN [Form < (000139B5)>] [ObjectReference < (0207120C)>] "Daedric Bow" COUNT 1 CONTAINER None
[11/28/2012 - 01:29:37PM] PLAYER_ITEM_OBTAIN [Form < (000139B3)>] [ObjectReference < (020711F6)>] "Daedric War Axe" COUNT 1 CONTAINER None
[11/28/2012 - 01:29:37PM] PLAYER_ITEM_OBTAIN [Form < (000139B7)>] [ObjectReference < (020711F4)>] "Daedric Greatsword" COUNT 1 CONTAINER None
[11/28/2012 - 01:29:38PM] PLAYER_ITEM_OBTAIN [Form < (000139B8)>] [ObjectReference < (020711F5)>] "Daedric Mace" COUNT 1 CONTAINER None
[11/28/2012 - 01:29:40PM] PLAYER_TRIGGER_ENTER [ths1_TriggerEnterSCRIPT < (02074E57)>]
[11/28/2012 - 01:29:40PM] PLAYER_MOVE Run
[11/28/2012 - 01:29:41PM] PLAYER_ITEM_OBTAIN [Form < (00064B2F)>] [ObjectReference < (020711CC)>] "Green Apple" COUNT 1 CONTAINER None
[11/28/2012 - 01:29:41PM] PLAYER_ITEM_OBTAIN [Form < (00064B2E)>] [ObjectReference < (020711CD)>] "Red Apple" COUNT 1 CONTAINER None
[11/28/2012 - 01:29:41PM] PLAYER_MOVE None
[11/28/2012 - 01:29:41PM] PLAYER_ITEM_OBTAIN [Form < (0002E4F4)>] [ObjectReference < (020711D0)>] "Greater Soul Gem" COUNT 1 CONTAINER None
[11/28/2012 - 01:29:42PM] PLAYER_ITEM_OBTAIN [Form < (0003AD5F)>] [ObjectReference < (020711BC)>] "Frost Salts" COUNT 1 CONTAINER None
[11/28/2012 - 01:29:42PM] PLAYER_ITEM_OBTAIN [Ingredient < (0003AD5E)>] [ObjectReference < (020711FE)>] "Fire Salts" COUNT 1 CONTAINER None
[11/28/2012 - 01:29:43PM] PLAYER_ITEM_OBTAIN [Form < (0003AD60)>] [ObjectReference < (020711D3)>] "Void Salts" COUNT 1 CONTAINER None
[11/28/2012 - 01:29:44PM] PLAYER_TRIGGER_LEAVE [ths1_TriggerEnterSCRIPT < (02074E57)>]
[11/28/2012 - 01:29:44PM] PLAYER_MOVE Run
[11/28/2012 - 01:29:45PM] PLAYER_MOVE None
[11/28/2012 - 01:29:45PM] PLAYER_ITEM_OBTAIN [Form < (0003AD71)>] [ObjectReference < (020711BD)>] "Taproot" COUNT 1 CONTAINER None
[11/28/2012 - 01:29:46PM] PLAYER_ITEM_OBTAIN [SoulGem < (0002E504)>] [ObjectReference < (020711D1)>] "Black Soul Gem" COUNT 1 CONTAINER None
[11/28/2012 - 01:29:47PM] PLAYER_TRIGGER_ENTER [ths1_TriggerEnterSCRIPT < (02074E57)>]
[11/28/2012 - 01:29:47PM] PLAYER_TRIGGER_ENTER [ths1_TriggerEnterSCRIPT < (02074E58)>]
[11/28/2012 - 01:29:48PM] PLAYER_TRIGGER_LEAVE [ths1_TriggerEnterSCRIPT < (02074E58)>]
[11/28/2012 - 01:29:48PM] PLAYER_MOVE Run
[11/28/2012 - 01:30:14PM] PLAYER_MOVE None
[11/28/2012 - 01:30:19PM] PLAYER_TRIGGER_ENTER [ths1_TriggerEnterSCRIPT < (02074E58)>]
[11/28/2012 - 01:30:19PM] PLAYER_TRIGGER_LEAVE [ths1_TriggerEnterSCRIPT < (02074E57)>]
[11/28/2012 - 01:30:19PM] PLAYER_TRIGGER_LEAVE [ths1_TriggerEnterSCRIPT < (02074E58)>]
[11/28/2012 - 01:30:19PM] PLAYER_MOVE Run
[11/28/2012 - 01:30:20PM] PLAYER_TRIGGER_ENTER [ths1_TriggerEnterSCRIPT < (02074E52)>]
[11/28/2012 - 01:30:20PM] PLAYER_TRIGGER_LEAVE [ths1_TriggerEnterSCRIPT < (02074E52)>]
[11/28/2012 - 01:30:21PM] PLAYER_TRIGGER_ENTER [ths1_TriggerEnterSCRIPT < (02074E51)>]
[11/28/2012 - 01:30:21PM] PLAYER_TRIGGER_LEAVE [ths1_TriggerEnterSCRIPT < (02074E51)>]
[11/28/2012 - 01:30:22PM] PLAYER_TRIGGER_ENTER [ths1_TriggerEnterSCRIPT < (02074E50)>]
[11/28/2012 - 01:30:22PM] PLAYER_TRIGGER_LEAVE [ths1_TriggerEnterSCRIPT < (02074E50)>]
[11/28/2012 - 01:30:23PM] PLAYER_MOVE None
[11/28/2012 - 01:30:24PM] PLAYER_MOVE Run
[11/28/2012 - 01:30:24PM] PLAYER_TRIGGER_ENTER [ths1_TriggerEnterSCRIPT < (02074E54)>]
[11/28/2012 - 01:30:24PM] PLAYER_ITEM_OBTAIN [Form < (000721E8)>] [ObjectReference < (0207120A)>] "Cooked Beef" COUNT 1 CONTAINER None
[11/28/2012 - 01:30:25PM] PLAYER_ITEM_OBTAIN [Form < (00065C97)>] [ObjectReference < (020711E9)>] "Bread" COUNT 1 CONTAINER None
[11/28/2012 - 01:30:25PM] PLAYER_ITEM_OBTAIN [Form < (00064B3C)>] [ObjectReference < (020711E8)>] "Seared Slaughterfish" COUNT 1 CONTAINER None
[11/28/2012 - 01:30:25PM] PLAYER_MOVE None
[11/28/2012 - 01:30:25PM] PLAYER_ITEM_OBTAIN [Form < (000E8947)>] [ObjectReference < (020711E7)>] "Grilled Chicken Breast" COUNT 1 CONTAINER None
[11/28/2012 - 01:30:25PM] PLAYER_ITEM_OBTAIN [Form < (00064B3B)>] [ObjectReference < (020711E6)>] "Salmon Steak" COUNT 1 CONTAINER None
[11/28/2012 - 01:30:26PM] PLAYER_ITEM_OBTAIN [Form < (00098625)>] [ObjectReference < (020711DE)>] "Platter" COUNT 1 CONTAINER None
[11/28/2012 - 01:30:26PM] PLAYER_ITEM_OBTAIN [Form < (0001895F)>] [ObjectReference < (020711F3)>] "Firebrand Wine" COUNT 1 CONTAINER None
[11/28/2012 - 01:30:26PM] PLAYER_ITEM_OBTAIN [Form < (00098621)>] [ObjectReference < (020711EF)>] "Goblet" COUNT 1 CONTAINER None
[11/28/2012 - 01:30:27PM] PLAYER_ITEM_OBTAIN [Form < (00098620)>] [ObjectReference < (020711EC)>] "Goblet" COUNT 1 CONTAINER None
[11/28/2012 - 01:30:28PM] PLAYER_ITEM_OBTAIN [Form < (00098620)>] [ObjectReference < (020711EA)>] "Goblet" COUNT 1 CONTAINER None
[11/28/2012 - 01:30:29PM] PLAYER_ITEM_OBTAIN [Form < (00098621)>] [ObjectReference < (020711EE)>] "Goblet" COUNT 1 CONTAINER None
[11/28/2012 - 01:30:31PM] PLAYER_TRIGGER_LEAVE [ths1_TriggerEnterSCRIPT < (02074E54)>]
[11/28/2012 - 01:30:31PM] PLAYER_MOVE Run
[11/28/2012 - 01:30:31PM] PLAYER_TRIGGER_ENTER [ths1_TriggerEnterSCRIPT < (02074E4F)>]
[11/28/2012 - 01:30:34PM] PLAYER_TRIGGER_ENTER [ths1_TriggerEnterSCRIPT < (0208C788)>]
[11/28/2012 - 01:30:34PM] PLAYER_TRIGGER_LEAVE [ths1_TriggerEnterSCRIPT < (02074E4F)>]
[11/28/2012 - 01:30:34PM] PLAYER_CELL_CHANGE [Cell <Wilderness (02085D56)>] ""
[11/28/2012 - 01:30:34PM] PLAYER_WORLDSPACE_CHANGE [WorldSpace <ths1_Town (02085D17)>] "Town"
[11/28/2012 - 01:30:34PM] PLAYER_MOVE None
[11/28/2012 - 01:30:36PM] PLAYER_TRIGGER_LEAVE [ths1_TriggerEnterSCRIPT < (0208C788)>]
[11/28/2012 - 01:30:36PM] PLAYER_MOVE Run
[11/28/2012 - 01:30:37PM] PLAYER_CELL_CHANGE [Cell <Wilderness (02085D34)>] ""
[11/28/2012 - 01:30:39PM] PLAYER_TRIGGER_ENTER [ths1_TriggerEnterSCRIPT < (0208CDAB)>]
[11/28/2012 - 01:30:39PM] PLAYER_MOVE None
[11/28/2012 - 01:30:42PM] PLAYER_DIALOGUE [TIF__020774A6 <topic info 020774A6 on quest ths1_MasterQuest (020319F7)>] NPC_SPEAKER [Actor < (0208BC45)>]
[11/28/2012 - 01:30:45PM] PLAYER_DIALOGUE [TIF__020774A8 <topic info 020774A8 on quest ths1_MasterQuest (020319F7)>] NPC_SPEAKER [Actor < (0208BC45)>]
[11/28/2012 - 01:30:51PM] PLAYER_DIALOGUE [TIF__0207BD42 <topic info 0207BD42 on quest ths1_MasterQuest (020319F7)>] NPC_SPEAKER [Actor < (0208BC45)>]
[11/28/2012 - 01:30:55PM] PLAYER_DIALOGUE [TIF__0207FA85 <topic info 0207FA85 on quest ths1_MasterQuest (020319F7)>] NPC_SPEAKER [Actor < (0208BC45)>]
[11/28/2012 - 01:30:57PM] PLAYER_DIALOGUE [TIF__0208EEAE <topic info 0208EEAE on quest ths1_MasterQuest (020319F7)>] NPC_SPEAKER [Actor < (0208BC45)>]
[11/28/2012 - 01:31:10PM] PLAYER_DIALOGUE [TIF__0208EEB2 <topic info 0208EEB2 on quest ths1_MasterQuest (020319F7)>] NPC_SPEAKER [Actor < (0208BC45)>]
[11/28/2012 - 01:31:15PM] PLAYER_TRIGGER_LEAVE [ths1_TriggerEnterSCRIPT < (0208CDAB)>]
[11/28/2012 - 01:31:15PM] PLAYER_MOVE Run
[11/28/2012 - 01:31:16PM] PLAYER_ACTOR_VIEW_GAIN [ObjectReference < (02089359)>] "Seamus"
[11/28/2012 - 01:31:18PM] PLAYER_TRIGGER_ENTER [ths1_TriggerEnterSCRIPT < (0208CD5A)>]
[11/28/2012 - 01:31:19PM] PLAYER_TRIGGER_LEAVE [ths1_TriggerEnterSCRIPT < (0208CD5A)>]
[11/28/2012 - 01:31:20PM] PLAYER_TRIGGER_ENTER [ths1_TriggerEnterSCRIPT < (0208CD5A)>]
[11/28/2012 - 01:31:21PM] PLAYER_ACTOR_VIEW_LOSS [ObjectReference < (02089359)>] "Seamus"
[11/28/2012 - 01:31:22PM] PLAYER_TRIGGER_ENTER [ths1_TriggerEnterSCRIPT < (0208C7A9)>]
[11/28/2012 - 01:31:22PM] PLAYER_TRIGGER_LEAVE [ths1_TriggerEnterSCRIPT < (0208CD5A)>]
[11/28/2012 - 01:31:25PM] PLAYER_TRIGGER_LEAVE [ths1_TriggerEnterSCRIPT < (0208C7A9)>]
[11/28/2012 - 01:31:25PM] PLAYER_CELL_CHANGE [Cell <Wilderness (02085D4C)>] ""
[11/28/2012 - 01:31:26PM] PLAYER_CELL_CHANGE [Cell <Wilderness (02085D42)>] ""
[11/28/2012 - 01:31:27PM] PLAYER_CELL_CHANGE [Cell <Wilderness (02085D4C)>] ""
[11/28/2012 - 01:31:30PM] PLAYER_TRIGGER_ENTER [ths1_TriggerEnterSCRIPT < (0208C7A8)>]
[11/28/2012 - 01:31:31PM] PLAYER_TRIGGER_LEAVE [ths1_TriggerEnterSCRIPT < (0208C7A8)>]
[11/28/2012 - 01:31:31PM] PLAYER_TRIGGER_ENTER [ths1_TriggerEnterSCRIPT < (0208C7AA)>]
[11/28/2012 - 01:31:31PM] PLAYER_TRIGGER_LEAVE [ths1_TriggerEnterSCRIPT < (0208C7AA)>]
[11/28/2012 - 01:31:34PM] PLAYER_CELL_CHANGE [Cell <ths1_TempleInterior (02019CC3)>] "Town Temple"
[11/28/2012 - 01:31:35PM] PLAYER_MOVE None
[11/28/2012 - 01:31:37PM] PLAYER_MOVE Run
[11/28/2012 - 01:31:40PM] PLAYER_MOVE None
[11/28/2012 - 01:31:42PM] PLAYER_DIALOGUE [TIF__0106B44A <topic info 0206B44A on quest ths1_BarrianBookQuest (0204540C)>] NPC_SPEAKER [Actor < (020371D2)>]
[11/28/2012 - 01:31:45PM] PLAYER_DIALOGUE [TIF__020826E9 <topic info 020826E9 on quest ths1_BarrianBookQuest (0204540C)>] NPC_SPEAKER [Actor < (020371D2)>]
[11/28/2012 - 01:31:50PM] PLAYER_DIALOGUE [TIF__020826E6 <topic info 020826E6 on quest ths1_BarrianBookQuest (0204540C)>] NPC_SPEAKER [Actor < (020371D2)>]
[11/28/2012 - 01:31:53PM] PLAYER_DIALOGUE [TIF__01045418 <topic info 02045418 on quest ths1_BarrianBookQuest (0204540C)>] NPC_SPEAKER [Actor < (020371D2)>]
[11/28/2012 - 01:31:57PM] QUEST_STAGE_CHANGE [ths1_BBQScript <ths1_BarrianBookQuest (0204540C)>] "'What's That You're Reading, Barrian?'" 10
[11/28/2012 - 01:32:02PM] PLAYER_DIALOGUE [TIF__020826E6 <topic info 020826E6 on quest ths1_BarrianBookQuest (0204540C)>] NPC_SPEAKER [Actor < (020371D2)>]
[11/28/2012 - 01:32:17PM] PLAYER_DIALOGUE [TIF__010469EA <topic info 020469EA on quest ths1_BarrianBookQuest (0204540C)>] NPC_SPEAKER [Actor < (020371CF)>]
[11/28/2012 - 01:32:23PM] PLAYER_DIALOGUE [TIF__010469ED <topic info 020469ED on quest ths1_BarrianBookQuest (0204540C)>] NPC_SPEAKER [Actor < (020371CF)>]
[11/28/2012 - 01:32:29PM] PLAYER_DIALOGUE [TIF__01048094 <topic info 02048094 on quest ths1_BarrianBookQuest (0204540C)>] NPC_SPEAKER [Actor < (020371CF)>]
[11/28/2012 - 01:32:35PM] QUEST_STAGE_CHANGE [ths1_BBQScript <ths1_BarrianBookQuest (0204540C)>] "'What's That You're Reading, Barrian?'" 15
[11/28/2012 - 01:32:38PM] PLAYER_BOOK_READ [ths1_BBQJokeBookReadScript <alias JokeBook1 on quest ths1_BarrianBookQuest (0204540C)>] JokeBook1
[11/28/2012 - 01:32:46PM] PLAYER_ITEM_OBTAIN [Form < (020371D7)>] [ObjectReference < (020371D9)>] "Book of Jokes" COUNT 1 CONTAINER None
[11/28/2012 - 01:32:48PM] QUEST_STAGE_CHANGE [ths1_BBQScript <ths1_BarrianBookQuest (0204540C)>] "'What's That You're Reading, Barrian?'" 20
[11/28/2012 - 01:32:49PM] PLAYER_MOVE Run
[11/28/2012 - 01:32:50PM] PLAYER_MOVE None
[11/28/2012 - 01:32:52PM] PLAYER_MOVE Run
[11/28/2012 - 01:32:54PM] PLAYER_MOVE None
[11/28/2012 - 01:32:56PM] PLAYER_MOVE Run
[11/28/2012 - 01:32:59PM] PLAYER_TRIGGER_ENTER [ths1_TriggerEnterSCRIPT < (02074E69)>]
[11/28/2012 - 01:32:59PM] PLAYER_TRIGGER_ENTER [ths1_TriggerEnterSCRIPT < (02074E6A)>]
[11/28/2012 - 01:32:59PM] PLAYER_TRIGGER_LEAVE [ths1_TriggerEnterSCRIPT < (02074E69)>]
[11/28/2012 - 01:32:59PM] PLAYER_TRIGGER_LEAVE [ths1_TriggerEnterSCRIPT < (02074E6A)>]
[11/28/2012 - 01:33:00PM] PLAYER_MOVE None
[11/28/2012 - 01:33:02PM] PLAYER_DIALOGUE [TIF__0106B447 <topic info 0206B447 on quest ths1_BarrianBookQuest (0204540C)>] NPC_SPEAKER [Actor < (020371D2)>]
[11/28/2012 - 01:33:15PM] PLAYER_ITEM_REMOVED [Form < (020371D7)>] [ObjectReference < (020371D9)>] "Book of Jokes" COUNT 1 CONTAINER [ObjectReference < (020371D2)>]
[11/28/2012 - 01:33:18PM] QUEST_STAGE_CHANGE [ths1_BBQScript <ths1_BarrianBookQuest (0204540C)>] "'What's That You're Reading, Barrian?'" 40
[11/28/2012 - 01:33:18PM] QUEST_COMPLETED [ths1_BBQScript <ths1_BarrianBookQuest (0204540C)>]  "'What's That You're Reading, Barrian?'"
[11/28/2012 - 01:33:28PM] PLAYER_MOVE Run
[11/28/2012 - 01:33:28PM] PLAYER_TRIGGER_ENTER [ths1_TriggerEnterSCRIPT < (02074E6B)>]
[11/28/2012 - 01:33:29PM] PLAYER_MOVE None
[11/28/2012 - 01:33:32PM] PLAYER_TRIGGER_LEAVE [ths1_TriggerEnterSCRIPT < (02074E6B)>]
[11/28/2012 - 01:33:33PM] PLAYER_MOVE Run
[11/28/2012 - 01:33:33PM] PLAYER_TRIGGER_ENTER [ths1_TriggerEnterSCRIPT < (02074E6A)>]
[11/28/2012 - 01:33:33PM] PLAYER_TRIGGER_ENTER [ths1_TriggerEnterSCRIPT < (02074E69)>]
[11/28/2012 - 01:33:33PM] PLAYER_TRIGGER_LEAVE [ths1_TriggerEnterSCRIPT < (02074E6A)>]
[11/28/2012 - 01:33:34PM] PLAYER_TRIGGER_LEAVE [ths1_TriggerEnterSCRIPT < (02074E69)>]
[11/28/2012 - 01:33:35PM] PLAYER_MOVE None
[11/28/2012 - 01:33:36PM] PLAYER_MOVE Run
[11/28/2012 - 01:33:40PM] PLAYER_MOVE None
[11/28/2012 - 01:33:42PM] PLAYER_CELL_CHANGE [Cell <Wilderness (02085D4C)>] ""
[11/28/2012 - 01:33:42PM] PLAYER_WORLDSPACE_CHANGE [WorldSpace <ths1_Town (02085D17)>] "Town"
[11/28/2012 - 01:33:44PM] PLAYER_TRIGGER_ENTER [ths1_TriggerEnterSCRIPT < (0208C7AA)>]
[11/28/2012 - 01:33:44PM] PLAYER_TRIGGER_LEAVE [ths1_TriggerEnterSCRIPT < (0208C7AA)>]
[11/28/2012 - 01:33:45PM] PLAYER_MOVE Run
[11/28/2012 - 01:33:45PM] PLAYER_TRIGGER_ENTER [ths1_TriggerEnterSCRIPT < (0208C7A8)>]
[11/28/2012 - 01:33:46PM] PLAYER_ACTOR_VIEW_GAIN [ObjectReference < (02089359)>] "Seamus"
[11/28/2012 - 01:33:47PM] PLAYER_ACTOR_VIEW_LOSS [ObjectReference < (02089359)>] "Seamus"
[11/28/2012 - 01:33:47PM] PLAYER_TRIGGER_LEAVE [ths1_TriggerEnterSCRIPT < (0208C7A8)>]
[11/28/2012 - 01:33:48PM] PLAYER_ACTOR_VIEW_GAIN [ObjectReference < (02089359)>] "Seamus"
[11/28/2012 - 01:33:50PM] PLAYER_CELL_CHANGE [Cell <Wilderness (02085D42)>] ""
[11/28/2012 - 01:33:50PM] PLAYER_ACTOR_VIEW_LOSS [ObjectReference < (02089359)>] "Seamus"
[11/28/2012 - 01:33:54PM] PLAYER_DISTANCE_ACTOR [ObjectReference < (02089359)>] "Seamus" 1375.534424
[11/28/2012 - 01:33:55PM] PLAYER_CELL_CHANGE [Cell <Wilderness (02085D34)>] ""
[11/28/2012 - 01:33:55PM] PLAYER_TRIGGER_ENTER [ths1_TriggerEnterSCRIPT < (0208C7A9)>]
[11/28/2012 - 01:33:57PM] PLAYER_TRIGGER_ENTER [ths1_TriggerEnterSCRIPT < (0208CD5A)>]
[11/28/2012 - 01:33:58PM] PLAYER_TRIGGER_LEAVE [ths1_TriggerEnterSCRIPT < (0208C7A9)>]
[11/28/2012 - 01:33:59PM] PLAYER_TRIGGER_LEAVE [ths1_TriggerEnterSCRIPT < (0208CD5A)>]
[11/28/2012 - 01:34:01PM] PLAYER_TRIGGER_ENTER [ths1_TriggerEnterSCRIPT < (0208C7A7)>]
[11/28/2012 - 01:34:03PM] PLAYER_CELL_CHANGE [Cell <Wilderness (02085D4C)>] ""
[11/28/2012 - 01:34:03PM] PLAYER_MOVE None
[11/28/2012 - 01:34:15PM] PLAYER_MOVE Run
[11/28/2012 - 01:34:16PM] PLAYER_TRIGGER_LEAVE [ths1_TriggerEnterSCRIPT < (0208C7A7)>]
[11/28/2012 - 01:34:20PM] PLAYER_TRIGGER_ENTER [ths1_TriggerEnterSCRIPT < (0208C7C0)>]
[11/28/2012 - 01:34:21PM] PLAYER_TRIGGER_LEAVE [ths1_TriggerEnterSCRIPT < (0208C7C0)>]
[11/28/2012 - 01:34:21PM] PLAYER_MOVE None
[11/28/2012 - 01:34:23PM] PLAYER_TRIGGER_ENTER [ths1_TriggerEnterSCRIPT < (020748BF)>]
[11/28/2012 - 01:34:24PM] PLAYER_CELL_CHANGE [Cell <ths1_MuseumInterior (02044D5A)>] "Bubbsey's Oddity Emporium"
[11/28/2012 - 01:34:25PM] PLAYER_MOVE Run
[11/28/2012 - 01:34:25PM] PLAYER_TRIGGER_ENTER [ths1_TriggerEnterSCRIPT < (020748C8)>]
[11/28/2012 - 01:34:25PM] PLAYER_TRIGGER_LEAVE [ths1_TriggerEnterSCRIPT < (020748BF)>]
[11/28/2012 - 01:34:26PM] PLAYER_TRIGGER_LEAVE [ths1_TriggerEnterSCRIPT < (020748C8)>]
[11/28/2012 - 01:34:27PM] PLAYER_DIALOGUE [TIF__01064239 <topic info 02064239 on quest ths1_CaptiveOrc (0201A9F8)>] NPC_SPEAKER [Actor < (02049751)>]
[11/28/2012 - 01:34:28PM] PLAYER_MOVE None
[11/28/2012 - 01:34:30PM] PLAYER_DIALOGUE [TIF__0103F01B <topic info 0203F01B on quest ths1_CaptiveOrc (0201A9F8)>] NPC_SPEAKER [Actor < (02049751)>]
[11/28/2012 - 01:34:31PM] QUEST_STAGE_CHANGE [ths1_CaptiveOrcQuestSCRIPT <ths1_CaptiveOrc (0201A9F8)>] "The Museum Attraction" 3
[11/28/2012 - 01:34:37PM] PLAYER_DIALOGUE [TIF__0103F01D <topic info 0203F01D on quest ths1_CaptiveOrc (0201A9F8)>] NPC_SPEAKER [Actor < (02049751)>]
[11/28/2012 - 01:34:48PM] PLAYER_MOVE Run
[11/28/2012 - 01:34:49PM] PLAYER_MOVE None
[11/28/2012 - 01:34:52PM] PLAYER_MOVE Run
[11/28/2012 - 01:34:53PM] PLAYER_TRIGGER_ENTER [ths1_TriggerEnterSCRIPT < (020748D4)>]
[11/28/2012 - 01:34:54PM] PLAYER_TRIGGER_LEAVE [ths1_TriggerEnterSCRIPT < (020748D4)>]
[11/28/2012 - 01:34:54PM] PLAYER_MOVE None
[11/28/2012 - 01:34:57PM] QUEST_STAGE_CHANGE [ths1_CaptiveOrcQuestSCRIPT <ths1_CaptiveOrc (0201A9F8)>] "The Museum Attraction" 5
[11/28/2012 - 01:34:58PM] ACTOR_DOOR_OPEN [Actor < (02049751)>] "Bubbsey" : [ths1_MuseumHiddenDoorSCRIPT <alias MuseumHiddenDoor on quest ths1_CaptiveOrc (0201A9F8)>] "MuseumHiddenDoor"
[11/28/2012 - 01:34:59PM] PLAYER_MOVE Run
[11/28/2012 - 01:35:00PM] PLAYER_MOVE None
[11/28/2012 - 01:35:03PM] PLAYER_MOVE Run
[11/28/2012 - 01:35:04PM] PLAYER_TRIGGER_ENTER [ths1_TriggerEnterSCRIPT < (020748D5)>]
[11/28/2012 - 01:35:04PM] PLAYER_TRIGGER_LEAVE [ths1_TriggerEnterSCRIPT < (020748D5)>]
[11/28/2012 - 01:35:06PM] PLAYER_TRIGGER_ENTER [ths1_NearOrcCageTrigScript <alias NearMuseumOrcCageTrigALIAS on quest ths1_CaptiveOrc (0201A9F8)>]
[11/28/2012 - 01:35:06PM] QUEST_STAGE_CHANGE [ths1_CaptiveOrcQuestSCRIPT <ths1_CaptiveOrc (0201A9F8)>] "The Museum Attraction" 10
[11/28/2012 - 01:35:06PM] PLAYER_MOVE None
[11/28/2012 - 01:35:16PM] PLAYER_DIALOGUE [TIF__0101A9FC <topic info 0201A9FC on quest ths1_CaptiveOrc (0201A9F8)>] NPC_SPEAKER [Actor < (020491E3)>]
[11/28/2012 - 01:35:21PM] PLAYER_DIALOGUE [TIF__0101AF69 <topic info 0201AF69 on quest ths1_CaptiveOrc (0201A9F8)>] NPC_SPEAKER [Actor < (020491E3)>]
[11/28/2012 - 01:35:25PM] PLAYER_DIALOGUE [TIF__010350CF <topic info 020350CF on quest ths1_CaptiveOrc (0201A9F8)>] NPC_SPEAKER [Actor < (020491E3)>]
[11/28/2012 - 01:35:30PM] PLAYER_DIALOGUE [TIF__010371A9 <topic info 020371A9 on quest ths1_CaptiveOrc (0201A9F8)>] NPC_SPEAKER [Actor < (020491E3)>]
[11/28/2012 - 01:35:37PM] PLAYER_DIALOGUE [TIF__010371A7 <topic info 020371A7 on quest ths1_CaptiveOrc (0201A9F8)>] NPC_SPEAKER [Actor < (020491E3)>]
[11/28/2012 - 01:35:44PM] PLAYER_MOVE Run
[11/28/2012 - 01:35:45PM] PLAYER_TRIGGER_ENTER [ths1_TriggerEnterSCRIPT < (020748D5)>]
[11/28/2012 - 01:35:46PM] PLAYER_TRIGGER_LEAVE [ths1_TriggerEnterSCRIPT < (020748D5)>]
[11/28/2012 - 01:35:47PM] PLAYER_TRIGGER_ENTER [ths1_TriggerEnterSCRIPT < (020748D4)>]
[11/28/2012 - 01:35:47PM] PLAYER_TRIGGER_LEAVE [ths1_TriggerEnterSCRIPT < (020748D4)>]
[11/28/2012 - 01:35:49PM] PLAYER_MOVE None
[11/28/2012 - 01:35:55PM] PLAYER_DIALOGUE [TIF__0106683D <topic info 0206683D on quest ths1_CaptiveOrc (0201A9F8)>] NPC_SPEAKER [Actor < (02049751)>]
[11/28/2012 - 01:35:59PM] PLAYER_MOVE Run
[11/28/2012 - 01:36:00PM] PLAYER_MOVE None
[11/28/2012 - 01:36:01PM] PLAYER_BOOK_READ [ths1_BookOfOrcsScript <alias OrcBook on quest ths1_CaptiveOrc (0201A9F8)>]
[11/28/2012 - 01:36:14PM] PLAYER_DIALOGUE [TIF__0103F01B <topic info 0203F01B on quest ths1_CaptiveOrc (0201A9F8)>] NPC_SPEAKER [Actor < (02049751)>]
[11/28/2012 - 01:36:25PM] PLAYER_DIALOGUE [TIF__0104C30C <topic info 0204C30C on quest ths1_CaptiveOrc (0201A9F8)>] NPC_SPEAKER [Actor < (02049751)>]
[11/28/2012 - 01:36:29PM] PLAYER_DIALOGUE [TIF__0104C30E <topic info 0204C30E on quest ths1_CaptiveOrc (0201A9F8)>] NPC_SPEAKER [Actor < (02049751)>]
[11/28/2012 - 01:36:37PM] PLAYER_DIALOGUE [TIF__01052C39 <topic info 02052C39 on quest ths1_CaptiveOrc (0201A9F8)>] NPC_SPEAKER [Actor < (02049751)>]
[11/28/2012 - 01:36:40PM] PLAYER_DIALOGUE [TIF__01052C3B <topic info 02052C3B on quest ths1_CaptiveOrc (0201A9F8)>] NPC_SPEAKER [Actor < (02049751)>]
[11/28/2012 - 01:36:44PM] PLAYER_DIALOGUE [TIF__0207227D <topic info 0207227D on quest ths1_CaptiveOrc (0201A9F8)>] NPC_SPEAKER [Actor < (02049751)>]
[11/28/2012 - 01:36:52PM] PLAYER_DIALOGUE [TIF__02072282 <topic info 02072282 on quest ths1_CaptiveOrc (0201A9F8)>] NPC_SPEAKER [Actor < (02049751)>]
[11/28/2012 - 01:37:00PM] PLAYER_ITEM_OBTAIN [Key < (0203563F)>] None "Orc Cage Key" COUNT 1 CONTAINER [Actor < (02049751)>]
[11/28/2012 - 01:37:00PM] PLAYER_ITEM_REMOVED [MiscObject < (0000000F)>] None "gold" COUNT 2140 CONTAINER [Actor < (02049751)>]
[11/28/2012 - 01:37:00PM] PLAYER_DIALOGUE [TIF__02072282 <topic info 02072282 on quest ths1_CaptiveOrc (0201A9F8)>] NPC_SPEAKER [Actor < (02049751)>]
[11/28/2012 - 01:37:06PM] PLAYER_DIALOGUE [TIF__01052C39 <topic info 02052C39 on quest ths1_CaptiveOrc (0201A9F8)>] NPC_SPEAKER [Actor < (02049751)>]
[11/28/2012 - 01:37:12PM] PLAYER_MOVE Run
[11/28/2012 - 01:37:13PM] PLAYER_MOVE None
[11/28/2012 - 01:37:14PM] PLAYER_TRIGGER_ENTER [ths1_TriggerEnterSCRIPT < (020748D4)>]
[11/28/2012 - 01:37:14PM] PLAYER_MOVE Run
[11/28/2012 - 01:37:15PM] PLAYER_TRIGGER_LEAVE [ths1_TriggerEnterSCRIPT < (020748D4)>]
[11/28/2012 - 01:37:15PM] PLAYER_TRIGGER_ENTER [ths1_TriggerEnterSCRIPT < (020748D5)>]
[11/28/2012 - 01:37:16PM] PLAYER_TRIGGER_LEAVE [ths1_TriggerEnterSCRIPT < (020748D5)>]
[11/28/2012 - 01:37:18PM] PLAYER_TRIGGER_ENTER [ths1_NearOrcCageTrigScript <alias NearMuseumOrcCageTrigALIAS on quest ths1_CaptiveOrc (0201A9F8)>]
[11/28/2012 - 01:37:19PM] PLAYER_MOVE None
[11/28/2012 - 01:37:23PM] QUEST_STAGE_CHANGE [ths1_CaptiveOrcQuestSCRIPT <ths1_CaptiveOrc (0201A9F8)>] "The Museum Attraction" 30
[11/28/2012 - 01:37:23PM] QUEST_COMPLETED [ths1_CaptiveOrcQuestSCRIPT <ths1_CaptiveOrc (0201A9F8)>] "The Museum Attraction"
[11/28/2012 - 01:37:23PM] PLAYER_MOVE Run
[11/28/2012 - 01:37:24PM] PLAYER_MOVE None
[11/28/2012 - 01:37:25PM] PLAYER_MOVE Run
[11/28/2012 - 01:37:26PM] PLAYER_MOVE None
[11/28/2012 - 01:37:26PM] PLAYER_DIALOGUE [TIF__02081BDF <topic info 02081BDF on quest ths1_CaptiveOrc (0201A9F8)>] NPC_SPEAKER [Actor < (020491E3)>]
[11/28/2012 - 01:37:26PM] PLAYER_DIALOGUE [TIF__02081BDF <topic info 02081BDF on quest ths1_CaptiveOrc (0201A9F8)>] NPC_SPEAKER [Actor < (020491E3)>]
[11/28/2012 - 01:37:28PM] QUEST_STAGE_CHANGE [ths1_CaptiveOrcQuestSCRIPT <ths1_CaptiveOrc (0201A9F8)>] "The Museum Attraction" 35
[11/28/2012 - 01:37:43PM] PLAYER_DIALOGUE [TIF__01063CCD <topic info 02063CCD on quest ths1_CaptiveOrc (0201A9F8)>] NPC_SPEAKER [Actor < (020491E3)>]
[11/28/2012 - 01:37:45PM] PLAYER_DIALOGUE [TIF__01068352 <topic info 02068352 on quest ths1_CaptiveOrc (0201A9F8)>] NPC_SPEAKER [Actor < (020491E3)>]
[11/28/2012 - 01:37:49PM] PLAYER_DIALOGUE [TIF__01068354 <topic info 02068354 on quest ths1_CaptiveOrc (0201A9F8)>] NPC_SPEAKER [Actor < (020491E3)>]
[11/28/2012 - 01:37:53PM] PLAYER_DIALOGUE [TIF__0207D376 <topic info 0207D376 on quest ths1_CaptiveOrc (0201A9F8)>] NPC_SPEAKER [Actor < (020491E3)>]
[11/28/2012 - 01:37:58PM] PLAYER_DIALOGUE [TIF__0207E988 <topic info 0207E988 on quest ths1_CaptiveOrc (0201A9F8)>] NPC_SPEAKER [Actor < (020491E3)>]
[11/28/2012 - 01:38:10PM] PLAYER_DIALOGUE [TIF__020727F4 <topic info 020727F4 on quest ths1_CaptiveOrc (0201A9F8)>] NPC_SPEAKER [Actor < (020491E3)>]
[11/28/2012 - 01:38:13PM] PLAYER_ITEM_REMOVED [Form < (00065C97)>] [ObjectReference < (020711E9)>] "Bread" COUNT 1 CONTAINER [ObjectReference < (020491E3)>]
[11/28/2012 - 01:38:14PM] PLAYER_ITEM_REMOVED [Form < (00064B2E)>] [ObjectReference < (020711CD)>] "Red Apple" COUNT 1 CONTAINER [ObjectReference < (020491E3)>]
[11/28/2012 - 01:38:15PM] PLAYER_ITEM_REMOVED [Form < (00064B2F)>] [ObjectReference < (020711CC)>] "Green Apple" COUNT 1 CONTAINER [ObjectReference < (020491E3)>]
[11/28/2012 - 01:38:19PM] PLAYER_DIALOGUE [TIF__020810CD <topic info 020810CD on quest ths1_CaptiveOrc (0201A9F8)>] NPC_SPEAKER [Actor < (020491E3)>]
[11/28/2012 - 01:38:24PM] PLAYER_DIALOGUE [TIF__0207D376 <topic info 0207D376 on quest ths1_CaptiveOrc (0201A9F8)>] NPC_SPEAKER [Actor < (020491E3)>]
[11/28/2012 - 01:38:30PM] PLAYER_DIALOGUE [TIF__02080B41 <topic info 02080B41 on quest ths1_CaptiveOrc (0201A9F8)>] NPC_SPEAKER [Actor < (020491E3)>]
[11/28/2012 - 01:38:42PM] PLAYER_ITEM_REMOVED [WEAPON < (0001397E)>] None "Iron Dagger" COUNT 1 CONTAINER [ObjectReference < (020491E3)>]
[11/28/2012 - 01:38:48PM] PLAYER_DIALOGUE [TIF__0207D378 <topic info 0207D378 on quest ths1_CaptiveOrc (0201A9F8)>] NPC_SPEAKER [Actor < (020491E3)>]
[11/28/2012 - 01:38:53PM] PLAYER_DIALOGUE [TIF__0207E986 <topic info 0207E986 on quest ths1_CaptiveOrc (0201A9F8)>] NPC_SPEAKER [Actor < (020491E3)>]
[11/28/2012 - 01:39:01PM] PLAYER_MOVE Run
[11/28/2012 - 01:39:02PM] PLAYER_TRIGGER_ENTER [ths1_TriggerEnterSCRIPT < (020748D5)>]
[11/28/2012 - 01:39:03PM] PLAYER_TRIGGER_LEAVE [ths1_TriggerEnterSCRIPT < (020748D5)>]
[11/28/2012 - 01:39:04PM] PLAYER_TRIGGER_ENTER [ths1_TriggerEnterSCRIPT < (020748D4)>]
[11/28/2012 - 01:39:05PM] PLAYER_TRIGGER_LEAVE [ths1_TriggerEnterSCRIPT < (020748D4)>]
[11/28/2012 - 01:39:06PM] PLAYER_MOVE None
[11/28/2012 - 01:39:09PM] PLAYER_DIALOGUE [TIF__0106683D <topic info 0206683D on quest ths1_CaptiveOrc (0201A9F8)>] NPC_SPEAKER [Actor < (02049751)>]
[11/28/2012 - 01:39:20PM] PLAYER_MOVE Run
[11/28/2012 - 01:39:21PM] PLAYER_MOVE None
[11/28/2012 - 01:39:21PM] PLAYER_TRIGGER_ENTER [ths1_TriggerEnterSCRIPT < (020748CD)>]
[11/28/2012 - 01:39:24PM] PLAYER_MOVE Run
[11/28/2012 - 01:39:24PM] PLAYER_TRIGGER_LEAVE [ths1_TriggerEnterSCRIPT < (020748CD)>]
[11/28/2012 - 01:39:25PM] PLAYER_MOVE None
[11/28/2012 - 01:39:27PM] PLAYER_MOVE Run
[11/28/2012 - 01:39:28PM] PLAYER_MOVE None
[11/28/2012 - 01:39:31PM] PLAYER_MOVE Run
[11/28/2012 - 01:39:32PM] PLAYER_MOVE None
[11/28/2012 - 01:39:54PM] PLAYER_MOVE Run
[11/28/2012 - 01:39:55PM] PLAYER_MOVE None
[11/28/2012 - 01:40:03PM] PLAYER_MOVE Run
[11/28/2012 - 01:40:05PM] PLAYER_MOVE None
[11/28/2012 - 01:40:09PM] PLAYER_MOVE Run
[11/28/2012 - 01:40:10PM] PLAYER_TRIGGER_ENTER [ths1_TriggerEnterSCRIPT < (020748CC)>]
[11/28/2012 - 01:40:10PM] PLAYER_TRIGGER_LEAVE [ths1_TriggerEnterSCRIPT < (020748CC)>]
[11/28/2012 - 01:40:10PM] PLAYER_MOVE None
[11/28/2012 - 01:40:11PM] PLAYER_MOVE Run
[11/28/2012 - 01:40:12PM] PLAYER_TRIGGER_ENTER [ths1_TriggerEnterSCRIPT < (020748BF)>]
[11/28/2012 - 01:40:13PM] PLAYER_MOVE None
[11/28/2012 - 01:40:15PM] PLAYER_TRIGGER_ENTER [ths1_TriggerEnterSCRIPT < (0208C7C0)>]
[11/28/2012 - 01:40:15PM] PLAYER_TRIGGER_LEAVE [ths1_TriggerEnterSCRIPT < (020748BF)>]
[11/28/2012 - 01:40:15PM] PLAYER_CELL_CHANGE [Cell <Wilderness (02085D4C)>] ""
[11/28/2012 - 01:40:15PM] PLAYER_WORLDSPACE_CHANGE [WorldSpace <ths1_Town (02085D17)>] "Town"
[11/28/2012 - 01:40:16PM] PLAYER_MOVE Run
[11/28/2012 - 01:40:17PM] PLAYER_TRIGGER_LEAVE [ths1_TriggerEnterSCRIPT < (0208C7C0)>]
[11/28/2012 - 01:40:17PM] PLAYER_ACTOR_VIEW_GAIN [ObjectReference < (02089359)>] "Seamus"
[11/28/2012 - 01:40:18PM] PLAYER_ACTOR_VIEW_LOSS [ObjectReference < (02089359)>] "Seamus"
[11/28/2012 - 01:40:23PM] PLAYER_CELL_CHANGE [Cell <Wilderness (02085D34)>] ""
[11/28/2012 - 01:40:24PM] PLAYER_ACTOR_VIEW_GAIN [ObjectReference < (02089359)>] "Seamus"
[11/28/2012 - 01:40:25PM] PLAYER_TRIGGER_ENTER [ths1_TriggerEnterSCRIPT < (0208C7A7)>]
[11/28/2012 - 01:40:25PM] PLAYER_TRIGGER_LEAVE [ths1_TriggerEnterSCRIPT < (0208C7A7)>]
[11/28/2012 - 01:40:27PM] PLAYER_TRIGGER_ENTER [ths1_TriggerEnterSCRIPT < (0208C7A9)>]
[11/28/2012 - 01:40:29PM] PLAYER_TRIGGER_LEAVE [ths1_TriggerEnterSCRIPT < (0208C7A9)>]
[11/28/2012 - 01:40:30PM] PLAYER_CELL_CHANGE [Cell <Wilderness (02085D44)>] ""
[11/28/2012 - 01:40:30PM] PLAYER_DISTANCE_ACTOR [ObjectReference < (02089359)>] "Seamus" 1087.665649
[11/28/2012 - 01:40:31PM] PLAYER_DISTANCE_ACTOR [ObjectReference < (02089359)>] "Seamus" 767.364258
[11/28/2012 - 01:40:32PM] PLAYER_DISTANCE_ACTOR [ObjectReference < (02089359)>] "Seamus" 415.109131
[11/28/2012 - 01:40:33PM] PLAYER_DISTANCE_ACTOR [ObjectReference < (02089359)>] "Seamus" 96.723694
[11/28/2012 - 01:40:34PM] PLAYER_MOVE None
[11/28/2012 - 01:40:34PM] PLAYER_DISTANCE_ACTOR [ObjectReference < (02089359)>] "Seamus" 96.723694
[11/28/2012 - 01:40:35PM] PLAYER_DISTANCE_ACTOR [ObjectReference < (02089359)>] "Seamus" 96.723694
[11/28/2012 - 01:40:36PM] PLAYER_DIALOGUE [TIF__01013D2B <topic info 02013D2B on quest ths1_MissingDog (02009344)>] NPC_SPEAKER [Actor < (02089359)>]
[11/28/2012 - 01:40:36PM] PLAYER_DISTANCE_ACTOR [ObjectReference < (02089359)>] "Seamus" 96.723694
[11/28/2012 - 01:40:37PM] PLAYER_DISTANCE_ACTOR [ObjectReference < (02089359)>] "Seamus" 96.723694
[11/28/2012 - 01:40:37PM] QUEST_STAGE_CHANGE [ths1_MDQScript <ths1_MissingDog (02009344)>] "Missing Dog" 5
[11/28/2012 - 01:40:38PM] PLAYER_DISTANCE_ACTOR [ObjectReference < (02089359)>] "Seamus" 96.723694
[11/28/2012 - 01:40:39PM] PLAYER_DISTANCE_ACTOR [ObjectReference < (02089359)>] "Seamus" 96.723694
[11/28/2012 - 01:40:39PM] PLAYER_DIALOGUE [TIF__0100A949 <topic info 0200A949 on quest ths1_MissingDog (02009344)>] NPC_SPEAKER [Actor < (02089359)>]
[11/28/2012 - 01:40:40PM] PLAYER_DISTANCE_ACTOR [ObjectReference < (02089359)>] "Seamus" 96.723694
[11/28/2012 - 01:40:41PM] PLAYER_DISTANCE_ACTOR [ObjectReference < (02089359)>] "Seamus" 96.723694
[11/28/2012 - 01:40:42PM] PLAYER_DISTANCE_ACTOR [ObjectReference < (02089359)>] "Seamus" 96.723694
[11/28/2012 - 01:40:43PM] PLAYER_DIALOGUE [TIF__01063CC2 <topic info 02063CC2 on quest ths1_MissingDog (02009344)>] NPC_SPEAKER [Actor < (02089359)>]
[11/28/2012 - 01:40:43PM] PLAYER_DISTANCE_ACTOR [ObjectReference < (02089359)>] "Seamus" 96.723694
[11/28/2012 - 01:40:44PM] PLAYER_DISTANCE_ACTOR [ObjectReference < (02089359)>] "Seamus" 96.723694
[11/28/2012 - 01:40:45PM] PLAYER_DISTANCE_ACTOR [ObjectReference < (02089359)>] "Seamus" 96.723694
[11/28/2012 - 01:40:46PM] PLAYER_DISTANCE_ACTOR [ObjectReference < (02089359)>] "Seamus" 96.723694
[11/28/2012 - 01:40:46PM] PLAYER_DIALOGUE [TIF__0100DBAF <topic info 0200DBAF on quest ths1_MissingDog (02009344)>] NPC_SPEAKER [Actor < (02089359)>]
[11/28/2012 - 01:40:47PM] PLAYER_DISTANCE_ACTOR [ObjectReference < (02089359)>] "Seamus" 96.723694
[11/28/2012 - 01:40:48PM] PLAYER_DISTANCE_ACTOR [ObjectReference < (02089359)>] "Seamus" 96.723694
[11/28/2012 - 01:40:49PM] PLAYER_DISTANCE_ACTOR [ObjectReference < (02089359)>] "Seamus" 97.435760
[11/28/2012 - 01:40:50PM] ACTOR_PACKAGE_START [ths1_MDQSeamusAliasSCRIPT <alias Seamus on quest ths1_MissingDog (02009344)>] "Seamus" : "[PF_ths1_SeamusFollowerPackag_0201C01E < (0201C01E)>]"
[11/28/2012 - 01:40:50PM] QUEST_STAGE_CHANGE [ths1_MDQScript <ths1_MissingDog (02009344)>] "Missing Dog" 10
[11/28/2012 - 01:40:50PM] PLAYER_MOVE Run
[11/28/2012 - 01:40:50PM] PLAYER_ACTOR_VIEW_LOSS [ObjectReference < (02089359)>] "Seamus"
[11/28/2012 - 01:40:50PM] PLAYER_TRIGGER_ENTER [ths1_TriggerEnterSCRIPT < (0208C7A1)>]
[11/28/2012 - 01:40:51PM] PLAYER_DISTANCE_ACTOR [ObjectReference < (02089359)>] "Seamus" 181.406113
[11/28/2012 - 01:40:51PM] PLAYER_TRIGGER_LEAVE [ths1_TriggerEnterSCRIPT < (0208C7A1)>]
[11/28/2012 - 01:40:51PM] PLAYER_MOVE None
[11/28/2012 - 01:40:51PM] PLAYER_DISTANCE_ACTOR [ObjectReference < (02089359)>] "Seamus" 439.825989
[11/28/2012 - 01:40:52PM] PLAYER_DISTANCE_ACTOR [ObjectReference < (02089359)>] "Seamus" 442.343292
[11/28/2012 - 01:40:55PM] PLAYER_CELL_CHANGE [Cell <ths1_IsaanHouse (0207113A)>] "Isaan's House"
[11/28/2012 - 01:40:55PM] ACTOR_MOVE_TO_PLAYER [ObjectReference < (02089359)>] "Seamus"
[11/28/2012 - 01:40:55PM] PLAYER_ACTOR_VIEW_GAIN [ObjectReference < (02089359)>] "Seamus"
[11/28/2012 - 01:40:56PM] PLAYER_DISTANCE_ACTOR [ObjectReference < (02089359)>] "Seamus" 88.155441
[11/28/2012 - 01:40:56PM] PLAYER_ACTOR_VIEW_LOSS [ObjectReference < (02089359)>] "Seamus"
[11/28/2012 - 01:40:56PM] PLAYER_DISTANCE_ACTOR [ObjectReference < (02089359)>] "Seamus" 63.512817
[11/28/2012 - 01:40:57PM] PLAYER_DISTANCE_ACTOR [ObjectReference < (02089359)>] "Seamus" 63.512817
[11/28/2012 - 01:40:58PM] PLAYER_DISTANCE_ACTOR [ObjectReference < (02089359)>] "Seamus" 63.512817
[11/28/2012 - 01:40:59PM] PLAYER_DIALOGUE [TIF__01063755 <topic info 02063755 on quest ths1_MissingDog (02009344)>] NPC_SPEAKER [Actor < (02071D11)>]
[11/28/2012 - 01:40:59PM] PLAYER_DISTANCE_ACTOR [ObjectReference < (02089359)>] "Seamus" 63.512817
[11/28/2012 - 01:41:00PM] PLAYER_DISTANCE_ACTOR [ObjectReference < (02089359)>] "Seamus" 63.512817
[11/28/2012 - 01:41:01PM] PLAYER_DISTANCE_ACTOR [ObjectReference < (02089359)>] "Seamus" 63.512817
[11/28/2012 - 01:41:02PM] PLAYER_DIALOGUE [TIF__0101430C <topic info 0201430C on quest ths1_MissingDog (02009344)>] NPC_SPEAKER [Actor < (02071D11)>]
[11/28/2012 - 01:41:02PM] PLAYER_DISTANCE_ACTOR [ObjectReference < (02089359)>] "Seamus" 63.512817
[11/28/2012 - 01:41:03PM] PLAYER_DISTANCE_ACTOR [ObjectReference < (02089359)>] "Seamus" 63.512817
[11/28/2012 - 01:41:04PM] PLAYER_DISTANCE_ACTOR [ObjectReference < (02089359)>] "Seamus" 63.512817
[11/28/2012 - 01:41:05PM] PLAYER_DISTANCE_ACTOR [ObjectReference < (02089359)>] "Seamus" 63.512817
[11/28/2012 - 01:41:06PM] PLAYER_DISTANCE_ACTOR [ObjectReference < (02089359)>] "Seamus" 63.512817
[11/28/2012 - 01:41:07PM] PLAYER_DISTANCE_ACTOR [ObjectReference < (02089359)>] "Seamus" 63.512817
[11/28/2012 - 01:41:08PM] PLAYER_DISTANCE_ACTOR [ObjectReference < (02089359)>] "Seamus" 63.512817
[11/28/2012 - 01:41:09PM] PLAYER_DIALOGUE [TIF__01063757 <topic info 02063757 on quest ths1_MissingDog (02009344)>] NPC_SPEAKER [Actor < (02071D11)>]
[11/28/2012 - 01:41:09PM] PLAYER_DISTANCE_ACTOR [ObjectReference < (02089359)>] "Seamus" 63.512817
[11/28/2012 - 01:41:10PM] PLAYER_DISTANCE_ACTOR [ObjectReference < (02089359)>] "Seamus" 63.512817
[11/28/2012 - 01:41:11PM] PLAYER_DISTANCE_ACTOR [ObjectReference < (02089359)>] "Seamus" 63.512817
[11/28/2012 - 01:41:12PM] PLAYER_DISTANCE_ACTOR [ObjectReference < (02089359)>] "Seamus" 63.512817
[11/28/2012 - 01:41:13PM] PLAYER_DISTANCE_ACTOR [ObjectReference < (02089359)>] "Seamus" 63.512817
[11/28/2012 - 01:41:14PM] PLAYER_DISTANCE_ACTOR [ObjectReference < (02089359)>] "Seamus" 63.512817
[11/28/2012 - 01:41:15PM] PLAYER_DIALOGUE [TIF__010098E9 <topic info 020098E9 on quest ths1_MissingDog (02009344)>] NPC_SPEAKER [Actor < (02071D11)>]
[11/28/2012 - 01:41:15PM] PLAYER_DISTANCE_ACTOR [ObjectReference < (02089359)>] "Seamus" 63.512817
[11/28/2012 - 01:41:16PM] PLAYER_DISTANCE_ACTOR [ObjectReference < (02089359)>] "Seamus" 63.512817
[11/28/2012 - 01:41:17PM] PLAYER_DISTANCE_ACTOR [ObjectReference < (02089359)>] "Seamus" 63.512817
[11/28/2012 - 01:41:18PM] PLAYER_DISTANCE_ACTOR [ObjectReference < (02089359)>] "Seamus" 63.512817
[11/28/2012 - 01:41:18PM] PLAYER_DIALOGUE [TIF__0101430C <topic info 0201430C on quest ths1_MissingDog (02009344)>] NPC_SPEAKER [Actor < (02071D11)>]
[11/28/2012 - 01:41:19PM] PLAYER_DISTANCE_ACTOR [ObjectReference < (02089359)>] "Seamus" 63.512817
[11/28/2012 - 01:41:20PM] PLAYER_DISTANCE_ACTOR [ObjectReference < (02089359)>] "Seamus" 63.512817
[11/28/2012 - 01:41:21PM] PLAYER_DISTANCE_ACTOR [ObjectReference < (02089359)>] "Seamus" 63.512817
[11/28/2012 - 01:41:22PM] PLAYER_DISTANCE_ACTOR [ObjectReference < (02089359)>] "Seamus" 63.512817
[11/28/2012 - 01:41:23PM] PLAYER_DIALOGUE [TIF__0101651B <topic info 0201651B on quest ths1_MissingDog (02009344)>] NPC_SPEAKER [Actor < (02071D11)>]
[11/28/2012 - 01:41:23PM] PLAYER_DISTANCE_ACTOR [ObjectReference < (02089359)>] "Seamus" 63.512817
[11/28/2012 - 01:41:24PM] PLAYER_DISTANCE_ACTOR [ObjectReference < (02089359)>] "Seamus" 63.512817
[11/28/2012 - 01:41:25PM] PLAYER_DISTANCE_ACTOR [ObjectReference < (02089359)>] "Seamus" 63.512817
[11/28/2012 - 01:41:26PM] PLAYER_DIALOGUE [TIF__0101651D <topic info 0201651D on quest ths1_MissingDog (02009344)>] NPC_SPEAKER [Actor < (02071D11)>]
[11/28/2012 - 01:41:26PM] PLAYER_DISTANCE_ACTOR [ObjectReference < (02089359)>] "Seamus" 63.512817
[11/28/2012 - 01:41:27PM] PLAYER_DISTANCE_ACTOR [ObjectReference < (02089359)>] "Seamus" 63.512817
[11/28/2012 - 01:41:28PM] PLAYER_DISTANCE_ACTOR [ObjectReference < (02089359)>] "Seamus" 63.512817
[11/28/2012 - 01:41:29PM] PLAYER_DISTANCE_ACTOR [ObjectReference < (02089359)>] "Seamus" 63.512817
[11/28/2012 - 01:41:30PM] PLAYER_DIALOGUE [TIF__0101651F <topic info 0201651F on quest ths1_MissingDog (02009344)>] NPC_SPEAKER [Actor < (02071D11)>]
[11/28/2012 - 01:41:30PM] PLAYER_DISTANCE_ACTOR [ObjectReference < (02089359)>] "Seamus" 63.512817
[11/28/2012 - 01:41:31PM] PLAYER_DISTANCE_ACTOR [ObjectReference < (02089359)>] "Seamus" 63.512817
[11/28/2012 - 01:41:32PM] PLAYER_DISTANCE_ACTOR [ObjectReference < (02089359)>] "Seamus" 63.512817
[11/28/2012 - 01:41:33PM] PLAYER_DISTANCE_ACTOR [ObjectReference < (02089359)>] "Seamus" 63.512817
[11/28/2012 - 01:41:34PM] PLAYER_DISTANCE_ACTOR [ObjectReference < (02089359)>] "Seamus" 63.512817
[11/28/2012 - 01:41:35PM] PLAYER_DISTANCE_ACTOR [ObjectReference < (02089359)>] "Seamus" 63.512817
[11/28/2012 - 01:41:36PM] PLAYER_DISTANCE_ACTOR [ObjectReference < (02089359)>] "Seamus" 63.512817
[11/28/2012 - 01:41:36PM] PLAYER_DIALOGUE [TIF__010626F8 <topic info 020626F8 on quest ths1_MissingDog (02009344)>] NPC_SPEAKER [Actor < (02071D11)>]
[11/28/2012 - 01:41:37PM] PLAYER_DISTANCE_ACTOR [ObjectReference < (02089359)>] "Seamus" 63.512817
[11/28/2012 - 01:41:38PM] PLAYER_DISTANCE_ACTOR [ObjectReference < (02089359)>] "Seamus" 63.512817
[11/28/2012 - 01:41:39PM] PLAYER_DISTANCE_ACTOR [ObjectReference < (02089359)>] "Seamus" 63.512817
[11/28/2012 - 01:41:40PM] PLAYER_ACTOR_VIEW_GAIN [ObjectReference < (02089359)>] "Seamus"
[11/28/2012 - 01:41:40PM] PLAYER_DISTANCE_ACTOR [ObjectReference < (02089359)>] "Seamus" 63.489681
[11/28/2012 - 01:41:41PM] PLAYER_DISTANCE_ACTOR [ObjectReference < (02089359)>] "Seamus" 64.839096
[11/28/2012 - 01:41:42PM] PLAYER_DISTANCE_ACTOR [ObjectReference < (02089359)>] "Seamus" 44.651012
[11/28/2012 - 01:41:43PM] PLAYER_MOVE Run
[11/28/2012 - 01:41:43PM] PLAYER_ACTOR_VIEW_LOSS [ObjectReference < (02089359)>] "Seamus"
[11/28/2012 - 01:41:43PM] PLAYER_DISTANCE_ACTOR [ObjectReference < (02089359)>] "Seamus" 167.485031
[11/28/2012 - 01:41:44PM] PLAYER_MOVE None
[11/28/2012 - 01:41:44PM] PLAYER_DISTANCE_ACTOR [ObjectReference < (02089359)>] "Seamus" 148.511200
[11/28/2012 - 01:41:45PM] PLAYER_DISTANCE_ACTOR [ObjectReference < (02089359)>] "Seamus" 130.368500
[11/28/2012 - 01:41:46PM] PLAYER_DISTANCE_ACTOR [ObjectReference < (02089359)>] "Seamus" 90.004349
[11/28/2012 - 01:41:47PM] PLAYER_ACTOR_VIEW_GAIN [ObjectReference < (02089359)>] "Seamus"
[11/28/2012 - 01:41:47PM] PLAYER_DISTANCE_ACTOR [ObjectReference < (02089359)>] "Seamus" 62.512966
[11/28/2012 - 01:41:48PM] PLAYER_MOVE Run
[11/28/2012 - 01:41:48PM] PLAYER_DISTANCE_ACTOR [ObjectReference < (02089359)>] "Seamus" 139.770279
[11/28/2012 - 01:41:49PM] PLAYER_MOVE None
[11/28/2012 - 01:41:49PM] PLAYER_DISTANCE_ACTOR [ObjectReference < (02089359)>] "Seamus" 168.188538
[11/28/2012 - 01:41:50PM] PLAYER_ACTOR_VIEW_LOSS [ObjectReference < (02089359)>] "Seamus"
[11/28/2012 - 01:41:50PM] PLAYER_DISTANCE_ACTOR [ObjectReference < (02089359)>] "Seamus" 145.617249
[11/28/2012 - 01:41:51PM] PLAYER_MOVE Run
[11/28/2012 - 01:41:51PM] PLAYER_DISTANCE_ACTOR [ObjectReference < (02089359)>] "Seamus" 418.358765
[11/28/2012 - 01:41:52PM] PLAYER_DISTANCE_ACTOR [ObjectReference < (02089359)>] "Seamus" 417.125854
[11/28/2012 - 01:41:53PM] PLAYER_DISTANCE_ACTOR [ObjectReference < (02089359)>] "Seamus" 369.023987
[11/28/2012 - 01:41:54PM] PLAYER_MOVE None
[11/28/2012 - 01:41:54PM] PLAYER_DISTANCE_ACTOR [ObjectReference < (02089359)>] "Seamus" 405.628845
[11/28/2012 - 01:41:55PM] PLAYER_MOVE Run
[11/28/2012 - 01:41:55PM] PLAYER_DISTANCE_ACTOR [ObjectReference < (02089359)>] "Seamus" 659.372803
[11/28/2012 - 01:41:56PM] PLAYER_TRIGGER_ENTER [ths1_TriggerEnterSCRIPT < (02074E5C)>]
[11/28/2012 - 01:41:56PM] PLAYER_MOVE None
[11/28/2012 - 01:41:56PM] PLAYER_DISTANCE_ACTOR [ObjectReference < (02089359)>] "Seamus" 667.390198
[11/28/2012 - 01:41:57PM] PLAYER_ITEM_OBTAIN [Form < (00013911)>] [ObjectReference < (0207117C)>] "Hide Armor" COUNT 1 CONTAINER None
[11/28/2012 - 01:41:57PM] PLAYER_DISTANCE_ACTOR [ObjectReference < (02089359)>] "Seamus" 654.630005
[11/28/2012 - 01:41:58PM] PLAYER_ACTOR_VIEW_GAIN [ObjectReference < (02089359)>] "Seamus"
[11/28/2012 - 01:41:58PM] PLAYER_DISTANCE_ACTOR [ObjectReference < (02089359)>] "Seamus" 654.627808
[11/28/2012 - 01:41:59PM] PLAYER_MOVE Run
[11/28/2012 - 01:41:59PM] PLAYER_TRIGGER_LEAVE [ths1_TriggerEnterSCRIPT < (02074E5C)>]
[11/28/2012 - 01:41:59PM] PLAYER_DISTANCE_ACTOR [ObjectReference < (02089359)>] "Seamus" 552.554199
[11/28/2012 - 01:42:00PM] PLAYER_MOVE None
[11/28/2012 - 01:42:00PM] PLAYER_DISTANCE_ACTOR [ObjectReference < (02089359)>] "Seamus" 486.980988
[11/28/2012 - 01:42:01PM] PLAYER_ACTOR_VIEW_LOSS [ObjectReference < (02089359)>] "Seamus"
[11/28/2012 - 01:42:01PM] PLAYER_DISTANCE_ACTOR [ObjectReference < (02089359)>] "Seamus" 486.980988
[11/28/2012 - 01:42:02PM] PLAYER_DISTANCE_ACTOR [ObjectReference < (02089359)>] "Seamus" 486.980988
[11/28/2012 - 01:42:03PM] PLAYER_ACTOR_VIEW_GAIN [ObjectReference < (02089359)>] "Seamus"
[11/28/2012 - 01:42:03PM] PLAYER_DISTANCE_ACTOR [ObjectReference < (02089359)>] "Seamus" 486.977966
[11/28/2012 - 01:42:04PM] PLAYER_MOVE Run
[11/28/2012 - 01:42:04PM] PLAYER_ACTOR_VIEW_LOSS [ObjectReference < (02089359)>] "Seamus"
[11/28/2012 - 01:42:04PM] PLAYER_DISTANCE_ACTOR [ObjectReference < (02089359)>] "Seamus" 311.052612
[11/28/2012 - 01:42:05PM] PLAYER_DISTANCE_ACTOR [ObjectReference < (02089359)>] "Seamus" 43.696793
[11/28/2012 - 01:42:06PM] PLAYER_DISTANCE_ACTOR [ObjectReference < (02089359)>] "Seamus" 366.645935
[11/28/2012 - 01:42:07PM] PLAYER_MOVE None
[11/28/2012 - 01:42:07PM] PLAYER_DISTANCE_ACTOR [ObjectReference < (02089359)>] "Seamus" 351.474731
[11/28/2012 - 01:42:08PM] PLAYER_MOVE Run
[11/28/2012 - 01:42:08PM] PLAYER_DISTANCE_ACTOR [ObjectReference < (02089359)>] "Seamus" 215.165543
[11/28/2012 - 01:42:09PM] PLAYER_DISTANCE_ACTOR [ObjectReference < (02089359)>] "Seamus" 401.854828
[11/28/2012 - 01:42:10PM] PLAYER_DISTANCE_ACTOR [ObjectReference < (02089359)>] "Seamus" 480.891388
[11/28/2012 - 01:42:11PM] PLAYER_TRIGGER_ENTER [ths1_TriggerEnterSCRIPT < (02074E5A)>]
[11/28/2012 - 01:42:11PM] PLAYER_DISTANCE_ACTOR [ObjectReference < (02089359)>] "Seamus" 686.948792
[11/28/2012 - 01:42:12PM] PLAYER_MOVE None
[11/28/2012 - 01:42:12PM] PLAYER_DISTANCE_ACTOR [ObjectReference < (02089359)>] "Seamus" 676.490356
[11/28/2012 - 01:42:13PM] PLAYER_DISTANCE_ACTOR [ObjectReference < (02089359)>] "Seamus" 670.610413
[11/28/2012 - 01:42:14PM] PLAYER_TRIGGER_LEAVE [ths1_TriggerEnterSCRIPT < (02074E5A)>]
[11/28/2012 - 01:42:14PM] PLAYER_MOVE Run
[11/28/2012 - 01:42:14PM] PLAYER_DISTANCE_ACTOR [ObjectReference < (02089359)>] "Seamus" 471.554871
[11/28/2012 - 01:42:15PM] PLAYER_MOVE None
[11/28/2012 - 01:42:15PM] PLAYER_DISTANCE_ACTOR [ObjectReference < (02089359)>] "Seamus" 412.020081
[11/28/2012 - 01:42:17PM] PLAYER_CELL_CHANGE [Cell <Wilderness (02085D44)>] ""
[11/28/2012 - 01:42:17PM] ACTOR_MOVE_TO_PLAYER [ObjectReference < (02089359)>] "Seamus"
[11/28/2012 - 01:42:17PM] PLAYER_WORLDSPACE_CHANGE [WorldSpace <ths1_Town (02085D17)>] "Town"
[11/28/2012 - 01:42:17PM] PLAYER_ACTOR_VIEW_GAIN [ObjectReference < (02089359)>] "Seamus"
[11/28/2012 - 01:42:18PM] PLAYER_TRIGGER_ENTER [ths1_TriggerEnterSCRIPT < (0208C7A1)>]
[11/28/2012 - 01:42:18PM] PLAYER_DISTANCE_ACTOR [ObjectReference < (02089359)>] "Seamus" 50.697128
[11/28/2012 - 01:42:18PM] PLAYER_MOVE Run
[11/28/2012 - 01:42:18PM] PLAYER_TRIGGER_LEAVE [ths1_TriggerEnterSCRIPT < (0208C7A1)>]
[11/28/2012 - 01:42:18PM] PLAYER_ACTOR_VIEW_LOSS [ObjectReference < (02089359)>] "Seamus"
[11/28/2012 - 01:42:18PM] PLAYER_DISTANCE_ACTOR [ObjectReference < (02089359)>] "Seamus" 293.171539
[11/28/2012 - 01:42:19PM] PLAYER_DISTANCE_ACTOR [ObjectReference < (02089359)>] "Seamus" 586.101685
[11/28/2012 - 01:42:20PM] PLAYER_ACTOR_VIEW_GAIN [ObjectReference < (02089359)>] "Seamus"
[11/28/2012 - 01:42:20PM] PLAYER_DISTANCE_ACTOR [ObjectReference < (02089359)>] "Seamus" 797.882813
[11/28/2012 - 01:42:21PM] PLAYER_MOVE None
[11/28/2012 - 01:42:21PM] PLAYER_DISTANCE_ACTOR [ObjectReference < (02089359)>] "Seamus" 649.421265
[11/28/2012 - 01:42:22PM] PLAYER_MOVE Run
[11/28/2012 - 01:42:22PM] PLAYER_DISTANCE_ACTOR [ObjectReference < (02089359)>] "Seamus" 234.565002
[11/28/2012 - 01:42:23PM] PLAYER_MOVE None
[11/28/2012 - 01:42:23PM] PLAYER_DISTANCE_ACTOR [ObjectReference < (02089359)>] "Seamus" 43.864750
[11/28/2012 - 01:42:24PM] PLAYER_DISTANCE_ACTOR [ObjectReference < (02089359)>] "Seamus" 50.762852
[11/28/2012 - 01:42:25PM] PLAYER_DISTANCE_ACTOR [ObjectReference < (02089359)>] "Seamus" 50.762852
[11/28/2012 - 01:42:26PM] PLAYER_DISTANCE_ACTOR [ObjectReference < (02089359)>] "Seamus" 50.762852
[11/28/2012 - 01:42:27PM] PLAYER_DISTANCE_ACTOR [ObjectReference < (02089359)>] "Seamus" 50.762852
[11/28/2012 - 01:42:28PM] PLAYER_DISTANCE_ACTOR [ObjectReference < (02089359)>] "Seamus" 50.762852
[11/28/2012 - 01:42:29PM] PLAYER_DIALOGUE [TIF__01068350 <topic info 02068350 on quest ths1_MissingDog (02009344)>] NPC_SPEAKER [Actor < (02089359)>]
[11/28/2012 - 01:42:29PM] PLAYER_DISTANCE_ACTOR [ObjectReference < (02089359)>] "Seamus" 50.762852
[11/28/2012 - 01:42:30PM] PLAYER_DISTANCE_ACTOR [ObjectReference < (02089359)>] "Seamus" 50.762852
[11/28/2012 - 01:42:31PM] PLAYER_DISTANCE_ACTOR [ObjectReference < (02089359)>] "Seamus" 50.762848
[11/28/2012 - 01:42:39PM] PLAYER_ITEM_REMOVED [WEAPON < (00012EB7)>] None "Iron Sword" COUNT 1 CONTAINER [ObjectReference < (02089359)>]
[11/28/2012 - 01:42:42PM] PLAYER_DISTANCE_ACTOR [ObjectReference < (02089359)>] "Seamus" 50.762852
[11/28/2012 - 01:42:43PM] PLAYER_DISTANCE_ACTOR [ObjectReference < (02089359)>] "Seamus" 50.762852
[11/28/2012 - 01:42:44PM] PLAYER_DISTANCE_ACTOR [ObjectReference < (02089359)>] "Seamus" 50.762852
[11/28/2012 - 01:42:44PM] PLAYER_MOVE Run
[11/28/2012 - 01:42:45PM] PLAYER_ACTOR_VIEW_LOSS [ObjectReference < (02089359)>] "Seamus"
[11/28/2012 - 01:42:45PM] PLAYER_DISTANCE_ACTOR [ObjectReference < (02089359)>] "Seamus" 131.482681
[11/28/2012 - 01:42:46PM] PLAYER_DISTANCE_ACTOR [ObjectReference < (02089359)>] "Seamus" 445.751221
[11/28/2012 - 01:42:47PM] PLAYER_DISTANCE_ACTOR [ObjectReference < (02089359)>] "Seamus" 714.388367
[11/28/2012 - 01:42:48PM] PLAYER_DISTANCE_ACTOR [ObjectReference < (02089359)>] "Seamus" 894.919067
[11/28/2012 - 01:42:49PM] PLAYER_CELL_CHANGE [Cell <Wilderness (02085D42)>] ""
[11/28/2012 - 01:42:54PM] PLAYER_CELL_CHANGE [Cell <Wilderness (02085D4C)>] ""
[11/28/2012 - 01:42:55PM] PLAYER_TRIGGER_ENTER [ths1_TriggerEnterSCRIPT < (0208C7A8)>]
[11/28/2012 - 01:42:58PM] PLAYER_TRIGGER_LEAVE [ths1_TriggerEnterSCRIPT < (0208C7A8)>]
[11/28/2012 - 01:43:05PM] PLAYER_TRIGGER_ENTER [ths1_TriggerEnterSCRIPT < (0208C7C0)>]
[11/28/2012 - 01:43:06PM] PLAYER_MOVE None
[11/28/2012 - 01:43:08PM] PLAYER_TRIGGER_ENTER [ths1_TriggerEnterSCRIPT < (020748BF)>]
[11/28/2012 - 01:43:08PM] PLAYER_TRIGGER_LEAVE [ths1_TriggerEnterSCRIPT < (0208C7C0)>]
[11/28/2012 - 01:43:08PM] PLAYER_CELL_CHANGE [Cell <ths1_MuseumInterior (02044D5A)>] "Bubbsey's Oddity Emporium"
[11/28/2012 - 01:43:08PM] ACTOR_MOVE_TO_PLAYER [ObjectReference < (02089359)>] "Seamus"
[11/28/2012 - 01:43:09PM] PLAYER_ACTOR_VIEW_GAIN [ObjectReference < (02089359)>] "Seamus"
[11/28/2012 - 01:43:09PM] PLAYER_DISTANCE_ACTOR [ObjectReference < (02089359)>] "Seamus" 63.092239
[11/28/2012 - 01:43:10PM] PLAYER_ACTOR_VIEW_LOSS [ObjectReference < (02089359)>] "Seamus"
[11/28/2012 - 01:43:10PM] PLAYER_DISTANCE_ACTOR [ObjectReference < (02089359)>] "Seamus" 63.093227
[11/28/2012 - 01:43:11PM] PLAYER_DISTANCE_ACTOR [ObjectReference < (02089359)>] "Seamus" 63.093613
[11/28/2012 - 01:43:12PM] PLAYER_DISTANCE_ACTOR [ObjectReference < (02089359)>] "Seamus" 63.093761
[11/28/2012 - 01:43:13PM] PLAYER_TRIGGER_ENTER [ths1_TriggerEnterSCRIPT < (0208C7C0)>]
[11/28/2012 - 01:43:13PM] PLAYER_TRIGGER_LEAVE [ths1_TriggerEnterSCRIPT < (020748BF)>]
[11/28/2012 - 01:43:13PM] PLAYER_CELL_CHANGE [Cell <Wilderness (02085D4C)>] ""
[11/28/2012 - 01:43:13PM] ACTOR_MOVE_TO_PLAYER [ObjectReference < (02089359)>] "Seamus"
[11/28/2012 - 01:43:14PM] PLAYER_WORLDSPACE_CHANGE [WorldSpace <ths1_Town (02085D17)>] "Town"
[11/28/2012 - 01:43:14PM] PLAYER_DISTANCE_ACTOR [ObjectReference < (02089359)>] "Seamus" 62.905083
[11/28/2012 - 01:43:15PM] PLAYER_DISTANCE_ACTOR [ObjectReference < (02089359)>] "Seamus" 107.603760
[11/28/2012 - 01:43:15PM] PLAYER_TRIGGER_LEAVE [ths1_TriggerEnterSCRIPT < (0208C7C0)>]
[11/28/2012 - 01:43:16PM] PLAYER_MOVE Run
[11/28/2012 - 01:43:16PM] PLAYER_DISTANCE_ACTOR [ObjectReference < (02089359)>] "Seamus" 401.979675
[11/28/2012 - 01:43:17PM] PLAYER_DISTANCE_ACTOR [ObjectReference < (02089359)>] "Seamus" 726.858459
[11/28/2012 - 01:43:18PM] PLAYER_DISTANCE_ACTOR [ObjectReference < (02089359)>] "Seamus" 1097.454590
[11/28/2012 - 01:43:19PM] PLAYER_DISTANCE_ACTOR [ObjectReference < (02089359)>] "Seamus" 1177.374634
[11/28/2012 - 01:43:20PM] PLAYER_DISTANCE_ACTOR [ObjectReference < (02089359)>] "Seamus" 1435.301392
[11/28/2012 - 01:43:20PM] PLAYER_TRIGGER_ENTER [ths1_TriggerEnterSCRIPT < (0208C7B0)>]
[11/28/2012 - 01:43:21PM] PLAYER_DISTANCE_ACTOR [ObjectReference < (02089359)>] "Seamus" 1992.810303
[11/28/2012 - 01:43:21PM] PLAYER_TRIGGER_LEAVE [ths1_TriggerEnterSCRIPT < (0208C7B0)>]
[11/28/2012 - 01:43:22PM] PLAYER_DISTANCE_ACTOR [ObjectReference < (02089359)>] "Seamus" 1856.315796
[11/28/2012 - 01:43:23PM] PLAYER_DISTANCE_ACTOR [ObjectReference < (02089359)>] "Seamus" 1953.605347
[11/28/2012 - 01:43:23PM] PLAYER_TRIGGER_ENTER [ths1_TriggerEnterSCRIPT < (0208CDAD)>]
[11/28/2012 - 01:43:24PM] PLAYER_DISTANCE_ACTOR [ObjectReference < (02089359)>] "Seamus" 2133.561523
[11/28/2012 - 01:43:25PM] PLAYER_DISTANCE_ACTOR [ObjectReference < (02089359)>] "Seamus" 2332.003418
[11/28/2012 - 01:43:26PM] PLAYER_DISTANCE_ACTOR [ObjectReference < (02089359)>] "Seamus" 2620.432861
[11/28/2012 - 01:43:27PM] PLAYER_DISTANCE_ACTOR [ObjectReference < (02089359)>] "Seamus" 2930.223145
[11/28/2012 - 01:43:28PM] PLAYER_DISTANCE_ACTOR [ObjectReference < (02089359)>] "Seamus" 3158.475098
[11/28/2012 - 01:43:29PM] PLAYER_TRIGGER_LEAVE [ths1_TriggerEnterSCRIPT < (0208CDAD)>]
[11/28/2012 - 01:43:29PM] PLAYER_DISTANCE_ACTOR [ObjectReference < (02089359)>] "Seamus" 3407.634521
[11/28/2012 - 01:43:29PM] PLAYER_TRIGGER_ENTER [ths1_TriggerEnterSCRIPT < (0208C7AE)>]
[11/28/2012 - 01:43:30PM] PLAYER_DISTANCE_ACTOR [ObjectReference < (02089359)>] "Seamus" 3635.896973
[11/28/2012 - 01:43:30PM] PLAYER_CELL_CHANGE [Cell <Wilderness (02085D4A)>] ""
[11/28/2012 - 01:43:32PM] PLAYER_MOVE None
[11/28/2012 - 01:43:35PM] PLAYER_DIALOGUE [TIF__0207595B <topic info 0207595B on quest ths1_MasterQuest (020319F7)>] NPC_SPEAKER [Actor < (02089353)>]
[11/28/2012 - 01:43:42PM] PLAYER_MOVE Run
[11/28/2012 - 01:43:42PM] PLAYER_CELL_CHANGE [Cell <Wilderness (02085D40)>] ""
[11/28/2012 - 01:43:46PM] PLAYER_DISTANCE_ACTOR [ObjectReference < (02089359)>] "Seamus" 1412.787598
[11/28/2012 - 01:43:46PM] PLAYER_TRIGGER_LEAVE [ths1_TriggerEnterSCRIPT < (0208C7AE)>]
[11/28/2012 - 01:43:46PM] PLAYER_TRIGGER_ENTER [ths1_TriggerEnterSCRIPT < (0208C7AB)>]
[11/28/2012 - 01:43:47PM] PLAYER_DISTANCE_ACTOR [ObjectReference < (02089359)>] "Seamus" 1527.251465
[11/28/2012 - 01:43:48PM] PLAYER_DISTANCE_ACTOR [ObjectReference < (02089359)>] "Seamus" 1810.332031
[11/28/2012 - 01:43:49PM] PLAYER_DISTANCE_ACTOR [ObjectReference < (02089359)>] "Seamus" 2069.093506
[11/28/2012 - 01:43:50PM] PLAYER_DISTANCE_ACTOR [ObjectReference < (02089359)>] "Seamus" 2047.650146
[11/28/2012 - 01:43:52PM] PLAYER_ACTOR_VIEW_GAIN [ObjectReference < (02089359)>] "Seamus"
[11/28/2012 - 01:43:53PM] PLAYER_CELL_CHANGE [Cell <Wilderness (02085D42)>] ""
[11/28/2012 - 01:43:54PM] PLAYER_MOVE None
[11/28/2012 - 01:43:54PM] PLAYER_DISTANCE_ACTOR [ObjectReference < (02089359)>] "Seamus" 2066.781250
[11/28/2012 - 01:43:55PM] PLAYER_DISTANCE_ACTOR [ObjectReference < (02089359)>] "Seamus" 2193.429688
[11/28/2012 - 01:43:55PM] PLAYER_DIALOGUE [TIF__0208000D <topic info 0208000D on quest ths1_MasterQuest (020319F7)>] NPC_SPEAKER [Actor < (02089355)>]
[11/28/2012 - 01:43:56PM] PLAYER_DISTANCE_ACTOR [ObjectReference < (02089359)>] "Seamus" 2085.306396
[11/28/2012 - 01:43:57PM] PLAYER_DISTANCE_ACTOR [ObjectReference < (02089359)>] "Seamus" 1928.811401
[11/28/2012 - 01:43:58PM] PLAYER_DISTANCE_ACTOR [ObjectReference < (02089359)>] "Seamus" 1802.127686
[11/28/2012 - 01:43:58PM] PLAYER_DIALOGUE [TIF__0208000F <topic info 0208000F on quest ths1_MasterQuest (020319F7)>] NPC_SPEAKER [Actor < (02089355)>]
[11/28/2012 - 01:43:59PM] PLAYER_DISTANCE_ACTOR [ObjectReference < (02089359)>] "Seamus" 1667.681885
[11/28/2012 - 01:44:00PM] PLAYER_DISTANCE_ACTOR [ObjectReference < (02089359)>] "Seamus" 1509.960083
[11/28/2012 - 01:44:01PM] PLAYER_DISTANCE_ACTOR [ObjectReference < (02089359)>] "Seamus" 1228.753174
[11/28/2012 - 01:44:02PM] PLAYER_DISTANCE_ACTOR [ObjectReference < (02089359)>] "Seamus" 933.352539
[11/28/2012 - 01:44:02PM] PLAYER_DIALOGUE [TIF__0208000D <topic info 0208000D on quest ths1_MasterQuest (020319F7)>] NPC_SPEAKER [Actor < (02089355)>]
[11/28/2012 - 01:44:03PM] PLAYER_DISTANCE_ACTOR [ObjectReference < (02089359)>] "Seamus" 641.033936
[11/28/2012 - 01:44:04PM] PLAYER_DISTANCE_ACTOR [ObjectReference < (02089359)>] "Seamus" 354.911041
[11/28/2012 - 01:44:05PM] PLAYER_DISTANCE_ACTOR [ObjectReference < (02089359)>] "Seamus" 150.830963
[11/28/2012 - 01:44:06PM] PLAYER_DISTANCE_ACTOR [ObjectReference < (02089359)>] "Seamus" 83.315308
[11/28/2012 - 01:44:07PM] PLAYER_DISTANCE_ACTOR [ObjectReference < (02089359)>] "Seamus" 61.090340
[11/28/2012 - 01:44:08PM] PLAYER_DISTANCE_ACTOR [ObjectReference < (02089359)>] "Seamus" 61.090340
[11/28/2012 - 01:44:09PM] PLAYER_DISTANCE_ACTOR [ObjectReference < (02089359)>] "Seamus" 61.090340
[11/28/2012 - 01:44:10PM] PLAYER_MOVE Run
[11/28/2012 - 01:44:10PM] PLAYER_ACTOR_VIEW_LOSS [ObjectReference < (02089359)>] "Seamus"
[11/28/2012 - 01:44:10PM] PLAYER_DISTANCE_ACTOR [ObjectReference < (02089359)>] "Seamus" 297.427826
[11/28/2012 - 01:44:10PM] PLAYER_TRIGGER_LEAVE [ths1_TriggerEnterSCRIPT < (0208C7AB)>]
[11/28/2012 - 01:44:11PM] PLAYER_DISTANCE_ACTOR [ObjectReference < (02089359)>] "Seamus" 563.276672
[11/28/2012 - 01:44:12PM] PLAYER_DISTANCE_ACTOR [ObjectReference < (02089359)>] "Seamus" 768.849304
[11/28/2012 - 01:44:13PM] PLAYER_MOVE None
[11/28/2012 - 01:44:13PM] PLAYER_DISTANCE_ACTOR [ObjectReference < (02089359)>] "Seamus" 677.311462
[11/28/2012 - 01:44:14PM] PLAYER_MOVE Run
[11/28/2012 - 01:44:14PM] PLAYER_DISTANCE_ACTOR [ObjectReference < (02089359)>] "Seamus" 702.109558
[11/28/2012 - 01:44:15PM] PLAYER_DISTANCE_ACTOR [ObjectReference < (02089359)>] "Seamus" 1052.402100
[11/28/2012 - 01:44:16PM] PLAYER_DISTANCE_ACTOR [ObjectReference < (02089359)>] "Seamus" 1288.112793
[11/28/2012 - 01:44:17PM] PLAYER_DISTANCE_ACTOR [ObjectReference < (02089359)>] "Seamus" 1389.396606
[11/28/2012 - 01:44:18PM] PLAYER_DISTANCE_ACTOR [ObjectReference < (02089359)>] "Seamus" 1436.974854
[11/28/2012 - 01:44:19PM] PLAYER_DISTANCE_ACTOR [ObjectReference < (02089359)>] "Seamus" 1445.343628
[11/28/2012 - 01:44:20PM] PLAYER_DISTANCE_ACTOR [ObjectReference < (02089359)>] "Seamus" 1496.009033
[11/28/2012 - 01:44:21PM] PLAYER_DISTANCE_ACTOR [ObjectReference < (02089359)>] "Seamus" 1536.900513
[11/28/2012 - 01:44:22PM] PLAYER_DISTANCE_ACTOR [ObjectReference < (02089359)>] "Seamus" 1571.192993
[11/28/2012 - 01:44:23PM] PLAYER_DISTANCE_ACTOR [ObjectReference < (02089359)>] "Seamus" 1586.853149
[11/28/2012 - 01:44:24PM] PLAYER_DISTANCE_ACTOR [ObjectReference < (02089359)>] "Seamus" 1619.031006
[11/28/2012 - 01:44:25PM] PLAYER_CELL_CHANGE [Cell <Wilderness (02085D44)>] ""
[11/28/2012 - 01:44:33PM] PLAYER_CELL_CHANGE [Cell <Wilderness (02085D42)>] ""
[11/28/2012 - 01:44:33PM] PLAYER_ACTOR_VIEW_GAIN [ObjectReference < (02089359)>] "Seamus"
[11/28/2012 - 01:44:33PM] PLAYER_DISTANCE_ACTOR [ObjectReference < (02089359)>] "Seamus" 989.344238
[11/28/2012 - 01:44:34PM] PLAYER_DISTANCE_ACTOR [ObjectReference < (02089359)>] "Seamus" 516.689697
[11/28/2012 - 01:44:35PM] PLAYER_ACTOR_VIEW_LOSS [ObjectReference < (02089359)>] "Seamus"
[11/28/2012 - 01:44:35PM] PLAYER_DISTANCE_ACTOR [ObjectReference < (02089359)>] "Seamus" 408.723633
[11/28/2012 - 01:44:36PM] PLAYER_DISTANCE_ACTOR [ObjectReference < (02089359)>] "Seamus" 571.591309
[11/28/2012 - 01:44:37PM] PLAYER_DISTANCE_ACTOR [ObjectReference < (02089359)>] "Seamus" 755.852234
[11/28/2012 - 01:44:38PM] PLAYER_DISTANCE_ACTOR [ObjectReference < (02089359)>] "Seamus" 838.384521
[11/28/2012 - 01:44:39PM] PLAYER_DISTANCE_ACTOR [ObjectReference < (02089359)>] "Seamus" 905.507690
[11/28/2012 - 01:44:40PM] PLAYER_DISTANCE_ACTOR [ObjectReference < (02089359)>] "Seamus" 951.834717
[11/28/2012 - 01:44:41PM] PLAYER_DISTANCE_ACTOR [ObjectReference < (02089359)>] "Seamus" 995.521912
[11/28/2012 - 01:44:42PM] PLAYER_DISTANCE_ACTOR [ObjectReference < (02089359)>] "Seamus" 1030.337036
[11/28/2012 - 01:44:43PM] PLAYER_DISTANCE_ACTOR [ObjectReference < (02089359)>] "Seamus" 1099.169800
[11/28/2012 - 01:44:44PM] PLAYER_DISTANCE_ACTOR [ObjectReference < (02089359)>] "Seamus" 1091.038330
[11/28/2012 - 01:44:45PM] PLAYER_ACTOR_VIEW_GAIN [ObjectReference < (02089359)>] "Seamus"
[11/28/2012 - 01:44:45PM] PLAYER_DISTANCE_ACTOR [ObjectReference < (02089359)>] "Seamus" 418.645081
[11/28/2012 - 01:44:46PM] PLAYER_ACTOR_VIEW_LOSS [ObjectReference < (02089359)>] "Seamus"
[11/28/2012 - 01:44:46PM] PLAYER_DISTANCE_ACTOR [ObjectReference < (02089359)>] "Seamus" 221.719376
[11/28/2012 - 01:44:47PM] PLAYER_DISTANCE_ACTOR [ObjectReference < (02089359)>] "Seamus" 703.590210
[11/28/2012 - 01:44:48PM] PLAYER_DISTANCE_ACTOR [ObjectReference < (02089359)>] "Seamus" 920.192932
[11/28/2012 - 01:44:49PM] PLAYER_DISTANCE_ACTOR [ObjectReference < (02089359)>] "Seamus" 979.026917
[11/28/2012 - 01:44:50PM] PLAYER_DISTANCE_ACTOR [ObjectReference < (02089359)>] "Seamus" 961.074951
[11/28/2012 - 01:44:51PM] PLAYER_MOVE None
[11/28/2012 - 01:44:51PM] PLAYER_DISTANCE_ACTOR [ObjectReference < (02089359)>] "Seamus" 685.676147
[11/28/2012 - 01:44:52PM] PLAYER_MOVE Run
[11/28/2012 - 01:44:52PM] PLAYER_DISTANCE_ACTOR [ObjectReference < (02089359)>] "Seamus" 547.642883
[11/28/2012 - 01:44:53PM] PLAYER_DISTANCE_ACTOR [ObjectReference < (02089359)>] "Seamus" 635.066040
[11/28/2012 - 01:44:54PM] PLAYER_DISTANCE_ACTOR [ObjectReference < (02089359)>] "Seamus" 794.733337
[11/28/2012 - 01:44:55PM] PLAYER_DISTANCE_ACTOR [ObjectReference < (02089359)>] "Seamus" 961.705872
[11/28/2012 - 01:44:57PM] PLAYER_CELL_CHANGE [Cell <Wilderness (02085D4C)>] ""
[11/28/2012 - 01:44:58PM] PLAYER_TRIGGER_ENTER [ths1_TriggerEnterSCRIPT < (0208C7A8)>]
[11/28/2012 - 01:44:58PM] PLAYER_TRIGGER_LEAVE [ths1_TriggerEnterSCRIPT < (0208C7A8)>]
[11/28/2012 - 01:45:05PM] PLAYER_DISTANCE_ACTOR [ObjectReference < (02089359)>] "Seamus" 2866.033936
[11/28/2012 - 01:45:05PM] PLAYER_TRIGGER_ENTER [ths1_TriggerEnterSCRIPT < (0208C7B0)>]
[11/28/2012 - 01:45:06PM] PLAYER_DISTANCE_ACTOR [ObjectReference < (02089359)>] "Seamus" 3164.414551
[11/28/2012 - 01:45:07PM] PLAYER_DISTANCE_ACTOR [ObjectReference < (02089359)>] "Seamus" 3437.341064
[11/28/2012 - 01:45:08PM] PLAYER_DISTANCE_ACTOR [ObjectReference < (02089359)>] "Seamus" 3699.971191
[11/28/2012 - 01:45:09PM] PLAYER_DISTANCE_ACTOR [ObjectReference < (02089359)>] "Seamus" 3907.139404
[11/28/2012 - 01:45:10PM] PLAYER_CELL_CHANGE [Cell <Wilderness (02085D4A)>] ""
[11/28/2012 - 01:45:12PM] PLAYER_CELL_CHANGE [Cell <Wilderness (02085D52)>] ""
[11/28/2012 - 01:45:13PM] PLAYER_TRIGGER_ENTER [ths1_TriggerEnterSCRIPT < (0208C7BF)>]
[11/28/2012 - 01:45:15PM] PLAYER_TRIGGER_LEAVE [ths1_TriggerEnterSCRIPT < (0208C7BF)>]
[11/28/2012 - 01:45:18PM] PLAYER_TRIGGER_LEAVE [ths1_TriggerEnterSCRIPT < (0208C7B0)>]
[11/28/2012 - 01:45:21PM] PLAYER_CELL_CHANGE [Cell <Wilderness (02085D4A)>] ""
[11/28/2012 - 01:45:23PM] PLAYER_TRIGGER_ENTER [ths1_TriggerEnterSCRIPT < (0208C7B0)>]
[11/28/2012 - 01:45:24PM] PLAYER_ACTOR_VIEW_GAIN [ObjectReference < (02089359)>] "Seamus"
[11/28/2012 - 01:45:27PM] PLAYER_ACTOR_VIEW_LOSS [ObjectReference < (02089359)>] "Seamus"
[11/28/2012 - 01:45:31PM] PLAYER_MOVE None
[11/28/2012 - 01:45:32PM] PLAYER_ITEM_OBTAIN [Ingredient < (00077E1C)>] None "Blue Mountain Flower" COUNT 1 CONTAINER None
[11/28/2012 - 01:45:33PM] PLAYER_DISTANCE_ACTOR [ObjectReference < (02089359)>] "Seamus" 710.029907
[11/28/2012 - 01:45:33PM] PLAYER_DISTANCE_ACTOR [ObjectReference < (02089359)>] "Seamus" 453.253876
[11/28/2012 - 01:45:34PM] PLAYER_MOVE Run
[11/28/2012 - 01:45:34PM] PLAYER_DISTANCE_ACTOR [ObjectReference < (02089359)>] "Seamus" 264.000000
[11/28/2012 - 01:45:35PM] PLAYER_ITEM_OBTAIN [Ingredient < (00077E1C)>] None "Blue Mountain Flower" COUNT 1 CONTAINER None
[11/28/2012 - 01:45:35PM] PLAYER_DISTANCE_ACTOR [ObjectReference < (02089359)>] "Seamus" 338.332306
[11/28/2012 - 01:45:36PM] PLAYER_TRIGGER_ENTER [ths1_TriggerEnterSCRIPT < (0208C7BF)>]
[11/28/2012 - 01:45:37PM] PLAYER_CELL_CHANGE [Cell <Wilderness (02085D52)>] ""
[11/28/2012 - 01:45:37PM] PLAYER_TRIGGER_LEAVE [ths1_TriggerEnterSCRIPT < (0208C7BF)>]
[11/28/2012 - 01:45:38PM] PLAYER_DISTANCE_ACTOR [ObjectReference < (02089359)>] "Seamus" 740.334778
[11/28/2012 - 01:45:39PM] PLAYER_DISTANCE_ACTOR [ObjectReference < (02089359)>] "Seamus" 871.427002
[11/28/2012 - 01:45:40PM] PLAYER_CELL_CHANGE [Cell <Wilderness (02085D54)>] ""
[11/28/2012 - 01:45:45PM] PLAYER_ITEM_OBTAIN [Form < (00077E1E)>] None "Purple Mountain Flower" COUNT 1 CONTAINER None
[11/28/2012 - 01:45:45PM] PLAYER_ITEM_OBTAIN [Ingredient < (00077E1C)>] None "Blue Mountain Flower" COUNT 1 CONTAINER None
[11/28/2012 - 01:45:45PM] PLAYER_DISTANCE_ACTOR [ObjectReference < (02089359)>] "Seamus" 1451.205078
[11/28/2012 - 01:45:46PM] PLAYER_TRIGGER_LEAVE [ths1_TriggerEnterSCRIPT < (0208C7B0)>]
[11/28/2012 - 01:45:46PM] PLAYER_ITEM_OBTAIN [Form < (00077E1E)>] None "Purple Mountain Flower" COUNT 1 CONTAINER None
[11/28/2012 - 01:45:46PM] PLAYER_TRIGGER_ENTER [ths1_TriggerEnterSCRIPT < (0208C7C1)>]
[11/28/2012 - 01:45:46PM] PLAYER_DISTANCE_ACTOR [ObjectReference < (02089359)>] "Seamus" 1521.840210
[11/28/2012 - 01:45:47PM] PLAYER_DISTANCE_ACTOR [ObjectReference < (02089359)>] "Seamus" 1640.576172
[11/28/2012 - 01:45:48PM] PLAYER_DISTANCE_ACTOR [ObjectReference < (02089359)>] "Seamus" 1743.360596
[11/28/2012 - 01:45:49PM] PLAYER_ITEM_OBTAIN [Form < (00077E1E)>] None "Purple Mountain Flower" COUNT 1 CONTAINER None
[11/28/2012 - 01:45:49PM] PLAYER_DISTANCE_ACTOR [ObjectReference < (02089359)>] "Seamus" 1852.879395
[11/28/2012 - 01:45:50PM] PLAYER_DISTANCE_ACTOR [ObjectReference < (02089359)>] "Seamus" 1772.429077
[11/28/2012 - 01:45:51PM] PLAYER_TRIGGER_LEAVE [ths1_TriggerEnterSCRIPT < (0208C7C1)>]
[11/28/2012 - 01:45:51PM] PLAYER_DISTANCE_ACTOR [ObjectReference < (02089359)>] "Seamus" 1532.823730
[11/28/2012 - 01:45:52PM] PLAYER_DISTANCE_ACTOR [ObjectReference < (02089359)>] "Seamus" 1323.437988
[11/28/2012 - 01:45:53PM] PLAYER_DISTANCE_ACTOR [ObjectReference < (02089359)>] "Seamus" 1255.099609
[11/28/2012 - 01:45:55PM] PLAYER_CELL_CHANGE [Cell <Wilderness (02085D4C)>] ""
[11/28/2012 - 01:45:59PM] PLAYER_DISTANCE_ACTOR [ObjectReference < (02089359)>] "Seamus" 958.546692
[11/28/2012 - 01:46:00PM] PLAYER_DISTANCE_ACTOR [ObjectReference < (02089359)>] "Seamus" 840.413574
[11/28/2012 - 01:46:01PM] PLAYER_DISTANCE_ACTOR [ObjectReference < (02089359)>] "Seamus" 716.481018
[11/28/2012 - 01:46:02PM] PLAYER_CELL_CHANGE [Cell <Wilderness (02085D34)>] ""
[11/28/2012 - 01:46:06PM] PLAYER_TRIGGER_ENTER [ths1_TriggerEnterSCRIPT < (0208CDAB)>]
[11/28/2012 - 01:46:07PM] PLAYER_TRIGGER_LEAVE [ths1_TriggerEnterSCRIPT < (0208CDAB)>]
[11/28/2012 - 01:46:09PM] PLAYER_TRIGGER_ENTER [ths1_TriggerEnterSCRIPT < (0208CD5B)>]
[11/28/2012 - 01:46:11PM] PLAYER_TRIGGER_LEAVE [ths1_TriggerEnterSCRIPT < (0208CD5B)>]
[11/28/2012 - 01:46:12PM] PLAYER_TRIGGER_ENTER [ths1_TriggerEnterSCRIPT < (0208C78E)>]
[11/28/2012 - 01:46:13PM] PLAYER_CELL_CHANGE [Cell <Wilderness (02085D56)>] ""
[11/28/2012 - 01:46:14PM] PLAYER_TRIGGER_LEAVE [ths1_TriggerEnterSCRIPT < (0208C78E)>]
[11/28/2012 - 01:46:14PM] PLAYER_CELL_CHANGE [Cell <Wilderness (02085D34)>] ""
[11/28/2012 - 01:46:15PM] PLAYER_MOVE None
[11/28/2012 - 01:46:19PM] PLAYER_MOVE Run
[11/28/2012 - 01:46:20PM] PLAYER_CELL_CHANGE [Cell <Wilderness (02085D4E)>] ""
[11/28/2012 - 01:46:20PM] PLAYER_MOVE None
[11/28/2012 - 01:46:23PM] PLAYER_MOVE Run
[11/28/2012 - 01:46:24PM] PLAYER_TRIGGER_ENTER [ths1_TriggerEnterSCRIPT < (0208C78E)>]
[11/28/2012 - 01:46:24PM] PLAYER_CELL_CHANGE [Cell <Wilderness (02085D34)>] ""
[11/28/2012 - 01:46:24PM] PLAYER_ACTOR_VIEW_GAIN [ObjectReference < (02089359)>] "Seamus"
[11/28/2012 - 01:46:25PM] PLAYER_CELL_CHANGE [Cell <Wilderness (02085D56)>] ""
[11/28/2012 - 01:46:27PM] PLAYER_ITEM_OBTAIN [Form < (00083E64)>] None "Grass Pod" COUNT 1 CONTAINER None
[11/28/2012 - 01:46:28PM] PLAYER_TRIGGER_ENTER [ths1_TriggerEnterSCRIPT < (0208CD5B)>]
[11/28/2012 - 01:46:28PM] PLAYER_TRIGGER_LEAVE [ths1_TriggerEnterSCRIPT < (0208C78E)>]
[11/28/2012 - 01:46:28PM] PLAYER_ACTOR_VIEW_LOSS [ObjectReference < (02089359)>] "Seamus"
[11/28/2012 - 01:46:29PM] PLAYER_ITEM_OBTAIN [Ingredient < (00077E1D)>] [ObjectReference < (02085F93)>] "Red Mountain Flower" COUNT 1 CONTAINER None
[11/28/2012 - 01:46:29PM] PLAYER_CELL_CHANGE [Cell <Wilderness (02085D34)>] ""
[11/28/2012 - 01:46:30PM] PLAYER_TRIGGER_LEAVE [ths1_TriggerEnterSCRIPT < (0208CD5B)>]
[11/28/2012 - 01:46:30PM] PLAYER_ITEM_OBTAIN [Form < (00077E1E)>] None "Purple Mountain Flower" COUNT 1 CONTAINER None
[11/28/2012 - 01:46:32PM] PLAYER_TRIGGER_ENTER [ths1_TriggerEnterSCRIPT < (0208CDAB)>]
[11/28/2012 - 01:46:33PM] PLAYER_TRIGGER_LEAVE [ths1_TriggerEnterSCRIPT < (0208CDAB)>]
[11/28/2012 - 01:46:36PM] PLAYER_TRIGGER_ENTER [ths1_TriggerEnterSCRIPT < (0208CD5A)>]
[11/28/2012 - 01:46:37PM] PLAYER_TRIGGER_LEAVE [ths1_TriggerEnterSCRIPT < (0208CD5A)>]
[11/28/2012 - 01:46:38PM] PLAYER_TRIGGER_ENTER [ths1_TriggerEnterSCRIPT < (0208C7A7)>]
[11/28/2012 - 01:46:39PM] PLAYER_MOVE None
[11/28/2012 - 01:46:43PM] PLAYER_CELL_CHANGE [Cell <Wilderness (02085D4C)>] ""
[11/28/2012 - 01:46:45PM] PLAYER_MOVE Run
[11/28/2012 - 01:46:46PM] PLAYER_DISTANCE_ACTOR [ObjectReference < (02089359)>] "Seamus" 2311.808105
[11/28/2012 - 01:46:47PM] PLAYER_TRIGGER_LEAVE [ths1_TriggerEnterSCRIPT < (0208C7A7)>]
[11/28/2012 - 01:46:47PM] PLAYER_DISTANCE_ACTOR [ObjectReference < (02089359)>] "Seamus" 2399.760254
[11/28/2012 - 01:46:48PM] PLAYER_TRIGGER_ENTER [ths1_TriggerEnterSCRIPT < (0208C7A8)>]
[11/28/2012 - 01:46:48PM] PLAYER_DISTANCE_ACTOR [ObjectReference < (02089359)>] "Seamus" 2460.857666
[11/28/2012 - 01:46:49PM] PLAYER_DISTANCE_ACTOR [ObjectReference < (02089359)>] "Seamus" 2502.986328
[11/28/2012 - 01:46:50PM] PLAYER_TRIGGER_LEAVE [ths1_TriggerEnterSCRIPT < (0208C7A8)>]
[11/28/2012 - 01:46:50PM] PLAYER_DISTANCE_ACTOR [ObjectReference < (02089359)>] "Seamus" 2544.607910
[11/28/2012 - 01:46:50PM] PLAYER_TRIGGER_ENTER [ths1_TriggerEnterSCRIPT < (0208C7AA)>]
[11/28/2012 - 01:46:51PM] PLAYER_MOVE None
[11/28/2012 - 01:46:51PM] PLAYER_DISTANCE_ACTOR [ObjectReference < (02089359)>] "Seamus" 2408.469971
[11/28/2012 - 01:46:53PM] PLAYER_TRIGGER_LEAVE [ths1_TriggerEnterSCRIPT < (0208C7AA)>]
[11/28/2012 - 01:46:54PM] PLAYER_CELL_CHANGE [Cell <ths1_TempleInterior (02019CC3)>] "Town Temple"
[11/28/2012 - 01:46:54PM] ACTOR_MOVE_TO_PLAYER [ObjectReference < (02089359)>] "Seamus"
[11/28/2012 - 01:46:54PM] PLAYER_ACTOR_VIEW_GAIN [ObjectReference < (02089359)>] "Seamus"
[11/28/2012 - 01:46:54PM] PLAYER_DISTANCE_ACTOR [ObjectReference < (02089359)>] "Seamus" 70.713036
[11/28/2012 - 01:46:55PM] PLAYER_DISTANCE_ACTOR [ObjectReference < (02089359)>] "Seamus" 70.710060
[11/28/2012 - 01:46:56PM] PLAYER_DISTANCE_ACTOR [ObjectReference < (02089359)>] "Seamus" 62.781384
[11/28/2012 - 01:46:57PM] PLAYER_MOVE Run
[11/28/2012 - 01:46:57PM] PLAYER_ACTOR_VIEW_LOSS [ObjectReference < (02089359)>] "Seamus"
[11/28/2012 - 01:46:57PM] PLAYER_DISTANCE_ACTOR [ObjectReference < (02089359)>] "Seamus" 111.071304
[11/28/2012 - 01:46:58PM] PLAYER_MOVE None
[11/28/2012 - 01:46:58PM] PLAYER_DISTANCE_ACTOR [ObjectReference < (02089359)>] "Seamus" 105.371468
[11/28/2012 - 01:46:59PM] PLAYER_TRIGGER_ENTER [ths1_TriggerEnterSCRIPT < (02074E60)>]
[11/28/2012 - 01:46:59PM] PLAYER_MOVE Run
[11/28/2012 - 01:46:59PM] PLAYER_DISTANCE_ACTOR [ObjectReference < (02089359)>] "Seamus" 168.239182
[11/28/2012 - 01:46:59PM] PLAYER_TRIGGER_ENTER [ths1_TriggerEnterSCRIPT < (02074E5E)>]
[11/28/2012 - 01:46:59PM] PLAYER_TRIGGER_LEAVE [ths1_TriggerEnterSCRIPT < (02074E60)>]
[11/28/2012 - 01:46:59PM] PLAYER_TRIGGER_LEAVE [ths1_TriggerEnterSCRIPT < (02074E5E)>]
[11/28/2012 - 01:47:00PM] PLAYER_DISTANCE_ACTOR [ObjectReference < (02089359)>] "Seamus" 378.656738
[11/28/2012 - 01:47:01PM] PLAYER_TRIGGER_ENTER [ths1_TriggerEnterSCRIPT < (02074E5F)>]
[11/28/2012 - 01:47:01PM] PLAYER_MOVE None
[11/28/2012 - 01:47:01PM] PLAYER_DISTANCE_ACTOR [ObjectReference < (02089359)>] "Seamus" 502.905457
[11/28/2012 - 01:47:02PM] PLAYER_MOVE Run
[11/28/2012 - 01:47:02PM] PLAYER_TRIGGER_ENTER [ths1_TriggerEnterSCRIPT < (02074E61)>]
[11/28/2012 - 01:47:02PM] PLAYER_TRIGGER_LEAVE [ths1_TriggerEnterSCRIPT < (02074E5F)>]
[11/28/2012 - 01:47:02PM] PLAYER_DISTANCE_ACTOR [ObjectReference < (02089359)>] "Seamus" 544.746643
[11/28/2012 - 01:47:02PM] PLAYER_TRIGGER_LEAVE [ths1_TriggerEnterSCRIPT < (02074E61)>]
[11/28/2012 - 01:47:03PM] PLAYER_TRIGGER_ENTER [ths1_EnterTempleBookshelfTrigScript <alias TempleBookshelfTrigger on quest ths1_BarrianBookQuest (0204540C)>]
[11/28/2012 - 01:47:03PM] PLAYER_DISTANCE_ACTOR [ObjectReference < (02089359)>] "Seamus" 744.705078
[11/28/2012 - 01:47:04PM] PLAYER_MOVE None
[11/28/2012 - 01:47:04PM] PLAYER_DISTANCE_ACTOR [ObjectReference < (02089359)>] "Seamus" 691.146667
[11/28/2012 - 01:47:05PM] PLAYER_TRIGGER_ENTER [ths1_EnterTempleBookshelfTrigScript <alias TempleBookshelfTrigger on quest ths1_BarrianBookQuest (0204540C)>]
[11/28/2012 - 01:47:05PM] PLAYER_MOVE Run
[11/28/2012 - 01:47:05PM] PLAYER_ACTOR_VIEW_GAIN [ObjectReference < (02089359)>] "Seamus"
[11/28/2012 - 01:47:05PM] PLAYER_DISTANCE_ACTOR [ObjectReference < (02089359)>] "Seamus" 379.227478
[11/28/2012 - 01:47:06PM] PLAYER_TRIGGER_ENTER [ths1_EnterTempleBookshelfTrigScript <alias TempleBookshelfTrigger on quest ths1_BarrianBookQuest (0204540C)>]
[11/28/2012 - 01:47:06PM] PLAYER_ACTOR_VIEW_LOSS [ObjectReference < (02089359)>] "Seamus"
[11/28/2012 - 01:47:06PM] PLAYER_TRIGGER_ENTER [ths1_EnterTempleBookshelfTrigScript <alias TempleBookshelfTrigger on quest ths1_BarrianBookQuest (0204540C)>]
[11/28/2012 - 01:47:06PM] PLAYER_DISTANCE_ACTOR [ObjectReference < (02089359)>] "Seamus" 165.083344
[11/28/2012 - 01:47:07PM] PLAYER_DISTANCE_ACTOR [ObjectReference < (02089359)>] "Seamus" 475.279541
[11/28/2012 - 01:47:08PM] PLAYER_DISTANCE_ACTOR [ObjectReference < (02089359)>] "Seamus" 799.516724
[11/28/2012 - 01:47:09PM] PLAYER_DISTANCE_ACTOR [ObjectReference < (02089359)>] "Seamus" 1132.468628
[11/28/2012 - 01:47:10PM] PLAYER_MOVE None
[11/28/2012 - 01:47:10PM] PLAYER_DISTANCE_ACTOR [ObjectReference < (02089359)>] "Seamus" 1214.161865
[11/28/2012 - 01:47:11PM] PLAYER_MOVE Run
[11/28/2012 - 01:47:11PM] PLAYER_DISTANCE_ACTOR [ObjectReference < (02089359)>] "Seamus" 957.787537
[11/28/2012 - 01:47:11PM] PLAYER_TRIGGER_ENTER [ths1_TriggerEnterSCRIPT < (02074E62)>]
[11/28/2012 - 01:47:12PM] PLAYER_MOVE None
[11/28/2012 - 01:47:12PM] PLAYER_TRIGGER_ENTER [ths1_TriggerEnterSCRIPT < (02074E63)>]
[11/28/2012 - 01:47:12PM] PLAYER_DISTANCE_ACTOR [ObjectReference < (02089359)>] "Seamus" 612.116333
[11/28/2012 - 01:47:12PM] PLAYER_TRIGGER_LEAVE [ths1_TriggerEnterSCRIPT < (02074E62)>]
[11/28/2012 - 01:47:13PM] PLAYER_TRIGGER_LEAVE [ths1_TriggerEnterSCRIPT < (02074E63)>]
[11/28/2012 - 01:47:13PM] PLAYER_MOVE Run
[11/28/2012 - 01:47:13PM] PLAYER_DISTANCE_ACTOR [ObjectReference < (02089359)>] "Seamus" 434.664215
[11/28/2012 - 01:47:14PM] PLAYER_TRIGGER_ENTER [ths1_TriggerEnterSCRIPT < (02074E64)>]
[11/28/2012 - 01:47:14PM] PLAYER_TRIGGER_LEAVE [ths1_TriggerEnterSCRIPT < (02074E64)>]
[11/28/2012 - 01:47:14PM] PLAYER_DISTANCE_ACTOR [ObjectReference < (02089359)>] "Seamus" 579.085083
[11/28/2012 - 01:47:15PM] PLAYER_DISTANCE_ACTOR [ObjectReference < (02089359)>] "Seamus" 320.439697
[11/28/2012 - 01:47:16PM] PLAYER_DISTANCE_ACTOR [ObjectReference < (02089359)>] "Seamus" 516.906555
[11/28/2012 - 01:47:16PM] PLAYER_TRIGGER_ENTER [ths1_TriggerEnterSCRIPT < (02074E67)>]
[11/28/2012 - 01:47:17PM] PLAYER_MOVE None
[11/28/2012 - 01:47:17PM] PLAYER_DISTANCE_ACTOR [ObjectReference < (02089359)>] "Seamus" 569.658325
[11/28/2012 - 01:47:18PM] PLAYER_TRIGGER_ENTER [ths1_TriggerEnterSCRIPT < (02074E68)>]
[11/28/2012 - 01:47:18PM] PLAYER_TRIGGER_LEAVE [ths1_TriggerEnterSCRIPT < (02074E67)>]
[11/28/2012 - 01:47:18PM] PLAYER_MOVE Run
[11/28/2012 - 01:47:18PM] PLAYER_TRIGGER_LEAVE [ths1_TriggerEnterSCRIPT < (02074E68)>]
[11/28/2012 - 01:47:18PM] PLAYER_DISTANCE_ACTOR [ObjectReference < (02089359)>] "Seamus" 744.655701
[11/28/2012 - 01:47:19PM] PLAYER_DISTANCE_ACTOR [ObjectReference < (02089359)>] "Seamus" 961.329102
[11/28/2012 - 01:47:20PM] PLAYER_MOVE None
[11/28/2012 - 01:47:20PM] PLAYER_DISTANCE_ACTOR [ObjectReference < (02089359)>] "Seamus" 793.449219
[11/28/2012 - 01:47:21PM] PLAYER_MOVE Run
[11/28/2012 - 01:47:21PM] PLAYER_ACTOR_VIEW_GAIN [ObjectReference < (02089359)>] "Seamus"
[11/28/2012 - 01:47:21PM] PLAYER_TRIGGER_ENTER [ths1_TriggerEnterSCRIPT < (02074E68)>]
[11/28/2012 - 01:47:21PM] PLAYER_DISTANCE_ACTOR [ObjectReference < (02089359)>] "Seamus" 289.945129
[11/28/2012 - 01:47:21PM] PLAYER_TRIGGER_ENTER [ths1_TriggerEnterSCRIPT < (02074E67)>]
[11/28/2012 - 01:47:21PM] PLAYER_TRIGGER_LEAVE [ths1_TriggerEnterSCRIPT < (02074E68)>]
[11/28/2012 - 01:47:22PM] PLAYER_TRIGGER_LEAVE [ths1_TriggerEnterSCRIPT < (02074E67)>]
[11/28/2012 - 01:47:22PM] PLAYER_ACTOR_VIEW_LOSS [ObjectReference < (02089359)>] "Seamus"
[11/28/2012 - 01:47:22PM] PLAYER_TRIGGER_ENTER [ths1_TriggerEnterSCRIPT < (02074E65)>]
[11/28/2012 - 01:47:22PM] PLAYER_DISTANCE_ACTOR [ObjectReference < (02089359)>] "Seamus" 338.713135
[11/28/2012 - 01:47:23PM] PLAYER_TRIGGER_ENTER [ths1_TriggerEnterSCRIPT < (02074E66)>]
[11/28/2012 - 01:47:23PM] PLAYER_TRIGGER_LEAVE [ths1_TriggerEnterSCRIPT < (02074E65)>]
[11/28/2012 - 01:47:23PM] PLAYER_DISTANCE_ACTOR [ObjectReference < (02089359)>] "Seamus" 527.553894
[11/28/2012 - 01:47:23PM] PLAYER_TRIGGER_LEAVE [ths1_TriggerEnterSCRIPT < (02074E66)>]
[11/28/2012 - 01:47:24PM] PLAYER_MOVE None
[11/28/2012 - 01:47:24PM] PLAYER_DISTANCE_ACTOR [ObjectReference < (02089359)>] "Seamus" 353.016541
[11/28/2012 - 01:47:25PM] PLAYER_ACTOR_VIEW_GAIN [ObjectReference < (02089359)>] "Seamus"
[11/28/2012 - 01:47:25PM] PLAYER_DISTANCE_ACTOR [ObjectReference < (02089359)>] "Seamus" 222.365891
[11/28/2012 - 01:47:26PM] PLAYER_MOVE Run
[11/28/2012 - 01:47:26PM] PLAYER_TRIGGER_ENTER [ths1_TriggerEnterSCRIPT < (02074E66)>]
[11/28/2012 - 01:47:26PM] PLAYER_DISTANCE_ACTOR [ObjectReference < (02089359)>] "Seamus" 46.390884
[11/28/2012 - 01:47:26PM] PLAYER_TRIGGER_ENTER [ths1_TriggerEnterSCRIPT < (02074E65)>]
[11/28/2012 - 01:47:27PM] PLAYER_TRIGGER_LEAVE [ths1_TriggerEnterSCRIPT < (02074E66)>]
[11/28/2012 - 01:47:27PM] PLAYER_TRIGGER_LEAVE [ths1_TriggerEnterSCRIPT < (02074E65)>]
[11/28/2012 - 01:47:27PM] PLAYER_ACTOR_VIEW_LOSS [ObjectReference < (02089359)>] "Seamus"
[11/28/2012 - 01:47:27PM] PLAYER_DISTANCE_ACTOR [ObjectReference < (02089359)>] "Seamus" 377.900085
[11/28/2012 - 01:47:28PM] PLAYER_DISTANCE_ACTOR [ObjectReference < (02089359)>] "Seamus" 625.953247
[11/28/2012 - 01:47:28PM] PLAYER_TRIGGER_ENTER [ths1_TriggerEnterSCRIPT < (02074E64)>]
[11/28/2012 - 01:47:29PM] PLAYER_TRIGGER_LEAVE [ths1_TriggerEnterSCRIPT < (02074E64)>]
[11/28/2012 - 01:47:29PM] PLAYER_DISTANCE_ACTOR [ObjectReference < (02089359)>] "Seamus" 621.015869
[11/28/2012 - 01:47:30PM] PLAYER_MOVE None
[11/28/2012 - 01:47:30PM] PLAYER_DISTANCE_ACTOR [ObjectReference < (02089359)>] "Seamus" 595.610413
[11/28/2012 - 01:47:31PM] PLAYER_TRIGGER_ENTER [ths1_TriggerEnterSCRIPT < (02074E64)>]
[11/28/2012 - 01:47:31PM] PLAYER_DISTANCE_ACTOR [ObjectReference < (02089359)>] "Seamus" 554.521790
[11/28/2012 - 01:47:32PM] PLAYER_ACTOR_VIEW_GAIN [ObjectReference < (02089359)>] "Seamus"
[11/28/2012 - 01:47:32PM] PLAYER_DISTANCE_ACTOR [ObjectReference < (02089359)>] "Seamus" 239.510696
[11/28/2012 - 01:47:33PM] PLAYER_TRIGGER_LEAVE [ths1_TriggerEnterSCRIPT < (02074E64)>]
[11/28/2012 - 01:47:33PM] PLAYER_MOVE Run
[11/28/2012 - 01:47:33PM] PLAYER_ACTOR_VIEW_LOSS [ObjectReference < (02089359)>] "Seamus"
[11/28/2012 - 01:47:33PM] PLAYER_DISTANCE_ACTOR [ObjectReference < (02089359)>] "Seamus" 333.154297
[11/28/2012 - 01:47:34PM] PLAYER_TRIGGER_ENTER [ths1_TriggerEnterSCRIPT < (02074E63)>]
[11/28/2012 - 01:47:34PM] PLAYER_DISTANCE_ACTOR [ObjectReference < (02089359)>] "Seamus" 417.774994
[11/28/2012 - 01:47:34PM] PLAYER_TRIGGER_ENTER [ths1_TriggerEnterSCRIPT < (02074E62)>]
[11/28/2012 - 01:47:34PM] PLAYER_TRIGGER_LEAVE [ths1_TriggerEnterSCRIPT < (02074E63)>]
[11/28/2012 - 01:47:35PM] PLAYER_TRIGGER_LEAVE [ths1_TriggerEnterSCRIPT < (02074E62)>]
[11/28/2012 - 01:47:35PM] PLAYER_DISTANCE_ACTOR [ObjectReference < (02089359)>] "Seamus" 629.401978
[11/28/2012 - 01:47:36PM] PLAYER_TRIGGER_ENTER [ths1_TriggerEnterSCRIPT < (02074E69)>]
[11/28/2012 - 01:47:36PM] PLAYER_DISTANCE_ACTOR [ObjectReference < (02089359)>] "Seamus" 776.832397
[11/28/2012 - 01:47:36PM] PLAYER_TRIGGER_ENTER [ths1_TriggerEnterSCRIPT < (02074E6A)>]
[11/28/2012 - 01:47:36PM] PLAYER_TRIGGER_LEAVE [ths1_TriggerEnterSCRIPT < (02074E69)>]
[11/28/2012 - 01:47:37PM] PLAYER_TRIGGER_LEAVE [ths1_TriggerEnterSCRIPT < (02074E6A)>]
[11/28/2012 - 01:47:37PM] PLAYER_DISTANCE_ACTOR [ObjectReference < (02089359)>] "Seamus" 561.861145
[11/28/2012 - 01:47:38PM] PLAYER_TRIGGER_ENTER [ths1_TriggerEnterSCRIPT < (02074E6B)>]
[11/28/2012 - 01:47:38PM] PLAYER_TRIGGER_LEAVE [ths1_TriggerEnterSCRIPT < (02074E6B)>]
[11/28/2012 - 01:47:38PM] PLAYER_TRIGGER_ENTER [ths1_TriggerEnterSCRIPT < (02074E6C)>]
[11/28/2012 - 01:47:38PM] PLAYER_DISTANCE_ACTOR [ObjectReference < (02089359)>] "Seamus" 713.869263
[11/28/2012 - 01:47:38PM] PLAYER_TRIGGER_LEAVE [ths1_TriggerEnterSCRIPT < (02074E6C)>]
[11/28/2012 - 01:47:39PM] PLAYER_DISTANCE_ACTOR [ObjectReference < (02089359)>] "Seamus" 798.425415
[11/28/2012 - 01:47:40PM] PLAYER_MOVE None
[11/28/2012 - 01:47:40PM] PLAYER_DISTANCE_ACTOR [ObjectReference < (02089359)>] "Seamus" 561.477905
[11/28/2012 - 01:47:41PM] PLAYER_ACTOR_VIEW_GAIN [ObjectReference < (02089359)>] "Seamus"
[11/28/2012 - 01:47:41PM] PLAYER_DISTANCE_ACTOR [ObjectReference < (02089359)>] "Seamus" 184.319077
[11/28/2012 - 01:47:42PM] PLAYER_DISTANCE_ACTOR [ObjectReference < (02089359)>] "Seamus" 53.784885
[11/28/2012 - 01:47:43PM] PLAYER_DISTANCE_ACTOR [ObjectReference < (02089359)>] "Seamus" 53.464870
[11/28/2012 - 01:47:44PM] PLAYER_DISTANCE_ACTOR [ObjectReference < (02089359)>] "Seamus" 53.464870
[11/28/2012 - 01:47:45PM] PLAYER_DISTANCE_ACTOR [ObjectReference < (02089359)>] "Seamus" 53.464870
[11/28/2012 - 01:47:46PM] PLAYER_DISTANCE_ACTOR [ObjectReference < (02089359)>] "Seamus" 53.464870
[11/28/2012 - 01:47:47PM] PLAYER_DISTANCE_ACTOR [ObjectReference < (02089359)>] "Seamus" 53.464870
[11/28/2012 - 01:47:48PM] PLAYER_DISTANCE_ACTOR [ObjectReference < (02089359)>] "Seamus" 53.464870
[11/28/2012 - 01:47:49PM] PLAYER_DISTANCE_ACTOR [ObjectReference < (02089359)>] "Seamus" 53.464870
[11/28/2012 - 01:47:50PM] PLAYER_DISTANCE_ACTOR [ObjectReference < (02089359)>] "Seamus" 53.464870
[11/28/2012 - 01:47:51PM] PLAYER_DISTANCE_ACTOR [ObjectReference < (02089359)>] "Seamus" 53.464870
[11/28/2012 - 01:47:52PM] PLAYER_DISTANCE_ACTOR [ObjectReference < (02089359)>] "Seamus" 53.464870
[11/28/2012 - 01:47:53PM] PLAYER_DISTANCE_ACTOR [ObjectReference < (02089359)>] "Seamus" 74.196434
[11/28/2012 - 01:47:54PM] PLAYER_TRIGGER_ENTER [ths1_TriggerEnterSCRIPT < (02074E6C)>]
[11/28/2012 - 01:47:54PM] PLAYER_MOVE Run
[11/28/2012 - 01:47:54PM] PLAYER_ACTOR_VIEW_LOSS [ObjectReference < (02089359)>] "Seamus"
[11/28/2012 - 01:47:54PM] PLAYER_DISTANCE_ACTOR [ObjectReference < (02089359)>] "Seamus" 207.559082
[11/28/2012 - 01:47:55PM] PLAYER_TRIGGER_LEAVE [ths1_TriggerEnterSCRIPT < (02074E6C)>]
[11/28/2012 - 01:47:55PM] PLAYER_DISTANCE_ACTOR [ObjectReference < (02089359)>] "Seamus" 87.178154
[11/28/2012 - 01:47:55PM] PLAYER_TRIGGER_ENTER [ths1_TriggerEnterSCRIPT < (02074E6C)>]
[11/28/2012 - 01:47:56PM] PLAYER_TRIGGER_ENTER [ths1_TriggerEnterSCRIPT < (02074E6B)>]
[11/28/2012 - 01:47:56PM] PLAYER_TRIGGER_LEAVE [ths1_TriggerEnterSCRIPT < (02074E6C)>]
[11/28/2012 - 01:47:56PM] PLAYER_DISTANCE_ACTOR [ObjectReference < (02089359)>] "Seamus" 259.465698
[11/28/2012 - 01:47:56PM] PLAYER_TRIGGER_LEAVE [ths1_TriggerEnterSCRIPT < (02074E6B)>]
[11/28/2012 - 01:47:57PM] PLAYER_DISTANCE_ACTOR [ObjectReference < (02089359)>] "Seamus" 603.627075
[11/28/2012 - 01:47:57PM] PLAYER_TRIGGER_ENTER [ths1_TriggerEnterSCRIPT < (02074E6A)>]
[11/28/2012 - 01:47:58PM] PLAYER_TRIGGER_ENTER [ths1_TriggerEnterSCRIPT < (02074E69)>]
[11/28/2012 - 01:47:58PM] PLAYER_TRIGGER_LEAVE [ths1_TriggerEnterSCRIPT < (02074E6A)>]
[11/28/2012 - 01:47:58PM] PLAYER_TRIGGER_LEAVE [ths1_TriggerEnterSCRIPT < (02074E69)>]
[11/28/2012 - 01:47:58PM] PLAYER_DISTANCE_ACTOR [ObjectReference < (02089359)>] "Seamus" 874.137756
[11/28/2012 - 01:47:59PM] PLAYER_DISTANCE_ACTOR [ObjectReference < (02089359)>] "Seamus" 716.227478
[11/28/2012 - 01:48:00PM] PLAYER_DISTANCE_ACTOR [ObjectReference < (02089359)>] "Seamus" 651.841003
[11/28/2012 - 01:48:01PM] PLAYER_DISTANCE_ACTOR [ObjectReference < (02089359)>] "Seamus" 898.774719
[11/28/2012 - 01:48:02PM] PLAYER_DISTANCE_ACTOR [ObjectReference < (02089359)>] "Seamus" 887.287415
[11/28/2012 - 01:48:03PM] PLAYER_MOVE None
[11/28/2012 - 01:48:03PM] PLAYER_DISTANCE_ACTOR [ObjectReference < (02089359)>] "Seamus" 732.107300
[11/28/2012 - 01:48:04PM] PLAYER_DISTANCE_ACTOR [ObjectReference < (02089359)>] "Seamus" 303.425720
[11/28/2012 - 01:48:05PM] PLAYER_DISTANCE_ACTOR [ObjectReference < (02089359)>] "Seamus" 80.056107
[11/28/2012 - 01:48:06PM] PLAYER_TRIGGER_ENTER [ths1_TriggerEnterSCRIPT < (0208C7AA)>]
[11/28/2012 - 01:48:07PM] PLAYER_CELL_CHANGE [Cell <Wilderness (02085D4C)>] ""
[11/28/2012 - 01:48:07PM] ACTOR_MOVE_TO_PLAYER [ObjectReference < (02089359)>] "Seamus"
[11/28/2012 - 01:48:07PM] PLAYER_WORLDSPACE_CHANGE [WorldSpace <ths1_Town (02085D17)>] "Town"
[11/28/2012 - 01:48:07PM] PLAYER_ACTOR_VIEW_GAIN [ObjectReference < (02089359)>] "Seamus"
[11/28/2012 - 01:48:07PM] PLAYER_DISTANCE_ACTOR [ObjectReference < (02089359)>] "Seamus" 68.006653
[11/28/2012 - 01:48:08PM] PLAYER_TRIGGER_LEAVE [ths1_TriggerEnterSCRIPT < (0208C7AA)>]
[11/28/2012 - 01:48:08PM] PLAYER_MOVE Run
[11/28/2012 - 01:48:08PM] PLAYER_TRIGGER_ENTER [ths1_TriggerEnterSCRIPT < (0208C7A8)>]
[11/28/2012 - 01:48:08PM] PLAYER_ACTOR_VIEW_LOSS [ObjectReference < (02089359)>] "Seamus"
[11/28/2012 - 01:48:08PM] PLAYER_DISTANCE_ACTOR [ObjectReference < (02089359)>] "Seamus" 278.473938
[11/28/2012 - 01:48:09PM] PLAYER_TRIGGER_LEAVE [ths1_TriggerEnterSCRIPT < (0208C7A8)>]
[11/28/2012 - 01:48:09PM] PLAYER_DISTANCE_ACTOR [ObjectReference < (02089359)>] "Seamus" 536.003967
[11/28/2012 - 01:48:10PM] PLAYER_DISTANCE_ACTOR [ObjectReference < (02089359)>] "Seamus" 846.513428
[11/28/2012 - 01:48:11PM] PLAYER_CELL_CHANGE [Cell <Wilderness (02085D42)>] ""
[11/28/2012 - 01:48:14PM] PLAYER_DISTANCE_ACTOR [ObjectReference < (02089359)>] "Seamus" 995.556152
[11/28/2012 - 01:48:15PM] PLAYER_DISTANCE_ACTOR [ObjectReference < (02089359)>] "Seamus" 1224.784790
[11/28/2012 - 01:48:16PM] PLAYER_DISTANCE_ACTOR [ObjectReference < (02089359)>] "Seamus" 1649.404175
[11/28/2012 - 01:48:17PM] PLAYER_CELL_CHANGE [Cell <Wilderness (02085D44)>] ""
[11/28/2012 - 01:48:24PM] PLAYER_TRIGGER_ENTER [ths1_TriggerEnterSCRIPT < (0208CD6A)>]
[11/28/2012 - 01:48:26PM] PLAYER_MOVE None
[11/28/2012 - 01:48:27PM] PLAYER_MOVE Run
[11/28/2012 - 01:48:34PM] PLAYER_TRIGGER_LEAVE [ths1_TriggerEnterSCRIPT < (0208CD6A)>]
[11/28/2012 - 01:48:34PM] PLAYER_TRIGGER_ENTER [ths1_TriggerEnterSCRIPT < (0208CD6A)>]
[11/28/2012 - 01:48:35PM] PLAYER_TRIGGER_LEAVE [ths1_TriggerEnterSCRIPT < (0208CD6A)>]
[11/28/2012 - 01:48:39PM] PLAYER_ACTOR_VIEW_GAIN [ObjectReference < (02089359)>] "Seamus"
[11/28/2012 - 01:48:40PM] PLAYER_ACTOR_VIEW_LOSS [ObjectReference < (02089359)>] "Seamus"
[11/28/2012 - 01:48:41PM] PLAYER_TRIGGER_ENTER [ths1_TriggerEnterSCRIPT < (0208C7A1)>]
[11/28/2012 - 01:48:42PM] PLAYER_MOVE None
[11/28/2012 - 01:48:43PM] PLAYER_TRIGGER_LEAVE [ths1_TriggerEnterSCRIPT < (0208C7A1)>]
[11/28/2012 - 01:48:45PM] PLAYER_CELL_CHANGE [Cell <ths1_IsaanHouse (0207113A)>] "Isaan's House"
[11/28/2012 - 01:48:45PM] ACTOR_MOVE_TO_PLAYER [ObjectReference < (02089359)>] "Seamus"
[11/28/2012 - 01:48:45PM] PLAYER_ACTOR_VIEW_GAIN [ObjectReference < (02089359)>] "Seamus"
[11/28/2012 - 01:48:45PM] PLAYER_DISTANCE_ACTOR [ObjectReference < (02089359)>] "Seamus" 70.711540
[11/28/2012 - 01:48:46PM] PLAYER_DISTANCE_ACTOR [ObjectReference < (02089359)>] "Seamus" 62.800961
[11/28/2012 - 01:48:47PM] PLAYER_DISTANCE_ACTOR [ObjectReference < (02089359)>] "Seamus" 66.468102
[11/28/2012 - 01:48:48PM] PLAYER_DISTANCE_ACTOR [ObjectReference < (02089359)>] "Seamus" 68.085938
[11/28/2012 - 01:48:49PM] PLAYER_DIALOGUE [TIF__0106B444 <topic info 0206B444 on quest ths1_MissingDog (02009344)>] NPC_SPEAKER [Actor < (02089359)>]
[11/28/2012 - 01:48:49PM] PLAYER_DISTANCE_ACTOR [ObjectReference < (02089359)>] "Seamus" 68.133171
[11/28/2012 - 01:48:50PM] PLAYER_DISTANCE_ACTOR [ObjectReference < (02089359)>] "Seamus" 69.014000
[11/28/2012 - 01:48:51PM] PLAYER_DISTANCE_ACTOR [ObjectReference < (02089359)>] "Seamus" 69.880524
[11/28/2012 - 01:48:52PM] PLAYER_DISTANCE_ACTOR [ObjectReference < (02089359)>] "Seamus" 70.768997
[11/28/2012 - 01:48:53PM] ACTOR_PACKAGE_START [ths1_MDQSeamusAliasSCRIPT <alias Seamus on quest ths1_MissingDog (02009344)>] "Seamus" : "[PF_ths1_SeamusReturnHomePack_0204FA01 < (0204FA01)>]"
[11/28/2012 - 01:48:53PM] PLAYER_DISTANCE_ACTOR [ObjectReference < (02089359)>] "Seamus" 144.025040
[11/28/2012 - 01:48:54PM] PLAYER_ACTOR_VIEW_LOSS [ObjectReference < (02089359)>] "Seamus"
[11/28/2012 - 01:48:54PM] PLAYER_DISTANCE_ACTOR [ObjectReference < (02089359)>] "Seamus" 176.387772
[11/28/2012 - 01:48:55PM] PLAYER_DISTANCE_ACTOR [ObjectReference < (02089359)>] "Seamus" 175.581863
[11/28/2012 - 01:48:56PM] PLAYER_DISTANCE_ACTOR [ObjectReference < (02089359)>] "Seamus" 174.933731
[11/28/2012 - 01:48:57PM] PLAYER_DIALOGUE [TIF__01063755 <topic info 02063755 on quest ths1_MissingDog (02009344)>] NPC_SPEAKER [Actor < (02071D11)>]
[11/28/2012 - 01:48:57PM] PLAYER_DISTANCE_ACTOR [ObjectReference < (02089359)>] "Seamus" 174.471191
[11/28/2012 - 01:48:58PM] PLAYER_DISTANCE_ACTOR [ObjectReference < (02089359)>] "Seamus" 174.345917
[11/28/2012 - 01:48:59PM] PLAYER_DISTANCE_ACTOR [ObjectReference < (02089359)>] "Seamus" 174.346115
[11/28/2012 - 01:48:59PM] PLAYER_DIALOGUE [TIF__0101430C <topic info 0201430C on quest ths1_MissingDog (02009344)>] NPC_SPEAKER [Actor < (02071D11)>]
[11/28/2012 - 01:49:00PM] PLAYER_DISTANCE_ACTOR [ObjectReference < (02089359)>] "Seamus" 174.346207
[11/28/2012 - 01:49:01PM] PLAYER_DISTANCE_ACTOR [ObjectReference < (02089359)>] "Seamus" 174.346207
[11/28/2012 - 01:49:02PM] PLAYER_DISTANCE_ACTOR [ObjectReference < (02089359)>] "Seamus" 174.346207
[11/28/2012 - 01:49:03PM] PLAYER_DISTANCE_ACTOR [ObjectReference < (02089359)>] "Seamus" 174.346207
[11/28/2012 - 01:49:04PM] PLAYER_DISTANCE_ACTOR [ObjectReference < (02089359)>] "Seamus" 174.346207
[11/28/2012 - 01:49:05PM] PLAYER_DISTANCE_ACTOR [ObjectReference < (02089359)>] "Seamus" 174.346207
[11/28/2012 - 01:49:06PM] PLAYER_DISTANCE_ACTOR [ObjectReference < (02089359)>] "Seamus" 174.346207
[11/28/2012 - 01:49:07PM] PLAYER_DISTANCE_ACTOR [ObjectReference < (02089359)>] "Seamus" 174.346207
[11/28/2012 - 01:49:08PM] PLAYER_DIALOGUE [TIF__0101651B <topic info 0201651B on quest ths1_MissingDog (02009344)>] NPC_SPEAKER [Actor < (02071D11)>]
[11/28/2012 - 01:49:08PM] PLAYER_DISTANCE_ACTOR [ObjectReference < (02089359)>] "Seamus" 174.346207
[11/28/2012 - 01:49:09PM] PLAYER_DISTANCE_ACTOR [ObjectReference < (02089359)>] "Seamus" 174.346207
[11/28/2012 - 01:49:10PM] PLAYER_DISTANCE_ACTOR [ObjectReference < (02089359)>] "Seamus" 174.346207
[11/28/2012 - 01:49:11PM] PLAYER_DIALOGUE [TIF__0101651D <topic info 0201651D on quest ths1_MissingDog (02009344)>] NPC_SPEAKER [Actor < (02071D11)>]
[11/28/2012 - 01:49:11PM] PLAYER_DISTANCE_ACTOR [ObjectReference < (02089359)>] "Seamus" 174.346207
[11/28/2012 - 01:49:12PM] PLAYER_DISTANCE_ACTOR [ObjectReference < (02089359)>] "Seamus" 174.297897
[11/28/2012 - 01:49:13PM] PLAYER_DISTANCE_ACTOR [ObjectReference < (02089359)>] "Seamus" 176.993011
[11/28/2012 - 01:49:14PM] PLAYER_DISTANCE_ACTOR [ObjectReference < (02089359)>] "Seamus" 177.603989
[11/28/2012 - 01:49:15PM] PLAYER_DISTANCE_ACTOR [ObjectReference < (02089359)>] "Seamus" 166.398148
[11/28/2012 - 01:49:16PM] PLAYER_DISTANCE_ACTOR [ObjectReference < (02089359)>] "Seamus" 166.398148
[11/28/2012 - 01:49:17PM] PLAYER_DISTANCE_ACTOR [ObjectReference < (02089359)>] "Seamus" 166.398148
[11/28/2012 - 01:49:18PM] PLAYER_DISTANCE_ACTOR [ObjectReference < (02089359)>] "Seamus" 166.398148
[11/28/2012 - 01:49:19PM] PLAYER_DISTANCE_ACTOR [ObjectReference < (02089359)>] "Seamus" 166.398148
[11/28/2012 - 01:49:20PM] PLAYER_MOVE Run
[11/28/2012 - 01:49:20PM] PLAYER_DISTANCE_ACTOR [ObjectReference < (02089359)>] "Seamus" 195.141815
[11/28/2012 - 01:49:21PM] PLAYER_DISTANCE_ACTOR [ObjectReference < (02089359)>] "Seamus" 425.340881
[11/28/2012 - 01:49:22PM] PLAYER_DISTANCE_ACTOR [ObjectReference < (02089359)>] "Seamus" 367.167480
[11/28/2012 - 01:49:23PM] PLAYER_DISTANCE_ACTOR [ObjectReference < (02089359)>] "Seamus" 266.863464
[11/28/2012 - 01:49:24PM] PLAYER_TRIGGER_ENTER [ths1_TriggerEnterSCRIPT < (02074E5C)>]
[11/28/2012 - 01:49:24PM] PLAYER_DISTANCE_ACTOR [ObjectReference < (02089359)>] "Seamus" 473.357300
[11/28/2012 - 01:49:25PM] PLAYER_DISTANCE_ACTOR [ObjectReference < (02089359)>] "Seamus" 633.168335
[11/28/2012 - 01:49:26PM] PLAYER_MOVE None
[11/28/2012 - 01:49:26PM] PLAYER_DISTANCE_ACTOR [ObjectReference < (02089359)>] "Seamus" 633.154114
[11/28/2012 - 01:49:27PM] PLAYER_DISTANCE_ACTOR [ObjectReference < (02089359)>] "Seamus" 633.154114
[11/28/2012 - 01:49:30PM] PLAYER_DISTANCE_ACTOR [ObjectReference < (02089359)>] "Seamus" 633.112366
[11/28/2012 - 01:49:31PM] PLAYER_DISTANCE_ACTOR [ObjectReference < (02089359)>] "Seamus" 633.085815
[11/28/2012 - 01:49:32PM] PLAYER_DISTANCE_ACTOR [ObjectReference < (02089359)>] "Seamus" 633.072876
[11/28/2012 - 01:49:33PM] PLAYER_MOVE Run
[11/28/2012 - 01:49:33PM] PLAYER_DISTANCE_ACTOR [ObjectReference < (02089359)>] "Seamus" 588.640015
[11/28/2012 - 01:49:34PM] PLAYER_MOVE None
[11/28/2012 - 01:49:34PM] PLAYER_DISTANCE_ACTOR [ObjectReference < (02089359)>] "Seamus" 590.770386
[11/28/2012 - 01:49:35PM] PLAYER_MOVE Run
[11/28/2012 - 01:49:35PM] PLAYER_DISTANCE_ACTOR [ObjectReference < (02089359)>] "Seamus" 502.219391
[11/28/2012 - 01:49:35PM] PLAYER_TRIGGER_LEAVE [ths1_TriggerEnterSCRIPT < (02074E5C)>]
[11/28/2012 - 01:49:36PM] PLAYER_DISTANCE_ACTOR [ObjectReference < (02089359)>] "Seamus" 269.269073
[11/28/2012 - 01:49:37PM] PLAYER_MOVE None
[11/28/2012 - 01:49:37PM] PLAYER_DISTANCE_ACTOR [ObjectReference < (02089359)>] "Seamus" 265.190674
[11/28/2012 - 01:49:38PM] PLAYER_DISTANCE_ACTOR [ObjectReference < (02089359)>] "Seamus" 265.190674
[11/28/2012 - 01:49:39PM] PLAYER_DISTANCE_ACTOR [ObjectReference < (02089359)>] "Seamus" 251.930710
[11/28/2012 - 01:49:40PM] PLAYER_DISTANCE_ACTOR [ObjectReference < (02089359)>] "Seamus" 251.930710
[11/28/2012 - 01:49:41PM] PLAYER_POV_CHANGE THIRD_PERSON
[11/28/2012 - 01:49:41PM] PLAYER_DISTANCE_ACTOR [ObjectReference < (02089359)>] "Seamus" 252.261383
[11/28/2012 - 01:49:42PM] PLAYER_DISTANCE_ACTOR [ObjectReference < (02089359)>] "Seamus" 252.261383
[11/28/2012 - 01:49:43PM] PLAYER_DISTANCE_ACTOR [ObjectReference < (02089359)>] "Seamus" 252.261368
[11/28/2012 - 01:49:48PM] Log closed
