[11/28/2012 - 03:33:51PM] 0 log opened (PC)
[11/28/2012 - 03:33:51PM] QUEST_INIT "Master Quest"
[11/28/2012 - 03:33:51PM] QUEST_INIT [ths1_CaptiveOrcQuestSCRIPT <ths1_CaptiveOrc (0201A9F8)>] "The Museum Attraction"
[11/28/2012 - 03:33:51PM] QUEST_INIT [ths1_BBQScript <ths1_BarrianBookQuest (0204540C)>] "'What's That You're Reading, Barrian?'" [ths1_BBQScript <ths1_BarrianBookQuest (0204540C)>]
[11/28/2012 - 03:33:51PM] QUEST_INIT [ths1_CaptiveOrcQuestSCRIPT <ths1_CaptiveOrc (0201A9F8)>] "The Museum Attraction"
[11/28/2012 - 03:33:51PM] PLAYER_ITEM_OBTAIN [Form < (00012E4D)>] None "Iron Helmet" COUNT 1 CONTAINER None
[11/28/2012 - 03:33:51PM] QUEST_INIT [ths1_MDQScript <ths1_MissingDog (02009344)>] "Missing Dog"
[11/28/2012 - 03:33:51PM] QUEST_INIT "Master Quest"
[11/28/2012 - 03:33:51PM] PLAYER_ITEM_OBTAIN [Form < (00012E49)>] None "Iron Armor" COUNT 1 CONTAINER None
[11/28/2012 - 03:33:51PM] QUEST_INIT [ths1_MDQScript <ths1_MissingDog (02009344)>] "Missing Dog"
[11/28/2012 - 03:33:51PM] PLAYER_ITEM_OBTAIN [MiscObject < (0000000F)>] None "gold" COUNT 1000 CONTAINER None
[11/28/2012 - 03:33:51PM] ACTOR_PACKAGE_START [ths1_MDQSeamusAliasSCRIPT <alias Seamus on quest ths1_MissingDog (02009344)>] "Seamus" : "[PF_ths1_SeamusReturnHomePack_0204FA01 < (0204FA01)>]"
[11/28/2012 - 03:33:51PM] PLAYER_ITEM_OBTAIN [Form < (00012E46)>] None "Iron Gauntlets" COUNT 1 CONTAINER None
[11/28/2012 - 03:33:51PM] PLAYER_ITEM_OBTAIN [Form < (00012E4B)>] None "Iron Boots" COUNT 1 CONTAINER None
[11/28/2012 - 03:33:51PM] PLAYER_ITEM_OBTAIN [MiscObject < (0000000F)>] None "gold" COUNT 1000 CONTAINER None
[11/28/2012 - 03:39:44PM] QUEST_STAGE_CHANGE [ths1_CCQScript <ths1_CapturedCatQUEST (0203B916)>] "Here, Kitty" 10
[11/28/2012 - 03:39:48PM] QUEST_STAGE_CHANGE [ths1_CCQScript <ths1_CapturedCatQUEST (0203B916)>] "Here, Kitty" 20
[11/28/2012 - 03:43:08PM] PLAYER_DIALOGUE [TIF__0105C556 <topic info 0205C556 on quest ths1_CapturedCatQUEST (0203B916)>] NPC_SPEAKER [Actor < (02039836)>]
[11/28/2012 - 03:52:47PM] PLAYER_DOOR_ACTIVATE [ths1_COQRescueOrcScript <alias OrcCageDoor on quest ths1_CaptiveOrc (0201A9F8)>] "OrcCageDoor"
[11/28/2012 - 03:53:29PM] PLAYER_DOOR_ACTIVATE [ths1_COQRescueOrcScript <alias OrcCageDoor on quest ths1_CaptiveOrc (0201A9F8)>] "OrcCageDoor"
[11/28/2012 - 03:54:31PM] Log closed
