[11/15/2012 - 02:18:15PM] 12 log opened (PC)
[11/15/2012 - 02:18:15PM] PLAYER_MOVE Run
[11/15/2012 - 02:18:17PM] PLAYER_MOVE None
[11/15/2012 - 02:18:19PM] PLAYER_MOVE Run
[11/15/2012 - 02:18:19PM] PLAYER_TRIGGER_ENTER [ths1_TriggerEnterSCRIPT < (02074E57)>]
[11/15/2012 - 02:18:19PM] PLAYER_TRIGGER_ENTER [ths1_TriggerEnterSCRIPT < (02074E53)>]
[11/15/2012 - 02:18:20PM] PLAYER_MOVE None
[11/15/2012 - 02:18:20PM] PLAYER_TRIGGER_LEAVE [ths1_TriggerEnterSCRIPT < (02074E57)>]
[11/15/2012 - 02:18:24PM] PLAYER_ITEM_OBTAIN [Form < (000139B7)>] [ObjectReference < (020711F4)>] "Daedric Greatsword" COUNT 1 CONTAINER None
[11/15/2012 - 02:18:27PM] PLAYER_GRAB[ObjectReference < (0207120C)>] "Daedric Bow"
[11/15/2012 - 02:18:28PM] PLAYER_GRAB[ObjectReference < (0207120C)>] "Daedric Bow"
[11/15/2012 - 02:18:29PM] PLAYER_GRAB[ObjectReference < (0207120C)>] "Daedric Bow"
[11/15/2012 - 02:18:31PM] PLAYER_ITEM_OBTAIN [Form < (000139B5)>] [ObjectReference < (0207120C)>] "Daedric Bow" COUNT 1 CONTAINER None
[11/15/2012 - 02:18:33PM] PLAYER_ITEM_OBTAIN [Form < (000139B3)>] [ObjectReference < (020711F6)>] "Daedric War Axe" COUNT 1 CONTAINER None
[11/15/2012 - 02:18:35PM] PLAYER_TRIGGER_ENTER [ths1_TriggerEnterSCRIPT < (02074E57)>]
[11/15/2012 - 02:18:35PM] PLAYER_TRIGGER_LEAVE [ths1_TriggerEnterSCRIPT < (02074E53)>]
[11/15/2012 - 02:18:35PM] PLAYER_TRIGGER_ENTER [ths1_TriggerEnterSCRIPT < (02074E53)>]
[11/15/2012 - 02:19:29PM] PLAYER_ITEM_OBTAIN [Form < (000139B8)>] [ObjectReference < (020711F5)>] "Daedric Mace" COUNT 1 CONTAINER None
[11/15/2012 - 02:19:30PM] PLAYER_TRIGGER_LEAVE [ths1_TriggerEnterSCRIPT < (02074E57)>]
[11/15/2012 - 02:19:33PM] PLAYER_TRIGGER_LEAVE [ths1_TriggerEnterSCRIPT < (02074E53)>]
[11/15/2012 - 02:19:33PM] PLAYER_ITEM_OBTAIN [Form < (000139C0)>] [ObjectReference < (0207120B)>] "Daedric Arrow" COUNT 50 CONTAINER None
[11/15/2012 - 02:20:24PM] PLAYER_MOVE Run
[11/15/2012 - 02:20:24PM] PLAYER_TRIGGER_ENTER [ths1_TriggerEnterSCRIPT < (02074E53)>]
[11/15/2012 - 02:20:25PM] PLAYER_TRIGGER_LEAVE [ths1_TriggerEnterSCRIPT < (02074E53)>]
[11/15/2012 - 02:20:31PM] PLAYER_MOVE None
[11/15/2012 - 02:20:33PM] PLAYER_WEAPON_RIGHT [WEAPON < (000139B7)>] "Daedric Greatsword"
[11/15/2012 - 02:20:34PM] PLAYER_MOVE Run
[11/15/2012 - 02:20:36PM] PLAYER_TRIGGER_ENTER [ths1_TriggerEnterSCRIPT < (02074E51)>]
[11/15/2012 - 02:20:36PM] PLAYER_TRIGGER_LEAVE [ths1_TriggerEnterSCRIPT < (02074E51)>]
[11/15/2012 - 02:20:37PM] PLAYER_TRIGGER_ENTER [ths1_TriggerEnterSCRIPT < (02074E50)>]
[11/15/2012 - 02:20:37PM] PLAYER_TRIGGER_LEAVE [ths1_TriggerEnterSCRIPT < (02074E50)>]
[11/15/2012 - 02:20:38PM] PLAYER_TRIGGER_ENTER [ths1_TriggerEnterSCRIPT < (02074E4F)>]
[11/15/2012 - 02:20:38PM] PLAYER_MOVE None
[11/15/2012 - 02:20:39PM] PLAYER_TRIGGER_LEAVE [ths1_TriggerEnterSCRIPT < (02074E4F)>]
[11/15/2012 - 02:20:39PM] PLAYER_TRIGGER_ENTER [ths1_TriggerEnterSCRIPT < (02074E4F)>]
[11/15/2012 - 02:20:41PM] PLAYER_TRIGGER_LEAVE [ths1_TriggerEnterSCRIPT < (02074E4F)>]
[11/15/2012 - 02:20:41PM] PLAYER_MOVE Run
[11/15/2012 - 02:20:41PM] PLAYER_TRIGGER_ENTER [ths1_TriggerEnterSCRIPT < (02074E54)>]
[11/15/2012 - 02:20:42PM] PLAYER_MOVE None
[11/15/2012 - 02:20:43PM] PLAYER_MOVE Run
[11/15/2012 - 02:20:43PM] PLAYER_TRIGGER_LEAVE [ths1_TriggerEnterSCRIPT < (02074E54)>]
[11/15/2012 - 02:20:44PM] PLAYER_TRIGGER_ENTER [ths1_TriggerEnterSCRIPT < (02074E4F)>]
[11/15/2012 - 02:20:45PM] PLAYER_MOVE None
[11/15/2012 - 02:20:47PM] PLAYER_TRIGGER_ENTER [ths1_TriggerEnterSCRIPT < (0208C788)>]
[11/15/2012 - 02:20:47PM] PLAYER_TRIGGER_LEAVE [ths1_TriggerEnterSCRIPT < (02074E4F)>]
[11/15/2012 - 02:20:48PM] PLAYER_CELL_CHANGE [Cell <Wilderness (02085D56)>] ""
[11/15/2012 - 02:20:48PM] PLAYER_WORLDSPACE_CHANGE [WorldSpace <ths1_Town (02085D17)>] "Town"
[11/15/2012 - 02:20:49PM] PLAYER_TRIGGER_LEAVE [ths1_TriggerEnterSCRIPT < (0208C788)>]
[11/15/2012 - 02:20:51PM] PLAYER_TRIGGER_ENTER [ths1_TriggerEnterSCRIPT < (0208C788)>]
[11/15/2012 - 02:20:51PM] PLAYER_MOVE Run
[11/15/2012 - 02:20:52PM] PLAYER_MOVE None
[11/15/2012 - 02:20:53PM] PLAYER_TRIGGER_LEAVE [ths1_TriggerEnterSCRIPT < (0208C788)>]
[11/15/2012 - 02:20:53PM] PLAYER_MOVE Run
[11/15/2012 - 02:20:54PM] PLAYER_TRIGGER_ENTER [ths1_TriggerEnterSCRIPT < (0208C788)>]
[11/15/2012 - 02:20:54PM] PLAYER_MOVE None
[11/15/2012 - 02:20:54PM] PLAYER_TRIGGER_LEAVE [ths1_TriggerEnterSCRIPT < (0208C788)>]
[11/15/2012 - 02:20:55PM] PLAYER_TRIGGER_ENTER [ths1_TriggerEnterSCRIPT < (0208C788)>]
[11/15/2012 - 02:20:55PM] PLAYER_MOVE Run
[11/15/2012 - 02:20:55PM] PLAYER_TRIGGER_LEAVE [ths1_TriggerEnterSCRIPT < (0208C788)>]
[11/15/2012 - 02:20:57PM] PLAYER_TRIGGER_ENTER [ths1_TriggerEnterSCRIPT < (0208CD5B)>]
[11/15/2012 - 02:20:59PM] PLAYER_MOVE None
[11/15/2012 - 02:21:03PM] PLAYER_ITEM_OBTAIN [Form < (00083E64)>] None "Grass Pod" COUNT 1 CONTAINER None
[11/15/2012 - 02:21:04PM] PLAYER_MOVE Run
[11/15/2012 - 02:21:05PM] PLAYER_TRIGGER_LEAVE [ths1_TriggerEnterSCRIPT < (0208CD5B)>]
[11/15/2012 - 02:21:09PM] PLAYER_TRIGGER_ENTER [ths1_TriggerEnterSCRIPT < (0208C788)>]
[11/15/2012 - 02:21:09PM] PLAYER_TRIGGER_LEAVE [ths1_TriggerEnterSCRIPT < (0208C788)>]
[11/15/2012 - 02:21:10PM] PLAYER_CELL_CHANGE [Cell <Wilderness (02085D34)>] ""
[11/15/2012 - 02:21:13PM] PLAYER_TRIGGER_ENTER [ths1_TriggerEnterSCRIPT < (0208CDAB)>]
[11/15/2012 - 02:21:14PM] PLAYER_MOVE None
[11/15/2012 - 02:21:17PM] PLAYER_DIALOGUE [TIF__0207FA85 <topic info 0207FA85 on quest ths1_MasterQuest (020319F7)>] NPC_SPEAKER [Actor < (0208BC45)>]
[11/15/2012 - 02:21:20PM] PLAYER_DIALOGUE [TIF__0208EEAE <topic info 0208EEAE on quest ths1_MasterQuest (020319F7)>] NPC_SPEAKER [Actor < (0208BC45)>]
[11/15/2012 - 02:21:31PM] PLAYER_DIALOGUE [TIF__0208EEB2 <topic info 0208EEB2 on quest ths1_MasterQuest (020319F7)>] NPC_SPEAKER [Actor < (0208BC45)>]
[11/15/2012 - 02:21:41PM] PLAYER_TRIGGER_LEAVE [ths1_TriggerEnterSCRIPT < (0208CDAB)>]
[11/15/2012 - 02:21:41PM] PLAYER_MOVE Run
[11/15/2012 - 02:21:44PM] PLAYER_ACTOR_VIEW_GAIN [ObjectReference < (02089359)>] "Seamus"
[11/15/2012 - 02:21:47PM] PLAYER_TRIGGER_ENTER [ths1_TriggerEnterSCRIPT < (0208CD5A)>]
[11/15/2012 - 02:21:48PM] PLAYER_MOVE None
[11/15/2012 - 02:21:49PM] PLAYER_MOVE Run
[11/15/2012 - 02:21:49PM] PLAYER_ACTOR_VIEW_LOSS [ObjectReference < (02089359)>] "Seamus"
[11/15/2012 - 02:21:50PM] PLAYER_TRIGGER_LEAVE [ths1_TriggerEnterSCRIPT < (0208CD5A)>]
[11/15/2012 - 02:21:50PM] PLAYER_TRIGGER_ENTER [ths1_TriggerEnterSCRIPT < (0208CD5A)>]
[11/15/2012 - 02:21:50PM] PLAYER_TRIGGER_LEAVE [ths1_TriggerEnterSCRIPT < (0208CD5A)>]
[11/15/2012 - 02:21:52PM] PLAYER_TRIGGER_ENTER [ths1_TriggerEnterSCRIPT < (0208C7A7)>]
[11/15/2012 - 02:21:53PM] PLAYER_CELL_CHANGE [Cell <Wilderness (02085D4C)>] ""
[11/15/2012 - 02:21:53PM] PLAYER_WEAPON_WITHDRAWN
[11/15/2012 - 02:21:54PM] PLAYER_MOVE None
[11/15/2012 - 02:22:01PM] PLAYER_MOVE Run
[11/15/2012 - 02:22:02PM] PLAYER_TRIGGER_LEAVE [ths1_TriggerEnterSCRIPT < (0208C7A7)>]
[11/15/2012 - 02:22:07PM] PLAYER_TRIGGER_ENTER [ths1_TriggerEnterSCRIPT < (0208C7C0)>]
[11/15/2012 - 02:22:08PM] PLAYER_MOVE None
[11/15/2012 - 02:22:11PM] PLAYER_TRIGGER_ENTER [ths1_TriggerEnterSCRIPT < (020748BF)>]
[11/15/2012 - 02:22:11PM] PLAYER_TRIGGER_LEAVE [ths1_TriggerEnterSCRIPT < (0208C7C0)>]
[11/15/2012 - 02:22:11PM] PLAYER_CELL_CHANGE [Cell <ths1_MuseumInterior (02044D5A)>] "Bubbsey's Oddity Emporium"
[11/15/2012 - 02:22:14PM] PLAYER_MOVE Run
[11/15/2012 - 02:22:15PM] PLAYER_MOVE None
[11/15/2012 - 02:22:17PM] PLAYER_TRIGGER_ENTER [ths1_TriggerEnterSCRIPT < (020748C7)>]
[11/15/2012 - 02:22:17PM] PLAYER_TRIGGER_LEAVE [ths1_TriggerEnterSCRIPT < (020748BF)>]
[11/15/2012 - 02:22:17PM] PLAYER_MOVE Run
[11/15/2012 - 02:22:17PM] PLAYER_TRIGGER_LEAVE [ths1_TriggerEnterSCRIPT < (020748C7)>]
[11/15/2012 - 02:22:17PM] PLAYER_TRIGGER_ENTER [ths1_TriggerEnterSCRIPT < (020748CB)>]
[11/15/2012 - 02:22:18PM] PLAYER_MOVE None
[11/15/2012 - 02:22:19PM] PLAYER_TRIGGER_LEAVE [ths1_TriggerEnterSCRIPT < (020748CB)>]
[11/15/2012 - 02:22:19PM] PLAYER_TRIGGER_ENTER [ths1_TriggerEnterSCRIPT < (020748CB)>]
[11/15/2012 - 02:22:21PM] PLAYER_TRIGGER_LEAVE [ths1_TriggerEnterSCRIPT < (020748CB)>]
[11/15/2012 - 02:22:22PM] PLAYER_MOVE Run
[11/15/2012 - 02:22:22PM] PLAYER_TRIGGER_ENTER [ths1_TriggerEnterSCRIPT < (020748CB)>]
[11/15/2012 - 02:22:22PM] PLAYER_TRIGGER_LEAVE [ths1_TriggerEnterSCRIPT < (020748CB)>]
[11/15/2012 - 02:22:24PM] PLAYER_DIALOGUE [TIF__01064239 <topic info 02064239 on quest ths1_CaptiveOrc (0201A9F8)>] NPC_SPEAKER [Actor < (02049751)>]
[11/15/2012 - 02:22:25PM] PLAYER_MOVE None
[11/15/2012 - 02:22:30PM] QUEST_STAGE_CHANGE [ths1_CaptiveOrcQuestSCRIPT <ths1_CaptiveOrc (0201A9F8)>] "The Museum Attraction" 3
[11/15/2012 - 02:22:31PM] PLAYER_DIALOGUE [TIF__0103F01B <topic info 0203F01B on quest ths1_CaptiveOrc (0201A9F8)>] NPC_SPEAKER [Actor < (02049751)>]
[11/15/2012 - 02:22:39PM] PLAYER_DIALOGUE [TIF__0103F01D <topic info 0203F01D on quest ths1_CaptiveOrc (0201A9F8)>] NPC_SPEAKER [Actor < (02049751)>]
[11/15/2012 - 02:22:43PM] PLAYER_MOVE Run
[11/15/2012 - 02:22:44PM] PLAYER_MOVE None
[11/15/2012 - 02:22:45PM] PLAYER_MOVE Run
[11/15/2012 - 02:22:46PM] PLAYER_MOVE None
[11/15/2012 - 02:22:52PM] PLAYER_MOVE Run
[11/15/2012 - 02:22:53PM] PLAYER_MOVE None
[11/15/2012 - 02:22:55PM] PLAYER_TRIGGER_ENTER [ths1_TriggerEnterSCRIPT < (020748D4)>]
[11/15/2012 - 02:22:58PM] PLAYER_MOVE Run
[11/15/2012 - 02:22:58PM] PLAYER_TRIGGER_LEAVE [ths1_TriggerEnterSCRIPT < (020748D4)>]
[11/15/2012 - 02:22:59PM] PLAYER_MOVE None
[11/15/2012 - 02:23:01PM] QUEST_STAGE_CHANGE [ths1_CaptiveOrcQuestSCRIPT <ths1_CaptiveOrc (0201A9F8)>] "The Museum Attraction" 5
[11/15/2012 - 02:23:01PM] ACTOR_DOOR_OPEN [Actor < (02049751)>] "Bubbsey" : [ths1_MuseumHiddenDoorSCRIPT <alias MuseumHiddenDoor on quest ths1_CaptiveOrc (0201A9F8)>] "MuseumHiddenDoor"
[11/15/2012 - 02:23:04PM] PLAYER_MOVE Run
[11/15/2012 - 02:23:04PM] PLAYER_TRIGGER_ENTER [ths1_TriggerEnterSCRIPT < (020748D5)>]
[11/15/2012 - 02:23:05PM] PLAYER_TRIGGER_LEAVE [ths1_TriggerEnterSCRIPT < (020748D5)>]
[11/15/2012 - 02:23:07PM] PLAYER_MOVE None
[11/15/2012 - 02:23:08PM] PLAYER_TRIGGER_ENTER [ths1_NearOrcCageTrigScript <alias NearMuseumOrcCageTrigALIAS on quest ths1_CaptiveOrc (0201A9F8)>]
[11/15/2012 - 02:23:09PM] QUEST_STAGE_CHANGE [ths1_CaptiveOrcQuestSCRIPT <ths1_CaptiveOrc (0201A9F8)>] "The Museum Attraction" 10
[11/15/2012 - 02:23:15PM] PLAYER_DIALOGUE [TIF__0101A9FC <topic info 0201A9FC on quest ths1_CaptiveOrc (0201A9F8)>] NPC_SPEAKER [Actor < (020491E3)>]
[11/15/2012 - 02:23:24PM] PLAYER_DIALOGUE [TIF__020727F4 <topic info 020727F4 on quest ths1_CaptiveOrc (0201A9F8)>] NPC_SPEAKER [Actor < (020491E3)>]
[11/15/2012 - 02:23:30PM] PLAYER_DIALOGUE [TIF__020810CF <topic info 020810CF on quest ths1_CaptiveOrc (0201A9F8)>] NPC_SPEAKER [Actor < (020491E3)>]
[11/15/2012 - 02:23:33PM] PLAYER_DIALOGUE [TIF__01063CCD <topic info 02063CCD on quest ths1_CaptiveOrc (0201A9F8)>] NPC_SPEAKER [Actor < (020491E3)>]
[11/15/2012 - 02:23:36PM] PLAYER_DIALOGUE [TIF__01068352 <topic info 02068352 on quest ths1_CaptiveOrc (0201A9F8)>] NPC_SPEAKER [Actor < (020491E3)>]
[11/15/2012 - 02:23:40PM] PLAYER_DIALOGUE [TIF__01068354 <topic info 02068354 on quest ths1_CaptiveOrc (0201A9F8)>] NPC_SPEAKER [Actor < (020491E3)>]
[11/15/2012 - 02:23:48PM] PLAYER_ITEM_OBTAIN [Form < (0003AD71)>] [ObjectReference < (02044DD6)>] "Taproot" COUNT 1 CONTAINER None
[11/15/2012 - 02:23:51PM] PLAYER_ITEM_OBTAIN [Form < (00064B2F)>] [ObjectReference < (02081BDB)>] "Green Apple" COUNT 1 CONTAINER None
[11/15/2012 - 02:23:51PM] PLAYER_MOVE Run
[11/15/2012 - 02:23:52PM] PLAYER_MOVE None
[11/15/2012 - 02:23:55PM] PLAYER_ITEM_OBTAIN [Form < (00065C97)>] [ObjectReference < (02081BD9)>] "Bread" COUNT 1 CONTAINER None
[11/15/2012 - 02:23:56PM] PLAYER_MOVE Run
[11/15/2012 - 02:23:58PM] PLAYER_ITEM_OBTAIN [Form < (0005076E)>] None "Juniper Berries" COUNT 4 CONTAINER [ObjectReference < (02044DED)>]
[11/15/2012 - 02:24:00PM] PLAYER_MOVE None
[11/15/2012 - 02:24:02PM] PLAYER_ITEM_OBTAIN [Form < (000EDB2E)>] [ObjectReference < (02049CFC)>] "Dog Meat" COUNT 1 CONTAINER None
[11/15/2012 - 02:24:11PM] PLAYER_DIALOGUE [TIF__020727F4 <topic info 020727F4 on quest ths1_CaptiveOrc (0201A9F8)>] NPC_SPEAKER [Actor < (020491E3)>]
[11/15/2012 - 02:24:16PM] PLAYER_DIALOGUE [TIF__020810CF <topic info 020810CF on quest ths1_CaptiveOrc (0201A9F8)>] NPC_SPEAKER [Actor < (020491E3)>]
[11/15/2012 - 02:24:20PM] PLAYER_DIALOGUE [TIF__020727F4 <topic info 020727F4 on quest ths1_CaptiveOrc (0201A9F8)>] NPC_SPEAKER [Actor < (020491E3)>]
[11/15/2012 - 02:24:24PM] PLAYER_ITEM_REMOVED [Form < (00064B2F)>] [ObjectReference < (02081BDB)>] "Green Apple" COUNT 1 CONTAINER [ObjectReference < (020491E3)>]
[11/15/2012 - 02:24:28PM] PLAYER_DIALOGUE [TIF__020810CD <topic info 020810CD on quest ths1_CaptiveOrc (0201A9F8)>] NPC_SPEAKER [Actor < (020491E3)>]
[11/15/2012 - 02:24:33PM] PLAYER_MOVE Run
[11/15/2012 - 02:24:34PM] PLAYER_MOVE None
[11/15/2012 - 02:24:37PM] PLAYER_MOVE Run
[11/15/2012 - 02:24:38PM] PLAYER_MOVE None
[11/15/2012 - 02:24:40PM] PLAYER_TRIGGER_ENTER [ths1_NearOrcCageTrigScript <alias NearMuseumOrcCageTrigALIAS on quest ths1_CaptiveOrc (0201A9F8)>]
[11/15/2012 - 02:24:42PM] PLAYER_ITEM_OBTAIN [Form < (0003AD64)>] [ObjectReference < (02044DE1)>] "Giant's Toe" COUNT 1 CONTAINER None
[11/15/2012 - 02:24:43PM] PLAYER_ITEM_OBTAIN [Form < (0003AD73)>] [ObjectReference < (02044DE2)>] "Glow Dust" COUNT 1 CONTAINER None
[11/15/2012 - 02:24:44PM] PLAYER_MOVE Run
[11/15/2012 - 02:24:45PM] PLAYER_MOVE None
[11/15/2012 - 02:24:49PM] PLAYER_MOVE Run
[11/15/2012 - 02:24:50PM] PLAYER_TRIGGER_ENTER [ths1_TriggerEnterSCRIPT < (020748D5)>]
[11/15/2012 - 02:24:51PM] PLAYER_TRIGGER_LEAVE [ths1_TriggerEnterSCRIPT < (020748D5)>]
[11/15/2012 - 02:24:53PM] PLAYER_MOVE None
[11/15/2012 - 02:24:53PM] PLAYER_TRIGGER_ENTER [ths1_TriggerEnterSCRIPT < (020748D4)>]
[11/15/2012 - 02:24:54PM] PLAYER_MOVE Run
[11/15/2012 - 02:24:55PM] PLAYER_MOVE None
[11/15/2012 - 02:24:57PM] PLAYER_TRIGGER_LEAVE [ths1_TriggerEnterSCRIPT < (020748D4)>]
[11/15/2012 - 02:24:57PM] PLAYER_MOVE Run
[11/15/2012 - 02:24:57PM] PLAYER_TRIGGER_ENTER [ths1_TriggerEnterSCRIPT < (020748D4)>]
[11/15/2012 - 02:24:58PM] PLAYER_TRIGGER_LEAVE [ths1_TriggerEnterSCRIPT < (020748D4)>]
[11/15/2012 - 02:25:00PM] PLAYER_MOVE None
[11/15/2012 - 02:25:01PM] PLAYER_MOVE Run
[11/15/2012 - 02:25:04PM] PLAYER_MOVE None
[11/15/2012 - 02:25:06PM] PLAYER_MOVE Run
[11/15/2012 - 02:25:09PM] PLAYER_TRIGGER_ENTER [ths1_TriggerEnterSCRIPT < (020748D3)>]
[11/15/2012 - 02:25:09PM] PLAYER_TRIGGER_LEAVE [ths1_TriggerEnterSCRIPT < (020748D3)>]
[11/15/2012 - 02:25:09PM] PLAYER_TRIGGER_ENTER [ths1_TriggerEnterSCRIPT < (020748D1)>]
[11/15/2012 - 02:25:10PM] PLAYER_MOVE None
[11/15/2012 - 02:25:11PM] PLAYER_DISPLAY_CASE_OPEN [ths1_DisplayCaseScript < (02044E6F)>]
[11/15/2012 - 02:25:13PM] PLAYER_MOVE Run
[11/15/2012 - 02:25:14PM] PLAYER_MOVE None
[11/15/2012 - 02:25:17PM] PLAYER_MOVE Run
[11/15/2012 - 02:25:17PM] PLAYER_TRIGGER_ENTER [ths1_TriggerEnterSCRIPT < (020748D0)>]
[11/15/2012 - 02:25:18PM] PLAYER_TRIGGER_LEAVE [ths1_TriggerEnterSCRIPT < (020748D1)>]
[11/15/2012 - 02:25:19PM] PLAYER_TRIGGER_ENTER [ths1_TriggerEnterSCRIPT < (020748CF)>]
[11/15/2012 - 02:25:19PM] PLAYER_MOVE None
[11/15/2012 - 02:25:21PM] PLAYER_DISPLAY_CASE_OPEN [ths1_DisplayCaseScript < (02044E6E)>]
[11/15/2012 - 02:25:23PM] PLAYER_MOVE Run
[11/15/2012 - 02:25:23PM] PLAYER_TRIGGER_LEAVE [ths1_TriggerEnterSCRIPT < (020748D0)>]
[11/15/2012 - 02:25:24PM] PLAYER_TRIGGER_LEAVE [ths1_TriggerEnterSCRIPT < (020748CF)>]
[11/15/2012 - 02:25:25PM] PLAYER_MOVE None
[11/15/2012 - 02:25:26PM] PLAYER_MOVE Run
[11/15/2012 - 02:25:27PM] PLAYER_TRIGGER_ENTER [ths1_TriggerEnterSCRIPT < (020748CE)>]
[11/15/2012 - 02:25:28PM] PLAYER_TRIGGER_LEAVE [ths1_TriggerEnterSCRIPT < (020748CE)>]
[11/15/2012 - 02:25:33PM] PLAYER_MOVE None
[11/15/2012 - 02:25:34PM] PLAYER_MOVE Run
[11/15/2012 - 02:25:35PM] PLAYER_MOVE None
[11/15/2012 - 02:25:41PM] PLAYER_DIALOGUE [TIF__0106683D <topic info 0206683D on quest ths1_CaptiveOrc (0201A9F8)>] NPC_SPEAKER [Actor < (02049751)>]
[11/15/2012 - 02:25:47PM] PLAYER_MOVE Run
[11/15/2012 - 02:25:49PM] PLAYER_MOVE None
[11/15/2012 - 02:25:50PM] PLAYER_BOOK_READ [ths1_BookOfOrcsScript <alias OrcBook on quest ths1_CaptiveOrc (0201A9F8)>]
[11/15/2012 - 02:25:59PM] PLAYER_MOVE Run
[11/15/2012 - 02:26:00PM] PLAYER_MOVE None
[11/15/2012 - 02:26:03PM] PLAYER_MOVE Run
[11/15/2012 - 02:26:05PM] PLAYER_TRIGGER_ENTER [ths1_TriggerEnterSCRIPT < (020748C8)>]
[11/15/2012 - 02:26:06PM] PLAYER_MOVE None
[11/15/2012 - 02:26:08PM] PLAYER_DISPLAY_CASE_OPEN [ths1_DisplayCaseScript < (02044E1F)>]
[11/15/2012 - 02:26:08PM] PLAYER_MOVE Run
[11/15/2012 - 02:26:09PM] PLAYER_TRIGGER_ENTER [ths1_TriggerEnterSCRIPT < (020748BF)>]
[11/15/2012 - 02:26:09PM] PLAYER_TRIGGER_LEAVE [ths1_TriggerEnterSCRIPT < (020748C8)>]
[11/15/2012 - 02:26:09PM] PLAYER_MOVE None
[11/15/2012 - 02:26:10PM] PLAYER_TRIGGER_ENTER [ths1_TriggerEnterSCRIPT < (020748C7)>]
[11/15/2012 - 02:26:10PM] PLAYER_TRIGGER_LEAVE [ths1_TriggerEnterSCRIPT < (020748BF)>]
[11/15/2012 - 02:26:11PM] PLAYER_TRIGGER_ENTER [ths1_TriggerEnterSCRIPT < (020748BF)>]
[11/15/2012 - 02:26:12PM] PLAYER_TRIGGER_LEAVE [ths1_TriggerEnterSCRIPT < (020748C7)>]
[11/15/2012 - 02:26:15PM] PLAYER_TRIGGER_ENTER [ths1_TriggerEnterSCRIPT < (0208C7C0)>]
[11/15/2012 - 02:26:15PM] PLAYER_TRIGGER_LEAVE [ths1_TriggerEnterSCRIPT < (020748BF)>]
[11/15/2012 - 02:26:15PM] PLAYER_CELL_CHANGE [Cell <Wilderness (02085D4C)>] ""
[11/15/2012 - 02:26:15PM] PLAYER_WORLDSPACE_CHANGE [WorldSpace <ths1_Town (02085D17)>] "Town"
[11/15/2012 - 02:26:16PM] PLAYER_MOVE Run
[11/15/2012 - 02:26:17PM] PLAYER_TRIGGER_LEAVE [ths1_TriggerEnterSCRIPT < (0208C7C0)>]
[11/15/2012 - 02:26:18PM] PLAYER_ACTOR_VIEW_GAIN [ObjectReference < (02089359)>] "Seamus"
[11/15/2012 - 02:26:19PM] PLAYER_ACTOR_VIEW_LOSS [ObjectReference < (02089359)>] "Seamus"
[11/15/2012 - 02:26:25PM] PLAYER_TRIGGER_ENTER [ths1_TriggerEnterSCRIPT < (0208C7AA)>]
[11/15/2012 - 02:26:26PM] PLAYER_MOVE None
[11/15/2012 - 02:26:27PM] PLAYER_TRIGGER_LEAVE [ths1_TriggerEnterSCRIPT < (0208C7AA)>]
[11/15/2012 - 02:26:28PM] PLAYER_TRIGGER_ENTER [ths1_TriggerEnterSCRIPT < (0208C7AA)>]
[11/15/2012 - 02:26:31PM] PLAYER_TRIGGER_LEAVE [ths1_TriggerEnterSCRIPT < (0208C7AA)>]
[11/15/2012 - 02:26:32PM] PLAYER_CELL_CHANGE [Cell <ths1_TempleInterior (02019CC3)>] "Town Temple"
[11/15/2012 - 02:26:33PM] PLAYER_MOVE Run
[11/15/2012 - 02:26:36PM] PLAYER_MOVE None
[11/15/2012 - 02:26:39PM] PLAYER_MOVE Run
[11/15/2012 - 02:26:40PM] PLAYER_MOVE None
[11/15/2012 - 02:26:40PM] PLAYER_DIALOGUE [TIF__0106B44A <topic info 0206B44A on quest ths1_BarrianBookQuest (0204540C)>] NPC_SPEAKER [Actor < (020371D2)>]
[11/15/2012 - 02:26:43PM] PLAYER_DIALOGUE [TIF__020826E9 <topic info 020826E9 on quest ths1_BarrianBookQuest (0204540C)>] NPC_SPEAKER [Actor < (020371D2)>]
[11/15/2012 - 02:26:48PM] PLAYER_DIALOGUE [TIF__01045418 <topic info 02045418 on quest ths1_BarrianBookQuest (0204540C)>] NPC_SPEAKER [Actor < (020371D2)>]
[11/15/2012 - 02:26:52PM] QUEST_STAGE_CHANGE [ths1_BBQScript <ths1_BarrianBookQuest (0204540C)>] "'What's That You're Reading, Barrian?'" 10
[11/15/2012 - 02:26:53PM] PLAYER_DIALOGUE [TIF__020826E6 <topic info 020826E6 on quest ths1_BarrianBookQuest (0204540C)>] NPC_SPEAKER [Actor < (020371D2)>]
[11/15/2012 - 02:27:03PM] PLAYER_MOVE Run
[11/15/2012 - 02:27:05PM] PLAYER_MOVE None
[11/15/2012 - 02:27:06PM] PLAYER_DIALOGUE [TIF__02074354 <topic info 02074354 on quest ths1_BarrianBookQuest (0204540C)>] NPC_SPEAKER [Actor < (020371CE)>]
[11/15/2012 - 02:27:08PM] PLAYER_DIALOGUE [TIF__02074354 <topic info 02074354 on quest ths1_BarrianBookQuest (0204540C)>] NPC_SPEAKER [Actor < (020371CE)>]
[11/15/2012 - 02:27:10PM] PLAYER_MOVE Run
[11/15/2012 - 02:27:11PM] PLAYER_MOVE None
[11/15/2012 - 02:27:14PM] PLAYER_MOVE Run
[11/15/2012 - 02:27:15PM] PLAYER_MOVE None
[11/15/2012 - 02:27:15PM] PLAYER_DIALOGUE [TIF__02074354 <topic info 02074354 on quest ths1_BarrianBookQuest (0204540C)>] NPC_SPEAKER [Actor < (02045410)>]
[11/15/2012 - 02:27:31PM] PLAYER_DIALOGUE [TIF__010469EA <topic info 020469EA on quest ths1_BarrianBookQuest (0204540C)>] NPC_SPEAKER [Actor < (020371CF)>]
[11/15/2012 - 02:27:33PM] PLAYER_DIALOGUE [TIF__010469ED <topic info 020469ED on quest ths1_BarrianBookQuest (0204540C)>] NPC_SPEAKER [Actor < (020371CF)>]
[11/15/2012 - 02:27:37PM] PLAYER_DIALOGUE [TIF__01048092 <topic info 02048092 on quest ths1_BarrianBookQuest (0204540C)>] NPC_SPEAKER [Actor < (020371CF)>]
[11/15/2012 - 02:27:39PM] PLAYER_DIALOGUE [TIF__01048094 <topic info 02048094 on quest ths1_BarrianBookQuest (0204540C)>] NPC_SPEAKER [Actor < (020371CF)>]
[11/15/2012 - 02:27:42PM] PLAYER_MOVE Run
[11/15/2012 - 02:27:45PM] QUEST_STAGE_CHANGE [ths1_BBQScript <ths1_BarrianBookQuest (0204540C)>] "'What's That You're Reading, Barrian?'" 15
[11/15/2012 - 02:27:45PM] PLAYER_MOVE None
[11/15/2012 - 02:27:46PM] PLAYER_BOOK_READ [ths1_BBQJokeBookReadScript <alias JokeBook1 on quest ths1_BarrianBookQuest (0204540C)>] JokeBook1
[11/15/2012 - 02:27:59PM] PLAYER_ITEM_OBTAIN [Form < (020371D7)>] [ObjectReference < (020371D9)>] "Book of Jokes" COUNT 1 CONTAINER None
[11/15/2012 - 02:28:00PM] QUEST_STAGE_CHANGE [ths1_BBQScript <ths1_BarrianBookQuest (0204540C)>] "'What's That You're Reading, Barrian?'" 20
[11/15/2012 - 02:28:09PM] PLAYER_MOVE Run
[11/15/2012 - 02:28:10PM] PLAYER_MOVE None
[11/15/2012 - 02:28:12PM] PLAYER_TRIGGER_ENTER [ths1_TriggerEnterSCRIPT < (02074E60)>]
[11/15/2012 - 02:28:12PM] PLAYER_TRIGGER_ENTER [ths1_TriggerEnterSCRIPT < (02074E5E)>]
[11/15/2012 - 02:28:12PM] PLAYER_TRIGGER_LEAVE [ths1_TriggerEnterSCRIPT < (02074E60)>]
[11/15/2012 - 02:28:12PM] PLAYER_TRIGGER_LEAVE [ths1_TriggerEnterSCRIPT < (02074E5E)>]
[11/15/2012 - 02:28:12PM] PLAYER_MOVE Run
[11/15/2012 - 02:28:14PM] PLAYER_MOVE None
[11/15/2012 - 02:28:21PM] PLAYER_TRIGGER_ENTER [ths1_TriggerEnterSCRIPT < (02074E5F)>]
[11/15/2012 - 02:28:23PM] PLAYER_TRIGGER_ENTER [ths1_TriggerEnterSCRIPT < (02074E61)>]
[11/15/2012 - 02:28:25PM] PLAYER_DIALOGUE [TIF__0104BD93 <topic info 0204BD93 on quest ths1_BarrianBookQuest (0204540C)>] NPC_SPEAKER [Actor < (020371CF)>]
[11/15/2012 - 02:28:31PM] PLAYER_DIALOGUE [TIF__0104BD95 <topic info 0204BD95 on quest ths1_BarrianBookQuest (0204540C)>] NPC_SPEAKER [Actor < (020371CF)>]
[11/15/2012 - 02:28:34PM] PLAYER_DIALOGUE [TIF__0104BD99 <topic info 0204BD99 on quest ths1_BarrianBookQuest (0204540C)>] NPC_SPEAKER [Actor < (020371CF)>]
[11/15/2012 - 02:28:35PM] AI_PACKAGE_START [ths1_PackageLogSCRIPT <alias Barrian on quest ths1_BarrianBookQuest (0204540C)>]PACKAGE [Package < (0205845A)>]
[11/15/2012 - 02:28:36PM] QUEST_STAGE_CHANGE [ths1_BBQScript <ths1_BarrianBookQuest (0204540C)>] "'What's That You're Reading, Barrian?'" 30
[11/15/2012 - 02:28:41PM] PLAYER_TRIGGER_LEAVE [ths1_TriggerEnterSCRIPT < (02074E61)>]
[11/15/2012 - 02:28:54PM] PLAYER_TRIGGER_ENTER [ths1_TriggerEnterSCRIPT < (02074E61)>]
[11/15/2012 - 02:28:55PM] PLAYER_TRIGGER_LEAVE [ths1_TriggerEnterSCRIPT < (02074E5F)>]
[11/15/2012 - 02:28:57PM] PLAYER_TRIGGER_ENTER [ths1_EnterTempleBookshelfTrigScript <alias TempleBookshelfTrigger on quest ths1_BarrianBookQuest (0204540C)>]
[11/15/2012 - 02:28:57PM] PLAYER_TRIGGER_LEAVE [ths1_TriggerEnterSCRIPT < (02074E61)>]
[11/15/2012 - 02:28:58PM] PLAYER_TRIGGER_ENTER [ths1_EnterTempleBookshelfTrigScript <alias TempleBookshelfTrigger on quest ths1_BarrianBookQuest (0204540C)>]
[11/15/2012 - 02:28:58PM] PLAYER_MOVE Run
[11/15/2012 - 02:28:58PM] QUEST_STAGE_CHANGE [ths1_BBQScript <ths1_BarrianBookQuest (0204540C)>] "'What's That You're Reading, Barrian?'" 35
[11/15/2012 - 02:28:59PM] PLAYER_MOVE None
[11/15/2012 - 02:29:00PM] AI_PACKAGE_START [ths1_PackageLogSCRIPT <alias Barrian on quest ths1_BarrianBookQuest (0204540C)>]PACKAGE [Package < (0003EAB9)>]
[11/15/2012 - 02:29:04PM] PLAYER_READ_BOOK "[ths1_BookReadScript < (020662CF)>]"
[11/15/2012 - 02:29:11PM] PLAYER_READ_BOOK "[ths1_BookReadScript < (020662CE)>]"
[11/15/2012 - 02:29:33PM] PLAYER_TRIGGER_ENTER [ths1_EnterTempleBookshelfTrigScript <alias TempleBookshelfTrigger on quest ths1_BarrianBookQuest (0204540C)>]
[11/15/2012 - 02:29:33PM] PLAYER_MOVE Run
[11/15/2012 - 02:29:34PM] PLAYER_MOVE None
[11/15/2012 - 02:29:41PM] PLAYER_READ_BOOK "[ths1_BookReadScript < (020662CF)>]"
[11/15/2012 - 02:29:43PM] PLAYER_ITEM_OBTAIN [Form < (0001AD13)>] [ObjectReference < (020662CF)>] "The Red Book of Riddles" COUNT 1 CONTAINER None
[11/15/2012 - 02:29:45PM] PLAYER_READ_BOOK "[ths1_BookReadScript < (020662CE)>]"
[11/15/2012 - 02:30:31PM] PLAYER_ITEM_OBTAIN [Form < (0001B274)>] [ObjectReference < (020662CE)>] "Yellow Book of Riddles" COUNT 1 CONTAINER None
[11/15/2012 - 02:30:33PM] PLAYER_MOVE Run
[11/15/2012 - 02:30:34PM] PLAYER_MOVE None
[11/15/2012 - 02:30:34PM] PLAYER_TRIGGER_ENTER [ths1_EnterTempleBookshelfTrigScript <alias TempleBookshelfTrigger on quest ths1_BarrianBookQuest (0204540C)>]
[11/15/2012 - 02:30:35PM] PLAYER_MOVE Run
[11/15/2012 - 02:30:39PM] PLAYER_MOVE None
[11/15/2012 - 02:30:40PM] PLAYER_DIALOGUE [TIF__0106B447 <topic info 0206B447 on quest ths1_BarrianBookQuest (0204540C)>] NPC_SPEAKER [Actor < (020371D2)>]
[11/15/2012 - 02:30:45PM] PLAYER_ITEM_REMOVED [Form < (020371D7)>] [ObjectReference < (020371D9)>] "Book of Jokes" COUNT 1 CONTAINER [ObjectReference < (020371D2)>]
[11/15/2012 - 02:30:49PM] QUEST_STAGE_CHANGE [ths1_BBQScript <ths1_BarrianBookQuest (0204540C)>] "'What's That You're Reading, Barrian?'" 40
[11/15/2012 - 02:30:49PM] QUEST_COMPLETED [ths1_BBQScript <ths1_BarrianBookQuest (0204540C)>]  "'What's That You're Reading, Barrian?'"
[11/15/2012 - 02:30:52PM] PLAYER_DIALOGUE [TIF__0106B44A <topic info 0206B44A on quest ths1_BarrianBookQuest (0204540C)>] NPC_SPEAKER [Actor < (020371D2)>]
[11/15/2012 - 02:30:53PM] PLAYER_DIALOGUE [TIF__020826E9 <topic info 020826E9 on quest ths1_BarrianBookQuest (0204540C)>] NPC_SPEAKER [Actor < (020371D2)>]
[11/15/2012 - 02:30:55PM] PLAYER_DIALOGUE [TIF__020826E6 <topic info 020826E6 on quest ths1_BarrianBookQuest (0204540C)>] NPC_SPEAKER [Actor < (020371D2)>]
[11/15/2012 - 02:31:01PM] PLAYER_TRIGGER_ENTER [ths1_TriggerEnterSCRIPT < (02074E62)>]
[11/15/2012 - 02:31:02PM] PLAYER_MOVE Run
[11/15/2012 - 02:31:03PM] PLAYER_TRIGGER_ENTER [ths1_TriggerEnterSCRIPT < (02074E63)>]
[11/15/2012 - 02:31:03PM] PLAYER_TRIGGER_LEAVE [ths1_TriggerEnterSCRIPT < (02074E62)>]
[11/15/2012 - 02:31:03PM] PLAYER_TRIGGER_LEAVE [ths1_TriggerEnterSCRIPT < (02074E63)>]
[11/15/2012 - 02:31:04PM] PLAYER_TRIGGER_ENTER [ths1_TriggerEnterSCRIPT < (02074E64)>]
[11/15/2012 - 02:31:05PM] PLAYER_MOVE None
[11/15/2012 - 02:31:06PM] PLAYER_MOVE Run
[11/15/2012 - 02:31:06PM] PLAYER_TRIGGER_LEAVE [ths1_TriggerEnterSCRIPT < (02074E64)>]
[11/15/2012 - 02:31:08PM] PLAYER_TRIGGER_ENTER [ths1_TriggerEnterSCRIPT < (02074E67)>]
[11/15/2012 - 02:31:08PM] PLAYER_TRIGGER_LEAVE [ths1_TriggerEnterSCRIPT < (02074E67)>]
[11/15/2012 - 02:31:09PM] PLAYER_TRIGGER_ENTER [ths1_TriggerEnterSCRIPT < (02074E67)>]
[11/15/2012 - 02:31:09PM] PLAYER_TRIGGER_ENTER [ths1_TriggerEnterSCRIPT < (02074E68)>]
[11/15/2012 - 02:31:09PM] PLAYER_TRIGGER_LEAVE [ths1_TriggerEnterSCRIPT < (02074E67)>]
[11/15/2012 - 02:31:10PM] PLAYER_TRIGGER_LEAVE [ths1_TriggerEnterSCRIPT < (02074E68)>]
[11/15/2012 - 02:31:10PM] PLAYER_MOVE None
[11/15/2012 - 02:31:12PM] PLAYER_TRIGGER_ENTER [ths1_TriggerEnterSCRIPT < (02074E68)>]
[11/15/2012 - 02:31:12PM] PLAYER_TRIGGER_ENTER [ths1_TriggerEnterSCRIPT < (02074E67)>]
[11/15/2012 - 02:31:12PM] PLAYER_TRIGGER_LEAVE [ths1_TriggerEnterSCRIPT < (02074E68)>]
[11/15/2012 - 02:31:12PM] PLAYER_TRIGGER_LEAVE [ths1_TriggerEnterSCRIPT < (02074E67)>]
[11/15/2012 - 02:31:12PM] PLAYER_MOVE Run
[11/15/2012 - 02:31:14PM] PLAYER_MOVE None
[11/15/2012 - 02:31:15PM] PLAYER_MOVE Run
[11/15/2012 - 02:31:17PM] PLAYER_TRIGGER_ENTER [ths1_TriggerEnterSCRIPT < (02074E64)>]
[11/15/2012 - 02:31:17PM] PLAYER_TRIGGER_LEAVE [ths1_TriggerEnterSCRIPT < (02074E64)>]
[11/15/2012 - 02:31:19PM] PLAYER_TRIGGER_ENTER [ths1_TriggerEnterSCRIPT < (02074E63)>]
[11/15/2012 - 02:31:19PM] PLAYER_TRIGGER_ENTER [ths1_TriggerEnterSCRIPT < (02074E62)>]
[11/15/2012 - 02:31:19PM] PLAYER_TRIGGER_LEAVE [ths1_TriggerEnterSCRIPT < (02074E63)>]
[11/15/2012 - 02:31:20PM] PLAYER_TRIGGER_LEAVE [ths1_TriggerEnterSCRIPT < (02074E62)>]
[11/15/2012 - 02:31:21PM] PLAYER_TRIGGER_ENTER [ths1_TriggerEnterSCRIPT < (02074E69)>]
[11/15/2012 - 02:31:21PM] PLAYER_TRIGGER_ENTER [ths1_TriggerEnterSCRIPT < (02074E6A)>]
[11/15/2012 - 02:31:21PM] PLAYER_TRIGGER_LEAVE [ths1_TriggerEnterSCRIPT < (02074E69)>]
[11/15/2012 - 02:31:22PM] PLAYER_TRIGGER_LEAVE [ths1_TriggerEnterSCRIPT < (02074E6A)>]
[11/15/2012 - 02:31:22PM] PLAYER_MOVE None
[11/15/2012 - 02:31:25PM] PLAYER_MOVE Run
[11/15/2012 - 02:31:25PM] PLAYER_TRIGGER_ENTER [ths1_TriggerEnterSCRIPT < (02074E6B)>]
[11/15/2012 - 02:31:25PM] PLAYER_TRIGGER_ENTER [ths1_TriggerEnterSCRIPT < (02074E6C)>]
[11/15/2012 - 02:31:25PM] PLAYER_TRIGGER_LEAVE [ths1_TriggerEnterSCRIPT < (02074E6B)>]
[11/15/2012 - 02:31:26PM] PLAYER_TRIGGER_LEAVE [ths1_TriggerEnterSCRIPT < (02074E6C)>]
[11/15/2012 - 02:31:28PM] PLAYER_MOVE None
[11/15/2012 - 02:31:30PM] PLAYER_MOVE Run
[11/15/2012 - 02:31:31PM] PLAYER_TRIGGER_ENTER [ths1_TriggerEnterSCRIPT < (02074E6C)>]
[11/15/2012 - 02:31:32PM] PLAYER_TRIGGER_LEAVE [ths1_TriggerEnterSCRIPT < (02074E6C)>]
[11/15/2012 - 02:31:32PM] PLAYER_TRIGGER_ENTER [ths1_TriggerEnterSCRIPT < (02074E6B)>]
[11/15/2012 - 02:31:32PM] PLAYER_TRIGGER_LEAVE [ths1_TriggerEnterSCRIPT < (02074E6B)>]
[11/15/2012 - 02:31:33PM] PLAYER_TRIGGER_ENTER [ths1_TriggerEnterSCRIPT < (02074E6A)>]
[11/15/2012 - 02:31:33PM] PLAYER_TRIGGER_ENTER [ths1_TriggerEnterSCRIPT < (02074E69)>]
[11/15/2012 - 02:31:33PM] PLAYER_TRIGGER_LEAVE [ths1_TriggerEnterSCRIPT < (02074E6A)>]
[11/15/2012 - 02:31:33PM] PLAYER_TRIGGER_LEAVE [ths1_TriggerEnterSCRIPT < (02074E69)>]
[11/15/2012 - 02:31:38PM] PLAYER_MOVE None
[11/15/2012 - 02:31:39PM] PLAYER_CELL_CHANGE [Cell <Wilderness (02085D4C)>] ""
[11/15/2012 - 02:31:40PM] PLAYER_WORLDSPACE_CHANGE [WorldSpace <ths1_Town (02085D17)>] "Town"
[11/15/2012 - 02:31:40PM] PLAYER_TRIGGER_ENTER [ths1_TriggerEnterSCRIPT < (0208C7AA)>]
[11/15/2012 - 02:31:41PM] PLAYER_MOVE Run
[11/15/2012 - 02:31:41PM] PLAYER_ACTOR_VIEW_GAIN [ObjectReference < (02089359)>] "Seamus"
[11/15/2012 - 02:31:41PM] PLAYER_TRIGGER_LEAVE [ths1_TriggerEnterSCRIPT < (0208C7AA)>]
[11/15/2012 - 02:31:42PM] PLAYER_TRIGGER_ENTER [ths1_TriggerEnterSCRIPT < (0208C7A8)>]
[11/15/2012 - 02:31:42PM] PLAYER_TRIGGER_LEAVE [ths1_TriggerEnterSCRIPT < (0208C7A8)>]
[11/15/2012 - 02:31:43PM] PLAYER_ACTOR_VIEW_LOSS [ObjectReference < (02089359)>] "Seamus"
[11/15/2012 - 02:31:45PM] PLAYER_CELL_CHANGE [Cell <Wilderness (02085D42)>] ""
[11/15/2012 - 02:31:46PM] PLAYER_ACTOR_VIEW_GAIN [ObjectReference < (02089359)>] "Seamus"
[11/15/2012 - 02:31:47PM] PLAYER_ACTOR_VIEW_LOSS [ObjectReference < (02089359)>] "Seamus"
[11/15/2012 - 02:31:51PM] PLAYER_MOVE Sprint
[11/15/2012 - 02:31:53PM] PLAYER_DISTANCE_ACTOR [ObjectReference < (02089359)>] "Seamus" 1206.517700
[11/15/2012 - 02:31:53PM] PLAYER_CELL_CHANGE [Cell <Wilderness (02085D44)>] ""
[11/15/2012 - 02:31:54PM] PLAYER_MOVE Run
[11/15/2012 - 02:31:54PM] PLAYER_DISTANCE_ACTOR [ObjectReference < (02089359)>] "Seamus" 1238.187378
[11/15/2012 - 02:31:55PM] PLAYER_DISTANCE_ACTOR [ObjectReference < (02089359)>] "Seamus" 1166.642700
[11/15/2012 - 02:31:56PM] PLAYER_MOVE Sprint
[11/15/2012 - 02:31:56PM] PLAYER_DISTANCE_ACTOR [ObjectReference < (02089359)>] "Seamus" 1301.846191
[11/15/2012 - 02:31:57PM] PLAYER_DISTANCE_ACTOR [ObjectReference < (02089359)>] "Seamus" 1509.272339
[11/15/2012 - 02:31:57PM] PLAYER_TRIGGER_ENTER [ths1_TriggerEnterSCRIPT < (0208CD6A)>]
[11/15/2012 - 02:31:58PM] PLAYER_MOVE Run
[11/15/2012 - 02:31:58PM] PLAYER_DISTANCE_ACTOR [ObjectReference < (02089359)>] "Seamus" 1629.530029
[11/15/2012 - 02:31:58PM] PLAYER_TRIGGER_LEAVE [ths1_TriggerEnterSCRIPT < (0208CD6A)>]
[11/15/2012 - 02:31:58PM] PLAYER_TRIGGER_ENTER [ths1_TriggerEnterSCRIPT < (0208CD6A)>]
[11/15/2012 - 02:31:59PM] PLAYER_DISTANCE_ACTOR [ObjectReference < (02089359)>] "Seamus" 1853.008667
[11/15/2012 - 02:31:59PM] PLAYER_TRIGGER_LEAVE [ths1_TriggerEnterSCRIPT < (0208CD6A)>]
[11/15/2012 - 02:32:00PM] PLAYER_TRIGGER_ENTER [ths1_TriggerEnterSCRIPT < (0208CD6A)>]
[11/15/2012 - 02:32:00PM] PLAYER_DISTANCE_ACTOR [ObjectReference < (02089359)>] "Seamus" 1650.757080
[11/15/2012 - 02:32:00PM] PLAYER_TRIGGER_LEAVE [ths1_TriggerEnterSCRIPT < (0208CD6A)>]
[11/15/2012 - 02:32:01PM] PLAYER_DISTANCE_ACTOR [ObjectReference < (02089359)>] "Seamus" 1370.367188
[11/15/2012 - 02:32:01PM] PLAYER_TRIGGER_ENTER [ths1_TriggerEnterSCRIPT < (0208CD6A)>]
[11/15/2012 - 02:32:02PM] PLAYER_MOVE Sprint
[11/15/2012 - 02:32:02PM] PLAYER_DISTANCE_ACTOR [ObjectReference < (02089359)>] "Seamus" 1451.475586
[11/15/2012 - 02:32:03PM] PLAYER_MOVE Run
[11/15/2012 - 02:32:03PM] PLAYER_DISTANCE_ACTOR [ObjectReference < (02089359)>] "Seamus" 1520.804810
[11/15/2012 - 02:32:04PM] PLAYER_MOVE None
[11/15/2012 - 02:32:04PM] PLAYER_DISTANCE_ACTOR [ObjectReference < (02089359)>] "Seamus" 1472.330200
[11/15/2012 - 02:32:05PM] PLAYER_MOVE Run
[11/15/2012 - 02:32:05PM] PLAYER_TRIGGER_LEAVE [ths1_TriggerEnterSCRIPT < (0208CD6A)>]
[11/15/2012 - 02:32:05PM] PLAYER_TRIGGER_ENTER [ths1_TriggerEnterSCRIPT < (0208CD6A)>]
[11/15/2012 - 02:32:05PM] PLAYER_DISTANCE_ACTOR [ObjectReference < (02089359)>] "Seamus" 1209.421875
[11/15/2012 - 02:32:06PM] PLAYER_DISTANCE_ACTOR [ObjectReference < (02089359)>] "Seamus" 1346.211548
[11/15/2012 - 02:32:07PM] PLAYER_DISTANCE_ACTOR [ObjectReference < (02089359)>] "Seamus" 1566.557983
[11/15/2012 - 02:32:08PM] PLAYER_MOVE None
[11/15/2012 - 02:32:08PM] PLAYER_DISTANCE_ACTOR [ObjectReference < (02089359)>] "Seamus" 1565.321899
[11/15/2012 - 02:32:09PM] PLAYER_MOVE Run
[11/15/2012 - 02:32:09PM] PLAYER_DISTANCE_ACTOR [ObjectReference < (02089359)>] "Seamus" 1730.288818
[11/15/2012 - 02:32:10PM] PLAYER_DISTANCE_ACTOR [ObjectReference < (02089359)>] "Seamus" 1573.826904
[11/15/2012 - 02:32:11PM] PLAYER_MOVE Sprint
[11/15/2012 - 02:32:11PM] PLAYER_DISTANCE_ACTOR [ObjectReference < (02089359)>] "Seamus" 1088.223267
[11/15/2012 - 02:32:11PM] PLAYER_TRIGGER_LEAVE [ths1_TriggerEnterSCRIPT < (0208CD6A)>]
[11/15/2012 - 02:32:12PM] PLAYER_ACTOR_VIEW_LOSS [ObjectReference < (02089359)>] "Seamus"
[11/15/2012 - 02:32:12PM] PLAYER_DISTANCE_ACTOR [ObjectReference < (02089359)>] "Seamus" 599.606873
[11/15/2012 - 02:32:13PM] PLAYER_MOVE Run
[11/15/2012 - 02:32:13PM] PLAYER_DISTANCE_ACTOR [ObjectReference < (02089359)>] "Seamus" 272.387024
[11/15/2012 - 02:32:14PM] PLAYER_MOVE None
[11/15/2012 - 02:32:14PM] PLAYER_DISTANCE_ACTOR [ObjectReference < (02089359)>] "Seamus" 131.214584
[11/15/2012 - 02:32:15PM] PLAYER_DISTANCE_ACTOR [ObjectReference < (02089359)>] "Seamus" 131.214584
[11/15/2012 - 02:32:16PM] PLAYER_DIALOGUE [TIF__01013D2B <topic info 02013D2B on quest ths1_MissingDog (02009344)>] NPC_SPEAKER [Actor < (02089359)>]
[11/15/2012 - 02:32:16PM] PLAYER_DISTANCE_ACTOR [ObjectReference < (02089359)>] "Seamus" 131.214584
[11/15/2012 - 02:32:17PM] PLAYER_DISTANCE_ACTOR [ObjectReference < (02089359)>] "Seamus" 131.214584
[11/15/2012 - 02:32:18PM] PLAYER_DISTANCE_ACTOR [ObjectReference < (02089359)>] "Seamus" 131.214584
[11/15/2012 - 02:32:19PM] QUEST_STAGE_CHANGE [ths1_MDQScript <ths1_MissingDog (02009344)>] "Missing Dog" 5
[11/15/2012 - 02:32:19PM] PLAYER_DISTANCE_ACTOR [ObjectReference < (02089359)>] "Seamus" 131.214584
[11/15/2012 - 02:32:20PM] PLAYER_DISTANCE_ACTOR [ObjectReference < (02089359)>] "Seamus" 131.214584
[11/15/2012 - 02:32:21PM] PLAYER_DISTANCE_ACTOR [ObjectReference < (02089359)>] "Seamus" 131.214584
[11/15/2012 - 02:32:22PM] PLAYER_DISTANCE_ACTOR [ObjectReference < (02089359)>] "Seamus" 131.214584
[11/15/2012 - 02:32:23PM] PLAYER_DISTANCE_ACTOR [ObjectReference < (02089359)>] "Seamus" 131.214584
[11/15/2012 - 02:32:24PM] PLAYER_DISTANCE_ACTOR [ObjectReference < (02089359)>] "Seamus" 131.214584
[11/15/2012 - 02:32:25PM] PLAYER_DISTANCE_ACTOR [ObjectReference < (02089359)>] "Seamus" 131.214584
[11/15/2012 - 02:32:25PM] PLAYER_DIALOGUE [TIF__0100A949 <topic info 0200A949 on quest ths1_MissingDog (02009344)>] NPC_SPEAKER [Actor < (02089359)>]
[11/15/2012 - 02:32:26PM] PLAYER_DISTANCE_ACTOR [ObjectReference < (02089359)>] "Seamus" 132.258270
[11/15/2012 - 02:32:27PM] PLAYER_DISTANCE_ACTOR [ObjectReference < (02089359)>] "Seamus" 132.744659
[11/15/2012 - 02:32:28PM] PLAYER_DISTANCE_ACTOR [ObjectReference < (02089359)>] "Seamus" 132.941269
[11/15/2012 - 02:32:28PM] PLAYER_DIALOGUE [TIF__01063CC2 <topic info 02063CC2 on quest ths1_MissingDog (02009344)>] NPC_SPEAKER [Actor < (02089359)>]
[11/15/2012 - 02:32:29PM] PLAYER_DISTANCE_ACTOR [ObjectReference < (02089359)>] "Seamus" 132.941269
[11/15/2012 - 02:32:30PM] PLAYER_DISTANCE_ACTOR [ObjectReference < (02089359)>] "Seamus" 132.941269
[11/15/2012 - 02:32:31PM] PLAYER_DISTANCE_ACTOR [ObjectReference < (02089359)>] "Seamus" 132.941269
[11/15/2012 - 02:32:32PM] PLAYER_DISTANCE_ACTOR [ObjectReference < (02089359)>] "Seamus" 132.941269
[11/15/2012 - 02:32:32PM] PLAYER_DIALOGUE [TIF__0100DBAF <topic info 0200DBAF on quest ths1_MissingDog (02009344)>] NPC_SPEAKER [Actor < (02089359)>]
[11/15/2012 - 02:32:33PM] PLAYER_DISTANCE_ACTOR [ObjectReference < (02089359)>] "Seamus" 132.941269
[11/15/2012 - 02:32:34PM] PLAYER_DISTANCE_ACTOR [ObjectReference < (02089359)>] "Seamus" 122.723221
[11/15/2012 - 02:32:35PM] PLAYER_TRIGGER_ENTER [ths1_TriggerEnterSCRIPT < (0208C7A1)>]
[11/15/2012 - 02:32:35PM] PLAYER_ACTOR_VIEW_LOSS [ObjectReference < (02089359)>] "Seamus"
[11/15/2012 - 02:32:35PM] PLAYER_DISTANCE_ACTOR [ObjectReference < (02089359)>] "Seamus" 202.212128
[11/15/2012 - 02:32:35PM] ACTOR_PACKAGE_START [ths1_MDQSeamusAliasSCRIPT <alias Seamus on quest ths1_MissingDog (02009344)>] "Seamus" : "[PF_ths1_SeamusFollowerPackag_0201C01E < (0201C01E)>]"
[11/15/2012 - 02:32:36PM] PLAYER_TRIGGER_LEAVE [ths1_TriggerEnterSCRIPT < (0208C7A1)>]
[11/15/2012 - 02:32:36PM] QUEST_STAGE_CHANGE [ths1_MDQScript <ths1_MissingDog (02009344)>] "Missing Dog" 10
[11/15/2012 - 02:32:36PM] PLAYER_DISTANCE_ACTOR [ObjectReference < (02089359)>] "Seamus" 326.505829
[11/15/2012 - 02:32:37PM] PLAYER_DISTANCE_ACTOR [ObjectReference < (02089359)>] "Seamus" 301.315094
[11/15/2012 - 02:32:39PM] PLAYER_CELL_CHANGE [Cell <ths1_IsaanHouse (0207113A)>] "Isaan's House"
[11/15/2012 - 02:32:39PM] ACTOR_MOVE_TO_PLAYER [ObjectReference < (02089359)>] "Seamus"
[11/15/2012 - 02:32:39PM] PLAYER_ACTOR_VIEW_GAIN [ObjectReference < (02089359)>] "Seamus"
[11/15/2012 - 02:32:39PM] PLAYER_DISTANCE_ACTOR [ObjectReference < (02089359)>] "Seamus" 88.306473
[11/15/2012 - 02:32:40PM] PLAYER_DISTANCE_ACTOR [ObjectReference < (02089359)>] "Seamus" 62.843895
[11/15/2012 - 02:32:41PM] PLAYER_ACTOR_VIEW_LOSS [ObjectReference < (02089359)>] "Seamus"
[11/15/2012 - 02:32:41PM] PLAYER_DISTANCE_ACTOR [ObjectReference < (02089359)>] "Seamus" 62.867271
[11/15/2012 - 02:32:42PM] PLAYER_DISTANCE_ACTOR [ObjectReference < (02089359)>] "Seamus" 62.867271
[11/15/2012 - 02:32:43PM] PLAYER_DISTANCE_ACTOR [ObjectReference < (02089359)>] "Seamus" 76.516975
[11/15/2012 - 02:32:44PM] PLAYER_DISTANCE_ACTOR [ObjectReference < (02089359)>] "Seamus" 48.549400
[11/15/2012 - 02:32:45PM] PLAYER_DIALOGUE [TIF__010098E9 <topic info 020098E9 on quest ths1_MissingDog (02009344)>] NPC_SPEAKER [Actor < (02071D11)>]
[11/15/2012 - 02:32:45PM] PLAYER_DISTANCE_ACTOR [ObjectReference < (02089359)>] "Seamus" 48.549389
[11/15/2012 - 02:32:46PM] PLAYER_DISTANCE_ACTOR [ObjectReference < (02089359)>] "Seamus" 48.549389
[11/15/2012 - 02:32:47PM] PLAYER_DISTANCE_ACTOR [ObjectReference < (02089359)>] "Seamus" 48.549389
[11/15/2012 - 02:32:48PM] PLAYER_DIALOGUE [TIF__0101430C <topic info 0201430C on quest ths1_MissingDog (02009344)>] NPC_SPEAKER [Actor < (02071D11)>]
[11/15/2012 - 02:32:48PM] PLAYER_DISTANCE_ACTOR [ObjectReference < (02089359)>] "Seamus" 48.549389
[11/15/2012 - 02:32:49PM] PLAYER_DISTANCE_ACTOR [ObjectReference < (02089359)>] "Seamus" 48.549389
[11/15/2012 - 02:32:50PM] PLAYER_DISTANCE_ACTOR [ObjectReference < (02089359)>] "Seamus" 48.549389
[11/15/2012 - 02:32:51PM] PLAYER_DISTANCE_ACTOR [ObjectReference < (02089359)>] "Seamus" 48.549389
[11/15/2012 - 02:32:52PM] PLAYER_DISTANCE_ACTOR [ObjectReference < (02089359)>] "Seamus" 48.549389
[11/15/2012 - 02:32:53PM] PLAYER_DISTANCE_ACTOR [ObjectReference < (02089359)>] "Seamus" 48.549389
[11/15/2012 - 02:32:54PM] PLAYER_DISTANCE_ACTOR [ObjectReference < (02089359)>] "Seamus" 48.549389
[11/15/2012 - 02:32:55PM] PLAYER_DIALOGUE [TIF__0101651B <topic info 0201651B on quest ths1_MissingDog (02009344)>] NPC_SPEAKER [Actor < (02071D11)>]
[11/15/2012 - 02:32:55PM] PLAYER_DISTANCE_ACTOR [ObjectReference < (02089359)>] "Seamus" 48.549389
[11/15/2012 - 02:32:56PM] PLAYER_DISTANCE_ACTOR [ObjectReference < (02089359)>] "Seamus" 48.549389
[11/15/2012 - 02:32:57PM] PLAYER_DISTANCE_ACTOR [ObjectReference < (02089359)>] "Seamus" 48.549389
[11/15/2012 - 02:32:58PM] PLAYER_DIALOGUE [TIF__0101651D <topic info 0201651D on quest ths1_MissingDog (02009344)>] NPC_SPEAKER [Actor < (02071D11)>]
[11/15/2012 - 02:32:58PM] PLAYER_DISTANCE_ACTOR [ObjectReference < (02089359)>] "Seamus" 48.549389
[11/15/2012 - 02:32:59PM] PLAYER_DISTANCE_ACTOR [ObjectReference < (02089359)>] "Seamus" 48.549389
[11/15/2012 - 02:33:00PM] PLAYER_DISTANCE_ACTOR [ObjectReference < (02089359)>] "Seamus" 48.549389
[11/15/2012 - 02:33:01PM] PLAYER_DISTANCE_ACTOR [ObjectReference < (02089359)>] "Seamus" 48.549389
[11/15/2012 - 02:33:02PM] PLAYER_DISTANCE_ACTOR [ObjectReference < (02089359)>] "Seamus" 48.549389
[11/15/2012 - 02:33:03PM] PLAYER_DISTANCE_ACTOR [ObjectReference < (02089359)>] "Seamus" 48.549389
[11/15/2012 - 02:33:04PM] PLAYER_DISTANCE_ACTOR [ObjectReference < (02089359)>] "Seamus" 48.549389
[11/15/2012 - 02:33:05PM] PLAYER_DISTANCE_ACTOR [ObjectReference < (02089359)>] "Seamus" 48.549389
[11/15/2012 - 02:33:05PM] PLAYER_DIALOGUE [TIF__0101651F <topic info 0201651F on quest ths1_MissingDog (02009344)>] NPC_SPEAKER [Actor < (02071D11)>]
[11/15/2012 - 02:33:06PM] PLAYER_DISTANCE_ACTOR [ObjectReference < (02089359)>] "Seamus" 48.549389
[11/15/2012 - 02:33:07PM] PLAYER_DISTANCE_ACTOR [ObjectReference < (02089359)>] "Seamus" 48.549389
[11/15/2012 - 02:33:08PM] PLAYER_DISTANCE_ACTOR [ObjectReference < (02089359)>] "Seamus" 48.549389
[11/15/2012 - 02:33:09PM] PLAYER_DISTANCE_ACTOR [ObjectReference < (02089359)>] "Seamus" 48.549389
[11/15/2012 - 02:33:10PM] PLAYER_DISTANCE_ACTOR [ObjectReference < (02089359)>] "Seamus" 48.549389
[11/15/2012 - 02:33:11PM] PLAYER_DIALOGUE [TIF__010626F8 <topic info 020626F8 on quest ths1_MissingDog (02009344)>] NPC_SPEAKER [Actor < (02071D11)>]
[11/15/2012 - 02:33:11PM] PLAYER_DISTANCE_ACTOR [ObjectReference < (02089359)>] "Seamus" 48.549389
[11/15/2012 - 02:33:12PM] PLAYER_DISTANCE_ACTOR [ObjectReference < (02089359)>] "Seamus" 48.549389
[11/15/2012 - 02:33:13PM] PLAYER_DISTANCE_ACTOR [ObjectReference < (02089359)>] "Seamus" 48.549389
[11/15/2012 - 02:33:14PM] PLAYER_DIALOGUE [TIF__01063755 <topic info 02063755 on quest ths1_MissingDog (02009344)>] NPC_SPEAKER [Actor < (02071D11)>]
[11/15/2012 - 02:33:14PM] PLAYER_DISTANCE_ACTOR [ObjectReference < (02089359)>] "Seamus" 48.549389
[11/15/2012 - 02:33:15PM] PLAYER_DISTANCE_ACTOR [ObjectReference < (02089359)>] "Seamus" 48.549389
[11/15/2012 - 02:33:16PM] PLAYER_DIALOGUE [TIF__0101430C <topic info 0201430C on quest ths1_MissingDog (02009344)>] NPC_SPEAKER [Actor < (02071D11)>]
[11/15/2012 - 02:33:16PM] PLAYER_DISTANCE_ACTOR [ObjectReference < (02089359)>] "Seamus" 48.549389
[11/15/2012 - 02:33:17PM] PLAYER_DISTANCE_ACTOR [ObjectReference < (02089359)>] "Seamus" 48.549389
[11/15/2012 - 02:33:18PM] PLAYER_DISTANCE_ACTOR [ObjectReference < (02089359)>] "Seamus" 48.549389
[11/15/2012 - 02:33:19PM] PLAYER_DIALOGUE [TIF__01063757 <topic info 02063757 on quest ths1_MissingDog (02009344)>] NPC_SPEAKER [Actor < (02071D11)>]
[11/15/2012 - 02:33:19PM] PLAYER_DISTANCE_ACTOR [ObjectReference < (02089359)>] "Seamus" 48.549389
[11/15/2012 - 02:33:20PM] PLAYER_DISTANCE_ACTOR [ObjectReference < (02089359)>] "Seamus" 48.549389
[11/15/2012 - 02:33:21PM] PLAYER_DISTANCE_ACTOR [ObjectReference < (02089359)>] "Seamus" 48.549389
[11/15/2012 - 02:33:22PM] PLAYER_DISTANCE_ACTOR [ObjectReference < (02089359)>] "Seamus" 48.549389
[11/15/2012 - 02:33:23PM] PLAYER_DISTANCE_ACTOR [ObjectReference < (02089359)>] "Seamus" 48.549389
[11/15/2012 - 02:33:24PM] PLAYER_DISTANCE_ACTOR [ObjectReference < (02089359)>] "Seamus" 48.549389
[11/15/2012 - 02:33:25PM] PLAYER_DISTANCE_ACTOR [ObjectReference < (02089359)>] "Seamus" 49.424622
[11/15/2012 - 02:33:26PM] PLAYER_MOVE Run
[11/15/2012 - 02:33:26PM] PLAYER_DISTANCE_ACTOR [ObjectReference < (02089359)>] "Seamus" 338.658997
[11/15/2012 - 02:33:27PM] PLAYER_ACTOR_VIEW_LOSS [ObjectReference < (02089359)>] "Seamus"
[11/15/2012 - 02:33:27PM] PLAYER_DISTANCE_ACTOR [ObjectReference < (02089359)>] "Seamus" 326.616211
[11/15/2012 - 02:33:28PM] PLAYER_ACTOR_VIEW_LOSS [ObjectReference < (02089359)>] "Seamus"
[11/15/2012 - 02:33:28PM] PLAYER_DISTANCE_ACTOR [ObjectReference < (02089359)>] "Seamus" 281.858093
[11/15/2012 - 02:33:29PM] PLAYER_DISTANCE_ACTOR [ObjectReference < (02089359)>] "Seamus" 502.955414
[11/15/2012 - 02:33:30PM] PLAYER_TRIGGER_ENTER [ths1_TriggerEnterSCRIPT < (02074E5C)>]
[11/15/2012 - 02:33:30PM] PLAYER_DISTANCE_ACTOR [ObjectReference < (02089359)>] "Seamus" 713.492615
[11/15/2012 - 02:33:31PM] PLAYER_MOVE None
[11/15/2012 - 02:33:31PM] PLAYER_DISTANCE_ACTOR [ObjectReference < (02089359)>] "Seamus" 784.212646
[11/15/2012 - 02:33:32PM] PLAYER_DISTANCE_ACTOR [ObjectReference < (02089359)>] "Seamus" 755.305176
[11/15/2012 - 02:33:33PM] PLAYER_DISTANCE_ACTOR [ObjectReference < (02089359)>] "Seamus" 755.305115
[11/15/2012 - 02:33:34PM] PLAYER_DISTANCE_ACTOR [ObjectReference < (02089359)>] "Seamus" 742.608521
[11/15/2012 - 02:33:35PM] PLAYER_TRIGGER_LEAVE [ths1_TriggerEnterSCRIPT < (02074E5C)>]
[11/15/2012 - 02:33:35PM] PLAYER_DISTANCE_ACTOR [ObjectReference < (02089359)>] "Seamus" 590.277771
[11/15/2012 - 02:33:36PM] PLAYER_MOVE Run
[11/15/2012 - 02:33:36PM] PLAYER_DISTANCE_ACTOR [ObjectReference < (02089359)>] "Seamus" 633.088196
[11/15/2012 - 02:33:36PM] PLAYER_TRIGGER_ENTER [ths1_TriggerEnterSCRIPT < (02074E5C)>]
[11/15/2012 - 02:33:41PM] PLAYER_DISTANCE_ACTOR [ObjectReference < (02089359)>] "Seamus" 741.184692
[11/15/2012 - 02:33:42PM] PLAYER_MOVE None
[11/15/2012 - 02:33:42PM] PLAYER_DISTANCE_ACTOR [ObjectReference < (02089359)>] "Seamus" 740.758789
[11/15/2012 - 02:33:43PM] PLAYER_MOVE Run
[11/15/2012 - 02:33:44PM] PLAYER_TRIGGER_LEAVE [ths1_TriggerEnterSCRIPT < (02074E5C)>]
[11/15/2012 - 02:33:44PM] PLAYER_DISTANCE_ACTOR [ObjectReference < (02089359)>] "Seamus" 620.585022
[11/15/2012 - 02:33:45PM] PLAYER_DISTANCE_ACTOR [ObjectReference < (02089359)>] "Seamus" 411.011169
[11/15/2012 - 02:33:46PM] PLAYER_DISTANCE_ACTOR [ObjectReference < (02089359)>] "Seamus" 398.591095
[11/15/2012 - 02:33:46PM] PLAYER_ACTOR_VIEW_GAIN [ObjectReference < (02089359)>] "Seamus"
[11/15/2012 - 02:33:47PM] PLAYER_DISTANCE_ACTOR [ObjectReference < (02089359)>] "Seamus" 53.387844
[11/15/2012 - 02:33:47PM] PLAYER_MOVE None
[11/15/2012 - 02:33:48PM] PLAYER_DISTANCE_ACTOR [ObjectReference < (02089359)>] "Seamus" 51.782326
[11/15/2012 - 02:33:49PM] PLAYER_DISTANCE_ACTOR [ObjectReference < (02089359)>] "Seamus" 51.818600
[11/15/2012 - 02:33:50PM] PLAYER_DISTANCE_ACTOR [ObjectReference < (02089359)>] "Seamus" 51.816284
[11/15/2012 - 02:33:51PM] PLAYER_DISTANCE_ACTOR [ObjectReference < (02089359)>] "Seamus" 51.801662
[11/15/2012 - 02:33:52PM] PLAYER_DIALOGUE [TIF__01068350 <topic info 02068350 on quest ths1_MissingDog (02009344)>] NPC_SPEAKER [Actor < (02089359)>]
[11/15/2012 - 02:33:52PM] PLAYER_DISTANCE_ACTOR [ObjectReference < (02089359)>] "Seamus" 51.767307
[11/15/2012 - 02:33:53PM] PLAYER_DISTANCE_ACTOR [ObjectReference < (02089359)>] "Seamus" 51.636547
[11/15/2012 - 02:33:54PM] PLAYER_DISTANCE_ACTOR [ObjectReference < (02089359)>] "Seamus" 54.359303
[11/15/2012 - 02:33:55PM] PLAYER_DISTANCE_ACTOR [ObjectReference < (02089359)>] "Seamus" 55.049484
[11/15/2012 - 02:34:02PM] PLAYER_ITEM_REMOVED [WEAPON < (0001397E)>] None "Iron Dagger" COUNT 1 CONTAINER [ObjectReference < (02089359)>]
[11/15/2012 - 02:34:05PM] PLAYER_DISTANCE_ACTOR [ObjectReference < (02089359)>] "Seamus" 53.004536
[11/15/2012 - 02:34:06PM] PLAYER_DIALOGUE [TIF__010238FF <topic info 020238FF on quest ths1_MissingDog (02009344)>] NPC_SPEAKER [Actor < (02089359)>]
[11/15/2012 - 02:34:06PM] PLAYER_DISTANCE_ACTOR [ObjectReference < (02089359)>] "Seamus" 52.995670
[11/15/2012 - 02:34:07PM] PLAYER_DISTANCE_ACTOR [ObjectReference < (02089359)>] "Seamus" 54.185333
[11/15/2012 - 02:34:08PM] PLAYER_DISTANCE_ACTOR [ObjectReference < (02089359)>] "Seamus" 55.848248
[11/15/2012 - 02:34:09PM] PLAYER_DISTANCE_ACTOR [ObjectReference < (02089359)>] "Seamus" 159.490860
[11/15/2012 - 02:34:10PM] PLAYER_DISTANCE_ACTOR [ObjectReference < (02089359)>] "Seamus" 211.578278
[11/15/2012 - 02:34:11PM] PLAYER_DISTANCE_ACTOR [ObjectReference < (02089359)>] "Seamus" 161.535721
[11/15/2012 - 02:34:11PM] ACTOR_PACKAGE_START [ths1_MDQSeamusAliasSCRIPT <alias Seamus on quest ths1_MissingDog (02009344)>] "Seamus" : "[Package < (0003EAB9)>]"
[11/15/2012 - 02:34:12PM] PLAYER_DISTANCE_ACTOR [ObjectReference < (02089359)>] "Seamus" 168.599930
[11/15/2012 - 02:34:13PM] PLAYER_MOVE Run
[11/15/2012 - 02:34:13PM] PLAYER_ACTOR_VIEW_LOSS [ObjectReference < (02089359)>] "Seamus"
[11/15/2012 - 02:34:13PM] PLAYER_DISTANCE_ACTOR [ObjectReference < (02089359)>] "Seamus" 121.612473
[11/15/2012 - 02:34:14PM] PLAYER_DISTANCE_ACTOR [ObjectReference < (02089359)>] "Seamus" 270.005493
[11/15/2012 - 02:34:15PM] PLAYER_DISTANCE_ACTOR [ObjectReference < (02089359)>] "Seamus" 505.606506
[11/15/2012 - 02:34:16PM] PLAYER_DISTANCE_ACTOR [ObjectReference < (02089359)>] "Seamus" 519.426453
[11/15/2012 - 02:34:17PM] PLAYER_MOVE None
[11/15/2012 - 02:34:17PM] PLAYER_DISTANCE_ACTOR [ObjectReference < (02089359)>] "Seamus" 525.598511
[11/15/2012 - 02:34:18PM] PLAYER_MOVE Run
[11/15/2012 - 02:34:18PM] PLAYER_DISTANCE_ACTOR [ObjectReference < (02089359)>] "Seamus" 379.750244
[11/15/2012 - 02:34:19PM] PLAYER_CELL_CHANGE [Cell <Wilderness (02085D44)>] ""
[11/15/2012 - 02:34:20PM] PLAYER_WORLDSPACE_CHANGE [WorldSpace <ths1_Town (02085D17)>] "Town"
[11/15/2012 - 02:34:20PM] PLAYER_MOVE None
[11/15/2012 - 02:34:21PM] PLAYER_TRIGGER_ENTER [ths1_TriggerEnterSCRIPT < (0208C7A1)>]
[11/15/2012 - 02:34:21PM] PLAYER_MOVE Run
[11/15/2012 - 02:34:21PM] PLAYER_TRIGGER_LEAVE [ths1_TriggerEnterSCRIPT < (0208C7A1)>]
[11/15/2012 - 02:34:24PM] PLAYER_MOVE Sprint
[11/15/2012 - 02:34:25PM] PLAYER_TRIGGER_ENTER [ths1_TriggerEnterSCRIPT < (0208C7A9)>]
[11/15/2012 - 02:34:26PM] PLAYER_CELL_CHANGE [Cell <Wilderness (02085D34)>] ""
[11/15/2012 - 02:34:27PM] PLAYER_TRIGGER_LEAVE [ths1_TriggerEnterSCRIPT < (0208C7A9)>]
[11/15/2012 - 02:34:29PM] PLAYER_MOVE None
[11/15/2012 - 02:34:34PM] PLAYER_MOVE Sprint
[11/15/2012 - 02:34:35PM] PLAYER_TRIGGER_ENTER [ths1_TriggerEnterSCRIPT < (0208C7A9)>]
[11/15/2012 - 02:34:36PM] PLAYER_TRIGGER_LEAVE [ths1_TriggerEnterSCRIPT < (0208C7A9)>]
[11/15/2012 - 02:34:37PM] PLAYER_MOVE Run
[11/15/2012 - 02:34:38PM] PLAYER_CELL_CHANGE [Cell <Wilderness (02085D44)>] ""
[11/15/2012 - 02:34:39PM] PLAYER_CELL_CHANGE [Cell <Wilderness (02085D42)>] ""
[11/15/2012 - 02:34:57PM] PLAYER_TRIGGER_ENTER [ths1_TriggerEnterSCRIPT < (0208C7AB)>]
[11/15/2012 - 02:34:58PM] PLAYER_MOVE None
[11/15/2012 - 02:34:59PM] PLAYER_DIALOGUE [TIF__0208000D <topic info 0208000D on quest ths1_MasterQuest (020319F7)>] NPC_SPEAKER [Actor < (02089355)>]
[11/15/2012 - 02:35:01PM] PLAYER_DIALOGUE [TIF__0208000F <topic info 0208000F on quest ths1_MasterQuest (020319F7)>] NPC_SPEAKER [Actor < (02089355)>]
[11/15/2012 - 02:35:03PM] PLAYER_DIALOGUE [TIF__0208000D <topic info 0208000D on quest ths1_MasterQuest (020319F7)>] NPC_SPEAKER [Actor < (02089355)>]
[11/15/2012 - 02:35:06PM] PLAYER_MOVE Run
[11/15/2012 - 02:35:08PM] PLAYER_CELL_CHANGE [Cell <Wilderness (02085D40)>] ""
[11/15/2012 - 02:35:17PM] PLAYER_CELL_CHANGE [Cell <Wilderness (02085D42)>] ""
[11/15/2012 - 02:35:17PM] PLAYER_TRIGGER_LEAVE [ths1_TriggerEnterSCRIPT < (0208C7AB)>]
[11/15/2012 - 02:35:21PM] PLAYER_WEAPON_WITHDRAWN
[11/15/2012 - 02:35:27PM] PLAYER_CELL_CHANGE [Cell <Wilderness (02085D4C)>] ""
[11/15/2012 - 02:35:32PM] PLAYER_TRIGGER_ENTER [ths1_TriggerEnterSCRIPT < (0208C7AA)>]
[11/15/2012 - 02:35:33PM] PLAYER_MOVE None
[11/15/2012 - 02:35:39PM] PLAYER_TRIGGER_LEAVE [ths1_TriggerEnterSCRIPT < (0208C7AA)>]
[11/15/2012 - 02:35:39PM] PLAYER_CELL_CHANGE [Cell <ths1_TempleInterior (02019CC3)>] "Town Temple"
[11/15/2012 - 02:35:40PM] PLAYER_MOVE Run
[11/15/2012 - 02:35:41PM] PLAYER_MOVE None
[11/15/2012 - 02:35:45PM] PLAYER_CELL_CHANGE [Cell <Wilderness (02085D4C)>] ""
[11/15/2012 - 02:35:45PM] PLAYER_WORLDSPACE_CHANGE [WorldSpace <ths1_Town (02085D17)>] "Town"
[11/15/2012 - 02:35:46PM] PLAYER_TRIGGER_ENTER [ths1_TriggerEnterSCRIPT < (0208C7AA)>]
[11/15/2012 - 02:35:46PM] PLAYER_MOVE Run
[11/15/2012 - 02:35:47PM] PLAYER_TRIGGER_LEAVE [ths1_TriggerEnterSCRIPT < (0208C7AA)>]
[11/15/2012 - 02:35:55PM] PLAYER_TRIGGER_ENTER [ths1_TriggerEnterSCRIPT < (0208C7C0)>]
[11/15/2012 - 02:35:56PM] PLAYER_MOVE None
[11/15/2012 - 02:35:57PM] PLAYER_TRIGGER_ENTER [ths1_TriggerEnterSCRIPT < (020748BF)>]
[11/15/2012 - 02:35:57PM] PLAYER_TRIGGER_LEAVE [ths1_TriggerEnterSCRIPT < (0208C7C0)>]
[11/15/2012 - 02:35:58PM] PLAYER_CELL_CHANGE [Cell <ths1_MuseumInterior (02044D5A)>] "Bubbsey's Oddity Emporium"
[11/15/2012 - 02:36:00PM] PLAYER_TRIGGER_LEAVE [ths1_TriggerEnterSCRIPT < (020748BF)>]
[11/15/2012 - 02:36:00PM] PLAYER_TRIGGER_ENTER [ths1_TriggerEnterSCRIPT < (020748CB)>]
[11/15/2012 - 02:36:01PM] PLAYER_TRIGGER_LEAVE [ths1_TriggerEnterSCRIPT < (020748CB)>]
[11/15/2012 - 02:36:01PM] PLAYER_TRIGGER_ENTER [ths1_TriggerEnterSCRIPT < (020748C7)>]
[11/15/2012 - 02:36:02PM] PLAYER_TRIGGER_LEAVE [ths1_TriggerEnterSCRIPT < (020748C7)>]
[11/15/2012 - 02:36:02PM] PLAYER_TRIGGER_ENTER [ths1_TriggerEnterSCRIPT < (020748CB)>]
[11/15/2012 - 02:36:02PM] PLAYER_MOVE Run
[11/15/2012 - 02:36:03PM] PLAYER_TRIGGER_LEAVE [ths1_TriggerEnterSCRIPT < (020748CB)>]
[11/15/2012 - 02:36:07PM] PLAYER_MOVE None
[11/15/2012 - 02:36:10PM] PLAYER_DIALOGUE [TIF__0207227D <topic info 0207227D on quest ths1_CaptiveOrc (0201A9F8)>] NPC_SPEAKER [Actor < (02049751)>]
[11/15/2012 - 02:36:21PM] PLAYER_DIALOGUE [TIF__02072280 <topic info 02072280 on quest ths1_CaptiveOrc (0201A9F8)>] NPC_SPEAKER [Actor < (02049751)>]
[11/15/2012 - 02:36:21PM] PLAYER_ITEM_OBTAIN [Key < (0203563F)>] None "Orc Cage Key" COUNT 1 CONTAINER [Actor < (02049751)>]
[11/15/2012 - 02:36:21PM] PLAYER_ITEM_REMOVED [MiscObject < (0000000F)>] None "gold" COUNT 1070 CONTAINER [Actor < (02049751)>]
[11/15/2012 - 02:36:30PM] PLAYER_MOVE Run
[11/15/2012 - 02:36:31PM] PLAYER_TRIGGER_ENTER [ths1_TriggerEnterSCRIPT < (020748D4)>]
[11/15/2012 - 02:36:32PM] PLAYER_TRIGGER_LEAVE [ths1_TriggerEnterSCRIPT < (020748D4)>]
[11/15/2012 - 02:36:33PM] PLAYER_TRIGGER_ENTER [ths1_TriggerEnterSCRIPT < (020748D5)>]
[11/15/2012 - 02:36:33PM] PLAYER_TRIGGER_LEAVE [ths1_TriggerEnterSCRIPT < (020748D5)>]
[11/15/2012 - 02:36:35PM] PLAYER_TRIGGER_ENTER [ths1_NearOrcCageTrigScript <alias NearMuseumOrcCageTrigALIAS on quest ths1_CaptiveOrc (0201A9F8)>]
[11/15/2012 - 02:36:36PM] PLAYER_MOVE None
[11/15/2012 - 02:36:38PM] PLAYER_MOVE Run
[11/15/2012 - 02:36:39PM] QUEST_STAGE_CHANGE [ths1_CaptiveOrcQuestSCRIPT <ths1_CaptiveOrc (0201A9F8)>] "The Museum Attraction" 30
[11/15/2012 - 02:36:39PM] QUEST_COMPLETED [ths1_CaptiveOrcQuestSCRIPT <ths1_CaptiveOrc (0201A9F8)>] "The Museum Attraction"
[11/15/2012 - 02:36:39PM] PLAYER_MOVE None
[11/15/2012 - 02:36:51PM] PLAYER_MOVE Run
[11/15/2012 - 02:36:52PM] PLAYER_MOVE None
[11/15/2012 - 02:36:53PM] PLAYER_MOVE Run
[11/15/2012 - 02:36:54PM] PLAYER_DIALOGUE [TIF__02081BDF <topic info 02081BDF on quest ths1_CaptiveOrc (0201A9F8)>] NPC_SPEAKER [Actor < (020491E3)>]
[11/15/2012 - 02:36:54PM] PLAYER_MOVE None
[11/15/2012 - 02:36:54PM] PLAYER_DIALOGUE [TIF__02081BDF <topic info 02081BDF on quest ths1_CaptiveOrc (0201A9F8)>] NPC_SPEAKER [Actor < (020491E3)>]
[11/15/2012 - 02:36:55PM] QUEST_STAGE_CHANGE [ths1_CaptiveOrcQuestSCRIPT <ths1_CaptiveOrc (0201A9F8)>] "The Museum Attraction" 35
[11/15/2012 - 02:36:57PM] PLAYER_DIALOGUE [TIF__0101A9FC <topic info 0201A9FC on quest ths1_CaptiveOrc (0201A9F8)>] NPC_SPEAKER [Actor < (020491E3)>]
[11/15/2012 - 02:37:01PM] PLAYER_DIALOGUE [TIF__0101AF69 <topic info 0201AF69 on quest ths1_CaptiveOrc (0201A9F8)>] NPC_SPEAKER [Actor < (020491E3)>]
[11/15/2012 - 02:37:04PM] PLAYER_DIALOGUE [TIF__010371A7 <topic info 020371A7 on quest ths1_CaptiveOrc (0201A9F8)>] NPC_SPEAKER [Actor < (020491E3)>]
[11/15/2012 - 02:37:09PM] PLAYER_MOVE Run
[11/15/2012 - 02:37:10PM] PLAYER_MOVE None
[11/15/2012 - 02:37:11PM] PLAYER_MOVE Run
[11/15/2012 - 02:37:11PM] PLAYER_TRIGGER_ENTER [ths1_TriggerEnterSCRIPT < (020748D5)>]
[11/15/2012 - 02:37:12PM] PLAYER_MOVE None
[11/15/2012 - 02:37:13PM] PLAYER_MOVE Run
[11/15/2012 - 02:37:13PM] PLAYER_TRIGGER_LEAVE [ths1_TriggerEnterSCRIPT < (020748D5)>]
[11/15/2012 - 02:37:14PM] PLAYER_MOVE None
[11/15/2012 - 02:37:16PM] PLAYER_TRIGGER_ENTER [ths1_TriggerEnterSCRIPT < (020748D4)>]
[11/15/2012 - 02:37:16PM] PLAYER_MOVE Run
[11/15/2012 - 02:37:17PM] PLAYER_TRIGGER_LEAVE [ths1_TriggerEnterSCRIPT < (020748D4)>]
[11/15/2012 - 02:37:20PM] PLAYER_MOVE None
[11/15/2012 - 02:37:21PM] PLAYER_WEAPON_RIGHT [WEAPON < (000139B5)>] "Daedric Bow"
[11/15/2012 - 02:37:41PM] PLAYER_ITEM_REMOVED [Ammo < (0001397D)>] None "Iron Arrow" COUNT 1 CONTAINER None
[11/15/2012 - 02:37:44PM] PLAYER_ITEM_OBTAIN [Ammo < (0001397D)>] None "Iron Arrow" COUNT 1 CONTAINER None
[11/15/2012 - 02:37:50PM] PLAYER_MOVE Run
[11/15/2012 - 02:37:51PM] PLAYER_MOVE None
[11/15/2012 - 02:37:59PM] PLAYER_MOVE Run
[11/15/2012 - 02:38:01PM] PLAYER_DIALOGUE [TIF__010688C2 <topic info 020688C2 on quest ths1_CaptiveOrc (0201A9F8)>] NPC_SPEAKER [Actor < (02049751)>]
[11/15/2012 - 02:38:01PM] PLAYER_MOVE None
[11/15/2012 - 02:38:11PM] PLAYER_MOVE Run
[11/15/2012 - 02:38:13PM] PLAYER_MOVE None
[11/15/2012 - 02:38:17PM] PLAYER_TRIGGER_ENTER [ths1_TriggerEnterSCRIPT < (020748CC)>]
[11/15/2012 - 02:38:18PM] PLAYER_MOVE Run
[11/15/2012 - 02:38:18PM] PLAYER_MOVE None
[11/15/2012 - 02:38:21PM] PLAYER_MOVE Run
[11/15/2012 - 02:38:22PM] PLAYER_TRIGGER_LEAVE [ths1_TriggerEnterSCRIPT < (020748CC)>]
[11/15/2012 - 02:38:22PM] PLAYER_MOVE None
[11/15/2012 - 02:38:23PM] PLAYER_TRIGGER_ENTER [ths1_TriggerEnterSCRIPT < (020748CC)>]
[11/15/2012 - 02:38:25PM] PLAYER_MOVE Run
[11/15/2012 - 02:38:26PM] PLAYER_TRIGGER_LEAVE [ths1_TriggerEnterSCRIPT < (020748CC)>]
[11/15/2012 - 02:38:27PM] PLAYER_TRIGGER_ENTER [ths1_TriggerEnterSCRIPT < (020748C8)>]
[11/15/2012 - 02:38:28PM] PLAYER_TRIGGER_ENTER [ths1_TriggerEnterSCRIPT < (020748BF)>]
[11/15/2012 - 02:38:28PM] PLAYER_TRIGGER_LEAVE [ths1_TriggerEnterSCRIPT < (020748C8)>]
[11/15/2012 - 02:38:29PM] PLAYER_MOVE None
[11/15/2012 - 02:38:30PM] PLAYER_TRIGGER_ENTER [ths1_TriggerEnterSCRIPT < (0208C7C0)>]
[11/15/2012 - 02:38:30PM] PLAYER_TRIGGER_LEAVE [ths1_TriggerEnterSCRIPT < (020748BF)>]
[11/15/2012 - 02:38:31PM] PLAYER_CELL_CHANGE [Cell <Wilderness (02085D4C)>] ""
[11/15/2012 - 02:38:31PM] PLAYER_WORLDSPACE_CHANGE [WorldSpace <ths1_Town (02085D17)>] "Town"
[11/15/2012 - 02:38:32PM] PLAYER_MOVE Run
[11/15/2012 - 02:38:32PM] PLAYER_TRIGGER_LEAVE [ths1_TriggerEnterSCRIPT < (0208C7C0)>]
[11/15/2012 - 02:38:36PM] PLAYER_WEAPON_WITHDRAWN
[11/15/2012 - 02:38:39PM] PLAYER_TRIGGER_ENTER [ths1_TriggerEnterSCRIPT < (0208C7C2)>]
[11/15/2012 - 02:38:39PM] PLAYER_TRIGGER_LEAVE [ths1_TriggerEnterSCRIPT < (0208C7C2)>]
[11/15/2012 - 02:38:40PM] PLAYER_MOVE Sprint
[11/15/2012 - 02:38:41PM] PLAYER_CELL_CHANGE [Cell <Wilderness (02085D54)>] ""
[11/15/2012 - 02:38:43PM] PLAYER_TRIGGER_ENTER [ths1_TriggerEnterSCRIPT < (0208C7C1)>]
[11/15/2012 - 02:38:45PM] PLAYER_MOVE Run
[11/15/2012 - 02:38:47PM] PLAYER_TRIGGER_LEAVE [ths1_TriggerEnterSCRIPT < (0208C7C1)>]
[11/15/2012 - 02:38:47PM] PLAYER_TRIGGER_ENTER [ths1_TriggerEnterSCRIPT < (0208C7B0)>]
[11/15/2012 - 02:38:52PM] PLAYER_MOVE Sprint
[11/15/2012 - 02:38:53PM] PLAYER_MOVE Run
[11/15/2012 - 02:38:54PM] PLAYER_CELL_CHANGE [Cell <Wilderness (02085D4C)>] ""
[11/15/2012 - 02:38:58PM] PLAYER_CELL_CHANGE [Cell <Wilderness (02085D4A)>] ""
[11/15/2012 - 02:38:58PM] PLAYER_TRIGGER_LEAVE [ths1_TriggerEnterSCRIPT < (0208C7B0)>]
[11/15/2012 - 02:39:00PM] PLAYER_TRIGGER_ENTER [ths1_TriggerEnterSCRIPT < (0208CDAD)>]
[11/15/2012 - 02:39:01PM] PLAYER_MOVE None
[11/15/2012 - 02:39:01PM] PLAYER_ITEM_OBTAIN [Ingredient < (00077E1C)>] None "Blue Mountain Flower" COUNT 1 CONTAINER None
[11/15/2012 - 02:39:02PM] PLAYER_MOVE Run
[11/15/2012 - 02:39:04PM] PLAYER_TRIGGER_LEAVE [ths1_TriggerEnterSCRIPT < (0208CDAD)>]
[11/15/2012 - 02:39:07PM] PLAYER_TRIGGER_ENTER [ths1_TriggerEnterSCRIPT < (0208C7B0)>]
[11/15/2012 - 02:39:11PM] PLAYER_TRIGGER_ENTER [ths1_TriggerEnterSCRIPT < (0208C7BF)>]
[11/15/2012 - 02:39:12PM] PLAYER_CELL_CHANGE [Cell <Wilderness (02085D52)>] ""
[11/15/2012 - 02:39:13PM] PLAYER_MOVE None
[11/15/2012 - 02:39:17PM] PLAYER_TRIGGER_ENTER [ths1_TriggerEnterSCRIPT < (02074E40)>]
[11/15/2012 - 02:39:17PM] PLAYER_TRIGGER_LEAVE [ths1_TriggerEnterSCRIPT < (0208C7B0)>]
[11/15/2012 - 02:39:17PM] PLAYER_TRIGGER_LEAVE [ths1_TriggerEnterSCRIPT < (0208C7BF)>]
[11/15/2012 - 02:39:17PM] PLAYER_CELL_CHANGE [Cell <ths1_Cave3 (0202C9A7)>] "Cave"
[11/15/2012 - 02:39:18PM] PLAYER_DISTANCE_ACTOR [ObjectReference < (0202DCC8)>] "Scruff" 1942.758545
[11/15/2012 - 02:39:18PM] PLAYER_DISTANCE_ACTOR [ObjectReference < (02039836)>] "Kitty" 7219.728516
[11/15/2012 - 02:39:19PM] PLAYER_DISTANCE_ACTOR [ObjectReference < (0202DCC8)>] "Scruff" 1897.869751
[11/15/2012 - 02:39:19PM] PLAYER_DISTANCE_ACTOR [ObjectReference < (02039836)>] "Kitty" 7140.179199
[11/15/2012 - 02:39:19PM] PLAYER_MOVE Run
[11/15/2012 - 02:39:19PM] PLAYER_TRIGGER_LEAVE [ths1_TriggerEnterSCRIPT < (02074E40)>]
[11/15/2012 - 02:39:19PM] PLAYER_TRIGGER_ENTER [ths1_TriggerEnterSCRIPT < (02074E4C)>]
[11/15/2012 - 02:39:20PM] PLAYER_DISTANCE_ACTOR [ObjectReference < (0202DCC8)>] "Scruff" 1591.390869
[11/15/2012 - 02:39:20PM] PLAYER_DISTANCE_ACTOR [ObjectReference < (02039836)>] "Kitty" 6871.623535
[11/15/2012 - 02:39:20PM] PLAYER_MOVE None
[11/15/2012 - 02:39:21PM] PLAYER_DISTANCE_ACTOR [ObjectReference < (0202DCC8)>] "Scruff" 1591.434692
[11/15/2012 - 02:39:21PM] PLAYER_DISTANCE_ACTOR [ObjectReference < (02039836)>] "Kitty" 6871.640137
[11/15/2012 - 02:39:29PM] Log closed
