[11/15/2012 - 09:13:06PM] 14 log opened (PC)
[11/15/2012 - 09:13:06PM] PLAYER_MOVE Run
[11/15/2012 - 09:13:07PM] PLAYER_TRIGGER_ENTER [ths1_TriggerEnterSCRIPT < (04074E57)>]
[11/15/2012 - 09:13:07PM] PLAYER_TRIGGER_ENTER [ths1_TriggerEnterSCRIPT < (04074E58)>]
[11/15/2012 - 09:13:07PM] PLAYER_TRIGGER_LEAVE [ths1_TriggerEnterSCRIPT < (04074E58)>]
[11/15/2012 - 09:13:08PM] PLAYER_TRIGGER_ENTER [ths1_TriggerEnterSCRIPT < (04074E53)>]
[11/15/2012 - 09:13:08PM] PLAYER_MOVE None
[11/15/2012 - 09:13:56PM] PLAYER_TRIGGER_LEAVE [ths1_TriggerEnterSCRIPT < (04074E57)>]
[11/15/2012 - 09:13:57PM] PLAYER_ITEM_OBTAIN [ObjectReference < (040711F4)>] "Daedric Greatsword"
[11/15/2012 - 09:13:59PM] PLAYER_MOVE Run
[11/15/2012 - 09:14:00PM] PLAYER_TRIGGER_ENTER [ths1_TriggerEnterSCRIPT < (04074E57)>]
[11/15/2012 - 09:14:00PM] PLAYER_TRIGGER_LEAVE [ths1_TriggerEnterSCRIPT < (04074E53)>]
[11/15/2012 - 09:14:01PM] PLAYER_TRIGGER_ENTER [ths1_TriggerEnterSCRIPT < (04074E58)>]
[11/15/2012 - 09:14:01PM] PLAYER_TRIGGER_LEAVE [ths1_TriggerEnterSCRIPT < (04074E57)>]
[11/15/2012 - 09:14:01PM] PLAYER_MOVE None
[11/15/2012 - 09:14:03PM] PLAYER_TRIGGER_LEAVE [ths1_TriggerEnterSCRIPT < (04074E58)>]
[11/15/2012 - 09:14:05PM] PLAYER_ITEM_OBTAIN [ObjectReference < (040711BD)>] "Taproot"
[11/15/2012 - 09:14:06PM] PLAYER_TRIGGER_ENTER [ths1_TriggerEnterSCRIPT < (04074E58)>]
[11/15/2012 - 09:14:06PM] PLAYER_TRIGGER_ENTER [ths1_TriggerEnterSCRIPT < (04074E57)>]
[11/15/2012 - 09:14:06PM] PLAYER_TRIGGER_LEAVE [ths1_TriggerEnterSCRIPT < (04074E58)>]
[11/15/2012 - 09:14:06PM] PLAYER_MOVE Run
[11/15/2012 - 09:14:06PM] PLAYER_TRIGGER_LEAVE [ths1_TriggerEnterSCRIPT < (04074E57)>]
[11/15/2012 - 09:14:07PM] PLAYER_MOVE None
[11/15/2012 - 09:14:08PM] PLAYER_ITEM_OBTAIN [ObjectReference < (040711D0)>] "Greater Soul Gem"
[11/15/2012 - 09:14:09PM] PLAYER_MOVE Run
[11/15/2012 - 09:14:10PM] PLAYER_TRIGGER_ENTER [ths1_TriggerEnterSCRIPT < (04074E52)>]
[11/15/2012 - 09:14:10PM] PLAYER_TRIGGER_LEAVE [ths1_TriggerEnterSCRIPT < (04074E52)>]
[11/15/2012 - 09:14:11PM] PLAYER_TRIGGER_ENTER [ths1_TriggerEnterSCRIPT < (04074E51)>]
[11/15/2012 - 09:14:11PM] PLAYER_TRIGGER_LEAVE [ths1_TriggerEnterSCRIPT < (04074E51)>]
[11/15/2012 - 09:14:13PM] PLAYER_TRIGGER_ENTER [ths1_TriggerEnterSCRIPT < (04074E50)>]
[11/15/2012 - 09:14:13PM] PLAYER_MOVE None
[11/15/2012 - 09:14:14PM] PLAYER_TRIGGER_LEAVE [ths1_TriggerEnterSCRIPT < (04074E50)>]
[11/15/2012 - 09:14:20PM] PLAYER_ITEM_OBTAIN [ObjectReference < (040711F9)>] "Spiced Wine"
[11/15/2012 - 09:14:20PM] PLAYER_ITEM_OBTAIN [ObjectReference < (040711FA)>] "Black-Briar Reserve"
[11/15/2012 - 09:14:21PM] PLAYER_ITEM_OBTAIN [ObjectReference < (040711FB)>] "Honningbrew Mead"
[11/15/2012 - 09:14:22PM] PLAYER_ITEM_OBTAIN [ObjectReference < (040711FC)>] "Black-Briar Mead"
[11/15/2012 - 09:14:24PM] PLAYER_MOVE Run
[11/15/2012 - 09:14:26PM] PLAYER_TRIGGER_ENTER [ths1_TriggerEnterSCRIPT < (04074E54)>]
[11/15/2012 - 09:14:27PM] PLAYER_MOVE None
[11/15/2012 - 09:14:27PM] PLAYER_ITEM_OBTAIN [ObjectReference < (040711E8)>] "Seared Slaughterfish"
[11/15/2012 - 09:14:27PM] PLAYER_ITEM_OBTAIN [ObjectReference < (040711E7)>] "Grilled Chicken Breast"
[11/15/2012 - 09:14:27PM] PLAYER_ITEM_OBTAIN [ObjectReference < (0407120A)>] "Cooked Beef"
[11/15/2012 - 09:14:28PM] PLAYER_ITEM_OBTAIN [ObjectReference < (040711DE)>] "Platter"
[11/15/2012 - 09:14:29PM] PLAYER_MOVE Run
[11/15/2012 - 09:14:29PM] PLAYER_TRIGGER_LEAVE [ths1_TriggerEnterSCRIPT < (04074E54)>]
[11/15/2012 - 09:14:29PM] PLAYER_TRIGGER_ENTER [ths1_TriggerEnterSCRIPT < (04074E4F)>]
[11/15/2012 - 09:14:30PM] PLAYER_MOVE None
[11/15/2012 - 09:14:38PM] PLAYER_TRIGGER_ENTER [ths1_TriggerEnterSCRIPT < (0408C788)>]
[11/15/2012 - 09:14:38PM] PLAYER_TRIGGER_LEAVE [ths1_TriggerEnterSCRIPT < (04074E4F)>]
[11/15/2012 - 09:14:39PM] PLAYER_CELL_CHANGE [Cell <Wilderness (04085D56)>] ""
[11/15/2012 - 09:14:39PM] PLAYER_WORLDSPACE_CHANGE [WorldSpace <ths1_Town (04085D17)>] "Town"
[11/15/2012 - 09:14:40PM] PLAYER_TRIGGER_LEAVE [ths1_TriggerEnterSCRIPT < (0408C788)>]
[11/15/2012 - 09:14:40PM] PLAYER_MOVE Sprint
[11/15/2012 - 09:14:41PM] PLAYER_CELL_CHANGE [Cell <Wilderness (04085D34)>] ""
[11/15/2012 - 09:14:42PM] PLAYER_TRIGGER_ENTER [ths1_TriggerEnterSCRIPT < (0408CDAB)>]
[11/15/2012 - 09:14:44PM] PLAYER_MOVE None
[11/15/2012 - 09:14:45PM] PLAYER_DIALOGUE [TIF__020774A6 <topic info 040774A6 on quest ths1_MasterQuest (040319F7)>] NPC_SPEAKER [Actor < (0408BC45)>]
[11/15/2012 - 09:14:48PM] PLAYER_DIALOGUE [TIF__020774A8 <topic info 040774A8 on quest ths1_MasterQuest (040319F7)>] NPC_SPEAKER [Actor < (0408BC45)>]
[11/15/2012 - 09:14:52PM] PLAYER_DIALOGUE [TIF__0207BD42 <topic info 0407BD42 on quest ths1_MasterQuest (040319F7)>] NPC_SPEAKER [Actor < (0408BC45)>]
[11/15/2012 - 09:14:56PM] PLAYER_DIALOGUE [TIF__0207FA85 <topic info 0407FA85 on quest ths1_MasterQuest (040319F7)>] NPC_SPEAKER [Actor < (0408BC45)>]
[11/15/2012 - 09:14:59PM] PLAYER_DIALOGUE [TIF__0208EEAE <topic info 0408EEAE on quest ths1_MasterQuest (040319F7)>] NPC_SPEAKER [Actor < (0408BC45)>]
[11/15/2012 - 09:15:11PM] PLAYER_DIALOGUE [TIF__0208EEB2 <topic info 0408EEB2 on quest ths1_MasterQuest (040319F7)>] NPC_SPEAKER [Actor < (0408BC45)>]
[11/15/2012 - 09:15:14PM] PLAYER_MOVE Run
[11/15/2012 - 09:15:14PM] PLAYER_TRIGGER_LEAVE [ths1_TriggerEnterSCRIPT < (0408CDAB)>]
[11/15/2012 - 09:15:16PM] PLAYER_ACTOR_VIEW_GAIN [ObjectReference < (04089359)>] "Seamus"
[11/15/2012 - 09:15:17PM] PLAYER_ACTOR_VIEW_LOSS [ObjectReference < (04089359)>] "Seamus"
[11/15/2012 - 09:15:18PM] PLAYER_TRIGGER_ENTER [ths1_TriggerEnterSCRIPT < (0408CD5A)>]
[11/15/2012 - 09:15:19PM] PLAYER_TRIGGER_LEAVE [ths1_TriggerEnterSCRIPT < (0408CD5A)>]
[11/15/2012 - 09:15:19PM] PLAYER_MOVE Sprint
[11/15/2012 - 09:15:19PM] PLAYER_ACTOR_VIEW_GAIN [ObjectReference < (04089359)>] "Seamus"
[11/15/2012 - 09:15:20PM] PLAYER_TRIGGER_ENTER [ths1_TriggerEnterSCRIPT < (0408C7A7)>]
[11/15/2012 - 09:15:20PM] PLAYER_TRIGGER_LEAVE [ths1_TriggerEnterSCRIPT < (0408C7A7)>]
[11/15/2012 - 09:15:21PM] PLAYER_TRIGGER_ENTER [ths1_TriggerEnterSCRIPT < (0408C7A9)>]
[11/15/2012 - 09:15:22PM] PLAYER_TRIGGER_LEAVE [ths1_TriggerEnterSCRIPT < (0408C7A9)>]
[11/15/2012 - 09:15:23PM] PLAYER_ACTOR_VIEW_LOSS [ObjectReference < (04089359)>] "Seamus"
[11/15/2012 - 09:15:24PM] PLAYER_CELL_CHANGE [Cell <Wilderness (04085D44)>] ""
[11/15/2012 - 09:15:27PM] PLAYER_MOVE Run
[11/15/2012 - 09:15:28PM] PLAYER_TRIGGER_ENTER [ths1_TriggerEnterSCRIPT < (0408CD80)>]
[11/15/2012 - 09:15:29PM] PLAYER_MOVE Sprint
[11/15/2012 - 09:15:30PM] PLAYER_MOVE Run
[11/15/2012 - 09:15:31PM] PLAYER_MOVE Sprint
[11/15/2012 - 09:15:32PM] PLAYER_CELL_CHANGE [Cell <Wilderness (04085D46)>] ""
[11/15/2012 - 09:15:40PM] PLAYER_CELL_CHANGE [Cell <Wilderness (04085D48)>] ""
[11/15/2012 - 09:15:40PM] PLAYER_TRIGGER_LEAVE [ths1_TriggerEnterSCRIPT < (0408CD80)>]
[11/15/2012 - 09:15:41PM] PLAYER_TRIGGER_ENTER [ths1_TriggerEnterSCRIPT < (0408CD81)>]
[11/15/2012 - 09:15:43PM] PLAYER_MOVE Run
[11/15/2012 - 09:15:44PM] PLAYER_CELL_CHANGE [Cell <Wilderness (04085D50)>] ""
[11/15/2012 - 09:15:45PM] PLAYER_MOVE Sprint
[11/15/2012 - 09:15:46PM] PLAYER_TRIGGER_LEAVE [ths1_TriggerEnterSCRIPT < (0408CD81)>]
[11/15/2012 - 09:15:46PM] PLAYER_TRIGGER_ENTER [ths1_TriggerEnterSCRIPT < (0408CD96)>]
[11/15/2012 - 09:15:50PM] PLAYER_MOVE None
[11/15/2012 - 09:15:51PM] PLAYER_DIALOGUE [TIF__02077F7E <topic info 04077F7E on quest ths1_MissingDog (04009344)>] NPC_SPEAKER [Actor < (0408B625)>]
[11/15/2012 - 09:15:59PM] PLAYER_MOVE Run
[11/15/2012 - 09:16:00PM] PLAYER_MOVE Sprint
[11/15/2012 - 09:16:08PM] PLAYER_TRIGGER_LEAVE [ths1_TriggerEnterSCRIPT < (0408CD96)>]
[11/15/2012 - 09:16:08PM] PLAYER_MOVE None
[11/15/2012 - 09:16:09PM] PLAYER_CELL_CHANGE [Cell <ths1_Cave3 (0402C9A7)>] "Cave"
[11/15/2012 - 09:16:12PM] PLAYER_MOVE Sprint
[11/15/2012 - 09:16:13PM] PLAYER_CELL_CHANGE [Cell <Wilderness (04085D50)>] ""
[11/15/2012 - 09:16:13PM] PLAYER_WORLDSPACE_CHANGE [WorldSpace <ths1_Town (04085D17)>] "Town"
[11/15/2012 - 09:16:13PM] PLAYER_MOVE None
[11/15/2012 - 09:16:14PM] PLAYER_MOVE Sprint
[11/15/2012 - 09:16:14PM] PLAYER_TRIGGER_ENTER [ths1_TriggerEnterSCRIPT < (0408CD96)>]
[11/15/2012 - 09:16:16PM] PLAYER_MOVE Run
[11/15/2012 - 09:16:18PM] PLAYER_MOVE Sprint
[11/15/2012 - 09:16:19PM] PLAYER_TRIGGER_LEAVE [ths1_TriggerEnterSCRIPT < (0408CD96)>]
[11/15/2012 - 09:16:20PM] PLAYER_TRIGGER_ENTER [ths1_TriggerEnterSCRIPT < (0408CD81)>]
[11/15/2012 - 09:16:21PM] PLAYER_CELL_CHANGE [Cell <Wilderness (04085D48)>] ""
[11/15/2012 - 09:16:23PM] PLAYER_MOVE Run
[11/15/2012 - 09:16:23PM] PLAYER_ACTOR_VIEW_GAIN [ObjectReference < (0402DCC8)>] "Scruff"
[11/15/2012 - 09:16:24PM] PLAYER_ACTOR_VIEW_LOSS [ObjectReference < (0402DCC8)>] "Scruff"
[11/15/2012 - 09:16:24PM] PLAYER_TRIGGER_ENTER [ths1_TriggerEnterSCRIPT < (0408CD80)>]
[11/15/2012 - 09:16:25PM] PLAYER_TRIGGER_LEAVE [ths1_TriggerEnterSCRIPT < (0408CD81)>]
[11/15/2012 - 09:16:26PM] PLAYER_MOVE Sprint
[11/15/2012 - 09:16:26PM] PLAYER_CELL_CHANGE [Cell <Wilderness (04085D46)>] ""
[11/15/2012 - 09:16:27PM] PLAYER_ACTOR_VIEW_GAIN [ObjectReference < (0402DCC8)>] "Scruff"
[11/15/2012 - 09:16:29PM] PLAYER_ACTOR_VIEW_LOSS [ObjectReference < (0402DCC8)>] "Scruff"
[11/15/2012 - 09:16:36PM] PLAYER_CELL_CHANGE [Cell <Wilderness (04085D44)>] ""
[11/15/2012 - 09:16:38PM] PLAYER_TRIGGER_LEAVE [ths1_TriggerEnterSCRIPT < (0408CD80)>]
[11/15/2012 - 09:16:39PM] PLAYER_ACTOR_VIEW_GAIN [ObjectReference < (04089359)>] "Seamus"
[11/15/2012 - 09:16:39PM] PLAYER_ACTOR_VIEW_LOSS [ObjectReference < (04089359)>] "Seamus"
[11/15/2012 - 09:16:42PM] PLAYER_TRIGGER_ENTER [ths1_TriggerEnterSCRIPT < (0408CD6A)>]
[11/15/2012 - 09:16:43PM] PLAYER_MOVE Run
[11/15/2012 - 09:16:47PM] PLAYER_MOVE Sprint
[11/15/2012 - 09:16:48PM] PLAYER_MOVE None
[11/15/2012 - 09:16:49PM] PLAYER_ACTOR_VIEW_GAIN [ObjectReference < (04089359)>] "Seamus"
[11/15/2012 - 09:16:49PM] PLAYER_MOVE Sprint
[11/15/2012 - 09:16:50PM] PLAYER_TRIGGER_LEAVE [ths1_TriggerEnterSCRIPT < (0408CD6A)>]
[11/15/2012 - 09:16:53PM] PLAYER_MOVE None
[11/15/2012 - 09:16:55PM] PLAYER_DIALOGUE [TIF__01013D2B <topic info 04013D2B on quest ths1_MissingDog (04009344)>] NPC_SPEAKER [Actor < (04089359)>]
[11/15/2012 - 09:16:57PM] QUEST_STAGE_CHANGE [ths1_MDQScript <ths1_MissingDog (04009344)>] "Missing Dog" 5
[11/15/2012 - 09:17:01PM] PLAYER_DIALOGUE [TIF__010180E7 <topic info 040180E7 on quest ths1_MissingDog (04009344)>] NPC_SPEAKER [Actor < (04089359)>]
[11/15/2012 - 09:17:04PM] PLAYER_DIALOGUE [TIF__01009353 <topic info 04009353 on quest ths1_MissingDog (04009344)>] NPC_SPEAKER [Actor < (04089359)>]
[11/15/2012 - 09:17:10PM] PLAYER_DIALOGUE [TIF__0100DBAF <topic info 0400DBAF on quest ths1_MissingDog (04009344)>] NPC_SPEAKER [Actor < (04089359)>]
[11/15/2012 - 09:17:13PM] ACTOR_PACKAGE_START [ths1_MDQSeamusAliasSCRIPT <alias Seamus on quest ths1_MissingDog (04009344)>] "Seamus" : "[PF_ths1_SeamusFollowerPackag_0201C01E < (0401C01E)>]"
[11/15/2012 - 09:17:14PM] QUEST_STAGE_CHANGE [ths1_MDQScript <ths1_MissingDog (04009344)>] "Missing Dog" 10
[11/15/2012 - 09:17:14PM] PLAYER_ACTOR_VIEW_LOSS [ObjectReference < (04089359)>] "Seamus"
[11/15/2012 - 09:17:15PM] PLAYER_ACTOR_VIEW_GAIN [ObjectReference < (04089359)>] "Seamus"
[11/15/2012 - 09:17:17PM] PLAYER_MOVE Run
[11/15/2012 - 09:17:17PM] PLAYER_ACTOR_VIEW_LOSS [ObjectReference < (04089359)>] "Seamus"
[11/15/2012 - 09:17:20PM] PLAYER_MOVE None
[11/15/2012 - 09:17:20PM] PLAYER_ACTOR_VIEW_GAIN [ObjectReference < (04089359)>] "Seamus"
[11/15/2012 - 09:17:21PM] PLAYER_ACTOR_VIEW_LOSS [ObjectReference < (04089359)>] "Seamus"
[11/15/2012 - 09:17:33PM] PLAYER_ACTOR_VIEW_GAIN [ObjectReference < (0402DCC8)>] "Scruff"
[11/15/2012 - 09:17:33PM] PLAYER_ACTOR_VIEW_GAIN [ObjectReference < (04089359)>] "Seamus"
[11/15/2012 - 09:17:33PM] PLAYER_ACTOR_VIEW_GAIN [ObjectReference < (04039836)>] "Kitty"
[11/15/2012 - 09:17:44PM] PLAYER_MOVE Run
[11/15/2012 - 09:17:44PM] PLAYER_ACTOR_VIEW_LOSS [ObjectReference < (0402DCC8)>] "Scruff"
[11/15/2012 - 09:17:45PM] PLAYER_ACTOR_VIEW_LOSS [ObjectReference < (04089359)>] "Seamus"
[11/15/2012 - 09:17:45PM] PLAYER_ACTOR_VIEW_LOSS [ObjectReference < (04039836)>] "Kitty"
[11/15/2012 - 09:17:45PM] PLAYER_CELL_CHANGE [Cell <Wilderness (04085D34)>] ""
[11/15/2012 - 09:17:47PM] PLAYER_TRIGGER_ENTER [ths1_TriggerEnterSCRIPT < (0408C7A9)>]
[11/15/2012 - 09:17:48PM] PLAYER_MOVE Sprint
[11/15/2012 - 09:17:50PM] PLAYER_TRIGGER_LEAVE [ths1_TriggerEnterSCRIPT < (0408C7A9)>]
[11/15/2012 - 09:17:50PM] PLAYER_CELL_CHANGE [Cell <Wilderness (04085D4C)>] ""
[11/15/2012 - 09:17:51PM] PLAYER_CELL_CHANGE [Cell <Wilderness (04085D42)>] ""
[11/15/2012 - 09:17:54PM] PLAYER_TRIGGER_ENTER [ths1_TriggerEnterSCRIPT < (0408C7AF)>]
[11/15/2012 - 09:17:56PM] PLAYER_MOVE Run
[11/15/2012 - 09:17:56PM] PLAYER_TRIGGER_ENTER [ths1_TriggerEnterSCRIPT < (0408C7AE)>]
[11/15/2012 - 09:17:56PM] PLAYER_TRIGGER_LEAVE [ths1_TriggerEnterSCRIPT < (0408C7AF)>]
[11/15/2012 - 09:17:57PM] PLAYER_CELL_CHANGE [Cell <Wilderness (04085D4C)>] ""
[11/15/2012 - 09:17:58PM] PLAYER_TRIGGER_LEAVE [ths1_TriggerEnterSCRIPT < (0408C7AE)>]
[11/15/2012 - 09:17:58PM] PLAYER_TRIGGER_ENTER [ths1_TriggerEnterSCRIPT < (0408CDAD)>]
[11/15/2012 - 09:17:59PM] PLAYER_MOVE Sprint
[11/15/2012 - 09:18:02PM] PLAYER_MOVE None
[11/15/2012 - 09:18:03PM] PLAYER_MOVE Run
[11/15/2012 - 09:18:06PM] PLAYER_MOVE None
[11/15/2012 - 09:18:08PM] PLAYER_MOVE Run
[11/15/2012 - 09:18:10PM] PLAYER_TRIGGER_LEAVE [ths1_TriggerEnterSCRIPT < (0408CDAD)>]
[11/15/2012 - 09:18:10PM] PLAYER_TRIGGER_ENTER [ths1_TriggerEnterSCRIPT < (0408C7AE)>]
[11/15/2012 - 09:18:11PM] PLAYER_MOVE Sprint
[11/15/2012 - 09:18:11PM] PLAYER_TRIGGER_LEAVE [ths1_TriggerEnterSCRIPT < (0408C7AE)>]
[11/15/2012 - 09:18:11PM] PLAYER_TRIGGER_ENTER [ths1_TriggerEnterSCRIPT < (0408C7AF)>]
[11/15/2012 - 09:18:12PM] PLAYER_ACTOR_VIEW_GAIN [ObjectReference < (04089359)>] "Seamus"
[11/15/2012 - 09:18:13PM] PLAYER_CELL_CHANGE [Cell <Wilderness (04085D42)>] ""
[11/15/2012 - 09:18:13PM] PLAYER_TRIGGER_LEAVE [ths1_TriggerEnterSCRIPT < (0408C7AF)>]
[11/15/2012 - 09:18:18PM] PLAYER_CELL_CHANGE [Cell <Wilderness (04085D44)>] ""
[11/15/2012 - 09:18:20PM] PLAYER_MOVE None
[11/15/2012 - 09:18:24PM] PLAYER_DIALOGUE [TIF__01068350 <topic info 04068350 on quest ths1_MissingDog (04009344)>] NPC_SPEAKER [Actor < (04089359)>]
[11/15/2012 - 09:18:34PM] PLAYER_ITEM_REMOVED [ObjectReference < (040711F4)>] "Daedric Greatsword" COUNT 1 CONTAINER [ObjectReference < (04089359)>]
[11/15/2012 - 09:18:40PM] PLAYER_MOVE Run
[11/15/2012 - 09:18:41PM] PLAYER_MOVE Sneak
[11/15/2012 - 09:18:46PM] PLAYER_MOVE None
[11/15/2012 - 09:18:48PM] PLAYER_DIALOGUE [TIF__01068350 <topic info 04068350 on quest ths1_MissingDog (04009344)>] NPC_SPEAKER [Actor < (04089359)>]
[11/15/2012 - 09:18:56PM] PLAYER_CELL_CHANGE [Cell <Wilderness (04085D34)>] ""
[11/15/2012 - 09:18:56PM] PLAYER_MOVE Sprint
[11/15/2012 - 09:18:56PM] PLAYER_ACTOR_VIEW_LOSS [ObjectReference < (04089359)>] "Seamus"
[11/15/2012 - 09:18:57PM] PLAYER_CELL_CHANGE [Cell <Wilderness (04085D44)>] ""
[11/15/2012 - 09:18:58PM] PLAYER_CELL_CHANGE [Cell <Wilderness (04085D42)>] ""
[11/15/2012 - 09:18:59PM] PLAYER_TRIGGER_ENTER [ths1_TriggerEnterSCRIPT < (0408C7A9)>]
[11/15/2012 - 09:18:59PM] PLAYER_TRIGGER_LEAVE [ths1_TriggerEnterSCRIPT < (0408C7A9)>]
[11/15/2012 - 09:18:59PM] PLAYER_CELL_CHANGE [Cell <Wilderness (04085D4C)>] ""
[11/15/2012 - 09:18:59PM] PLAYER_MOVE Run
[11/15/2012 - 09:18:59PM] PLAYER_ACTOR_VIEW_GAIN [ObjectReference < (04089359)>] "Seamus"
[11/15/2012 - 09:19:00PM] PLAYER_CELL_CHANGE [Cell <Wilderness (04085D42)>] ""
[11/15/2012 - 09:19:00PM] PLAYER_MOVE Sprint
[11/15/2012 - 09:19:02PM] PLAYER_CELL_CHANGE [Cell <Wilderness (04085D44)>] ""
[11/15/2012 - 09:19:03PM] PLAYER_MOVE None
[11/15/2012 - 09:19:08PM] PLAYER_MOVE Sprint
[11/15/2012 - 09:19:08PM] PLAYER_ACTOR_VIEW_LOSS [ObjectReference < (04089359)>] "Seamus"
[11/15/2012 - 09:19:09PM] PLAYER_TRIGGER_ENTER [ths1_TriggerEnterSCRIPT < (0408C7A9)>]
[11/15/2012 - 09:19:09PM] PLAYER_CELL_CHANGE [Cell <Wilderness (04085D34)>] ""
[11/15/2012 - 09:19:09PM] PLAYER_MOVE Run
[11/15/2012 - 09:19:10PM] PLAYER_CELL_CHANGE [Cell <Wilderness (04085D4C)>] ""
[11/15/2012 - 09:19:10PM] PLAYER_MOVE None
[11/15/2012 - 09:19:11PM] PLAYER_ACTOR_VIEW_GAIN [ObjectReference < (04089359)>] "Seamus"
[11/15/2012 - 09:19:11PM] PLAYER_MOVE Run
[11/15/2012 - 09:19:13PM] PLAYER_CELL_CHANGE [Cell <Wilderness (04085D34)>] ""
[11/15/2012 - 09:19:14PM] PLAYER_MOVE None
[11/15/2012 - 09:19:15PM] PLAYER_MOVE Sprint
[11/15/2012 - 09:19:15PM] PLAYER_TRIGGER_LEAVE [ths1_TriggerEnterSCRIPT < (0408C7A9)>]
[11/15/2012 - 09:19:16PM] PLAYER_CELL_CHANGE [Cell <Wilderness (04085D44)>] ""
[11/15/2012 - 09:19:16PM] PLAYER_MOVE None
[11/15/2012 - 09:19:23PM] PLAYER_MOVE Run
[11/15/2012 - 09:19:23PM] PLAYER_ACTOR_VIEW_LOSS [ObjectReference < (04089359)>] "Seamus"
[11/15/2012 - 09:19:23PM] PLAYER_TRIGGER_ENTER [ths1_TriggerEnterSCRIPT < (0408C7A1)>]
[11/15/2012 - 09:19:23PM] PLAYER_MOVE Sprint
[11/15/2012 - 09:19:24PM] PLAYER_MOVE Run
[11/15/2012 - 09:19:25PM] PLAYER_TRIGGER_LEAVE [ths1_TriggerEnterSCRIPT < (0408C7A1)>]
[11/15/2012 - 09:19:27PM] PLAYER_CELL_CHANGE [Cell <ths1_IsaanHouse (0407113A)>] "Isaan's House"
[11/15/2012 - 09:19:28PM] ACTOR_MOVE_TO_PLAYER [ObjectReference < (04089359)>] "Seamus"
[11/15/2012 - 09:19:28PM] PLAYER_MOVE None
[11/15/2012 - 09:19:28PM] PLAYER_ACTOR_VIEW_GAIN [ObjectReference < (04089359)>] "Seamus"
[11/15/2012 - 09:19:30PM] PLAYER_ACTOR_VIEW_LOSS [ObjectReference < (04089359)>] "Seamus"
[11/15/2012 - 09:19:33PM] PLAYER_DIALOGUE [TIF__01063755 <topic info 04063755 on quest ths1_MissingDog (04009344)>] NPC_SPEAKER [Actor < (04071D11)>]
[11/15/2012 - 09:19:35PM] PLAYER_DIALOGUE [TIF__0101430C <topic info 0401430C on quest ths1_MissingDog (04009344)>] NPC_SPEAKER [Actor < (04071D11)>]
[11/15/2012 - 09:19:42PM] PLAYER_DIALOGUE [TIF__0101651B <topic info 0401651B on quest ths1_MissingDog (04009344)>] NPC_SPEAKER [Actor < (04071D11)>]
[11/15/2012 - 09:19:46PM] PLAYER_DIALOGUE [TIF__0101651D <topic info 0401651D on quest ths1_MissingDog (04009344)>] NPC_SPEAKER [Actor < (04071D11)>]
[11/15/2012 - 09:19:50PM] PLAYER_DIALOGUE [TIF__01063752 <topic info 04063752 on quest ths1_MissingDog (04009344)>] NPC_SPEAKER [Actor < (04071D11)>]
[11/15/2012 - 09:19:54PM] PLAYER_DIALOGUE [TIF__010098E9 <topic info 040098E9 on quest ths1_MissingDog (04009344)>] NPC_SPEAKER [Actor < (04071D11)>]
[11/15/2012 - 09:19:58PM] PLAYER_DIALOGUE [TIF__01041651 <topic info 04041651 on quest ths1_MissingDog (04009344)>] NPC_SPEAKER [Actor < (04071D11)>]
[11/15/2012 - 09:20:00PM] PLAYER_ACTOR_VIEW_GAIN [ObjectReference < (04089359)>] "Seamus"
[11/15/2012 - 09:20:07PM] PLAYER_MOVE Run
[11/15/2012 - 09:20:08PM] PLAYER_ACTOR_VIEW_LOSS [ObjectReference < (04089359)>] "Seamus"
[11/15/2012 - 09:20:09PM] PLAYER_TRIGGER_ENTER [ths1_TriggerEnterSCRIPT < (04074E5A)>]
[11/15/2012 - 09:20:09PM] PLAYER_TRIGGER_ENTER [ths1_TriggerEnterSCRIPT < (04074E5B)>]
[11/15/2012 - 09:20:09PM] PLAYER_TRIGGER_LEAVE [ths1_TriggerEnterSCRIPT < (04074E5A)>]
[11/15/2012 - 09:20:09PM] PLAYER_MOVE None
[11/15/2012 - 09:20:13PM] PLAYER_ITEM_OBTAIN [ObjectReference < (04071164)>] "Iron Sword"
[11/15/2012 - 09:20:15PM] PLAYER_ACTOR_VIEW_GAIN [ObjectReference < (04089359)>] "Seamus"
[11/15/2012 - 09:20:18PM] PLAYER_MOVE Run
[11/15/2012 - 09:20:18PM] PLAYER_ACTOR_VIEW_LOSS [ObjectReference < (04089359)>] "Seamus"
[11/15/2012 - 09:20:18PM] PLAYER_TRIGGER_LEAVE [ths1_TriggerEnterSCRIPT < (04074E5B)>]
[11/15/2012 - 09:20:19PM] PLAYER_MOVE Sprint
[11/15/2012 - 09:20:19PM] PLAYER_MOVE Run
[11/15/2012 - 09:20:20PM] PLAYER_MOVE None
[11/15/2012 - 09:20:22PM] PLAYER_CELL_CHANGE [Cell <Wilderness (04085D44)>] ""
[11/15/2012 - 09:20:23PM] ACTOR_MOVE_TO_PLAYER [ObjectReference < (04089359)>] "Seamus"
[11/15/2012 - 09:20:23PM] PLAYER_WORLDSPACE_CHANGE [WorldSpace <ths1_Town (04085D17)>] "Town"
[11/15/2012 - 09:20:23PM] PLAYER_ACTOR_VIEW_GAIN [ObjectReference < (04089359)>] "Seamus"
[11/15/2012 - 09:20:25PM] PLAYER_TRIGGER_ENTER [ths1_TriggerEnterSCRIPT < (0408C7A1)>]
[11/15/2012 - 09:20:25PM] PLAYER_MOVE Run
[11/15/2012 - 09:20:25PM] PLAYER_ACTOR_VIEW_LOSS [ObjectReference < (04089359)>] "Seamus"
[11/15/2012 - 09:20:25PM] PLAYER_TRIGGER_LEAVE [ths1_TriggerEnterSCRIPT < (0408C7A1)>]
[11/15/2012 - 09:20:26PM] PLAYER_MOVE Sprint
[11/15/2012 - 09:20:28PM] PLAYER_TRIGGER_ENTER [ths1_TriggerEnterSCRIPT < (0408C7A9)>]
[11/15/2012 - 09:20:29PM] PLAYER_CELL_CHANGE [Cell <Wilderness (04085D34)>] ""
[11/15/2012 - 09:20:30PM] PLAYER_TRIGGER_LEAVE [ths1_TriggerEnterSCRIPT < (0408C7A9)>]
[11/15/2012 - 09:20:32PM] PLAYER_MOVE Run
[11/15/2012 - 09:20:34PM] PLAYER_MOVE Sprint
[11/15/2012 - 09:20:35PM] PLAYER_CELL_CHANGE [Cell <Wilderness (04085D4C)>] ""
[11/15/2012 - 09:20:38PM] PLAYER_CELL_CHANGE [Cell <Wilderness (04085D54)>] ""
[11/15/2012 - 09:20:38PM] PLAYER_MOVE Run
[11/15/2012 - 09:20:40PM] PLAYER_TRIGGER_ENTER [ths1_TriggerEnterSCRIPT < (0408C7C1)>]
[11/15/2012 - 09:20:40PM] PLAYER_MOVE Sprint
[11/15/2012 - 09:20:43PM] PLAYER_TRIGGER_LEAVE [ths1_TriggerEnterSCRIPT < (0408C7C1)>]
[11/15/2012 - 09:20:43PM] PLAYER_TRIGGER_ENTER [ths1_TriggerEnterSCRIPT < (0408C7B0)>]
[11/15/2012 - 09:20:43PM] PLAYER_MOVE Run
[11/15/2012 - 09:20:49PM] PLAYER_CELL_CHANGE [Cell <Wilderness (04085D52)>] ""
[11/15/2012 - 09:20:51PM] PLAYER_CELL_CHANGE [Cell <Wilderness (04085D4A)>] ""
[11/15/2012 - 09:20:55PM] PLAYER_ACTOR_VIEW_GAIN [ObjectReference < (0402DCC8)>] "Scruff"
[11/15/2012 - 09:20:56PM] PLAYER_MOVE None
[11/15/2012 - 09:20:56PM] PLAYER_ACTOR_VIEW_LOSS [ObjectReference < (0402DCC8)>] "Scruff"
[11/15/2012 - 09:20:58PM] PLAYER_MOVE Run
[11/15/2012 - 09:20:59PM] PLAYER_MOVE None
[11/15/2012 - 09:21:00PM] PLAYER_ITEM_OBTAIN None "Blue Mountain Flower"
[11/15/2012 - 09:21:00PM] PLAYER_MOVE Run
[11/15/2012 - 09:21:02PM] PLAYER_TRIGGER_LEAVE [ths1_TriggerEnterSCRIPT < (0408C7B0)>]
[11/15/2012 - 09:21:03PM] PLAYER_TRIGGER_ENTER [ths1_TriggerEnterSCRIPT < (0408CDAD)>]
[11/15/2012 - 09:21:06PM] PLAYER_MOVE None
[11/15/2012 - 09:21:07PM] PLAYER_MOVE Run
[11/15/2012 - 09:21:09PM] PLAYER_ACTOR_VIEW_GAIN [ObjectReference < (04039836)>] "Kitty"
[11/15/2012 - 09:21:10PM] PLAYER_ACTOR_VIEW_GAIN [ObjectReference < (0402DCC8)>] "Scruff"
[11/15/2012 - 09:21:11PM] PLAYER_MOVE Sprint
[11/15/2012 - 09:21:11PM] PLAYER_ACTOR_VIEW_LOSS [ObjectReference < (04039836)>] "Kitty"
[11/15/2012 - 09:21:12PM] PLAYER_TRIGGER_LEAVE [ths1_TriggerEnterSCRIPT < (0408CDAD)>]
[11/15/2012 - 09:21:12PM] PLAYER_TRIGGER_ENTER [ths1_TriggerEnterSCRIPT < (0408C7AE)>]
[11/15/2012 - 09:21:12PM] PLAYER_ACTOR_VIEW_LOSS [ObjectReference < (0402DCC8)>] "Scruff"
[11/15/2012 - 09:21:13PM] PLAYER_MOVE None
[11/15/2012 - 09:21:19PM] PLAYER_CELL_CHANGE [Cell <Wilderness (04085D40)>] ""
[11/15/2012 - 09:21:19PM] PLAYER_MOVE Sprint
[11/15/2012 - 09:21:22PM] PLAYER_MOVE Run
[11/15/2012 - 09:21:25PM] PLAYER_CELL_CHANGE [Cell <Wilderness (04085D42)>] ""
[11/15/2012 - 09:21:26PM] PLAYER_ACTOR_VIEW_GAIN [ObjectReference < (04089359)>] "Seamus"
[11/15/2012 - 09:21:27PM] PLAYER_TRIGGER_LEAVE [ths1_TriggerEnterSCRIPT < (0408C7AE)>]
[11/15/2012 - 09:21:27PM] PLAYER_ACTOR_VIEW_LOSS [ObjectReference < (04089359)>] "Seamus"
[11/15/2012 - 09:21:28PM] PLAYER_TRIGGER_ENTER [ths1_TriggerEnterSCRIPT < (0408C7AB)>]
[11/15/2012 - 09:21:29PM] PLAYER_MOVE None
[11/15/2012 - 09:21:30PM] PLAYER_DIALOGUE [TIF__0208000D <topic info 0408000D on quest ths1_MasterQuest (040319F7)>] NPC_SPEAKER [Actor < (04089355)>]
[11/15/2012 - 09:21:32PM] PLAYER_DIALOGUE [TIF__0208000F <topic info 0408000F on quest ths1_MasterQuest (040319F7)>] NPC_SPEAKER [Actor < (04089355)>]
[11/15/2012 - 09:21:35PM] PLAYER_MOVE Run
[11/15/2012 - 09:21:37PM] PLAYER_TRIGGER_LEAVE [ths1_TriggerEnterSCRIPT < (0408C7AB)>]
[11/15/2012 - 09:21:40PM] PLAYER_MOVE None
[11/15/2012 - 09:21:41PM] PLAYER_TRIGGER_ENTER [ths1_TriggerEnterSCRIPT < (0408C7AB)>]
[11/15/2012 - 09:21:41PM] PLAYER_MOVE Run
[11/15/2012 - 09:21:43PM] PLAYER_CELL_CHANGE [Cell <Wilderness (04085D40)>] ""
[11/15/2012 - 09:21:43PM] PLAYER_MOVE Sprint
[11/15/2012 - 09:21:44PM] PLAYER_MOVE Run
[11/15/2012 - 09:21:46PM] PLAYER_MOVE Sprint
[11/15/2012 - 09:21:46PM] PLAYER_ACTOR_VIEW_GAIN [ObjectReference < (04039836)>] "Kitty"
[11/15/2012 - 09:21:47PM] PLAYER_ACTOR_VIEW_LOSS [ObjectReference < (04039836)>] "Kitty"
[11/15/2012 - 09:21:47PM] PLAYER_CELL_CHANGE [Cell <Wilderness (04085D42)>] ""
[11/15/2012 - 09:21:48PM] PLAYER_ACTOR_VIEW_GAIN [ObjectReference < (04089359)>] "Seamus"
[11/15/2012 - 09:21:48PM] PLAYER_TRIGGER_LEAVE [ths1_TriggerEnterSCRIPT < (0408C7AB)>]
[11/15/2012 - 09:21:49PM] PLAYER_ACTOR_VIEW_GAIN [ObjectReference < (0402DCC8)>] "Scruff"
[11/15/2012 - 09:21:49PM] PLAYER_ACTOR_VIEW_GAIN [ObjectReference < (04039836)>] "Kitty"
[11/15/2012 - 09:21:50PM] PLAYER_ACTOR_VIEW_LOSS [ObjectReference < (04039836)>] "Kitty"
[11/15/2012 - 09:21:51PM] PLAYER_ACTOR_VIEW_LOSS [ObjectReference < (0402DCC8)>] "Scruff"
[11/15/2012 - 09:21:52PM] PLAYER_MOVE Run
[11/15/2012 - 09:21:52PM] PLAYER_ACTOR_VIEW_LOSS [ObjectReference < (04089359)>] "Seamus"
[11/15/2012 - 09:21:54PM] PLAYER_MOVE Sprint
[11/15/2012 - 09:21:54PM] PLAYER_ACTOR_VIEW_GAIN [ObjectReference < (04089359)>] "Seamus"
[11/15/2012 - 09:21:55PM] PLAYER_MOVE Run
[11/15/2012 - 09:21:55PM] PLAYER_ACTOR_VIEW_LOSS [ObjectReference < (04089359)>] "Seamus"
[11/15/2012 - 09:21:56PM] PLAYER_MOVE None
[11/15/2012 - 09:21:58PM] PLAYER_MOVE Run
[11/15/2012 - 09:22:00PM] PLAYER_MOVE Sprint
[11/15/2012 - 09:22:01PM] PLAYER_CELL_CHANGE [Cell <Wilderness (04085D44)>] ""
[11/15/2012 - 09:22:01PM] PLAYER_MOVE Run
[11/15/2012 - 09:22:02PM] PLAYER_MOVE Sprint
[11/15/2012 - 09:22:03PM] PLAYER_MOVE Run
[11/15/2012 - 09:22:05PM] PLAYER_MOVE Sprint
[11/15/2012 - 09:22:08PM] PLAYER_MOVE Run
[11/15/2012 - 09:22:13PM] PLAYER_MOVE Sprint
[11/15/2012 - 09:22:14PM] PLAYER_CELL_CHANGE [Cell <Wilderness (04085D42)>] ""
[11/15/2012 - 09:22:17PM] PLAYER_MOVE Run
[11/15/2012 - 09:22:19PM] PLAYER_MOVE Sprint
[11/15/2012 - 09:22:21PM] PLAYER_MOVE None
[11/15/2012 - 09:22:22PM] PLAYER_MOVE Run
[11/15/2012 - 09:22:24PM] PLAYER_MOVE Sprint
[11/15/2012 - 09:22:26PM] PLAYER_CELL_CHANGE [Cell <Wilderness (04085D4C)>] ""
[11/15/2012 - 09:22:28PM] PLAYER_TRIGGER_ENTER [ths1_TriggerEnterSCRIPT < (0408C7A8)>]
[11/15/2012 - 09:22:29PM] PLAYER_TRIGGER_LEAVE [ths1_TriggerEnterSCRIPT < (0408C7A8)>]
[11/15/2012 - 09:22:29PM] PLAYER_TRIGGER_ENTER [ths1_TriggerEnterSCRIPT < (0408C7A7)>]
[11/15/2012 - 09:22:31PM] PLAYER_MOVE None
[11/15/2012 - 09:22:40PM] PLAYER_MOVE Run
[11/15/2012 - 09:22:41PM] PLAYER_MOVE Sprint
[11/15/2012 - 09:22:42PM] PLAYER_TRIGGER_LEAVE [ths1_TriggerEnterSCRIPT < (0408C7A7)>]
[11/15/2012 - 09:22:45PM] PLAYER_TRIGGER_ENTER [ths1_TriggerEnterSCRIPT < (0408C7C0)>]
[11/15/2012 - 09:22:45PM] PLAYER_TRIGGER_LEAVE [ths1_TriggerEnterSCRIPT < (0408C7C0)>]
[11/15/2012 - 09:22:54PM] PLAYER_TRIGGER_ENTER [ths1_TriggerEnterSCRIPT < (040748BF)>]
[11/15/2012 - 09:22:54PM] PLAYER_CELL_CHANGE [Cell <ths1_MuseumInterior (04044D5A)>] "Bubbsey's Oddity Emporium"
[11/15/2012 - 09:22:54PM] ACTOR_MOVE_TO_PLAYER [ObjectReference < (04089359)>] "Seamus"
[11/15/2012 - 09:22:55PM] PLAYER_MOVE None
[11/15/2012 - 09:22:55PM] PLAYER_ACTOR_VIEW_GAIN [ObjectReference < (04089359)>] "Seamus"
[11/15/2012 - 09:23:01PM] PLAYER_ACTOR_VIEW_LOSS [ObjectReference < (04089359)>] "Seamus"
[11/15/2012 - 09:23:02PM] PLAYER_ACTOR_VIEW_GAIN [ObjectReference < (04089359)>] "Seamus"
[11/15/2012 - 09:23:05PM] PLAYER_TRIGGER_LEAVE [ths1_TriggerEnterSCRIPT < (040748BF)>]
[11/15/2012 - 09:23:05PM] PLAYER_MOVE Run
[11/15/2012 - 09:23:05PM] PLAYER_TRIGGER_ENTER [ths1_TriggerEnterSCRIPT < (040748CB)>]
[11/15/2012 - 09:23:05PM] PLAYER_ACTOR_VIEW_LOSS [ObjectReference < (04089359)>] "Seamus"
[11/15/2012 - 09:23:07PM] PLAYER_MOVE None
[11/15/2012 - 09:23:08PM] PLAYER_MOVE Run
[11/15/2012 - 09:23:09PM] PLAYER_TRIGGER_ENTER [ths1_TriggerEnterSCRIPT < (040748CA)>]
[11/15/2012 - 09:23:09PM] PLAYER_TRIGGER_LEAVE [ths1_TriggerEnterSCRIPT < (040748CB)>]
[11/15/2012 - 09:23:10PM] PLAYER_MOVE None
[11/15/2012 - 09:23:12PM] PLAYER_ACTOR_VIEW_GAIN [ObjectReference < (04089359)>] "Seamus"
[11/15/2012 - 09:23:12PM] PLAYER_TRIGGER_ENTER [ths1_TriggerEnterSCRIPT < (040748C9)>]
[11/15/2012 - 09:23:13PM] PLAYER_TRIGGER_LEAVE [ths1_TriggerEnterSCRIPT < (040748CA)>]
[11/15/2012 - 09:23:13PM] PLAYER_ACTOR_VIEW_LOSS [ObjectReference < (04089359)>] "Seamus"
[11/15/2012 - 09:23:16PM] PLAYER_DISPLAY_CASE_OPEN [ths1_DisplayCaseScript < (04044E1D)>]
[11/15/2012 - 09:23:21PM] PLAYER_ACTOR_VIEW_GAIN [ObjectReference < (04089359)>] "Seamus"
[11/15/2012 - 09:23:22PM] PLAYER_MOVE Run
[11/15/2012 - 09:23:23PM] PLAYER_MOVE None
[11/15/2012 - 09:23:24PM] PLAYER_MOVE Run
[11/15/2012 - 09:23:26PM] PLAYER_ACTOR_VIEW_LOSS [ObjectReference < (04089359)>] "Seamus"
[11/15/2012 - 09:23:26PM] PLAYER_TRIGGER_LEAVE [ths1_TriggerEnterSCRIPT < (040748C9)>]
[11/15/2012 - 09:23:28PM] PLAYER_DIALOGUE [TIF__01064239 <topic info 04064239 on quest ths1_CaptiveOrc (0401A9F8)>] NPC_SPEAKER [Actor < (04049751)>]
[11/15/2012 - 09:23:28PM] PLAYER_MOVE None
[11/15/2012 - 09:23:33PM] PLAYER_MOVE Run
[11/15/2012 - 09:23:34PM] PLAYER_TRIGGER_ENTER [ths1_TriggerEnterSCRIPT < (040748C8)>]
[11/15/2012 - 09:23:34PM] PLAYER_TRIGGER_LEAVE [ths1_TriggerEnterSCRIPT < (040748C8)>]
[11/15/2012 - 09:23:35PM] QUEST_STAGE_CHANGE [ths1_CaptiveOrcQuestSCRIPT <ths1_CaptiveOrc (0401A9F8)>] "The Museum Attraction" 3
[11/15/2012 - 09:23:36PM] PLAYER_MOVE None
[11/15/2012 - 09:23:39PM] PLAYER_ACTOR_VIEW_GAIN [ObjectReference < (04089359)>] "Seamus"
[11/15/2012 - 09:23:44PM] PLAYER_DIALOGUE [TIF__01068350 <topic info 04068350 on quest ths1_MissingDog (04009344)>] NPC_SPEAKER [Actor < (04089359)>]
[11/15/2012 - 09:23:48PM] PLAYER_DIALOGUE [TIF__010238FF <topic info 040238FF on quest ths1_MissingDog (04009344)>] NPC_SPEAKER [Actor < (04089359)>]
[11/15/2012 - 09:23:53PM] ACTOR_PACKAGE_START [ths1_MDQSeamusAliasSCRIPT <alias Seamus on quest ths1_MissingDog (04009344)>] "Seamus" : "[Package < (0003EAB9)>]"
[11/15/2012 - 09:23:54PM] PLAYER_DIALOGUE [TIF__0106E5B4 <topic info 0406E5B4 on quest ths1_MissingDog (04009344)>] NPC_SPEAKER [Actor < (04089359)>]
[11/15/2012 - 09:23:55PM] ACTOR_PACKAGE_START [ths1_MDQSeamusAliasSCRIPT <alias Seamus on quest ths1_MissingDog (04009344)>] "Seamus" : "[PF_ths1_SeamusFollowerPackag_0201C01E < (0401C01E)>]"
[11/15/2012 - 09:23:57PM] PLAYER_MOVE Run
[11/15/2012 - 09:23:57PM] PLAYER_ACTOR_VIEW_LOSS [ObjectReference < (04089359)>] "Seamus"
[11/15/2012 - 09:23:59PM] PLAYER_MOVE None
[11/15/2012 - 09:23:59PM] PLAYER_TRIGGER_ENTER [ths1_TriggerEnterSCRIPT < (040748D4)>]
[11/15/2012 - 09:24:00PM] PLAYER_MOVE Run
[11/15/2012 - 09:24:01PM] PLAYER_TRIGGER_LEAVE [ths1_TriggerEnterSCRIPT < (040748D4)>]
[11/15/2012 - 09:24:03PM] PLAYER_MOVE None
[11/15/2012 - 09:24:04PM] QUEST_STAGE_CHANGE [ths1_CaptiveOrcQuestSCRIPT <ths1_CaptiveOrc (0401A9F8)>] "The Museum Attraction" 5
[11/15/2012 - 09:24:04PM] PLAYER_TRIGGER_ENTER [ths1_TriggerEnterSCRIPT < (040748D5)>]
[11/15/2012 - 09:24:04PM] PLAYER_MOVE Run
[11/15/2012 - 09:24:04PM] ACTOR_DOOR_OPEN [ObjectReference < (00000014)>] "kelly" : [ths1_MuseumHiddenDoorSCRIPT <alias MuseumHiddenDoor on quest ths1_CaptiveOrc (0401A9F8)>] "MuseumHiddenDoor"
[11/15/2012 - 09:24:05PM] PLAYER_MOVE Sprint
[11/15/2012 - 09:24:05PM] PLAYER_TRIGGER_LEAVE [ths1_TriggerEnterSCRIPT < (040748D5)>]
[11/15/2012 - 09:24:06PM] PLAYER_TRIGGER_ENTER [ths1_NearOrcCageTrigScript <alias NearMuseumOrcCageTrigALIAS on quest ths1_CaptiveOrc (0401A9F8)>]
[11/15/2012 - 09:24:07PM] QUEST_STAGE_CHANGE [ths1_CaptiveOrcQuestSCRIPT <ths1_CaptiveOrc (0401A9F8)>] "The Museum Attraction" 10
[11/15/2012 - 09:24:07PM] PLAYER_MOVE None
[11/15/2012 - 09:24:08PM] PLAYER_MOVE Run
[11/15/2012 - 09:24:09PM] PLAYER_MOVE None
[11/15/2012 - 09:24:11PM] PLAYER_MOVE Run
[11/15/2012 - 09:24:13PM] PLAYER_MOVE None
[11/15/2012 - 09:24:23PM] PLAYER_DIALOGUE [TIF__020810CF <topic info 040810CF on quest ths1_CaptiveOrc (0401A9F8)>] NPC_SPEAKER [Actor < (040491E3)>]
[11/15/2012 - 09:24:23PM] PLAYER_ACTOR_VIEW_GAIN [ObjectReference < (04089359)>] "Seamus"
[11/15/2012 - 09:24:26PM] PLAYER_MOVE Run
[11/15/2012 - 09:24:27PM] PLAYER_ACTOR_VIEW_LOSS [ObjectReference < (04089359)>] "Seamus"
[11/15/2012 - 09:24:28PM] PLAYER_MOVE None
[11/15/2012 - 09:24:33PM] PLAYER_ITEM_OBTAIN [ObjectReference < (04081BDB)>] "Green Apple"
[11/15/2012 - 09:24:37PM] PLAYER_ITEM_OBTAIN [ObjectReference < (04081BD9)>] "Bread"
[11/15/2012 - 09:24:41PM] PLAYER_ACTOR_VIEW_GAIN [ObjectReference < (04089359)>] "Seamus"
[11/15/2012 - 09:24:42PM] PLAYER_MOVE Run
[11/15/2012 - 09:24:42PM] PLAYER_ACTOR_VIEW_LOSS [ObjectReference < (04089359)>] "Seamus"
[11/15/2012 - 09:24:44PM] PLAYER_MOVE None
[11/15/2012 - 09:24:52PM] PLAYER_ITEM_REMOVED [ObjectReference < (04081BD9)>] "Bread" COUNT 1 CONTAINER [ObjectReference < (040491E3)>]
[11/15/2012 - 09:24:53PM] PLAYER_ITEM_REMOVED [ObjectReference < (04081BDB)>] "Green Apple" COUNT 1 CONTAINER [ObjectReference < (040491E3)>]
[11/15/2012 - 09:24:55PM] PLAYER_DIALOGUE [TIF__020810CD <topic info 040810CD on quest ths1_CaptiveOrc (0401A9F8)>] NPC_SPEAKER [Actor < (040491E3)>]
[11/15/2012 - 09:24:58PM] PLAYER_DIALOGUE [TIF__01063CCD <topic info 04063CCD on quest ths1_CaptiveOrc (0401A9F8)>] NPC_SPEAKER [Actor < (040491E3)>]
[11/15/2012 - 09:25:01PM] PLAYER_DIALOGUE [TIF__01068352 <topic info 04068352 on quest ths1_CaptiveOrc (0401A9F8)>] NPC_SPEAKER [Actor < (040491E3)>]
[11/15/2012 - 09:25:06PM] PLAYER_DIALOGUE [TIF__01068356 <topic info 04068356 on quest ths1_CaptiveOrc (0401A9F8)>] NPC_SPEAKER [Actor < (040491E3)>]
[11/15/2012 - 09:25:14PM] PLAYER_DIALOGUE [TIF__01063CCD <topic info 04063CCD on quest ths1_CaptiveOrc (0401A9F8)>] NPC_SPEAKER [Actor < (040491E3)>]
[11/15/2012 - 09:25:17PM] PLAYER_DIALOGUE [TIF__010647A5 <topic info 040647A5 on quest ths1_CaptiveOrc (0401A9F8)>] NPC_SPEAKER [Actor < (040491E3)>]
[11/15/2012 - 09:25:25PM] PLAYER_DIALOGUE [TIF__01068354 <topic info 04068354 on quest ths1_CaptiveOrc (0401A9F8)>] NPC_SPEAKER [Actor < (040491E3)>]
[11/15/2012 - 09:25:29PM] PLAYER_DIALOGUE [TIF__01063CCD <topic info 04063CCD on quest ths1_CaptiveOrc (0401A9F8)>] NPC_SPEAKER [Actor < (040491E3)>]
[11/15/2012 - 09:25:32PM] PLAYER_MOVE Run
[11/15/2012 - 09:25:33PM] PLAYER_MOVE None
[11/15/2012 - 09:25:38PM] PLAYER_ACTOR_VIEW_GAIN [ObjectReference < (04089359)>] "Seamus"
[11/15/2012 - 09:25:39PM] PLAYER_ACTOR_VIEW_LOSS [ObjectReference < (04089359)>] "Seamus"
[11/15/2012 - 09:25:40PM] PLAYER_MOVE Run
[11/15/2012 - 09:25:40PM] PLAYER_MOVE Sprint
[11/15/2012 - 09:25:41PM] PLAYER_TRIGGER_ENTER [ths1_TriggerEnterSCRIPT < (040748D5)>]
[11/15/2012 - 09:25:41PM] PLAYER_TRIGGER_LEAVE [ths1_TriggerEnterSCRIPT < (040748D5)>]
[11/15/2012 - 09:25:42PM] PLAYER_TRIGGER_ENTER [ths1_TriggerEnterSCRIPT < (040748D4)>]
[11/15/2012 - 09:25:43PM] PLAYER_MOVE Run
[11/15/2012 - 09:25:44PM] PLAYER_MOVE None
[11/15/2012 - 09:25:44PM] PLAYER_TRIGGER_LEAVE [ths1_TriggerEnterSCRIPT < (040748D4)>]
[11/15/2012 - 09:25:45PM] PLAYER_MOVE Run
[11/15/2012 - 09:25:47PM] PLAYER_DIALOGUE [TIF__010688C2 <topic info 040688C2 on quest ths1_CaptiveOrc (0401A9F8)>] NPC_SPEAKER [Actor < (04049751)>]
[11/15/2012 - 09:25:47PM] PLAYER_MOVE None
[11/15/2012 - 09:25:49PM] PLAYER_DIALOGUE [TIF__01052C39 <topic info 04052C39 on quest ths1_CaptiveOrc (0401A9F8)>] NPC_SPEAKER [Actor < (04049751)>]
[11/15/2012 - 09:25:53PM] PLAYER_DIALOGUE [TIF__01052C3B <topic info 04052C3B on quest ths1_CaptiveOrc (0401A9F8)>] NPC_SPEAKER [Actor < (04049751)>]
[11/15/2012 - 09:25:58PM] PLAYER_DIALOGUE [TIF__0106683D <topic info 0406683D on quest ths1_CaptiveOrc (0401A9F8)>] NPC_SPEAKER [Actor < (04049751)>]
[11/15/2012 - 09:26:04PM] PLAYER_BOOK_READ [ths1_BookOfOrcsScript <alias OrcBook on quest ths1_CaptiveOrc (0401A9F8)>]
[11/15/2012 - 09:26:21PM] PLAYER_DIALOGUE [TIF__0104C30C <topic info 0404C30C on quest ths1_CaptiveOrc (0401A9F8)>] NPC_SPEAKER [Actor < (04049751)>]
[11/15/2012 - 09:26:24PM] PLAYER_DIALOGUE [TIF__0104C30E <topic info 0404C30E on quest ths1_CaptiveOrc (0401A9F8)>] NPC_SPEAKER [Actor < (04049751)>]
[11/15/2012 - 09:26:27PM] PLAYER_DIALOGUE [TIF__01052C39 <topic info 04052C39 on quest ths1_CaptiveOrc (0401A9F8)>] NPC_SPEAKER [Actor < (04049751)>]
[11/15/2012 - 09:26:31PM] PLAYER_FIGHT [Actor < (04049751)>] "Bubbsey"
[11/15/2012 - 09:26:32PM] PLAYER_FIGHT None ""
[11/15/2012 - 09:26:34PM] PLAYER_FIGHT None ""
[11/15/2012 - 09:26:34PM] PLAYER_FIGHT None ""
[11/15/2012 - 09:26:36PM] PLAYER_FIGHT None ""
[11/15/2012 - 09:26:36PM] PLAYER_FIGHT None ""
[11/15/2012 - 09:26:38PM] PLAYER_FIGHT [Actor < (04049751)>] "Bubbsey"
[11/15/2012 - 09:26:39PM] PLAYER_FIGHT None ""
[11/15/2012 - 09:26:40PM] PLAYER_FIGHT [Actor < (04049751)>] "Bubbsey"
[11/15/2012 - 09:26:41PM] PLAYER_FIGHT [Actor < (04049751)>] "Bubbsey"
[11/15/2012 - 09:26:42PM] PLAYER_FIGHT [Actor < (04049751)>] "Bubbsey"
[11/15/2012 - 09:26:43PM] PLAYER_FIGHT None ""
[11/15/2012 - 09:26:44PM] PLAYER_FIGHT None ""
[11/15/2012 - 09:26:45PM] PLAYER_FIGHT None ""
[11/15/2012 - 09:26:46PM] PLAYER_FIGHT None ""
[11/15/2012 - 09:26:48PM] PLAYER_ACTOR_VIEW_GAIN [ObjectReference < (04089359)>] "Seamus"
[11/15/2012 - 09:26:50PM] PLAYER_ITEM_OBTAIN None "Iron Sword"
[11/15/2012 - 09:26:51PM] PLAYER_ITEM_OBTAIN None "Orc Cage Key"
[11/15/2012 - 09:26:52PM] PLAYER_MOVE Run
[11/15/2012 - 09:26:53PM] PLAYER_ACTOR_VIEW_LOSS [ObjectReference < (04089359)>] "Seamus"
[11/15/2012 - 09:26:54PM] PLAYER_TRIGGER_ENTER [ths1_TriggerEnterSCRIPT < (040748D4)>]
[11/15/2012 - 09:26:55PM] PLAYER_TRIGGER_LEAVE [ths1_TriggerEnterSCRIPT < (040748D4)>]
[11/15/2012 - 09:26:55PM] PLAYER_TRIGGER_ENTER [ths1_TriggerEnterSCRIPT < (040748D5)>]
[11/15/2012 - 09:26:56PM] PLAYER_TRIGGER_LEAVE [ths1_TriggerEnterSCRIPT < (040748D5)>]
[11/15/2012 - 09:26:57PM] PLAYER_TRIGGER_ENTER [ths1_NearOrcCageTrigScript <alias NearMuseumOrcCageTrigALIAS on quest ths1_CaptiveOrc (0401A9F8)>]
[11/15/2012 - 09:26:58PM] PLAYER_MOVE None
[11/15/2012 - 09:27:00PM] PLAYER_MOVE Run
[11/15/2012 - 09:27:01PM] PLAYER_TRIGGER_ENTER [ths1_NearOrcCageTrigScript <alias NearMuseumOrcCageTrigALIAS on quest ths1_CaptiveOrc (0401A9F8)>]
[11/15/2012 - 09:27:03PM] PLAYER_MOVE None
[11/15/2012 - 09:27:04PM] PLAYER_MOVE Run
[11/15/2012 - 09:27:04PM] QUEST_STAGE_CHANGE [ths1_CaptiveOrcQuestSCRIPT <ths1_CaptiveOrc (0401A9F8)>] "The Museum Attraction" 30
[11/15/2012 - 09:27:04PM] QUEST_COMPLETED [ths1_CaptiveOrcQuestSCRIPT <ths1_CaptiveOrc (0401A9F8)>] "The Museum Attraction"
[11/15/2012 - 09:27:05PM] PLAYER_ACTOR_VIEW_GAIN [ObjectReference < (04089359)>] "Seamus"
[11/15/2012 - 09:27:05PM] PLAYER_MOVE None
[11/15/2012 - 09:27:06PM] PLAYER_MOVE Run
[11/15/2012 - 09:27:06PM] PLAYER_ACTOR_VIEW_LOSS [ObjectReference < (04089359)>] "Seamus"
[11/15/2012 - 09:27:07PM] PLAYER_MOVE None
[11/15/2012 - 09:27:11PM] PLAYER_DIALOGUE [TIF__0101A9FC <topic info 0401A9FC on quest ths1_CaptiveOrc (0401A9F8)>] NPC_SPEAKER [Actor < (040491E3)>]
[11/15/2012 - 09:27:14PM] PLAYER_MOVE Run
[11/15/2012 - 09:27:14PM] PLAYER_ACTOR_VIEW_GAIN [ObjectReference < (04089359)>] "Seamus"
[11/15/2012 - 09:27:15PM] PLAYER_ACTOR_VIEW_LOSS [ObjectReference < (04089359)>] "Seamus"
[11/15/2012 - 09:27:16PM] PLAYER_MOVE None
[11/15/2012 - 09:27:17PM] PLAYER_ACTOR_VIEW_GAIN [ObjectReference < (04089359)>] "Seamus"
[11/15/2012 - 09:27:21PM] PLAYER_MOVE Run
[11/15/2012 - 09:27:22PM] PLAYER_MOVE None
[11/15/2012 - 09:27:23PM] PLAYER_MOVE Run
[11/15/2012 - 09:27:24PM] PLAYER_MOVE None
[11/15/2012 - 09:27:24PM] PLAYER_ACTOR_VIEW_LOSS [ObjectReference < (04089359)>] "Seamus"
[11/15/2012 - 09:27:30PM] QUEST_STAGE_CHANGE [ths1_CaptiveOrcQuestSCRIPT <ths1_CaptiveOrc (0401A9F8)>] "The Museum Attraction" 35
[11/15/2012 - 09:27:33PM] PLAYER_ACTOR_VIEW_GAIN [ObjectReference < (04089359)>] "Seamus"
[11/15/2012 - 09:27:34PM] PLAYER_DIALOGUE [TIF__0207D376 <topic info 0407D376 on quest ths1_CaptiveOrc (0401A9F8)>] NPC_SPEAKER [Actor < (040491E3)>]
[11/15/2012 - 09:27:39PM] PLAYER_DIALOGUE [TIF__02080B41 <topic info 04080B41 on quest ths1_CaptiveOrc (0401A9F8)>] NPC_SPEAKER [Actor < (040491E3)>]
[11/15/2012 - 09:27:40PM] PLAYER_ITEM_REMOVED [ObjectReference < (040711FC)>] "Black-Briar Mead" COUNT 1 CONTAINER [ObjectReference < (040491E3)>]
[11/15/2012 - 09:27:42PM] PLAYER_DIALOGUE [TIF__02080B3F <topic info 04080B3F on quest ths1_CaptiveOrc (0401A9F8)>] NPC_SPEAKER [Actor < (040491E3)>]
[11/15/2012 - 09:27:47PM] PLAYER_MOVE Run
[11/15/2012 - 09:27:48PM] PLAYER_ACTOR_VIEW_LOSS [ObjectReference < (04089359)>] "Seamus"
[11/15/2012 - 09:27:49PM] PLAYER_MOVE None
[11/15/2012 - 09:27:49PM] PLAYER_ACTOR_VIEW_GAIN [ObjectReference < (04089359)>] "Seamus"
[11/15/2012 - 09:27:50PM] PLAYER_ACTOR_VIEW_LOSS [ObjectReference < (04089359)>] "Seamus"
[11/15/2012 - 09:27:50PM] PLAYER_MOVE Sprint
[11/15/2012 - 09:27:51PM] PLAYER_WEAPON_WITHDRAWN
[11/15/2012 - 09:27:51PM] PLAYER_TRIGGER_ENTER [ths1_TriggerEnterSCRIPT < (040748D5)>]
[11/15/2012 - 09:27:52PM] PLAYER_TRIGGER_LEAVE [ths1_TriggerEnterSCRIPT < (040748D5)>]
[11/15/2012 - 09:27:53PM] PLAYER_TRIGGER_ENTER [ths1_TriggerEnterSCRIPT < (040748D4)>]
[11/15/2012 - 09:27:53PM] PLAYER_MOVE Run
[11/15/2012 - 09:27:54PM] PLAYER_TRIGGER_LEAVE [ths1_TriggerEnterSCRIPT < (040748D4)>]
[11/15/2012 - 09:27:56PM] PLAYER_MOVE None
[11/15/2012 - 09:27:57PM] PLAYER_MOVE Run
[11/15/2012 - 09:27:57PM] PLAYER_TRIGGER_ENTER [ths1_TriggerEnterSCRIPT < (040748CC)>]
[11/15/2012 - 09:27:58PM] PLAYER_TRIGGER_LEAVE [ths1_TriggerEnterSCRIPT < (040748CC)>]
[11/15/2012 - 09:27:59PM] PLAYER_TRIGGER_ENTER [ths1_TriggerEnterSCRIPT < (040748C8)>]
[11/15/2012 - 09:28:00PM] PLAYER_TRIGGER_ENTER [ths1_TriggerEnterSCRIPT < (040748BF)>]
[11/15/2012 - 09:28:00PM] PLAYER_TRIGGER_LEAVE [ths1_TriggerEnterSCRIPT < (040748BF)>]
[11/15/2012 - 09:28:00PM] PLAYER_TRIGGER_ENTER [ths1_TriggerEnterSCRIPT < (040748BF)>]
[11/15/2012 - 09:28:00PM] PLAYER_TRIGGER_LEAVE [ths1_TriggerEnterSCRIPT < (040748BF)>]
[11/15/2012 - 09:28:00PM] PLAYER_MOVE None
[11/15/2012 - 09:28:03PM] PLAYER_DISPLAY_CASE_OPEN [ths1_DisplayCaseScript < (04044E1F)>]
[11/15/2012 - 09:28:03PM] PLAYER_MOVE Run
[11/15/2012 - 09:28:04PM] PLAYER_TRIGGER_ENTER [ths1_TriggerEnterSCRIPT < (040748BF)>]
[11/15/2012 - 09:28:04PM] PLAYER_TRIGGER_LEAVE [ths1_TriggerEnterSCRIPT < (040748C8)>]
[11/15/2012 - 09:28:04PM] PLAYER_TRIGGER_ENTER [ths1_TriggerEnterSCRIPT < (040748C7)>]
[11/15/2012 - 09:28:05PM] PLAYER_TRIGGER_LEAVE [ths1_TriggerEnterSCRIPT < (040748BF)>]
[11/15/2012 - 09:28:05PM] PLAYER_MOVE None
[11/15/2012 - 09:28:07PM] PLAYER_DISPLAY_CASE_OPEN [ths1_DisplayCaseScript < (04044E20)>]
[11/15/2012 - 09:28:09PM] PLAYER_TRIGGER_LEAVE [ths1_TriggerEnterSCRIPT < (040748C7)>]
[11/15/2012 - 09:28:09PM] PLAYER_TRIGGER_ENTER [ths1_TriggerEnterSCRIPT < (040748CB)>]
[11/15/2012 - 09:28:09PM] PLAYER_TRIGGER_LEAVE [ths1_TriggerEnterSCRIPT < (040748CB)>]
[11/15/2012 - 09:28:10PM] PLAYER_MOVE Run
[11/15/2012 - 09:28:10PM] PLAYER_TRIGGER_ENTER [ths1_TriggerEnterSCRIPT < (040748BF)>]
[11/15/2012 - 09:28:10PM] PLAYER_MOVE None
[11/15/2012 - 09:28:12PM] PLAYER_TRIGGER_ENTER [ths1_TriggerEnterSCRIPT < (0408C7C0)>]
[11/15/2012 - 09:28:12PM] PLAYER_TRIGGER_LEAVE [ths1_TriggerEnterSCRIPT < (040748BF)>]
[11/15/2012 - 09:28:14PM] PLAYER_CELL_CHANGE [Cell <Wilderness (04085D4C)>] ""
[11/15/2012 - 09:28:14PM] ACTOR_MOVE_TO_PLAYER [ObjectReference < (04089359)>] "Seamus"
[11/15/2012 - 09:28:14PM] PLAYER_WORLDSPACE_CHANGE [WorldSpace <ths1_Town (04085D17)>] "Town"
[11/15/2012 - 09:28:14PM] PLAYER_MOVE Run
[11/15/2012 - 09:28:14PM] PLAYER_TRIGGER_LEAVE [ths1_TriggerEnterSCRIPT < (0408C7C0)>]
[11/15/2012 - 09:28:15PM] PLAYER_POV_CHANGE THIRD_PERSON
[11/15/2012 - 09:28:16PM] PLAYER_MOVE Sprint
[11/15/2012 - 09:28:18PM] PLAYER_MOVE Run
[11/15/2012 - 09:28:18PM] PLAYER_POV_CHANGE FIRST_PERSON
[11/15/2012 - 09:28:20PM] PLAYER_TRIGGER_ENTER [ths1_TriggerEnterSCRIPT < (0408C7A8)>]
[11/15/2012 - 09:28:20PM] PLAYER_MOVE Sprint
[11/15/2012 - 09:28:21PM] PLAYER_TRIGGER_LEAVE [ths1_TriggerEnterSCRIPT < (0408C7A8)>]
[11/15/2012 - 09:28:25PM] PLAYER_CELL_CHANGE [Cell <Wilderness (04085D44)>] ""
[11/15/2012 - 09:28:25PM] PLAYER_TRIGGER_ENTER [ths1_TriggerEnterSCRIPT < (0408C7A9)>]
[11/15/2012 - 09:28:26PM] PLAYER_CELL_CHANGE [Cell <Wilderness (04085D34)>] ""
[11/15/2012 - 09:28:27PM] PLAYER_TRIGGER_ENTER [ths1_TriggerEnterSCRIPT < (0408CD5A)>]
[11/15/2012 - 09:28:27PM] PLAYER_TRIGGER_LEAVE [ths1_TriggerEnterSCRIPT < (0408C7A9)>]
[11/15/2012 - 09:28:27PM] PLAYER_TRIGGER_LEAVE [ths1_TriggerEnterSCRIPT < (0408CD5A)>]
[11/15/2012 - 09:28:28PM] PLAYER_TRIGGER_ENTER [ths1_TriggerEnterSCRIPT < (0408CD5A)>]
[11/15/2012 - 09:28:29PM] PLAYER_TRIGGER_LEAVE [ths1_TriggerEnterSCRIPT < (0408CD5A)>]
[11/15/2012 - 09:28:31PM] PLAYER_MOVE Run
[11/15/2012 - 09:28:32PM] PLAYER_MOVE Sneak
[11/15/2012 - 09:28:35PM] PLAYER_MOVE Sprint
[11/15/2012 - 09:28:36PM] PLAYER_TRIGGER_ENTER [ths1_TriggerEnterSCRIPT < (0408CDAB)>]
[11/15/2012 - 09:28:36PM] PLAYER_TRIGGER_LEAVE [ths1_TriggerEnterSCRIPT < (0408CDAB)>]
[11/15/2012 - 09:28:38PM] PLAYER_TRIGGER_ENTER [ths1_TriggerEnterSCRIPT < (0408C788)>]
[11/15/2012 - 09:28:38PM] PLAYER_CELL_CHANGE [Cell <Wilderness (04085D56)>] ""
[11/15/2012 - 09:28:39PM] PLAYER_MOVE Run
[11/15/2012 - 09:28:39PM] PLAYER_TRIGGER_LEAVE [ths1_TriggerEnterSCRIPT < (0408C788)>]
[11/15/2012 - 09:28:40PM] PLAYER_MOVE Sprint
[11/15/2012 - 09:28:41PM] PLAYER_MOVE Run
[11/15/2012 - 09:28:41PM] PLAYER_TRIGGER_ENTER [ths1_TriggerEnterSCRIPT < (0408CD5B)>]
[11/15/2012 - 09:28:44PM] PLAYER_MOVE None
[11/15/2012 - 09:28:45PM] PLAYER_MOVE Run
[11/15/2012 - 09:28:46PM] PLAYER_TRIGGER_ENTER [ths1_TriggerEnterSCRIPT < (0408C78E)>]
[11/15/2012 - 09:28:46PM] PLAYER_TRIGGER_LEAVE [ths1_TriggerEnterSCRIPT < (0408CD5B)>]
[11/15/2012 - 09:28:47PM] PLAYER_ACTOR_VIEW_GAIN [ObjectReference < (0402DCC8)>] "Scruff"
[11/15/2012 - 09:28:48PM] PLAYER_MOVE Sprint
[11/15/2012 - 09:28:49PM] PLAYER_MOVE Run
[11/15/2012 - 09:28:49PM] PLAYER_ACTOR_VIEW_LOSS [ObjectReference < (0402DCC8)>] "Scruff"
[11/15/2012 - 09:28:50PM] PLAYER_MOVE Sprint
[11/15/2012 - 09:28:52PM] PLAYER_CELL_CHANGE [Cell <Wilderness (04085D58)>] ""
[11/15/2012 - 09:28:52PM] PLAYER_MOVE Run
[11/15/2012 - 09:28:53PM] PLAYER_CELL_CHANGE [Cell <Wilderness (04085D56)>] ""
[11/15/2012 - 09:28:54PM] PLAYER_MOVE Sprint
[11/15/2012 - 09:28:56PM] PLAYER_TRIGGER_ENTER [ths1_TriggerEnterSCRIPT < (0408CD5B)>]
[11/15/2012 - 09:28:56PM] PLAYER_TRIGGER_LEAVE [ths1_TriggerEnterSCRIPT < (0408C78E)>]
[11/15/2012 - 09:28:57PM] PLAYER_ACTOR_VIEW_GAIN [ObjectReference < (04089359)>] "Seamus"
[11/15/2012 - 09:28:57PM] PLAYER_TRIGGER_LEAVE [ths1_TriggerEnterSCRIPT < (0408CD5B)>]
[11/15/2012 - 09:28:58PM] PLAYER_MOVE None
[11/15/2012 - 09:28:59PM] PLAYER_ACTOR_VIEW_LOSS [ObjectReference < (04089359)>] "Seamus"
[11/15/2012 - 09:29:00PM] PLAYER_ACTOR_VIEW_GAIN [ObjectReference < (04089359)>] "Seamus"
[11/15/2012 - 09:29:01PM] PLAYER_MOVE Sneak
[11/15/2012 - 09:29:03PM] PLAYER_MOVE None
[11/15/2012 - 09:29:08PM] PLAYER_MOVE Sneak
[11/15/2012 - 09:29:10PM] PLAYER_ACTOR_VIEW_GAIN [ObjectReference < (0402DCC8)>] "Scruff"
[11/15/2012 - 09:29:11PM] PLAYER_ACTOR_VIEW_LOSS [ObjectReference < (0402DCC8)>] "Scruff"
[11/15/2012 - 09:29:12PM] PLAYER_MOVE Run
[11/15/2012 - 09:29:13PM] PLAYER_TRIGGER_ENTER [ths1_TriggerEnterSCRIPT < (0408C788)>]
[11/15/2012 - 09:29:14PM] PLAYER_ACTOR_VIEW_LOSS [ObjectReference < (04089359)>] "Seamus"
[11/15/2012 - 09:29:14PM] PLAYER_MOVE None
[11/15/2012 - 09:29:18PM] PLAYER_TRIGGER_LEAVE [ths1_TriggerEnterSCRIPT < (0408C788)>]
[11/15/2012 - 09:29:18PM] PLAYER_TRIGGER_ENTER [ths1_TriggerEnterSCRIPT < (04074E4F)>]
[11/15/2012 - 09:29:18PM] PLAYER_CELL_CHANGE [Cell <ths1_PlayerHouse (04071181)>] "Player House"
[11/15/2012 - 09:29:19PM] ACTOR_MOVE_TO_PLAYER [ObjectReference < (04089359)>] "Seamus"
[11/15/2012 - 09:29:19PM] PLAYER_ACTOR_VIEW_GAIN [ObjectReference < (04089359)>] "Seamus"
[11/15/2012 - 09:29:20PM] PLAYER_WEAPON_WITHDRAWN
[11/15/2012 - 09:29:20PM] PLAYER_MOVE Run
[11/15/2012 - 09:29:21PM] PLAYER_ACTOR_VIEW_LOSS [ObjectReference < (04089359)>] "Seamus"
[11/15/2012 - 09:29:21PM] PLAYER_TRIGGER_LEAVE [ths1_TriggerEnterSCRIPT < (04074E4F)>]
[11/15/2012 - 09:29:21PM] PLAYER_TRIGGER_ENTER [ths1_TriggerEnterSCRIPT < (04074E50)>]
[11/15/2012 - 09:29:22PM] PLAYER_MOVE None
[11/15/2012 - 09:29:22PM] PLAYER_TRIGGER_LEAVE [ths1_TriggerEnterSCRIPT < (04074E50)>]
[11/15/2012 - 09:29:22PM] PLAYER_MOVE Run
[11/15/2012 - 09:29:23PM] PLAYER_TRIGGER_ENTER [ths1_TriggerEnterSCRIPT < (04074E51)>]
[11/15/2012 - 09:29:23PM] PLAYER_TRIGGER_LEAVE [ths1_TriggerEnterSCRIPT < (04074E51)>]
[11/15/2012 - 09:29:23PM] PLAYER_TRIGGER_ENTER [ths1_TriggerEnterSCRIPT < (04074E52)>]
[11/15/2012 - 09:29:24PM] PLAYER_TRIGGER_LEAVE [ths1_TriggerEnterSCRIPT < (04074E52)>]
[11/15/2012 - 09:29:25PM] PLAYER_TRIGGER_ENTER [ths1_TriggerEnterSCRIPT < (04074E57)>]
[11/15/2012 - 09:29:25PM] PLAYER_TRIGGER_ENTER [ths1_TriggerEnterSCRIPT < (04074E53)>]
[11/15/2012 - 09:29:25PM] PLAYER_TRIGGER_LEAVE [ths1_TriggerEnterSCRIPT < (04074E57)>]
[11/15/2012 - 09:29:26PM] PLAYER_MOVE None
[11/15/2012 - 09:29:27PM] PLAYER_GRAB[ObjectReference < (0407120C)>] "Daedric Bow"
[11/15/2012 - 09:29:28PM] PLAYER_GRAB[ObjectReference < (0407120C)>] "Daedric Bow"
[11/15/2012 - 09:29:29PM] PLAYER_ITEM_OBTAIN [ObjectReference < (0407120C)>] "Daedric Bow"
[11/15/2012 - 09:29:30PM] PLAYER_ITEM_OBTAIN [ObjectReference < (0407120B)>] "Daedric Arrow"
[11/15/2012 - 09:29:31PM] PLAYER_ITEM_OBTAIN [ObjectReference < (040711F5)>] "Daedric Mace"
[11/15/2012 - 09:29:31PM] PLAYER_ITEM_OBTAIN [ObjectReference < (040711F6)>] "Daedric War Axe"
[11/15/2012 - 09:29:32PM] PLAYER_TRIGGER_ENTER [ths1_TriggerEnterSCRIPT < (04074E57)>]
[11/15/2012 - 09:29:32PM] PLAYER_TRIGGER_LEAVE [ths1_TriggerEnterSCRIPT < (04074E53)>]
[11/15/2012 - 09:29:33PM] PLAYER_MOVE Run
[11/15/2012 - 09:29:33PM] PLAYER_TRIGGER_ENTER [ths1_TriggerEnterSCRIPT < (04074E58)>]
[11/15/2012 - 09:29:33PM] PLAYER_TRIGGER_LEAVE [ths1_TriggerEnterSCRIPT < (04074E57)>]
[11/15/2012 - 09:29:33PM] PLAYER_TRIGGER_LEAVE [ths1_TriggerEnterSCRIPT < (04074E58)>]
[11/15/2012 - 09:29:35PM] PLAYER_TRIGGER_ENTER [ths1_TriggerEnterSCRIPT < (04074E51)>]
[11/15/2012 - 09:29:35PM] PLAYER_TRIGGER_LEAVE [ths1_TriggerEnterSCRIPT < (04074E51)>]
[11/15/2012 - 09:29:42PM] PLAYER_ACTOR_VIEW_GAIN [ObjectReference < (04089359)>] "Seamus"
[11/15/2012 - 09:29:42PM] PLAYER_TRIGGER_ENTER [ths1_TriggerEnterSCRIPT < (04074E50)>]
[11/15/2012 - 09:29:42PM] PLAYER_TRIGGER_LEAVE [ths1_TriggerEnterSCRIPT < (04074E50)>]
[11/15/2012 - 09:29:43PM] PLAYER_TRIGGER_ENTER [ths1_TriggerEnterSCRIPT < (04074E4F)>]
[11/15/2012 - 09:29:43PM] PLAYER_MOVE None
[11/15/2012 - 09:29:44PM] PLAYER_ACTOR_VIEW_LOSS [ObjectReference < (04089359)>] "Seamus"
[11/15/2012 - 09:29:45PM] PLAYER_TRIGGER_ENTER [ths1_TriggerEnterSCRIPT < (0408C788)>]
[11/15/2012 - 09:29:45PM] PLAYER_TRIGGER_LEAVE [ths1_TriggerEnterSCRIPT < (04074E4F)>]
[11/15/2012 - 09:29:46PM] PLAYER_CELL_CHANGE [Cell <Wilderness (04085D56)>] ""
[11/15/2012 - 09:29:46PM] ACTOR_MOVE_TO_PLAYER [ObjectReference < (04089359)>] "Seamus"
[11/15/2012 - 09:29:46PM] PLAYER_WORLDSPACE_CHANGE [WorldSpace <ths1_Town (04085D17)>] "Town"
[11/15/2012 - 09:29:46PM] PLAYER_TRIGGER_LEAVE [ths1_TriggerEnterSCRIPT < (0408C788)>]
[11/15/2012 - 09:29:47PM] PLAYER_MOVE Run
[11/15/2012 - 09:29:48PM] PLAYER_CELL_CHANGE [Cell <Wilderness (04085D34)>] ""
[11/15/2012 - 09:29:49PM] PLAYER_WEAPON_WITHDRAWN
[11/15/2012 - 09:29:49PM] PLAYER_MOVE Sprint
[11/15/2012 - 09:29:49PM] PLAYER_TRIGGER_ENTER [ths1_TriggerEnterSCRIPT < (0408CDAB)>]
[11/15/2012 - 09:29:50PM] PLAYER_TRIGGER_LEAVE [ths1_TriggerEnterSCRIPT < (0408CDAB)>]
[11/15/2012 - 09:29:52PM] PLAYER_TRIGGER_ENTER [ths1_TriggerEnterSCRIPT < (0408CD5A)>]
[11/15/2012 - 09:29:53PM] PLAYER_TRIGGER_LEAVE [ths1_TriggerEnterSCRIPT < (0408CD5A)>]
[11/15/2012 - 09:29:56PM] PLAYER_CELL_CHANGE [Cell <Wilderness (04085D44)>] ""
[11/15/2012 - 09:29:59PM] PLAYER_TRIGGER_ENTER [ths1_TriggerEnterSCRIPT < (0408CD80)>]
[11/15/2012 - 09:30:02PM] PLAYER_CELL_CHANGE [Cell <Wilderness (04085D46)>] ""
[11/15/2012 - 09:30:10PM] PLAYER_CELL_CHANGE [Cell <Wilderness (04085D48)>] ""
[11/15/2012 - 09:30:10PM] PLAYER_TRIGGER_LEAVE [ths1_TriggerEnterSCRIPT < (0408CD80)>]
[11/15/2012 - 09:30:10PM] PLAYER_MOVE Run
[11/15/2012 - 09:30:10PM] PLAYER_TRIGGER_ENTER [ths1_TriggerEnterSCRIPT < (0408CD81)>]
[11/15/2012 - 09:30:12PM] PLAYER_MOVE Sprint
[11/15/2012 - 09:30:14PM] PLAYER_CELL_CHANGE [Cell <Wilderness (04085D50)>] ""
[11/15/2012 - 09:30:15PM] PLAYER_TRIGGER_LEAVE [ths1_TriggerEnterSCRIPT < (0408CD81)>]
[11/15/2012 - 09:30:16PM] PLAYER_TRIGGER_ENTER [ths1_TriggerEnterSCRIPT < (0408CD96)>]
[11/15/2012 - 09:30:19PM] PLAYER_MOVE None
[11/15/2012 - 09:30:21PM] PLAYER_DIALOGUE [TIF__02077F7E <topic info 04077F7E on quest ths1_MissingDog (04009344)>] NPC_SPEAKER [Actor < (0408B625)>]
[11/15/2012 - 09:30:22PM] PLAYER_MOVE Run
[11/15/2012 - 09:30:23PM] PLAYER_MOVE Sprint
[11/15/2012 - 09:30:27PM] PLAYER_TRIGGER_LEAVE [ths1_TriggerEnterSCRIPT < (0408CD96)>]
[11/15/2012 - 09:30:28PM] PLAYER_CELL_CHANGE [Cell <ths1_Cave3 (0402C9A7)>] "Cave"
[11/15/2012 - 09:30:28PM] ACTOR_MOVE_TO_PLAYER [ObjectReference < (04089359)>] "Seamus"
[11/15/2012 - 09:30:29PM] PLAYER_MOVE Run
[11/15/2012 - 09:30:29PM] PLAYER_TRIGGER_ENTER [ths1_TriggerEnterSCRIPT < (04074E41)>]
[11/15/2012 - 09:30:29PM] PLAYER_ACTOR_VIEW_LOSS [ObjectReference < (04089359)>] "Seamus"
[11/15/2012 - 09:30:30PM] PLAYER_TRIGGER_LEAVE [ths1_TriggerEnterSCRIPT < (04074E41)>]
[11/15/2012 - 09:30:30PM] PLAYER_MOVE Sprint
[11/15/2012 - 09:30:30PM] PLAYER_TRIGGER_ENTER [ths1_SeamusCaveForceGreetSCRIPT <alias SeamusCaveForceGreetTrigALIAS on quest ths1_MissingDog (04009344)>] "SeamusCaveForceGreetTrigALIAS"
[11/15/2012 - 09:30:30PM] ACTOR_PACKAGE_START [ths1_MDQSeamusAliasSCRIPT <alias Seamus on quest ths1_MissingDog (04009344)>] "Seamus" : "[Package < (0403B3A6)>]"
[11/15/2012 - 09:30:30PM] PLAYER_TRIGGER_LEAVE [ths1_SeamusCaveForceGreetSCRIPT <alias SeamusCaveForceGreetTrigALIAS on quest ths1_MissingDog (04009344)>] "SeamusCaveForceGreetTrigALIAS"
[11/15/2012 - 09:30:30PM] PLAYER_ACTOR_VIEW_LOSS [ObjectReference < (04089359)>] "Seamus"
[11/15/2012 - 09:30:30PM] ACTOR_PACKAGE_START [ths1_MDQSeamusAliasSCRIPT <alias Seamus on quest ths1_MissingDog (04009344)>] "Seamus" : "[PF_ths1_SeamusFollowerPackag_0201C01E < (0401C01E)>]"
[11/15/2012 - 09:30:32PM] PLAYER_MOVE Run
[11/15/2012 - 09:30:32PM] PLAYER_FIGHT None ""
[11/15/2012 - 09:30:33PM] PLAYER_FIGHT None ""
[11/15/2012 - 09:30:35PM] PLAYER_FIGHT None ""
[11/15/2012 - 09:30:35PM] PLAYER_TRIGGER_ENTER [ths1_TriggerEnterSCRIPT < (04074E42)>]
[11/15/2012 - 09:30:36PM] PLAYER_FIGHT None ""
[11/15/2012 - 09:30:36PM] PLAYER_MOVE None
[11/15/2012 - 09:30:37PM] PLAYER_FIGHT None ""
[11/15/2012 - 09:30:37PM] PLAYER_TRIGGER_LEAVE [ths1_TriggerEnterSCRIPT < (04074E42)>]
[11/15/2012 - 09:30:38PM] PLAYER_FIGHT None ""
[11/15/2012 - 09:30:38PM] PLAYER_MOVE Run
[11/15/2012 - 09:30:39PM] PLAYER_FIGHT None ""
[11/15/2012 - 09:30:39PM] PLAYER_MOVE None
[11/15/2012 - 09:30:40PM] PLAYER_FIGHT [Actor < (04041C6E)>] "Cultist Soldier"
[11/15/2012 - 09:30:41PM] PLAYER_FIGHT None ""
[11/15/2012 - 09:30:43PM] PLAYER_MOVE Run
[11/15/2012 - 09:30:45PM] PLAYER_MOVE None
[11/15/2012 - 09:30:46PM] PLAYER_MOVE Run
[11/15/2012 - 09:30:47PM] PLAYER_MOVE None
[11/15/2012 - 09:30:51PM] PLAYER_ACTOR_VIEW_GAIN [ObjectReference < (04089359)>] "Seamus"
[11/15/2012 - 09:30:54PM] PLAYER_MOVE Run
[11/15/2012 - 09:30:54PM] PLAYER_ACTOR_VIEW_LOSS [ObjectReference < (04089359)>] "Seamus"
[11/15/2012 - 09:30:56PM] PLAYER_MOVE None
[11/15/2012 - 09:30:57PM] PLAYER_MOVE Run
[11/15/2012 - 09:30:57PM] PLAYER_ACTOR_VIEW_GAIN [ObjectReference < (04089359)>] "Seamus"
[11/15/2012 - 09:30:58PM] PLAYER_MOVE Sprint
[11/15/2012 - 09:30:59PM] PLAYER_ACTOR_VIEW_LOSS [ObjectReference < (04089359)>] "Seamus"
[11/15/2012 - 09:31:00PM] PLAYER_TRIGGER_ENTER [ths1_TriggerEnterSCRIPT < (04074E43)>]
[11/15/2012 - 09:31:00PM] PLAYER_TRIGGER_LEAVE [ths1_TriggerEnterSCRIPT < (04074E43)>]
[11/15/2012 - 09:31:02PM] PLAYER_MOVE Run
[11/15/2012 - 09:31:03PM] PLAYER_MOVE Sprint
[11/15/2012 - 09:31:04PM] PLAYER_TRIGGER_ENTER [ths1_TriggerEnterSCRIPT < (04074E44)>]
[11/15/2012 - 09:31:04PM] PLAYER_TRIGGER_LEAVE [ths1_TriggerEnterSCRIPT < (04074E44)>]
[11/15/2012 - 09:31:05PM] PLAYER_MOVE None
[11/15/2012 - 09:31:06PM] PLAYER_ACTOR_VIEW_GAIN [ObjectReference < (04039836)>] "Kitty"
[11/15/2012 - 09:31:08PM] PLAYER_MOVE Run
[11/15/2012 - 09:31:09PM] PLAYER_ENTER_TRIGGER [ths1_CCQNearCatTriggerSCRIPT <alias NearCatTRIG on quest ths1_MissingDog (04009344)>]
[11/15/2012 - 09:31:10PM] PLAYER_MOVE None
[11/15/2012 - 09:31:12PM] PLAYER_ACTOR_VIEW_LOSS [ObjectReference < (04039836)>] "Kitty"
[11/15/2012 - 09:31:14PM] PLAYER_MOVE Run
[11/15/2012 - 09:31:18PM] PLAYER_TRIGGER_ENTER [ths1_TriggerEnterSCRIPT < (04074E45)>]
[11/15/2012 - 09:31:19PM] PLAYER_TRIGGER_LEAVE [ths1_TriggerEnterSCRIPT < (04074E45)>]
[11/15/2012 - 09:31:19PM] PLAYER_MOVE Sprint
[11/15/2012 - 09:31:21PM] PLAYER_MOVE Run
[11/15/2012 - 09:31:22PM] PLAYER_TRIGGER_ENTER [ths1_TriggerEnterSCRIPT < (04074E47)>]
[11/15/2012 - 09:31:23PM] PLAYER_TRIGGER_LEAVE [ths1_TriggerEnterSCRIPT < (04074E47)>]
[11/15/2012 - 09:31:23PM] PLAYER_MOVE None
[11/15/2012 - 09:31:24PM] PLAYER_MOVE Run
[11/15/2012 - 09:31:26PM] PLAYER_MOVE Sprint
[11/15/2012 - 09:31:27PM] PLAYER_MOVE Run
[11/15/2012 - 09:31:28PM] PLAYER_MOVE None
[11/15/2012 - 09:31:29PM] PLAYER_ITEM_OBTAIN None "Steel Greatsword"
[11/15/2012 - 09:31:32PM] PLAYER_MOVE Run
[11/15/2012 - 09:31:33PM] PLAYER_MOVE None
[11/15/2012 - 09:31:34PM] PLAYER_MOVE Run
[11/15/2012 - 09:31:37PM] PLAYER_MOVE Sprint
[11/15/2012 - 09:31:40PM] PLAYER_MOVE Run
[11/15/2012 - 09:31:42PM] PLAYER_ACTOR_VIEW_GAIN [ObjectReference < (04089359)>] "Seamus"
[11/15/2012 - 09:31:42PM] PLAYER_MOVE None
[11/15/2012 - 09:31:45PM] PLAYER_ITEM_OBTAIN None "Torch"
[11/15/2012 - 09:31:46PM] PLAYER_MOVE Run
[11/15/2012 - 09:31:46PM] PLAYER_TRIGGER_ENTER [ths1_TriggerEnterSCRIPT < (04074E47)>]
[11/15/2012 - 09:31:46PM] PLAYER_ACTOR_VIEW_LOSS [ObjectReference < (04089359)>] "Seamus"
[11/15/2012 - 09:31:47PM] PLAYER_TRIGGER_LEAVE [ths1_TriggerEnterSCRIPT < (04074E47)>]
[11/15/2012 - 09:31:47PM] PLAYER_MOVE Sprint
[11/15/2012 - 09:31:50PM] PLAYER_TRIGGER_ENTER [ths1_TriggerEnterSCRIPT < (04074E45)>]
[11/15/2012 - 09:31:51PM] PLAYER_TRIGGER_LEAVE [ths1_TriggerEnterSCRIPT < (04074E45)>]
[11/15/2012 - 09:31:51PM] PLAYER_ACTOR_VIEW_GAIN [ObjectReference < (04039836)>] "Kitty"
[11/15/2012 - 09:31:51PM] PLAYER_MOVE Run
[11/15/2012 - 09:31:53PM] PLAYER_ITEM_OBTAIN None "Salmon Meat"
[11/15/2012 - 09:31:53PM] PLAYER_MOVE None
[11/15/2012 - 09:31:55PM] PLAYER_ACTOR_VIEW_LOSS [ObjectReference < (04039836)>] "Kitty"
[11/15/2012 - 09:31:55PM] PLAYER_MOVE Run
[11/15/2012 - 09:31:56PM] PLAYER_ACTOR_VIEW_GAIN [ObjectReference < (04039836)>] "Kitty"
[11/15/2012 - 09:31:57PM] PLAYER_ENTER_TRIGGER [ths1_CCQNearCatTriggerSCRIPT <alias NearCatTRIG on quest ths1_MissingDog (04009344)>]
[11/15/2012 - 09:31:57PM] PLAYER_ACTOR_VIEW_LOSS [ObjectReference < (04039836)>] "Kitty"
[11/15/2012 - 09:31:58PM] PLAYER_ENTER_TRIGGER [ths1_CCQNearCatTriggerSCRIPT <alias NearCatTRIG on quest ths1_MissingDog (04009344)>]
[11/15/2012 - 09:32:01PM] PLAYER_MOVE None
[11/15/2012 - 09:32:05PM] PLAYER_ACTOR_VIEW_GAIN [ObjectReference < (04089359)>] "Seamus"
[11/15/2012 - 09:32:05PM] PLAYER_WEAPON_WITHDRAWN
[11/15/2012 - 09:32:05PM] PLAYER_MOVE Run
[11/15/2012 - 09:32:06PM] PLAYER_ACTOR_VIEW_LOSS [ObjectReference < (04089359)>] "Seamus"
[11/15/2012 - 09:32:09PM] PLAYER_TRIGGER_ENTER [ths1_TriggerEnterSCRIPT < (04074E44)>]
[11/15/2012 - 09:32:09PM] PLAYER_MOVE None
[11/15/2012 - 09:32:10PM] PLAYER_ACTOR_VIEW_GAIN [ObjectReference < (04039836)>] "Kitty"
[11/15/2012 - 09:32:12PM] PLAYER_TRIGGER_LEAVE [ths1_TriggerEnterSCRIPT < (04074E44)>]
[11/15/2012 - 09:32:12PM] PLAYER_ACTOR_VIEW_LOSS [ObjectReference < (04039836)>] "Kitty"
[11/15/2012 - 09:32:12PM] PLAYER_MOVE Run
[11/15/2012 - 09:32:15PM] PLAYER_MOVE None
[11/15/2012 - 09:32:16PM] PLAYER_ACTOR_VIEW_GAIN [ObjectReference < (04089359)>] "Seamus"
[11/15/2012 - 09:32:16PM] PLAYER_ACTOR_VIEW_GAIN [ObjectReference < (04039836)>] "Kitty"
[11/15/2012 - 09:32:16PM] PLAYER_MOVE Run
[11/15/2012 - 09:32:18PM] PLAYER_ACTOR_VIEW_LOSS [ObjectReference < (04089359)>] "Seamus"
[11/15/2012 - 09:32:18PM] PLAYER_MOVE None
[11/15/2012 - 09:32:19PM] PLAYER_MOVE Run
[11/15/2012 - 09:32:20PM] PLAYER_ACTOR_VIEW_LOSS [ObjectReference < (04039836)>] "Kitty"
[11/15/2012 - 09:32:21PM] PLAYER_TRIGGER_ENTER [ths1_TriggerEnterSCRIPT < (04074E45)>]
[11/15/2012 - 09:32:21PM] PLAYER_MOVE Sprint
[11/15/2012 - 09:32:22PM] PLAYER_TRIGGER_LEAVE [ths1_TriggerEnterSCRIPT < (04074E45)>]
[11/15/2012 - 09:32:25PM] PLAYER_MOVE Run
[11/15/2012 - 09:32:25PM] PLAYER_TRIGGER_ENTER [ths1_TriggerEnterSCRIPT < (04074E47)>]
[11/15/2012 - 09:32:26PM] PLAYER_TRIGGER_LEAVE [ths1_TriggerEnterSCRIPT < (04074E47)>]
[11/15/2012 - 09:32:28PM] PLAYER_MOVE Sprint
[11/15/2012 - 09:32:29PM] PLAYER_TRIGGER_ENTER [ths1_TriggerEnterSCRIPT < (04074E46)>]
[11/15/2012 - 09:32:30PM] PLAYER_MOVE None
[11/15/2012 - 09:32:31PM] PLAYER_TRIGGER_LEAVE [ths1_TriggerEnterSCRIPT < (04074E46)>]
[11/15/2012 - 09:32:32PM] PLAYER_MOVE Run
[11/15/2012 - 09:32:35PM] PLAYER_TRIGGER_ENTER [ths1_TriggerEnterSCRIPT < (04074E48)>]
[11/15/2012 - 09:32:36PM] PLAYER_MOVE None
[11/15/2012 - 09:32:36PM] PLAYER_ACTOR_VIEW_GAIN [ObjectReference < (0402DCC8)>] "Scruff"
[11/15/2012 - 09:32:36PM] PLAYER_ACTOR_VIEW_GAIN [ObjectReference < (0402DCC8)>] "Scruff"
[11/15/2012 - 09:32:38PM] PLAYER_ACTOR_VIEW_GAIN [ObjectReference < (0402DCC8)>] "Scruff"
[11/15/2012 - 09:32:38PM] PLAYER_MOVE Run
[11/15/2012 - 09:32:39PM] PLAYER_TRIGGER_LEAVE [ths1_TriggerEnterSCRIPT < (04074E48)>]
[11/15/2012 - 09:32:43PM] PLAYER_ACTOR_VIEW_LOSS [ObjectReference < (0402DCC8)>] "Scruff"
[11/15/2012 - 09:32:44PM] PLAYER_MOVE None
[11/15/2012 - 09:32:44PM] PLAYER_ACTOR_VIEW_GAIN [ObjectReference < (0402DCC8)>] "Scruff"
[11/15/2012 - 09:32:50PM] PLAYER_FIGHT [Actor < (04038D23)>] "Yisra"
[11/15/2012 - 09:32:51PM] PLAYER_FIGHT [Actor < (04038D23)>] "Yisra"
[11/15/2012 - 09:32:52PM] PLAYER_FIGHT [Actor < (04038D23)>] "Yisra"
[11/15/2012 - 09:32:53PM] PLAYER_MOVE Run
[11/15/2012 - 09:32:53PM] PLAYER_FIGHT [Actor < (04038D23)>] "Yisra"
[11/15/2012 - 09:32:54PM] PLAYER_WEAPON_WITHDRAWN
[11/15/2012 - 09:32:54PM] PLAYER_MOVE None
[11/15/2012 - 09:32:55PM] PLAYER_MOVE Run
[11/15/2012 - 09:32:55PM] PLAYER_ACTOR_VIEW_LOSS [ObjectReference < (0402DCC8)>] "Scruff"
[11/15/2012 - 09:32:56PM] PLAYER_MOVE None
[11/15/2012 - 09:32:57PM] PLAYER_DIALOGUE [TIF__01038246 <topic info 04038246 on quest ths1_MissingDog (04009344)>] NPC_SPEAKER [Actor < (04038D23)>]
[11/15/2012 - 09:33:00PM] PLAYER_DIALOGUE [TIF__01037CD7 <topic info 04037CD7 on quest ths1_MissingDog (04009344)>] NPC_SPEAKER [Actor < (04038D23)>]
[11/15/2012 - 09:33:05PM] PLAYER_DIALOGUE [TIF__01069E7D <topic info 04069E7D on quest ths1_MissingDog (04009344)>] NPC_SPEAKER [Actor < (04038D23)>]
[11/15/2012 - 09:33:12PM] PLAYER_ACTOR_VIEW_GAIN [ObjectReference < (04089359)>] "Seamus"
[11/15/2012 - 09:33:13PM] PLAYER_DIALOGUE [TIF__01038246 <topic info 04038246 on quest ths1_MissingDog (04009344)>] NPC_SPEAKER [Actor < (04038D23)>]
[11/15/2012 - 09:33:19PM] PLAYER_ACTOR_VIEW_LOSS [ObjectReference < (04089359)>] "Seamus"
[11/15/2012 - 09:33:20PM] PLAYER_ACTOR_VIEW_GAIN [ObjectReference < (0402DCC8)>] "Scruff"
[11/15/2012 - 09:33:22PM] PLAYER_ACTOR_VIEW_GAIN [ObjectReference < (04089359)>] "Seamus"
[11/15/2012 - 09:33:22PM] PLAYER_ACTOR_VIEW_LOSS [ObjectReference < (0402DCC8)>] "Scruff"
[11/15/2012 - 09:33:23PM] PLAYER_ACTOR_VIEW_LOSS [ObjectReference < (04089359)>] "Seamus"
[11/15/2012 - 09:33:23PM] PLAYER_ACTOR_VIEW_LOSS [ObjectReference < (04089359)>] "Seamus"
[11/15/2012 - 09:33:24PM] ACTOR_PACKAGE_START [ths1_CultMember1ActorSCRIPT <alias Cultist1 on quest ths1_MissingDog (04009344)>] "Cultist1" : "[PF_ths1_CultistsAttackPlayer_02074350 < (04074350)>]"
[11/15/2012 - 09:33:24PM] PLAYER_ACTOR_VIEW_LOSS [ObjectReference < (04089359)>] "Seamus"
[11/15/2012 - 09:33:26PM] PLAYER_ACTOR_VIEW_GAIN [ObjectReference < (0402DCC8)>] "Scruff"
[11/15/2012 - 09:33:34PM] Log closed
