[11/15/2012 - 08:43:31PM] 14 log opened (PC)
[11/15/2012 - 08:43:31PM] PLAYER_MOVE Run
[11/15/2012 - 08:43:32PM] PLAYER_TRIGGER_ENTER [ths1_TriggerEnterSCRIPT < (04074E57)>]
[11/15/2012 - 08:43:32PM] PLAYER_MOVE None
[11/15/2012 - 08:43:33PM] PLAYER_MOVE Run
[11/15/2012 - 08:43:34PM] PLAYER_TRIGGER_ENTER [ths1_TriggerEnterSCRIPT < (04074E58)>]
[11/15/2012 - 08:43:34PM] PLAYER_TRIGGER_LEAVE [ths1_TriggerEnterSCRIPT < (04074E57)>]
[11/15/2012 - 08:43:34PM] PLAYER_MOVE None
[11/15/2012 - 08:43:35PM] PLAYER_TRIGGER_LEAVE [ths1_TriggerEnterSCRIPT < (04074E58)>]
[11/15/2012 - 08:43:38PM] PLAYER_TRIGGER_ENTER [ths1_TriggerEnterSCRIPT < (04074E58)>]
[11/15/2012 - 08:43:42PM] PLAYER_TRIGGER_ENTER [ths1_TriggerEnterSCRIPT < (04074E57)>]
[11/15/2012 - 08:43:42PM] PLAYER_TRIGGER_LEAVE [ths1_TriggerEnterSCRIPT < (04074E58)>]
[11/15/2012 - 08:43:42PM] PLAYER_TRIGGER_LEAVE [ths1_TriggerEnterSCRIPT < (04074E57)>]
[11/15/2012 - 08:43:43PM] PLAYER_MOVE Run
[11/15/2012 - 08:43:43PM] PLAYER_TRIGGER_ENTER [ths1_TriggerEnterSCRIPT < (04074E53)>]
[11/15/2012 - 08:43:44PM] PLAYER_MOVE None
[11/15/2012 - 08:43:45PM] PLAYER_TRIGGER_ENTER [ths1_TriggerEnterSCRIPT < (04074E57)>]
[11/15/2012 - 08:43:47PM] PLAYER_TRIGGER_LEAVE [ths1_TriggerEnterSCRIPT < (04074E57)>]
[11/15/2012 - 08:43:51PM] PLAYER_POV_CHANGE THIRD_PERSON
[11/15/2012 - 08:44:46PM] PLAYER_POV_CHANGE FIRST_PERSON
[11/15/2012 - 08:44:48PM] PLAYER_ITEM_OBTAIN [ObjectReference < (0407120C)>] "Daedric Bow"
[11/15/2012 - 08:44:49PM] PLAYER_ITEM_OBTAIN [ObjectReference < (040711F4)>] "Daedric Greatsword"
[11/15/2012 - 08:44:51PM] PLAYER_ITEM_OBTAIN [ObjectReference < (0407120B)>] "Daedric Arrow"
[11/15/2012 - 08:44:52PM] PLAYER_ITEM_OBTAIN [ObjectReference < (040711F6)>] "Daedric War Axe"
[11/15/2012 - 08:44:53PM] PLAYER_ITEM_OBTAIN [ObjectReference < (0407B7BE)>] "Atronach Forge Recipe"
[11/15/2012 - 08:44:53PM] PLAYER_ITEM_OBTAIN [ObjectReference <Item 2 in container  (00000014)>] "Atronach Forge Recipe"
[11/15/2012 - 08:44:53PM] PLAYER_POV_CHANGE THIRD_PERSON
[11/15/2012 - 08:45:05PM] PLAYER_POV_CHANGE FIRST_PERSON
[11/15/2012 - 08:45:05PM] PLAYER_ITEM_OBTAIN [ObjectReference < (040711F5)>] "Daedric Mace"
[11/15/2012 - 08:45:16PM] PLAYER_WEAPON_RIGHT [WEAPON < (000139B5)>] "Daedric Bow"
[11/15/2012 - 08:45:41PM] PLAYER_TRIGGER_ENTER [ths1_TriggerEnterSCRIPT < (04074E57)>]
[11/15/2012 - 08:45:42PM] PLAYER_WEAPON_WITHDRAWN
[11/15/2012 - 08:45:42PM] PLAYER_TRIGGER_LEAVE [ths1_TriggerEnterSCRIPT < (04074E53)>]
[11/15/2012 - 08:45:45PM] PLAYER_ITEM_OBTAIN [ObjectReference < (040711D0)>] "Greater Soul Gem"
[11/15/2012 - 08:45:49PM] PLAYER_TRIGGER_ENTER [ths1_TriggerEnterSCRIPT < (04074E58)>]
[11/15/2012 - 08:45:50PM] PLAYER_TRIGGER_LEAVE [ths1_TriggerEnterSCRIPT < (04074E57)>]
[11/15/2012 - 08:45:53PM] PLAYER_TRIGGER_LEAVE [ths1_TriggerEnterSCRIPT < (04074E58)>]
[11/15/2012 - 08:45:53PM] PLAYER_MOVE Run
[11/15/2012 - 08:45:54PM] PLAYER_TRIGGER_ENTER [ths1_TriggerEnterSCRIPT < (04074E58)>]
[11/15/2012 - 08:45:55PM] PLAYER_TRIGGER_ENTER [ths1_TriggerEnterSCRIPT < (04074E57)>]
[11/15/2012 - 08:45:55PM] PLAYER_TRIGGER_LEAVE [ths1_TriggerEnterSCRIPT < (04074E58)>]
[11/15/2012 - 08:45:55PM] PLAYER_TRIGGER_LEAVE [ths1_TriggerEnterSCRIPT < (04074E57)>]
[11/15/2012 - 08:45:55PM] PLAYER_MOVE None
[11/15/2012 - 08:45:56PM] PLAYER_MOVE Run
[11/15/2012 - 08:45:57PM] PLAYER_MOVE None
[11/15/2012 - 08:45:58PM] PLAYER_MOVE Run
[11/15/2012 - 08:45:59PM] PLAYER_TRIGGER_ENTER [ths1_TriggerEnterSCRIPT < (04074E51)>]
[11/15/2012 - 08:45:59PM] PLAYER_MOVE None
[11/15/2012 - 08:46:00PM] PLAYER_TRIGGER_LEAVE [ths1_TriggerEnterSCRIPT < (04074E51)>]
[11/15/2012 - 08:46:00PM] PLAYER_TRIGGER_ENTER [ths1_TriggerEnterSCRIPT < (04074E50)>]
[11/15/2012 - 08:46:00PM] PLAYER_MOVE Run
[11/15/2012 - 08:46:01PM] PLAYER_TRIGGER_LEAVE [ths1_TriggerEnterSCRIPT < (04074E50)>]
[11/15/2012 - 08:46:02PM] PLAYER_MOVE None
[11/15/2012 - 08:46:03PM] PLAYER_MOVE Run
[11/15/2012 - 08:46:04PM] PLAYER_TRIGGER_ENTER [ths1_TriggerEnterSCRIPT < (04074E54)>]
[11/15/2012 - 08:46:04PM] PLAYER_MOVE None
[11/15/2012 - 08:46:06PM] PLAYER_MOVE Run
[11/15/2012 - 08:46:07PM] PLAYER_TRIGGER_LEAVE [ths1_TriggerEnterSCRIPT < (04074E54)>]
[11/15/2012 - 08:46:07PM] PLAYER_TRIGGER_ENTER [ths1_TriggerEnterSCRIPT < (04074E4F)>]
[11/15/2012 - 08:46:18PM] PLAYER_TRIGGER_ENTER [ths1_TriggerEnterSCRIPT < (0408C788)>]
[11/15/2012 - 08:46:18PM] PLAYER_TRIGGER_LEAVE [ths1_TriggerEnterSCRIPT < (04074E4F)>]
[11/15/2012 - 08:46:18PM] PLAYER_CELL_CHANGE [Cell <Wilderness (04085D56)>] ""
[11/15/2012 - 08:46:19PM] PLAYER_WORLDSPACE_CHANGE [WorldSpace <ths1_Town (04085D17)>] "Town"
[11/15/2012 - 08:46:19PM] PLAYER_MOVE None
[11/15/2012 - 08:46:20PM] PLAYER_MOVE Run
[11/15/2012 - 08:46:20PM] PLAYER_TRIGGER_LEAVE [ths1_TriggerEnterSCRIPT < (0408C788)>]
[11/15/2012 - 08:46:20PM] PLAYER_CELL_CHANGE [Cell <Wilderness (04085D34)>] ""
[11/15/2012 - 08:46:23PM] PLAYER_TRIGGER_ENTER [ths1_TriggerEnterSCRIPT < (0408CDAB)>]
[11/15/2012 - 08:46:23PM] PLAYER_TRIGGER_LEAVE [ths1_TriggerEnterSCRIPT < (0408CDAB)>]
[11/15/2012 - 08:46:24PM] PLAYER_MOVE None
[11/15/2012 - 08:46:25PM] PLAYER_DIALOGUE [TIF__0207FA85 <topic info 0407FA85 on quest ths1_MasterQuest (040319F7)>] NPC_SPEAKER [Actor < (0408BC45)>]
[11/15/2012 - 08:46:52PM] PLAYER_DIALOGUE [TIF__0207FA85 <topic info 0407FA85 on quest ths1_MasterQuest (040319F7)>] NPC_SPEAKER [Actor < (0408BC45)>]
[11/15/2012 - 08:46:55PM] PLAYER_DIALOGUE [TIF__0208EEAE <topic info 0408EEAE on quest ths1_MasterQuest (040319F7)>] NPC_SPEAKER [Actor < (0408BC45)>]
[11/15/2012 - 08:47:11PM] PLAYER_DIALOGUE [TIF__0208EEB2 <topic info 0408EEB2 on quest ths1_MasterQuest (040319F7)>] NPC_SPEAKER [Actor < (0408BC45)>]
[11/15/2012 - 08:47:20PM] PLAYER_MOVE Run
[11/15/2012 - 08:47:21PM] PLAYER_MOVE None
[11/15/2012 - 08:47:26PM] PLAYER_MOVE Run
[11/15/2012 - 08:47:29PM] PLAYER_ACTOR_VIEW_GAIN [ObjectReference < (04089359)>] "Seamus"
[11/15/2012 - 08:47:30PM] PLAYER_CELL_CHANGE [Cell <Wilderness (04085D4C)>] ""
[11/15/2012 - 08:47:30PM] PLAYER_ACTOR_VIEW_LOSS [ObjectReference < (04089359)>] "Seamus"
[11/15/2012 - 08:47:31PM] PLAYER_MOVE None
[11/15/2012 - 08:47:33PM] PLAYER_MOVE Run
[11/15/2012 - 08:47:37PM] PLAYER_TRIGGER_ENTER [ths1_TriggerEnterSCRIPT < (0408C7C0)>]
[11/15/2012 - 08:47:38PM] PLAYER_MOVE None
[11/15/2012 - 08:47:47PM] PLAYER_TRIGGER_ENTER [ths1_TriggerEnterSCRIPT < (040748BF)>]
[11/15/2012 - 08:47:47PM] PLAYER_TRIGGER_LEAVE [ths1_TriggerEnterSCRIPT < (0408C7C0)>]
[11/15/2012 - 08:47:48PM] PLAYER_CELL_CHANGE [Cell <ths1_MuseumInterior (04044D5A)>] "Bubbsey's Oddity Emporium"
[11/15/2012 - 08:47:49PM] PLAYER_TRIGGER_LEAVE [ths1_TriggerEnterSCRIPT < (040748BF)>]
[11/15/2012 - 08:47:53PM] PLAYER_MOVE Run
[11/15/2012 - 08:47:54PM] PLAYER_MOVE None
[11/15/2012 - 08:47:57PM] PLAYER_MOVE Run
[11/15/2012 - 08:47:58PM] PLAYER_MOVE None
[11/15/2012 - 08:48:19PM] PLAYER_MOVE Sprint
[11/15/2012 - 08:48:20PM] PLAYER_DIALOGUE [TIF__01064239 <topic info 04064239 on quest ths1_CaptiveOrc (0401A9F8)>] NPC_SPEAKER [Actor < (04049751)>]
[11/15/2012 - 08:48:20PM] PLAYER_MOVE None
[11/15/2012 - 08:48:24PM] PLAYER_DIALOGUE [TIF__0103F01B <topic info 0403F01B on quest ths1_CaptiveOrc (0401A9F8)>] NPC_SPEAKER [Actor < (04049751)>]
[11/15/2012 - 08:48:25PM] QUEST_STAGE_CHANGE [ths1_CaptiveOrcQuestSCRIPT <ths1_CaptiveOrc (0401A9F8)>] "The Museum Attraction" 3
[11/15/2012 - 08:48:46PM] PLAYER_DIALOGUE [TIF__0103F01D <topic info 0403F01D on quest ths1_CaptiveOrc (0401A9F8)>] NPC_SPEAKER [Actor < (04049751)>]
[11/15/2012 - 08:48:58PM] PLAYER_MOVE Run
[11/15/2012 - 08:49:01PM] PLAYER_MOVE None
[11/15/2012 - 08:49:02PM] PLAYER_MOVE Run
[11/15/2012 - 08:49:02PM] PLAYER_TRIGGER_ENTER [ths1_TriggerEnterSCRIPT < (040748D4)>]
[11/15/2012 - 08:49:04PM] PLAYER_MOVE None
[11/15/2012 - 08:49:05PM] PLAYER_TRIGGER_LEAVE [ths1_TriggerEnterSCRIPT < (040748D4)>]
[11/15/2012 - 08:49:06PM] PLAYER_MOVE Run
[11/15/2012 - 08:49:07PM] PLAYER_MOVE None
[11/15/2012 - 08:49:07PM] QUEST_STAGE_CHANGE [ths1_CaptiveOrcQuestSCRIPT <ths1_CaptiveOrc (0401A9F8)>] "The Museum Attraction" 5
[11/15/2012 - 08:49:08PM] PLAYER_TRIGGER_ENTER [ths1_TriggerEnterSCRIPT < (040748D5)>]
[11/15/2012 - 08:49:09PM] ACTOR_DOOR_OPEN [Actor < (04049751)>] "Bubbsey" : [ths1_MuseumHiddenDoorSCRIPT <alias MuseumHiddenDoor on quest ths1_CaptiveOrc (0401A9F8)>] "MuseumHiddenDoor"
[11/15/2012 - 08:49:09PM] PLAYER_MOVE Run
[11/15/2012 - 08:49:10PM] PLAYER_TRIGGER_LEAVE [ths1_TriggerEnterSCRIPT < (040748D5)>]
[11/15/2012 - 08:49:10PM] ACTOR_DOOR_OPEN [Actor < (04049751)>] "Bubbsey" : [ths1_MuseumHiddenDoorSCRIPT <alias MuseumHiddenDoor on quest ths1_CaptiveOrc (0401A9F8)>] "MuseumHiddenDoor"
[11/15/2012 - 08:49:11PM] PLAYER_TRIGGER_ENTER [ths1_NearOrcCageTrigScript <alias NearMuseumOrcCageTrigALIAS on quest ths1_CaptiveOrc (0401A9F8)>]
[11/15/2012 - 08:49:12PM] QUEST_STAGE_CHANGE [ths1_CaptiveOrcQuestSCRIPT <ths1_CaptiveOrc (0401A9F8)>] "The Museum Attraction" 10
[11/15/2012 - 08:49:12PM] PLAYER_MOVE None
[11/15/2012 - 08:49:14PM] PLAYER_MOVE Run
[11/15/2012 - 08:49:15PM] PLAYER_MOVE None
[11/15/2012 - 08:49:26PM] PLAYER_MOVE Run
[11/15/2012 - 08:49:27PM] PLAYER_MOVE None
[11/15/2012 - 08:49:40PM] PLAYER_MOVE Run
[11/15/2012 - 08:49:41PM] PLAYER_MOVE None
[11/15/2012 - 08:49:45PM] PLAYER_MOVE Run
[11/15/2012 - 08:49:46PM] PLAYER_MOVE None
[11/15/2012 - 08:49:49PM] PLAYER_TRIGGER_ENTER [ths1_NearOrcCageTrigScript <alias NearMuseumOrcCageTrigALIAS on quest ths1_CaptiveOrc (0401A9F8)>]
[11/15/2012 - 08:49:50PM] PLAYER_MOVE Run
[11/15/2012 - 08:49:50PM] PLAYER_MOVE None
[11/15/2012 - 08:50:04PM] PLAYER_MOVE Run
[11/15/2012 - 08:50:05PM] PLAYER_TRIGGER_ENTER [ths1_TriggerEnterSCRIPT < (040748D5)>]
[11/15/2012 - 08:50:06PM] PLAYER_MOVE Sprint
[11/15/2012 - 08:50:07PM] PLAYER_MOVE None
[11/15/2012 - 08:50:07PM] PLAYER_TRIGGER_LEAVE [ths1_TriggerEnterSCRIPT < (040748D5)>]
[11/15/2012 - 08:50:08PM] PLAYER_MOVE Run
[11/15/2012 - 08:50:08PM] PLAYER_TRIGGER_ENTER [ths1_TriggerEnterSCRIPT < (040748D4)>]
[11/15/2012 - 08:50:09PM] ACTOR_DOOR_OPEN [ObjectReference < (00000014)>] "nick" : [ths1_MuseumHiddenDoorSCRIPT <alias MuseumHiddenDoor on quest ths1_CaptiveOrc (0401A9F8)>] "MuseumHiddenDoor"
[11/15/2012 - 08:50:10PM] PLAYER_MOVE None
[11/15/2012 - 08:50:11PM] PLAYER_MOVE Run
[11/15/2012 - 08:50:13PM] PLAYER_TRIGGER_LEAVE [ths1_TriggerEnterSCRIPT < (040748D4)>]
[11/15/2012 - 08:50:14PM] PLAYER_MOVE None
[11/15/2012 - 08:50:17PM] PLAYER_MOVE Run
[11/15/2012 - 08:50:18PM] PLAYER_MOVE Sneak
[11/15/2012 - 08:50:27PM] PLAYER_FIGHT None ""
[11/15/2012 - 08:50:28PM] PLAYER_FIGHT None ""
[11/15/2012 - 08:50:29PM] PLAYER_MOVE None
[11/15/2012 - 08:50:29PM] PLAYER_FIGHT None ""
[11/15/2012 - 08:50:30PM] PLAYER_WEAPON_WITHDRAWN
[11/15/2012 - 08:50:34PM] PLAYER_DIALOGUE [TIF__010688C2 <topic info 040688C2 on quest ths1_CaptiveOrc (0401A9F8)>] NPC_SPEAKER [Actor < (04049751)>]
[11/15/2012 - 08:50:34PM] PLAYER_MOVE Run
[11/15/2012 - 08:50:35PM] PLAYER_MOVE None
[11/15/2012 - 08:50:41PM] PLAYER_DIALOGUE [TIF__01052C39 <topic info 04052C39 on quest ths1_CaptiveOrc (0401A9F8)>] NPC_SPEAKER [Actor < (04049751)>]
[11/15/2012 - 08:50:48PM] PLAYER_DIALOGUE [TIF__01052C3B <topic info 04052C3B on quest ths1_CaptiveOrc (0401A9F8)>] NPC_SPEAKER [Actor < (04049751)>]
[11/15/2012 - 08:50:58PM] PLAYER_MOVE Run
[11/15/2012 - 08:50:59PM] PLAYER_TRIGGER_ENTER [ths1_TriggerEnterSCRIPT < (040748D4)>]
[11/15/2012 - 08:51:00PM] PLAYER_TRIGGER_LEAVE [ths1_TriggerEnterSCRIPT < (040748D4)>]
[11/15/2012 - 08:51:01PM] PLAYER_TRIGGER_ENTER [ths1_TriggerEnterSCRIPT < (040748D5)>]
[11/15/2012 - 08:51:02PM] PLAYER_TRIGGER_LEAVE [ths1_TriggerEnterSCRIPT < (040748D5)>]
[11/15/2012 - 08:51:03PM] PLAYER_TRIGGER_ENTER [ths1_NearOrcCageTrigScript <alias NearMuseumOrcCageTrigALIAS on quest ths1_CaptiveOrc (0401A9F8)>]
[11/15/2012 - 08:51:05PM] PLAYER_MOVE None
[11/15/2012 - 08:51:15PM] PLAYER_DIALOGUE [TIF__0101A9FC <topic info 0401A9FC on quest ths1_CaptiveOrc (0401A9F8)>] NPC_SPEAKER [Actor < (040491E3)>]
[11/15/2012 - 08:51:25PM] PLAYER_DIALOGUE [TIF__0101AF69 <topic info 0401AF69 on quest ths1_CaptiveOrc (0401A9F8)>] NPC_SPEAKER [Actor < (040491E3)>]
[11/15/2012 - 08:51:30PM] PLAYER_DIALOGUE [TIF__010371A7 <topic info 040371A7 on quest ths1_CaptiveOrc (0401A9F8)>] NPC_SPEAKER [Actor < (040491E3)>]
[11/15/2012 - 08:51:36PM] PLAYER_TRIGGER_ENTER [ths1_NearOrcCageTrigScript <alias NearMuseumOrcCageTrigALIAS on quest ths1_CaptiveOrc (0401A9F8)>]
[11/15/2012 - 08:51:37PM] PLAYER_MOVE Run
[11/15/2012 - 08:51:38PM] PLAYER_TRIGGER_ENTER [ths1_TriggerEnterSCRIPT < (040748D5)>]
[11/15/2012 - 08:51:39PM] PLAYER_TRIGGER_LEAVE [ths1_TriggerEnterSCRIPT < (040748D5)>]
[11/15/2012 - 08:51:40PM] PLAYER_MOVE None
[11/15/2012 - 08:51:40PM] PLAYER_TRIGGER_ENTER [ths1_TriggerEnterSCRIPT < (040748D4)>]
[11/15/2012 - 08:51:41PM] PLAYER_MOVE Run
[11/15/2012 - 08:51:42PM] PLAYER_TRIGGER_LEAVE [ths1_TriggerEnterSCRIPT < (040748D4)>]
[11/15/2012 - 08:51:44PM] PLAYER_MOVE Sneak
[11/15/2012 - 08:51:45PM] PLAYER_MOVE None
[11/15/2012 - 08:51:46PM] PLAYER_MOVE Sneak
[11/15/2012 - 08:52:21PM] PLAYER_ITEM_REMOVED None "Daedric Arrow" COUNT 1 CONTAINER None
[11/15/2012 - 08:52:27PM] PLAYER_ITEM_REMOVED None "Daedric Arrow" COUNT 1 CONTAINER None
[11/15/2012 - 08:52:34PM] PLAYER_ITEM_REMOVED None "Daedric Arrow" COUNT 1 CONTAINER None
[11/15/2012 - 08:52:44PM] PLAYER_ITEM_REMOVED None "Daedric Arrow" COUNT 1 CONTAINER None
[11/15/2012 - 08:52:50PM] PLAYER_WEAPON_WITHDRAWN
[11/15/2012 - 08:52:52PM] PLAYER_ITEM_OBTAIN None "Orc Cage Key"
[11/15/2012 - 08:52:59PM] PLAYER_ITEM_OBTAIN None "Iron Sword"
[11/15/2012 - 08:53:04PM] PLAYER_TRIGGER_ENTER [ths1_TriggerEnterSCRIPT < (040748D4)>]
[11/15/2012 - 08:53:06PM] PLAYER_TRIGGER_LEAVE [ths1_TriggerEnterSCRIPT < (040748D4)>]
[11/15/2012 - 08:53:07PM] PLAYER_TRIGGER_ENTER [ths1_TriggerEnterSCRIPT < (040748D5)>]
[11/15/2012 - 08:53:07PM] PLAYER_MOVE Run
[11/15/2012 - 08:53:08PM] PLAYER_TRIGGER_LEAVE [ths1_TriggerEnterSCRIPT < (040748D5)>]
[11/15/2012 - 08:53:09PM] PLAYER_TRIGGER_ENTER [ths1_NearOrcCageTrigScript <alias NearMuseumOrcCageTrigALIAS on quest ths1_CaptiveOrc (0401A9F8)>]
[11/15/2012 - 08:53:11PM] PLAYER_MOVE None
[11/15/2012 - 08:54:27PM] QUEST_STAGE_CHANGE [ths1_CaptiveOrcQuestSCRIPT <ths1_CaptiveOrc (0401A9F8)>] "The Museum Attraction" 30
[11/15/2012 - 08:54:27PM] QUEST_COMPLETED [ths1_CaptiveOrcQuestSCRIPT <ths1_CaptiveOrc (0401A9F8)>] "The Museum Attraction"
[11/15/2012 - 08:54:29PM] PLAYER_WEAPON_RIGHT [WEAPON < (000139B3)>] "Daedric War Axe"
[11/15/2012 - 08:54:30PM] PLAYER_MOVE Run
[11/15/2012 - 08:54:31PM] PLAYER_MOVE None
[11/15/2012 - 08:54:31PM] QUEST_STAGE_CHANGE [ths1_CaptiveOrcQuestSCRIPT <ths1_CaptiveOrc (0401A9F8)>] "The Museum Attraction" 35
[11/15/2012 - 08:54:41PM] PLAYER_DIALOGUE [TIF__0207D376 <topic info 0407D376 on quest ths1_CaptiveOrc (0401A9F8)>] NPC_SPEAKER [Actor < (040491E3)>]
[11/15/2012 - 08:54:58PM] PLAYER_DIALOGUE [TIF__0207E988 <topic info 0407E988 on quest ths1_CaptiveOrc (0401A9F8)>] NPC_SPEAKER [Actor < (040491E3)>]
[11/15/2012 - 08:55:11PM] PLAYER_MOVE Run
[11/15/2012 - 08:55:12PM] PLAYER_MOVE None
[11/15/2012 - 08:55:13PM] PLAYER_POV_CHANGE THIRD_PERSON
[11/15/2012 - 08:55:14PM] PLAYER_WEAPON_WITHDRAWN
[11/15/2012 - 08:55:25PM] PLAYER_POV_CHANGE FIRST_PERSON
[11/15/2012 - 08:55:28PM] PLAYER_MOVE Run
[11/15/2012 - 08:55:29PM] PLAYER_TRIGGER_ENTER [ths1_NearOrcCageTrigScript <alias NearMuseumOrcCageTrigALIAS on quest ths1_CaptiveOrc (0401A9F8)>]
[11/15/2012 - 08:55:32PM] PLAYER_TRIGGER_ENTER [ths1_TriggerEnterSCRIPT < (040748D5)>]
[11/15/2012 - 08:55:33PM] PLAYER_MOVE None
[11/15/2012 - 08:55:34PM] PLAYER_TRIGGER_LEAVE [ths1_TriggerEnterSCRIPT < (040748D5)>]
[11/15/2012 - 08:55:34PM] PLAYER_MOVE Run
[11/15/2012 - 08:55:35PM] PLAYER_MOVE None
[11/15/2012 - 08:55:43PM] PLAYER_TRIGGER_ENTER [ths1_TriggerEnterSCRIPT < (040748D4)>]
[11/15/2012 - 08:55:45PM] PLAYER_TRIGGER_LEAVE [ths1_TriggerEnterSCRIPT < (040748D4)>]
[11/15/2012 - 08:55:47PM] PLAYER_MOVE Run
[11/15/2012 - 08:55:48PM] PLAYER_MOVE None
[11/15/2012 - 08:56:08PM] PLAYER_MOVE Sprint
[11/15/2012 - 08:56:09PM] PLAYER_MOVE Run
[11/15/2012 - 08:56:09PM] PLAYER_TRIGGER_ENTER [ths1_TriggerEnterSCRIPT < (040748C8)>]
[11/15/2012 - 08:56:09PM] PLAYER_TRIGGER_LEAVE [ths1_TriggerEnterSCRIPT < (040748C8)>]
[11/15/2012 - 08:56:10PM] PLAYER_TRIGGER_ENTER [ths1_TriggerEnterSCRIPT < (040748BF)>]
[11/15/2012 - 08:56:11PM] PLAYER_MOVE None
[11/15/2012 - 08:56:13PM] PLAYER_TRIGGER_ENTER [ths1_TriggerEnterSCRIPT < (0408C7C0)>]
[11/15/2012 - 08:56:13PM] PLAYER_TRIGGER_LEAVE [ths1_TriggerEnterSCRIPT < (040748BF)>]
[11/15/2012 - 08:56:14PM] PLAYER_CELL_CHANGE [Cell <Wilderness (04085D4C)>] ""
[11/15/2012 - 08:56:14PM] PLAYER_WORLDSPACE_CHANGE [WorldSpace <ths1_Town (04085D17)>] "Town"
[11/15/2012 - 08:56:15PM] PLAYER_TRIGGER_LEAVE [ths1_TriggerEnterSCRIPT < (0408C7C0)>]
[11/15/2012 - 08:56:16PM] PLAYER_MOVE Run
[11/15/2012 - 08:56:18PM] PLAYER_ACTOR_VIEW_GAIN [ObjectReference < (04089359)>] "Seamus"
[11/15/2012 - 08:56:19PM] PLAYER_MOVE Sprint
[11/15/2012 - 08:56:19PM] PLAYER_ACTOR_VIEW_LOSS [ObjectReference < (04089359)>] "Seamus"
[11/15/2012 - 08:56:20PM] PLAYER_ACTOR_VIEW_GAIN [ObjectReference < (04089359)>] "Seamus"
[11/15/2012 - 08:56:21PM] PLAYER_TRIGGER_ENTER [ths1_TriggerEnterSCRIPT < (0408C7A8)>]
[11/15/2012 - 08:56:21PM] PLAYER_MOVE Run
[11/15/2012 - 08:56:22PM] PLAYER_ACTOR_VIEW_LOSS [ObjectReference < (04089359)>] "Seamus"
[11/15/2012 - 08:56:23PM] PLAYER_ACTOR_VIEW_GAIN [ObjectReference < (04089359)>] "Seamus"
[11/15/2012 - 08:56:23PM] PLAYER_TRIGGER_LEAVE [ths1_TriggerEnterSCRIPT < (0408C7A8)>]
[11/15/2012 - 08:56:24PM] PLAYER_MOVE None
[11/15/2012 - 08:56:24PM] PLAYER_ACTOR_VIEW_LOSS [ObjectReference < (04089359)>] "Seamus"
[11/15/2012 - 08:56:27PM] PLAYER_TRIGGER_ENTER [ths1_TriggerEnterSCRIPT < (0408C7A8)>]
[11/15/2012 - 08:56:27PM] PLAYER_MOVE Run
[11/15/2012 - 08:56:27PM] PLAYER_TRIGGER_LEAVE [ths1_TriggerEnterSCRIPT < (0408C7A8)>]
[11/15/2012 - 08:56:27PM] PLAYER_TRIGGER_ENTER [ths1_TriggerEnterSCRIPT < (0408C7AA)>]
[11/15/2012 - 08:56:28PM] PLAYER_MOVE None
[11/15/2012 - 08:57:03PM] PLAYER_TRIGGER_LEAVE [ths1_TriggerEnterSCRIPT < (0408C7AA)>]
[11/15/2012 - 08:57:03PM] PLAYER_CELL_CHANGE [Cell <ths1_TempleInterior (04019CC3)>] "Town Temple"
[11/15/2012 - 08:57:09PM] PLAYER_MOVE Run
[11/15/2012 - 08:57:11PM] PLAYER_MOVE None
[11/15/2012 - 08:57:13PM] PLAYER_DIALOGUE [TIF__02074354 <topic info 04074354 on quest ths1_BarrianBookQuest (0404540C)>] NPC_SPEAKER [Actor < (0404540E)>]
[11/15/2012 - 08:57:17PM] PLAYER_MOVE Run
[11/15/2012 - 08:57:18PM] PLAYER_MOVE None
[11/15/2012 - 08:57:19PM] PLAYER_DIALOGUE [TIF__02074354 <topic info 04074354 on quest ths1_BarrianBookQuest (0404540C)>] NPC_SPEAKER [Actor < (04045410)>]
[11/15/2012 - 08:57:57PM] PLAYER_MOVE Run
[11/15/2012 - 08:58:00PM] PLAYER_MOVE None
[11/15/2012 - 08:58:02PM] PLAYER_MOVE Run
[11/15/2012 - 08:58:03PM] PLAYER_TRIGGER_ENTER [ths1_EnterTempleBookshelfTrigScript <alias TempleBookshelfTrigger on quest ths1_BarrianBookQuest (0404540C)>]
[11/15/2012 - 08:58:05PM] PLAYER_TRIGGER_ENTER [ths1_EnterTempleBookshelfTrigScript <alias TempleBookshelfTrigger on quest ths1_BarrianBookQuest (0404540C)>]
[11/15/2012 - 08:58:06PM] PLAYER_MOVE Sprint
[11/15/2012 - 08:58:07PM] PLAYER_MOVE Run
[11/15/2012 - 08:58:08PM] PLAYER_MOVE None
[11/15/2012 - 08:58:11PM] PLAYER_DIALOGUE [TIF__0106B44A <topic info 0406B44A on quest ths1_BarrianBookQuest (0404540C)>] NPC_SPEAKER [Actor < (040371D2)>]
[11/15/2012 - 08:58:14PM] PLAYER_DIALOGUE [TIF__020826E9 <topic info 040826E9 on quest ths1_BarrianBookQuest (0404540C)>] NPC_SPEAKER [Actor < (040371D2)>]
[11/15/2012 - 08:58:18PM] PLAYER_DIALOGUE [TIF__01045418 <topic info 04045418 on quest ths1_BarrianBookQuest (0404540C)>] NPC_SPEAKER [Actor < (040371D2)>]
[11/15/2012 - 08:58:22PM] QUEST_STAGE_CHANGE [ths1_BBQScript <ths1_BarrianBookQuest (0404540C)>] "'What's That You're Reading, Barrian?'" 10
[11/15/2012 - 08:58:24PM] PLAYER_DIALOGUE [TIF__020826E6 <topic info 040826E6 on quest ths1_BarrianBookQuest (0404540C)>] NPC_SPEAKER [Actor < (040371D2)>]
[11/15/2012 - 08:58:35PM] PLAYER_MOVE Run
[11/15/2012 - 08:58:38PM] PLAYER_MOVE None
[11/15/2012 - 08:58:41PM] PLAYER_DIALOGUE [TIF__010469EA <topic info 040469EA on quest ths1_BarrianBookQuest (0404540C)>] NPC_SPEAKER [Actor < (040371CF)>]
[11/15/2012 - 08:58:47PM] PLAYER_DIALOGUE [TIF__010469ED <topic info 040469ED on quest ths1_BarrianBookQuest (0404540C)>] NPC_SPEAKER [Actor < (040371CF)>]
[11/15/2012 - 08:58:52PM] PLAYER_DIALOGUE [TIF__01048094 <topic info 04048094 on quest ths1_BarrianBookQuest (0404540C)>] NPC_SPEAKER [Actor < (040371CF)>]
[11/15/2012 - 08:59:32PM] QUEST_STAGE_CHANGE [ths1_BBQScript <ths1_BarrianBookQuest (0404540C)>] "'What's That You're Reading, Barrian?'" 15
[11/15/2012 - 08:59:33PM] PLAYER_MOVE Run
[11/15/2012 - 08:59:34PM] PLAYER_MOVE None
[11/15/2012 - 08:59:36PM] PLAYER_BOOK_READ [ths1_BBQJokeBookReadScript <alias JokeBook1 on quest ths1_BarrianBookQuest (0404540C)>] JokeBook1
[11/15/2012 - 08:59:57PM] QUEST_STAGE_CHANGE [ths1_BBQScript <ths1_BarrianBookQuest (0404540C)>] "'What's That You're Reading, Barrian?'" 20
[11/15/2012 - 09:00:00PM] PLAYER_MOVE Run
[11/15/2012 - 09:00:01PM] PLAYER_MOVE None
[11/15/2012 - 09:00:02PM] PLAYER_DIALOGUE [TIF__0104BD93 <topic info 0404BD93 on quest ths1_BarrianBookQuest (0404540C)>] NPC_SPEAKER [Actor < (040371CF)>]
[11/15/2012 - 09:00:08PM] PLAYER_DIALOGUE [TIF__0104BD95 <topic info 0404BD95 on quest ths1_BarrianBookQuest (0404540C)>] NPC_SPEAKER [Actor < (040371CF)>]
[11/15/2012 - 09:00:12PM] PLAYER_DIALOGUE [TIF__0104BD97 <topic info 0404BD97 on quest ths1_BarrianBookQuest (0404540C)>] NPC_SPEAKER [Actor < (040371CF)>]
[11/15/2012 - 09:01:00PM] PLAYER_DIALOGUE [TIF__02074354 <topic info 04074354 on quest ths1_BarrianBookQuest (0404540C)>] NPC_SPEAKER [Actor < (040371CE)>]
[11/15/2012 - 09:01:08PM] PLAYER_MOVE Run
[11/15/2012 - 09:01:09PM] PLAYER_MOVE None
[11/15/2012 - 09:01:13PM] PLAYER_MOVE Run
[11/15/2012 - 09:01:15PM] PLAYER_MOVE None
[11/15/2012 - 09:01:15PM] PLAYER_TRIGGER_ENTER [ths1_TriggerEnterSCRIPT < (04074E69)>]
[11/15/2012 - 09:01:15PM] PLAYER_TRIGGER_ENTER [ths1_TriggerEnterSCRIPT < (04074E6A)>]
[11/15/2012 - 09:01:15PM] PLAYER_TRIGGER_LEAVE [ths1_TriggerEnterSCRIPT < (04074E69)>]
[11/15/2012 - 09:01:19PM] PLAYER_DIALOGUE [TIF__0106B447 <topic info 0406B447 on quest ths1_BarrianBookQuest (0404540C)>] NPC_SPEAKER [Actor < (040371D2)>]
[11/15/2012 - 09:01:25PM] QUEST_STAGE_CHANGE [ths1_BBQScript <ths1_BarrianBookQuest (0404540C)>] "'What's That You're Reading, Barrian?'" 40
[11/15/2012 - 09:01:25PM] QUEST_COMPLETED [ths1_BBQScript <ths1_BarrianBookQuest (0404540C)>]  "'What's That You're Reading, Barrian?'"
[11/15/2012 - 09:01:31PM] PLAYER_TRIGGER_ENTER [ths1_TriggerEnterSCRIPT < (04074E69)>]
[11/15/2012 - 09:01:31PM] PLAYER_TRIGGER_LEAVE [ths1_TriggerEnterSCRIPT < (04074E6A)>]
[11/15/2012 - 09:01:34PM] PLAYER_MOVE Run
[11/15/2012 - 09:01:34PM] PLAYER_TRIGGER_LEAVE [ths1_TriggerEnterSCRIPT < (04074E69)>]
[11/15/2012 - 09:01:35PM] PLAYER_TRIGGER_ENTER [ths1_TriggerEnterSCRIPT < (04074E62)>]
[11/15/2012 - 09:01:36PM] PLAYER_MOVE None
[11/15/2012 - 09:01:37PM] PLAYER_TRIGGER_ENTER [ths1_TriggerEnterSCRIPT < (04074E63)>]
[11/15/2012 - 09:01:37PM] PLAYER_MOVE Run
[11/15/2012 - 09:01:37PM] PLAYER_TRIGGER_LEAVE [ths1_TriggerEnterSCRIPT < (04074E62)>]
[11/15/2012 - 09:01:37PM] PLAYER_TRIGGER_LEAVE [ths1_TriggerEnterSCRIPT < (04074E63)>]
[11/15/2012 - 09:01:38PM] PLAYER_MOVE None
[11/15/2012 - 09:01:39PM] PLAYER_MOVE Run
[11/15/2012 - 09:01:39PM] PLAYER_TRIGGER_ENTER [ths1_TriggerEnterSCRIPT < (04074E64)>]
[11/15/2012 - 09:01:40PM] PLAYER_MOVE None
[11/15/2012 - 09:01:41PM] PLAYER_TRIGGER_LEAVE [ths1_TriggerEnterSCRIPT < (04074E64)>]
[11/15/2012 - 09:01:41PM] PLAYER_MOVE Run
[11/15/2012 - 09:01:42PM] PLAYER_TRIGGER_ENTER [ths1_TriggerEnterSCRIPT < (04074E65)>]
[11/15/2012 - 09:01:43PM] PLAYER_TRIGGER_LEAVE [ths1_TriggerEnterSCRIPT < (04074E65)>]
[11/15/2012 - 09:01:43PM] PLAYER_TRIGGER_ENTER [ths1_TriggerEnterSCRIPT < (04074E67)>]
[11/15/2012 - 09:01:43PM] PLAYER_MOVE None
[11/15/2012 - 09:01:44PM] PLAYER_TRIGGER_LEAVE [ths1_TriggerEnterSCRIPT < (04074E67)>]
[11/15/2012 - 09:01:44PM] PLAYER_TRIGGER_ENTER [ths1_TriggerEnterSCRIPT < (04074E68)>]
[11/15/2012 - 09:01:45PM] PLAYER_TRIGGER_LEAVE [ths1_TriggerEnterSCRIPT < (04074E68)>]
[11/15/2012 - 09:01:46PM] PLAYER_MOVE Run
[11/15/2012 - 09:01:47PM] PLAYER_TRIGGER_ENTER [ths1_TriggerEnterSCRIPT < (04074E68)>]
[11/15/2012 - 09:01:47PM] PLAYER_TRIGGER_ENTER [ths1_TriggerEnterSCRIPT < (04074E67)>]
[11/15/2012 - 09:01:47PM] PLAYER_TRIGGER_LEAVE [ths1_TriggerEnterSCRIPT < (04074E68)>]
[11/15/2012 - 09:01:48PM] PLAYER_TRIGGER_LEAVE [ths1_TriggerEnterSCRIPT < (04074E67)>]
[11/15/2012 - 09:01:48PM] PLAYER_TRIGGER_ENTER [ths1_TriggerEnterSCRIPT < (04074E65)>]
[11/15/2012 - 09:01:49PM] PLAYER_TRIGGER_ENTER [ths1_TriggerEnterSCRIPT < (04074E66)>]
[11/15/2012 - 09:01:50PM] PLAYER_TRIGGER_LEAVE [ths1_TriggerEnterSCRIPT < (04074E65)>]
[11/15/2012 - 09:01:50PM] PLAYER_TRIGGER_LEAVE [ths1_TriggerEnterSCRIPT < (04074E66)>]
[11/15/2012 - 09:01:51PM] PLAYER_TRIGGER_ENTER [ths1_TriggerEnterSCRIPT < (04074E66)>]
[11/15/2012 - 09:01:51PM] PLAYER_TRIGGER_ENTER [ths1_TriggerEnterSCRIPT < (04074E65)>]
[11/15/2012 - 09:01:52PM] PLAYER_TRIGGER_LEAVE [ths1_TriggerEnterSCRIPT < (04074E66)>]
[11/15/2012 - 09:01:52PM] PLAYER_TRIGGER_LEAVE [ths1_TriggerEnterSCRIPT < (04074E65)>]
[11/15/2012 - 09:01:53PM] PLAYER_TRIGGER_ENTER [ths1_TriggerEnterSCRIPT < (04074E64)>]
[11/15/2012 - 09:01:54PM] PLAYER_TRIGGER_LEAVE [ths1_TriggerEnterSCRIPT < (04074E64)>]
[11/15/2012 - 09:01:54PM] PLAYER_TRIGGER_ENTER [ths1_TriggerEnterSCRIPT < (04074E64)>]
[11/15/2012 - 09:01:54PM] PLAYER_TRIGGER_LEAVE [ths1_TriggerEnterSCRIPT < (04074E64)>]
[11/15/2012 - 09:01:55PM] PLAYER_TRIGGER_ENTER [ths1_TriggerEnterSCRIPT < (04074E64)>]
[11/15/2012 - 09:01:55PM] PLAYER_MOVE None
[11/15/2012 - 09:02:27PM] PLAYER_MOVE Run
[11/15/2012 - 09:02:27PM] PLAYER_TRIGGER_LEAVE [ths1_TriggerEnterSCRIPT < (04074E64)>]
[11/15/2012 - 09:02:29PM] PLAYER_TRIGGER_ENTER [ths1_TriggerEnterSCRIPT < (04074E63)>]
[11/15/2012 - 09:02:29PM] PLAYER_TRIGGER_ENTER [ths1_TriggerEnterSCRIPT < (04074E62)>]
[11/15/2012 - 09:02:29PM] PLAYER_TRIGGER_LEAVE [ths1_TriggerEnterSCRIPT < (04074E63)>]
[11/15/2012 - 09:02:30PM] PLAYER_MOVE None
[11/15/2012 - 09:02:31PM] PLAYER_TRIGGER_LEAVE [ths1_TriggerEnterSCRIPT < (04074E62)>]
[11/15/2012 - 09:02:36PM] PLAYER_DIALOGUE [TIF__0106B44A <topic info 0406B44A on quest ths1_BarrianBookQuest (0404540C)>] NPC_SPEAKER [Actor < (040371D2)>]
[11/15/2012 - 09:02:40PM] PLAYER_DIALOGUE [TIF__020826E9 <topic info 040826E9 on quest ths1_BarrianBookQuest (0404540C)>] NPC_SPEAKER [Actor < (040371D2)>]
[11/15/2012 - 09:02:44PM] PLAYER_MOVE Run
[11/15/2012 - 09:02:46PM] PLAYER_MOVE None
[11/15/2012 - 09:02:50PM] PLAYER_MOVE Run
[11/15/2012 - 09:02:51PM] PLAYER_MOVE None
[11/15/2012 - 09:02:56PM] PLAYER_DIALOGUE [TIF__0106B44A <topic info 0406B44A on quest ths1_BarrianBookQuest (0404540C)>] NPC_SPEAKER [Actor < (040371D2)>]
[11/15/2012 - 09:02:58PM] PLAYER_DIALOGUE [TIF__020826E9 <topic info 040826E9 on quest ths1_BarrianBookQuest (0404540C)>] NPC_SPEAKER [Actor < (040371D2)>]
[11/15/2012 - 09:03:00PM] PLAYER_DIALOGUE [TIF__020826E6 <topic info 040826E6 on quest ths1_BarrianBookQuest (0404540C)>] NPC_SPEAKER [Actor < (040371D2)>]
[11/15/2012 - 09:03:05PM] PLAYER_MOVE Run
[11/15/2012 - 09:03:07PM] PLAYER_TRIGGER_ENTER [ths1_TriggerEnterSCRIPT < (04074E69)>]
[11/15/2012 - 09:03:08PM] PLAYER_TRIGGER_ENTER [ths1_TriggerEnterSCRIPT < (04074E6A)>]
[11/15/2012 - 09:03:08PM] PLAYER_TRIGGER_LEAVE [ths1_TriggerEnterSCRIPT < (04074E69)>]
[11/15/2012 - 09:03:08PM] PLAYER_TRIGGER_LEAVE [ths1_TriggerEnterSCRIPT < (04074E6A)>]
[11/15/2012 - 09:03:08PM] PLAYER_MOVE None
[11/15/2012 - 09:03:09PM] PLAYER_MOVE Run
[11/15/2012 - 09:03:10PM] PLAYER_TRIGGER_ENTER [ths1_TriggerEnterSCRIPT < (04074E6B)>]
[11/15/2012 - 09:03:10PM] PLAYER_TRIGGER_LEAVE [ths1_TriggerEnterSCRIPT < (04074E6B)>]
[11/15/2012 - 09:03:10PM] PLAYER_TRIGGER_ENTER [ths1_TriggerEnterSCRIPT < (04074E6C)>]
[11/15/2012 - 09:03:10PM] PLAYER_TRIGGER_LEAVE [ths1_TriggerEnterSCRIPT < (04074E6C)>]
[11/15/2012 - 09:03:11PM] PLAYER_MOVE None
[11/15/2012 - 09:03:13PM] PLAYER_DIALOGUE [TIF__02074354 <topic info 04074354 on quest ths1_BarrianBookQuest (0404540C)>] NPC_SPEAKER [Actor < (040371CE)>]
[11/15/2012 - 09:03:18PM] PLAYER_MOVE Run
[11/15/2012 - 09:03:18PM] PLAYER_TRIGGER_ENTER [ths1_TriggerEnterSCRIPT < (04074E6C)>]
[11/15/2012 - 09:03:18PM] PLAYER_TRIGGER_ENTER [ths1_TriggerEnterSCRIPT < (04074E6B)>]
[11/15/2012 - 09:03:18PM] PLAYER_TRIGGER_LEAVE [ths1_TriggerEnterSCRIPT < (04074E6C)>]
[11/15/2012 - 09:03:19PM] PLAYER_TRIGGER_LEAVE [ths1_TriggerEnterSCRIPT < (04074E6B)>]
[11/15/2012 - 09:03:20PM] PLAYER_TRIGGER_ENTER [ths1_TriggerEnterSCRIPT < (04074E6A)>]
[11/15/2012 - 09:03:20PM] PLAYER_TRIGGER_ENTER [ths1_TriggerEnterSCRIPT < (04074E69)>]
[11/15/2012 - 09:03:20PM] PLAYER_TRIGGER_LEAVE [ths1_TriggerEnterSCRIPT < (04074E6A)>]
[11/15/2012 - 09:03:20PM] PLAYER_TRIGGER_LEAVE [ths1_TriggerEnterSCRIPT < (04074E69)>]
[11/15/2012 - 09:03:22PM] PLAYER_TRIGGER_ENTER [ths1_TriggerEnterSCRIPT < (04074E62)>]
[11/15/2012 - 09:03:22PM] PLAYER_TRIGGER_LEAVE [ths1_TriggerEnterSCRIPT < (04074E62)>]
[11/15/2012 - 09:03:26PM] PLAYER_MOVE None
[11/15/2012 - 09:04:28PM] PLAYER_CELL_CHANGE [Cell <Wilderness (04085D4C)>] ""
[11/15/2012 - 09:04:28PM] PLAYER_WORLDSPACE_CHANGE [WorldSpace <ths1_Town (04085D17)>] "Town"
[11/15/2012 - 09:04:28PM] PLAYER_ACTOR_VIEW_GAIN [ObjectReference < (04089359)>] "Seamus"
[11/15/2012 - 09:05:03PM] Log closed
