[11/19/2012 - 08:39:14PM] 21 log opened (PC)
[11/19/2012 - 08:39:14PM] PLAYER_MOVE Run
[11/19/2012 - 08:39:15PM] PLAYER_TRIGGER_ENTER [ths1_TriggerEnterSCRIPT < (04074E57)>]
[11/19/2012 - 08:39:15PM] PLAYER_TRIGGER_ENTER [ths1_TriggerEnterSCRIPT < (04074E58)>]
[11/19/2012 - 08:39:15PM] PLAYER_TRIGGER_LEAVE [ths1_TriggerEnterSCRIPT < (04074E58)>]
[11/19/2012 - 08:39:15PM] PLAYER_TRIGGER_ENTER [ths1_TriggerEnterSCRIPT < (04074E53)>]
[11/19/2012 - 08:39:15PM] PLAYER_TRIGGER_LEAVE [ths1_TriggerEnterSCRIPT < (04074E57)>]
[11/19/2012 - 08:39:15PM] PLAYER_MOVE None
[11/19/2012 - 08:39:16PM] PLAYER_TRIGGER_ENTER [ths1_TriggerEnterSCRIPT < (04074E57)>]
[11/19/2012 - 08:39:19PM] PLAYER_TRIGGER_LEAVE [ths1_TriggerEnterSCRIPT < (04074E53)>]
[11/19/2012 - 08:39:19PM] PLAYER_GRAB[ObjectReference < (040711F5)>] "Daedric Mace"
[11/19/2012 - 08:39:22PM] PLAYER_ITEM_OBTAIN [ObjectReference < (040711F5)>] "Daedric Mace"
[11/19/2012 - 08:39:29PM] PLAYER_TRIGGER_LEAVE [ths1_TriggerEnterSCRIPT < (04074E57)>]
[11/19/2012 - 08:39:29PM] PLAYER_MOVE Run
[11/19/2012 - 08:39:29PM] PLAYER_TRIGGER_ENTER [ths1_TriggerEnterSCRIPT < (04074E53)>]
[11/19/2012 - 08:39:30PM] PLAYER_TRIGGER_LEAVE [ths1_TriggerEnterSCRIPT < (04074E53)>]
[11/19/2012 - 08:39:30PM] PLAYER_WEAPON_RIGHT [WEAPON < (000139B8)>] "Daedric Mace"
[11/19/2012 - 08:39:31PM] PLAYER_MOVE None
[11/19/2012 - 08:39:38PM] PLAYER_MOVE Run
[11/19/2012 - 08:39:38PM] PLAYER_TRIGGER_ENTER [ths1_TriggerEnterSCRIPT < (04074E57)>]
[11/19/2012 - 08:39:39PM] PLAYER_TRIGGER_ENTER [ths1_TriggerEnterSCRIPT < (04074E58)>]
[11/19/2012 - 08:39:39PM] PLAYER_TRIGGER_LEAVE [ths1_TriggerEnterSCRIPT < (04074E57)>]
[11/19/2012 - 08:39:39PM] PLAYER_TRIGGER_LEAVE [ths1_TriggerEnterSCRIPT < (04074E58)>]
[11/19/2012 - 08:39:39PM] PLAYER_TRIGGER_ENTER [ths1_TriggerEnterSCRIPT < (04074E58)>]
[11/19/2012 - 08:39:39PM] PLAYER_TRIGGER_ENTER [ths1_TriggerEnterSCRIPT < (04074E57)>]
[11/19/2012 - 08:39:39PM] PLAYER_TRIGGER_LEAVE [ths1_TriggerEnterSCRIPT < (04074E57)>]
[11/19/2012 - 08:39:41PM] PLAYER_MOVE None
[11/19/2012 - 08:39:41PM] PLAYER_GRAB[ObjectReference < (040711D1)>] "Black Soul Gem"
[11/19/2012 - 08:39:42PM] PLAYER_GRAB[ObjectReference < (040711D1)>] "Black Soul Gem"
[11/19/2012 - 08:39:44PM] PLAYER_MOVE Run
[11/19/2012 - 08:39:45PM] PLAYER_MOVE None
[11/19/2012 - 08:39:45PM] PLAYER_ITEM_OBTAIN [ObjectReference < (040711D1)>] "Black Soul Gem"
[11/19/2012 - 08:39:47PM] PLAYER_TRIGGER_ENTER [ths1_TriggerEnterSCRIPT < (04074E57)>]
[11/19/2012 - 08:39:47PM] PLAYER_TRIGGER_LEAVE [ths1_TriggerEnterSCRIPT < (04074E58)>]
[11/19/2012 - 08:39:47PM] PLAYER_MOVE Run
[11/19/2012 - 08:39:47PM] PLAYER_TRIGGER_LEAVE [ths1_TriggerEnterSCRIPT < (04074E57)>]
[11/19/2012 - 08:39:47PM] PLAYER_TRIGGER_ENTER [ths1_TriggerEnterSCRIPT < (04074E57)>]
[11/19/2012 - 08:39:47PM] PLAYER_TRIGGER_ENTER [ths1_TriggerEnterSCRIPT < (04074E53)>]
[11/19/2012 - 08:39:47PM] PLAYER_TRIGGER_LEAVE [ths1_TriggerEnterSCRIPT < (04074E57)>]
[11/19/2012 - 08:39:48PM] PLAYER_TRIGGER_ENTER [ths1_TriggerEnterSCRIPT < (04074E57)>]
[11/19/2012 - 08:39:48PM] PLAYER_TRIGGER_LEAVE [ths1_TriggerEnterSCRIPT < (04074E53)>]
[11/19/2012 - 08:39:49PM] PLAYER_TRIGGER_ENTER [ths1_TriggerEnterSCRIPT < (04074E58)>]
[11/19/2012 - 08:39:49PM] PLAYER_TRIGGER_LEAVE [ths1_TriggerEnterSCRIPT < (04074E57)>]
[11/19/2012 - 08:39:49PM] PLAYER_TRIGGER_LEAVE [ths1_TriggerEnterSCRIPT < (04074E58)>]
[11/19/2012 - 08:39:49PM] PLAYER_TRIGGER_ENTER [ths1_TriggerEnterSCRIPT < (04074E52)>]
[11/19/2012 - 08:39:50PM] PLAYER_TRIGGER_LEAVE [ths1_TriggerEnterSCRIPT < (04074E52)>]
[11/19/2012 - 08:39:50PM] PLAYER_TRIGGER_ENTER [ths1_TriggerEnterSCRIPT < (04074E51)>]
[11/19/2012 - 08:39:51PM] PLAYER_TRIGGER_LEAVE [ths1_TriggerEnterSCRIPT < (04074E51)>]
[11/19/2012 - 08:39:51PM] PLAYER_TRIGGER_ENTER [ths1_TriggerEnterSCRIPT < (04074E50)>]
[11/19/2012 - 08:39:52PM] PLAYER_MOVE None
[11/19/2012 - 08:39:53PM] PLAYER_TRIGGER_LEAVE [ths1_TriggerEnterSCRIPT < (04074E50)>]
[11/19/2012 - 08:39:53PM] PLAYER_MOVE Run
[11/19/2012 - 08:39:54PM] PLAYER_TRIGGER_ENTER [ths1_TriggerEnterSCRIPT < (04074E54)>]
[11/19/2012 - 08:39:55PM] PLAYER_MOVE None
[11/19/2012 - 08:39:56PM] PLAYER_GRAB[ObjectReference < (040711E6)>] "Salmon Steak"
[11/19/2012 - 08:39:58PM] PLAYER_ITEM_OBTAIN [ObjectReference < (040711E6)>] "Salmon Steak"
[11/19/2012 - 08:39:59PM] PLAYER_ITEM_OBTAIN [ObjectReference < (040711E8)>] "Seared Slaughterfish"
[11/19/2012 - 08:40:00PM] PLAYER_ITEM_OBTAIN [ObjectReference < (0407120A)>] "Cooked Beef"
[11/19/2012 - 08:40:01PM] PLAYER_ITEM_OBTAIN [ObjectReference < (040711E7)>] "Grilled Chicken Breast"
[11/19/2012 - 08:40:01PM] PLAYER_ITEM_OBTAIN [ObjectReference < (040711E9)>] "Bread"
[11/19/2012 - 08:40:02PM] PLAYER_MOVE Run
[11/19/2012 - 08:40:02PM] PLAYER_TRIGGER_LEAVE [ths1_TriggerEnterSCRIPT < (04074E54)>]
[11/19/2012 - 08:40:03PM] PLAYER_TRIGGER_ENTER [ths1_TriggerEnterSCRIPT < (04074E4F)>]
[11/19/2012 - 08:40:04PM] PLAYER_MOVE None
[11/19/2012 - 08:40:08PM] PLAYER_TRIGGER_ENTER [ths1_TriggerEnterSCRIPT < (0408C788)>]
[11/19/2012 - 08:40:09PM] PLAYER_TRIGGER_LEAVE [ths1_TriggerEnterSCRIPT < (04074E4F)>]
[11/19/2012 - 08:40:10PM] PLAYER_CELL_CHANGE [Cell <Wilderness (04085D56)>] ""
[11/19/2012 - 08:40:10PM] PLAYER_WORLDSPACE_CHANGE [WorldSpace <ths1_Town (04085D17)>] "Town"
[11/19/2012 - 08:40:10PM] PLAYER_MOVE Run
[11/19/2012 - 08:40:10PM] PLAYER_TRIGGER_LEAVE [ths1_TriggerEnterSCRIPT < (0408C788)>]
[11/19/2012 - 08:40:12PM] PLAYER_CELL_CHANGE [Cell <Wilderness (04085D34)>] ""
[11/19/2012 - 08:40:13PM] PLAYER_MOVE None
[11/19/2012 - 08:40:14PM] PLAYER_ITEM_OBTAIN [ObjectReference < (04085F97)>] "Purple Mountain Flower"
[11/19/2012 - 08:40:15PM] PLAYER_MOVE Run
[11/19/2012 - 08:40:15PM] PLAYER_TRIGGER_ENTER [ths1_TriggerEnterSCRIPT < (0408CD5B)>]
[11/19/2012 - 08:40:16PM] PLAYER_MOVE None
[11/19/2012 - 08:40:17PM] PLAYER_ITEM_OBTAIN [ObjectReference < (04085F93)>] "Red Mountain Flower"
[11/19/2012 - 08:40:19PM] PLAYER_MOVE Run
[11/19/2012 - 08:40:20PM] PLAYER_TRIGGER_LEAVE [ths1_TriggerEnterSCRIPT < (0408CD5B)>]
[11/19/2012 - 08:40:20PM] PLAYER_TRIGGER_ENTER [ths1_TriggerEnterSCRIPT < (0408C78E)>]
[11/19/2012 - 08:40:21PM] PLAYER_CELL_CHANGE [Cell <Wilderness (04085D56)>] ""
[11/19/2012 - 08:40:22PM] PLAYER_MOVE None
[11/19/2012 - 08:40:23PM] PLAYER_ITEM_OBTAIN None "Grass Pod"
[11/19/2012 - 08:40:54PM] PLAYER_MOVE Run
[11/19/2012 - 08:40:56PM] PLAYER_MOVE None
[11/19/2012 - 08:40:57PM] PLAYER_MOVE Run
[11/19/2012 - 08:40:59PM] PLAYER_CELL_CHANGE [Cell <Wilderness (04085D58)>] ""
[11/19/2012 - 08:41:02PM] PLAYER_MOVE None
[11/19/2012 - 08:41:03PM] PLAYER_ITEM_OBTAIN [ObjectReference < (04086006)>] "Red Mountain Flower"
[11/19/2012 - 08:41:04PM] PLAYER_MOVE Run
[11/19/2012 - 08:41:05PM] PLAYER_TRIGGER_LEAVE [ths1_TriggerEnterSCRIPT < (0408C78E)>]
[11/19/2012 - 08:41:06PM] PLAYER_MOVE None
[11/19/2012 - 08:41:07PM] PLAYER_ITEM_OBTAIN None "Grass Pod"
[11/19/2012 - 08:41:07PM] PLAYER_MOVE Run
[11/19/2012 - 08:41:12PM] PLAYER_MOVE None
[11/19/2012 - 08:41:15PM] PLAYER_MOVE Run
[11/19/2012 - 08:41:18PM] PLAYER_TRIGGER_ENTER [ths1_TriggerEnterSCRIPT < (0408C78E)>]
[11/19/2012 - 08:41:21PM] PLAYER_CELL_CHANGE [Cell <Wilderness (04085D56)>] ""
[11/19/2012 - 08:41:24PM] PLAYER_CELL_CHANGE [Cell <Wilderness (04085D34)>] ""
[11/19/2012 - 08:41:25PM] PLAYER_TRIGGER_LEAVE [ths1_TriggerEnterSCRIPT < (0408C78E)>]
[11/19/2012 - 08:41:25PM] PLAYER_ITEM_OBTAIN None "Grass Pod"
[11/19/2012 - 08:41:29PM] PLAYER_CELL_CHANGE [Cell <Wilderness (04085D4E)>] ""
[11/19/2012 - 08:41:30PM] PLAYER_CELL_CHANGE [Cell <Wilderness (04085D34)>] ""
[11/19/2012 - 08:41:32PM] PLAYER_MOVE Sprint
[11/19/2012 - 08:41:34PM] PLAYER_TRIGGER_ENTER [ths1_TriggerEnterSCRIPT < (0408CD5B)>]
[11/19/2012 - 08:41:35PM] PLAYER_TRIGGER_LEAVE [ths1_TriggerEnterSCRIPT < (0408CD5B)>]
[11/19/2012 - 08:41:36PM] PLAYER_TRIGGER_ENTER [ths1_TriggerEnterSCRIPT < (0408CDAB)>]
[11/19/2012 - 08:41:37PM] PLAYER_TRIGGER_LEAVE [ths1_TriggerEnterSCRIPT < (0408CDAB)>]
[11/19/2012 - 08:41:38PM] PLAYER_MOVE None
[11/19/2012 - 08:41:41PM] PLAYER_DIALOGUE [TIF__020774A6 <topic info 040774A6 on quest ths1_MasterQuest (040319F7)>] NPC_SPEAKER [Actor < (0408BC45)>]
[11/19/2012 - 08:41:43PM] PLAYER_DIALOGUE [TIF__020774A8 <topic info 040774A8 on quest ths1_MasterQuest (040319F7)>] NPC_SPEAKER [Actor < (0408BC45)>]
[11/19/2012 - 08:41:47PM] PLAYER_DIALOGUE [TIF__0207FA87 <topic info 0407FA87 on quest ths1_MasterQuest (040319F7)>] NPC_SPEAKER [Actor < (0408BC45)>]
[11/19/2012 - 08:41:58PM] PLAYER_DIALOGUE [TIF__0207FA85 <topic info 0407FA85 on quest ths1_MasterQuest (040319F7)>] NPC_SPEAKER [Actor < (0408BC45)>]
[11/19/2012 - 08:42:01PM] PLAYER_DIALOGUE [TIF__0208EEAE <topic info 0408EEAE on quest ths1_MasterQuest (040319F7)>] NPC_SPEAKER [Actor < (0408BC45)>]
[11/19/2012 - 08:42:09PM] PLAYER_DIALOGUE [TIF__0208EEB0 <topic info 0408EEB0 on quest ths1_MasterQuest (040319F7)>] NPC_SPEAKER [Actor < (0408BC45)>]
[11/19/2012 - 08:42:12PM] PLAYER_MOVE Run
[11/19/2012 - 08:42:13PM] PLAYER_MOVE Sprint
[11/19/2012 - 08:42:14PM] PLAYER_TRIGGER_ENTER [ths1_TriggerEnterSCRIPT < (0408CD5A)>]
[11/19/2012 - 08:42:14PM] PLAYER_ACTOR_VIEW_GAIN [ObjectReference < (04089359)>] "Seamus"
[11/19/2012 - 08:42:16PM] PLAYER_MOVE Run
[11/19/2012 - 08:42:16PM] PLAYER_ACTOR_VIEW_LOSS [ObjectReference < (04089359)>] "Seamus"
[11/19/2012 - 08:42:19PM] PLAYER_MOVE Sprint
[11/19/2012 - 08:42:19PM] PLAYER_TRIGGER_LEAVE [ths1_TriggerEnterSCRIPT < (0408CD5A)>]
[11/19/2012 - 08:42:20PM] PLAYER_ACTOR_VIEW_GAIN [ObjectReference < (04089359)>] "Seamus"
[11/19/2012 - 08:42:21PM] PLAYER_ACTOR_VIEW_LOSS [ObjectReference < (04089359)>] "Seamus"
[11/19/2012 - 08:42:22PM] PLAYER_CELL_CHANGE [Cell <Wilderness (04085D44)>] ""
[11/19/2012 - 08:42:22PM] PLAYER_MOVE Run
[11/19/2012 - 08:42:24PM] PLAYER_MOVE Sprint
[11/19/2012 - 08:42:26PM] PLAYER_TRIGGER_ENTER [ths1_TriggerEnterSCRIPT < (0408CD6A)>]
[11/19/2012 - 08:42:26PM] PLAYER_MOVE Run
[11/19/2012 - 08:42:33PM] PLAYER_TRIGGER_LEAVE [ths1_TriggerEnterSCRIPT < (0408CD6A)>]
[11/19/2012 - 08:42:33PM] PLAYER_TRIGGER_ENTER [ths1_TriggerEnterSCRIPT < (0408CD6A)>]
[11/19/2012 - 08:42:40PM] PLAYER_MOVE Sprint
[11/19/2012 - 08:42:40PM] PLAYER_ACTOR_VIEW_LOSS [ObjectReference < (04089359)>] "Seamus"
[11/19/2012 - 08:42:41PM] PLAYER_TRIGGER_LEAVE [ths1_TriggerEnterSCRIPT < (0408CD6A)>]
[11/19/2012 - 08:42:42PM] PLAYER_MOVE Run
[11/19/2012 - 08:42:43PM] PLAYER_ACTOR_VIEW_GAIN [ObjectReference < (04089359)>] "Seamus"
[11/19/2012 - 08:42:43PM] PLAYER_ACTOR_VIEW_GAIN [ObjectReference < (04089359)>] "Seamus"
[11/19/2012 - 08:42:44PM] PLAYER_MOVE None
[11/19/2012 - 08:42:47PM] PLAYER_DIALOGUE [TIF__01013D2B <topic info 04013D2B on quest ths1_MissingDog (04009344)>] NPC_SPEAKER [Actor < (04089359)>]
[11/19/2012 - 08:42:48PM] QUEST_STAGE_CHANGE [ths1_MDQScript <ths1_MissingDog (04009344)>] "Missing Dog" 5
[11/19/2012 - 08:42:57PM] PLAYER_DIALOGUE [TIF__010180E7 <topic info 040180E7 on quest ths1_MissingDog (04009344)>] NPC_SPEAKER [Actor < (04089359)>]
[11/19/2012 - 08:42:59PM] PLAYER_DIALOGUE [TIF__01009353 <topic info 04009353 on quest ths1_MissingDog (04009344)>] NPC_SPEAKER [Actor < (04089359)>]
[11/19/2012 - 08:43:05PM] PLAYER_DIALOGUE [TIF__0100DBAF <topic info 0400DBAF on quest ths1_MissingDog (04009344)>] NPC_SPEAKER [Actor < (04089359)>]
[11/19/2012 - 08:43:08PM] PLAYER_MOVE Run
[11/19/2012 - 08:43:08PM] ACTOR_PACKAGE_START [ths1_MDQSeamusAliasSCRIPT <alias Seamus on quest ths1_MissingDog (04009344)>] "Seamus" : "[PF_ths1_SeamusFollowerPackag_0201C01E < (0401C01E)>]"
[11/19/2012 - 08:43:08PM] PLAYER_ACTOR_VIEW_LOSS [ObjectReference < (04089359)>] "Seamus"
[11/19/2012 - 08:43:09PM] QUEST_STAGE_CHANGE [ths1_MDQScript <ths1_MissingDog (04009344)>] "Missing Dog" 10
[11/19/2012 - 08:43:10PM] PLAYER_ACTOR_VIEW_GAIN [ObjectReference < (04089359)>] "Seamus"
[11/19/2012 - 08:43:13PM] PLAYER_ACTOR_VIEW_LOSS [ObjectReference < (04089359)>] "Seamus"
[11/19/2012 - 08:43:15PM] PLAYER_CELL_CHANGE [Cell <Wilderness (04085D34)>] ""
[11/19/2012 - 08:43:15PM] PLAYER_MOVE Sprint
[11/19/2012 - 08:43:15PM] PLAYER_TRIGGER_ENTER [ths1_TriggerEnterSCRIPT < (0408C7A9)>]
[11/19/2012 - 08:43:16PM] PLAYER_TRIGGER_LEAVE [ths1_TriggerEnterSCRIPT < (0408C7A9)>]
[11/19/2012 - 08:43:18PM] PLAYER_CELL_CHANGE [Cell <Wilderness (04085D44)>] ""
[11/19/2012 - 08:43:21PM] PLAYER_MOVE None
[11/19/2012 - 08:43:22PM] PLAYER_TRIGGER_ENTER [ths1_TriggerEnterSCRIPT < (0408CD80)>]
[11/19/2012 - 08:43:22PM] PLAYER_TRIGGER_LEAVE [ths1_TriggerEnterSCRIPT < (0408CD80)>]
[11/19/2012 - 08:43:22PM] PLAYER_MOVE Run
[11/19/2012 - 08:43:22PM] PLAYER_ACTOR_VIEW_GAIN [ObjectReference < (04089359)>] "Seamus"
[11/19/2012 - 08:43:23PM] PLAYER_MOVE None
[11/19/2012 - 08:43:24PM] PLAYER_MOVE Run
[11/19/2012 - 08:43:24PM] PLAYER_ACTOR_VIEW_LOSS [ObjectReference < (04089359)>] "Seamus"
[11/19/2012 - 08:43:24PM] PLAYER_TRIGGER_ENTER [ths1_TriggerEnterSCRIPT < (0408CD80)>]
[11/19/2012 - 08:43:26PM] PLAYER_MOVE Sprint
[11/19/2012 - 08:43:27PM] PLAYER_CELL_CHANGE [Cell <Wilderness (04085D46)>] ""
[11/19/2012 - 08:43:35PM] PLAYER_MOVE None
[11/19/2012 - 08:43:37PM] PLAYER_ACTOR_VIEW_GAIN [ObjectReference < (04089359)>] "Seamus"
[11/19/2012 - 08:43:40PM] PLAYER_MOVE Run
[11/19/2012 - 08:43:40PM] PLAYER_ACTOR_VIEW_LOSS [ObjectReference < (04089359)>] "Seamus"
[11/19/2012 - 08:43:42PM] PLAYER_CELL_CHANGE [Cell <Wilderness (04085D48)>] ""
[11/19/2012 - 08:43:42PM] PLAYER_TRIGGER_LEAVE [ths1_TriggerEnterSCRIPT < (0408CD80)>]
[11/19/2012 - 08:43:42PM] PLAYER_TRIGGER_ENTER [ths1_TriggerEnterSCRIPT < (0408CD81)>]
[11/19/2012 - 08:43:42PM] PLAYER_MOVE Sprint
[11/19/2012 - 08:43:45PM] PLAYER_CELL_CHANGE [Cell <Wilderness (04085D50)>] ""
[11/19/2012 - 08:43:46PM] PLAYER_TRIGGER_LEAVE [ths1_TriggerEnterSCRIPT < (0408CD81)>]
[11/19/2012 - 08:43:47PM] PLAYER_TRIGGER_ENTER [ths1_TriggerEnterSCRIPT < (0408CD96)>]
[11/19/2012 - 08:43:49PM] PLAYER_MOVE Run
[11/19/2012 - 08:43:51PM] PLAYER_MOVE None
[11/19/2012 - 08:43:52PM] PLAYER_DIALOGUE [TIF__02077F7E <topic info 04077F7E on quest ths1_MissingDog (04009344)>] NPC_SPEAKER [Actor < (0408B625)>]
[11/19/2012 - 08:43:55PM] PLAYER_MOVE Run
[11/19/2012 - 08:43:57PM] PLAYER_ACTOR_VIEW_GAIN [ObjectReference < (04089359)>] "Seamus"
[11/19/2012 - 08:43:58PM] PLAYER_ACTOR_VIEW_LOSS [ObjectReference < (04089359)>] "Seamus"
[11/19/2012 - 08:44:33PM] PLAYER_TRIGGER_LEAVE [ths1_TriggerEnterSCRIPT < (0408CD96)>]
[11/19/2012 - 08:44:33PM] PLAYER_MOVE None
[11/19/2012 - 08:44:33PM] PLAYER_CELL_CHANGE [Cell <ths1_Cave3 (0402C9A7)>] "Cave"
[11/19/2012 - 08:44:34PM] ACTOR_MOVE_TO_PLAYER [ObjectReference < (04089359)>] "Seamus"
[11/19/2012 - 08:44:35PM] PLAYER_ACTOR_VIEW_GAIN [ObjectReference < (04089359)>] "Seamus"
[11/19/2012 - 08:44:35PM] PLAYER_TRIGGER_ENTER [ths1_TriggerEnterSCRIPT < (04074E41)>]
[11/19/2012 - 08:44:35PM] PLAYER_MOVE Run
[11/19/2012 - 08:44:36PM] PLAYER_TRIGGER_LEAVE [ths1_TriggerEnterSCRIPT < (04074E41)>]
[11/19/2012 - 08:44:36PM] PLAYER_ACTOR_VIEW_LOSS [ObjectReference < (04089359)>] "Seamus"
[11/19/2012 - 08:44:36PM] PLAYER_TRIGGER_ENTER [ths1_SeamusCaveForceGreetSCRIPT <alias SeamusCaveForceGreetTrigALIAS on quest ths1_MissingDog (04009344)>] "SeamusCaveForceGreetTrigALIAS"
[11/19/2012 - 08:44:36PM] ACTOR_PACKAGE_START [ths1_MDQSeamusAliasSCRIPT <alias Seamus on quest ths1_MissingDog (04009344)>] "Seamus" : "[Package < (0403B3A6)>]"
[11/19/2012 - 08:44:37PM] PLAYER_TRIGGER_LEAVE [ths1_SeamusCaveForceGreetSCRIPT <alias SeamusCaveForceGreetTrigALIAS on quest ths1_MissingDog (04009344)>] "SeamusCaveForceGreetTrigALIAS"
[11/19/2012 - 08:44:37PM] ACTOR_PACKAGE_START [ths1_MDQSeamusAliasSCRIPT <alias Seamus on quest ths1_MissingDog (04009344)>] "Seamus" : "[PF_ths1_SeamusFollowerPackag_0201C01E < (0401C01E)>]"
[11/19/2012 - 08:44:39PM] PLAYER_FIGHT None ""
[11/19/2012 - 08:44:40PM] PLAYER_FIGHT None ""
[11/19/2012 - 08:44:41PM] PLAYER_FIGHT None ""
[11/19/2012 - 08:44:42PM] PLAYER_FIGHT None ""
[11/19/2012 - 08:44:43PM] PLAYER_TRIGGER_ENTER [ths1_TriggerEnterSCRIPT < (04074E42)>]
[11/19/2012 - 08:44:43PM] PLAYER_FIGHT None ""
[11/19/2012 - 08:44:43PM] PLAYER_MOVE None
[11/19/2012 - 08:44:44PM] PLAYER_FIGHT [Actor < (04041C6E)>] "Cultist Soldier"
[11/19/2012 - 08:44:45PM] PLAYER_FIGHT [Actor < (04041C6E)>] "Cultist Soldier"
[11/19/2012 - 08:44:45PM] PLAYER_TRIGGER_LEAVE [ths1_TriggerEnterSCRIPT < (04074E42)>]
[11/19/2012 - 08:44:45PM] PLAYER_TRIGGER_ENTER [ths1_TriggerEnterSCRIPT < (04074E42)>]
[11/19/2012 - 08:44:46PM] PLAYER_FIGHT [Actor < (04041C6E)>] "Cultist Soldier"
[11/19/2012 - 08:45:16PM] PLAYER_TRIGGER_LEAVE [ths1_TriggerEnterSCRIPT < (04074E42)>]
[11/19/2012 - 08:45:17PM] PLAYER_FIGHT None ""
[11/19/2012 - 08:45:17PM] PLAYER_POV_CHANGE THIRD_PERSON
[11/19/2012 - 08:45:22PM] PLAYER_POV_CHANGE FIRST_PERSON
[11/19/2012 - 08:45:25PM] PLAYER_ITEM_OBTAIN None "Iron Shield"
[11/19/2012 - 08:45:35PM] PLAYER_ACTOR_VIEW_GAIN [ObjectReference < (04089359)>] "Seamus"
[11/19/2012 - 08:45:43PM] PLAYER_MOVE Run
[11/19/2012 - 08:45:44PM] PLAYER_ACTOR_VIEW_LOSS [ObjectReference < (04089359)>] "Seamus"
[11/19/2012 - 08:45:46PM] PLAYER_TRIGGER_ENTER [ths1_TriggerEnterSCRIPT < (04074E43)>]
[11/19/2012 - 08:45:47PM] PLAYER_TRIGGER_LEAVE [ths1_TriggerEnterSCRIPT < (04074E43)>]
[11/19/2012 - 08:45:51PM] PLAYER_TRIGGER_ENTER [ths1_TriggerEnterSCRIPT < (04074E44)>]
[11/19/2012 - 08:45:52PM] PLAYER_TRIGGER_LEAVE [ths1_TriggerEnterSCRIPT < (04074E44)>]
[11/19/2012 - 08:45:53PM] PLAYER_ACTOR_VIEW_GAIN [ObjectReference < (04039836)>] "Kitty"
[11/19/2012 - 08:45:56PM] PLAYER_ENTER_TRIGGER [ths1_CCQNearCatTriggerSCRIPT <alias NearCatTRIG on quest ths1_MissingDog (04009344)>]
[11/19/2012 - 08:45:56PM] PLAYER_MOVE None
[11/19/2012 - 08:45:57PM] PLAYER_MOVE Run
[11/19/2012 - 08:45:57PM] PLAYER_ACTOR_VIEW_LOSS [ObjectReference < (04039836)>] "Kitty"
[11/19/2012 - 08:46:00PM] PLAYER_TRIGGER_ENTER [ths1_TriggerEnterSCRIPT < (04074E45)>]
[11/19/2012 - 08:46:01PM] PLAYER_TRIGGER_LEAVE [ths1_TriggerEnterSCRIPT < (04074E45)>]
[11/19/2012 - 08:46:05PM] PLAYER_POV_CHANGE THIRD_PERSON
[11/19/2012 - 08:46:05PM] PLAYER_TRIGGER_ENTER [ths1_TriggerEnterSCRIPT < (04074E47)>]
[11/19/2012 - 08:46:06PM] PLAYER_MOVE None
[11/19/2012 - 08:46:12PM] PLAYER_MOVE Run
[11/19/2012 - 08:46:12PM] PLAYER_POV_CHANGE FIRST_PERSON
[11/19/2012 - 08:46:13PM] PLAYER_TRIGGER_LEAVE [ths1_TriggerEnterSCRIPT < (04074E47)>]
[11/19/2012 - 08:46:14PM] PLAYER_POV_CHANGE THIRD_PERSON
[11/19/2012 - 08:46:14PM] PLAYER_MOVE None
[11/19/2012 - 08:46:15PM] PLAYER_MOVE Run
[11/19/2012 - 08:46:17PM] PLAYER_MOVE None
[11/19/2012 - 08:46:18PM] PLAYER_MOVE Run
[11/19/2012 - 08:46:21PM] PLAYER_TRIGGER_ENTER [ths1_TriggerEnterSCRIPT < (04074E46)>]
[11/19/2012 - 08:46:21PM] PLAYER_TRIGGER_LEAVE [ths1_TriggerEnterSCRIPT < (04074E46)>]
[11/19/2012 - 08:46:25PM] PLAYER_TRIGGER_ENTER [ths1_TriggerEnterSCRIPT < (04074E48)>]
[11/19/2012 - 08:46:26PM] PLAYER_TRIGGER_LEAVE [ths1_TriggerEnterSCRIPT < (04074E48)>]
[11/19/2012 - 08:46:27PM] PLAYER_ACTOR_VIEW_GAIN [ObjectReference < (0402DCC8)>] "Scruff"
[11/19/2012 - 08:46:28PM] PLAYER_MOVE None
[11/19/2012 - 08:46:29PM] PLAYER_ACTOR_VIEW_LOSS [ObjectReference < (0402DCC8)>] "Scruff"
[11/19/2012 - 08:46:30PM] PLAYER_MOVE Run
[11/19/2012 - 08:47:02PM] PLAYER_ACTOR_VIEW_GAIN [ObjectReference < (0402DCC8)>] "Scruff"
[11/19/2012 - 08:47:03PM] PLAYER_MOVE None
[11/19/2012 - 08:47:06PM] PLAYER_MOVE Run
[11/19/2012 - 08:47:09PM] PLAYER_ACTOR_VIEW_LOSS [ObjectReference < (0402DCC8)>] "Scruff"
[11/19/2012 - 08:47:09PM] PLAYER_ACTOR_VIEW_LOSS [ObjectReference < (0402DCC8)>] "Scruff"
[11/19/2012 - 08:47:10PM] PLAYER_MOVE None
[11/19/2012 - 08:47:10PM] PLAYER_ACTOR_VIEW_LOSS [ObjectReference < (0402DCC8)>] "Scruff"
[11/19/2012 - 08:47:11PM] PLAYER_DIALOGUE [TIF__01038246 <topic info 04038246 on quest ths1_MissingDog (04009344)>] NPC_SPEAKER [Actor < (0402E7A7)>]
[11/19/2012 - 08:47:13PM] PLAYER_DIALOGUE [TIF__01037CD7 <topic info 04037CD7 on quest ths1_MissingDog (04009344)>] NPC_SPEAKER [Actor < (0402E7A7)>]
[11/19/2012 - 08:47:20PM] ACTOR_PACKAGE_START [ths1_CultMember1ActorSCRIPT <alias Cultist1 on quest ths1_MissingDog (04009344)>] "Cultist1" : "[PF_ths1_CultistsAttackPlayer_02074350 < (04074350)>]"
[11/19/2012 - 08:47:21PM] PLAYER_ACTOR_VIEW_GAIN [ObjectReference < (04089359)>] "Seamus"
[11/19/2012 - 08:47:22PM] PLAYER_FIGHT [Actor < (0402E7A7)>] "Borvir"
[11/19/2012 - 08:47:22PM] PLAYER_ACTOR_VIEW_LOSS [ObjectReference < (04089359)>] "Seamus"
[11/19/2012 - 08:47:23PM] PLAYER_FIGHT [Actor < (0402E7A7)>] "Borvir"
[11/19/2012 - 08:47:24PM] PLAYER_FIGHT [Actor < (0402E7A7)>] "Borvir"
[11/19/2012 - 08:47:27PM] PLAYER_MOVE Run
[11/19/2012 - 08:47:27PM] PLAYER_ACTOR_VIEW_GAIN [ObjectReference < (0402DCC8)>] "Scruff"
[11/19/2012 - 08:47:28PM] PLAYER_MOVE None
[11/19/2012 - 08:47:30PM] PLAYER_FIGHT None ""
[11/19/2012 - 08:47:30PM] PLAYER_MOVE Run
[11/19/2012 - 08:47:30PM] PLAYER_ACTOR_VIEW_LOSS [ObjectReference < (0402DCC8)>] "Scruff"
[11/19/2012 - 08:47:31PM] PLAYER_FIGHT None ""
[11/19/2012 - 08:47:32PM] PLAYER_FIGHT None ""
[11/19/2012 - 08:47:32PM] PLAYER_TRIGGER_ENTER [ths1_TriggerEnterSCRIPT < (04074E4D)>]
[11/19/2012 - 08:47:32PM] PLAYER_ACTOR_VIEW_GAIN [ObjectReference < (0402DCC8)>] "Scruff"
[11/19/2012 - 08:47:33PM] PLAYER_ACTOR_VIEW_LOSS [ObjectReference < (0402DCC8)>] "Scruff"
[11/19/2012 - 08:47:33PM] PLAYER_FIGHT None ""
[11/19/2012 - 08:47:33PM] PLAYER_TRIGGER_LEAVE [ths1_TriggerEnterSCRIPT < (04074E4D)>]
[11/19/2012 - 08:47:34PM] PLAYER_MOVE None
[11/19/2012 - 08:47:34PM] PLAYER_ACTOR_VIEW_GAIN [ObjectReference < (0402DCC8)>] "Scruff"
[11/19/2012 - 08:47:35PM] PLAYER_FIGHT [Actor < (04038D23)>] "Yisra"
[11/19/2012 - 08:47:35PM] PLAYER_FIGHT [Actor < (04038D23)>] "Yisra"
[11/19/2012 - 08:47:36PM] PLAYER_ACTOR_VIEW_LOSS [ObjectReference < (0402DCC8)>] "Scruff"
[11/19/2012 - 08:47:36PM] PLAYER_FIGHT None ""
[11/19/2012 - 08:47:37PM] PLAYER_FIGHT None ""
[11/19/2012 - 08:47:41PM] PLAYER_ACTOR_VIEW_GAIN [ObjectReference < (0402DCC8)>] "Scruff"
[11/19/2012 - 08:47:41PM] PLAYER_MOVE Run
[11/19/2012 - 08:47:42PM] PLAYER_TRIGGER_ENTER [ths1_TriggerEnterSCRIPT < (04074E4D)>]
[11/19/2012 - 08:47:42PM] PLAYER_TRIGGER_LEAVE [ths1_TriggerEnterSCRIPT < (04074E4D)>]
[11/19/2012 - 08:47:43PM] PLAYER_MOVE None
[11/19/2012 - 08:47:43PM] PLAYER_ACTOR_VIEW_LOSS [ObjectReference < (0402DCC8)>] "Scruff"
[11/19/2012 - 08:47:43PM] PLAYER_TRIGGER_ENTER [ths1_TriggerEnterSCRIPT < (04074E4D)>]
[11/19/2012 - 08:47:44PM] PLAYER_ACTOR_VIEW_GAIN [ObjectReference < (0402DCC8)>] "Scruff"
[11/19/2012 - 08:47:44PM] PLAYER_TRIGGER_LEAVE [ths1_TriggerEnterSCRIPT < (04074E4D)>]
[11/19/2012 - 08:47:45PM] PLAYER_ACTOR_VIEW_GAIN [ObjectReference < (04089359)>] "Seamus"
[11/19/2012 - 08:47:46PM] PLAYER_ACTOR_VIEW_LOSS [ObjectReference < (0402DCC8)>] "Scruff"
[11/19/2012 - 08:47:47PM] PLAYER_ACTOR_VIEW_LOSS [ObjectReference < (0402DCC8)>] "Scruff"
[11/19/2012 - 08:47:55PM] PLAYER_ITEM_OBTAIN None "Cat Cage Key"
[11/19/2012 - 08:47:56PM] PLAYER_ITEM_OBTAIN None "Dog Cage Key"
[11/19/2012 - 08:48:01PM] PLAYER_DOOR_OPEN [ths1_MDQRescueDogScript <alias ths1_DogCageDoorAlias on quest ths1_MissingDog (04009344)>] "ths1_DogCageDoorAlias"
[11/19/2012 - 08:48:31PM] QUEST_STAGE_CHANGE [ths1_MDQScript <ths1_MissingDog (04009344)>] "Missing Dog" 30
[11/19/2012 - 08:48:41PM] PLAYER_DIALOGUE [TIF__01020CBB <topic info 04020CBB on quest ths1_MissingDog (04009344)>] NPC_SPEAKER [Actor < (04089359)>]
[11/19/2012 - 08:48:43PM] QUEST_STAGE_CHANGE [ths1_MDQScript <ths1_MissingDog (04009344)>] "Missing Dog" 40
[11/19/2012 - 08:48:43PM] QUEST_COMPLETED [ths1_MDQScript <ths1_MissingDog (04009344)>] "Missing Dog"
[11/19/2012 - 08:48:44PM] PLAYER_DIALOGUE [TIF__01063CC8 <topic info 04063CC8 on quest ths1_MissingDog (04009344)>] NPC_SPEAKER [Actor < (04089359)>]
[11/19/2012 - 08:48:47PM] PLAYER_TRIGGER_ENTER [ths1_TriggerEnterSCRIPT < (04074E4D)>]
[11/19/2012 - 08:48:48PM] PLAYER_TRIGGER_LEAVE [ths1_TriggerEnterSCRIPT < (04074E4D)>]
[11/19/2012 - 08:48:48PM] PLAYER_MOVE Run
[11/19/2012 - 08:48:48PM] PLAYER_TRIGGER_ENTER [ths1_TriggerEnterSCRIPT < (04074E49)>]
[11/19/2012 - 08:48:48PM] ACTOR_PACKAGE_START [ths1_MDQSeamusAliasSCRIPT <alias Seamus on quest ths1_MissingDog (04009344)>] "Seamus" : "[PF_ths1_SeamusReturnHomePack_0204FA01 < (0404FA01)>]"
[11/19/2012 - 08:48:48PM] PLAYER_ACTOR_VIEW_LOSS [ObjectReference < (0402DCC8)>] "Scruff"
[11/19/2012 - 08:48:48PM] PLAYER_TRIGGER_LEAVE [ths1_TriggerEnterSCRIPT < (04074E49)>]
[11/19/2012 - 08:48:49PM] PLAYER_ACTOR_VIEW_LOSS [ObjectReference < (04089359)>] "Seamus"
[11/19/2012 - 08:48:49PM] PLAYER_MOVE None
[11/19/2012 - 08:48:49PM] PLAYER_TRIGGER_ENTER [ths1_TriggerEnterSCRIPT < (04074E4A)>]
[11/19/2012 - 08:48:51PM] PLAYER_TRIGGER_LEAVE [ths1_TriggerEnterSCRIPT < (04074E4A)>]
[11/19/2012 - 08:48:52PM] PLAYER_TRIGGER_ENTER [ths1_TriggerEnterSCRIPT < (04074E49)>]
[11/19/2012 - 08:48:53PM] PLAYER_TRIGGER_LEAVE [ths1_TriggerEnterSCRIPT < (04074E49)>]
[11/19/2012 - 08:48:53PM] PLAYER_TRIGGER_ENTER [ths1_TriggerEnterSCRIPT < (04074E4D)>]
[11/19/2012 - 08:48:53PM] PLAYER_TRIGGER_ENTER [ths1_TriggerEnterSCRIPT < (04074E49)>]
[11/19/2012 - 08:48:53PM] PLAYER_TRIGGER_LEAVE [ths1_TriggerEnterSCRIPT < (04074E4D)>]
[11/19/2012 - 08:48:53PM] PLAYER_MOVE Run
[11/19/2012 - 08:48:54PM] PLAYER_TRIGGER_ENTER [ths1_TriggerEnterSCRIPT < (04074E4A)>]
[11/19/2012 - 08:48:54PM] PLAYER_TRIGGER_LEAVE [ths1_TriggerEnterSCRIPT < (04074E49)>]
[11/19/2012 - 08:48:55PM] PLAYER_TRIGGER_ENTER [ths1_TriggerEnterSCRIPT < (04074E4B)>]
[11/19/2012 - 08:48:55PM] PLAYER_TRIGGER_LEAVE [ths1_TriggerEnterSCRIPT < (04074E4A)>]
[11/19/2012 - 08:48:55PM] PLAYER_MOVE None
[11/19/2012 - 08:48:56PM] PLAYER_TRIGGER_LEAVE [ths1_TriggerEnterSCRIPT < (04074E4B)>]
[11/19/2012 - 08:48:57PM] PLAYER_MOVE Run
[11/19/2012 - 08:48:57PM] PLAYER_TRIGGER_ENTER [ths1_TriggerEnterSCRIPT < (04074E4C)>]
[11/19/2012 - 08:48:57PM] PLAYER_TRIGGER_LEAVE [ths1_TriggerEnterSCRIPT < (04074E4C)>]
[11/19/2012 - 08:48:57PM] PLAYER_TRIGGER_ENTER [ths1_TriggerEnterSCRIPT < (04074E40)>]
[11/19/2012 - 08:49:30PM] PLAYER_TRIGGER_ENTER [ths1_TriggerEnterSCRIPT < (0408C7B0)>]
[11/19/2012 - 08:49:30PM] PLAYER_TRIGGER_LEAVE [ths1_TriggerEnterSCRIPT < (04074E40)>]
[11/19/2012 - 08:49:30PM] PLAYER_TRIGGER_ENTER [ths1_TriggerEnterSCRIPT < (0408C7BF)>]
[11/19/2012 - 08:49:30PM] PLAYER_CELL_CHANGE [Cell <Wilderness (04085D52)>] ""
[11/19/2012 - 08:49:30PM] ACTOR_MOVE_TO_PLAYER [ObjectReference < (0402DCC8)>] "Scruff"
[11/19/2012 - 08:49:31PM] PLAYER_WORLDSPACE_CHANGE [WorldSpace <ths1_Town (04085D17)>] "Town"
[11/19/2012 - 08:49:31PM] PLAYER_MOVE None
[11/19/2012 - 08:49:32PM] PLAYER_ACTOR_VIEW_GAIN [ObjectReference < (0402DCC8)>] "Scruff"
[11/19/2012 - 08:49:32PM] PLAYER_ACTOR_VIEW_GAIN [ObjectReference < (0402DCC8)>] "Scruff"
[11/19/2012 - 08:49:32PM] PLAYER_ACTOR_VIEW_GAIN [ObjectReference < (04039836)>] "Kitty"
[11/19/2012 - 08:49:33PM] PLAYER_ACTOR_VIEW_GAIN [ObjectReference < (04039836)>] "Kitty"
[11/19/2012 - 08:49:33PM] PLAYER_MOVE Run
[11/19/2012 - 08:49:33PM] PLAYER_ACTOR_VIEW_GAIN [ObjectReference < (0402DCC8)>] "Scruff"
[11/19/2012 - 08:49:34PM] PLAYER_TRIGGER_LEAVE [ths1_TriggerEnterSCRIPT < (0408C7BF)>]
[11/19/2012 - 08:49:34PM] PLAYER_ACTOR_VIEW_GAIN [ObjectReference < (04089359)>] "Seamus"
[11/19/2012 - 08:49:34PM] PLAYER_CELL_CHANGE [Cell <Wilderness (04085D4A)>] ""
[11/19/2012 - 08:49:35PM] PLAYER_TRIGGER_ENTER [ths1_TriggerEnterSCRIPT < (0408C7BF)>]
[11/19/2012 - 08:49:35PM] PLAYER_ACTOR_VIEW_LOSS [ObjectReference < (04089359)>] "Seamus"
[11/19/2012 - 08:49:36PM] PLAYER_MOVE None
[11/19/2012 - 08:49:36PM] PLAYER_ACTOR_VIEW_LOSS [ObjectReference < (04089359)>] "Seamus"
[11/19/2012 - 08:49:36PM] PLAYER_ACTOR_VIEW_LOSS [ObjectReference < (0402DCC8)>] "Scruff"
[11/19/2012 - 08:49:36PM] PLAYER_ACTOR_VIEW_LOSS [ObjectReference < (04089359)>] "Seamus"
[11/19/2012 - 08:49:39PM] PLAYER_ACTOR_VIEW_GAIN [ObjectReference < (0402DCC8)>] "Scruff"
[11/19/2012 - 08:49:40PM] PLAYER_MOVE Run
[11/19/2012 - 08:49:41PM] PLAYER_TRIGGER_LEAVE [ths1_TriggerEnterSCRIPT < (0408C7BF)>]
[11/19/2012 - 08:49:41PM] PLAYER_ACTOR_VIEW_LOSS [ObjectReference < (0402DCC8)>] "Scruff"
[11/19/2012 - 08:49:41PM] PLAYER_CELL_CHANGE [Cell <Wilderness (04085D4A)>] ""
[11/19/2012 - 08:49:41PM] PLAYER_CELL_CHANGE [Cell <Wilderness (04085D52)>] ""
[11/19/2012 - 08:49:42PM] PLAYER_MOVE Sprint
[11/19/2012 - 08:49:44PM] PLAYER_TRIGGER_LEAVE [ths1_TriggerEnterSCRIPT < (0408C7B0)>]
[11/19/2012 - 08:49:46PM] PLAYER_TRIGGER_ENTER [ths1_TriggerEnterSCRIPT < (0408CDAD)>]
[11/19/2012 - 08:49:47PM] PLAYER_CELL_CHANGE [Cell <Wilderness (04085D4C)>] ""
[11/19/2012 - 08:49:48PM] PLAYER_ACTOR_VIEW_GAIN [ObjectReference < (04039836)>] "Kitty"
[11/19/2012 - 08:49:49PM] PLAYER_ACTOR_VIEW_LOSS [ObjectReference < (04039836)>] "Kitty"
[11/19/2012 - 08:49:49PM] PLAYER_TRIGGER_LEAVE [ths1_TriggerEnterSCRIPT < (0408CDAD)>]
[11/19/2012 - 08:49:54PM] PLAYER_TRIGGER_ENTER [ths1_TriggerEnterSCRIPT < (0408C7A7)>]
[11/19/2012 - 08:49:55PM] PLAYER_MOVE Run
[11/19/2012 - 08:49:56PM] PLAYER_MOVE None
[11/19/2012 - 08:49:58PM] PLAYER_ACTOR_VIEW_GAIN [ObjectReference < (0402DCC8)>] "Scruff"
[11/19/2012 - 08:50:42PM] PLAYER_ITEM_OBTAIN None "Weak Frenzy Poison"
[11/19/2012 - 08:50:42PM] PLAYER_ITEM_REMOVED None "gold" COUNT 268 CONTAINER [ObjectReference < (0408C1D2)>]
[11/19/2012 - 08:50:48PM] PLAYER_MOVE Run
[11/19/2012 - 08:50:49PM] PLAYER_ACTOR_VIEW_LOSS [ObjectReference < (0402DCC8)>] "Scruff"
[11/19/2012 - 08:50:51PM] PLAYER_TRIGGER_LEAVE [ths1_TriggerEnterSCRIPT < (0408C7A7)>]
[11/19/2012 - 08:50:51PM] PLAYER_TRIGGER_ENTER [ths1_TriggerEnterSCRIPT < (0408C7A8)>]
[11/19/2012 - 08:50:55PM] PLAYER_TRIGGER_LEAVE [ths1_TriggerEnterSCRIPT < (0408C7A8)>]
[11/19/2012 - 08:50:55PM] PLAYER_TRIGGER_ENTER [ths1_TriggerEnterSCRIPT < (0408C7AA)>]
[11/19/2012 - 08:50:56PM] PLAYER_TRIGGER_LEAVE [ths1_TriggerEnterSCRIPT < (0408C7AA)>]
[11/19/2012 - 08:50:56PM] PLAYER_MOVE None
[11/19/2012 - 08:51:33PM] PLAYER_CELL_CHANGE [Cell <ths1_TempleInterior (04019CC3)>] "Town Temple"
[11/19/2012 - 08:51:33PM] ACTOR_MOVE_TO_PLAYER [ObjectReference < (0402DCC8)>] "Scruff"
[11/19/2012 - 08:51:34PM] PLAYER_ACTOR_VIEW_GAIN [ObjectReference < (0402DCC8)>] "Scruff"
[11/19/2012 - 08:51:36PM] PLAYER_MOVE Run
[11/19/2012 - 08:51:37PM] PLAYER_MOVE None
[11/19/2012 - 08:51:37PM] PLAYER_ACTOR_VIEW_LOSS [ObjectReference < (0402DCC8)>] "Scruff"
[11/19/2012 - 08:51:47PM] PLAYER_ITEM_REMOVED None "Weak Frenzy Poison" COUNT 1 CONTAINER None
[11/19/2012 - 08:51:54PM] PLAYER_ACTOR_VIEW_GAIN [ObjectReference < (0402DCC8)>] "Scruff"
[11/19/2012 - 08:51:56PM] PLAYER_ITEM_REMOVED None "Weak Frenzy Poison" COUNT 1 CONTAINER None
[11/19/2012 - 08:51:59PM] PLAYER_ITEM_REMOVED None "Weak Frenzy Poison" COUNT 1 CONTAINER None
[11/19/2012 - 08:52:00PM] PLAYER_ITEM_REMOVED None "Weak Frenzy Poison" COUNT 1 CONTAINER None
[11/19/2012 - 08:52:07PM] PLAYER_FIGHT [Actor < (0404540E)>] "Finn"
[11/19/2012 - 08:52:08PM] PLAYER_FIGHT None ""
[11/19/2012 - 08:52:09PM] PLAYER_MOVE Run
[11/19/2012 - 08:52:10PM] PLAYER_FIGHT None ""
[11/19/2012 - 08:52:10PM] PLAYER_MOVE None
[11/19/2012 - 08:52:10PM] PLAYER_FIGHT None ""
[11/19/2012 - 08:52:11PM] PLAYER_MOVE Run
[11/19/2012 - 08:52:11PM] PLAYER_FIGHT None ""
[11/19/2012 - 08:52:12PM] PLAYER_MOVE None
[11/19/2012 - 08:52:12PM] PLAYER_ACTOR_VIEW_LOSS [ObjectReference < (0402DCC8)>] "Scruff"
[11/19/2012 - 08:52:12PM] PLAYER_FIGHT None ""
[11/19/2012 - 08:52:13PM] PLAYER_ACTOR_VIEW_LOSS [ObjectReference < (0402DCC8)>] "Scruff"
[11/19/2012 - 08:52:14PM] PLAYER_FIGHT None ""
[11/19/2012 - 08:52:15PM] PLAYER_FIGHT None ""
[11/19/2012 - 08:52:15PM] PLAYER_FIGHT None ""
[11/19/2012 - 08:52:15PM] PLAYER_DIALOGUE [TIF__0106B44A <topic info 0406B44A on quest ths1_BarrianBookQuest (0404540C)>] NPC_SPEAKER [Actor < (040371D2)>]
[11/19/2012 - 08:52:16PM] PLAYER_FIGHT None ""
[11/19/2012 - 08:52:17PM] PLAYER_DIALOGUE [TIF__020826E9 <topic info 040826E9 on quest ths1_BarrianBookQuest (0404540C)>] NPC_SPEAKER [Actor < (040371D2)>]
[11/19/2012 - 08:52:17PM] PLAYER_FIGHT None ""
[11/19/2012 - 08:52:18PM] PLAYER_FIGHT None ""
[11/19/2012 - 08:52:19PM] PLAYER_ACTOR_VIEW_GAIN [ObjectReference < (0402DCC8)>] "Scruff"
[11/19/2012 - 08:52:20PM] PLAYER_DIALOGUE [TIF__01045418 <topic info 04045418 on quest ths1_BarrianBookQuest (0404540C)>] NPC_SPEAKER [Actor < (040371D2)>]
[11/19/2012 - 08:52:20PM] PLAYER_FIGHT None ""
[11/19/2012 - 08:52:20PM] PLAYER_ACTOR_VIEW_GAIN [ObjectReference < (0402DCC8)>] "Scruff"
[11/19/2012 - 08:52:21PM] PLAYER_FIGHT None ""
[11/19/2012 - 08:52:22PM] PLAYER_FIGHT None ""
[11/19/2012 - 08:52:22PM] QUEST_STAGE_CHANGE [ths1_BBQScript <ths1_BarrianBookQuest (0404540C)>] "'What's That You're Reading, Barrian?'" 10
[11/19/2012 - 08:52:23PM] PLAYER_FIGHT None ""
[11/19/2012 - 08:52:23PM] PLAYER_TRIGGER_ENTER [ths1_EnterTempleBookshelfTrigScript <alias TempleBookshelfTrigger on quest ths1_BarrianBookQuest (0404540C)>]
[11/19/2012 - 08:52:23PM] PLAYER_ACTOR_VIEW_LOSS [ObjectReference < (0402DCC8)>] "Scruff"
[11/19/2012 - 08:52:24PM] PLAYER_FIGHT None ""
[11/19/2012 - 08:52:24PM] PLAYER_DIALOGUE [TIF__020826E6 <topic info 040826E6 on quest ths1_BarrianBookQuest (0404540C)>] NPC_SPEAKER [Actor < (040371D2)>]
[11/19/2012 - 08:52:25PM] PLAYER_FIGHT None ""
[11/19/2012 - 08:52:26PM] PLAYER_FIGHT None ""
[11/19/2012 - 08:52:26PM] PLAYER_ACTOR_VIEW_GAIN [ObjectReference < (0402DCC8)>] "Scruff"
[11/19/2012 - 08:52:27PM] PLAYER_FIGHT None ""
[11/19/2012 - 08:52:28PM] PLAYER_FIGHT None ""
[11/19/2012 - 08:52:59PM] PLAYER_FIGHT None ""
[11/19/2012 - 08:53:00PM] PLAYER_FIGHT None ""
[11/19/2012 - 08:53:00PM] PLAYER_MOVE Run
[11/19/2012 - 08:53:01PM] PLAYER_FIGHT None ""
[11/19/2012 - 08:53:02PM] PLAYER_FIGHT None ""
[11/19/2012 - 08:53:03PM] PLAYER_MOVE None
[11/19/2012 - 08:53:03PM] PLAYER_FIGHT None ""
[11/19/2012 - 08:53:03PM] PLAYER_ACTOR_VIEW_LOSS [ObjectReference < (0402DCC8)>] "Scruff"
[11/19/2012 - 08:53:04PM] PLAYER_FIGHT None ""
[11/19/2012 - 08:53:05PM] PLAYER_MOVE Run
[11/19/2012 - 08:53:05PM] PLAYER_FIGHT None ""
[11/19/2012 - 08:53:05PM] PLAYER_MOVE None
[11/19/2012 - 08:53:06PM] PLAYER_ACTOR_VIEW_GAIN [ObjectReference < (0402DCC8)>] "Scruff"
[11/19/2012 - 08:53:06PM] PLAYER_FIGHT None ""
[11/19/2012 - 08:53:07PM] PLAYER_ACTOR_VIEW_LOSS [ObjectReference < (0402DCC8)>] "Scruff"
[11/19/2012 - 08:53:07PM] PLAYER_FIGHT None ""
[11/19/2012 - 08:53:08PM] PLAYER_FIGHT None ""
[11/19/2012 - 08:53:09PM] PLAYER_FIGHT None ""
[11/19/2012 - 08:53:09PM] PLAYER_BOOK_READ [ths1_BBQJokeBookReadScript <alias JokeBook1 on quest ths1_BarrianBookQuest (0404540C)>] JokeBook1
[11/19/2012 - 08:53:27PM] QUEST_STAGE_CHANGE [ths1_BBQScript <ths1_BarrianBookQuest (0404540C)>] "'What's That You're Reading, Barrian?'" 20
[11/19/2012 - 08:53:28PM] PLAYER_FIGHT None ""
[11/19/2012 - 08:53:29PM] PLAYER_FIGHT None ""
[11/19/2012 - 08:53:30PM] PLAYER_ACTOR_VIEW_GAIN [ObjectReference < (0402DCC8)>] "Scruff"
[11/19/2012 - 08:53:30PM] PLAYER_FIGHT None ""
[11/19/2012 - 08:53:30PM] PLAYER_DIALOGUE [TIF__02074354 <topic info 04074354 on quest ths1_BarrianBookQuest (0404540C)>] NPC_SPEAKER [Actor < (040371CE)>]
[11/19/2012 - 08:53:31PM] PLAYER_FIGHT None ""
[11/19/2012 - 08:53:32PM] PLAYER_FIGHT None ""
[11/19/2012 - 08:53:33PM] PLAYER_DIALOGUE [TIF__02074354 <topic info 04074354 on quest ths1_BarrianBookQuest (0404540C)>] NPC_SPEAKER [Actor < (040371CE)>]
[11/19/2012 - 08:53:33PM] PLAYER_FIGHT None ""
[11/19/2012 - 08:53:34PM] PLAYER_FIGHT None ""
[11/19/2012 - 08:53:36PM] PLAYER_FIGHT None ""
[11/19/2012 - 08:53:36PM] PLAYER_MOVE Run
[11/19/2012 - 08:53:36PM] PLAYER_FIGHT None ""
[11/19/2012 - 08:53:37PM] PLAYER_ACTOR_VIEW_LOSS [ObjectReference < (0402DCC8)>] "Scruff"
[11/19/2012 - 08:53:38PM] PLAYER_FIGHT None ""
[11/19/2012 - 08:53:38PM] PLAYER_ACTOR_VIEW_GAIN [ObjectReference < (0402DCC8)>] "Scruff"
[11/19/2012 - 08:53:39PM] PLAYER_FIGHT None ""
[11/19/2012 - 08:53:39PM] PLAYER_MOVE None
[11/19/2012 - 08:53:40PM] PLAYER_FIGHT None ""
[11/19/2012 - 08:53:40PM] PLAYER_MOVE Run
[11/19/2012 - 08:53:41PM] PLAYER_FIGHT None ""
[11/19/2012 - 08:53:41PM] PLAYER_MOVE None
[11/19/2012 - 08:53:41PM] PLAYER_ACTOR_VIEW_LOSS [ObjectReference < (0402DCC8)>] "Scruff"
[11/19/2012 - 08:53:42PM] PLAYER_FIGHT None ""
[11/19/2012 - 08:53:42PM] PLAYER_MOVE Run
[11/19/2012 - 08:53:42PM] PLAYER_ACTOR_VIEW_GAIN [ObjectReference < (0402DCC8)>] "Scruff"
[11/19/2012 - 08:53:43PM] PLAYER_FIGHT None ""
[11/19/2012 - 08:53:43PM] PLAYER_MOVE None
[11/19/2012 - 08:53:44PM] PLAYER_FIGHT None ""
[11/19/2012 - 08:53:44PM] PLAYER_MOVE Run
[11/19/2012 - 08:53:45PM] PLAYER_FIGHT None ""
[11/19/2012 - 08:53:45PM] PLAYER_MOVE None
[11/19/2012 - 08:53:45PM] PLAYER_ACTOR_VIEW_LOSS [ObjectReference < (0402DCC8)>] "Scruff"
[11/19/2012 - 08:53:46PM] PLAYER_FIGHT None ""
[11/19/2012 - 08:53:47PM] PLAYER_FIGHT None ""
[11/19/2012 - 08:53:48PM] PLAYER_FIGHT None ""
[11/19/2012 - 08:53:48PM] PLAYER_ACTOR_VIEW_GAIN [ObjectReference < (0402DCC8)>] "Scruff"
[11/19/2012 - 08:53:49PM] PLAYER_FIGHT None ""
[11/19/2012 - 08:53:50PM] PLAYER_FIGHT None ""
[11/19/2012 - 08:53:51PM] PLAYER_FIGHT None ""
[11/19/2012 - 08:53:52PM] PLAYER_FIGHT None ""
[11/19/2012 - 08:53:52PM] PLAYER_MOVE Run
[11/19/2012 - 08:53:53PM] PLAYER_FIGHT None ""
[11/19/2012 - 08:53:54PM] PLAYER_FIGHT None ""
[11/19/2012 - 08:53:54PM] PLAYER_MOVE None
[11/19/2012 - 08:53:54PM] PLAYER_ACTOR_VIEW_LOSS [ObjectReference < (0402DCC8)>] "Scruff"
[11/19/2012 - 08:53:55PM] PLAYER_FIGHT None ""
[11/19/2012 - 08:53:56PM] PLAYER_TRIGGER_ENTER [ths1_TriggerEnterSCRIPT < (04074E61)>]
[11/19/2012 - 08:53:56PM] PLAYER_TRIGGER_LEAVE [ths1_TriggerEnterSCRIPT < (04074E61)>]
[11/19/2012 - 08:53:56PM] PLAYER_FIGHT None ""
[11/19/2012 - 08:53:56PM] PLAYER_MOVE Run
[11/19/2012 - 08:53:56PM] PLAYER_TRIGGER_ENTER [ths1_EnterTempleBookshelfTrigScript <alias TempleBookshelfTrigger on quest ths1_BarrianBookQuest (0404540C)>]
[11/19/2012 - 08:53:57PM] PLAYER_FIGHT [Actor < (0404540E)>] "Finn"
[11/19/2012 - 08:53:57PM] PLAYER_MOVE None
[11/19/2012 - 08:54:28PM] PLAYER_TRIGGER_ENTER [ths1_EnterTempleBookshelfTrigScript <alias TempleBookshelfTrigger on quest ths1_BarrianBookQuest (0404540C)>]
[11/19/2012 - 08:54:28PM] PLAYER_FIGHT None ""
[11/19/2012 - 08:54:29PM] PLAYER_TRIGGER_ENTER [ths1_EnterTempleBookshelfTrigScript <alias TempleBookshelfTrigger on quest ths1_BarrianBookQuest (0404540C)>]
[11/19/2012 - 08:54:30PM] PLAYER_FIGHT None ""
[11/19/2012 - 08:54:31PM] PLAYER_FIGHT None ""
[11/19/2012 - 08:54:32PM] PLAYER_FIGHT None ""
[11/19/2012 - 08:54:32PM] PLAYER_ACTOR_VIEW_GAIN [ObjectReference < (0402DCC8)>] "Scruff"
[11/19/2012 - 08:54:33PM] PLAYER_FIGHT None ""
[11/19/2012 - 08:54:34PM] PLAYER_FIGHT None ""
[11/19/2012 - 08:54:34PM] PLAYER_ACTOR_VIEW_LOSS [ObjectReference < (0402DCC8)>] "Scruff"
[11/19/2012 - 08:54:35PM] PLAYER_FIGHT None ""
[11/19/2012 - 08:54:35PM] PLAYER_MOVE Run
[11/19/2012 - 08:54:35PM] PLAYER_TRIGGER_ENTER [ths1_EnterTempleBookshelfTrigScript <alias TempleBookshelfTrigger on quest ths1_BarrianBookQuest (0404540C)>]
[11/19/2012 - 08:54:36PM] PLAYER_FIGHT None ""
[11/19/2012 - 08:54:36PM] PLAYER_MOVE None
[11/19/2012 - 08:54:37PM] PLAYER_ACTOR_VIEW_GAIN [ObjectReference < (0402DCC8)>] "Scruff"
[11/19/2012 - 08:54:37PM] PLAYER_FIGHT None ""
[11/19/2012 - 08:54:38PM] PLAYER_FIGHT None ""
[11/19/2012 - 08:54:39PM] PLAYER_FIGHT None ""
[11/19/2012 - 08:54:39PM] PLAYER_MOVE Run
[11/19/2012 - 08:54:40PM] PLAYER_ACTOR_VIEW_LOSS [ObjectReference < (0402DCC8)>] "Scruff"
[11/19/2012 - 08:54:40PM] PLAYER_FIGHT None ""
[11/19/2012 - 08:54:40PM] PLAYER_MOVE None
[11/19/2012 - 08:54:41PM] PLAYER_FIGHT None ""
[11/19/2012 - 08:54:42PM] PLAYER_FIGHT None ""
[11/19/2012 - 08:54:43PM] PLAYER_DIALOGUE [TIF__02074354 <topic info 04074354 on quest ths1_BarrianBookQuest (0404540C)>] NPC_SPEAKER [Actor < (04045410)>]
[11/19/2012 - 08:54:43PM] PLAYER_FIGHT None ""
[11/19/2012 - 08:54:44PM] PLAYER_FIGHT None ""
[11/19/2012 - 08:54:45PM] PLAYER_FIGHT None ""
[11/19/2012 - 08:54:46PM] PLAYER_FIGHT None ""
[11/19/2012 - 08:54:46PM] PLAYER_ACTOR_VIEW_GAIN [ObjectReference < (0402DCC8)>] "Scruff"
[11/19/2012 - 08:54:47PM] PLAYER_MOVE Run
[11/19/2012 - 08:54:47PM] PLAYER_FIGHT None ""
[11/19/2012 - 08:54:48PM] PLAYER_MOVE None
[11/19/2012 - 08:54:48PM] PLAYER_ACTOR_VIEW_LOSS [ObjectReference < (0402DCC8)>] "Scruff"
[11/19/2012 - 08:54:48PM] PLAYER_FIGHT None ""
[11/19/2012 - 08:54:49PM] PLAYER_FIGHT None ""
[11/19/2012 - 08:54:50PM] PLAYER_ACTOR_VIEW_GAIN [ObjectReference < (0402DCC8)>] "Scruff"
[11/19/2012 - 08:54:50PM] PLAYER_FIGHT None ""
[11/19/2012 - 08:54:51PM] PLAYER_FIGHT None ""
[11/19/2012 - 08:54:52PM] PLAYER_FIGHT None ""
[11/19/2012 - 08:54:53PM] PLAYER_DIALOGUE [TIF__0104BD93 <topic info 0404BD93 on quest ths1_BarrianBookQuest (0404540C)>] NPC_SPEAKER [Actor < (040371CF)>]
[11/19/2012 - 08:54:53PM] PLAYER_FIGHT None ""
[11/19/2012 - 08:54:54PM] PLAYER_FIGHT None ""
[11/19/2012 - 08:54:55PM] PLAYER_ACTOR_VIEW_LOSS [ObjectReference < (0402DCC8)>] "Scruff"
[11/19/2012 - 08:54:55PM] PLAYER_FIGHT None ""
[11/19/2012 - 08:54:56PM] PLAYER_FIGHT None ""
[11/19/2012 - 08:54:57PM] PLAYER_DIALOGUE [TIF__0104BD97 <topic info 0404BD97 on quest ths1_BarrianBookQuest (0404540C)>] NPC_SPEAKER [Actor < (040371CF)>]
[11/19/2012 - 08:54:57PM] PLAYER_ACTOR_VIEW_GAIN [ObjectReference < (0402DCC8)>] "Scruff"
[11/19/2012 - 08:54:57PM] PLAYER_FIGHT None ""
[11/19/2012 - 08:54:59PM] PLAYER_FIGHT None ""
[11/19/2012 - 08:54:59PM] PLAYER_FIGHT None ""
[11/19/2012 - 08:55:00PM] PLAYER_DIALOGUE [TIF__010469EA <topic info 040469EA on quest ths1_BarrianBookQuest (0404540C)>] NPC_SPEAKER [Actor < (040371CF)>]
[11/19/2012 - 08:55:01PM] PLAYER_FIGHT None ""
[11/19/2012 - 08:55:02PM] PLAYER_FIGHT None ""
[11/19/2012 - 08:55:03PM] PLAYER_FIGHT None ""
[11/19/2012 - 08:55:04PM] PLAYER_MOVE Run
[11/19/2012 - 08:55:04PM] PLAYER_FIGHT None ""
[11/19/2012 - 08:55:05PM] PLAYER_ACTOR_VIEW_LOSS [ObjectReference < (0402DCC8)>] "Scruff"
[11/19/2012 - 08:55:05PM] PLAYER_FIGHT None ""
[11/19/2012 - 08:55:05PM] PLAYER_TRIGGER_ENTER [ths1_TriggerEnterSCRIPT < (04074E62)>]
[11/19/2012 - 08:55:05PM] PLAYER_TRIGGER_ENTER [ths1_TriggerEnterSCRIPT < (04074E63)>]
[11/19/2012 - 08:55:06PM] PLAYER_TRIGGER_LEAVE [ths1_TriggerEnterSCRIPT < (04074E62)>]
[11/19/2012 - 08:55:06PM] PLAYER_FIGHT None ""
[11/19/2012 - 08:55:06PM] PLAYER_TRIGGER_LEAVE [ths1_TriggerEnterSCRIPT < (04074E63)>]
[11/19/2012 - 08:55:06PM] PLAYER_MOVE None
[11/19/2012 - 08:55:07PM] PLAYER_FIGHT [Actor < (0404540E)>] "Finn"
[11/19/2012 - 08:55:07PM] PLAYER_MOVE Run
[11/19/2012 - 08:55:07PM] PLAYER_TRIGGER_ENTER [ths1_TriggerEnterSCRIPT < (04074E64)>]
[11/19/2012 - 08:55:08PM] PLAYER_FIGHT [Actor < (0404540E)>] "Finn"
[11/19/2012 - 08:55:08PM] PLAYER_TRIGGER_LEAVE [ths1_TriggerEnterSCRIPT < (04074E64)>]
[11/19/2012 - 08:55:08PM] PLAYER_MOVE None
[11/19/2012 - 08:55:09PM] PLAYER_FIGHT None ""
[11/19/2012 - 08:55:10PM] PLAYER_FIGHT [Actor < (0404540E)>] "Finn"
[11/19/2012 - 08:55:10PM] PLAYER_MOVE Run
[11/19/2012 - 08:55:10PM] PLAYER_TRIGGER_ENTER [ths1_TriggerEnterSCRIPT < (04074E64)>]
[11/19/2012 - 08:55:11PM] PLAYER_TRIGGER_LEAVE [ths1_TriggerEnterSCRIPT < (04074E64)>]
[11/19/2012 - 08:55:11PM] PLAYER_FIGHT None ""
[11/19/2012 - 08:55:12PM] PLAYER_FIGHT None ""
[11/19/2012 - 08:55:12PM] PLAYER_TRIGGER_ENTER [ths1_TriggerEnterSCRIPT < (04074E67)>]
[11/19/2012 - 08:55:12PM] PLAYER_MOVE None
[11/19/2012 - 08:55:13PM] PLAYER_FIGHT None ""
[11/19/2012 - 08:55:14PM] PLAYER_TRIGGER_LEAVE [ths1_TriggerEnterSCRIPT < (04074E67)>]
[11/19/2012 - 08:55:14PM] PLAYER_TRIGGER_ENTER [ths1_TriggerEnterSCRIPT < (04074E68)>]
[11/19/2012 - 08:55:14PM] PLAYER_FIGHT None ""
[11/19/2012 - 08:55:14PM] PLAYER_MOVE Run
[11/19/2012 - 08:55:14PM] PLAYER_TRIGGER_LEAVE [ths1_TriggerEnterSCRIPT < (04074E68)>]
[11/19/2012 - 08:55:15PM] PLAYER_FIGHT None ""
[11/19/2012 - 08:55:16PM] PLAYER_FIGHT None ""
[11/19/2012 - 08:55:17PM] PLAYER_MOVE None
[11/19/2012 - 08:55:17PM] PLAYER_FIGHT None ""
[11/19/2012 - 08:55:17PM] PLAYER_MOVE Run
[11/19/2012 - 08:55:18PM] PLAYER_FIGHT None ""
[11/19/2012 - 08:55:18PM] PLAYER_TRIGGER_ENTER [ths1_TriggerEnterSCRIPT < (04074E68)>]
[11/19/2012 - 08:55:19PM] PLAYER_FIGHT None ""
[11/19/2012 - 08:55:19PM] PLAYER_TRIGGER_ENTER [ths1_TriggerEnterSCRIPT < (04074E67)>]
[11/19/2012 - 08:55:19PM] PLAYER_TRIGGER_LEAVE [ths1_TriggerEnterSCRIPT < (04074E68)>]
[11/19/2012 - 08:55:19PM] PLAYER_MOVE None
[11/19/2012 - 08:55:19PM] PLAYER_TRIGGER_LEAVE [ths1_TriggerEnterSCRIPT < (04074E67)>]
[11/19/2012 - 08:55:20PM] PLAYER_FIGHT None ""
[11/19/2012 - 08:55:21PM] PLAYER_TRIGGER_ENTER [ths1_TriggerEnterSCRIPT < (04074E65)>]
[11/19/2012 - 08:55:21PM] PLAYER_FIGHT None ""
[11/19/2012 - 08:55:21PM] PLAYER_TRIGGER_ENTER [ths1_TriggerEnterSCRIPT < (04074E66)>]
[11/19/2012 - 08:55:21PM] PLAYER_TRIGGER_LEAVE [ths1_TriggerEnterSCRIPT < (04074E65)>]
[11/19/2012 - 08:55:21PM] PLAYER_MOVE Run
[11/19/2012 - 08:55:22PM] PLAYER_TRIGGER_LEAVE [ths1_TriggerEnterSCRIPT < (04074E66)>]
[11/19/2012 - 08:55:22PM] PLAYER_FIGHT None ""
[11/19/2012 - 08:55:22PM] PLAYER_MOVE None
[11/19/2012 - 08:55:23PM] PLAYER_FIGHT None ""
[11/19/2012 - 08:55:24PM] PLAYER_FIGHT None ""
[11/19/2012 - 08:55:25PM] PLAYER_TRIGGER_ENTER [ths1_TriggerEnterSCRIPT < (04074E66)>]
[11/19/2012 - 08:55:25PM] PLAYER_MOVE Run
[11/19/2012 - 08:55:25PM] PLAYER_TRIGGER_ENTER [ths1_TriggerEnterSCRIPT < (04074E65)>]
[11/19/2012 - 08:55:25PM] PLAYER_TRIGGER_LEAVE [ths1_TriggerEnterSCRIPT < (04074E66)>]
[11/19/2012 - 08:55:25PM] PLAYER_FIGHT None ""
[11/19/2012 - 08:55:25PM] PLAYER_TRIGGER_LEAVE [ths1_TriggerEnterSCRIPT < (04074E65)>]
[11/19/2012 - 08:55:26PM] PLAYER_FIGHT None ""
[11/19/2012 - 08:55:27PM] PLAYER_TRIGGER_ENTER [ths1_TriggerEnterSCRIPT < (04074E64)>]
[11/19/2012 - 08:55:27PM] PLAYER_FIGHT None ""
[11/19/2012 - 08:55:28PM] PLAYER_TRIGGER_LEAVE [ths1_TriggerEnterSCRIPT < (04074E64)>]
[11/19/2012 - 08:55:58PM] PLAYER_FIGHT None ""
[11/19/2012 - 08:55:58PM] PLAYER_MOVE None
[11/19/2012 - 08:55:59PM] PLAYER_FIGHT None ""
[11/19/2012 - 08:56:00PM] PLAYER_ACTOR_VIEW_GAIN [ObjectReference < (0402DCC8)>] "Scruff"
[11/19/2012 - 08:56:00PM] PLAYER_FIGHT None ""
[11/19/2012 - 08:56:01PM] PLAYER_FIGHT None ""
[11/19/2012 - 08:56:02PM] PLAYER_FIGHT None ""
[11/19/2012 - 08:56:03PM] PLAYER_TRIGGER_ENTER [ths1_TriggerEnterSCRIPT < (04074E64)>]
[11/19/2012 - 08:56:03PM] PLAYER_MOVE Run
[11/19/2012 - 08:56:03PM] PLAYER_TRIGGER_LEAVE [ths1_TriggerEnterSCRIPT < (04074E64)>]
[11/19/2012 - 08:56:04PM] PLAYER_FIGHT None ""
[11/19/2012 - 08:56:04PM] PLAYER_MOVE None
[11/19/2012 - 08:56:04PM] PLAYER_ACTOR_VIEW_LOSS [ObjectReference < (0402DCC8)>] "Scruff"
[11/19/2012 - 08:56:04PM] PLAYER_TRIGGER_ENTER [ths1_TriggerEnterSCRIPT < (04074E64)>]
[11/19/2012 - 08:56:05PM] PLAYER_FIGHT None ""
[11/19/2012 - 08:56:06PM] PLAYER_FIGHT None ""
[11/19/2012 - 08:56:06PM] PLAYER_TRIGGER_LEAVE [ths1_TriggerEnterSCRIPT < (04074E64)>]
[11/19/2012 - 08:56:07PM] PLAYER_FIGHT None ""
[11/19/2012 - 08:56:07PM] PLAYER_MOVE Run
[11/19/2012 - 08:56:07PM] PLAYER_ACTOR_VIEW_GAIN [ObjectReference < (0402DCC8)>] "Scruff"
[11/19/2012 - 08:56:08PM] PLAYER_FIGHT None ""
[11/19/2012 - 08:56:08PM] PLAYER_TRIGGER_ENTER [ths1_TriggerEnterSCRIPT < (04074E63)>]
[11/19/2012 - 08:56:08PM] PLAYER_TRIGGER_ENTER [ths1_TriggerEnterSCRIPT < (04074E62)>]
[11/19/2012 - 08:56:09PM] PLAYER_FIGHT None ""
[11/19/2012 - 08:56:09PM] PLAYER_TRIGGER_LEAVE [ths1_TriggerEnterSCRIPT < (04074E63)>]
[11/19/2012 - 08:56:09PM] PLAYER_TRIGGER_LEAVE [ths1_TriggerEnterSCRIPT < (04074E62)>]
[11/19/2012 - 08:56:10PM] PLAYER_FIGHT None ""
[11/19/2012 - 08:56:10PM] PLAYER_ACTOR_VIEW_LOSS [ObjectReference < (0402DCC8)>] "Scruff"
[11/19/2012 - 08:56:10PM] PLAYER_TRIGGER_LEAVE [ths1_TriggerEnterSCRIPT < (04074E69)>]
[11/19/2012 - 08:56:10PM] PLAYER_TRIGGER_ENTER [ths1_TriggerEnterSCRIPT < (04074E69)>]
[11/19/2012 - 08:56:11PM] PLAYER_FIGHT None ""
[11/19/2012 - 08:56:11PM] PLAYER_TRIGGER_ENTER [ths1_TriggerEnterSCRIPT < (04074E69)>]
[11/19/2012 - 08:56:11PM] PLAYER_TRIGGER_ENTER [ths1_TriggerEnterSCRIPT < (04074E6A)>]
[11/19/2012 - 08:56:11PM] PLAYER_TRIGGER_LEAVE [ths1_TriggerEnterSCRIPT < (04074E69)>]
[11/19/2012 - 08:56:12PM] PLAYER_FIGHT None ""
[11/19/2012 - 08:56:12PM] PLAYER_TRIGGER_LEAVE [ths1_TriggerEnterSCRIPT < (04074E6A)>]
[11/19/2012 - 08:56:12PM] PLAYER_MOVE None
[11/19/2012 - 08:56:13PM] PLAYER_FIGHT None ""
[11/19/2012 - 08:56:14PM] PLAYER_FIGHT None ""
[11/19/2012 - 08:56:15PM] PLAYER_FIGHT None ""
[11/19/2012 - 08:56:15PM] PLAYER_DIALOGUE [TIF__0106B447 <topic info 0406B447 on quest ths1_BarrianBookQuest (0404540C)>] NPC_SPEAKER [Actor < (040371D2)>]
[11/19/2012 - 08:56:16PM] PLAYER_FIGHT None ""
[11/19/2012 - 08:56:17PM] PLAYER_FIGHT None ""
[11/19/2012 - 08:56:18PM] PLAYER_FIGHT None ""
[11/19/2012 - 08:56:22PM] PLAYER_ITEM_REMOVED [ObjectReference < (040711E7)>] "Grilled Chicken Breast" COUNT 1 CONTAINER [ObjectReference < (040371D2)>]
[11/19/2012 - 08:56:23PM] QUEST_STAGE_CHANGE [ths1_BBQScript <ths1_BarrianBookQuest (0404540C)>] "'What's That You're Reading, Barrian?'" 40
[11/19/2012 - 08:56:23PM] QUEST_COMPLETED [ths1_BBQScript <ths1_BarrianBookQuest (0404540C)>]  "'What's That You're Reading, Barrian?'"
[11/19/2012 - 08:56:24PM] PLAYER_FIGHT None ""
[11/19/2012 - 08:56:25PM] PLAYER_FIGHT None ""
[11/19/2012 - 08:56:26PM] PLAYER_FIGHT None ""
[11/19/2012 - 08:56:27PM] PLAYER_FIGHT None ""
[11/19/2012 - 08:56:28PM] PLAYER_MOVE Run
[11/19/2012 - 08:56:28PM] PLAYER_TRIGGER_ENTER [ths1_TriggerEnterSCRIPT < (04074E6B)>]
[11/19/2012 - 08:56:28PM] PLAYER_FIGHT None ""
[11/19/2012 - 08:56:29PM] PLAYER_MOVE None
[11/19/2012 - 08:56:30PM] PLAYER_FIGHT None ""
[11/19/2012 - 08:56:30PM] PLAYER_TRIGGER_LEAVE [ths1_TriggerEnterSCRIPT < (04074E6B)>]
[11/19/2012 - 08:56:30PM] PLAYER_TRIGGER_ENTER [ths1_TriggerEnterSCRIPT < (04074E6C)>]
[11/19/2012 - 08:56:30PM] PLAYER_MOVE Run
[11/19/2012 - 08:56:30PM] PLAYER_TRIGGER_LEAVE [ths1_TriggerEnterSCRIPT < (04074E6C)>]
[11/19/2012 - 08:56:30PM] PLAYER_FIGHT None ""
[11/19/2012 - 08:56:31PM] PLAYER_MOVE None
[11/19/2012 - 08:56:31PM] PLAYER_FIGHT None ""
[11/19/2012 - 08:56:32PM] PLAYER_FIGHT None ""
[11/19/2012 - 08:56:34PM] PLAYER_FIGHT None ""
[11/19/2012 - 08:56:36PM] PLAYER_FIGHT None ""
[11/19/2012 - 08:56:37PM] PLAYER_FIGHT None ""
[11/19/2012 - 08:56:38PM] PLAYER_FIGHT None ""
[11/19/2012 - 08:56:38PM] PLAYER_MOVE Run
[11/19/2012 - 08:56:39PM] PLAYER_FIGHT None ""
[11/19/2012 - 08:56:39PM] PLAYER_TRIGGER_ENTER [ths1_TriggerEnterSCRIPT < (04074E6C)>]
[11/19/2012 - 08:56:39PM] PLAYER_TRIGGER_ENTER [ths1_TriggerEnterSCRIPT < (04074E6B)>]
[11/19/2012 - 08:56:39PM] PLAYER_TRIGGER_LEAVE [ths1_TriggerEnterSCRIPT < (04074E6C)>]
[11/19/2012 - 08:56:39PM] PLAYER_TRIGGER_LEAVE [ths1_TriggerEnterSCRIPT < (04074E6B)>]
[11/19/2012 - 08:56:40PM] PLAYER_FIGHT None ""
[11/19/2012 - 08:56:40PM] PLAYER_TRIGGER_ENTER [ths1_TriggerEnterSCRIPT < (04074E6A)>]
[11/19/2012 - 08:56:41PM] PLAYER_TRIGGER_ENTER [ths1_TriggerEnterSCRIPT < (04074E69)>]
[11/19/2012 - 08:56:41PM] PLAYER_TRIGGER_LEAVE [ths1_TriggerEnterSCRIPT < (04074E6A)>]
[11/19/2012 - 08:56:41PM] PLAYER_FIGHT None ""
[11/19/2012 - 08:56:41PM] PLAYER_TRIGGER_LEAVE [ths1_TriggerEnterSCRIPT < (04074E69)>]
[11/19/2012 - 08:56:41PM] PLAYER_MOVE None
[11/19/2012 - 08:56:42PM] PLAYER_FIGHT None ""
[11/19/2012 - 08:56:43PM] PLAYER_FIGHT None ""
[11/19/2012 - 08:56:43PM] PLAYER_TRIGGER_ENTER [ths1_TriggerEnterSCRIPT < (04074E69)>]
[11/19/2012 - 08:56:43PM] PLAYER_MOVE Run
[11/19/2012 - 08:56:43PM] PLAYER_ACTOR_VIEW_GAIN [ObjectReference < (0402DCC8)>] "Scruff"
[11/19/2012 - 08:56:43PM] PLAYER_TRIGGER_LEAVE [ths1_TriggerEnterSCRIPT < (04074E69)>]
[11/19/2012 - 08:56:44PM] PLAYER_FIGHT None ""
[11/19/2012 - 08:56:44PM] PLAYER_MOVE None
[11/19/2012 - 08:56:45PM] PLAYER_FIGHT None ""
[11/19/2012 - 08:56:45PM] PLAYER_MOVE Run
[11/19/2012 - 08:56:46PM] PLAYER_ACTOR_VIEW_LOSS [ObjectReference < (0402DCC8)>] "Scruff"
[11/19/2012 - 08:56:46PM] PLAYER_FIGHT None ""
[11/19/2012 - 08:56:47PM] PLAYER_FIGHT None ""
[11/19/2012 - 08:56:48PM] PLAYER_FIGHT None ""
[11/19/2012 - 08:56:49PM] PLAYER_FIGHT None ""
[11/19/2012 - 08:56:49PM] PLAYER_MOVE None
[11/19/2012 - 08:57:21PM] PLAYER_CELL_CHANGE [Cell <Wilderness (04085D4C)>] ""
[11/19/2012 - 08:57:21PM] ACTOR_MOVE_TO_PLAYER [ObjectReference < (0402DCC8)>] "Scruff"
[11/19/2012 - 08:57:21PM] PLAYER_WORLDSPACE_CHANGE [WorldSpace <ths1_Town (04085D17)>] "Town"
[11/19/2012 - 08:57:21PM] PLAYER_FIGHT None ""
[11/19/2012 - 08:57:22PM] PLAYER_ACTOR_VIEW_GAIN [ObjectReference < (0402DCC8)>] "Scruff"
[11/19/2012 - 08:57:22PM] PLAYER_FIGHT None ""
[11/19/2012 - 08:57:23PM] PLAYER_TRIGGER_ENTER [ths1_TriggerEnterSCRIPT < (0408C7AA)>]
[11/19/2012 - 08:57:23PM] PLAYER_FIGHT None ""
[11/19/2012 - 08:57:24PM] PLAYER_FIGHT None ""
[11/19/2012 - 08:57:25PM] PLAYER_FIGHT None ""
[11/19/2012 - 08:57:26PM] PLAYER_FIGHT None ""
[11/19/2012 - 08:57:27PM] PLAYER_DIALOGUE [TIF__01024EEA <topic info 04024EEA on quest ths1_MissingDog (04009344)>] NPC_SPEAKER [Actor < (0402DCC8)>]
[11/19/2012 - 08:57:27PM] PLAYER_FIGHT None ""
[11/19/2012 - 08:57:28PM] PLAYER_FIGHT None ""
[11/19/2012 - 08:57:59PM] PLAYER_FIGHT None ""
[11/19/2012 - 08:58:00PM] PLAYER_FIGHT None ""
[11/19/2012 - 08:58:01PM] PLAYER_TRIGGER_LEAVE [ths1_TriggerEnterSCRIPT < (0408C7AA)>]
[11/19/2012 - 08:58:01PM] PLAYER_FIGHT None ""
[11/19/2012 - 08:58:02PM] PLAYER_FIGHT None ""
[11/19/2012 - 08:58:02PM] PLAYER_TRIGGER_ENTER [ths1_TriggerEnterSCRIPT < (0408C7AA)>]
[11/19/2012 - 08:58:03PM] PLAYER_FIGHT None ""
[11/19/2012 - 08:58:03PM] PLAYER_MOVE Run
[11/19/2012 - 08:58:04PM] PLAYER_TRIGGER_LEAVE [ths1_TriggerEnterSCRIPT < (0408C7AA)>]
[11/19/2012 - 08:58:04PM] PLAYER_TRIGGER_ENTER [ths1_TriggerEnterSCRIPT < (0408C7A8)>]
[11/19/2012 - 08:58:04PM] PLAYER_FIGHT None ""
[11/19/2012 - 08:58:05PM] PLAYER_ACTOR_VIEW_LOSS [ObjectReference < (0402DCC8)>] "Scruff"
[11/19/2012 - 08:58:05PM] PLAYER_TRIGGER_LEAVE [ths1_TriggerEnterSCRIPT < (0408C7A8)>]
[11/19/2012 - 08:58:05PM] PLAYER_FIGHT None ""
[11/19/2012 - 08:58:06PM] PLAYER_FIGHT None ""
[11/19/2012 - 08:58:07PM] PLAYER_FIGHT None ""
[11/19/2012 - 08:58:08PM] PLAYER_CELL_CHANGE [Cell <Wilderness (04085D42)>] ""
[11/19/2012 - 08:58:08PM] PLAYER_FIGHT None ""
[11/19/2012 - 08:58:09PM] PLAYER_FIGHT None ""
[11/19/2012 - 08:58:10PM] PLAYER_FIGHT None ""
[11/19/2012 - 08:58:11PM] PLAYER_CELL_CHANGE [Cell <Wilderness (04085D44)>] ""
[11/19/2012 - 08:58:11PM] PLAYER_FIGHT None ""
[11/19/2012 - 08:58:12PM] PLAYER_FIGHT None ""
[11/19/2012 - 08:58:13PM] PLAYER_FIGHT None ""
[11/19/2012 - 08:58:13PM] PLAYER_MOVE None
[11/19/2012 - 08:58:14PM] PLAYER_FIGHT None ""
[11/19/2012 - 08:58:15PM] PLAYER_MOVE Run
[11/19/2012 - 08:58:15PM] PLAYER_TRIGGER_ENTER [ths1_TriggerEnterSCRIPT < (0408C7A1)>]
[11/19/2012 - 08:58:15PM] PLAYER_FIGHT None ""
[11/19/2012 - 08:58:16PM] PLAYER_TRIGGER_LEAVE [ths1_TriggerEnterSCRIPT < (0408C7A1)>]
[11/19/2012 - 08:58:16PM] PLAYER_FIGHT None ""
[11/19/2012 - 08:58:16PM] PLAYER_TRIGGER_ENTER [ths1_TriggerEnterSCRIPT < (0408C7A1)>]
[11/19/2012 - 08:58:17PM] PLAYER_MOVE None
[11/19/2012 - 08:58:17PM] PLAYER_TRIGGER_LEAVE [ths1_TriggerEnterSCRIPT < (0408C7A1)>]
[11/19/2012 - 08:58:17PM] PLAYER_FIGHT None ""
[11/19/2012 - 08:58:18PM] PLAYER_MOVE Run
[11/19/2012 - 08:58:19PM] PLAYER_FIGHT None ""
[11/19/2012 - 08:58:19PM] PLAYER_MOVE None
[11/19/2012 - 08:58:19PM] PLAYER_FIGHT None ""
[11/19/2012 - 08:58:20PM] PLAYER_FIGHT None ""
[11/19/2012 - 08:58:21PM] PLAYER_MOVE Run
[11/19/2012 - 08:58:21PM] PLAYER_FIGHT None ""
[11/19/2012 - 08:58:22PM] PLAYER_FIGHT None ""
[11/19/2012 - 08:58:23PM] PLAYER_TRIGGER_ENTER [ths1_TriggerEnterSCRIPT < (0408C7A1)>]
[11/19/2012 - 08:58:23PM] PLAYER_TRIGGER_LEAVE [ths1_TriggerEnterSCRIPT < (0408C7A1)>]
[11/19/2012 - 08:58:23PM] PLAYER_TRIGGER_ENTER [ths1_TriggerEnterSCRIPT < (0408C7A1)>]
[11/19/2012 - 08:58:24PM] PLAYER_FIGHT None ""
[11/19/2012 - 08:58:24PM] PLAYER_MOVE None
[11/19/2012 - 08:58:24PM] PLAYER_TRIGGER_LEAVE [ths1_TriggerEnterSCRIPT < (0408C7A1)>]
[11/19/2012 - 08:58:24PM] PLAYER_FIGHT None ""
[11/19/2012 - 08:58:58PM] PLAYER_CELL_CHANGE [Cell <ths1_IsaanHouse (0407113A)>] "Isaan's House"
[11/19/2012 - 08:58:58PM] PLAYER_FIGHT None ""
[11/19/2012 - 08:58:59PM] PLAYER_FIGHT None ""
[11/19/2012 - 08:59:00PM] PLAYER_FIGHT None ""
[11/19/2012 - 08:59:01PM] PLAYER_FIGHT None ""
[11/19/2012 - 08:59:02PM] PLAYER_FIGHT None ""
[11/19/2012 - 08:59:03PM] PLAYER_FIGHT None ""
[11/19/2012 - 08:59:03PM] PLAYER_DIALOGUE [TIF__01063755 <topic info 04063755 on quest ths1_MissingDog (04009344)>] NPC_SPEAKER [Actor < (04071D11)>]
[11/19/2012 - 08:59:06PM] PLAYER_DIALOGUE [TIF__0101430C <topic info 0401430C on quest ths1_MissingDog (04009344)>] NPC_SPEAKER [Actor < (04071D11)>]
[11/19/2012 - 08:59:11PM] PLAYER_DIALOGUE [TIF__0101651B <topic info 0401651B on quest ths1_MissingDog (04009344)>] NPC_SPEAKER [Actor < (04071D11)>]
[11/19/2012 - 08:59:13PM] PLAYER_DIALOGUE [TIF__0101651D <topic info 0401651D on quest ths1_MissingDog (04009344)>] NPC_SPEAKER [Actor < (04071D11)>]
[11/19/2012 - 08:59:16PM] PLAYER_DIALOGUE [TIF__0101651F <topic info 0401651F on quest ths1_MissingDog (04009344)>] NPC_SPEAKER [Actor < (04071D11)>]
[11/19/2012 - 08:59:19PM] PLAYER_DIALOGUE [TIF__010626F8 <topic info 040626F8 on quest ths1_MissingDog (04009344)>] NPC_SPEAKER [Actor < (04071D11)>]
[11/19/2012 - 08:59:22PM] PLAYER_DIALOGUE [TIF__010098E9 <topic info 040098E9 on quest ths1_MissingDog (04009344)>] NPC_SPEAKER [Actor < (04071D11)>]
[11/19/2012 - 09:00:36PM] PLAYER_CELL_CHANGE [Cell <Wilderness (04085D44)>] ""
[11/19/2012 - 09:00:36PM] PLAYER_WORLDSPACE_CHANGE [WorldSpace <ths1_Town (04085D17)>] "Town"
[11/19/2012 - 09:00:37PM] PLAYER_TRIGGER_ENTER [ths1_TriggerEnterSCRIPT < (0408C7A1)>]
[11/19/2012 - 09:00:38PM] PLAYER_MOVE Sprint
[11/19/2012 - 09:00:38PM] PLAYER_TRIGGER_LEAVE [ths1_TriggerEnterSCRIPT < (0408C7A1)>]
[11/19/2012 - 09:00:39PM] PLAYER_MOVE None
[11/19/2012 - 09:00:40PM] PLAYER_MOVE Run
[11/19/2012 - 09:00:41PM] PLAYER_MOVE None
[11/19/2012 - 09:00:42PM] PLAYER_MOVE Run
[11/19/2012 - 09:00:42PM] PLAYER_ACTOR_VIEW_GAIN [ObjectReference < (0402DCC8)>] "Scruff"
[11/19/2012 - 09:00:43PM] PLAYER_MOVE Sprint
[11/19/2012 - 09:00:43PM] PLAYER_ACTOR_VIEW_LOSS [ObjectReference < (0402DCC8)>] "Scruff"
[11/19/2012 - 09:00:43PM] PLAYER_TRIGGER_ENTER [ths1_TriggerEnterSCRIPT < (0408C7A9)>]
[11/19/2012 - 09:00:44PM] PLAYER_CELL_CHANGE [Cell <Wilderness (04085D34)>] ""
[11/19/2012 - 09:00:45PM] PLAYER_TRIGGER_LEAVE [ths1_TriggerEnterSCRIPT < (0408C7A9)>]
[11/19/2012 - 09:00:47PM] PLAYER_TRIGGER_ENTER [ths1_TriggerEnterSCRIPT < (0408CD5A)>]
[11/19/2012 - 09:00:48PM] PLAYER_MOVE None
[11/19/2012 - 09:00:48PM] PLAYER_TRIGGER_LEAVE [ths1_TriggerEnterSCRIPT < (0408CD5A)>]
[11/19/2012 - 09:00:49PM] PLAYER_MOVE Sprint
[11/19/2012 - 09:00:53PM] PLAYER_CELL_CHANGE [Cell <Wilderness (04085D56)>] ""
[11/19/2012 - 09:00:53PM] PLAYER_MOVE None
[11/19/2012 - 09:00:55PM] PLAYER_MOVE Run
[11/19/2012 - 09:00:56PM] PLAYER_TRIGGER_ENTER [ths1_TriggerEnterSCRIPT < (0408C7C2)>]
[11/19/2012 - 09:00:57PM] PLAYER_TRIGGER_LEAVE [ths1_TriggerEnterSCRIPT < (0408C7C2)>]
[11/19/2012 - 09:01:01PM] PLAYER_MOVE None
[11/19/2012 - 09:01:04PM] PLAYER_MOVE Run
[11/19/2012 - 09:01:05PM] PLAYER_TRIGGER_ENTER [ths1_TriggerEnterSCRIPT < (0408C7C2)>]
[11/19/2012 - 09:01:06PM] PLAYER_MOVE Sprint
[11/19/2012 - 09:01:06PM] PLAYER_ACTOR_VIEW_GAIN [ObjectReference < (0402DCC8)>] "Scruff"
[11/19/2012 - 09:01:08PM] PLAYER_TRIGGER_LEAVE [ths1_TriggerEnterSCRIPT < (0408C7C2)>]
[11/19/2012 - 09:01:08PM] PLAYER_CELL_CHANGE [Cell <Wilderness (04085D4C)>] ""
[11/19/2012 - 09:01:11PM] PLAYER_MOVE Run
[11/19/2012 - 09:01:12PM] PLAYER_ACTOR_VIEW_LOSS [ObjectReference < (0402DCC8)>] "Scruff"
[11/19/2012 - 09:01:13PM] PLAYER_MOVE Sprint
[11/19/2012 - 09:01:14PM] PLAYER_TRIGGER_ENTER [ths1_TriggerEnterSCRIPT < (0408C7C0)>]
[11/19/2012 - 09:01:14PM] PLAYER_TRIGGER_LEAVE [ths1_TriggerEnterSCRIPT < (0408C7C0)>]
[11/19/2012 - 09:01:53PM] PLAYER_MOVE None
[11/19/2012 - 09:01:53PM] PLAYER_TRIGGER_ENTER [ths1_TriggerEnterSCRIPT < (040748BF)>]
[11/19/2012 - 09:01:54PM] PLAYER_CELL_CHANGE [Cell <ths1_MuseumInterior (04044D5A)>] "Bubbsey's Oddity Emporium"
[11/19/2012 - 09:01:56PM] PLAYER_TRIGGER_LEAVE [ths1_TriggerEnterSCRIPT < (040748BF)>]
[11/19/2012 - 09:01:56PM] PLAYER_TRIGGER_ENTER [ths1_TriggerEnterSCRIPT < (040748CB)>]
[11/19/2012 - 09:01:57PM] PLAYER_TRIGGER_LEAVE [ths1_TriggerEnterSCRIPT < (040748CB)>]
[11/19/2012 - 09:01:58PM] PLAYER_MOVE Run
[11/19/2012 - 09:02:00PM] PLAYER_DIALOGUE [TIF__01064239 <topic info 04064239 on quest ths1_CaptiveOrc (0401A9F8)>] NPC_SPEAKER [Actor < (04049751)>]
[11/19/2012 - 09:02:01PM] PLAYER_MOVE None
[11/19/2012 - 09:02:04PM] PLAYER_DIALOGUE [TIF__0103F01B <topic info 0403F01B on quest ths1_CaptiveOrc (0401A9F8)>] NPC_SPEAKER [Actor < (04049751)>]
[11/19/2012 - 09:02:05PM] QUEST_STAGE_CHANGE [ths1_CaptiveOrcQuestSCRIPT <ths1_CaptiveOrc (0401A9F8)>] "The Museum Attraction" 3
[11/19/2012 - 09:02:39PM] PLAYER_DIALOGUE [TIF__0106990B <topic info 0406990B on quest ths1_CaptiveOrc (0401A9F8)>] NPC_SPEAKER [Actor < (04049751)>]
[11/19/2012 - 09:02:42PM] PLAYER_DIALOGUE [TIF__0106683D <topic info 0406683D on quest ths1_CaptiveOrc (0401A9F8)>] NPC_SPEAKER [Actor < (04049751)>]
[11/19/2012 - 09:02:51PM] PLAYER_MOVE Run
[11/19/2012 - 09:02:53PM] PLAYER_MOVE None
[11/19/2012 - 09:02:54PM] PLAYER_TRIGGER_ENTER [ths1_TriggerEnterSCRIPT < (040748D4)>]
[11/19/2012 - 09:02:55PM] PLAYER_MOVE Run
[11/19/2012 - 09:02:55PM] PLAYER_TRIGGER_LEAVE [ths1_TriggerEnterSCRIPT < (040748D4)>]
[11/19/2012 - 09:02:56PM] PLAYER_MOVE None
[11/19/2012 - 09:02:59PM] PLAYER_TRIGGER_ENTER [ths1_TriggerEnterSCRIPT < (040748D4)>]
[11/19/2012 - 09:03:01PM] PLAYER_TRIGGER_LEAVE [ths1_TriggerEnterSCRIPT < (040748D4)>]
[11/19/2012 - 09:03:01PM] PLAYER_MOVE Run
[11/19/2012 - 09:03:03PM] PLAYER_MOVE None
[11/19/2012 - 09:03:03PM] PLAYER_TRIGGER_ENTER [ths1_TriggerEnterSCRIPT < (040748D4)>]
[11/19/2012 - 09:03:05PM] PLAYER_MOVE Run
[11/19/2012 - 09:03:06PM] PLAYER_TRIGGER_LEAVE [ths1_TriggerEnterSCRIPT < (040748D4)>]
[11/19/2012 - 09:03:07PM] PLAYER_MOVE None
[11/19/2012 - 09:03:16PM] PLAYER_DIALOGUE [TIF__0103F01B <topic info 0403F01B on quest ths1_CaptiveOrc (0401A9F8)>] NPC_SPEAKER [Actor < (04049751)>]
[11/19/2012 - 09:03:22PM] PLAYER_DIALOGUE [TIF__01063CCA <topic info 04063CCA on quest ths1_CaptiveOrc (0401A9F8)>] NPC_SPEAKER [Actor < (04049751)>]
[11/19/2012 - 09:04:42PM] Log closed
