[11/19/2012 - 08:22:05PM] 21 log opened (PC)
[11/19/2012 - 08:22:05PM] PLAYER_CELL_CHANGE [Cell <Wilderness (04085D44)>] ""
[11/19/2012 - 08:22:05PM] PLAYER_WORLDSPACE_CHANGE [WorldSpace <ths1_Town (04085D17)>] "Town"
[11/19/2012 - 08:22:07PM] PLAYER_MOVE Run
[11/19/2012 - 08:22:07PM] PLAYER_TRIGGER_ENTER [ths1_TriggerEnterSCRIPT < (0408C7A1)>]
[11/19/2012 - 08:22:07PM] PLAYER_TRIGGER_LEAVE [ths1_TriggerEnterSCRIPT < (0408C7A1)>]
[11/19/2012 - 08:22:08PM] PLAYER_MOVE Sprint
[11/19/2012 - 08:22:40PM] PLAYER_MOVE None
[11/19/2012 - 08:22:41PM] PLAYER_MOVE Run
[11/19/2012 - 08:22:44PM] PLAYER_MOVE None
[11/19/2012 - 08:22:45PM] PLAYER_MOVE Run
[11/19/2012 - 08:22:45PM] PLAYER_TRIGGER_ENTER [ths1_TriggerEnterSCRIPT < (0408C7A9)>]
[11/19/2012 - 08:22:45PM] PLAYER_TRIGGER_LEAVE [ths1_TriggerEnterSCRIPT < (0408C7A9)>]
[11/19/2012 - 08:22:45PM] PLAYER_CELL_CHANGE [Cell <Wilderness (04085D34)>] ""
[11/19/2012 - 08:22:46PM] PLAYER_MOVE Sprint
[11/19/2012 - 08:22:47PM] PLAYER_TRIGGER_ENTER [ths1_TriggerEnterSCRIPT < (0408CD5A)>]
[11/19/2012 - 08:22:49PM] PLAYER_MOVE Run
[11/19/2012 - 08:22:49PM] PLAYER_TRIGGER_LEAVE [ths1_TriggerEnterSCRIPT < (0408CD5A)>]
[11/19/2012 - 08:22:50PM] PLAYER_MOVE Sprint
[11/19/2012 - 08:22:51PM] PLAYER_MOVE Run
[11/19/2012 - 08:22:52PM] PLAYER_MOVE Sprint
[11/19/2012 - 08:22:52PM] PLAYER_TRIGGER_ENTER [ths1_TriggerEnterSCRIPT < (0408C7C2)>]
[11/19/2012 - 08:22:55PM] PLAYER_CELL_CHANGE [Cell <Wilderness (04085D54)>] ""
[11/19/2012 - 08:22:55PM] PLAYER_TRIGGER_LEAVE [ths1_TriggerEnterSCRIPT < (0408C7C2)>]
[11/19/2012 - 08:22:56PM] PLAYER_TRIGGER_ENTER [ths1_TriggerEnterSCRIPT < (0408C7C1)>]
[11/19/2012 - 08:22:59PM] PLAYER_MOVE None
[11/19/2012 - 08:23:00PM] PLAYER_TRIGGER_LEAVE [ths1_TriggerEnterSCRIPT < (0408C7C1)>]
[11/19/2012 - 08:23:00PM] PLAYER_MOVE Run
[11/19/2012 - 08:23:00PM] PLAYER_TRIGGER_ENTER [ths1_TriggerEnterSCRIPT < (0408C7B0)>]
[11/19/2012 - 08:23:03PM] PLAYER_TRIGGER_LEAVE [ths1_TriggerEnterSCRIPT < (0408C7B0)>]
[11/19/2012 - 08:23:06PM] PLAYER_MOVE Sprint
[11/19/2012 - 08:23:07PM] PLAYER_CELL_CHANGE [Cell <Wilderness (04085D52)>] ""
[11/19/2012 - 08:23:08PM] PLAYER_MOVE Run
[11/19/2012 - 08:23:10PM] PLAYER_TRIGGER_ENTER [ths1_TriggerEnterSCRIPT < (0408C7B0)>]
[11/19/2012 - 08:23:15PM] PLAYER_TRIGGER_LEAVE [ths1_TriggerEnterSCRIPT < (0408C7B0)>]
[11/19/2012 - 08:23:19PM] PLAYER_CELL_CHANGE [Cell <Wilderness (04085D4A)>] ""
[11/19/2012 - 08:23:21PM] PLAYER_TRIGGER_ENTER [ths1_TriggerEnterSCRIPT < (0408C7B0)>]
[11/19/2012 - 08:23:23PM] PLAYER_TRIGGER_LEAVE [ths1_TriggerEnterSCRIPT < (0408C7B0)>]
[11/19/2012 - 08:23:24PM] PLAYER_TRIGGER_ENTER [ths1_TriggerEnterSCRIPT < (0408C7B0)>]
[11/19/2012 - 08:23:30PM] PLAYER_TRIGGER_LEAVE [ths1_TriggerEnterSCRIPT < (0408C7B0)>]
[11/19/2012 - 08:23:32PM] PLAYER_TRIGGER_ENTER [ths1_TriggerEnterSCRIPT < (0408CDAD)>]
[11/19/2012 - 08:23:32PM] PLAYER_TRIGGER_LEAVE [ths1_TriggerEnterSCRIPT < (0408CDAD)>]
[11/19/2012 - 08:23:35PM] PLAYER_TRIGGER_ENTER [ths1_TriggerEnterSCRIPT < (0408CDAD)>]
[11/19/2012 - 08:23:37PM] PLAYER_FIGHT None ""
[11/19/2012 - 08:23:38PM] PLAYER_FIGHT None ""
[11/19/2012 - 08:23:39PM] PLAYER_FIGHT None ""
[11/19/2012 - 08:24:10PM] PLAYER_FIGHT None ""
[11/19/2012 - 08:24:10PM] PLAYER_MOVE None
[11/19/2012 - 08:24:11PM] PLAYER_FIGHT None ""
[11/19/2012 - 08:24:11PM] PLAYER_MOVE Run
[11/19/2012 - 08:24:12PM] PLAYER_FIGHT None ""
[11/19/2012 - 08:24:13PM] PLAYER_FIGHT [Actor < (04089353)>] "Chauncey"
[11/19/2012 - 08:24:13PM] PLAYER_MOVE None
[11/19/2012 - 08:24:14PM] PLAYER_FIGHT [Actor < (04089353)>] "Chauncey"
[11/19/2012 - 08:24:15PM] PLAYER_FIGHT [Actor < (04089353)>] "Chauncey"
[11/19/2012 - 08:24:16PM] PLAYER_FIGHT None ""
[11/19/2012 - 08:24:17PM] PLAYER_FIGHT None ""
[11/19/2012 - 08:24:17PM] PLAYER_MOVE Run
[11/19/2012 - 08:24:18PM] PLAYER_FIGHT None ""
[11/19/2012 - 08:24:18PM] PLAYER_MOVE Sprint
[11/19/2012 - 08:24:19PM] PLAYER_FIGHT None ""
[11/19/2012 - 08:24:20PM] PLAYER_CELL_CHANGE [Cell <Wilderness (04085D4C)>] ""
[11/19/2012 - 08:24:20PM] PLAYER_FIGHT None ""
[11/19/2012 - 08:24:20PM] PLAYER_TRIGGER_LEAVE [ths1_TriggerEnterSCRIPT < (0408CDAD)>]
[11/19/2012 - 08:24:20PM] PLAYER_TRIGGER_ENTER [ths1_TriggerEnterSCRIPT < (0408C7AE)>]
[11/19/2012 - 08:24:21PM] PLAYER_FIGHT None ""
[11/19/2012 - 08:24:21PM] PLAYER_ACTOR_VIEW_GAIN [ObjectReference < (04089359)>] "Seamus"
[11/19/2012 - 08:24:21PM] PLAYER_TRIGGER_ENTER [ths1_TriggerEnterSCRIPT < (0408C7AF)>]
[11/19/2012 - 08:24:21PM] PLAYER_TRIGGER_LEAVE [ths1_TriggerEnterSCRIPT < (0408C7AE)>]
[11/19/2012 - 08:24:22PM] PLAYER_FIGHT None ""
[11/19/2012 - 08:24:23PM] PLAYER_CELL_CHANGE [Cell <Wilderness (04085D42)>] ""
[11/19/2012 - 08:24:23PM] PLAYER_FIGHT None ""
[11/19/2012 - 08:24:23PM] PLAYER_TRIGGER_LEAVE [ths1_TriggerEnterSCRIPT < (0408C7AF)>]
[11/19/2012 - 08:24:24PM] PLAYER_FIGHT None ""
[11/19/2012 - 08:24:25PM] PLAYER_FIGHT None ""
[11/19/2012 - 08:24:26PM] PLAYER_FIGHT None ""
[11/19/2012 - 08:24:27PM] PLAYER_FIGHT None ""
[11/19/2012 - 08:24:28PM] PLAYER_FIGHT None ""
[11/19/2012 - 08:24:28PM] PLAYER_ACTOR_VIEW_LOSS [ObjectReference < (04089359)>] "Seamus"
[11/19/2012 - 08:24:29PM] PLAYER_CELL_CHANGE [Cell <Wilderness (04085D44)>] ""
[11/19/2012 - 08:24:29PM] PLAYER_FIGHT None ""
[11/19/2012 - 08:24:30PM] PLAYER_FIGHT None ""
[11/19/2012 - 08:24:31PM] PLAYER_FIGHT None ""
[11/19/2012 - 08:24:32PM] PLAYER_FIGHT None ""
[11/19/2012 - 08:24:33PM] PLAYER_FIGHT None ""
[11/19/2012 - 08:24:34PM] PLAYER_FIGHT None ""
[11/19/2012 - 08:24:34PM] PLAYER_TRIGGER_ENTER [ths1_TriggerEnterSCRIPT < (0408CD80)>]
[11/19/2012 - 08:24:35PM] PLAYER_FIGHT None ""
[11/19/2012 - 08:24:36PM] PLAYER_FIGHT None ""
[11/19/2012 - 08:24:37PM] PLAYER_CELL_CHANGE [Cell <Wilderness (04085D46)>] ""
[11/19/2012 - 08:24:37PM] PLAYER_FIGHT None ""
[11/19/2012 - 08:24:38PM] PLAYER_FIGHT None ""
[11/19/2012 - 08:24:39PM] PLAYER_FIGHT None ""
[11/19/2012 - 08:24:40PM] PLAYER_FIGHT None ""
[11/19/2012 - 08:24:40PM] PLAYER_MOVE Run
[11/19/2012 - 08:24:41PM] PLAYER_FIGHT None ""
[11/19/2012 - 08:24:42PM] PLAYER_FIGHT None ""
[11/19/2012 - 08:24:43PM] PLAYER_FIGHT None ""
[11/19/2012 - 08:24:43PM] PLAYER_TRIGGER_LEAVE [ths1_TriggerEnterSCRIPT < (0408CD80)>]
[11/19/2012 - 08:24:44PM] PLAYER_FIGHT None ""
[11/19/2012 - 08:24:44PM] PLAYER_MOVE None
[11/19/2012 - 08:24:45PM] PLAYER_TRIGGER_ENTER [ths1_TriggerEnterSCRIPT < (0408CD80)>]
[11/19/2012 - 08:24:45PM] PLAYER_FIGHT None ""
[11/19/2012 - 08:24:45PM] PLAYER_TRIGGER_LEAVE [ths1_TriggerEnterSCRIPT < (0408CD80)>]
[11/19/2012 - 08:24:46PM] PLAYER_MOVE Run
[11/19/2012 - 08:24:46PM] PLAYER_TRIGGER_ENTER [ths1_TriggerEnterSCRIPT < (0408CD80)>]
[11/19/2012 - 08:24:46PM] PLAYER_FIGHT None ""
[11/19/2012 - 08:24:46PM] PLAYER_MOVE None
[11/19/2012 - 08:24:47PM] PLAYER_FIGHT None ""
[11/19/2012 - 08:24:47PM] PLAYER_MOVE Run
[11/19/2012 - 08:24:48PM] PLAYER_FIGHT None ""
[11/19/2012 - 08:24:49PM] PLAYER_FIGHT None ""
[11/19/2012 - 08:24:50PM] PLAYER_FIGHT None ""
[11/19/2012 - 08:24:51PM] PLAYER_FIGHT None ""
[11/19/2012 - 08:24:51PM] PLAYER_MOVE None
[11/19/2012 - 08:24:52PM] PLAYER_FIGHT None ""
[11/19/2012 - 08:24:52PM] PLAYER_MOVE Run
[11/19/2012 - 08:24:53PM] PLAYER_FIGHT None ""
[11/19/2012 - 08:24:53PM] PLAYER_MOVE None
[11/19/2012 - 08:24:54PM] PLAYER_FIGHT None ""
[11/19/2012 - 08:24:54PM] PLAYER_MOVE Run
[11/19/2012 - 08:24:55PM] PLAYER_FIGHT None ""
[11/19/2012 - 08:24:56PM] PLAYER_FIGHT None ""
[11/19/2012 - 08:24:57PM] PLAYER_FIGHT None ""
[11/19/2012 - 08:24:58PM] PLAYER_TRIGGER_LEAVE [ths1_TriggerEnterSCRIPT < (0408CD80)>]
[11/19/2012 - 08:24:58PM] PLAYER_FIGHT None ""
[11/19/2012 - 08:24:58PM] PLAYER_TRIGGER_ENTER [ths1_TriggerEnterSCRIPT < (0408CD80)>]
[11/19/2012 - 08:24:58PM] PLAYER_MOVE None
[11/19/2012 - 08:24:59PM] PLAYER_FIGHT None ""
[11/19/2012 - 08:24:59PM] PLAYER_MOVE Run
[11/19/2012 - 08:25:00PM] PLAYER_TRIGGER_LEAVE [ths1_TriggerEnterSCRIPT < (0408CD80)>]
[11/19/2012 - 08:25:00PM] PLAYER_FIGHT None ""
[11/19/2012 - 08:25:01PM] PLAYER_FIGHT None ""
[11/19/2012 - 08:25:01PM] PLAYER_TRIGGER_ENTER [ths1_TriggerEnterSCRIPT < (0408CD80)>]
[11/19/2012 - 08:25:02PM] PLAYER_FIGHT None ""
[11/19/2012 - 08:25:03PM] PLAYER_FIGHT None ""
[11/19/2012 - 08:25:04PM] PLAYER_TRIGGER_LEAVE [ths1_TriggerEnterSCRIPT < (0408CD80)>]
[11/19/2012 - 08:25:04PM] PLAYER_FIGHT None ""
[11/19/2012 - 08:25:05PM] PLAYER_TRIGGER_ENTER [ths1_TriggerEnterSCRIPT < (0408CD80)>]
[11/19/2012 - 08:25:05PM] PLAYER_TRIGGER_LEAVE [ths1_TriggerEnterSCRIPT < (0408CD80)>]
[11/19/2012 - 08:25:05PM] PLAYER_TRIGGER_ENTER [ths1_TriggerEnterSCRIPT < (0408CD80)>]
[11/19/2012 - 08:25:05PM] PLAYER_TRIGGER_LEAVE [ths1_TriggerEnterSCRIPT < (0408CD80)>]
[11/19/2012 - 08:25:06PM] PLAYER_TRIGGER_ENTER [ths1_TriggerEnterSCRIPT < (0408CD80)>]
[11/19/2012 - 08:25:09PM] PLAYER_MOVE None
[11/19/2012 - 08:25:10PM] PLAYER_MOVE Run
[11/19/2012 - 08:25:10PM] PLAYER_TRIGGER_LEAVE [ths1_TriggerEnterSCRIPT < (0408CD80)>]
[11/19/2012 - 08:25:10PM] PLAYER_TRIGGER_ENTER [ths1_TriggerEnterSCRIPT < (0408CD80)>]
[11/19/2012 - 08:25:10PM] PLAYER_TRIGGER_LEAVE [ths1_TriggerEnterSCRIPT < (0408CD80)>]
[11/19/2012 - 08:25:10PM] PLAYER_TRIGGER_ENTER [ths1_TriggerEnterSCRIPT < (0408CD80)>]
[11/19/2012 - 08:25:11PM] PLAYER_CELL_CHANGE [Cell <Wilderness (04085D48)>] ""
[11/19/2012 - 08:25:12PM] PLAYER_MOVE None
[11/19/2012 - 08:25:13PM] PLAYER_MOVE Run
[11/19/2012 - 08:25:15PM] PLAYER_TRIGGER_LEAVE [ths1_TriggerEnterSCRIPT < (0408CD80)>]
[11/19/2012 - 08:25:25PM] PLAYER_MOVE None
[11/19/2012 - 08:25:27PM] PLAYER_MOVE Run
[11/19/2012 - 08:25:32PM] PLAYER_MOVE None
[11/19/2012 - 08:25:33PM] PLAYER_MOVE Run
[11/19/2012 - 08:25:34PM] PLAYER_MOVE None
[11/19/2012 - 08:25:35PM] PLAYER_MOVE Run
[11/19/2012 - 08:25:35PM] PLAYER_ACTOR_VIEW_GAIN [ObjectReference < (04089359)>] "Seamus"
[11/19/2012 - 08:25:36PM] PLAYER_MOVE None
[11/19/2012 - 08:25:36PM] PLAYER_ACTOR_VIEW_LOSS [ObjectReference < (04089359)>] "Seamus"
[11/19/2012 - 08:25:37PM] PLAYER_MOVE Run
[11/19/2012 - 08:25:41PM] PLAYER_MOVE None
[11/19/2012 - 08:25:42PM] PLAYER_MOVE Sprint
[11/19/2012 - 08:25:43PM] PLAYER_TRIGGER_ENTER [ths1_TriggerEnterSCRIPT < (0408CD81)>]
[11/19/2012 - 08:25:44PM] PLAYER_MOVE Run
[11/19/2012 - 08:25:45PM] PLAYER_CELL_CHANGE [Cell <Wilderness (04085D50)>] ""
[11/19/2012 - 08:25:45PM] PLAYER_MOVE None
[11/19/2012 - 08:25:46PM] PLAYER_MOVE Run
[11/19/2012 - 08:25:47PM] PLAYER_MOVE Sprint
[11/19/2012 - 08:25:48PM] PLAYER_TRIGGER_LEAVE [ths1_TriggerEnterSCRIPT < (0408CD81)>]
[11/19/2012 - 08:25:48PM] PLAYER_TRIGGER_ENTER [ths1_TriggerEnterSCRIPT < (0408CD96)>]
[11/19/2012 - 08:25:51PM] PLAYER_MOVE None
[11/19/2012 - 08:25:53PM] PLAYER_DIALOGUE [TIF__02077F7E <topic info 04077F7E on quest ths1_MissingDog (04009344)>] NPC_SPEAKER [Actor < (0408B625)>]
[11/19/2012 - 08:25:57PM] PLAYER_MOVE Run
[11/19/2012 - 08:25:58PM] PLAYER_MOVE None
[11/19/2012 - 08:26:04PM] PLAYER_ITEM_OBTAIN None "Blue Mage Robes"
[11/19/2012 - 08:26:05PM] PLAYER_MOVE Run
[11/19/2012 - 08:26:44PM] PLAYER_TRIGGER_LEAVE [ths1_TriggerEnterSCRIPT < (0408CD96)>]
[11/19/2012 - 08:26:44PM] PLAYER_MOVE None
[11/19/2012 - 08:26:45PM] PLAYER_CELL_CHANGE [Cell <ths1_Cave3 (0402C9A7)>] "Cave"
[11/19/2012 - 08:26:46PM] PLAYER_MOVE Run
[11/19/2012 - 08:26:47PM] PLAYER_TRIGGER_ENTER [ths1_TriggerEnterSCRIPT < (04074E41)>]
[11/19/2012 - 08:26:47PM] PLAYER_TRIGGER_LEAVE [ths1_TriggerEnterSCRIPT < (04074E41)>]
[11/19/2012 - 08:26:47PM] PLAYER_TRIGGER_ENTER [ths1_SeamusCaveForceGreetSCRIPT <alias SeamusCaveForceGreetTrigALIAS on quest ths1_MissingDog (04009344)>] "SeamusCaveForceGreetTrigALIAS"
[11/19/2012 - 08:26:48PM] PLAYER_TRIGGER_LEAVE [ths1_SeamusCaveForceGreetSCRIPT <alias SeamusCaveForceGreetTrigALIAS on quest ths1_MissingDog (04009344)>] "SeamusCaveForceGreetTrigALIAS"
[11/19/2012 - 08:26:54PM] PLAYER_TRIGGER_ENTER [ths1_TriggerEnterSCRIPT < (04074E42)>]
[11/19/2012 - 08:26:54PM] PLAYER_FIGHT None ""
[11/19/2012 - 08:26:55PM] PLAYER_MOVE None
[11/19/2012 - 08:26:55PM] PLAYER_FIGHT [Actor < (04041C6E)>] "Cultist Soldier"
[11/19/2012 - 08:26:56PM] PLAYER_FIGHT None ""
[11/19/2012 - 08:26:56PM] PLAYER_TRIGGER_LEAVE [ths1_TriggerEnterSCRIPT < (04074E42)>]
[11/19/2012 - 08:26:58PM] PLAYER_FIGHT None ""
[11/19/2012 - 08:26:58PM] PLAYER_MOVE Run
[11/19/2012 - 08:26:58PM] PLAYER_FIGHT None ""
[11/19/2012 - 08:26:59PM] PLAYER_TRIGGER_ENTER [ths1_TriggerEnterSCRIPT < (04074E42)>]
[11/19/2012 - 08:27:00PM] PLAYER_FIGHT None ""
[11/19/2012 - 08:27:00PM] PLAYER_MOVE None
[11/19/2012 - 08:27:01PM] PLAYER_FIGHT None ""
[11/19/2012 - 08:27:01PM] PLAYER_FIGHT None ""
[11/19/2012 - 08:27:02PM] PLAYER_FIGHT None ""
[11/19/2012 - 08:27:04PM] PLAYER_FIGHT None ""
[11/19/2012 - 08:27:04PM] PLAYER_MOVE Run
[11/19/2012 - 08:27:05PM] PLAYER_FIGHT None ""
[11/19/2012 - 08:27:05PM] PLAYER_TRIGGER_LEAVE [ths1_TriggerEnterSCRIPT < (04074E42)>]
[11/19/2012 - 08:27:35PM] PLAYER_FIGHT None ""
[11/19/2012 - 08:27:37PM] PLAYER_MOVE None
[11/19/2012 - 08:27:39PM] PLAYER_MOVE Run
[11/19/2012 - 08:27:41PM] PLAYER_MOVE None
[11/19/2012 - 08:27:42PM] PLAYER_MOVE Run
[11/19/2012 - 08:27:45PM] PLAYER_TRIGGER_ENTER [ths1_TriggerEnterSCRIPT < (04074E43)>]
[11/19/2012 - 08:27:45PM] PLAYER_TRIGGER_LEAVE [ths1_TriggerEnterSCRIPT < (04074E43)>]
[11/19/2012 - 08:27:50PM] PLAYER_TRIGGER_ENTER [ths1_TriggerEnterSCRIPT < (04074E44)>]
[11/19/2012 - 08:27:51PM] PLAYER_TRIGGER_LEAVE [ths1_TriggerEnterSCRIPT < (04074E44)>]
[11/19/2012 - 08:27:51PM] PLAYER_MOVE None
[11/19/2012 - 08:27:52PM] PLAYER_ACTOR_VIEW_GAIN [ObjectReference < (04039836)>] "Kitty"
[11/19/2012 - 08:27:52PM] PLAYER_MOVE Run
[11/19/2012 - 08:27:54PM] PLAYER_ENTER_TRIGGER [ths1_CCQNearCatTriggerSCRIPT <alias NearCatTRIG on quest ths1_MissingDog (04009344)>]
[11/19/2012 - 08:27:55PM] PLAYER_MOVE None
[11/19/2012 - 08:27:59PM] PLAYER_ACTOR_VIEW_LOSS [ObjectReference < (04039836)>] "Kitty"
[11/19/2012 - 08:28:03PM] PLAYER_ACTOR_VIEW_GAIN [ObjectReference < (04039836)>] "Kitty"
[11/19/2012 - 08:28:06PM] PLAYER_ACTOR_VIEW_LOSS [ObjectReference < (04039836)>] "Kitty"
[11/19/2012 - 08:28:06PM] PLAYER_MOVE Run
[11/19/2012 - 08:28:08PM] PLAYER_TRIGGER_ENTER [ths1_TriggerEnterSCRIPT < (04074E44)>]
[11/19/2012 - 08:28:09PM] PLAYER_TRIGGER_LEAVE [ths1_TriggerEnterSCRIPT < (04074E44)>]
[11/19/2012 - 08:28:12PM] PLAYER_MOVE None
[11/19/2012 - 08:28:15PM] PLAYER_MOVE Run
[11/19/2012 - 08:28:16PM] PLAYER_TRIGGER_ENTER [ths1_TriggerEnterSCRIPT < (04074E43)>]
[11/19/2012 - 08:28:16PM] PLAYER_MOVE Sprint
[11/19/2012 - 08:28:16PM] PLAYER_TRIGGER_LEAVE [ths1_TriggerEnterSCRIPT < (04074E43)>]
[11/19/2012 - 08:28:18PM] PLAYER_MOVE None
[11/19/2012 - 08:28:19PM] PLAYER_MOVE Run
[11/19/2012 - 08:28:20PM] PLAYER_ITEM_OBTAIN None "Hide Shield"
[11/19/2012 - 08:28:26PM] PLAYER_MOVE None
[11/19/2012 - 08:28:32PM] PLAYER_MOVE Run
[11/19/2012 - 08:28:33PM] PLAYER_TRIGGER_ENTER [ths1_TriggerEnterSCRIPT < (04074E43)>]
[11/19/2012 - 08:28:34PM] PLAYER_TRIGGER_LEAVE [ths1_TriggerEnterSCRIPT < (04074E43)>]
[11/19/2012 - 08:29:05PM] PLAYER_MOVE None
[11/19/2012 - 08:29:07PM] PLAYER_MOVE Run
[11/19/2012 - 08:29:09PM] PLAYER_TRIGGER_ENTER [ths1_TriggerEnterSCRIPT < (04074E44)>]
[11/19/2012 - 08:29:10PM] PLAYER_TRIGGER_LEAVE [ths1_TriggerEnterSCRIPT < (04074E44)>]
[11/19/2012 - 08:29:10PM] PLAYER_ACTOR_VIEW_GAIN [ObjectReference < (04039836)>] "Kitty"
[11/19/2012 - 08:29:13PM] PLAYER_MOVE None
[11/19/2012 - 08:29:13PM] PLAYER_ACTOR_VIEW_LOSS [ObjectReference < (04039836)>] "Kitty"
[11/19/2012 - 08:29:14PM] PLAYER_ACTOR_VIEW_GAIN [ObjectReference < (04039836)>] "Kitty"
[11/19/2012 - 08:29:20PM] PLAYER_ACTOR_VIEW_LOSS [ObjectReference < (04039836)>] "Kitty"
[11/19/2012 - 08:29:20PM] PLAYER_MOVE Run
[11/19/2012 - 08:29:21PM] PLAYER_MOVE None
[11/19/2012 - 08:29:23PM] PLAYER_MOVE Run
[11/19/2012 - 08:29:26PM] PLAYER_MOVE None
[11/19/2012 - 08:29:27PM] PLAYER_ITEM_OBTAIN None "Salmon Meat"
[11/19/2012 - 08:29:30PM] PLAYER_MOVE Run
[11/19/2012 - 08:29:34PM] PLAYER_MOVE None
[11/19/2012 - 08:29:34PM] PLAYER_TRIGGER_ENTER [ths1_TriggerEnterSCRIPT < (04074E44)>]
[11/19/2012 - 08:29:35PM] PLAYER_MOVE Run
[11/19/2012 - 08:29:35PM] PLAYER_TRIGGER_LEAVE [ths1_TriggerEnterSCRIPT < (04074E44)>]
[11/19/2012 - 08:29:39PM] PLAYER_TRIGGER_ENTER [ths1_TriggerEnterSCRIPT < (04074E44)>]
[11/19/2012 - 08:29:40PM] PLAYER_TRIGGER_LEAVE [ths1_TriggerEnterSCRIPT < (04074E44)>]
[11/19/2012 - 08:29:43PM] PLAYER_TRIGGER_ENTER [ths1_TriggerEnterSCRIPT < (04074E45)>]
[11/19/2012 - 08:29:44PM] PLAYER_TRIGGER_LEAVE [ths1_TriggerEnterSCRIPT < (04074E45)>]
[11/19/2012 - 08:29:46PM] PLAYER_MOVE Sprint
[11/19/2012 - 08:29:47PM] PLAYER_MOVE Run
[11/19/2012 - 08:29:48PM] PLAYER_TRIGGER_ENTER [ths1_TriggerEnterSCRIPT < (04074E47)>]
[11/19/2012 - 08:29:48PM] PLAYER_MOVE None
[11/19/2012 - 08:29:48PM] PLAYER_TRIGGER_LEAVE [ths1_TriggerEnterSCRIPT < (04074E47)>]
[11/19/2012 - 08:29:52PM] PLAYER_TRIGGER_ENTER [ths1_TriggerEnterSCRIPT < (04074E47)>]
[11/19/2012 - 08:29:52PM] PLAYER_MOVE Run
[11/19/2012 - 08:29:53PM] PLAYER_TRIGGER_LEAVE [ths1_TriggerEnterSCRIPT < (04074E47)>]
[11/19/2012 - 08:29:53PM] PLAYER_MOVE None
[11/19/2012 - 08:29:54PM] PLAYER_MOVE Run
[11/19/2012 - 08:30:00PM] PLAYER_MOVE None
[11/19/2012 - 08:30:01PM] PLAYER_MOVE Run
[11/19/2012 - 08:30:05PM] PLAYER_TRIGGER_ENTER [ths1_TriggerEnterSCRIPT < (04074E46)>]
[11/19/2012 - 08:30:35PM] PLAYER_MOVE None
[11/19/2012 - 08:30:36PM] PLAYER_TRIGGER_LEAVE [ths1_TriggerEnterSCRIPT < (04074E46)>]
[11/19/2012 - 08:30:36PM] PLAYER_MOVE Run
[11/19/2012 - 08:30:40PM] PLAYER_TRIGGER_ENTER [ths1_TriggerEnterSCRIPT < (04074E48)>]
[11/19/2012 - 08:30:40PM] PLAYER_ACTOR_VIEW_GAIN [ObjectReference < (0402DCC8)>] "Scruff"
[11/19/2012 - 08:30:41PM] PLAYER_MOVE None
[11/19/2012 - 08:30:42PM] PLAYER_TRIGGER_LEAVE [ths1_TriggerEnterSCRIPT < (04074E48)>]
[11/19/2012 - 08:30:43PM] PLAYER_MOVE Run
[11/19/2012 - 08:30:45PM] PLAYER_MOVE None
[11/19/2012 - 08:30:46PM] PLAYER_MOVE Run
[11/19/2012 - 08:30:48PM] PLAYER_MOVE None
[11/19/2012 - 08:30:48PM] PLAYER_ACTOR_VIEW_LOSS [ObjectReference < (0402DCC8)>] "Scruff"
[11/19/2012 - 08:30:50PM] PLAYER_ACTOR_VIEW_GAIN [ObjectReference < (0402DCC8)>] "Scruff"
[11/19/2012 - 08:30:51PM] PLAYER_MOVE Run
[11/19/2012 - 08:30:54PM] PLAYER_MOVE None
[11/19/2012 - 08:30:59PM] PLAYER_ACTOR_VIEW_LOSS [ObjectReference < (0402DCC8)>] "Scruff"
[11/19/2012 - 08:31:00PM] PLAYER_FIGHT None ""
[11/19/2012 - 08:31:01PM] PLAYER_POV_CHANGE THIRD_PERSON
[11/19/2012 - 08:31:01PM] PLAYER_FIGHT None ""
[11/19/2012 - 08:31:02PM] PLAYER_FIGHT [Actor < (0402E7A7)>] "Borvir"
[11/19/2012 - 08:31:03PM] PLAYER_FIGHT None ""
[11/19/2012 - 08:31:05PM] PLAYER_POV_CHANGE FIRST_PERSON
[11/19/2012 - 08:31:08PM] PLAYER_MOVE Run
[11/19/2012 - 08:31:09PM] PLAYER_MOVE None
[11/19/2012 - 08:31:10PM] PLAYER_DIALOGUE [TIF__01038246 <topic info 04038246 on quest ths1_MissingDog (04009344)>] NPC_SPEAKER [Actor < (04038D23)>]
[11/19/2012 - 08:31:13PM] PLAYER_DIALOGUE [TIF__01037CD7 <topic info 04037CD7 on quest ths1_MissingDog (04009344)>] NPC_SPEAKER [Actor < (04038D23)>]
[11/19/2012 - 08:31:18PM] PLAYER_DIALOGUE [TIF__01069E7D <topic info 04069E7D on quest ths1_MissingDog (04009344)>] NPC_SPEAKER [Actor < (04038D23)>]
[11/19/2012 - 08:31:23PM] PLAYER_POV_CHANGE THIRD_PERSON
[11/19/2012 - 08:31:27PM] PLAYER_POV_CHANGE FIRST_PERSON
[11/19/2012 - 08:31:30PM] PLAYER_ITEM_OBTAIN None "Cat Cage Key"
[11/19/2012 - 08:31:31PM] PLAYER_ITEM_OBTAIN None "Dog Cage Key"
[11/19/2012 - 08:31:33PM] PLAYER_ACTOR_VIEW_GAIN [ObjectReference < (0402DCC8)>] "Scruff"
[11/19/2012 - 08:32:05PM] PLAYER_DOOR_OPEN [ths1_MDQRescueDogScript <alias ths1_DogCageDoorAlias on quest ths1_MissingDog (04009344)>] "ths1_DogCageDoorAlias"
[11/19/2012 - 08:32:05PM] QUEST_STAGE_CHANGE [ths1_MDQScript <ths1_MissingDog (04009344)>] "Missing Dog" 31
[11/19/2012 - 08:32:11PM] PLAYER_DIALOGUE [TIF__01024EEA <topic info 04024EEA on quest ths1_MissingDog (04009344)>] NPC_SPEAKER [Actor < (0402DCC8)>]
[11/19/2012 - 08:32:14PM] PLAYER_MOVE Run
[11/19/2012 - 08:32:15PM] PLAYER_ACTOR_VIEW_LOSS [ObjectReference < (0402DCC8)>] "Scruff"
[11/19/2012 - 08:32:19PM] PLAYER_TRIGGER_ENTER [ths1_TriggerEnterSCRIPT < (04074E48)>]
[11/19/2012 - 08:32:19PM] PLAYER_MOVE Sprint
[11/19/2012 - 08:32:19PM] PLAYER_TRIGGER_LEAVE [ths1_TriggerEnterSCRIPT < (04074E48)>]
[11/19/2012 - 08:32:20PM] PLAYER_MOVE Run
[11/19/2012 - 08:32:22PM] PLAYER_MOVE Sprint
[11/19/2012 - 08:32:23PM] PLAYER_TRIGGER_ENTER [ths1_TriggerEnterSCRIPT < (04074E46)>]
[11/19/2012 - 08:32:23PM] PLAYER_MOVE Run
[11/19/2012 - 08:32:23PM] PLAYER_TRIGGER_LEAVE [ths1_TriggerEnterSCRIPT < (04074E46)>]
[11/19/2012 - 08:32:26PM] PLAYER_MOVE Sprint
[11/19/2012 - 08:32:27PM] PLAYER_TRIGGER_ENTER [ths1_TriggerEnterSCRIPT < (04074E47)>]
[11/19/2012 - 08:32:28PM] PLAYER_TRIGGER_LEAVE [ths1_TriggerEnterSCRIPT < (04074E47)>]
[11/19/2012 - 08:32:29PM] PLAYER_MOVE Run
[11/19/2012 - 08:32:30PM] PLAYER_MOVE Sprint
[11/19/2012 - 08:32:31PM] PLAYER_TRIGGER_ENTER [ths1_TriggerEnterSCRIPT < (04074E45)>]
[11/19/2012 - 08:32:32PM] PLAYER_TRIGGER_LEAVE [ths1_TriggerEnterSCRIPT < (04074E45)>]
[11/19/2012 - 08:32:32PM] PLAYER_ACTOR_VIEW_GAIN [ObjectReference < (04039836)>] "Kitty"
[11/19/2012 - 08:32:33PM] PLAYER_MOVE Run
[11/19/2012 - 08:32:33PM] PLAYER_MOVE Sprint
[11/19/2012 - 08:32:34PM] PLAYER_ACTOR_VIEW_GAIN [ObjectReference < (04039836)>] "Kitty"
[11/19/2012 - 08:32:35PM] PLAYER_ACTOR_VIEW_GAIN [ObjectReference < (04039836)>] "Kitty"
[11/19/2012 - 08:32:36PM] PLAYER_ENTER_TRIGGER [ths1_CCQNearCatTriggerSCRIPT <alias NearCatTRIG on quest ths1_MissingDog (04009344)>]
[11/19/2012 - 08:32:36PM] PLAYER_MOVE None
[11/19/2012 - 08:32:37PM] DOOR_OPEN [ths1_CCQRescueCaveCatSCRIPT <alias CatCageDoor on quest ths1_CapturedCatQUEST (0403B916)>]
[11/19/2012 - 08:32:54PM] PLAYER_MOVE Sneak
[11/19/2012 - 08:32:56PM] PLAYER_ACTOR_VIEW_LOSS [ObjectReference < (04039836)>] "Kitty"
[11/19/2012 - 08:32:57PM] PLAYER_MOVE Run
[11/19/2012 - 08:32:59PM] PLAYER_MOVE None
[11/19/2012 - 08:33:00PM] PLAYER_GRAB[ObjectReference < (0402CAB1)>] "Pheasant"
[11/19/2012 - 08:33:01PM] PLAYER_GRAB[ObjectReference < (0402CAB1)>] "Pheasant"
[11/19/2012 - 08:33:02PM] PLAYER_GRAB[ObjectReference < (0402CAB1)>] "Pheasant"
[11/19/2012 - 08:33:35PM] PLAYER_GRAB[ObjectReference < (0402CAB1)>] "Pheasant"
[11/19/2012 - 08:34:09PM] Log closed
