[11/16/2012 - 07:38:12PM] 17 log opened (PC)
[11/16/2012 - 07:38:12PM] PLAYER_MOVE Run
[11/16/2012 - 07:38:13PM] PLAYER_MOVE None
[11/16/2012 - 07:38:16PM] PLAYER_TRIGGER_ENTER [ths1_TriggerEnterSCRIPT < (04074E51)>]
[11/16/2012 - 07:38:18PM] PLAYER_MOVE Run
[11/16/2012 - 07:38:18PM] PLAYER_TRIGGER_LEAVE [ths1_TriggerEnterSCRIPT < (04074E51)>]
[11/16/2012 - 07:38:18PM] PLAYER_TRIGGER_ENTER [ths1_TriggerEnterSCRIPT < (04074E50)>]
[11/16/2012 - 07:38:20PM] PLAYER_MOVE None
[11/16/2012 - 07:38:24PM] PLAYER_TRIGGER_LEAVE [ths1_TriggerEnterSCRIPT < (04074E50)>]
[11/16/2012 - 07:38:25PM] PLAYER_MOVE Run
[11/16/2012 - 07:38:25PM] PLAYER_TRIGGER_ENTER [ths1_TriggerEnterSCRIPT < (04074E4F)>]
[11/16/2012 - 07:38:27PM] PLAYER_MOVE None
[11/16/2012 - 07:38:35PM] PLAYER_TRIGGER_ENTER [ths1_TriggerEnterSCRIPT < (0408C788)>]
[11/16/2012 - 07:38:35PM] PLAYER_TRIGGER_LEAVE [ths1_TriggerEnterSCRIPT < (04074E4F)>]
[11/16/2012 - 07:38:36PM] PLAYER_CELL_CHANGE [Cell <Wilderness (04085D56)>] ""
[11/16/2012 - 07:38:36PM] PLAYER_WORLDSPACE_CHANGE [WorldSpace <ths1_Town (04085D17)>] "Town"
[11/16/2012 - 07:38:37PM] PLAYER_MOVE Run
[11/16/2012 - 07:38:38PM] PLAYER_TRIGGER_LEAVE [ths1_TriggerEnterSCRIPT < (0408C788)>]
[11/16/2012 - 07:38:39PM] PLAYER_CELL_CHANGE [Cell <Wilderness (04085D34)>] ""
[11/16/2012 - 07:38:41PM] PLAYER_TRIGGER_ENTER [ths1_TriggerEnterSCRIPT < (0408CDAB)>]
[11/16/2012 - 07:38:41PM] PLAYER_MOVE None
[11/16/2012 - 07:38:44PM] PLAYER_MOVE Run
[11/16/2012 - 07:38:44PM] PLAYER_TRIGGER_LEAVE [ths1_TriggerEnterSCRIPT < (0408CDAB)>]
[11/16/2012 - 07:38:45PM] PLAYER_MOVE None
[11/16/2012 - 07:38:49PM] PLAYER_DIALOGUE [TIF__020774A6 <topic info 040774A6 on quest ths1_MasterQuest (040319F7)>] NPC_SPEAKER [Actor < (0408BC45)>]
[11/16/2012 - 07:38:52PM] PLAYER_DIALOGUE [TIF__020774A8 <topic info 040774A8 on quest ths1_MasterQuest (040319F7)>] NPC_SPEAKER [Actor < (0408BC45)>]
[11/16/2012 - 07:38:57PM] PLAYER_DIALOGUE [TIF__0207BD42 <topic info 0407BD42 on quest ths1_MasterQuest (040319F7)>] NPC_SPEAKER [Actor < (0408BC45)>]
[11/16/2012 - 07:39:02PM] PLAYER_DIALOGUE [TIF__0207FA85 <topic info 0407FA85 on quest ths1_MasterQuest (040319F7)>] NPC_SPEAKER [Actor < (0408BC45)>]
[11/16/2012 - 07:39:07PM] PLAYER_DIALOGUE [TIF__0208EEAE <topic info 0408EEAE on quest ths1_MasterQuest (040319F7)>] NPC_SPEAKER [Actor < (0408BC45)>]
[11/16/2012 - 07:39:22PM] PLAYER_DIALOGUE [TIF__0208EEB2 <topic info 0408EEB2 on quest ths1_MasterQuest (040319F7)>] NPC_SPEAKER [Actor < (0408BC45)>]
[11/16/2012 - 07:39:36PM] PLAYER_TRIGGER_ENTER [ths1_TriggerEnterSCRIPT < (0408CDAB)>]
[11/16/2012 - 07:39:40PM] PLAYER_MOVE Run
[11/16/2012 - 07:39:40PM] PLAYER_TRIGGER_LEAVE [ths1_TriggerEnterSCRIPT < (0408CDAB)>]
[11/16/2012 - 07:39:43PM] PLAYER_CELL_CHANGE [Cell <Wilderness (04085D4C)>] ""
[11/16/2012 - 07:39:47PM] PLAYER_MOVE None
[11/16/2012 - 07:39:49PM] PLAYER_MOVE Run
[11/16/2012 - 07:39:49PM] PLAYER_TRIGGER_ENTER [ths1_TriggerEnterSCRIPT < (0408C7C0)>]
[11/16/2012 - 07:39:50PM] PLAYER_MOVE None
[11/16/2012 - 07:39:51PM] PLAYER_MOVE Run
[11/16/2012 - 07:39:52PM] PLAYER_MOVE None
[11/16/2012 - 07:40:00PM] PLAYER_TRIGGER_ENTER [ths1_TriggerEnterSCRIPT < (040748BF)>]
[11/16/2012 - 07:40:00PM] PLAYER_TRIGGER_LEAVE [ths1_TriggerEnterSCRIPT < (0408C7C0)>]
[11/16/2012 - 07:40:01PM] PLAYER_CELL_CHANGE [Cell <ths1_MuseumInterior (04044D5A)>] "Bubbsey's Oddity Emporium"
[11/16/2012 - 07:40:02PM] PLAYER_MOVE Run
[11/16/2012 - 07:40:03PM] PLAYER_TRIGGER_LEAVE [ths1_TriggerEnterSCRIPT < (040748BF)>]
[11/16/2012 - 07:40:03PM] PLAYER_MOVE None
[11/16/2012 - 07:40:05PM] PLAYER_MOVE Run
[11/16/2012 - 07:40:06PM] PLAYER_TRIGGER_ENTER [ths1_TriggerEnterSCRIPT < (040748C8)>]
[11/16/2012 - 07:40:06PM] PLAYER_TRIGGER_LEAVE [ths1_TriggerEnterSCRIPT < (040748C8)>]
[11/16/2012 - 07:40:07PM] PLAYER_DIALOGUE [TIF__01064239 <topic info 04064239 on quest ths1_CaptiveOrc (0401A9F8)>] NPC_SPEAKER [Actor < (04049751)>]
[11/16/2012 - 07:40:07PM] PLAYER_MOVE None
[11/16/2012 - 07:40:11PM] PLAYER_DIALOGUE [TIF__0103F01B <topic info 0403F01B on quest ths1_CaptiveOrc (0401A9F8)>] NPC_SPEAKER [Actor < (04049751)>]
[11/16/2012 - 07:40:11PM] QUEST_STAGE_CHANGE [ths1_CaptiveOrcQuestSCRIPT <ths1_CaptiveOrc (0401A9F8)>] "The Museum Attraction" 3
[11/16/2012 - 07:40:18PM] PLAYER_DIALOGUE [TIF__0103F01D <topic info 0403F01D on quest ths1_CaptiveOrc (0401A9F8)>] NPC_SPEAKER [Actor < (04049751)>]
[11/16/2012 - 07:40:37PM] PLAYER_MOVE Run
[11/16/2012 - 07:40:38PM] PLAYER_TRIGGER_ENTER [ths1_TriggerEnterSCRIPT < (040748D4)>]
[11/16/2012 - 07:40:38PM] PLAYER_MOVE None
[11/16/2012 - 07:40:39PM] PLAYER_TRIGGER_LEAVE [ths1_TriggerEnterSCRIPT < (040748D4)>]
[11/16/2012 - 07:40:40PM] QUEST_STAGE_CHANGE [ths1_CaptiveOrcQuestSCRIPT <ths1_CaptiveOrc (0401A9F8)>] "The Museum Attraction" 5
[11/16/2012 - 07:40:41PM] ACTOR_DOOR_OPEN [Actor < (04049751)>] "Bubbsey" : [ths1_MuseumHiddenDoorSCRIPT <alias MuseumHiddenDoor on quest ths1_CaptiveOrc (0401A9F8)>] "MuseumHiddenDoor"
[11/16/2012 - 07:40:43PM] PLAYER_TRIGGER_ENTER [ths1_TriggerEnterSCRIPT < (040748D5)>]
[11/16/2012 - 07:40:43PM] PLAYER_MOVE Run
[11/16/2012 - 07:40:45PM] PLAYER_TRIGGER_LEAVE [ths1_TriggerEnterSCRIPT < (040748D5)>]
[11/16/2012 - 07:40:46PM] PLAYER_TRIGGER_ENTER [ths1_NearOrcCageTrigScript <alias NearMuseumOrcCageTrigALIAS on quest ths1_CaptiveOrc (0401A9F8)>]
[11/16/2012 - 07:40:46PM] QUEST_STAGE_CHANGE [ths1_CaptiveOrcQuestSCRIPT <ths1_CaptiveOrc (0401A9F8)>] "The Museum Attraction" 10
[11/16/2012 - 07:40:46PM] PLAYER_MOVE None
[11/16/2012 - 07:40:57PM] PLAYER_DIALOGUE [TIF__0101A9FC <topic info 0401A9FC on quest ths1_CaptiveOrc (0401A9F8)>] NPC_SPEAKER [Actor < (040491E3)>]
[11/16/2012 - 07:41:05PM] PLAYER_DIALOGUE [TIF__0101AF69 <topic info 0401AF69 on quest ths1_CaptiveOrc (0401A9F8)>] NPC_SPEAKER [Actor < (040491E3)>]
[11/16/2012 - 07:41:09PM] PLAYER_DIALOGUE [TIF__010350CF <topic info 040350CF on quest ths1_CaptiveOrc (0401A9F8)>] NPC_SPEAKER [Actor < (040491E3)>]
[11/16/2012 - 07:41:13PM] PLAYER_DIALOGUE [TIF__010371A9 <topic info 040371A9 on quest ths1_CaptiveOrc (0401A9F8)>] NPC_SPEAKER [Actor < (040491E3)>]
[11/16/2012 - 07:41:20PM] PLAYER_DIALOGUE [TIF__010371A7 <topic info 040371A7 on quest ths1_CaptiveOrc (0401A9F8)>] NPC_SPEAKER [Actor < (040491E3)>]
[11/16/2012 - 07:41:26PM] PLAYER_MOVE Run
[11/16/2012 - 07:41:28PM] PLAYER_TRIGGER_ENTER [ths1_TriggerEnterSCRIPT < (040748D5)>]
[11/16/2012 - 07:41:28PM] PLAYER_TRIGGER_LEAVE [ths1_TriggerEnterSCRIPT < (040748D5)>]
[11/16/2012 - 07:41:30PM] PLAYER_TRIGGER_ENTER [ths1_TriggerEnterSCRIPT < (040748D4)>]
[11/16/2012 - 07:41:30PM] PLAYER_MOVE None
[11/16/2012 - 07:41:31PM] PLAYER_TRIGGER_LEAVE [ths1_TriggerEnterSCRIPT < (040748D4)>]
[11/16/2012 - 07:41:31PM] PLAYER_MOVE Run
[11/16/2012 - 07:41:32PM] PLAYER_MOVE None
[11/16/2012 - 07:41:35PM] PLAYER_MOVE Run
[11/16/2012 - 07:41:37PM] PLAYER_MOVE None
[11/16/2012 - 07:41:50PM] PLAYER_MOVE Run
[11/16/2012 - 07:41:51PM] PLAYER_MOVE None
[11/16/2012 - 07:41:59PM] PLAYER_MOVE Run
[11/16/2012 - 07:42:00PM] PLAYER_MOVE None
[11/16/2012 - 07:42:03PM] PLAYER_DIALOGUE [TIF__010688C2 <topic info 040688C2 on quest ths1_CaptiveOrc (0401A9F8)>] NPC_SPEAKER [Actor < (04049751)>]
[11/16/2012 - 07:42:04PM] PLAYER_DIALOGUE [TIF__01052C39 <topic info 04052C39 on quest ths1_CaptiveOrc (0401A9F8)>] NPC_SPEAKER [Actor < (04049751)>]
[11/16/2012 - 07:42:10PM] PLAYER_DIALOGUE [TIF__01052C3B <topic info 04052C3B on quest ths1_CaptiveOrc (0401A9F8)>] NPC_SPEAKER [Actor < (04049751)>]
[11/16/2012 - 07:42:45PM] PLAYER_DIALOGUE [TIF__0207227D <topic info 0407227D on quest ths1_CaptiveOrc (0401A9F8)>] NPC_SPEAKER [Actor < (04049751)>]
[11/16/2012 - 07:42:55PM] PLAYER_DIALOGUE [TIF__02072280 <topic info 04072280 on quest ths1_CaptiveOrc (0401A9F8)>] NPC_SPEAKER [Actor < (04049751)>]
[11/16/2012 - 07:42:56PM] PLAYER_ITEM_OBTAIN None "Orc Cage Key"
[11/16/2012 - 07:42:56PM] PLAYER_ITEM_REMOVED None "gold" COUNT 2000 CONTAINER [Actor < (04049751)>]
[11/16/2012 - 07:43:07PM] PLAYER_MOVE Run
[11/16/2012 - 07:43:08PM] PLAYER_MOVE None
[11/16/2012 - 07:43:10PM] PLAYER_MOVE Run
[11/16/2012 - 07:43:11PM] PLAYER_TRIGGER_ENTER [ths1_TriggerEnterSCRIPT < (040748D4)>]
[11/16/2012 - 07:43:12PM] PLAYER_TRIGGER_LEAVE [ths1_TriggerEnterSCRIPT < (040748D4)>]
[11/16/2012 - 07:43:13PM] PLAYER_TRIGGER_ENTER [ths1_TriggerEnterSCRIPT < (040748D5)>]
[11/16/2012 - 07:43:13PM] PLAYER_TRIGGER_LEAVE [ths1_TriggerEnterSCRIPT < (040748D5)>]
[11/16/2012 - 07:43:15PM] PLAYER_TRIGGER_ENTER [ths1_NearOrcCageTrigScript <alias NearMuseumOrcCageTrigALIAS on quest ths1_CaptiveOrc (0401A9F8)>]
[11/16/2012 - 07:43:15PM] PLAYER_MOVE None
[11/16/2012 - 07:43:56PM] QUEST_STAGE_CHANGE [ths1_CaptiveOrcQuestSCRIPT <ths1_CaptiveOrc (0401A9F8)>] "The Museum Attraction" 30
[11/16/2012 - 07:43:56PM] QUEST_COMPLETED [ths1_CaptiveOrcQuestSCRIPT <ths1_CaptiveOrc (0401A9F8)>] "The Museum Attraction"
[11/16/2012 - 07:44:04PM] PLAYER_ITEM_OBTAIN [ObjectReference < (04044DC3)>] "gold"
[11/16/2012 - 07:44:06PM] PLAYER_ITEM_OBTAIN [ObjectReference < (04044DC5)>] "Steel Dagger"
[11/16/2012 - 07:44:08PM] PLAYER_ITEM_OBTAIN [ObjectReference < (0407CDF1)>] "Iron Dagger"
[11/16/2012 - 07:44:09PM] PLAYER_ITEM_OBTAIN [ObjectReference < (04044DC1)>] "gold"
[11/16/2012 - 07:44:10PM] PLAYER_ITEM_OBTAIN [ObjectReference < (04044DC2)>] "gold"
[11/16/2012 - 07:44:12PM] PLAYER_ITEM_OBTAIN [ObjectReference < (04044DC0)>] "gold"
[11/16/2012 - 07:44:16PM] PLAYER_TRIGGER_ENTER [ths1_NearOrcCageTrigScript <alias NearMuseumOrcCageTrigALIAS on quest ths1_CaptiveOrc (0401A9F8)>]
[11/16/2012 - 07:44:16PM] PLAYER_MOVE Run
[11/16/2012 - 07:44:18PM] PLAYER_MOVE None
[11/16/2012 - 07:44:20PM] PLAYER_POV_CHANGE THIRD_PERSON
[11/16/2012 - 07:44:45PM] PLAYER_POV_CHANGE FIRST_PERSON
[11/16/2012 - 07:44:45PM] QUEST_STAGE_CHANGE [ths1_CaptiveOrcQuestSCRIPT <ths1_CaptiveOrc (0401A9F8)>] "The Museum Attraction" 35
[11/16/2012 - 07:44:49PM] PLAYER_ITEM_OBTAIN [ObjectReference < (04044DD5)>] "Tundra Cotton"
[11/16/2012 - 07:44:54PM] PLAYER_ITEM_OBTAIN None "Ice Wraith Teeth"
[11/16/2012 - 07:45:06PM] PLAYER_DIALOGUE [TIF__0207D376 <topic info 0407D376 on quest ths1_CaptiveOrc (0401A9F8)>] NPC_SPEAKER [Actor < (040491E3)>]
[11/16/2012 - 07:45:18PM] PLAYER_DIALOGUE [TIF__0207E988 <topic info 0407E988 on quest ths1_CaptiveOrc (0401A9F8)>] NPC_SPEAKER [Actor < (040491E3)>]
[11/16/2012 - 07:45:23PM] PLAYER_DIALOGUE [TIF__0101A9FC <topic info 0401A9FC on quest ths1_CaptiveOrc (0401A9F8)>] NPC_SPEAKER [Actor < (040491E3)>]
[11/16/2012 - 07:46:08PM] PLAYER_DIALOGUE [TIF__0207D376 <topic info 0407D376 on quest ths1_CaptiveOrc (0401A9F8)>] NPC_SPEAKER [Actor < (040491E3)>]
[11/16/2012 - 07:46:16PM] PLAYER_DIALOGUE [TIF__02080B41 <topic info 04080B41 on quest ths1_CaptiveOrc (0401A9F8)>] NPC_SPEAKER [Actor < (040491E3)>]
[11/16/2012 - 07:46:28PM] PLAYER_ITEM_REMOVED None "Orc Cage Key" COUNT 1 CONTAINER [ObjectReference < (040491E3)>]
[11/16/2012 - 07:46:34PM] PLAYER_DIALOGUE [TIF__02080B3F <topic info 04080B3F on quest ths1_CaptiveOrc (0401A9F8)>] NPC_SPEAKER [Actor < (040491E3)>]
[11/16/2012 - 07:46:50PM] PLAYER_DIALOGUE [TIF__0207D376 <topic info 0407D376 on quest ths1_CaptiveOrc (0401A9F8)>] NPC_SPEAKER [Actor < (040491E3)>]
[11/16/2012 - 07:46:55PM] PLAYER_DIALOGUE [TIF__02080B41 <topic info 04080B41 on quest ths1_CaptiveOrc (0401A9F8)>] NPC_SPEAKER [Actor < (040491E3)>]
[11/16/2012 - 07:47:01PM] PLAYER_ITEM_REMOVED [ObjectReference < (04044DC5)>] "Steel Dagger" COUNT 1 CONTAINER [ObjectReference < (040491E3)>]
[11/16/2012 - 07:47:04PM] PLAYER_DIALOGUE [TIF__0207D378 <topic info 0407D378 on quest ths1_CaptiveOrc (0401A9F8)>] NPC_SPEAKER [Actor < (040491E3)>]
[11/16/2012 - 07:47:08PM] PLAYER_DIALOGUE [TIF__0207E986 <topic info 0407E986 on quest ths1_CaptiveOrc (0401A9F8)>] NPC_SPEAKER [Actor < (040491E3)>]
[11/16/2012 - 07:47:14PM] PLAYER_MOVE Run
[11/16/2012 - 07:47:17PM] PLAYER_TRIGGER_ENTER [ths1_TriggerEnterSCRIPT < (040748D5)>]
[11/16/2012 - 07:47:18PM] PLAYER_TRIGGER_LEAVE [ths1_TriggerEnterSCRIPT < (040748D5)>]
[11/16/2012 - 07:47:18PM] PLAYER_TRIGGER_ENTER [ths1_TriggerEnterSCRIPT < (040748D4)>]
[11/16/2012 - 07:47:19PM] PLAYER_TRIGGER_LEAVE [ths1_TriggerEnterSCRIPT < (040748D4)>]
[11/16/2012 - 07:47:22PM] PLAYER_TRIGGER_ENTER [ths1_TriggerEnterSCRIPT < (040748C8)>]
[11/16/2012 - 07:47:22PM] PLAYER_TRIGGER_ENTER [ths1_TriggerEnterSCRIPT < (040748BF)>]
[11/16/2012 - 07:47:22PM] PLAYER_TRIGGER_LEAVE [ths1_TriggerEnterSCRIPT < (040748C8)>]
[11/16/2012 - 07:47:22PM] PLAYER_MOVE None
[11/16/2012 - 07:47:23PM] PLAYER_MOVE Run
[11/16/2012 - 07:47:24PM] PLAYER_MOVE None
[11/16/2012 - 07:47:56PM] PLAYER_TRIGGER_ENTER [ths1_TriggerEnterSCRIPT < (0408C7C0)>]
[11/16/2012 - 07:47:56PM] PLAYER_TRIGGER_LEAVE [ths1_TriggerEnterSCRIPT < (040748BF)>]
[11/16/2012 - 07:47:57PM] PLAYER_CELL_CHANGE [Cell <Wilderness (04085D4C)>] ""
[11/16/2012 - 07:47:57PM] PLAYER_WORLDSPACE_CHANGE [WorldSpace <ths1_Town (04085D17)>] "Town"
[11/16/2012 - 07:47:58PM] PLAYER_MOVE Run
[11/16/2012 - 07:47:59PM] PLAYER_TRIGGER_LEAVE [ths1_TriggerEnterSCRIPT < (0408C7C0)>]
[11/16/2012 - 07:47:59PM] PLAYER_ACTOR_VIEW_GAIN [ObjectReference < (04089359)>] "Seamus"
[11/16/2012 - 07:48:00PM] PLAYER_ACTOR_VIEW_LOSS [ObjectReference < (04089359)>] "Seamus"
[11/16/2012 - 07:48:02PM] PLAYER_MOVE None
[11/16/2012 - 07:48:06PM] PLAYER_MOVE Run
[11/16/2012 - 07:48:09PM] PLAYER_ACTOR_VIEW_GAIN [ObjectReference < (04089359)>] "Seamus"
[11/16/2012 - 07:48:10PM] PLAYER_ACTOR_VIEW_LOSS [ObjectReference < (04089359)>] "Seamus"
[11/16/2012 - 07:48:11PM] PLAYER_TRIGGER_ENTER [ths1_TriggerEnterSCRIPT < (0408C7AA)>]
[11/16/2012 - 07:48:11PM] PLAYER_MOVE None
[11/16/2012 - 07:48:47PM] PLAYER_TRIGGER_LEAVE [ths1_TriggerEnterSCRIPT < (0408C7AA)>]
[11/16/2012 - 07:48:48PM] PLAYER_CELL_CHANGE [Cell <ths1_TempleInterior (04019CC3)>] "Town Temple"
[11/16/2012 - 07:48:50PM] PLAYER_MOVE Run
[11/16/2012 - 07:48:51PM] PLAYER_MOVE None
[11/16/2012 - 07:48:54PM] PLAYER_MOVE Run
[11/16/2012 - 07:48:55PM] PLAYER_MOVE None
[11/16/2012 - 07:48:58PM] PLAYER_DIALOGUE [TIF__010469EA <topic info 040469EA on quest ths1_BarrianBookQuest (0404540C)>] NPC_SPEAKER [Actor < (040371CF)>]
[11/16/2012 - 07:49:02PM] PLAYER_DIALOGUE [TIF__010469EA <topic info 040469EA on quest ths1_BarrianBookQuest (0404540C)>] NPC_SPEAKER [Actor < (040371CF)>]
[11/16/2012 - 07:49:12PM] PLAYER_MOVE Run
[11/16/2012 - 07:49:13PM] PLAYER_MOVE None
[11/16/2012 - 07:49:14PM] PLAYER_MOVE Run
[11/16/2012 - 07:49:14PM] PLAYER_TRIGGER_ENTER [ths1_EnterTempleBookshelfTrigScript <alias TempleBookshelfTrigger on quest ths1_BarrianBookQuest (0404540C)>]
[11/16/2012 - 07:49:15PM] PLAYER_MOVE None
[11/16/2012 - 07:49:19PM] PLAYER_TRIGGER_ENTER [ths1_EnterTempleBookshelfTrigScript <alias TempleBookshelfTrigger on quest ths1_BarrianBookQuest (0404540C)>]
[11/16/2012 - 07:49:19PM] PLAYER_MOVE Run
[11/16/2012 - 07:49:20PM] PLAYER_TRIGGER_ENTER [ths1_TriggerEnterSCRIPT < (04074E61)>]
[11/16/2012 - 07:49:20PM] PLAYER_MOVE None
[11/16/2012 - 07:49:24PM] PLAYER_TRIGGER_ENTER [ths1_TriggerEnterSCRIPT < (04074E5F)>]
[11/16/2012 - 07:49:54PM] PLAYER_TRIGGER_LEAVE [ths1_TriggerEnterSCRIPT < (04074E61)>]
[11/16/2012 - 07:50:01PM] PLAYER_MOVE Run
[11/16/2012 - 07:50:01PM] PLAYER_TRIGGER_LEAVE [ths1_TriggerEnterSCRIPT < (04074E5F)>]
[11/16/2012 - 07:50:02PM] PLAYER_MOVE None
[11/16/2012 - 07:50:05PM] PLAYER_TRIGGER_ENTER [ths1_TriggerEnterSCRIPT < (04074E5E)>]
[11/16/2012 - 07:50:05PM] PLAYER_TRIGGER_ENTER [ths1_TriggerEnterSCRIPT < (04074E60)>]
[11/16/2012 - 07:50:05PM] PLAYER_TRIGGER_LEAVE [ths1_TriggerEnterSCRIPT < (04074E5E)>]
[11/16/2012 - 07:50:07PM] PLAYER_TRIGGER_LEAVE [ths1_TriggerEnterSCRIPT < (04074E60)>]
[11/16/2012 - 07:50:07PM] PLAYER_MOVE Run
[11/16/2012 - 07:50:12PM] PLAYER_MOVE None
[11/16/2012 - 07:50:15PM] PLAYER_TRIGGER_ENTER [ths1_TriggerEnterSCRIPT < (04074E69)>]
[11/16/2012 - 07:50:15PM] PLAYER_TRIGGER_ENTER [ths1_TriggerEnterSCRIPT < (04074E6A)>]
[11/16/2012 - 07:50:15PM] PLAYER_TRIGGER_LEAVE [ths1_TriggerEnterSCRIPT < (04074E69)>]
[11/16/2012 - 07:50:31PM] PLAYER_TRIGGER_LEAVE [ths1_TriggerEnterSCRIPT < (04074E6A)>]
[11/16/2012 - 07:50:34PM] PLAYER_TRIGGER_ENTER [ths1_TriggerEnterSCRIPT < (04074E6B)>]
[11/16/2012 - 07:50:35PM] PLAYER_TRIGGER_LEAVE [ths1_TriggerEnterSCRIPT < (04074E6B)>]
[11/16/2012 - 07:50:35PM] PLAYER_TRIGGER_ENTER [ths1_TriggerEnterSCRIPT < (04074E6C)>]
[11/16/2012 - 07:50:36PM] PLAYER_TRIGGER_LEAVE [ths1_TriggerEnterSCRIPT < (04074E6C)>]
[11/16/2012 - 07:50:39PM] PLAYER_ITEM_OBTAIN [ObjectReference < (04019D7C)>] "Lavender"
[11/16/2012 - 07:50:40PM] PLAYER_ITEM_OBTAIN [ObjectReference < (04019D7A)>] "Purple Mountain Flower"
[11/16/2012 - 07:50:42PM] PLAYER_ITEM_OBTAIN [ObjectReference < (04019D7B)>] "Blue Mountain Flower"
[11/16/2012 - 07:50:43PM] PLAYER_ITEM_OBTAIN [ObjectReference < (04019D79)>] "Red Mountain Flower"
[11/16/2012 - 07:50:56PM] PLAYER_TRIGGER_ENTER [ths1_TriggerEnterSCRIPT < (04074E6C)>]
[11/16/2012 - 07:50:56PM] PLAYER_TRIGGER_ENTER [ths1_TriggerEnterSCRIPT < (04074E6B)>]
[11/16/2012 - 07:50:56PM] PLAYER_TRIGGER_LEAVE [ths1_TriggerEnterSCRIPT < (04074E6C)>]
[11/16/2012 - 07:50:56PM] PLAYER_MOVE Run
[11/16/2012 - 07:50:57PM] PLAYER_TRIGGER_LEAVE [ths1_TriggerEnterSCRIPT < (04074E6B)>]
[11/16/2012 - 07:50:57PM] PLAYER_TRIGGER_ENTER [ths1_TriggerEnterSCRIPT < (04074E6A)>]
[11/16/2012 - 07:50:58PM] PLAYER_TRIGGER_ENTER [ths1_TriggerEnterSCRIPT < (04074E69)>]
[11/16/2012 - 07:50:58PM] PLAYER_TRIGGER_LEAVE [ths1_TriggerEnterSCRIPT < (04074E6A)>]
[11/16/2012 - 07:50:58PM] PLAYER_TRIGGER_LEAVE [ths1_TriggerEnterSCRIPT < (04074E69)>]
[11/16/2012 - 07:51:00PM] PLAYER_TRIGGER_ENTER [ths1_TriggerEnterSCRIPT < (04074E62)>]
[11/16/2012 - 07:51:00PM] PLAYER_MOVE None
[11/16/2012 - 07:51:02PM] PLAYER_TRIGGER_ENTER [ths1_TriggerEnterSCRIPT < (04074E63)>]
[11/16/2012 - 07:51:02PM] PLAYER_TRIGGER_LEAVE [ths1_TriggerEnterSCRIPT < (04074E62)>]
[11/16/2012 - 07:51:03PM] PLAYER_MOVE Run
[11/16/2012 - 07:51:03PM] PLAYER_MOVE None
[11/16/2012 - 07:51:05PM] PLAYER_MOVE Run
[11/16/2012 - 07:51:05PM] PLAYER_TRIGGER_LEAVE [ths1_TriggerEnterSCRIPT < (04074E63)>]
[11/16/2012 - 07:51:05PM] PLAYER_MOVE None
[11/16/2012 - 07:51:06PM] PLAYER_TRIGGER_ENTER [ths1_TriggerEnterSCRIPT < (04074E64)>]
[11/16/2012 - 07:51:07PM] PLAYER_MOVE Run
[11/16/2012 - 07:51:07PM] PLAYER_TRIGGER_LEAVE [ths1_TriggerEnterSCRIPT < (04074E64)>]
[11/16/2012 - 07:51:08PM] PLAYER_MOVE None
[11/16/2012 - 07:51:09PM] PLAYER_TRIGGER_ENTER [ths1_TriggerEnterSCRIPT < (04074E64)>]
[11/16/2012 - 07:51:09PM] PLAYER_TRIGGER_LEAVE [ths1_TriggerEnterSCRIPT < (04074E64)>]
[11/16/2012 - 07:51:12PM] PLAYER_MOVE Run
[11/16/2012 - 07:51:12PM] PLAYER_TRIGGER_ENTER [ths1_TriggerEnterSCRIPT < (04074E65)>]
[11/16/2012 - 07:51:13PM] PLAYER_MOVE None
[11/16/2012 - 07:51:14PM] PLAYER_TRIGGER_ENTER [ths1_TriggerEnterSCRIPT < (04074E66)>]
[11/16/2012 - 07:51:14PM] PLAYER_TRIGGER_LEAVE [ths1_TriggerEnterSCRIPT < (04074E65)>]
[11/16/2012 - 07:51:20PM] PLAYER_TRIGGER_ENTER [ths1_TriggerEnterSCRIPT < (04074E65)>]
[11/16/2012 - 07:51:20PM] PLAYER_TRIGGER_LEAVE [ths1_TriggerEnterSCRIPT < (04074E66)>]
[11/16/2012 - 07:51:20PM] PLAYER_TRIGGER_LEAVE [ths1_TriggerEnterSCRIPT < (04074E65)>]
[11/16/2012 - 07:51:22PM] PLAYER_MOVE Run
[11/16/2012 - 07:51:23PM] PLAYER_MOVE None
[11/16/2012 - 07:51:24PM] PLAYER_TRIGGER_ENTER [ths1_TriggerEnterSCRIPT < (04074E67)>]
[11/16/2012 - 07:51:26PM] PLAYER_MOVE Run
[11/16/2012 - 07:51:26PM] PLAYER_TRIGGER_ENTER [ths1_TriggerEnterSCRIPT < (04074E68)>]
[11/16/2012 - 07:51:26PM] PLAYER_TRIGGER_LEAVE [ths1_TriggerEnterSCRIPT < (04074E67)>]
[11/16/2012 - 07:51:27PM] PLAYER_TRIGGER_LEAVE [ths1_TriggerEnterSCRIPT < (04074E68)>]
[11/16/2012 - 07:51:27PM] PLAYER_MOVE None
[11/16/2012 - 07:51:37PM] PLAYER_ITEM_OBTAIN [ObjectReference < (04019EC9)>] "Lavender"
[11/16/2012 - 07:51:43PM] PLAYER_ITEM_OBTAIN None "Clothes"
[11/16/2012 - 07:51:44PM] PLAYER_ITEM_OBTAIN None "Ragged Robes"
[11/16/2012 - 07:52:07PM] PLAYER_MOVE Run
[11/16/2012 - 07:52:07PM] PLAYER_TRIGGER_ENTER [ths1_TriggerEnterSCRIPT < (04074E68)>]
[11/16/2012 - 07:52:08PM] PLAYER_TRIGGER_ENTER [ths1_TriggerEnterSCRIPT < (04074E67)>]
[11/16/2012 - 07:52:08PM] PLAYER_TRIGGER_LEAVE [ths1_TriggerEnterSCRIPT < (04074E68)>]
[11/16/2012 - 07:52:08PM] PLAYER_TRIGGER_LEAVE [ths1_TriggerEnterSCRIPT < (04074E67)>]
[11/16/2012 - 07:52:09PM] PLAYER_MOVE None
[11/16/2012 - 07:52:21PM] PLAYER_MOVE Run
[11/16/2012 - 07:52:22PM] PLAYER_MOVE None
[11/16/2012 - 07:52:22PM] PLAYER_TRIGGER_ENTER [ths1_TriggerEnterSCRIPT < (04074E64)>]
[11/16/2012 - 07:52:23PM] PLAYER_TRIGGER_LEAVE [ths1_TriggerEnterSCRIPT < (04074E64)>]
[11/16/2012 - 07:52:24PM] PLAYER_MOVE Run
[11/16/2012 - 07:52:25PM] PLAYER_TRIGGER_ENTER [ths1_TriggerEnterSCRIPT < (04074E63)>]
[11/16/2012 - 07:52:25PM] PLAYER_TRIGGER_ENTER [ths1_TriggerEnterSCRIPT < (04074E62)>]
[11/16/2012 - 07:52:25PM] PLAYER_TRIGGER_LEAVE [ths1_TriggerEnterSCRIPT < (04074E63)>]
[11/16/2012 - 07:52:25PM] PLAYER_TRIGGER_LEAVE [ths1_TriggerEnterSCRIPT < (04074E62)>]
[11/16/2012 - 07:52:26PM] PLAYER_MOVE None
[11/16/2012 - 07:52:29PM] PLAYER_MOVE Run
[11/16/2012 - 07:52:30PM] PLAYER_MOVE None
[11/16/2012 - 07:52:33PM] PLAYER_MOVE Run
[11/16/2012 - 07:52:34PM] PLAYER_MOVE None
[11/16/2012 - 07:52:37PM] PLAYER_DIALOGUE [TIF__010469EA <topic info 040469EA on quest ths1_BarrianBookQuest (0404540C)>] NPC_SPEAKER [Actor < (040371CF)>]
[11/16/2012 - 07:52:40PM] PLAYER_DIALOGUE [TIF__010469EA <topic info 040469EA on quest ths1_BarrianBookQuest (0404540C)>] NPC_SPEAKER [Actor < (040371CF)>]
[11/16/2012 - 07:53:17PM] PLAYER_MOVE Run
[11/16/2012 - 07:53:19PM] PLAYER_MOVE None
[11/16/2012 - 07:53:24PM] PLAYER_MOVE Run
[11/16/2012 - 07:53:25PM] PLAYER_MOVE None
[11/16/2012 - 07:53:33PM] PLAYER_MOVE Run
[11/16/2012 - 07:53:34PM] PLAYER_MOVE None
[11/16/2012 - 07:53:40PM] PLAYER_POV_CHANGE THIRD_PERSON
[11/16/2012 - 07:53:44PM] PLAYER_POV_CHANGE FIRST_PERSON
[11/16/2012 - 07:54:42PM] PLAYER_POV_CHANGE THIRD_PERSON
[11/16/2012 - 07:54:44PM] PLAYER_POV_CHANGE FIRST_PERSON
[11/16/2012 - 07:54:46PM] PLAYER_MOVE Run
[11/16/2012 - 07:54:46PM] PLAYER_MOVE None
[11/16/2012 - 07:54:47PM] PLAYER_TRIGGER_ENTER [ths1_EnterTempleBookshelfTrigScript <alias TempleBookshelfTrigger on quest ths1_BarrianBookQuest (0404540C)>]
[11/16/2012 - 07:55:05PM] PLAYER_TRIGGER_ENTER [ths1_EnterTempleBookshelfTrigScript <alias TempleBookshelfTrigger on quest ths1_BarrianBookQuest (0404540C)>]
[11/16/2012 - 07:55:05PM] PLAYER_MOVE Run
[11/16/2012 - 07:55:10PM] PLAYER_MOVE None
[11/16/2012 - 07:55:11PM] PLAYER_MOVE Run
[11/16/2012 - 07:55:12PM] PLAYER_TRIGGER_ENTER [ths1_TriggerEnterSCRIPT < (04074E69)>]
[11/16/2012 - 07:55:12PM] PLAYER_MOVE None
[11/16/2012 - 07:55:13PM] PLAYER_TRIGGER_ENTER [ths1_TriggerEnterSCRIPT < (04074E6A)>]
[11/16/2012 - 07:55:13PM] PLAYER_TRIGGER_LEAVE [ths1_TriggerEnterSCRIPT < (04074E69)>]
[11/16/2012 - 07:55:13PM] PLAYER_MOVE Run
[11/16/2012 - 07:55:13PM] PLAYER_TRIGGER_LEAVE [ths1_TriggerEnterSCRIPT < (04074E6A)>]
[11/16/2012 - 07:55:14PM] PLAYER_MOVE None
[11/16/2012 - 07:55:15PM] PLAYER_MOVE Run
[11/16/2012 - 07:55:16PM] PLAYER_TRIGGER_ENTER [ths1_TriggerEnterSCRIPT < (04074E6B)>]
[11/16/2012 - 07:55:16PM] PLAYER_TRIGGER_LEAVE [ths1_TriggerEnterSCRIPT < (04074E6B)>]
[11/16/2012 - 07:55:16PM] PLAYER_TRIGGER_ENTER [ths1_TriggerEnterSCRIPT < (04074E6C)>]
[11/16/2012 - 07:55:16PM] PLAYER_TRIGGER_LEAVE [ths1_TriggerEnterSCRIPT < (04074E6C)>]
[11/16/2012 - 07:55:16PM] PLAYER_MOVE None
[11/16/2012 - 07:55:17PM] PLAYER_MOVE Run
[11/16/2012 - 07:55:18PM] PLAYER_MOVE None
[11/16/2012 - 07:55:25PM] PLAYER_MOVE Run
[11/16/2012 - 07:55:25PM] PLAYER_TRIGGER_ENTER [ths1_TriggerEnterSCRIPT < (04074E6C)>]
[11/16/2012 - 07:55:26PM] PLAYER_TRIGGER_LEAVE [ths1_TriggerEnterSCRIPT < (04074E6C)>]
[11/16/2012 - 07:55:26PM] PLAYER_TRIGGER_ENTER [ths1_TriggerEnterSCRIPT < (04074E6B)>]
[11/16/2012 - 07:55:26PM] PLAYER_TRIGGER_LEAVE [ths1_TriggerEnterSCRIPT < (04074E6B)>]
[11/16/2012 - 07:55:27PM] PLAYER_MOVE None
[11/16/2012 - 07:55:37PM] PLAYER_TRIGGER_ENTER [ths1_TriggerEnterSCRIPT < (04074E6A)>]
[11/16/2012 - 07:55:38PM] PLAYER_TRIGGER_ENTER [ths1_TriggerEnterSCRIPT < (04074E69)>]
[11/16/2012 - 07:55:38PM] PLAYER_TRIGGER_LEAVE [ths1_TriggerEnterSCRIPT < (04074E6A)>]
[11/16/2012 - 07:55:38PM] PLAYER_MOVE Run
[11/16/2012 - 07:55:38PM] PLAYER_TRIGGER_LEAVE [ths1_TriggerEnterSCRIPT < (04074E69)>]
[11/16/2012 - 07:55:39PM] PLAYER_MOVE None
[11/16/2012 - 07:55:46PM] PLAYER_MOVE Run
[11/16/2012 - 07:55:47PM] PLAYER_MOVE None
[11/16/2012 - 07:56:33PM] PLAYER_MOVE Run
[11/16/2012 - 07:56:34PM] PLAYER_MOVE None
[11/16/2012 - 07:56:36PM] PLAYER_MOVE Run
[11/16/2012 - 07:56:37PM] PLAYER_MOVE None
[11/16/2012 - 07:56:38PM] PLAYER_MOVE Run
[11/16/2012 - 07:56:39PM] PLAYER_MOVE None
[11/16/2012 - 07:56:51PM] PLAYER_MOVE Run
[11/16/2012 - 07:56:52PM] PLAYER_MOVE None
[11/16/2012 - 07:57:28PM] PLAYER_CELL_CHANGE [Cell <Wilderness (04085D4C)>] ""
[11/16/2012 - 07:57:28PM] PLAYER_WORLDSPACE_CHANGE [WorldSpace <ths1_Town (04085D17)>] "Town"
[11/16/2012 - 07:57:28PM] PLAYER_ACTOR_VIEW_GAIN [ObjectReference < (04089359)>] "Seamus"
[11/16/2012 - 07:57:34PM] PLAYER_TRIGGER_ENTER [ths1_TriggerEnterSCRIPT < (0408C7AA)>]
[11/16/2012 - 07:57:34PM] PLAYER_MOVE Run
[11/16/2012 - 07:57:34PM] PLAYER_TRIGGER_LEAVE [ths1_TriggerEnterSCRIPT < (0408C7AA)>]
[11/16/2012 - 07:57:37PM] PLAYER_MOVE None
[11/16/2012 - 07:57:38PM] PLAYER_MOVE Run
[11/16/2012 - 07:57:39PM] PLAYER_CELL_CHANGE [Cell <Wilderness (04085D42)>] ""
[11/16/2012 - 07:57:40PM] PLAYER_ACTOR_VIEW_LOSS [ObjectReference < (04089359)>] "Seamus"
[11/16/2012 - 07:57:41PM] PLAYER_CELL_CHANGE [Cell <Wilderness (04085D44)>] ""
[11/16/2012 - 07:57:42PM] PLAYER_ACTOR_VIEW_GAIN [ObjectReference < (04089359)>] "Seamus"
[11/16/2012 - 07:57:44PM] PLAYER_MOVE None
[11/16/2012 - 07:57:47PM] PLAYER_DIALOGUE [TIF__01013D2B <topic info 04013D2B on quest ths1_MissingDog (04009344)>] NPC_SPEAKER [Actor < (04089359)>]
[11/16/2012 - 07:57:48PM] QUEST_STAGE_CHANGE [ths1_MDQScript <ths1_MissingDog (04009344)>] "Missing Dog" 5
[11/16/2012 - 07:57:52PM] PLAYER_DIALOGUE [TIF__010180E7 <topic info 040180E7 on quest ths1_MissingDog (04009344)>] NPC_SPEAKER [Actor < (04089359)>]
[11/16/2012 - 07:57:57PM] PLAYER_DIALOGUE [TIF__01009353 <topic info 04009353 on quest ths1_MissingDog (04009344)>] NPC_SPEAKER [Actor < (04089359)>]
[11/16/2012 - 07:58:03PM] PLAYER_DIALOGUE [TIF__0100DBAF <topic info 0400DBAF on quest ths1_MissingDog (04009344)>] NPC_SPEAKER [Actor < (04089359)>]
[11/16/2012 - 07:58:06PM] ACTOR_PACKAGE_START [ths1_MDQSeamusAliasSCRIPT <alias Seamus on quest ths1_MissingDog (04009344)>] "Seamus" : "[PF_ths1_SeamusFollowerPackag_0201C01E < (0401C01E)>]"
[11/16/2012 - 07:58:06PM] QUEST_STAGE_CHANGE [ths1_MDQScript <ths1_MissingDog (04009344)>] "Missing Dog" 10
[11/16/2012 - 07:58:07PM] PLAYER_ACTOR_VIEW_LOSS [ObjectReference < (04089359)>] "Seamus"
[11/16/2012 - 07:58:09PM] PLAYER_MOVE Run
[11/16/2012 - 07:58:12PM] PLAYER_CELL_CHANGE [Cell <Wilderness (04085D42)>] ""
[11/16/2012 - 07:58:13PM] PLAYER_MOVE None
[11/16/2012 - 07:58:56PM] Log closed
