[11/16/2012 - 07:13:42PM] 17 log opened (PC)
[11/16/2012 - 07:13:42PM] PLAYER_MOVE Run
[11/16/2012 - 07:13:42PM] PLAYER_TRIGGER_ENTER [ths1_TriggerEnterSCRIPT < (04074E52)>]
[11/16/2012 - 07:13:43PM] PLAYER_TRIGGER_LEAVE [ths1_TriggerEnterSCRIPT < (04074E52)>]
[11/16/2012 - 07:13:44PM] PLAYER_TRIGGER_ENTER [ths1_TriggerEnterSCRIPT < (04074E51)>]
[11/16/2012 - 07:13:45PM] PLAYER_MOVE None
[11/16/2012 - 07:13:46PM] PLAYER_MOVE Run
[11/16/2012 - 07:13:46PM] PLAYER_TRIGGER_LEAVE [ths1_TriggerEnterSCRIPT < (04074E51)>]
[11/16/2012 - 07:13:47PM] PLAYER_TRIGGER_LEAVE [ths1_TriggerEnterSCRIPT < (04074E50)>]
[11/16/2012 - 07:13:47PM] PLAYER_TRIGGER_ENTER [ths1_TriggerEnterSCRIPT < (04074E50)>]
[11/16/2012 - 07:13:49PM] PLAYER_MOVE None
[11/16/2012 - 07:13:56PM] PLAYER_TRIGGER_ENTER [ths1_TriggerEnterSCRIPT < (04074E4F)>]
[11/16/2012 - 07:13:57PM] PLAYER_MOVE Run
[11/16/2012 - 07:13:57PM] PLAYER_TRIGGER_LEAVE [ths1_TriggerEnterSCRIPT < (04074E4F)>]
[11/16/2012 - 07:13:58PM] PLAYER_MOVE None
[11/16/2012 - 07:13:58PM] PLAYER_TRIGGER_ENTER [ths1_TriggerEnterSCRIPT < (04074E4F)>]
[11/16/2012 - 07:14:09PM] PLAYER_TRIGGER_ENTER [ths1_TriggerEnterSCRIPT < (0408C788)>]
[11/16/2012 - 07:14:09PM] PLAYER_TRIGGER_LEAVE [ths1_TriggerEnterSCRIPT < (04074E4F)>]
[11/16/2012 - 07:14:09PM] PLAYER_CELL_CHANGE [Cell <Wilderness (04085D56)>] ""
[11/16/2012 - 07:14:09PM] PLAYER_WORLDSPACE_CHANGE [WorldSpace <ths1_Town (04085D17)>] "Town"
[11/16/2012 - 07:14:11PM] PLAYER_POV_CHANGE THIRD_PERSON
[11/16/2012 - 07:14:15PM] PLAYER_MOVE Run
[11/16/2012 - 07:14:16PM] PLAYER_TRIGGER_LEAVE [ths1_TriggerEnterSCRIPT < (0408C788)>]
[11/16/2012 - 07:14:17PM] PLAYER_CELL_CHANGE [Cell <Wilderness (04085D34)>] ""
[11/16/2012 - 07:14:18PM] PLAYER_MOVE None
[11/16/2012 - 07:14:19PM] PLAYER_MOVE Run
[11/16/2012 - 07:14:20PM] PLAYER_TRIGGER_ENTER [ths1_TriggerEnterSCRIPT < (0408CDAB)>]
[11/16/2012 - 07:14:21PM] PLAYER_MOVE None
[11/16/2012 - 07:14:21PM] PLAYER_TRIGGER_LEAVE [ths1_TriggerEnterSCRIPT < (0408CDAB)>]
[11/16/2012 - 07:14:27PM] PLAYER_DIALOGUE [TIF__020774A6 <topic info 040774A6 on quest ths1_MasterQuest (040319F7)>] NPC_SPEAKER [Actor < (0408BC45)>]
[11/16/2012 - 07:14:32PM] PLAYER_DIALOGUE [TIF__020774A8 <topic info 040774A8 on quest ths1_MasterQuest (040319F7)>] NPC_SPEAKER [Actor < (0408BC45)>]
[11/16/2012 - 07:14:43PM] PLAYER_DIALOGUE [TIF__0207BD42 <topic info 0407BD42 on quest ths1_MasterQuest (040319F7)>] NPC_SPEAKER [Actor < (0408BC45)>]
[11/16/2012 - 07:14:52PM] PLAYER_DIALOGUE [TIF__0207FA85 <topic info 0407FA85 on quest ths1_MasterQuest (040319F7)>] NPC_SPEAKER [Actor < (0408BC45)>]
[11/16/2012 - 07:14:57PM] PLAYER_DIALOGUE [TIF__0208EEAE <topic info 0408EEAE on quest ths1_MasterQuest (040319F7)>] NPC_SPEAKER [Actor < (0408BC45)>]
[11/16/2012 - 07:15:12PM] PLAYER_DIALOGUE [TIF__0208EEB2 <topic info 0408EEB2 on quest ths1_MasterQuest (040319F7)>] NPC_SPEAKER [Actor < (0408BC45)>]
[11/16/2012 - 07:15:18PM] PLAYER_DIALOGUE [TIF__020774A6 <topic info 040774A6 on quest ths1_MasterQuest (040319F7)>] NPC_SPEAKER [Actor < (0408BC45)>]
[11/16/2012 - 07:15:24PM] PLAYER_MOVE Run
[11/16/2012 - 07:15:28PM] PLAYER_CELL_CHANGE [Cell <Wilderness (04085D4C)>] ""
[11/16/2012 - 07:15:30PM] PLAYER_MOVE None
[11/16/2012 - 07:15:32PM] PLAYER_MOVE Run
[11/16/2012 - 07:15:33PM] PLAYER_TRIGGER_ENTER [ths1_TriggerEnterSCRIPT < (0408C7C0)>]
[11/16/2012 - 07:15:34PM] PLAYER_TRIGGER_LEAVE [ths1_TriggerEnterSCRIPT < (0408C7C0)>]
[11/16/2012 - 07:15:34PM] PLAYER_MOVE None
[11/16/2012 - 07:15:45PM] PLAYER_TRIGGER_ENTER [ths1_TriggerEnterSCRIPT < (040748BF)>]
[11/16/2012 - 07:15:46PM] PLAYER_CELL_CHANGE [Cell <ths1_MuseumInterior (04044D5A)>] "Bubbsey's Oddity Emporium"
[11/16/2012 - 07:15:47PM] PLAYER_TRIGGER_LEAVE [ths1_TriggerEnterSCRIPT < (040748BF)>]
[11/16/2012 - 07:15:47PM] PLAYER_TRIGGER_ENTER [ths1_TriggerEnterSCRIPT < (040748CB)>]
[11/16/2012 - 07:15:48PM] PLAYER_MOVE Run
[11/16/2012 - 07:15:49PM] PLAYER_MOVE None
[11/16/2012 - 07:15:52PM] PLAYER_MOVE Run
[11/16/2012 - 07:15:52PM] PLAYER_TRIGGER_LEAVE [ths1_TriggerEnterSCRIPT < (040748CB)>]
[11/16/2012 - 07:15:53PM] PLAYER_TRIGGER_ENTER [ths1_TriggerEnterSCRIPT < (040748C9)>]
[11/16/2012 - 07:15:53PM] PLAYER_TRIGGER_LEAVE [ths1_TriggerEnterSCRIPT < (040748C9)>]
[11/16/2012 - 07:15:54PM] PLAYER_DIALOGUE [TIF__01064239 <topic info 04064239 on quest ths1_CaptiveOrc (0401A9F8)>] NPC_SPEAKER [Actor < (04049751)>]
[11/16/2012 - 07:15:55PM] PLAYER_MOVE None
[11/16/2012 - 07:16:31PM] QUEST_STAGE_CHANGE [ths1_CaptiveOrcQuestSCRIPT <ths1_CaptiveOrc (0401A9F8)>] "The Museum Attraction" 3
[11/16/2012 - 07:16:32PM] PLAYER_DIALOGUE [TIF__0103F01B <topic info 0403F01B on quest ths1_CaptiveOrc (0401A9F8)>] NPC_SPEAKER [Actor < (04049751)>]
[11/16/2012 - 07:16:45PM] PLAYER_DIALOGUE [TIF__0103F01D <topic info 0403F01D on quest ths1_CaptiveOrc (0401A9F8)>] NPC_SPEAKER [Actor < (04049751)>]
[11/16/2012 - 07:16:58PM] PLAYER_ITEM_OBTAIN None "Quill"
[11/16/2012 - 07:17:03PM] PLAYER_MOVE Run
[11/16/2012 - 07:17:03PM] QUEST_STAGE_CHANGE [ths1_CaptiveOrcQuestSCRIPT <ths1_CaptiveOrc (0401A9F8)>] "The Museum Attraction" 5
[11/16/2012 - 07:17:04PM] PLAYER_MOVE None
[11/16/2012 - 07:17:04PM] ACTOR_DOOR_OPEN [Actor < (04049751)>] "Bubbsey" : [ths1_MuseumHiddenDoorSCRIPT <alias MuseumHiddenDoor on quest ths1_CaptiveOrc (0401A9F8)>] "MuseumHiddenDoor"
[11/16/2012 - 07:17:05PM] PLAYER_TRIGGER_ENTER [ths1_TriggerEnterSCRIPT < (040748D4)>]
[11/16/2012 - 07:17:05PM] PLAYER_MOVE Run
[11/16/2012 - 07:17:06PM] PLAYER_TRIGGER_LEAVE [ths1_TriggerEnterSCRIPT < (040748D4)>]
[11/16/2012 - 07:17:07PM] PLAYER_MOVE None
[11/16/2012 - 07:17:17PM] PLAYER_MOVE Run
[11/16/2012 - 07:17:18PM] PLAYER_TRIGGER_ENTER [ths1_TriggerEnterSCRIPT < (040748D5)>]
[11/16/2012 - 07:17:18PM] PLAYER_TRIGGER_LEAVE [ths1_TriggerEnterSCRIPT < (040748D5)>]
[11/16/2012 - 07:17:20PM] PLAYER_TRIGGER_ENTER [ths1_NearOrcCageTrigScript <alias NearMuseumOrcCageTrigALIAS on quest ths1_CaptiveOrc (0401A9F8)>]
[11/16/2012 - 07:17:21PM] QUEST_STAGE_CHANGE [ths1_CaptiveOrcQuestSCRIPT <ths1_CaptiveOrc (0401A9F8)>] "The Museum Attraction" 10
[11/16/2012 - 07:17:22PM] PLAYER_MOVE None
[11/16/2012 - 07:18:01PM] PLAYER_MOVE Run
[11/16/2012 - 07:18:02PM] PLAYER_TRIGGER_ENTER [ths1_NearOrcCageTrigScript <alias NearMuseumOrcCageTrigALIAS on quest ths1_CaptiveOrc (0401A9F8)>]
[11/16/2012 - 07:18:03PM] PLAYER_MOVE None
[11/16/2012 - 07:18:23PM] PLAYER_DIALOGUE [TIF__0101A9FC <topic info 0401A9FC on quest ths1_CaptiveOrc (0401A9F8)>] NPC_SPEAKER [Actor < (040491E3)>]
[11/16/2012 - 07:18:37PM] PLAYER_DIALOGUE [TIF__0101AF69 <topic info 0401AF69 on quest ths1_CaptiveOrc (0401A9F8)>] NPC_SPEAKER [Actor < (040491E3)>]
[11/16/2012 - 07:18:42PM] PLAYER_DIALOGUE [TIF__010350CF <topic info 040350CF on quest ths1_CaptiveOrc (0401A9F8)>] NPC_SPEAKER [Actor < (040491E3)>]
[11/16/2012 - 07:18:47PM] PLAYER_DIALOGUE [TIF__010371A9 <topic info 040371A9 on quest ths1_CaptiveOrc (0401A9F8)>] NPC_SPEAKER [Actor < (040491E3)>]
[11/16/2012 - 07:18:57PM] PLAYER_DIALOGUE [TIF__010371A7 <topic info 040371A7 on quest ths1_CaptiveOrc (0401A9F8)>] NPC_SPEAKER [Actor < (040491E3)>]
[11/16/2012 - 07:19:35PM] PLAYER_MOVE Run
[11/16/2012 - 07:19:35PM] PLAYER_MOVE None
[11/16/2012 - 07:19:37PM] PLAYER_TRIGGER_ENTER [ths1_TriggerEnterSCRIPT < (040748D5)>]
[11/16/2012 - 07:19:37PM] PLAYER_MOVE Run
[11/16/2012 - 07:19:38PM] PLAYER_TRIGGER_LEAVE [ths1_TriggerEnterSCRIPT < (040748D5)>]
[11/16/2012 - 07:19:39PM] PLAYER_MOVE None
[11/16/2012 - 07:19:41PM] PLAYER_TRIGGER_ENTER [ths1_TriggerEnterSCRIPT < (040748D4)>]
[11/16/2012 - 07:19:42PM] PLAYER_MOVE Run
[11/16/2012 - 07:19:42PM] PLAYER_TRIGGER_LEAVE [ths1_TriggerEnterSCRIPT < (040748D4)>]
[11/16/2012 - 07:19:44PM] PLAYER_MOVE None
[11/16/2012 - 07:19:55PM] PLAYER_DIALOGUE [TIF__0106683D <topic info 0406683D on quest ths1_CaptiveOrc (0401A9F8)>] NPC_SPEAKER [Actor < (04049751)>]
[11/16/2012 - 07:20:04PM] PLAYER_BOOK_READ [ths1_BookOfOrcsScript <alias OrcBook on quest ths1_CaptiveOrc (0401A9F8)>]
[11/16/2012 - 07:20:16PM] PLAYER_ITEM_OBTAIN [ObjectReference < (0406683A)>] "All About Orcs"
[11/16/2012 - 07:21:00PM] PLAYER_DIALOGUE [TIF__01052C39 <topic info 04052C39 on quest ths1_CaptiveOrc (0401A9F8)>] NPC_SPEAKER [Actor < (04049751)>]
[11/16/2012 - 07:21:03PM] PLAYER_DIALOGUE [TIF__01052C3B <topic info 04052C3B on quest ths1_CaptiveOrc (0401A9F8)>] NPC_SPEAKER [Actor < (04049751)>]
[11/16/2012 - 07:21:24PM] PLAYER_BOOK_READ [ths1_BookOfOrcsScript <alias OrcBook on quest ths1_CaptiveOrc (0401A9F8)>]
[11/16/2012 - 07:21:52PM] PLAYER_ITEM_REMOVED [ObjectReference < (0406683A)>] "All About Orcs" COUNT 1 CONTAINER None
[11/16/2012 - 07:22:05PM] PLAYER_DIALOGUE [TIF__0207227D <topic info 0407227D on quest ths1_CaptiveOrc (0401A9F8)>] NPC_SPEAKER [Actor < (04049751)>]
[11/16/2012 - 07:22:19PM] PLAYER_DIALOGUE [TIF__02072280 <topic info 04072280 on quest ths1_CaptiveOrc (0401A9F8)>] NPC_SPEAKER [Actor < (04049751)>]
[11/16/2012 - 07:22:19PM] PLAYER_ITEM_OBTAIN None "Orc Cage Key"
[11/16/2012 - 07:22:20PM] PLAYER_ITEM_REMOVED None "gold" COUNT 2000 CONTAINER [Actor < (04049751)>]
[11/16/2012 - 07:22:35PM] PLAYER_MOVE Run
[11/16/2012 - 07:22:35PM] PLAYER_TRIGGER_ENTER [ths1_TriggerEnterSCRIPT < (040748D4)>]
[11/16/2012 - 07:22:36PM] PLAYER_TRIGGER_LEAVE [ths1_TriggerEnterSCRIPT < (040748D4)>]
[11/16/2012 - 07:22:37PM] PLAYER_MOVE None
[11/16/2012 - 07:23:13PM] PLAYER_MOVE Run
[11/16/2012 - 07:23:14PM] PLAYER_MOVE None
[11/16/2012 - 07:23:14PM] PLAYER_TRIGGER_ENTER [ths1_TriggerEnterSCRIPT < (040748C9)>]
[11/16/2012 - 07:23:15PM] PLAYER_TRIGGER_LEAVE [ths1_TriggerEnterSCRIPT < (040748C9)>]
[11/16/2012 - 07:23:18PM] PLAYER_MOVE Run
[11/16/2012 - 07:23:19PM] PLAYER_MOVE None
[11/16/2012 - 07:23:20PM] PLAYER_MOVE Run
[11/16/2012 - 07:23:20PM] PLAYER_TRIGGER_ENTER [ths1_TriggerEnterSCRIPT < (040748D4)>]
[11/16/2012 - 07:23:22PM] PLAYER_TRIGGER_LEAVE [ths1_TriggerEnterSCRIPT < (040748D4)>]
[11/16/2012 - 07:23:24PM] PLAYER_MOVE None
[11/16/2012 - 07:23:27PM] PLAYER_MOVE Run
[11/16/2012 - 07:23:27PM] PLAYER_TRIGGER_ENTER [ths1_TriggerEnterSCRIPT < (040748D5)>]
[11/16/2012 - 07:23:28PM] PLAYER_MOVE None
[11/16/2012 - 07:23:29PM] PLAYER_MOVE Run
[11/16/2012 - 07:23:29PM] PLAYER_TRIGGER_LEAVE [ths1_TriggerEnterSCRIPT < (040748D5)>]
[11/16/2012 - 07:23:31PM] PLAYER_TRIGGER_ENTER [ths1_NearOrcCageTrigScript <alias NearMuseumOrcCageTrigALIAS on quest ths1_CaptiveOrc (0401A9F8)>]
[11/16/2012 - 07:23:32PM] PLAYER_MOVE None
[11/16/2012 - 07:23:36PM] QUEST_STAGE_CHANGE [ths1_CaptiveOrcQuestSCRIPT <ths1_CaptiveOrc (0401A9F8)>] "The Museum Attraction" 30
[11/16/2012 - 07:23:36PM] QUEST_COMPLETED [ths1_CaptiveOrcQuestSCRIPT <ths1_CaptiveOrc (0401A9F8)>] "The Museum Attraction"
[11/16/2012 - 07:23:52PM] PLAYER_DIALOGUE [TIF__01063CCD <topic info 04063CCD on quest ths1_CaptiveOrc (0401A9F8)>] NPC_SPEAKER [Actor < (040491E3)>]
[11/16/2012 - 07:23:57PM] PLAYER_DIALOGUE [TIF__01068352 <topic info 04068352 on quest ths1_CaptiveOrc (0401A9F8)>] NPC_SPEAKER [Actor < (040491E3)>]
[11/16/2012 - 07:24:04PM] PLAYER_DIALOGUE [TIF__01068354 <topic info 04068354 on quest ths1_CaptiveOrc (0401A9F8)>] NPC_SPEAKER [Actor < (040491E3)>]
[11/16/2012 - 07:24:45PM] PLAYER_MOVE Run
[11/16/2012 - 07:24:46PM] PLAYER_MOVE None
[11/16/2012 - 07:24:47PM] PLAYER_MOVE Run
[11/16/2012 - 07:24:49PM] PLAYER_MOVE None
[11/16/2012 - 07:24:51PM] PLAYER_MOVE Run
[11/16/2012 - 07:24:51PM] PLAYER_TRIGGER_ENTER [ths1_TriggerEnterSCRIPT < (040748D5)>]
[11/16/2012 - 07:24:52PM] PLAYER_TRIGGER_LEAVE [ths1_TriggerEnterSCRIPT < (040748D5)>]
[11/16/2012 - 07:24:53PM] PLAYER_TRIGGER_ENTER [ths1_TriggerEnterSCRIPT < (040748D4)>]
[11/16/2012 - 07:24:53PM] PLAYER_MOVE None
[11/16/2012 - 07:24:56PM] PLAYER_MOVE Run
[11/16/2012 - 07:24:57PM] PLAYER_TRIGGER_LEAVE [ths1_TriggerEnterSCRIPT < (040748D4)>]
[11/16/2012 - 07:24:59PM] PLAYER_MOVE None
[11/16/2012 - 07:24:59PM] PLAYER_TRIGGER_ENTER [ths1_TriggerEnterSCRIPT < (040748C8)>]
[11/16/2012 - 07:25:00PM] PLAYER_MOVE Run
[11/16/2012 - 07:25:02PM] PLAYER_MOVE None
[11/16/2012 - 07:25:04PM] PLAYER_MOVE Run
[11/16/2012 - 07:25:04PM] PLAYER_TRIGGER_ENTER [ths1_TriggerEnterSCRIPT < (040748BF)>]
[11/16/2012 - 07:25:05PM] PLAYER_TRIGGER_LEAVE [ths1_TriggerEnterSCRIPT < (040748C8)>]
[11/16/2012 - 07:25:05PM] PLAYER_MOVE None
[11/16/2012 - 07:25:05PM] PLAYER_TRIGGER_LEAVE [ths1_TriggerEnterSCRIPT < (040748BF)>]
[11/16/2012 - 07:25:05PM] PLAYER_TRIGGER_ENTER [ths1_TriggerEnterSCRIPT < (040748CB)>]
[11/16/2012 - 07:25:06PM] PLAYER_TRIGGER_LEAVE [ths1_TriggerEnterSCRIPT < (040748CB)>]
[11/16/2012 - 07:25:06PM] PLAYER_TRIGGER_ENTER [ths1_TriggerEnterSCRIPT < (040748CB)>]
[11/16/2012 - 07:25:06PM] PLAYER_MOVE Run
[11/16/2012 - 07:25:06PM] PLAYER_TRIGGER_LEAVE [ths1_TriggerEnterSCRIPT < (040748CB)>]
[11/16/2012 - 07:25:07PM] PLAYER_MOVE None
[11/16/2012 - 07:25:08PM] PLAYER_MOVE Run
[11/16/2012 - 07:25:08PM] PLAYER_TRIGGER_ENTER [ths1_TriggerEnterSCRIPT < (040748CB)>]
[11/16/2012 - 07:25:09PM] PLAYER_TRIGGER_LEAVE [ths1_TriggerEnterSCRIPT < (040748CB)>]
[11/16/2012 - 07:25:09PM] PLAYER_TRIGGER_ENTER [ths1_TriggerEnterSCRIPT < (040748C7)>]
[11/16/2012 - 07:25:10PM] PLAYER_TRIGGER_ENTER [ths1_TriggerEnterSCRIPT < (040748BF)>]
[11/16/2012 - 07:25:10PM] PLAYER_TRIGGER_LEAVE [ths1_TriggerEnterSCRIPT < (040748C7)>]
[11/16/2012 - 07:25:11PM] PLAYER_MOVE None
[11/16/2012 - 07:25:13PM] PLAYER_MOVE Run
[11/16/2012 - 07:25:13PM] PLAYER_TRIGGER_LEAVE [ths1_TriggerEnterSCRIPT < (040748BF)>]
[11/16/2012 - 07:25:13PM] PLAYER_TRIGGER_ENTER [ths1_TriggerEnterSCRIPT < (040748C8)>]
[11/16/2012 - 07:25:14PM] PLAYER_MOVE None
[11/16/2012 - 07:25:17PM] PLAYER_DISPLAY_CASE_OPEN [ths1_DisplayCaseScript < (04044E1F)>]
[11/16/2012 - 07:25:26PM] PLAYER_TRIGGER_ENTER [ths1_TriggerEnterSCRIPT < (040748BF)>]
[11/16/2012 - 07:25:26PM] PLAYER_MOVE Run
[11/16/2012 - 07:25:26PM] PLAYER_TRIGGER_LEAVE [ths1_TriggerEnterSCRIPT < (040748BF)>]
[11/16/2012 - 07:25:27PM] PLAYER_MOVE None
[11/16/2012 - 07:25:39PM] PLAYER_MOVE Run
[11/16/2012 - 07:25:39PM] PLAYER_TRIGGER_ENTER [ths1_TriggerEnterSCRIPT < (040748BF)>]
[11/16/2012 - 07:25:39PM] PLAYER_TRIGGER_LEAVE [ths1_TriggerEnterSCRIPT < (040748C8)>]
[11/16/2012 - 07:25:40PM] PLAYER_MOVE None
[11/16/2012 - 07:26:43PM] PLAYER_TRIGGER_ENTER [ths1_TriggerEnterSCRIPT < (0408C7C0)>]
[11/16/2012 - 07:26:43PM] PLAYER_TRIGGER_LEAVE [ths1_TriggerEnterSCRIPT < (040748BF)>]
[11/16/2012 - 07:26:43PM] PLAYER_CELL_CHANGE [Cell <Wilderness (04085D4C)>] ""
[11/16/2012 - 07:26:43PM] PLAYER_WORLDSPACE_CHANGE [WorldSpace <ths1_Town (04085D17)>] "Town"
[11/16/2012 - 07:26:51PM] PLAYER_TRIGGER_LEAVE [ths1_TriggerEnterSCRIPT < (0408C7C0)>]
[11/16/2012 - 07:26:52PM] PLAYER_TRIGGER_ENTER [ths1_TriggerEnterSCRIPT < (0408C7C0)>]
[11/16/2012 - 07:26:53PM] PLAYER_MOVE Run
[11/16/2012 - 07:26:54PM] PLAYER_TRIGGER_LEAVE [ths1_TriggerEnterSCRIPT < (0408C7C0)>]
[11/16/2012 - 07:26:56PM] PLAYER_ACTOR_VIEW_GAIN [ObjectReference < (04089359)>] "Seamus"
[11/16/2012 - 07:26:57PM] PLAYER_MOVE None
[11/16/2012 - 07:26:57PM] PLAYER_ACTOR_VIEW_LOSS [ObjectReference < (04089359)>] "Seamus"
[11/16/2012 - 07:27:00PM] PLAYER_MOVE Run
[11/16/2012 - 07:27:04PM] PLAYER_CELL_CHANGE [Cell <Wilderness (04085D54)>] ""
[11/16/2012 - 07:27:06PM] PLAYER_MOVE None
[11/16/2012 - 07:27:07PM] PLAYER_TRIGGER_ENTER [ths1_TriggerEnterSCRIPT < (0408C7C1)>]
[11/16/2012 - 07:27:11PM] PLAYER_MOVE Run
[11/16/2012 - 07:27:12PM] PLAYER_TRIGGER_LEAVE [ths1_TriggerEnterSCRIPT < (0408C7C1)>]
[11/16/2012 - 07:27:13PM] PLAYER_TRIGGER_ENTER [ths1_TriggerEnterSCRIPT < (0408C7C2)>]
[11/16/2012 - 07:27:13PM] PLAYER_CELL_CHANGE [Cell <Wilderness (04085D56)>] ""
[11/16/2012 - 07:27:15PM] PLAYER_TRIGGER_LEAVE [ths1_TriggerEnterSCRIPT < (0408C7C2)>]
[11/16/2012 - 07:27:17PM] PLAYER_TRIGGER_ENTER [ths1_TriggerEnterSCRIPT < (0408C788)>]
[11/16/2012 - 07:27:18PM] PLAYER_TRIGGER_LEAVE [ths1_TriggerEnterSCRIPT < (0408C788)>]
[11/16/2012 - 07:27:18PM] PLAYER_MOVE None
[11/16/2012 - 07:27:24PM] PLAYER_MOVE Run
[11/16/2012 - 07:27:25PM] PLAYER_CELL_CHANGE [Cell <Wilderness (04085D34)>] ""
[11/16/2012 - 07:27:29PM] PLAYER_ACTOR_VIEW_GAIN [ObjectReference < (04089359)>] "Seamus"
[11/16/2012 - 07:27:31PM] PLAYER_TRIGGER_ENTER [ths1_TriggerEnterSCRIPT < (0408CD5A)>]
[11/16/2012 - 07:27:33PM] PLAYER_TRIGGER_LEAVE [ths1_TriggerEnterSCRIPT < (0408CD5A)>]
[11/16/2012 - 07:27:36PM] PLAYER_CELL_CHANGE [Cell <Wilderness (04085D44)>] ""
[11/16/2012 - 07:27:39PM] PLAYER_MOVE None
[11/16/2012 - 07:27:44PM] PLAYER_DIALOGUE [TIF__01013D2B <topic info 04013D2B on quest ths1_MissingDog (04009344)>] NPC_SPEAKER [Actor < (04089359)>]
[11/16/2012 - 07:27:46PM] QUEST_STAGE_CHANGE [ths1_MDQScript <ths1_MissingDog (04009344)>] "Missing Dog" 5
[11/16/2012 - 07:27:56PM] PLAYER_DIALOGUE [TIF__010180E7 <topic info 040180E7 on quest ths1_MissingDog (04009344)>] NPC_SPEAKER [Actor < (04089359)>]
[11/16/2012 - 07:27:59PM] PLAYER_DIALOGUE [TIF__01009353 <topic info 04009353 on quest ths1_MissingDog (04009344)>] NPC_SPEAKER [Actor < (04089359)>]
[11/16/2012 - 07:28:10PM] PLAYER_DIALOGUE [TIF__0100DBAF <topic info 0400DBAF on quest ths1_MissingDog (04009344)>] NPC_SPEAKER [Actor < (04089359)>]
[11/16/2012 - 07:28:13PM] QUEST_STAGE_CHANGE [ths1_MDQScript <ths1_MissingDog (04009344)>] "Missing Dog" 10
[11/16/2012 - 07:28:13PM] ACTOR_PACKAGE_START [ths1_MDQSeamusAliasSCRIPT <alias Seamus on quest ths1_MissingDog (04009344)>] "Seamus" : "[PF_ths1_SeamusFollowerPackag_0201C01E < (0401C01E)>]"
[11/16/2012 - 07:28:17PM] PLAYER_MOVE Run
[11/16/2012 - 07:28:17PM] PLAYER_ACTOR_VIEW_LOSS [ObjectReference < (04089359)>] "Seamus"
[11/16/2012 - 07:28:19PM] PLAYER_MOVE None
[11/16/2012 - 07:28:22PM] PLAYER_ACTOR_VIEW_GAIN [ObjectReference < (04089359)>] "Seamus"
[11/16/2012 - 07:28:30PM] PLAYER_CELL_CHANGE [Cell <Wilderness (04085D34)>] ""
[11/16/2012 - 07:28:30PM] PLAYER_MOVE Run
[11/16/2012 - 07:28:31PM] PLAYER_ACTOR_VIEW_LOSS [ObjectReference < (04089359)>] "Seamus"
[11/16/2012 - 07:28:31PM] PLAYER_TRIGGER_ENTER [ths1_TriggerEnterSCRIPT < (0408C7A9)>]
[11/16/2012 - 07:28:32PM] PLAYER_TRIGGER_ENTER [ths1_TriggerEnterSCRIPT < (0408CD5A)>]
[11/16/2012 - 07:28:33PM] PLAYER_TRIGGER_LEAVE [ths1_TriggerEnterSCRIPT < (0408C7A9)>]
[11/16/2012 - 07:28:34PM] PLAYER_TRIGGER_LEAVE [ths1_TriggerEnterSCRIPT < (0408CD5A)>]
[11/16/2012 - 07:28:35PM] PLAYER_TRIGGER_ENTER [ths1_TriggerEnterSCRIPT < (0408CD5A)>]
[11/16/2012 - 07:28:36PM] PLAYER_TRIGGER_LEAVE [ths1_TriggerEnterSCRIPT < (0408CD5A)>]
[11/16/2012 - 07:28:42PM] PLAYER_TRIGGER_ENTER [ths1_TriggerEnterSCRIPT < (0408CD5B)>]
[11/16/2012 - 07:28:43PM] PLAYER_MOVE None
[11/16/2012 - 07:28:46PM] PLAYER_MOVE Run
[11/16/2012 - 07:28:47PM] PLAYER_TRIGGER_LEAVE [ths1_TriggerEnterSCRIPT < (0408CD5B)>]
[11/16/2012 - 07:28:48PM] PLAYER_MOVE None
[11/16/2012 - 07:28:50PM] PLAYER_MOVE Run
[11/16/2012 - 07:28:50PM] PLAYER_TRIGGER_ENTER [ths1_TriggerEnterSCRIPT < (0408C78E)>]
[11/16/2012 - 07:28:51PM] PLAYER_CELL_CHANGE [Cell <Wilderness (04085D56)>] ""
[11/16/2012 - 07:28:51PM] PLAYER_MOVE None
[11/16/2012 - 07:28:55PM] PLAYER_ITEM_OBTAIN None "Grass Pod"
[11/16/2012 - 07:28:57PM] PLAYER_TRIGGER_ENTER [ths1_TriggerEnterSCRIPT < (0408CD5B)>]
[11/16/2012 - 07:28:57PM] PLAYER_MOVE Run
[11/16/2012 - 07:28:57PM] PLAYER_TRIGGER_LEAVE [ths1_TriggerEnterSCRIPT < (0408C78E)>]
[11/16/2012 - 07:28:58PM] PLAYER_MOVE None
[11/16/2012 - 07:29:06PM] PLAYER_ITEM_OBTAIN [ObjectReference < (04085F94)>] "Blue Mountain Flower"
[11/16/2012 - 07:29:40PM] PLAYER_MOVE Run
[11/16/2012 - 07:29:41PM] PLAYER_MOVE None
[11/16/2012 - 07:29:44PM] PLAYER_MOVE Run
[11/16/2012 - 07:29:45PM] PLAYER_MOVE None
[11/16/2012 - 07:29:50PM] PLAYER_ITEM_OBTAIN [ObjectReference < (04085F99)>] "Red Mountain Flower"
[11/16/2012 - 07:29:57PM] PLAYER_ITEM_OBTAIN None "Grass Pod"
[11/16/2012 - 07:29:59PM] PLAYER_MOVE Run
[11/16/2012 - 07:30:00PM] PLAYER_TRIGGER_ENTER [ths1_TriggerEnterSCRIPT < (0408C78E)>]
[11/16/2012 - 07:30:00PM] PLAYER_TRIGGER_LEAVE [ths1_TriggerEnterSCRIPT < (0408CD5B)>]
[11/16/2012 - 07:30:01PM] PLAYER_MOVE None
[11/16/2012 - 07:30:04PM] PLAYER_MOVE Run
[11/16/2012 - 07:30:05PM] PLAYER_MOVE None
[11/16/2012 - 07:30:22PM] PLAYER_ITEM_OBTAIN None "Grass Pod"
[11/16/2012 - 07:30:24PM] PLAYER_MOVE Run
[11/16/2012 - 07:30:25PM] PLAYER_MOVE None
[11/16/2012 - 07:30:27PM] PLAYER_MOVE Run
[11/16/2012 - 07:30:29PM] PLAYER_MOVE None
[11/16/2012 - 07:30:30PM] PLAYER_MOVE Run
[11/16/2012 - 07:30:31PM] PLAYER_MOVE None
[11/16/2012 - 07:31:29PM] PLAYER_MOVE Run
[11/16/2012 - 07:31:33PM] PLAYER_TRIGGER_ENTER [ths1_TriggerEnterSCRIPT < (0408CD5B)>]
[11/16/2012 - 07:31:33PM] PLAYER_TRIGGER_LEAVE [ths1_TriggerEnterSCRIPT < (0408C78E)>]
[11/16/2012 - 07:31:35PM] PLAYER_CELL_CHANGE [Cell <Wilderness (04085D34)>] ""
[11/16/2012 - 07:31:35PM] PLAYER_TRIGGER_LEAVE [ths1_TriggerEnterSCRIPT < (0408CD5B)>]
[11/16/2012 - 07:31:40PM] PLAYER_TRIGGER_ENTER [ths1_TriggerEnterSCRIPT < (0408CD5A)>]
[11/16/2012 - 07:31:43PM] PLAYER_TRIGGER_LEAVE [ths1_TriggerEnterSCRIPT < (0408CD5A)>]
[11/16/2012 - 07:31:46PM] PLAYER_CELL_CHANGE [Cell <Wilderness (04085D44)>] ""
[11/16/2012 - 07:31:49PM] PLAYER_MOVE None
[11/16/2012 - 07:31:53PM] PLAYER_MOVE Run
[11/16/2012 - 07:31:54PM] PLAYER_CELL_CHANGE [Cell <Wilderness (04085D42)>] ""
[11/16/2012 - 07:32:01PM] PLAYER_TRIGGER_ENTER [ths1_TriggerEnterSCRIPT < (0408C7AF)>]
[11/16/2012 - 07:32:03PM] PLAYER_TRIGGER_LEAVE [ths1_TriggerEnterSCRIPT < (0408C7AF)>]
[11/16/2012 - 07:32:03PM] PLAYER_TRIGGER_ENTER [ths1_TriggerEnterSCRIPT < (0408C7AE)>]
[11/16/2012 - 07:32:04PM] PLAYER_MOVE None
[11/16/2012 - 07:32:06PM] PLAYER_CELL_CHANGE [Cell <Wilderness (04085D4C)>] ""
[11/16/2012 - 07:32:06PM] PLAYER_MOVE Run
[11/16/2012 - 07:32:08PM] PLAYER_CELL_CHANGE [Cell <Wilderness (04085D4A)>] ""
[11/16/2012 - 07:32:08PM] PLAYER_MOVE None
[11/16/2012 - 07:32:59PM] Log closed
