[11/13/2012 - 11:24:11AM] 0 log opened (PC)
[11/13/2012 - 11:24:11AM] QUEST_INIT "Master Quest"
[11/13/2012 - 11:24:11AM] QUEST_INIT [ths1_MDQScript <ths1_MissingDog (02009344)>] "Missing Dog"
[11/13/2012 - 11:24:11AM] QUEST_INIT [ths1_BBQScript <ths1_BarrianBookQuest (0204540C)>] "'What's That You're Reading, Barrian?'" [ths1_BBQScript <ths1_BarrianBookQuest (0204540C)>]
[11/13/2012 - 11:24:11AM] QUEST_INIT "Master Quest"
[11/13/2012 - 11:24:11AM] QUEST_INIT [ths1_MDQScript <ths1_MissingDog (02009344)>] "Missing Dog"
[11/13/2012 - 11:24:11AM] QUEST_INIT [ths1_CaptiveOrcQuestSCRIPT <ths1_CaptiveOrc (0201A9F8)>] "The Museum Attraction"
[11/13/2012 - 11:24:11AM] PLAYER_ITEM_OBTAIN [Form < (00012E4D)>] None "Iron Helmet" COUNT 1 CONTAINER None
[11/13/2012 - 11:24:11AM] ACTOR_PACKAGE_START [ths1_MDQSeamusAliasSCRIPT <alias Seamus on quest ths1_MissingDog (02009344)>] "Seamus" : "[PF_ths1_SeamusReturnHomePack_0204FA01 < (0204FA01)>]"
[11/13/2012 - 11:24:11AM] PLAYER_ITEM_OBTAIN [Form < (00012E46)>] None "Iron Gauntlets" COUNT 1 CONTAINER None
[11/13/2012 - 11:24:11AM] QUEST_INIT [ths1_CaptiveOrcQuestSCRIPT <ths1_CaptiveOrc (0201A9F8)>] "The Museum Attraction"
[11/13/2012 - 11:24:11AM] PLAYER_ITEM_OBTAIN [Form < (00012E49)>] None "Iron Armor" COUNT 1 CONTAINER None
[11/13/2012 - 11:24:11AM] PLAYER_ITEM_OBTAIN [Form < (00012E4B)>] None "Iron Boots" COUNT 1 CONTAINER None
[11/13/2012 - 11:24:11AM] PLAYER_ITEM_OBTAIN [MiscObject < (0000000F)>] None "gold" COUNT 1000 CONTAINER None
[11/13/2012 - 11:24:11AM] PLAYER_ITEM_OBTAIN [MiscObject < (0000000F)>] None "gold" COUNT 1000 CONTAINER None
[11/13/2012 - 11:24:12AM] PLAYER_MOVE None
[11/13/2012 - 11:29:18AM] PLAYER_DOOR_ACTIVATE [ths1_COQRescueOrcScript <alias OrcCageDoor on quest ths1_CaptiveOrc (0201A9F8)>] "OrcCageDoor"
[11/13/2012 - 11:35:36AM] QUEST_STAGE_CHANGE [ths1_CCQScript <ths1_CapturedCatQUEST (0203B916)>] "Here, Kitty" 10
[11/13/2012 - 11:35:47AM] PLAYER_DIALOGUE [TIF__0104DEBE <topic info 0204DEBE on quest ths1_CapturedCatQUEST (0203B916)>] NPC_SPEAKER [Actor < (02039836)>]
[11/13/2012 - 11:35:49AM] PLAYER_DIALOGUE [TIF__0104DEBE <topic info 0204DEBE on quest ths1_CapturedCatQUEST (0203B916)>] NPC_SPEAKER [Actor < (02039836)>]
[11/13/2012 - 11:37:32AM] QUEST_STAGE_CHANGE [ths1_CCQScript <ths1_CapturedCatQUEST (0203B916)>] "Here, Kitty" 20
[11/13/2012 - 11:37:35AM] PLAYER_DIALOGUE [TIF__0105C556 <topic info 0205C556 on quest ths1_CapturedCatQUEST (0203B916)>] NPC_SPEAKER [Actor < (02039836)>]
[11/13/2012 - 11:37:38AM] PLAYER_DIALOGUE [TIF__02080B3E <topic info 02080B3E on quest ths1_CapturedCatQUEST (0203B916)>] NPC_SPEAKER [Actor < (02039836)>]
[11/13/2012 - 11:44:32AM] Log closed
