[11/19/2012 - 03:38:55PM] 18 log opened (PC)
[11/19/2012 - 03:38:55PM] PLAYER_MOVE Run
[11/19/2012 - 03:38:56PM] PLAYER_TRIGGER_ENTER [ths1_TriggerEnterSCRIPT < (04074E57)>]
[11/19/2012 - 03:38:56PM] PLAYER_TRIGGER_ENTER [ths1_TriggerEnterSCRIPT < (04074E53)>]
[11/19/2012 - 03:38:56PM] PLAYER_TRIGGER_LEAVE [ths1_TriggerEnterSCRIPT < (04074E57)>]
[11/19/2012 - 03:38:57PM] PLAYER_MOVE None
[11/19/2012 - 03:38:58PM] PLAYER_ITEM_OBTAIN None "Daedric Greatsword"
[11/19/2012 - 03:39:00PM] PLAYER_ITEM_OBTAIN None "Daedric Bow"
[11/19/2012 - 03:39:01PM] PLAYER_ITEM_OBTAIN None "Daedric Arrow"
[11/19/2012 - 03:39:02PM] PLAYER_ITEM_OBTAIN None "Daedric War Axe"
[11/19/2012 - 03:39:03PM] PLAYER_ITEM_OBTAIN None "Daedric Mace"
[11/19/2012 - 03:39:05PM] PLAYER_ITEM_OBTAIN None "Atronach Forge Recipe"
[11/19/2012 - 03:39:05PM] PLAYER_ITEM_OBTAIN None "Atronach Forge Recipe"
[11/19/2012 - 03:39:05PM] PLAYER_POV_CHANGE THIRD_PERSON
[11/19/2012 - 03:39:42PM] PLAYER_MOVE Run
[11/19/2012 - 03:39:42PM] PLAYER_TRIGGER_ENTER [ths1_TriggerEnterSCRIPT < (04074E57)>]
[11/19/2012 - 03:39:42PM] PLAYER_TRIGGER_LEAVE [ths1_TriggerEnterSCRIPT < (04074E53)>]
[11/19/2012 - 03:39:42PM] PLAYER_POV_CHANGE FIRST_PERSON
[11/19/2012 - 03:39:43PM] PLAYER_TRIGGER_ENTER [ths1_TriggerEnterSCRIPT < (04074E58)>]
[11/19/2012 - 03:39:43PM] PLAYER_TRIGGER_LEAVE [ths1_TriggerEnterSCRIPT < (04074E57)>]
[11/19/2012 - 03:39:43PM] PLAYER_MOVE None
[11/19/2012 - 03:39:43PM] PLAYER_TRIGGER_ENTER [ths1_TriggerEnterSCRIPT < (04074E57)>]
[11/19/2012 - 03:39:46PM] PLAYER_TRIGGER_LEAVE [ths1_TriggerEnterSCRIPT < (04074E57)>]
[11/19/2012 - 03:39:46PM] PLAYER_TRIGGER_LEAVE [ths1_TriggerEnterSCRIPT < (04074E58)>]
[11/19/2012 - 03:39:46PM] PLAYER_MOVE Run
[11/19/2012 - 03:39:47PM] PLAYER_MOVE None
[11/19/2012 - 03:39:48PM] PLAYER_MOVE Run
[11/19/2012 - 03:39:49PM] PLAYER_TRIGGER_ENTER [ths1_TriggerEnterSCRIPT < (04074E58)>]
[11/19/2012 - 03:39:50PM] PLAYER_TRIGGER_ENTER [ths1_TriggerEnterSCRIPT < (04074E57)>]
[11/19/2012 - 03:39:51PM] PLAYER_MOVE None
[11/19/2012 - 03:39:52PM] PLAYER_ITEM_OBTAIN [ObjectReference < (040711D0)>] "Greater Soul Gem"
[11/19/2012 - 03:39:52PM] PLAYER_ITEM_OBTAIN [ObjectReference < (040711CD)>] "Red Apple"
[11/19/2012 - 03:39:53PM] PLAYER_ITEM_OBTAIN [ObjectReference < (040711CC)>] "Green Apple"
[11/19/2012 - 03:39:54PM] PLAYER_ITEM_OBTAIN [ObjectReference < (040711BC)>] "Frost Salts"
[11/19/2012 - 03:39:54PM] PLAYER_ITEM_OBTAIN [ObjectReference < (040711D3)>] "Void Salts"
[11/19/2012 - 03:39:56PM] PLAYER_TRIGGER_LEAVE [ths1_TriggerEnterSCRIPT < (04074E57)>]
[11/19/2012 - 03:39:57PM] PLAYER_ITEM_OBTAIN [ObjectReference < (040711BD)>] "Taproot"
[11/19/2012 - 03:39:59PM] PLAYER_ITEM_OBTAIN None "Black Soul Gem"
[11/19/2012 - 03:40:00PM] PLAYER_MOVE Run
[11/19/2012 - 03:40:01PM] PLAYER_TRIGGER_LEAVE [ths1_TriggerEnterSCRIPT < (04074E58)>]
[11/19/2012 - 03:40:01PM] PLAYER_TRIGGER_ENTER [ths1_TriggerEnterSCRIPT < (04074E52)>]
[11/19/2012 - 03:40:03PM] PLAYER_TRIGGER_LEAVE [ths1_TriggerEnterSCRIPT < (04074E52)>]
[11/19/2012 - 03:40:03PM] PLAYER_TRIGGER_ENTER [ths1_TriggerEnterSCRIPT < (04074E51)>]
[11/19/2012 - 03:40:04PM] PLAYER_TRIGGER_LEAVE [ths1_TriggerEnterSCRIPT < (04074E51)>]
[11/19/2012 - 03:40:04PM] PLAYER_TRIGGER_ENTER [ths1_TriggerEnterSCRIPT < (04074E50)>]
[11/19/2012 - 03:40:05PM] PLAYER_TRIGGER_LEAVE [ths1_TriggerEnterSCRIPT < (04074E50)>]
[11/19/2012 - 03:40:05PM] PLAYER_MOVE None
[11/19/2012 - 03:40:07PM] PLAYER_MOVE Run
[11/19/2012 - 03:40:08PM] PLAYER_TRIGGER_ENTER [ths1_TriggerEnterSCRIPT < (04074E54)>]
[11/19/2012 - 03:40:09PM] PLAYER_MOVE None
[11/19/2012 - 03:40:09PM] PLAYER_ITEM_OBTAIN None "Salmon Steak"
[11/19/2012 - 03:40:09PM] PLAYER_ITEM_OBTAIN None "Firebrand Wine"
[11/19/2012 - 03:40:09PM] PLAYER_ITEM_OBTAIN None "Platter"
[11/19/2012 - 03:40:09PM] PLAYER_ITEM_OBTAIN None "Goblet"
[11/19/2012 - 03:40:10PM] PLAYER_ITEM_OBTAIN None "Seared Slaughterfish"
[11/19/2012 - 03:40:10PM] PLAYER_ITEM_OBTAIN None "Grilled Chicken Breast"
[11/19/2012 - 03:40:10PM] PLAYER_ITEM_OBTAIN None "Goblet"
[11/19/2012 - 03:40:10PM] PLAYER_ITEM_OBTAIN None "Cooked Beef"
[11/19/2012 - 03:40:11PM] PLAYER_ITEM_OBTAIN None "Bread"
[11/19/2012 - 03:40:11PM] PLAYER_ITEM_OBTAIN None "Goblet"
[11/19/2012 - 03:40:14PM] PLAYER_TRIGGER_LEAVE [ths1_TriggerEnterSCRIPT < (04074E54)>]
[11/19/2012 - 03:40:14PM] PLAYER_MOVE Run
[11/19/2012 - 03:40:14PM] PLAYER_TRIGGER_ENTER [ths1_TriggerEnterSCRIPT < (04074E54)>]
[11/19/2012 - 03:40:15PM] PLAYER_MOVE None
[11/19/2012 - 03:40:16PM] PLAYER_ITEM_OBTAIN None "Jug"
[11/19/2012 - 03:40:17PM] PLAYER_ITEM_OBTAIN None "Goblet"
[11/19/2012 - 03:40:18PM] PLAYER_ITEM_OBTAIN None "Platter"
[11/19/2012 - 03:40:18PM] PLAYER_ITEM_OBTAIN None "Sweet Roll"
[11/19/2012 - 03:40:23PM] PLAYER_MOVE Run
[11/19/2012 - 03:40:24PM] PLAYER_ITEM_OBTAIN None "Goblet"
[11/19/2012 - 03:40:24PM] PLAYER_ITEM_OBTAIN None "Goblet"
[11/19/2012 - 03:40:24PM] PLAYER_MOVE None
[11/19/2012 - 03:40:24PM] PLAYER_ITEM_OBTAIN None "Alto Wine"
[11/19/2012 - 03:40:25PM] PLAYER_ITEM_OBTAIN None "Sweet Roll"
[11/19/2012 - 03:40:25PM] PLAYER_ITEM_OBTAIN None "Sweet Roll"
[11/19/2012 - 03:40:26PM] PLAYER_ITEM_OBTAIN None "Sweet Roll"
[11/19/2012 - 03:40:26PM] PLAYER_ITEM_OBTAIN None "Sweet Roll"
[11/19/2012 - 03:40:26PM] PLAYER_ITEM_OBTAIN None "Sweet Roll"
[11/19/2012 - 03:40:27PM] PLAYER_ITEM_OBTAIN None "Goblet"
[11/19/2012 - 03:40:29PM] PLAYER_MOVE Run
[11/19/2012 - 03:40:29PM] PLAYER_TRIGGER_LEAVE [ths1_TriggerEnterSCRIPT < (04074E54)>]
[11/19/2012 - 03:40:30PM] PLAYER_TRIGGER_ENTER [ths1_TriggerEnterSCRIPT < (04074E54)>]
[11/19/2012 - 03:40:31PM] PLAYER_MOVE None
[11/19/2012 - 03:40:31PM] PLAYER_ITEM_OBTAIN None "Goblet"
[11/19/2012 - 03:40:33PM] PLAYER_TRIGGER_LEAVE [ths1_TriggerEnterSCRIPT < (04074E54)>]
[11/19/2012 - 03:40:33PM] PLAYER_MOVE Run
[11/19/2012 - 03:40:33PM] PLAYER_TRIGGER_ENTER [ths1_TriggerEnterSCRIPT < (04074E54)>]
[11/19/2012 - 03:40:34PM] PLAYER_TRIGGER_LEAVE [ths1_TriggerEnterSCRIPT < (04074E54)>]
[11/19/2012 - 03:40:35PM] PLAYER_MOVE None
[11/19/2012 - 03:40:35PM] PLAYER_ITEM_OBTAIN None "White Cap"
[11/19/2012 - 03:40:36PM] PLAYER_ITEM_OBTAIN None "Imp Stool"
[11/19/2012 - 03:40:36PM] PLAYER_ITEM_OBTAIN None "Fly Amanita"
[11/19/2012 - 03:40:36PM] PLAYER_ITEM_OBTAIN None "Honningbrew Mead"
[11/19/2012 - 03:40:37PM] PLAYER_ITEM_OBTAIN None "Eidar Cheese Wheel"
[11/19/2012 - 03:40:38PM] PLAYER_ITEM_OBTAIN None "Eidar Cheese Wheel"
[11/19/2012 - 03:40:38PM] PLAYER_ITEM_OBTAIN None "Eidar Cheese Wheel"
[11/19/2012 - 03:40:39PM] PLAYER_ITEM_OBTAIN None "Eidar Cheese Wheel"
[11/19/2012 - 03:40:39PM] PLAYER_ITEM_OBTAIN None "Eidar Cheese Wheel"
[11/19/2012 - 03:40:40PM] PLAYER_ITEM_OBTAIN None "Eidar Cheese Wheel"
[11/19/2012 - 03:40:41PM] PLAYER_ITEM_OBTAIN None "Eidar Cheese Wheel"
[11/19/2012 - 03:40:42PM] PLAYER_ITEM_OBTAIN None "Spiced Wine"
[11/19/2012 - 03:40:42PM] PLAYER_ITEM_OBTAIN None "Black-Briar Reserve"
[11/19/2012 - 03:40:45PM] PLAYER_ITEM_OBTAIN None "Mammoth Tusk"
[11/19/2012 - 03:40:46PM] PLAYER_ITEM_OBTAIN None "Black-Briar Mead"
[11/19/2012 - 03:40:50PM] PLAYER_MOVE Run
[11/19/2012 - 03:40:50PM] PLAYER_TRIGGER_ENTER [ths1_TriggerEnterSCRIPT < (04074E4F)>]
[11/19/2012 - 03:40:51PM] PLAYER_MOVE None
[11/19/2012 - 03:41:01PM] PLAYER_TRIGGER_ENTER [ths1_TriggerEnterSCRIPT < (0408C788)>]
[11/19/2012 - 03:41:01PM] PLAYER_TRIGGER_LEAVE [ths1_TriggerEnterSCRIPT < (04074E4F)>]
[11/19/2012 - 03:41:02PM] PLAYER_CELL_CHANGE [Cell <Wilderness (04085D56)>] ""
[11/19/2012 - 03:41:02PM] PLAYER_WORLDSPACE_CHANGE [WorldSpace <ths1_Town (04085D17)>] "Town"
[11/19/2012 - 03:41:03PM] PLAYER_TRIGGER_LEAVE [ths1_TriggerEnterSCRIPT < (0408C788)>]
[11/19/2012 - 03:41:03PM] PLAYER_MOVE Run
[11/19/2012 - 03:41:04PM] PLAYER_CELL_CHANGE [Cell <Wilderness (04085D34)>] ""
[11/19/2012 - 03:41:06PM] PLAYER_TRIGGER_ENTER [ths1_TriggerEnterSCRIPT < (0408CDAB)>]
[11/19/2012 - 03:41:06PM] PLAYER_TRIGGER_LEAVE [ths1_TriggerEnterSCRIPT < (0408CDAB)>]
[11/19/2012 - 03:41:09PM] PLAYER_ACTOR_VIEW_GAIN [ObjectReference < (04089359)>] "Seamus"
[11/19/2012 - 03:41:09PM] PLAYER_TRIGGER_ENTER [ths1_TriggerEnterSCRIPT < (0408CD5A)>]
[11/19/2012 - 03:41:13PM] PLAYER_TRIGGER_LEAVE [ths1_TriggerEnterSCRIPT < (0408CD5A)>]
[11/19/2012 - 03:41:16PM] PLAYER_CELL_CHANGE [Cell <Wilderness (04085D44)>] ""
[11/19/2012 - 03:41:19PM] PLAYER_MOVE None
[11/19/2012 - 03:41:21PM] PLAYER_DIALOGUE [TIF__01013D2B <topic info 04013D2B on quest ths1_MissingDog (04009344)>] NPC_SPEAKER [Actor < (04089359)>]
[11/19/2012 - 03:41:24PM] QUEST_STAGE_CHANGE [ths1_MDQScript <ths1_MissingDog (04009344)>] "Missing Dog" 5
[11/19/2012 - 03:41:32PM] PLAYER_DIALOGUE [TIF__0100A947 <topic info 0400A947 on quest ths1_MissingDog (04009344)>] NPC_SPEAKER [Actor < (04089359)>]
[11/19/2012 - 03:41:37PM] PLAYER_MOVE Run
[11/19/2012 - 03:41:38PM] PLAYER_ACTOR_VIEW_LOSS [ObjectReference < (04089359)>] "Seamus"
[11/19/2012 - 03:41:38PM] PLAYER_TRIGGER_ENTER [ths1_TriggerEnterSCRIPT < (0408C7A1)>]
[11/19/2012 - 03:41:39PM] PLAYER_TRIGGER_LEAVE [ths1_TriggerEnterSCRIPT < (0408C7A1)>]
[11/19/2012 - 03:41:39PM] PLAYER_TRIGGER_ENTER [ths1_TriggerEnterSCRIPT < (0408C7A1)>]
[11/19/2012 - 03:41:39PM] PLAYER_MOVE None
[11/19/2012 - 03:41:40PM] PLAYER_TRIGGER_LEAVE [ths1_TriggerEnterSCRIPT < (0408C7A1)>]
[11/19/2012 - 03:41:43PM] PLAYER_CELL_CHANGE [Cell <ths1_IsaanHouse (0407113A)>] "Isaan's House"
[11/19/2012 - 03:41:50PM] PLAYER_MOVE Run
[11/19/2012 - 03:41:51PM] PLAYER_TRIGGER_ENTER [ths1_TriggerEnterSCRIPT < (04074E5A)>]
[11/19/2012 - 03:41:51PM] PLAYER_MOVE None
[11/19/2012 - 03:41:54PM] PLAYER_ITEM_OBTAIN [ObjectReference < (04071167)>] "plate"
[11/19/2012 - 03:41:54PM] PLAYER_ITEM_OBTAIN [ObjectReference < (04071166)>] "Red Apple"
[11/19/2012 - 03:41:54PM] PLAYER_ITEM_OBTAIN [ObjectReference < (0407115A)>] "Salmon Steak"
[11/19/2012 - 03:41:55PM] PLAYER_ITEM_OBTAIN [ObjectReference < (0407115D)>] "Ale"
[11/19/2012 - 03:41:55PM] PLAYER_ITEM_OBTAIN [ObjectReference < (0407115F)>] "Cup"
[11/19/2012 - 03:41:55PM] PLAYER_ITEM_OBTAIN [ObjectReference < (04071160)>] "Unknown Potion"
[11/19/2012 - 03:41:56PM] PLAYER_ITEM_OBTAIN [ObjectReference < (04071168)>] "plate"
[11/19/2012 - 03:41:56PM] PLAYER_ITEM_OBTAIN [ObjectReference < (04071170)>] "Salmon Meat"
[11/19/2012 - 03:41:57PM] PLAYER_ITEM_OBTAIN [ObjectReference < (0407115E)>] "Cup"
[11/19/2012 - 03:41:57PM] PLAYER_ITEM_OBTAIN [ObjectReference < (0407115B)>] "plate"
[11/19/2012 - 03:41:57PM] PLAYER_ITEM_OBTAIN [ObjectReference < (0407115C)>] "Bread"
[11/19/2012 - 03:41:57PM] PLAYER_ITEM_OBTAIN [ObjectReference < (0407116F)>] "Baked Potatoes"
[11/19/2012 - 03:41:58PM] PLAYER_ITEM_OBTAIN [ObjectReference < (04071171)>] "Salmon Meat"
[11/19/2012 - 03:41:59PM] PLAYER_TRIGGER_LEAVE [ths1_TriggerEnterSCRIPT < (04074E5A)>]
[11/19/2012 - 03:41:59PM] PLAYER_TRIGGER_ENTER [ths1_TriggerEnterSCRIPT < (04074E5A)>]
[11/19/2012 - 03:42:00PM] PLAYER_MOVE Run
[11/19/2012 - 03:42:00PM] PLAYER_TRIGGER_LEAVE [ths1_TriggerEnterSCRIPT < (04074E5A)>]
[11/19/2012 - 03:42:00PM] PLAYER_TRIGGER_ENTER [ths1_TriggerEnterSCRIPT < (04074E5B)>]
[11/19/2012 - 03:42:01PM] PLAYER_MOVE None
[11/19/2012 - 03:42:01PM] PLAYER_ITEM_OBTAIN [ObjectReference < (0407116D)>] "Potion of Brief Invisibility"
[11/19/2012 - 03:42:01PM] PLAYER_ITEM_OBTAIN [ObjectReference < (0407116C)>] "Potion of Glibness"
[11/19/2012 - 03:42:02PM] PLAYER_ITEM_OBTAIN [ObjectReference < (0407116B)>] "Potion of Vigor"
[11/19/2012 - 03:42:02PM] PLAYER_ITEM_OBTAIN [ObjectReference < (0407116E)>] "Potion of Vigor"
[11/19/2012 - 03:42:03PM] PLAYER_ITEM_OBTAIN [ObjectReference < (04071163)>] "Hide Helmet"
[11/19/2012 - 03:42:04PM] PLAYER_ITEM_OBTAIN [ObjectReference < (04071164)>] "Iron Sword"
[11/19/2012 - 03:42:06PM] PLAYER_ITEM_OBTAIN [ObjectReference < (04071146)>] "Biography of Barenziah, v2"
[11/19/2012 - 03:46:46PM] PLAYER_TRIGGER_ENTER [ths1_TriggerEnterSCRIPT < (04074E5A)>]
[11/19/2012 - 03:46:46PM] PLAYER_MOVE Run
[11/19/2012 - 03:46:46PM] PLAYER_TRIGGER_LEAVE [ths1_TriggerEnterSCRIPT < (04074E5B)>]
[11/19/2012 - 03:46:47PM] PLAYER_TRIGGER_LEAVE [ths1_TriggerEnterSCRIPT < (04074E5A)>]
[11/19/2012 - 03:46:48PM] PLAYER_MOVE None
[11/19/2012 - 03:46:53PM] PLAYER_DIALOGUE [TIF__010098E9 <topic info 040098E9 on quest ths1_MissingDog (04009344)>] NPC_SPEAKER [Actor < (04071D11)>]
[11/19/2012 - 03:47:00PM] PLAYER_DIALOGUE [TIF__01041651 <topic info 04041651 on quest ths1_MissingDog (04009344)>] NPC_SPEAKER [Actor < (04071D11)>]
[11/19/2012 - 03:47:04PM] PLAYER_MOVE Run
[11/19/2012 - 03:47:05PM] PLAYER_MOVE None
[11/19/2012 - 03:47:07PM] PLAYER_MOVE Run
[11/19/2012 - 03:47:09PM] PLAYER_CELL_CHANGE [Cell <Wilderness (04085D44)>] ""
[11/19/2012 - 03:47:09PM] PLAYER_WORLDSPACE_CHANGE [WorldSpace <ths1_Town (04085D17)>] "Town"
[11/19/2012 - 03:47:09PM] PLAYER_MOVE None
[11/19/2012 - 03:47:10PM] PLAYER_ACTOR_VIEW_GAIN [ObjectReference < (04089359)>] "Seamus"
[11/19/2012 - 03:47:12PM] PLAYER_ACTOR_VIEW_LOSS [ObjectReference < (04089359)>] "Seamus"
[11/19/2012 - 03:47:12PM] PLAYER_TRIGGER_ENTER [ths1_TriggerEnterSCRIPT < (0408C7A1)>]
[11/19/2012 - 03:47:12PM] PLAYER_MOVE Run
[11/19/2012 - 03:47:12PM] PLAYER_ACTOR_VIEW_GAIN [ObjectReference < (04089359)>] "Seamus"
[11/19/2012 - 03:47:13PM] PLAYER_TRIGGER_LEAVE [ths1_TriggerEnterSCRIPT < (0408C7A1)>]
[11/19/2012 - 03:47:13PM] PLAYER_ACTOR_VIEW_LOSS [ObjectReference < (04089359)>] "Seamus"
[11/19/2012 - 03:47:15PM] PLAYER_CELL_CHANGE [Cell <Wilderness (04085D42)>] ""
[11/19/2012 - 03:47:20PM] PLAYER_TRIGGER_ENTER [ths1_TriggerEnterSCRIPT < (0408C7AD)>]
[11/19/2012 - 03:47:20PM] PLAYER_TRIGGER_ENTER [ths1_TriggerEnterSCRIPT < (0408C7AC)>]
[11/19/2012 - 03:47:21PM] PLAYER_MOVE None
[11/19/2012 - 03:47:21PM] PLAYER_MOVE Run
[11/19/2012 - 03:47:22PM] PLAYER_TRIGGER_LEAVE [ths1_TriggerEnterSCRIPT < (0408C7AC)>]
[11/19/2012 - 03:47:22PM] PLAYER_TRIGGER_LEAVE [ths1_TriggerEnterSCRIPT < (0408C7AD)>]
[11/19/2012 - 03:47:27PM] PLAYER_TRIGGER_ENTER [ths1_TriggerEnterSCRIPT < (0408C7AB)>]
[11/19/2012 - 03:47:27PM] PLAYER_MOVE None
[11/19/2012 - 03:47:31PM] PLAYER_DIALOGUE [TIF__0208000D <topic info 0408000D on quest ths1_MasterQuest (040319F7)>] NPC_SPEAKER [Actor < (04089355)>]
[11/19/2012 - 03:47:34PM] PLAYER_DIALOGUE [TIF__0208000F <topic info 0408000F on quest ths1_MasterQuest (040319F7)>] NPC_SPEAKER [Actor < (04089355)>]
[11/19/2012 - 03:47:39PM] PLAYER_MOVE Run
[11/19/2012 - 03:47:39PM] PLAYER_CELL_CHANGE [Cell <Wilderness (04085D40)>] ""
[11/19/2012 - 03:47:44PM] PLAYER_CELL_CHANGE [Cell <Wilderness (04085D42)>] ""
[11/19/2012 - 03:47:44PM] PLAYER_MOVE None
[11/19/2012 - 03:47:44PM] PLAYER_ACTOR_VIEW_GAIN [ObjectReference < (04089359)>] "Seamus"
[11/19/2012 - 03:47:45PM] PLAYER_MOVE Run
[11/19/2012 - 03:47:46PM] PLAYER_TRIGGER_LEAVE [ths1_TriggerEnterSCRIPT < (0408C7AB)>]
[11/19/2012 - 03:47:50PM] PLAYER_ACTOR_VIEW_LOSS [ObjectReference < (04089359)>] "Seamus"
[11/19/2012 - 03:47:59PM] PLAYER_CELL_CHANGE [Cell <Wilderness (04085D44)>] ""
[11/19/2012 - 03:48:03PM] PLAYER_CELL_CHANGE [Cell <Wilderness (04085D42)>] ""
[11/19/2012 - 03:48:06PM] PLAYER_MOVE None
[11/19/2012 - 03:48:08PM] PLAYER_MOVE Run
[11/19/2012 - 03:48:10PM] PLAYER_CELL_CHANGE [Cell <Wilderness (04085D44)>] ""
[11/19/2012 - 03:48:14PM] PLAYER_TRIGGER_ENTER [ths1_TriggerEnterSCRIPT < (0408CD6A)>]
[11/19/2012 - 03:48:17PM] PLAYER_MOVE None
[11/19/2012 - 03:48:18PM] PLAYER_MOVE Run
[11/19/2012 - 03:48:19PM] PLAYER_MOVE None
[11/19/2012 - 03:48:20PM] PLAYER_MOVE Run
[11/19/2012 - 03:48:22PM] PLAYER_MOVE None
[11/19/2012 - 03:48:25PM] PLAYER_MOVE Run
[11/19/2012 - 03:48:28PM] PLAYER_TRIGGER_LEAVE [ths1_TriggerEnterSCRIPT < (0408CD6A)>]
[11/19/2012 - 03:48:30PM] PLAYER_TRIGGER_ENTER [ths1_TriggerEnterSCRIPT < (0408CD6A)>]
[11/19/2012 - 03:48:30PM] PLAYER_MOVE None
[11/19/2012 - 03:48:32PM] PLAYER_TRIGGER_LEAVE [ths1_TriggerEnterSCRIPT < (0408CD6A)>]
[11/19/2012 - 03:48:32PM] PLAYER_MOVE Run
[11/19/2012 - 03:48:32PM] PLAYER_TRIGGER_ENTER [ths1_TriggerEnterSCRIPT < (0408CD6A)>]
[11/19/2012 - 03:48:35PM] PLAYER_TRIGGER_LEAVE [ths1_TriggerEnterSCRIPT < (0408CD6A)>]
[11/19/2012 - 03:48:39PM] PLAYER_TRIGGER_ENTER [ths1_TriggerEnterSCRIPT < (0408CD80)>]
[11/19/2012 - 03:48:40PM] PLAYER_TRIGGER_LEAVE [ths1_TriggerEnterSCRIPT < (0408CD80)>]
[11/19/2012 - 03:48:41PM] PLAYER_TRIGGER_ENTER [ths1_TriggerEnterSCRIPT < (0408CD80)>]
[11/19/2012 - 03:48:44PM] PLAYER_CELL_CHANGE [Cell <Wilderness (04085D46)>] ""
[11/19/2012 - 03:48:56PM] PLAYER_CELL_CHANGE [Cell <Wilderness (04085D48)>] ""
[11/19/2012 - 03:48:56PM] PLAYER_TRIGGER_LEAVE [ths1_TriggerEnterSCRIPT < (0408CD80)>]
[11/19/2012 - 03:48:57PM] PLAYER_TRIGGER_ENTER [ths1_TriggerEnterSCRIPT < (0408CD81)>]
[11/19/2012 - 03:49:09PM] PLAYER_CELL_CHANGE [Cell <Wilderness (04085D50)>] ""
[11/19/2012 - 03:49:11PM] PLAYER_TRIGGER_LEAVE [ths1_TriggerEnterSCRIPT < (0408CD81)>]
[11/19/2012 - 03:49:12PM] PLAYER_TRIGGER_ENTER [ths1_TriggerEnterSCRIPT < (0408CD96)>]
[11/19/2012 - 03:49:16PM] PLAYER_MOVE None
[11/19/2012 - 03:49:19PM] PLAYER_DIALOGUE [TIF__02077F7E <topic info 04077F7E on quest ths1_MissingDog (04009344)>] NPC_SPEAKER [Actor < (0408B625)>]
[11/19/2012 - 03:49:28PM] PLAYER_WEAPON_WITHDRAWN
[11/19/2012 - 03:50:28PM] PLAYER_MOVE Run
[11/19/2012 - 03:50:29PM] PLAYER_WEAPON_RIGHT [WEAPON < (000139B7)>] "Daedric Greatsword"
[11/19/2012 - 03:50:30PM] PLAYER_MOVE None
[11/19/2012 - 03:50:30PM] PLAYER_MOVE Run
[11/19/2012 - 03:50:40PM] PLAYER_TRIGGER_LEAVE [ths1_TriggerEnterSCRIPT < (0408CD96)>]
[11/19/2012 - 03:50:40PM] PLAYER_MOVE None
[11/19/2012 - 03:50:41PM] PLAYER_CELL_CHANGE [Cell <ths1_Cave3 (0402C9A7)>] "Cave"
[11/19/2012 - 03:50:45PM] PLAYER_MOVE Run
[11/19/2012 - 03:50:45PM] PLAYER_TRIGGER_ENTER [ths1_TriggerEnterSCRIPT < (04074E41)>]
[11/19/2012 - 03:50:46PM] PLAYER_TRIGGER_LEAVE [ths1_TriggerEnterSCRIPT < (04074E41)>]
[11/19/2012 - 03:50:46PM] PLAYER_TRIGGER_ENTER [ths1_SeamusCaveForceGreetSCRIPT <alias SeamusCaveForceGreetTrigALIAS on quest ths1_MissingDog (04009344)>] "SeamusCaveForceGreetTrigALIAS"
[11/19/2012 - 03:50:47PM] PLAYER_MOVE None
[11/19/2012 - 03:50:47PM] PLAYER_TRIGGER_LEAVE [ths1_SeamusCaveForceGreetSCRIPT <alias SeamusCaveForceGreetTrigALIAS on quest ths1_MissingDog (04009344)>] "SeamusCaveForceGreetTrigALIAS"
[11/19/2012 - 03:50:47PM] PLAYER_MOVE Run
[11/19/2012 - 03:50:49PM] PLAYER_MOVE None
[11/19/2012 - 03:50:50PM] PLAYER_MOVE Run
[11/19/2012 - 03:50:51PM] PLAYER_MOVE None
[11/19/2012 - 03:50:52PM] PLAYER_MOVE Run
[11/19/2012 - 03:50:54PM] PLAYER_FIGHT None ""
[11/19/2012 - 03:50:55PM] PLAYER_MOVE None
[11/19/2012 - 03:50:56PM] PLAYER_TRIGGER_ENTER [ths1_TriggerEnterSCRIPT < (04074E42)>]
[11/19/2012 - 03:50:56PM] PLAYER_FIGHT [Actor < (04041C6E)>] "Cultist Soldier"
[11/19/2012 - 03:50:57PM] PLAYER_FIGHT [Actor < (04041C6E)>] "Cultist Soldier"
[11/19/2012 - 03:50:57PM] PLAYER_MOVE Run
[11/19/2012 - 03:50:57PM] PLAYER_TRIGGER_LEAVE [ths1_TriggerEnterSCRIPT < (04074E42)>]
[11/19/2012 - 03:50:58PM] PLAYER_FIGHT None ""
[11/19/2012 - 03:50:58PM] PLAYER_MOVE None
[11/19/2012 - 03:50:59PM] PLAYER_FIGHT None ""
[11/19/2012 - 03:50:59PM] PLAYER_MOVE Run
[11/19/2012 - 03:51:00PM] PLAYER_FIGHT None ""
[11/19/2012 - 03:51:01PM] PLAYER_FIGHT None ""
[11/19/2012 - 03:51:01PM] PLAYER_MOVE None
[11/19/2012 - 03:51:02PM] PLAYER_FIGHT [Actor < (04041C6E)>] "Cultist Soldier"
[11/19/2012 - 03:51:03PM] PLAYER_FIGHT None ""
[11/19/2012 - 03:51:04PM] PLAYER_FIGHT None ""
[11/19/2012 - 03:51:05PM] PLAYER_FIGHT None ""
[11/19/2012 - 03:51:06PM] PLAYER_FIGHT None ""
[11/19/2012 - 03:51:12PM] PLAYER_ITEM_OBTAIN None "Steel Greatsword"
[11/19/2012 - 03:51:20PM] PLAYER_ITEM_OBTAIN None "Fur Armor"
[11/19/2012 - 03:51:23PM] PLAYER_ITEM_OBTAIN None "Fur Bracers"
[11/19/2012 - 03:51:25PM] PLAYER_ITEM_OBTAIN None "Hide Boots"
[11/19/2012 - 03:51:29PM] PLAYER_MOVE Run
[11/19/2012 - 03:51:30PM] PLAYER_MOVE None
[11/19/2012 - 03:51:32PM] PLAYER_MOVE Run
[11/19/2012 - 03:51:34PM] PLAYER_MOVE None
[11/19/2012 - 03:51:35PM] PLAYER_MOVE Run
[11/19/2012 - 03:51:36PM] PLAYER_MOVE None
[11/19/2012 - 03:51:37PM] PLAYER_WEAPON_WITHDRAWN
[11/19/2012 - 03:51:38PM] PLAYER_ITEM_OBTAIN [ObjectReference < (0402CC29)>] "Deer Hide"
[11/19/2012 - 03:51:54PM] PLAYER_ITEM_OBTAIN [ObjectReference < (0402C9A9)>] "Night Falls on Sentinel"
[11/19/2012 - 03:51:58PM] PLAYER_ITEM_OBTAIN [ObjectReference < (0402CC28)>] "Bucket"
[11/19/2012 - 03:52:00PM] PLAYER_ITEM_OBTAIN [ObjectReference < (0402CC2A)>] "Basket"
[11/19/2012 - 03:52:02PM] PLAYER_MOVE Run
[11/19/2012 - 03:52:03PM] PLAYER_MOVE None
[11/19/2012 - 03:52:06PM] PLAYER_MOVE Run
[11/19/2012 - 03:52:07PM] PLAYER_MOVE None
[11/19/2012 - 03:52:08PM] PLAYER_MOVE Run
[11/19/2012 - 03:52:09PM] PLAYER_MOVE None
[11/19/2012 - 03:52:09PM] PLAYER_ITEM_OBTAIN [ObjectReference < (0402CC24)>] "Bucket"
[11/19/2012 - 03:52:13PM] PLAYER_ITEM_OBTAIN [ObjectReference < (0402CC26)>] "Iron Dagger"
[11/19/2012 - 03:52:21PM] PLAYER_ITEM_OBTAIN None "Imp Stool"
[11/19/2012 - 03:52:23PM] PLAYER_MOVE Run
[11/19/2012 - 03:52:24PM] PLAYER_MOVE None
[11/19/2012 - 03:52:28PM] PLAYER_MOVE Run
[11/19/2012 - 03:52:29PM] PLAYER_MOVE None
[11/19/2012 - 03:52:32PM] PLAYER_MOVE Run
[11/19/2012 - 03:52:32PM] PLAYER_MOVE None
[11/19/2012 - 03:52:33PM] PLAYER_MOVE Run
[11/19/2012 - 03:52:34PM] PLAYER_MOVE None
[11/19/2012 - 03:52:34PM] PLAYER_ITEM_OBTAIN [ObjectReference < (0402CC0A)>] "Wooden Plate"
[11/19/2012 - 03:52:35PM] PLAYER_ITEM_OBTAIN [ObjectReference < (0402CC13)>] "Baked Potatoes"
[11/19/2012 - 03:52:36PM] PLAYER_ITEM_OBTAIN [ObjectReference < (0402C9CA)>] "Nord Mead"
[11/19/2012 - 03:52:39PM] PLAYER_ITEM_OBTAIN [ObjectReference < (0402CC03)>] "Tankard"
[11/19/2012 - 03:52:40PM] PLAYER_ITEM_OBTAIN [ObjectReference < (0402C9CB)>] "Nord Mead"
[11/19/2012 - 03:52:41PM] PLAYER_MOVE Run
[11/19/2012 - 03:52:41PM] PLAYER_MOVE None
[11/19/2012 - 03:52:42PM] PLAYER_ITEM_OBTAIN [ObjectReference < (0402CC09)>] "Wooden Bowl"
[11/19/2012 - 03:52:42PM] PLAYER_ITEM_OBTAIN [ObjectReference < (0402CC12)>] "Grilled Leeks"
[11/19/2012 - 03:52:43PM] PLAYER_ITEM_OBTAIN [ObjectReference < (0402CC02)>] "Tankard"
[11/19/2012 - 03:52:43PM] PLAYER_ITEM_OBTAIN [ObjectReference < (0402C9CC)>] "Nord Mead"
[11/19/2012 - 03:52:46PM] PLAYER_MOVE Run
[11/19/2012 - 03:52:47PM] PLAYER_MOVE None
[11/19/2012 - 03:52:48PM] PLAYER_ITEM_OBTAIN [ObjectReference < (0402CC11)>] "Venison Chop"
[11/19/2012 - 03:52:48PM] PLAYER_ITEM_OBTAIN [ObjectReference < (0402CC07)>] "Wooden Plate"
[11/19/2012 - 03:52:49PM] PLAYER_ITEM_OBTAIN [ObjectReference < (0402CC08)>] "Wooden Bowl"
[11/19/2012 - 03:52:49PM] PLAYER_ITEM_OBTAIN [ObjectReference < (0402CC06)>] "Leather Strips"
[11/19/2012 - 03:52:55PM] PLAYER_MOVE Run
[11/19/2012 - 03:52:57PM] PLAYER_MOVE None
[11/19/2012 - 03:53:04PM] PLAYER_MOVE Run
[11/19/2012 - 03:53:05PM] PLAYER_MOVE None
[11/19/2012 - 03:53:06PM] PLAYER_MOVE Run
[11/19/2012 - 03:53:06PM] PLAYER_TRIGGER_ENTER [ths1_TriggerEnterSCRIPT < (04074E47)>]
[11/19/2012 - 03:53:07PM] PLAYER_MOVE None
[11/19/2012 - 03:53:08PM] PLAYER_TRIGGER_LEAVE [ths1_TriggerEnterSCRIPT < (04074E47)>]
[11/19/2012 - 03:53:12PM] PLAYER_ITEM_OBTAIN None "Torch"
[11/19/2012 - 03:53:15PM] PLAYER_TRIGGER_ENTER [ths1_TriggerEnterSCRIPT < (04074E47)>]
[11/19/2012 - 03:53:17PM] PLAYER_TRIGGER_LEAVE [ths1_TriggerEnterSCRIPT < (04074E47)>]
[11/19/2012 - 03:53:19PM] PLAYER_ITEM_OBTAIN [ObjectReference < (0402CC58)>] "Ale"
[11/19/2012 - 03:53:25PM] PLAYER_MOVE Run
[11/19/2012 - 03:53:26PM] PLAYER_MOVE None
[11/19/2012 - 03:53:26PM] PLAYER_MOVE Run
[11/19/2012 - 03:53:28PM] PLAYER_MOVE None
[11/19/2012 - 03:53:30PM] PLAYER_MOVE Run
[11/19/2012 - 03:53:31PM] PLAYER_TRIGGER_ENTER [ths1_TriggerEnterSCRIPT < (04074E45)>]
[11/19/2012 - 03:53:31PM] PLAYER_ACTOR_VIEW_GAIN [ObjectReference < (04039836)>] "Kitty"
[11/19/2012 - 03:53:32PM] PLAYER_MOVE None
[11/19/2012 - 03:53:33PM] PLAYER_MOVE Run
[11/19/2012 - 03:53:33PM] PLAYER_TRIGGER_LEAVE [ths1_TriggerEnterSCRIPT < (04074E45)>]
[11/19/2012 - 03:53:34PM] PLAYER_MOVE None
[11/19/2012 - 03:53:35PM] PLAYER_ACTOR_VIEW_GAIN [ObjectReference < (04039836)>] "Kitty"
[11/19/2012 - 03:53:35PM] PLAYER_ACTOR_VIEW_GAIN [ObjectReference < (04039836)>] "Kitty"
[11/19/2012 - 03:53:36PM] PLAYER_MOVE Run
[11/19/2012 - 03:53:38PM] PLAYER_MOVE None
[11/19/2012 - 03:53:39PM] PLAYER_ITEM_OBTAIN [ObjectReference < (0402CC37)>] "Deer Hide"
[11/19/2012 - 03:53:51PM] PLAYER_ITEM_OBTAIN None "gold"
[11/19/2012 - 03:53:52PM] PLAYER_ITEM_OBTAIN None "Lockpick"
[11/19/2012 - 03:53:53PM] PLAYER_ITEM_OBTAIN None "Potion of Minor Healing"
[11/19/2012 - 03:53:59PM] PLAYER_MOVE Run
[11/19/2012 - 03:54:00PM] PLAYER_MOVE None
[11/19/2012 - 03:54:01PM] PLAYER_ACTOR_VIEW_LOSS [ObjectReference < (04039836)>] "Kitty"
[11/19/2012 - 03:54:02PM] PLAYER_MOVE Run
[11/19/2012 - 03:54:03PM] PLAYER_MOVE None
[11/19/2012 - 03:54:10PM] PLAYER_ACTOR_VIEW_GAIN [ObjectReference < (04039836)>] "Kitty"
[11/19/2012 - 03:54:13PM] PLAYER_ITEM_OBTAIN None "Salmon Meat"
[11/19/2012 - 03:54:17PM] PLAYER_GRAB[ObjectReference < (0402CABB)>] "Salmon"
[11/19/2012 - 03:54:18PM] PLAYER_GRAB[ObjectReference < (0402CABB)>] "Salmon"
[11/19/2012 - 03:54:19PM] PLAYER_GRAB[ObjectReference < (0402CABB)>] "Salmon"
[11/19/2012 - 03:54:20PM] PLAYER_GRAB[ObjectReference < (0402CABB)>] "Salmon"
[11/19/2012 - 03:54:21PM] PLAYER_GRAB[ObjectReference < (0402CABB)>] "Salmon"
[11/19/2012 - 03:54:22PM] PLAYER_GRAB[ObjectReference < (0402CABB)>] "Salmon"
[11/19/2012 - 03:54:23PM] PLAYER_GRAB[ObjectReference < (0402CABB)>] "Salmon"
[11/19/2012 - 03:54:24PM] PLAYER_MOVE Run
[11/19/2012 - 03:54:25PM] PLAYER_MOVE None
[11/19/2012 - 03:54:28PM] PLAYER_ACTOR_VIEW_LOSS [ObjectReference < (04039836)>] "Kitty"
[11/19/2012 - 03:54:28PM] PLAYER_ACTOR_VIEW_LOSS [ObjectReference < (04039836)>] "Kitty"
[11/19/2012 - 03:54:30PM] PLAYER_MOVE Run
[11/19/2012 - 03:54:31PM] PLAYER_ENTER_TRIGGER [ths1_CCQNearCatTriggerSCRIPT <alias NearCatTRIG on quest ths1_MissingDog (04009344)>]
[11/19/2012 - 03:54:31PM] PLAYER_MOVE None
[11/19/2012 - 03:54:40PM] PLAYER_MOVE Run
[11/19/2012 - 03:54:40PM] PLAYER_ACTOR_VIEW_LOSS [ObjectReference < (04039836)>] "Kitty"
[11/19/2012 - 03:54:43PM] PLAYER_MOVE None
[11/19/2012 - 03:54:44PM] PLAYER_ITEM_OBTAIN [ObjectReference < (0402CB6C)>] "Salmon Steak"
[11/19/2012 - 03:54:44PM] PLAYER_ITEM_OBTAIN [ObjectReference < (0402CB6D)>] "Salmon Steak"
[11/19/2012 - 03:54:45PM] PLAYER_ITEM_OBTAIN [ObjectReference < (0402CC4D)>] "Wooden Ladle"
[11/19/2012 - 03:54:45PM] PLAYER_ITEM_OBTAIN [ObjectReference < (0402CB6F)>] "Salmon Steak"
[11/19/2012 - 03:54:45PM] PLAYER_ITEM_OBTAIN [ObjectReference < (0402CB6E)>] "Salmon Steak"
[11/19/2012 - 03:54:45PM] PLAYER_ITEM_OBTAIN [ObjectReference < (0402CC42)>] "Gourd"
[11/19/2012 - 03:54:46PM] PLAYER_ITEM_OBTAIN [ObjectReference < (0402CC38)>] "Cast Iron Pot"
[11/19/2012 - 03:54:47PM] PLAYER_ITEM_OBTAIN [ObjectReference < (0402CC41)>] "Leek"
[11/19/2012 - 03:54:48PM] PLAYER_ITEM_OBTAIN None "Pheasant Breast"
[11/19/2012 - 03:54:50PM] PLAYER_ITEM_OBTAIN [ObjectReference < (0402CC44)>] "Raw Rabbit Leg"
[11/19/2012 - 03:54:51PM] PLAYER_ITEM_OBTAIN [ObjectReference < (0402CC45)>] "Raw Rabbit Leg"
[11/19/2012 - 03:54:52PM] PLAYER_ITEM_OBTAIN [ObjectReference < (0402CC43)>] "Potato"
[11/19/2012 - 03:54:53PM] PLAYER_MOVE Run
[11/19/2012 - 03:54:54PM] PLAYER_MOVE None
[11/19/2012 - 03:55:00PM] PLAYER_ITEM_OBTAIN None "Cabbage"
[11/19/2012 - 03:55:01PM] PLAYER_ITEM_OBTAIN None "Cabbage"
[11/19/2012 - 03:55:02PM] PLAYER_ITEM_OBTAIN None "Cabbage"
[11/19/2012 - 03:55:04PM] PLAYER_ITEM_OBTAIN None "Cabbage"
[11/19/2012 - 03:55:04PM] PLAYER_ITEM_OBTAIN None "Cabbage"
[11/19/2012 - 03:55:09PM] PLAYER_MOVE Run
[11/19/2012 - 03:55:10PM] PLAYER_MOVE None
[11/19/2012 - 03:55:12PM] PLAYER_MOVE Run
[11/19/2012 - 03:55:13PM] PLAYER_TRIGGER_ENTER [ths1_TriggerEnterSCRIPT < (04074E44)>]
[11/19/2012 - 03:55:13PM] PLAYER_TRIGGER_LEAVE [ths1_TriggerEnterSCRIPT < (04074E44)>]
[11/19/2012 - 03:55:16PM] PLAYER_MOVE None
[11/19/2012 - 03:55:18PM] PLAYER_MOVE Run
[11/19/2012 - 03:55:19PM] PLAYER_MOVE None
[11/19/2012 - 03:55:21PM] PLAYER_ITEM_OBTAIN [ObjectReference < (0402CC57)>] "Tankard"
[11/19/2012 - 03:55:22PM] PLAYER_ITEM_OBTAIN [ObjectReference < (0402CC56)>] "Tankard"
[11/19/2012 - 03:55:23PM] PLAYER_ITEM_OBTAIN [ObjectReference < (0402CC55)>] "Empty Wine Bottle"
[11/19/2012 - 03:55:25PM] PLAYER_MOVE Run
[11/19/2012 - 03:55:27PM] PLAYER_MOVE None
[11/19/2012 - 03:55:28PM] PLAYER_MOVE Run
[11/19/2012 - 03:55:28PM] PLAYER_TRIGGER_ENTER [ths1_TriggerEnterSCRIPT < (04074E43)>]
[11/19/2012 - 03:55:29PM] PLAYER_MOVE None
[11/19/2012 - 03:55:30PM] PLAYER_TRIGGER_LEAVE [ths1_TriggerEnterSCRIPT < (04074E43)>]
[11/19/2012 - 03:55:30PM] PLAYER_MOVE Run
[11/19/2012 - 03:55:31PM] PLAYER_MOVE None
[11/19/2012 - 03:55:32PM] PLAYER_MOVE Run
[11/19/2012 - 03:55:34PM] PLAYER_MOVE None
[11/19/2012 - 03:55:36PM] PLAYER_MOVE Run
[11/19/2012 - 03:55:37PM] PLAYER_MOVE None
[11/19/2012 - 03:55:38PM] PLAYER_MOVE Run
[11/19/2012 - 03:55:41PM] PLAYER_TRIGGER_ENTER [ths1_TriggerEnterSCRIPT < (04074E46)>]
[11/19/2012 - 03:55:42PM] PLAYER_TRIGGER_LEAVE [ths1_TriggerEnterSCRIPT < (04074E46)>]
[11/19/2012 - 03:55:42PM] PLAYER_MOVE None
[11/19/2012 - 03:55:43PM] PLAYER_MOVE Run
[11/19/2012 - 03:55:47PM] PLAYER_ACTOR_VIEW_GAIN [ObjectReference < (0402DCC8)>] "Scruff"
[11/19/2012 - 03:55:47PM] PLAYER_TRIGGER_ENTER [ths1_TriggerEnterSCRIPT < (04074E48)>]
[11/19/2012 - 03:55:48PM] PLAYER_MOVE None
[11/19/2012 - 03:55:50PM] PLAYER_TRIGGER_LEAVE [ths1_TriggerEnterSCRIPT < (04074E48)>]
[11/19/2012 - 03:56:01PM] PLAYER_MOVE Run
[11/19/2012 - 03:56:02PM] PLAYER_ACTOR_VIEW_LOSS [ObjectReference < (0402DCC8)>] "Scruff"
[11/19/2012 - 03:56:03PM] PLAYER_MOVE None
[11/19/2012 - 03:56:04PM] PLAYER_MOVE Run
[11/19/2012 - 03:56:06PM] PLAYER_MOVE None
[11/19/2012 - 03:56:06PM] PLAYER_ACTOR_VIEW_GAIN [ObjectReference < (0402DCC8)>] "Scruff"
[11/19/2012 - 03:56:06PM] PLAYER_ACTOR_VIEW_GAIN [ObjectReference < (0402DCC8)>] "Scruff"
[11/19/2012 - 03:56:07PM] PLAYER_ACTOR_VIEW_GAIN [ObjectReference < (0402DCC8)>] "Scruff"
[11/19/2012 - 03:56:09PM] PLAYER_MOVE Run
[11/19/2012 - 03:56:10PM] PLAYER_MOVE None
[11/19/2012 - 03:56:10PM] PLAYER_ACTOR_VIEW_LOSS [ObjectReference < (0402DCC8)>] "Scruff"
[11/19/2012 - 03:56:12PM] PLAYER_MOVE Run
[11/19/2012 - 03:56:13PM] PLAYER_MOVE None
[11/19/2012 - 03:56:16PM] PLAYER_DIALOGUE [TIF__01038246 <topic info 04038246 on quest ths1_MissingDog (04009344)>] NPC_SPEAKER [Actor < (0402E7A7)>]
[11/19/2012 - 03:56:21PM] PLAYER_DIALOGUE [TIF__01037CD7 <topic info 04037CD7 on quest ths1_MissingDog (04009344)>] NPC_SPEAKER [Actor < (0402E7A7)>]
[11/19/2012 - 03:56:37PM] PLAYER_DIALOGUE [TIF__0106990F <topic info 0406990F on quest ths1_MissingDog (04009344)>] NPC_SPEAKER [Actor < (0402E7A7)>]
[11/19/2012 - 03:56:44PM] PLAYER_FIGHT [Actor < (0402E7A7)>] "Borvir"
[11/19/2012 - 03:56:45PM] PLAYER_FIGHT [Actor < (0402E7A7)>] "Borvir"
[11/19/2012 - 03:56:46PM] PLAYER_POV_CHANGE THIRD_PERSON
[11/19/2012 - 03:56:48PM] PLAYER_POV_CHANGE FIRST_PERSON
[11/19/2012 - 03:56:51PM] PLAYER_ITEM_OBTAIN None "Steel Sword"
[11/19/2012 - 03:56:57PM] PLAYER_ITEM_OBTAIN None "Cat Cage Key"
[11/19/2012 - 03:56:58PM] PLAYER_ITEM_OBTAIN None "Dog Cage Key"
[11/19/2012 - 03:57:02PM] PLAYER_ITEM_OBTAIN None "New Back Exit"
[11/19/2012 - 03:57:03PM] PLAYER_ITEM_OBTAIN None "Blue Mage Robes"
[11/19/2012 - 03:57:09PM] PLAYER_ACTOR_VIEW_GAIN [ObjectReference < (0402DCC8)>] "Scruff"
[11/19/2012 - 03:57:13PM] PLAYER_ACTOR_VIEW_LOSS [ObjectReference < (0402DCC8)>] "Scruff"
[11/19/2012 - 03:57:17PM] PLAYER_DIALOGUE [TIF__01038246 <topic info 04038246 on quest ths1_MissingDog (04009344)>] NPC_SPEAKER [Actor < (04038D23)>]
[11/19/2012 - 03:57:21PM] PLAYER_DIALOGUE [TIF__01037CD7 <topic info 04037CD7 on quest ths1_MissingDog (04009344)>] NPC_SPEAKER [Actor < (04038D23)>]
[11/19/2012 - 03:57:29PM] PLAYER_DIALOGUE [TIF__0106990F <topic info 0406990F on quest ths1_MissingDog (04009344)>] NPC_SPEAKER [Actor < (04038D23)>]
[11/19/2012 - 03:57:42PM] PLAYER_POV_CHANGE THIRD_PERSON
[11/19/2012 - 03:57:43PM] PLAYER_ACTOR_VIEW_GAIN [ObjectReference < (0402DCC8)>] "Scruff"
[11/19/2012 - 03:57:47PM] PLAYER_POV_CHANGE FIRST_PERSON
[11/19/2012 - 03:57:47PM] PLAYER_POV_CHANGE FIRST_PERSON
[11/19/2012 - 03:57:49PM] PLAYER_ACTOR_VIEW_LOSS [ObjectReference < (0402DCC8)>] "Scruff"
[11/19/2012 - 03:57:49PM] PLAYER_ACTOR_VIEW_GAIN [ObjectReference < (0402DCC8)>] "Scruff"
[11/19/2012 - 03:57:52PM] PLAYER_DOOR_OPEN [ths1_MDQRescueDogScript <alias ths1_DogCageDoorAlias on quest ths1_MissingDog (04009344)>] "ths1_DogCageDoorAlias"
[11/19/2012 - 03:57:53PM] QUEST_STAGE_CHANGE [ths1_MDQScript <ths1_MissingDog (04009344)>] "Missing Dog" 31
[11/19/2012 - 03:57:58PM] PLAYER_DIALOGUE [TIF__01024EEA <topic info 04024EEA on quest ths1_MissingDog (04009344)>] NPC_SPEAKER [Actor < (0402DCC8)>]
[11/19/2012 - 03:58:03PM] PLAYER_DIALOGUE [TIF__01024EE7 <topic info 04024EE7 on quest ths1_MissingDog (04009344)>] NPC_SPEAKER [Actor < (0402DCC8)>]
[11/19/2012 - 03:58:07PM] PLAYER_HIT [ths1_MDQDogAliasSCRIPT <alias CapturedDog on quest ths1_MissingDog (04009344)>] "CapturedDog"
[11/19/2012 - 03:58:08PM] PLAYER_FIGHT [Actor < (0402DCC8)>] "Scruff"
[11/19/2012 - 03:58:09PM] PLAYER_FIGHT None ""
[11/19/2012 - 03:58:10PM] PLAYER_FIGHT [Actor < (0402DCC8)>] "Scruff"
[11/19/2012 - 03:58:11PM] PLAYER_FIGHT None ""
[11/19/2012 - 03:58:12PM] PLAYER_HIT [ths1_MDQDogAliasSCRIPT <alias CapturedDog on quest ths1_MissingDog (04009344)>] "CapturedDog"
[11/19/2012 - 03:58:12PM] PLAYER_FIGHT [Actor < (0402DCC8)>] "Scruff"
[11/19/2012 - 03:58:13PM] PLAYER_FIGHT [Actor < (0402DCC8)>] "Scruff"
[11/19/2012 - 03:58:14PM] PLAYER_FIGHT [Actor < (0402DCC8)>] "Scruff"
[11/19/2012 - 03:58:15PM] PLAYER_FIGHT [Actor < (0402DCC8)>] "Scruff"
[11/19/2012 - 03:58:16PM] PLAYER_FIGHT [Actor < (0402DCC8)>] "Scruff"
[11/19/2012 - 03:58:18PM] PLAYER_WEAPON_WITHDRAWN
[11/19/2012 - 03:58:21PM] PLAYER_DIALOGUE [TIF__01024EE7 <topic info 04024EE7 on quest ths1_MissingDog (04009344)>] NPC_SPEAKER [Actor < (0402DCC8)>]
[11/19/2012 - 03:58:28PM] PLAYER_ACTOR_VIEW_LOSS [ObjectReference < (0402DCC8)>] "Scruff"
[11/19/2012 - 03:58:35PM] PLAYER_TRIGGER_ENTER [ths1_TriggerEnterSCRIPT < (04074E4D)>]
[11/19/2012 - 03:58:35PM] PLAYER_MOVE Run
[11/19/2012 - 03:58:36PM] PLAYER_TRIGGER_LEAVE [ths1_TriggerEnterSCRIPT < (04074E4D)>]
[11/19/2012 - 03:58:37PM] PLAYER_TRIGGER_ENTER [ths1_TriggerEnterSCRIPT < (04074E49)>]
[11/19/2012 - 03:58:37PM] PLAYER_TRIGGER_LEAVE [ths1_TriggerEnterSCRIPT < (04074E49)>]
[11/19/2012 - 03:58:37PM] PLAYER_TRIGGER_ENTER [ths1_TriggerEnterSCRIPT < (04074E4A)>]
[11/19/2012 - 03:58:38PM] PLAYER_MOVE None
[11/19/2012 - 03:58:40PM] PLAYER_TRIGGER_LEAVE [ths1_TriggerEnterSCRIPT < (04074E4A)>]
[11/19/2012 - 03:58:46PM] PLAYER_TRIGGER_ENTER [ths1_TriggerEnterSCRIPT < (04074E4A)>]
[11/19/2012 - 03:58:46PM] PLAYER_MOVE Run
[11/19/2012 - 03:58:47PM] PLAYER_TRIGGER_LEAVE [ths1_TriggerEnterSCRIPT < (04074E4A)>]
[11/19/2012 - 03:58:47PM] PLAYER_TRIGGER_ENTER [ths1_TriggerEnterSCRIPT < (04074E4B)>]
[11/19/2012 - 03:58:48PM] PLAYER_TRIGGER_LEAVE [ths1_TriggerEnterSCRIPT < (04074E4B)>]
[11/19/2012 - 03:58:48PM] PLAYER_MOVE None
[11/19/2012 - 03:58:49PM] PLAYER_MOVE Run
[11/19/2012 - 03:58:50PM] PLAYER_TRIGGER_ENTER [ths1_TriggerEnterSCRIPT < (04074E4C)>]
[11/19/2012 - 03:58:50PM] PLAYER_TRIGGER_LEAVE [ths1_TriggerEnterSCRIPT < (04074E4C)>]
[11/19/2012 - 03:58:50PM] PLAYER_TRIGGER_ENTER [ths1_TriggerEnterSCRIPT < (04074E40)>]
[11/19/2012 - 03:58:53PM] PLAYER_TRIGGER_ENTER [ths1_TriggerEnterSCRIPT < (0408C7BF)>]
[11/19/2012 - 03:58:53PM] PLAYER_TRIGGER_LEAVE [ths1_TriggerEnterSCRIPT < (04074E40)>]
[11/19/2012 - 03:58:53PM] PLAYER_TRIGGER_ENTER [ths1_TriggerEnterSCRIPT < (0408C7B0)>]
[11/19/2012 - 03:58:53PM] PLAYER_MOVE None
[11/19/2012 - 03:58:54PM] PLAYER_CELL_CHANGE [Cell <Wilderness (04085D52)>] ""
[11/19/2012 - 03:58:54PM] PLAYER_WORLDSPACE_CHANGE [WorldSpace <ths1_Town (04085D17)>] "Town"
[11/19/2012 - 03:58:55PM] PLAYER_MOVE Run
[11/19/2012 - 03:58:56PM] PLAYER_ACTOR_VIEW_GAIN [ObjectReference < (0402DCC8)>] "Scruff"
[11/19/2012 - 03:58:57PM] PLAYER_TRIGGER_LEAVE [ths1_TriggerEnterSCRIPT < (0408C7BF)>]
[11/19/2012 - 03:58:57PM] PLAYER_CELL_CHANGE [Cell <Wilderness (04085D4A)>] ""
[11/19/2012 - 03:58:57PM] PLAYER_ACTOR_VIEW_LOSS [ObjectReference < (0402DCC8)>] "Scruff"
[11/19/2012 - 03:58:59PM] PLAYER_ACTOR_VIEW_GAIN [ObjectReference < (0402DCC8)>] "Scruff"
[11/19/2012 - 03:58:59PM] PLAYER_MOVE None
[11/19/2012 - 03:59:00PM] PLAYER_ACTOR_VIEW_LOSS [ObjectReference < (0402DCC8)>] "Scruff"
[11/19/2012 - 03:59:00PM] PLAYER_ACTOR_VIEW_LOSS [ObjectReference < (0402DCC8)>] "Scruff"
[11/19/2012 - 03:59:01PM] PLAYER_ACTOR_VIEW_LOSS [ObjectReference < (0402DCC8)>] "Scruff"
[11/19/2012 - 03:59:08PM] Log closed
