[11/19/2012 - 03:13:05PM] 18 log opened (PC)
[11/19/2012 - 03:13:05PM] PLAYER_TRIGGER_ENTER [ths1_TriggerEnterSCRIPT < (04074E58)>]
[11/19/2012 - 03:13:05PM] PLAYER_MOVE Run
[11/19/2012 - 03:13:06PM] PLAYER_TRIGGER_ENTER [ths1_TriggerEnterSCRIPT < (04074E57)>]
[11/19/2012 - 03:13:06PM] PLAYER_MOVE None
[11/19/2012 - 03:13:07PM] PLAYER_TRIGGER_LEAVE [ths1_TriggerEnterSCRIPT < (04074E58)>]
[11/19/2012 - 03:13:11PM] PLAYER_TRIGGER_ENTER [ths1_TriggerEnterSCRIPT < (04074E53)>]
[11/19/2012 - 03:13:11PM] PLAYER_TRIGGER_LEAVE [ths1_TriggerEnterSCRIPT < (04074E57)>]
[11/19/2012 - 03:13:42PM] PLAYER_ITEM_OBTAIN [ObjectReference < (040711F4)>] "Daedric Greatsword"
[11/19/2012 - 03:13:49PM] PLAYER_ITEM_OBTAIN [ObjectReference < (0407120C)>] "Daedric Bow"
[11/19/2012 - 03:13:50PM] PLAYER_ITEM_OBTAIN [ObjectReference < (040711F6)>] "Daedric War Axe"
[11/19/2012 - 03:13:52PM] PLAYER_ITEM_OBTAIN [ObjectReference < (040711F5)>] "Daedric Mace"
[11/19/2012 - 03:14:44PM] PLAYER_ITEM_OBTAIN [ObjectReference < (0407B7BE)>] "Atronach Forge Recipe"
[11/19/2012 - 03:14:45PM] PLAYER_WEAPON_WITHDRAWN
[11/19/2012 - 03:14:49PM] PLAYER_TRIGGER_ENTER [ths1_TriggerEnterSCRIPT < (04074E57)>]
[11/19/2012 - 03:14:49PM] PLAYER_TRIGGER_LEAVE [ths1_TriggerEnterSCRIPT < (04074E53)>]
[11/19/2012 - 03:14:50PM] PLAYER_TRIGGER_ENTER [ths1_TriggerEnterSCRIPT < (04074E53)>]
[11/19/2012 - 03:14:50PM] PLAYER_TRIGGER_LEAVE [ths1_TriggerEnterSCRIPT < (04074E57)>]
[11/19/2012 - 03:14:52PM] PLAYER_ITEM_OBTAIN [ObjectReference < (0407120B)>] "Daedric Arrow"
[11/19/2012 - 03:14:56PM] PLAYER_MOVE Run
[11/19/2012 - 03:14:56PM] PLAYER_TRIGGER_LEAVE [ths1_TriggerEnterSCRIPT < (04074E53)>]
[11/19/2012 - 03:14:57PM] PLAYER_MOVE None
[11/19/2012 - 03:15:00PM] PLAYER_MOVE Run
[11/19/2012 - 03:15:01PM] PLAYER_MOVE None
[11/19/2012 - 03:15:12PM] PLAYER_WEAPON_WITHDRAWN
[11/19/2012 - 03:15:16PM] PLAYER_WEAPON_WITHDRAWN
[11/19/2012 - 03:15:52PM] PLAYER_WEAPON_RIGHT [WEAPON < (000139B7)>] "Daedric Greatsword"
[11/19/2012 - 03:16:04PM] PLAYER_WEAPON_WITHDRAWN
[11/19/2012 - 03:16:05PM] PLAYER_MOVE Run
[11/19/2012 - 03:16:06PM] PLAYER_MOVE None
[11/19/2012 - 03:16:08PM] PLAYER_TRIGGER_ENTER [ths1_TriggerEnterSCRIPT < (04074E58)>]
[11/19/2012 - 03:16:09PM] PLAYER_MOVE Run
[11/19/2012 - 03:16:10PM] PLAYER_MOVE None
[11/19/2012 - 03:16:13PM] PLAYER_ITEM_OBTAIN [ObjectReference < (040711D1)>] "Black Soul Gem"
[11/19/2012 - 03:16:21PM] PLAYER_TRIGGER_ENTER [ths1_TriggerEnterSCRIPT < (04074E57)>]
[11/19/2012 - 03:16:22PM] PLAYER_TRIGGER_LEAVE [ths1_TriggerEnterSCRIPT < (04074E58)>]
[11/19/2012 - 03:16:22PM] PLAYER_MOVE Run
[11/19/2012 - 03:16:22PM] PLAYER_TRIGGER_LEAVE [ths1_TriggerEnterSCRIPT < (04074E57)>]
[11/19/2012 - 03:16:23PM] PLAYER_MOVE None
[11/19/2012 - 03:16:29PM] PLAYER_MOVE Run
[11/19/2012 - 03:16:30PM] PLAYER_TRIGGER_ENTER [ths1_TriggerEnterSCRIPT < (04074E52)>]
[11/19/2012 - 03:16:30PM] PLAYER_TRIGGER_LEAVE [ths1_TriggerEnterSCRIPT < (04074E52)>]
[11/19/2012 - 03:16:31PM] PLAYER_TRIGGER_ENTER [ths1_TriggerEnterSCRIPT < (04074E51)>]
[11/19/2012 - 03:16:31PM] PLAYER_MOVE None
[11/19/2012 - 03:16:33PM] PLAYER_TRIGGER_LEAVE [ths1_TriggerEnterSCRIPT < (04074E51)>]
[11/19/2012 - 03:16:34PM] PLAYER_TRIGGER_ENTER [ths1_TriggerEnterSCRIPT < (04074E50)>]
[11/19/2012 - 03:16:34PM] PLAYER_MOVE Run
[11/19/2012 - 03:16:35PM] PLAYER_MOVE None
[11/19/2012 - 03:16:36PM] PLAYER_TRIGGER_LEAVE [ths1_TriggerEnterSCRIPT < (04074E50)>]
[11/19/2012 - 03:16:36PM] PLAYER_MOVE Run
[11/19/2012 - 03:16:37PM] PLAYER_MOVE None
[11/19/2012 - 03:16:42PM] PLAYER_ITEM_OBTAIN [ObjectReference < (04071200)>] "Imp Stool"
[11/19/2012 - 03:16:43PM] PLAYER_ITEM_OBTAIN [ObjectReference < (04071201)>] "Fly Amanita"
[11/19/2012 - 03:16:45PM] PLAYER_ITEM_OBTAIN [ObjectReference < (040711FF)>] "White Cap"
[11/19/2012 - 03:16:46PM] PLAYER_ITEM_OBTAIN [ObjectReference < (04071208)>] "Eidar Cheese Wheel"
[11/19/2012 - 03:16:47PM] PLAYER_ITEM_OBTAIN [ObjectReference < (04071203)>] "Eidar Cheese Wheel"
[11/19/2012 - 03:16:48PM] PLAYER_ITEM_OBTAIN [ObjectReference < (04071204)>] "Eidar Cheese Wheel"
[11/19/2012 - 03:16:48PM] PLAYER_ITEM_OBTAIN [ObjectReference < (04071206)>] "Eidar Cheese Wheel"
[11/19/2012 - 03:16:49PM] PLAYER_ITEM_OBTAIN [ObjectReference < (04071205)>] "Eidar Cheese Wheel"
[11/19/2012 - 03:16:49PM] PLAYER_ITEM_OBTAIN [ObjectReference < (04071202)>] "Eidar Cheese Wheel"
[11/19/2012 - 03:16:50PM] PLAYER_ITEM_OBTAIN [ObjectReference < (04071207)>] "Eidar Cheese Wheel"
[11/19/2012 - 03:16:54PM] PLAYER_ITEM_OBTAIN [ObjectReference < (040711FB)>] "Honningbrew Mead"
[11/19/2012 - 03:16:55PM] PLAYER_ITEM_OBTAIN [ObjectReference < (040711FC)>] "Black-Briar Mead"
[11/19/2012 - 03:16:57PM] PLAYER_ITEM_OBTAIN [ObjectReference < (040711FA)>] "Black-Briar Reserve"
[11/19/2012 - 03:16:58PM] PLAYER_ITEM_OBTAIN [ObjectReference < (040711F9)>] "Spiced Wine"
[11/19/2012 - 03:17:01PM] PLAYER_ITEM_OBTAIN [ObjectReference < (040711F8)>] "Mammoth Tusk"
[11/19/2012 - 03:17:06PM] PLAYER_MOVE Run
[11/19/2012 - 03:17:06PM] PLAYER_MOVE None
[11/19/2012 - 03:17:08PM] PLAYER_MOVE Run
[11/19/2012 - 03:17:09PM] PLAYER_TRIGGER_ENTER [ths1_TriggerEnterSCRIPT < (04074E54)>]
[11/19/2012 - 03:17:09PM] PLAYER_ITEM_OBTAIN [ObjectReference < (040711EF)>] "Goblet"
[11/19/2012 - 03:17:10PM] PLAYER_MOVE None
[11/19/2012 - 03:17:10PM] PLAYER_ITEM_OBTAIN [ObjectReference < (040711DE)>] "Platter"
[11/19/2012 - 03:17:10PM] PLAYER_ITEM_OBTAIN [ObjectReference < (040711E8)>] "Seared Slaughterfish"
[11/19/2012 - 03:17:11PM] PLAYER_ITEM_OBTAIN [ObjectReference < (040711F3)>] "Firebrand Wine"
[11/19/2012 - 03:17:11PM] PLAYER_ITEM_OBTAIN [ObjectReference < (040711EC)>] "Goblet"
[11/19/2012 - 03:17:11PM] PLAYER_ITEM_OBTAIN [ObjectReference < (040711E6)>] "Salmon Steak"
[11/19/2012 - 03:17:14PM] PLAYER_MOVE Run
[11/19/2012 - 03:17:15PM] PLAYER_TRIGGER_LEAVE [ths1_TriggerEnterSCRIPT < (04074E54)>]
[11/19/2012 - 03:17:16PM] PLAYER_MOVE None
[11/19/2012 - 03:17:16PM] PLAYER_TRIGGER_ENTER [ths1_TriggerEnterSCRIPT < (04074E54)>]
[11/19/2012 - 03:17:17PM] PLAYER_ITEM_OBTAIN [ObjectReference < (040711DF)>] "Jug"
[11/19/2012 - 03:17:18PM] PLAYER_ITEM_OBTAIN [ObjectReference < (040711EE)>] "Goblet"
[11/19/2012 - 03:17:18PM] PLAYER_ITEM_OBTAIN [ObjectReference < (040711ED)>] "Goblet"
[11/19/2012 - 03:17:21PM] PLAYER_ITEM_OBTAIN [ObjectReference < (040711EA)>] "Goblet"
[11/19/2012 - 03:17:22PM] PLAYER_ITEM_OBTAIN [ObjectReference < (0407120A)>] "Cooked Beef"
[11/19/2012 - 03:17:22PM] PLAYER_ITEM_OBTAIN [ObjectReference < (040711E7)>] "Grilled Chicken Breast"
[11/19/2012 - 03:17:23PM] PLAYER_ITEM_OBTAIN [ObjectReference < (040711E9)>] "Bread"
[11/19/2012 - 03:17:24PM] PLAYER_TRIGGER_LEAVE [ths1_TriggerEnterSCRIPT < (04074E54)>]
[11/19/2012 - 03:17:25PM] PLAYER_TRIGGER_ENTER [ths1_TriggerEnterSCRIPT < (04074E54)>]
[11/19/2012 - 03:17:25PM] PLAYER_MOVE Run
[11/19/2012 - 03:17:25PM] PLAYER_ITEM_OBTAIN [ObjectReference < (040711E2)>] "Sweet Roll"
[11/19/2012 - 03:17:26PM] PLAYER_ITEM_OBTAIN [ObjectReference < (040711E1)>] "Sweet Roll"
[11/19/2012 - 03:17:26PM] PLAYER_MOVE None
[11/19/2012 - 03:17:26PM] PLAYER_ITEM_OBTAIN [ObjectReference < (040711DD)>] "Platter"
[11/19/2012 - 03:17:26PM] PLAYER_ITEM_OBTAIN [ObjectReference < (040711E5)>] "Sweet Roll"
[11/19/2012 - 03:17:26PM] PLAYER_ITEM_OBTAIN [ObjectReference < (040711E0)>] "Sweet Roll"
[11/19/2012 - 03:17:27PM] PLAYER_ITEM_OBTAIN [ObjectReference < (040711E4)>] "Sweet Roll"
[11/19/2012 - 03:17:27PM] PLAYER_ITEM_OBTAIN [ObjectReference < (040711E3)>] "Sweet Roll"
[11/19/2012 - 03:17:28PM] PLAYER_ITEM_OBTAIN [ObjectReference < (040711F1)>] "Goblet"
[11/19/2012 - 03:17:29PM] PLAYER_ITEM_OBTAIN [ObjectReference < (040711F0)>] "Goblet"
[11/19/2012 - 03:17:29PM] PLAYER_ITEM_OBTAIN [ObjectReference < (040711F2)>] "Alto Wine"
[11/19/2012 - 03:17:31PM] PLAYER_ITEM_OBTAIN [ObjectReference < (040711EB)>] "Goblet"
[11/19/2012 - 03:17:32PM] PLAYER_MOVE Run
[11/19/2012 - 03:17:33PM] PLAYER_MOVE None
[11/19/2012 - 03:17:33PM] PLAYER_TRIGGER_LEAVE [ths1_TriggerEnterSCRIPT < (04074E54)>]
[11/19/2012 - 03:17:34PM] PLAYER_MOVE Run
[11/19/2012 - 03:17:34PM] PLAYER_TRIGGER_ENTER [ths1_TriggerEnterSCRIPT < (04074E54)>]
[11/19/2012 - 03:17:35PM] PLAYER_TRIGGER_LEAVE [ths1_TriggerEnterSCRIPT < (04074E54)>]
[11/19/2012 - 03:17:35PM] PLAYER_MOVE None
[11/19/2012 - 03:17:36PM] PLAYER_TRIGGER_ENTER [ths1_TriggerEnterSCRIPT < (04074E4F)>]
[11/19/2012 - 03:17:56PM] PLAYER_TRIGGER_ENTER [ths1_TriggerEnterSCRIPT < (0408C788)>]
[11/19/2012 - 03:17:56PM] PLAYER_TRIGGER_LEAVE [ths1_TriggerEnterSCRIPT < (04074E4F)>]
[11/19/2012 - 03:17:56PM] PLAYER_CELL_CHANGE [Cell <Wilderness (04085D56)>] ""
[11/19/2012 - 03:17:56PM] PLAYER_WORLDSPACE_CHANGE [WorldSpace <ths1_Town (04085D17)>] "Town"
[11/19/2012 - 03:17:58PM] PLAYER_TRIGGER_LEAVE [ths1_TriggerEnterSCRIPT < (0408C788)>]
[11/19/2012 - 03:17:58PM] PLAYER_MOVE Run
[11/19/2012 - 03:17:59PM] PLAYER_CELL_CHANGE [Cell <Wilderness (04085D34)>] ""
[11/19/2012 - 03:18:02PM] PLAYER_TRIGGER_ENTER [ths1_TriggerEnterSCRIPT < (0408CDAB)>]
[11/19/2012 - 03:18:02PM] PLAYER_MOVE None
[11/19/2012 - 03:18:14PM] PLAYER_DIALOGUE [TIF__020774A6 <topic info 040774A6 on quest ths1_MasterQuest (040319F7)>] NPC_SPEAKER [Actor < (0408BC45)>]
[11/19/2012 - 03:18:23PM] PLAYER_DIALOGUE [TIF__020774A8 <topic info 040774A8 on quest ths1_MasterQuest (040319F7)>] NPC_SPEAKER [Actor < (0408BC45)>]
[11/19/2012 - 03:18:38PM] PLAYER_DIALOGUE [TIF__0207BD42 <topic info 0407BD42 on quest ths1_MasterQuest (040319F7)>] NPC_SPEAKER [Actor < (0408BC45)>]
[11/19/2012 - 03:18:47PM] PLAYER_DIALOGUE [TIF__0207FA85 <topic info 0407FA85 on quest ths1_MasterQuest (040319F7)>] NPC_SPEAKER [Actor < (0408BC45)>]
[11/19/2012 - 03:18:51PM] PLAYER_DIALOGUE [TIF__0208EEAE <topic info 0408EEAE on quest ths1_MasterQuest (040319F7)>] NPC_SPEAKER [Actor < (0408BC45)>]
[11/19/2012 - 03:19:05PM] PLAYER_DIALOGUE [TIF__0208EEB2 <topic info 0408EEB2 on quest ths1_MasterQuest (040319F7)>] NPC_SPEAKER [Actor < (0408BC45)>]
[11/19/2012 - 03:19:10PM] PLAYER_DIALOGUE [TIF__020774A6 <topic info 040774A6 on quest ths1_MasterQuest (040319F7)>] NPC_SPEAKER [Actor < (0408BC45)>]
[11/19/2012 - 03:19:13PM] PLAYER_DIALOGUE [TIF__020774A8 <topic info 040774A8 on quest ths1_MasterQuest (040319F7)>] NPC_SPEAKER [Actor < (0408BC45)>]
[11/19/2012 - 03:19:20PM] PLAYER_MOVE Run
[11/19/2012 - 03:19:22PM] PLAYER_MOVE None
[11/19/2012 - 03:19:22PM] PLAYER_TRIGGER_LEAVE [ths1_TriggerEnterSCRIPT < (0408CDAB)>]
[11/19/2012 - 03:19:22PM] PLAYER_MOVE Run
[11/19/2012 - 03:19:23PM] PLAYER_MOVE None
[11/19/2012 - 03:19:26PM] PLAYER_MOVE Run
[11/19/2012 - 03:19:28PM] PLAYER_TRIGGER_ENTER [ths1_TriggerEnterSCRIPT < (0408CD5A)>]
[11/19/2012 - 03:19:29PM] PLAYER_ACTOR_VIEW_GAIN [ObjectReference < (04089359)>] "Seamus"
[11/19/2012 - 03:19:30PM] PLAYER_ACTOR_VIEW_LOSS [ObjectReference < (04089359)>] "Seamus"
[11/19/2012 - 03:19:31PM] PLAYER_ACTOR_VIEW_GAIN [ObjectReference < (04089359)>] "Seamus"
[11/19/2012 - 03:19:32PM] PLAYER_MOVE None
[11/19/2012 - 03:19:33PM] PLAYER_ACTOR_VIEW_LOSS [ObjectReference < (04089359)>] "Seamus"
[11/19/2012 - 03:19:37PM] PLAYER_MOVE Run
[11/19/2012 - 03:19:37PM] PLAYER_TRIGGER_LEAVE [ths1_TriggerEnterSCRIPT < (0408CD5A)>]
[11/19/2012 - 03:19:38PM] PLAYER_MOVE None
[11/19/2012 - 03:19:40PM] PLAYER_MOVE Run
[11/19/2012 - 03:19:43PM] PLAYER_CELL_CHANGE [Cell <Wilderness (04085D4C)>] ""
[11/19/2012 - 03:19:46PM] PLAYER_TRIGGER_ENTER [ths1_TriggerEnterSCRIPT < (0408C7C0)>]
[11/19/2012 - 03:19:46PM] PLAYER_TRIGGER_LEAVE [ths1_TriggerEnterSCRIPT < (0408C7C0)>]
[11/19/2012 - 03:19:47PM] PLAYER_MOVE None
[11/19/2012 - 03:19:58PM] PLAYER_TRIGGER_ENTER [ths1_TriggerEnterSCRIPT < (040748BF)>]
[11/19/2012 - 03:19:58PM] PLAYER_CELL_CHANGE [Cell <ths1_MuseumInterior (04044D5A)>] "Bubbsey's Oddity Emporium"
[11/19/2012 - 03:20:02PM] PLAYER_TRIGGER_ENTER [ths1_TriggerEnterSCRIPT < (040748C7)>]
[11/19/2012 - 03:20:02PM] PLAYER_MOVE Run
[11/19/2012 - 03:20:03PM] PLAYER_TRIGGER_LEAVE [ths1_TriggerEnterSCRIPT < (040748BF)>]
[11/19/2012 - 03:20:03PM] PLAYER_TRIGGER_LEAVE [ths1_TriggerEnterSCRIPT < (040748C7)>]
[11/19/2012 - 03:20:03PM] PLAYER_TRIGGER_ENTER [ths1_TriggerEnterSCRIPT < (040748CB)>]
[11/19/2012 - 03:20:04PM] PLAYER_MOVE None
[11/19/2012 - 03:20:10PM] PLAYER_MOVE Run
[11/19/2012 - 03:20:10PM] PLAYER_TRIGGER_LEAVE [ths1_TriggerEnterSCRIPT < (040748CB)>]
[11/19/2012 - 03:20:10PM] PLAYER_TRIGGER_ENTER [ths1_TriggerEnterSCRIPT < (040748C7)>]
[11/19/2012 - 03:20:10PM] PLAYER_TRIGGER_LEAVE [ths1_TriggerEnterSCRIPT < (040748C7)>]
[11/19/2012 - 03:20:10PM] PLAYER_TRIGGER_ENTER [ths1_TriggerEnterSCRIPT < (040748BF)>]
[11/19/2012 - 03:20:10PM] PLAYER_TRIGGER_LEAVE [ths1_TriggerEnterSCRIPT < (040748BF)>]
[11/19/2012 - 03:20:11PM] PLAYER_MOVE None
[11/19/2012 - 03:20:12PM] PLAYER_MOVE Run
[11/19/2012 - 03:20:13PM] PLAYER_DIALOGUE [TIF__01064239 <topic info 04064239 on quest ths1_CaptiveOrc (0401A9F8)>] NPC_SPEAKER [Actor < (04049751)>]
[11/19/2012 - 03:20:13PM] PLAYER_MOVE None
[11/19/2012 - 03:20:14PM] PLAYER_DIALOGUE [TIF__0103F01B <topic info 0403F01B on quest ths1_CaptiveOrc (0401A9F8)>] NPC_SPEAKER [Actor < (04049751)>]
[11/19/2012 - 03:20:14PM] QUEST_STAGE_CHANGE [ths1_CaptiveOrcQuestSCRIPT <ths1_CaptiveOrc (0401A9F8)>] "The Museum Attraction" 3
[11/19/2012 - 03:20:29PM] PLAYER_DIALOGUE [TIF__0106990B <topic info 0406990B on quest ths1_CaptiveOrc (0401A9F8)>] NPC_SPEAKER [Actor < (04049751)>]
[11/19/2012 - 03:20:36PM] PLAYER_DIALOGUE [TIF__0106683D <topic info 0406683D on quest ths1_CaptiveOrc (0401A9F8)>] NPC_SPEAKER [Actor < (04049751)>]
[11/19/2012 - 03:20:46PM] PLAYER_BOOK_READ [ths1_BookOfOrcsScript <alias OrcBook on quest ths1_CaptiveOrc (0401A9F8)>]
[11/19/2012 - 03:21:57PM] PLAYER_MOVE Run
[11/19/2012 - 03:21:58PM] PLAYER_MOVE None
[11/19/2012 - 03:21:59PM] PLAYER_TRIGGER_ENTER [ths1_TriggerEnterSCRIPT < (040748D4)>]
[11/19/2012 - 03:21:59PM] PLAYER_MOVE Run
[11/19/2012 - 03:22:00PM] PLAYER_MOVE None
[11/19/2012 - 03:22:03PM] PLAYER_MOVE Run
[11/19/2012 - 03:22:03PM] PLAYER_TRIGGER_LEAVE [ths1_TriggerEnterSCRIPT < (040748D4)>]
[11/19/2012 - 03:22:04PM] PLAYER_MOVE None
[11/19/2012 - 03:22:07PM] QUEST_STAGE_CHANGE [ths1_CaptiveOrcQuestSCRIPT <ths1_CaptiveOrc (0401A9F8)>] "The Museum Attraction" 5
[11/19/2012 - 03:22:07PM] ACTOR_DOOR_OPEN [ObjectReference < (00000014)>] "Link" : [ths1_MuseumHiddenDoorSCRIPT <alias MuseumHiddenDoor on quest ths1_CaptiveOrc (0401A9F8)>] "MuseumHiddenDoor"
[11/19/2012 - 03:22:11PM] PLAYER_TRIGGER_ENTER [ths1_TriggerEnterSCRIPT < (040748D5)>]
[11/19/2012 - 03:22:13PM] PLAYER_MOVE Run
[11/19/2012 - 03:22:14PM] PLAYER_TRIGGER_LEAVE [ths1_TriggerEnterSCRIPT < (040748D5)>]
[11/19/2012 - 03:22:14PM] PLAYER_MOVE None
[11/19/2012 - 03:22:18PM] PLAYER_MOVE Run
[11/19/2012 - 03:22:18PM] PLAYER_TRIGGER_ENTER [ths1_NearOrcCageTrigScript <alias NearMuseumOrcCageTrigALIAS on quest ths1_CaptiveOrc (0401A9F8)>]
[11/19/2012 - 03:22:18PM] QUEST_STAGE_CHANGE [ths1_CaptiveOrcQuestSCRIPT <ths1_CaptiveOrc (0401A9F8)>] "The Museum Attraction" 10
[11/19/2012 - 03:22:19PM] PLAYER_MOVE None
[11/19/2012 - 03:22:32PM] PLAYER_DIALOGUE [TIF__01063CCD <topic info 04063CCD on quest ths1_CaptiveOrc (0401A9F8)>] NPC_SPEAKER [Actor < (040491E3)>]
[11/19/2012 - 03:22:39PM] PLAYER_DIALOGUE [TIF__010647A5 <topic info 040647A5 on quest ths1_CaptiveOrc (0401A9F8)>] NPC_SPEAKER [Actor < (040491E3)>]
[11/19/2012 - 03:22:46PM] PLAYER_DIALOGUE [TIF__01068354 <topic info 04068354 on quest ths1_CaptiveOrc (0401A9F8)>] NPC_SPEAKER [Actor < (040491E3)>]
[11/19/2012 - 03:22:57PM] PLAYER_DIALOGUE [TIF__0101A9FC <topic info 0401A9FC on quest ths1_CaptiveOrc (0401A9F8)>] NPC_SPEAKER [Actor < (040491E3)>]
[11/19/2012 - 03:23:03PM] PLAYER_DIALOGUE [TIF__0101AF69 <topic info 0401AF69 on quest ths1_CaptiveOrc (0401A9F8)>] NPC_SPEAKER [Actor < (040491E3)>]
[11/19/2012 - 03:23:10PM] PLAYER_DIALOGUE [TIF__010350CF <topic info 040350CF on quest ths1_CaptiveOrc (0401A9F8)>] NPC_SPEAKER [Actor < (040491E3)>]
[11/19/2012 - 03:23:15PM] PLAYER_DIALOGUE [TIF__010371A9 <topic info 040371A9 on quest ths1_CaptiveOrc (0401A9F8)>] NPC_SPEAKER [Actor < (040491E3)>]
[11/19/2012 - 03:23:25PM] PLAYER_DIALOGUE [TIF__010371A7 <topic info 040371A7 on quest ths1_CaptiveOrc (0401A9F8)>] NPC_SPEAKER [Actor < (040491E3)>]
[11/19/2012 - 03:23:33PM] PLAYER_ITEM_OBTAIN [ObjectReference < (04081BD9)>] "Bread"
[11/19/2012 - 03:23:34PM] PLAYER_ITEM_OBTAIN [ObjectReference < (04044DD6)>] "Taproot"
[11/19/2012 - 03:23:35PM] PLAYER_ITEM_OBTAIN [ObjectReference < (04044DD4)>] "Tundra Cotton"
[11/19/2012 - 03:23:38PM] PLAYER_ITEM_OBTAIN [ObjectReference < (04044DD5)>] "Tundra Cotton"
[11/19/2012 - 03:23:42PM] PLAYER_ITEM_OBTAIN [ObjectReference < (04044DDF)>] "Ice Wraith Teeth"
[11/19/2012 - 03:23:43PM] PLAYER_ITEM_OBTAIN [ObjectReference < (04044DDD)>] "Salt Pile"
[11/19/2012 - 03:23:43PM] PLAYER_ITEM_OBTAIN [ObjectReference < (04044DDC)>] "Nordic Barnacle"
[11/19/2012 - 03:23:49PM] PLAYER_ITEM_OBTAIN [ObjectReference < (04044DDB)>] "Slaughterfish Egg"
[11/19/2012 - 03:23:52PM] PLAYER_ITEM_OBTAIN [ObjectReference < (04044DE0)>] "Lavender"
[11/19/2012 - 03:23:53PM] PLAYER_ITEM_OBTAIN [ObjectReference < (04044DE1)>] "Giant's Toe"
[11/19/2012 - 03:23:53PM] PLAYER_ITEM_OBTAIN [ObjectReference < (04044DE2)>] "Glow Dust"
[11/19/2012 - 03:23:55PM] PLAYER_MOVE Run
[11/19/2012 - 03:23:56PM] PLAYER_MOVE None
[11/19/2012 - 03:23:57PM] PLAYER_POV_CHANGE THIRD_PERSON
[11/19/2012 - 03:25:15PM] PLAYER_ITEM_OBTAIN None "Poison of Damage Magicka"
[11/19/2012 - 03:25:15PM] PLAYER_ITEM_REMOVED None "Lavender" COUNT 1 CONTAINER None
[11/19/2012 - 03:25:15PM] PLAYER_ITEM_REMOVED None "Nordic Barnacle" COUNT 1 CONTAINER None
[11/19/2012 - 03:25:15PM] PLAYER_ITEM_REMOVED None "Glow Dust" COUNT 1 CONTAINER None
[11/19/2012 - 03:25:34PM] PLAYER_ITEM_REMOVED None "Fly Amanita" COUNT 1 CONTAINER None
[11/19/2012 - 03:25:34PM] PLAYER_ITEM_REMOVED None "Giant's Toe" COUNT 1 CONTAINER None
[11/19/2012 - 03:25:34PM] PLAYER_ITEM_REMOVED None "Ice Wraith Teeth" COUNT 1 CONTAINER None
[11/19/2012 - 03:25:43PM] PLAYER_ITEM_REMOVED None "Slaughterfish Egg" COUNT 1 CONTAINER None
[11/19/2012 - 03:25:44PM] PLAYER_ITEM_REMOVED None "Taproot" COUNT 1 CONTAINER None
[11/19/2012 - 03:25:44PM] PLAYER_ITEM_OBTAIN None "Potion of Regenerate Magicka"
[11/19/2012 - 03:25:44PM] PLAYER_ITEM_REMOVED None "Salt Pile" COUNT 1 CONTAINER None
[11/19/2012 - 03:25:56PM] PLAYER_ITEM_REMOVED None "Imp Stool" COUNT 1 CONTAINER None
[11/19/2012 - 03:25:56PM] PLAYER_ITEM_REMOVED None "White Cap" COUNT 1 CONTAINER None
[11/19/2012 - 03:25:56PM] PLAYER_ITEM_REMOVED None "Tundra Cotton" COUNT 1 CONTAINER None
[11/19/2012 - 03:26:09PM] PLAYER_POV_CHANGE FIRST_PERSON
[11/19/2012 - 03:26:13PM] PLAYER_MOVE Run
[11/19/2012 - 03:26:14PM] PLAYER_MOVE None
[11/19/2012 - 03:26:18PM] PLAYER_MOVE Run
[11/19/2012 - 03:26:19PM] PLAYER_TRIGGER_ENTER [ths1_TriggerEnterSCRIPT < (040748D5)>]
[11/19/2012 - 03:26:19PM] PLAYER_TRIGGER_LEAVE [ths1_TriggerEnterSCRIPT < (040748D5)>]
[11/19/2012 - 03:26:21PM] PLAYER_TRIGGER_ENTER [ths1_TriggerEnterSCRIPT < (040748D4)>]
[11/19/2012 - 03:26:22PM] PLAYER_TRIGGER_LEAVE [ths1_TriggerEnterSCRIPT < (040748D4)>]
[11/19/2012 - 03:26:24PM] PLAYER_MOVE None
[11/19/2012 - 03:26:29PM] PLAYER_WEAPON_WITHDRAWN
[11/19/2012 - 03:26:38PM] PLAYER_DIALOGUE [TIF__0207227D <topic info 0407227D on quest ths1_CaptiveOrc (0401A9F8)>] NPC_SPEAKER [Actor < (04049751)>]
[11/19/2012 - 03:26:55PM] PLAYER_DIALOGUE [TIF__02072280 <topic info 04072280 on quest ths1_CaptiveOrc (0401A9F8)>] NPC_SPEAKER [Actor < (04049751)>]
[11/19/2012 - 03:26:55PM] PLAYER_ITEM_OBTAIN None "Orc Cage Key"
[11/19/2012 - 03:26:55PM] PLAYER_ITEM_REMOVED None "gold" COUNT 2000 CONTAINER [Actor < (04049751)>]
[11/19/2012 - 03:27:01PM] PLAYER_MOVE Run
[11/19/2012 - 03:27:02PM] PLAYER_TRIGGER_ENTER [ths1_TriggerEnterSCRIPT < (040748D4)>]
[11/19/2012 - 03:27:02PM] PLAYER_TRIGGER_LEAVE [ths1_TriggerEnterSCRIPT < (040748D4)>]
[11/19/2012 - 03:27:02PM] PLAYER_TRIGGER_ENTER [ths1_TriggerEnterSCRIPT < (040748D4)>]
[11/19/2012 - 03:27:03PM] PLAYER_MOVE None
[11/19/2012 - 03:27:04PM] PLAYER_MOVE Run
[11/19/2012 - 03:27:04PM] PLAYER_TRIGGER_LEAVE [ths1_TriggerEnterSCRIPT < (040748D4)>]
[11/19/2012 - 03:27:06PM] PLAYER_TRIGGER_ENTER [ths1_TriggerEnterSCRIPT < (040748D5)>]
[11/19/2012 - 03:27:06PM] PLAYER_TRIGGER_LEAVE [ths1_TriggerEnterSCRIPT < (040748D5)>]
[11/19/2012 - 03:27:08PM] PLAYER_TRIGGER_ENTER [ths1_NearOrcCageTrigScript <alias NearMuseumOrcCageTrigALIAS on quest ths1_CaptiveOrc (0401A9F8)>]
[11/19/2012 - 03:27:09PM] PLAYER_MOVE None
[11/19/2012 - 03:27:20PM] QUEST_STAGE_CHANGE [ths1_CaptiveOrcQuestSCRIPT <ths1_CaptiveOrc (0401A9F8)>] "The Museum Attraction" 30
[11/19/2012 - 03:27:20PM] QUEST_COMPLETED [ths1_CaptiveOrcQuestSCRIPT <ths1_CaptiveOrc (0401A9F8)>] "The Museum Attraction"
[11/19/2012 - 03:27:21PM] PLAYER_MOVE Run
[11/19/2012 - 03:27:22PM] PLAYER_MOVE None
[11/19/2012 - 03:27:23PM] PLAYER_MOVE Run
[11/19/2012 - 03:27:24PM] PLAYER_MOVE None
[11/19/2012 - 03:27:29PM] PLAYER_MOVE Run
[11/19/2012 - 03:27:30PM] PLAYER_MOVE None
[11/19/2012 - 03:28:00PM] PLAYER_ITEM_REMOVED [ObjectReference < (040711E3)>] "Sweet Roll" COUNT 1 CONTAINER [ObjectReference < (040491E3)>]
[11/19/2012 - 03:28:07PM] PLAYER_ITEM_REMOVED [ObjectReference < (04081BD9)>] "Bread" COUNT 1 CONTAINER [ObjectReference < (040491E3)>]
[11/19/2012 - 03:28:15PM] PLAYER_DIALOGUE [TIF__020810CD <topic info 040810CD on quest ths1_CaptiveOrc (0401A9F8)>] NPC_SPEAKER [Actor < (040491E3)>]
[11/19/2012 - 03:28:29PM] PLAYER_MOVE Run
[11/19/2012 - 03:28:30PM] QUEST_STAGE_CHANGE [ths1_CaptiveOrcQuestSCRIPT <ths1_CaptiveOrc (0401A9F8)>] "The Museum Attraction" 35
[11/19/2012 - 03:28:30PM] PLAYER_MOVE None
[11/19/2012 - 03:28:32PM] PLAYER_ITEM_OBTAIN [ObjectReference < (04049CFE)>] "Cabbage"
[11/19/2012 - 03:28:33PM] PLAYER_ITEM_OBTAIN [ObjectReference < (04049CFB)>] "Charred Skeever Meat"
[11/19/2012 - 03:28:35PM] PLAYER_ITEM_OBTAIN [ObjectReference < (04049CFC)>] "Dog Meat"
[11/19/2012 - 03:28:39PM] PLAYER_DIALOGUE [TIF__0207D376 <topic info 0407D376 on quest ths1_CaptiveOrc (0401A9F8)>] NPC_SPEAKER [Actor < (040491E3)>]
[11/19/2012 - 03:28:47PM] PLAYER_DIALOGUE [TIF__0207E988 <topic info 0407E988 on quest ths1_CaptiveOrc (0401A9F8)>] NPC_SPEAKER [Actor < (040491E3)>]
[11/19/2012 - 03:29:00PM] PLAYER_DIALOGUE [TIF__0207D376 <topic info 0407D376 on quest ths1_CaptiveOrc (0401A9F8)>] NPC_SPEAKER [Actor < (040491E3)>]
[11/19/2012 - 03:29:11PM] PLAYER_MOVE Run
[11/19/2012 - 03:29:12PM] PLAYER_TRIGGER_ENTER [ths1_TriggerEnterSCRIPT < (040748D5)>]
[11/19/2012 - 03:29:12PM] PLAYER_TRIGGER_LEAVE [ths1_TriggerEnterSCRIPT < (040748D5)>]
[11/19/2012 - 03:29:13PM] PLAYER_TRIGGER_ENTER [ths1_TriggerEnterSCRIPT < (040748D4)>]
[11/19/2012 - 03:29:14PM] PLAYER_MOVE None
[11/19/2012 - 03:29:15PM] PLAYER_MOVE Run
[11/19/2012 - 03:29:16PM] PLAYER_TRIGGER_LEAVE [ths1_TriggerEnterSCRIPT < (040748D4)>]
[11/19/2012 - 03:29:17PM] PLAYER_MOVE None
[11/19/2012 - 03:29:18PM] PLAYER_MOVE Run
[11/19/2012 - 03:29:19PM] PLAYER_MOVE None
[11/19/2012 - 03:29:20PM] PLAYER_MOVE Run
[11/19/2012 - 03:29:20PM] PLAYER_TRIGGER_ENTER [ths1_TriggerEnterSCRIPT < (040748CC)>]
[11/19/2012 - 03:29:21PM] PLAYER_MOVE None
[11/19/2012 - 03:29:27PM] PLAYER_TRIGGER_LEAVE [ths1_TriggerEnterSCRIPT < (040748CC)>]
[11/19/2012 - 03:29:29PM] PLAYER_MOVE Run
[11/19/2012 - 03:29:30PM] PLAYER_MOVE None
[11/19/2012 - 03:29:32PM] PLAYER_TRIGGER_ENTER [ths1_TriggerEnterSCRIPT < (040748CD)>]
[11/19/2012 - 03:29:32PM] PLAYER_MOVE Run
[11/19/2012 - 03:29:33PM] PLAYER_MOVE None
[11/19/2012 - 03:29:33PM] PLAYER_TRIGGER_LEAVE [ths1_TriggerEnterSCRIPT < (040748CD)>]
[11/19/2012 - 03:29:35PM] PLAYER_MOVE Run
[11/19/2012 - 03:29:36PM] PLAYER_TRIGGER_ENTER [ths1_TriggerEnterSCRIPT < (040748C8)>]
[11/19/2012 - 03:29:36PM] PLAYER_TRIGGER_ENTER [ths1_TriggerEnterSCRIPT < (040748BF)>]
[11/19/2012 - 03:29:37PM] PLAYER_TRIGGER_LEAVE [ths1_TriggerEnterSCRIPT < (040748C8)>]
[11/19/2012 - 03:29:37PM] PLAYER_MOVE None
[11/19/2012 - 03:29:38PM] PLAYER_TRIGGER_ENTER [ths1_TriggerEnterSCRIPT < (040748C7)>]
[11/19/2012 - 03:29:38PM] PLAYER_TRIGGER_LEAVE [ths1_TriggerEnterSCRIPT < (040748BF)>]
[11/19/2012 - 03:29:40PM] PLAYER_DISPLAY_CASE_OPEN [ths1_DisplayCaseScript < (04044E20)>]
[11/19/2012 - 03:29:43PM] PLAYER_MOVE Run
[11/19/2012 - 03:29:44PM] PLAYER_MOVE None
[11/19/2012 - 03:29:53PM] PLAYER_WEAPON_WITHDRAWN
[11/19/2012 - 03:29:58PM] PLAYER_TRIGGER_LEAVE [ths1_TriggerEnterSCRIPT < (040748C7)>]
[11/19/2012 - 03:29:58PM] PLAYER_MOVE Run
[11/19/2012 - 03:29:59PM] PLAYER_TRIGGER_ENTER [ths1_TriggerEnterSCRIPT < (040748BF)>]
[11/19/2012 - 03:30:00PM] PLAYER_MOVE None
[11/19/2012 - 03:30:02PM] PLAYER_TRIGGER_ENTER [ths1_TriggerEnterSCRIPT < (0408C7C0)>]
[11/19/2012 - 03:30:02PM] PLAYER_TRIGGER_LEAVE [ths1_TriggerEnterSCRIPT < (040748BF)>]
[11/19/2012 - 03:30:02PM] PLAYER_CELL_CHANGE [Cell <Wilderness (04085D4C)>] ""
[11/19/2012 - 03:30:02PM] PLAYER_WORLDSPACE_CHANGE [WorldSpace <ths1_Town (04085D17)>] "Town"
[11/19/2012 - 03:30:04PM] PLAYER_TRIGGER_LEAVE [ths1_TriggerEnterSCRIPT < (0408C7C0)>]
[11/19/2012 - 03:30:05PM] PLAYER_MOVE Run
[11/19/2012 - 03:30:07PM] PLAYER_MOVE None
[11/19/2012 - 03:30:10PM] PLAYER_MOVE Run
[11/19/2012 - 03:30:12PM] PLAYER_ACTOR_VIEW_GAIN [ObjectReference < (04089359)>] "Seamus"
[11/19/2012 - 03:30:13PM] PLAYER_TRIGGER_ENTER [ths1_TriggerEnterSCRIPT < (0408C7A8)>]
[11/19/2012 - 03:30:14PM] PLAYER_ACTOR_VIEW_LOSS [ObjectReference < (04089359)>] "Seamus"
[11/19/2012 - 03:30:15PM] PLAYER_TRIGGER_LEAVE [ths1_TriggerEnterSCRIPT < (0408C7A8)>]
[11/19/2012 - 03:30:15PM] PLAYER_TRIGGER_ENTER [ths1_TriggerEnterSCRIPT < (0408C7AA)>]
[11/19/2012 - 03:30:16PM] PLAYER_TRIGGER_LEAVE [ths1_TriggerEnterSCRIPT < (0408C7AA)>]
[11/19/2012 - 03:30:17PM] PLAYER_TRIGGER_ENTER [ths1_TriggerEnterSCRIPT < (0408C7AA)>]
[11/19/2012 - 03:30:17PM] PLAYER_MOVE None
[11/19/2012 - 03:30:22PM] PLAYER_TRIGGER_LEAVE [ths1_TriggerEnterSCRIPT < (0408C7AA)>]
[11/19/2012 - 03:30:23PM] PLAYER_CELL_CHANGE [Cell <ths1_TempleInterior (04019CC3)>] "Town Temple"
[11/19/2012 - 03:30:36PM] PLAYER_DIALOGUE [TIF__010469EA <topic info 040469EA on quest ths1_BarrianBookQuest (0404540C)>] NPC_SPEAKER [Actor < (040371CF)>]
[11/19/2012 - 03:30:43PM] PLAYER_MOVE Run
[11/19/2012 - 03:30:46PM] PLAYER_MOVE None
[11/19/2012 - 03:31:26PM] PLAYER_MOVE Run
[11/19/2012 - 03:31:28PM] PLAYER_MOVE None
[11/19/2012 - 03:31:36PM] PLAYER_WEAPON_WITHDRAWN
[11/19/2012 - 03:31:40PM] PLAYER_DIALOGUE [TIF__0106B44A <topic info 0406B44A on quest ths1_BarrianBookQuest (0404540C)>] NPC_SPEAKER [Actor < (040371D2)>]
[11/19/2012 - 03:31:46PM] PLAYER_DIALOGUE [TIF__020826E9 <topic info 040826E9 on quest ths1_BarrianBookQuest (0404540C)>] NPC_SPEAKER [Actor < (040371D2)>]
[11/19/2012 - 03:31:51PM] PLAYER_DIALOGUE [TIF__01045418 <topic info 04045418 on quest ths1_BarrianBookQuest (0404540C)>] NPC_SPEAKER [Actor < (040371D2)>]
[11/19/2012 - 03:31:55PM] QUEST_STAGE_CHANGE [ths1_BBQScript <ths1_BarrianBookQuest (0404540C)>] "'What's That You're Reading, Barrian?'" 10
[11/19/2012 - 03:32:00PM] PLAYER_DIALOGUE [TIF__020826E6 <topic info 040826E6 on quest ths1_BarrianBookQuest (0404540C)>] NPC_SPEAKER [Actor < (040371D2)>]
[11/19/2012 - 03:32:06PM] PLAYER_DIALOGUE [TIF__01045418 <topic info 04045418 on quest ths1_BarrianBookQuest (0404540C)>] NPC_SPEAKER [Actor < (040371D2)>]
[11/19/2012 - 03:32:21PM] PLAYER_DIALOGUE [TIF__02074354 <topic info 04074354 on quest ths1_BarrianBookQuest (0404540C)>] NPC_SPEAKER [Actor < (04045410)>]
[11/19/2012 - 03:32:27PM] PLAYER_MOVE Run
[11/19/2012 - 03:32:29PM] PLAYER_MOVE None
[11/19/2012 - 03:32:30PM] PLAYER_MOVE Run
[11/19/2012 - 03:32:31PM] PLAYER_MOVE None
[11/19/2012 - 03:32:34PM] PLAYER_MOVE Run
[11/19/2012 - 03:32:35PM] PLAYER_MOVE None
[11/19/2012 - 03:32:35PM] PLAYER_TRIGGER_ENTER [ths1_TriggerEnterSCRIPT < (04074E62)>]
[11/19/2012 - 03:32:37PM] PLAYER_TRIGGER_ENTER [ths1_TriggerEnterSCRIPT < (04074E63)>]
[11/19/2012 - 03:32:38PM] PLAYER_TRIGGER_LEAVE [ths1_TriggerEnterSCRIPT < (04074E62)>]
[11/19/2012 - 03:32:38PM] PLAYER_MOVE Run
[11/19/2012 - 03:32:38PM] PLAYER_TRIGGER_LEAVE [ths1_TriggerEnterSCRIPT < (04074E63)>]
[11/19/2012 - 03:32:40PM] PLAYER_TRIGGER_ENTER [ths1_TriggerEnterSCRIPT < (04074E64)>]
[11/19/2012 - 03:32:41PM] PLAYER_MOVE None
[11/19/2012 - 03:32:42PM] PLAYER_MOVE Run
[11/19/2012 - 03:32:42PM] PLAYER_TRIGGER_LEAVE [ths1_TriggerEnterSCRIPT < (04074E64)>]
[11/19/2012 - 03:32:43PM] PLAYER_MOVE None
[11/19/2012 - 03:32:44PM] PLAYER_MOVE Run
[11/19/2012 - 03:32:45PM] PLAYER_TRIGGER_ENTER [ths1_TriggerEnterSCRIPT < (04074E65)>]
[11/19/2012 - 03:32:46PM] PLAYER_MOVE None
[11/19/2012 - 03:32:47PM] PLAYER_TRIGGER_ENTER [ths1_TriggerEnterSCRIPT < (04074E66)>]
[11/19/2012 - 03:32:47PM] PLAYER_TRIGGER_LEAVE [ths1_TriggerEnterSCRIPT < (04074E65)>]
[11/19/2012 - 03:32:47PM] PLAYER_MOVE Run
[11/19/2012 - 03:32:47PM] PLAYER_TRIGGER_LEAVE [ths1_TriggerEnterSCRIPT < (04074E66)>]
[11/19/2012 - 03:32:48PM] PLAYER_MOVE None
[11/19/2012 - 03:32:49PM] PLAYER_MOVE Run
[11/19/2012 - 03:32:50PM] PLAYER_MOVE None
[11/19/2012 - 03:32:56PM] PLAYER_MOVE Run
[11/19/2012 - 03:32:56PM] PLAYER_TRIGGER_ENTER [ths1_TriggerEnterSCRIPT < (04074E66)>]
[11/19/2012 - 03:32:56PM] PLAYER_TRIGGER_ENTER [ths1_TriggerEnterSCRIPT < (04074E65)>]
[11/19/2012 - 03:32:56PM] PLAYER_TRIGGER_LEAVE [ths1_TriggerEnterSCRIPT < (04074E66)>]
[11/19/2012 - 03:32:57PM] PLAYER_TRIGGER_LEAVE [ths1_TriggerEnterSCRIPT < (04074E65)>]
[11/19/2012 - 03:32:58PM] PLAYER_TRIGGER_ENTER [ths1_TriggerEnterSCRIPT < (04074E67)>]
[11/19/2012 - 03:32:59PM] PLAYER_MOVE None
[11/19/2012 - 03:33:00PM] PLAYER_TRIGGER_LEAVE [ths1_TriggerEnterSCRIPT < (04074E67)>]
[11/19/2012 - 03:33:00PM] PLAYER_TRIGGER_ENTER [ths1_TriggerEnterSCRIPT < (04074E68)>]
[11/19/2012 - 03:33:00PM] PLAYER_MOVE Run
[11/19/2012 - 03:33:00PM] PLAYER_TRIGGER_LEAVE [ths1_TriggerEnterSCRIPT < (04074E68)>]
[11/19/2012 - 03:33:01PM] PLAYER_MOVE None
[11/19/2012 - 03:33:02PM] PLAYER_TRIGGER_ENTER [ths1_TriggerEnterSCRIPT < (04074E68)>]
[11/19/2012 - 03:33:02PM] PLAYER_TRIGGER_LEAVE [ths1_TriggerEnterSCRIPT < (04074E68)>]
[11/19/2012 - 03:33:06PM] PLAYER_MOVE Run
[11/19/2012 - 03:33:07PM] PLAYER_TRIGGER_ENTER [ths1_TriggerEnterSCRIPT < (04074E68)>]
[11/19/2012 - 03:33:07PM] PLAYER_TRIGGER_LEAVE [ths1_TriggerEnterSCRIPT < (04074E68)>]
[11/19/2012 - 03:33:08PM] PLAYER_MOVE None
[11/19/2012 - 03:33:08PM] PLAYER_TRIGGER_ENTER [ths1_TriggerEnterSCRIPT < (04074E68)>]
[11/19/2012 - 03:33:09PM] PLAYER_TRIGGER_ENTER [ths1_TriggerEnterSCRIPT < (04074E67)>]
[11/19/2012 - 03:33:09PM] PLAYER_TRIGGER_LEAVE [ths1_TriggerEnterSCRIPT < (04074E68)>]
[11/19/2012 - 03:33:10PM] PLAYER_TRIGGER_LEAVE [ths1_TriggerEnterSCRIPT < (04074E67)>]
[11/19/2012 - 03:33:10PM] PLAYER_MOVE Run
[11/19/2012 - 03:33:12PM] PLAYER_MOVE None
[11/19/2012 - 03:33:13PM] PLAYER_TRIGGER_ENTER [ths1_TriggerEnterSCRIPT < (04074E65)>]
[11/19/2012 - 03:33:14PM] PLAYER_TRIGGER_LEAVE [ths1_TriggerEnterSCRIPT < (04074E65)>]
[11/19/2012 - 03:33:14PM] PLAYER_MOVE Run
[11/19/2012 - 03:33:15PM] PLAYER_MOVE None
[11/19/2012 - 03:33:18PM] PLAYER_MOVE Run
[11/19/2012 - 03:33:19PM] PLAYER_TRIGGER_ENTER [ths1_TriggerEnterSCRIPT < (04074E64)>]
[11/19/2012 - 03:33:19PM] PLAYER_TRIGGER_LEAVE [ths1_TriggerEnterSCRIPT < (04074E64)>]
[11/19/2012 - 03:33:20PM] PLAYER_TRIGGER_ENTER [ths1_TriggerEnterSCRIPT < (04074E64)>]
[11/19/2012 - 03:33:20PM] PLAYER_MOVE None
[11/19/2012 - 03:33:21PM] PLAYER_TRIGGER_LEAVE [ths1_TriggerEnterSCRIPT < (04074E64)>]
[11/19/2012 - 03:33:21PM] PLAYER_MOVE Run
[11/19/2012 - 03:33:22PM] PLAYER_MOVE None
[11/19/2012 - 03:33:24PM] PLAYER_MOVE Run
[11/19/2012 - 03:33:24PM] PLAYER_TRIGGER_ENTER [ths1_TriggerEnterSCRIPT < (04074E64)>]
[11/19/2012 - 03:33:25PM] PLAYER_MOVE None
[11/19/2012 - 03:33:26PM] PLAYER_TRIGGER_LEAVE [ths1_TriggerEnterSCRIPT < (04074E64)>]
[11/19/2012 - 03:33:26PM] PLAYER_MOVE Run
[11/19/2012 - 03:33:28PM] PLAYER_TRIGGER_ENTER [ths1_TriggerEnterSCRIPT < (04074E63)>]
[11/19/2012 - 03:33:28PM] PLAYER_TRIGGER_ENTER [ths1_TriggerEnterSCRIPT < (04074E62)>]
[11/19/2012 - 03:33:28PM] PLAYER_TRIGGER_LEAVE [ths1_TriggerEnterSCRIPT < (04074E63)>]
[11/19/2012 - 03:33:28PM] PLAYER_MOVE None
[11/19/2012 - 03:33:29PM] PLAYER_TRIGGER_LEAVE [ths1_TriggerEnterSCRIPT < (04074E62)>]
[11/19/2012 - 03:33:29PM] PLAYER_MOVE Run
[11/19/2012 - 03:33:31PM] PLAYER_MOVE None
[11/19/2012 - 03:33:40PM] PLAYER_WEAPON_WITHDRAWN
[11/19/2012 - 03:33:43PM] PLAYER_DIALOGUE [TIF__010662CA <topic info 040662CA on quest ths1_BarrianBookQuest (0404540C)>] NPC_SPEAKER [Actor < (040371D2)>]
[11/19/2012 - 03:33:51PM] PLAYER_MOVE Run
[11/19/2012 - 03:33:52PM] PLAYER_MOVE None
[11/19/2012 - 03:33:53PM] PLAYER_TRIGGER_ENTER [ths1_TriggerEnterSCRIPT < (04074E69)>]
[11/19/2012 - 03:33:55PM] PLAYER_TRIGGER_ENTER [ths1_TriggerEnterSCRIPT < (04074E6A)>]
[11/19/2012 - 03:33:55PM] PLAYER_TRIGGER_LEAVE [ths1_TriggerEnterSCRIPT < (04074E69)>]
[11/19/2012 - 03:33:59PM] PLAYER_DIALOGUE [TIF__02074354 <topic info 04074354 on quest ths1_BarrianBookQuest (0404540C)>] NPC_SPEAKER [Actor < (040371CE)>]
[11/19/2012 - 03:34:02PM] PLAYER_DIALOGUE [TIF__02074354 <topic info 04074354 on quest ths1_BarrianBookQuest (0404540C)>] NPC_SPEAKER [Actor < (040371CE)>]
[11/19/2012 - 03:34:05PM] PLAYER_TRIGGER_LEAVE [ths1_TriggerEnterSCRIPT < (04074E6A)>]
[11/19/2012 - 03:34:07PM] PLAYER_TRIGGER_ENTER [ths1_TriggerEnterSCRIPT < (04074E6B)>]
[11/19/2012 - 03:34:07PM] PLAYER_MOVE Run
[11/19/2012 - 03:34:08PM] PLAYER_TRIGGER_LEAVE [ths1_TriggerEnterSCRIPT < (04074E6B)>]
[11/19/2012 - 03:34:08PM] PLAYER_TRIGGER_ENTER [ths1_TriggerEnterSCRIPT < (04074E6C)>]
[11/19/2012 - 03:34:08PM] PLAYER_TRIGGER_LEAVE [ths1_TriggerEnterSCRIPT < (04074E6C)>]
[11/19/2012 - 03:34:09PM] PLAYER_MOVE None
[11/19/2012 - 03:34:19PM] PLAYER_MOVE Run
[11/19/2012 - 03:34:19PM] PLAYER_TRIGGER_ENTER [ths1_TriggerEnterSCRIPT < (04074E6C)>]
[11/19/2012 - 03:34:19PM] PLAYER_TRIGGER_ENTER [ths1_TriggerEnterSCRIPT < (04074E6B)>]
[11/19/2012 - 03:34:19PM] PLAYER_TRIGGER_LEAVE [ths1_TriggerEnterSCRIPT < (04074E6C)>]
[11/19/2012 - 03:34:20PM] PLAYER_MOVE None
[11/19/2012 - 03:34:20PM] PLAYER_TRIGGER_LEAVE [ths1_TriggerEnterSCRIPT < (04074E6B)>]
[11/19/2012 - 03:34:21PM] PLAYER_MOVE Run
[11/19/2012 - 03:34:21PM] PLAYER_TRIGGER_ENTER [ths1_TriggerEnterSCRIPT < (04074E6A)>]
[11/19/2012 - 03:34:21PM] PLAYER_TRIGGER_ENTER [ths1_TriggerEnterSCRIPT < (04074E69)>]
[11/19/2012 - 03:34:21PM] PLAYER_TRIGGER_LEAVE [ths1_TriggerEnterSCRIPT < (04074E6A)>]
[11/19/2012 - 03:34:22PM] PLAYER_MOVE None
[11/19/2012 - 03:34:23PM] PLAYER_TRIGGER_LEAVE [ths1_TriggerEnterSCRIPT < (04074E69)>]
[11/19/2012 - 03:34:24PM] PLAYER_MOVE Run
[11/19/2012 - 03:34:25PM] PLAYER_MOVE None
[11/19/2012 - 03:34:26PM] PLAYER_MOVE Run
[11/19/2012 - 03:34:28PM] PLAYER_MOVE None
[11/19/2012 - 03:34:32PM] PLAYER_MOVE Run
[11/19/2012 - 03:34:33PM] PLAYER_MOVE None
[11/19/2012 - 03:34:40PM] PLAYER_DIALOGUE [TIF__010469ED <topic info 040469ED on quest ths1_BarrianBookQuest (0404540C)>] NPC_SPEAKER [Actor < (040371CF)>]
[11/19/2012 - 03:34:46PM] PLAYER_DIALOGUE [TIF__01048092 <topic info 04048092 on quest ths1_BarrianBookQuest (0404540C)>] NPC_SPEAKER [Actor < (040371CF)>]
[11/19/2012 - 03:34:56PM] PLAYER_DIALOGUE [TIF__0106B44D <topic info 0406B44D on quest ths1_BarrianBookQuest (0404540C)>] NPC_SPEAKER [Actor < (040371CF)>]
[11/19/2012 - 03:35:00PM] QUEST_STAGE_CHANGE [ths1_BBQScript <ths1_BarrianBookQuest (0404540C)>] "'What's That You're Reading, Barrian?'" 15
[11/19/2012 - 03:35:05PM] PLAYER_MOVE Run
[11/19/2012 - 03:35:06PM] PLAYER_MOVE None
[11/19/2012 - 03:35:10PM] PLAYER_POV_CHANGE THIRD_PERSON
[11/19/2012 - 03:35:13PM] PLAYER_POV_CHANGE FIRST_PERSON
[11/19/2012 - 03:35:26PM] Log closed
