[11/19/2012 - 04:40:19PM] 19 log opened (PC)
[11/19/2012 - 04:40:19PM] PLAYER_MOVE Run
[11/19/2012 - 04:40:20PM] PLAYER_TRIGGER_ENTER [ths1_TriggerEnterSCRIPT < (04074E58)>]
[11/19/2012 - 04:40:20PM] PLAYER_TRIGGER_ENTER [ths1_TriggerEnterSCRIPT < (04074E57)>]
[11/19/2012 - 04:40:20PM] PLAYER_TRIGGER_LEAVE [ths1_TriggerEnterSCRIPT < (04074E58)>]
[11/19/2012 - 04:40:21PM] PLAYER_TRIGGER_ENTER [ths1_TriggerEnterSCRIPT < (04074E53)>]
[11/19/2012 - 04:40:21PM] PLAYER_TRIGGER_LEAVE [ths1_TriggerEnterSCRIPT < (04074E57)>]
[11/19/2012 - 04:40:21PM] PLAYER_MOVE None
[11/19/2012 - 04:40:23PM] PLAYER_ITEM_OBTAIN [ObjectReference < (040711F4)>] "Daedric Greatsword"
[11/19/2012 - 04:40:24PM] PLAYER_TRIGGER_ENTER [ths1_TriggerEnterSCRIPT < (04074E57)>]
[11/19/2012 - 04:40:25PM] PLAYER_TRIGGER_LEAVE [ths1_TriggerEnterSCRIPT < (04074E53)>]
[11/19/2012 - 04:40:33PM] PLAYER_WEAPON_WITHDRAWN
[11/19/2012 - 04:40:34PM] PLAYER_WEAPON_RIGHT [WEAPON < (000139B7)>] "Daedric Greatsword"
[11/19/2012 - 04:40:34PM] PLAYER_MOVE Run
[11/19/2012 - 04:40:34PM] PLAYER_TRIGGER_LEAVE [ths1_TriggerEnterSCRIPT < (04074E57)>]
[11/19/2012 - 04:40:35PM] PLAYER_TRIGGER_ENTER [ths1_TriggerEnterSCRIPT < (04074E52)>]
[11/19/2012 - 04:40:36PM] PLAYER_TRIGGER_LEAVE [ths1_TriggerEnterSCRIPT < (04074E52)>]
[11/19/2012 - 04:40:37PM] PLAYER_TRIGGER_ENTER [ths1_TriggerEnterSCRIPT < (04074E51)>]
[11/19/2012 - 04:40:37PM] PLAYER_TRIGGER_LEAVE [ths1_TriggerEnterSCRIPT < (04074E51)>]
[11/19/2012 - 04:40:38PM] PLAYER_TRIGGER_ENTER [ths1_TriggerEnterSCRIPT < (04074E50)>]
[11/19/2012 - 04:40:38PM] PLAYER_TRIGGER_LEAVE [ths1_TriggerEnterSCRIPT < (04074E50)>]
[11/19/2012 - 04:40:39PM] PLAYER_TRIGGER_ENTER [ths1_TriggerEnterSCRIPT < (04074E4F)>]
[11/19/2012 - 04:40:39PM] PLAYER_MOVE None
[11/19/2012 - 04:40:47PM] PLAYER_TRIGGER_ENTER [ths1_TriggerEnterSCRIPT < (0408C788)>]
[11/19/2012 - 04:40:47PM] PLAYER_TRIGGER_LEAVE [ths1_TriggerEnterSCRIPT < (04074E4F)>]
[11/19/2012 - 04:40:48PM] PLAYER_CELL_CHANGE [Cell <Wilderness (04085D56)>] ""
[11/19/2012 - 04:40:48PM] PLAYER_WORLDSPACE_CHANGE [WorldSpace <ths1_Town (04085D17)>] "Town"
[11/19/2012 - 04:40:49PM] PLAYER_TRIGGER_LEAVE [ths1_TriggerEnterSCRIPT < (0408C788)>]
[11/19/2012 - 04:40:49PM] PLAYER_MOVE Run
[11/19/2012 - 04:40:50PM] PLAYER_CELL_CHANGE [Cell <Wilderness (04085D34)>] ""
[11/19/2012 - 04:40:52PM] PLAYER_TRIGGER_ENTER [ths1_TriggerEnterSCRIPT < (0408CDAB)>]
[11/19/2012 - 04:40:53PM] PLAYER_TRIGGER_LEAVE [ths1_TriggerEnterSCRIPT < (0408CDAB)>]
[11/19/2012 - 04:40:53PM] PLAYER_MOVE None
[11/19/2012 - 04:40:54PM] PLAYER_DIALOGUE [TIF__0207FA85 <topic info 0407FA85 on quest ths1_MasterQuest (040319F7)>] NPC_SPEAKER [Actor < (0408BC45)>]
[11/19/2012 - 04:41:03PM] PLAYER_DIALOGUE [TIF__0208EEAE <topic info 0408EEAE on quest ths1_MasterQuest (040319F7)>] NPC_SPEAKER [Actor < (0408BC45)>]
[11/19/2012 - 04:41:19PM] PLAYER_DIALOGUE [TIF__0208EEB2 <topic info 0408EEB2 on quest ths1_MasterQuest (040319F7)>] NPC_SPEAKER [Actor < (0408BC45)>]
[11/19/2012 - 04:41:25PM] PLAYER_FIGHT [Actor < (0408BC45)>] "Roman The Hero"
[11/19/2012 - 04:41:26PM] PLAYER_FIGHT None ""
[11/19/2012 - 04:41:31PM] PLAYER_ITEM_OBTAIN None "Ebony Shield"
[11/19/2012 - 04:41:33PM] PLAYER_ITEM_OBTAIN None "Ebony Mail"
[11/19/2012 - 04:41:34PM] PLAYER_ITEM_OBTAIN None "Ebony Boots"
[11/19/2012 - 04:41:34PM] PLAYER_ITEM_OBTAIN None "Ebony Gauntlets"
[11/19/2012 - 04:41:44PM] PLAYER_MOVE Run
[11/19/2012 - 04:41:45PM] PLAYER_TRIGGER_ENTER [ths1_TriggerEnterSCRIPT < (0408CD5A)>]
[11/19/2012 - 04:41:46PM] PLAYER_ACTOR_VIEW_GAIN [ObjectReference < (04089359)>] "Seamus"
[11/19/2012 - 04:41:47PM] PLAYER_TRIGGER_LEAVE [ths1_TriggerEnterSCRIPT < (0408CD5A)>]
[11/19/2012 - 04:41:47PM] PLAYER_TRIGGER_ENTER [ths1_TriggerEnterSCRIPT < (0408CD5A)>]
[11/19/2012 - 04:41:49PM] PLAYER_TRIGGER_LEAVE [ths1_TriggerEnterSCRIPT < (0408CD5A)>]
[11/19/2012 - 04:41:51PM] PLAYER_ACTOR_VIEW_LOSS [ObjectReference < (04089359)>] "Seamus"
[11/19/2012 - 04:41:52PM] PLAYER_ACTOR_VIEW_GAIN [ObjectReference < (04089359)>] "Seamus"
[11/19/2012 - 04:41:54PM] PLAYER_CELL_CHANGE [Cell <Wilderness (04085D44)>] ""
[11/19/2012 - 04:41:57PM] PLAYER_MOVE None
[11/19/2012 - 04:41:57PM] PLAYER_DIALOGUE [TIF__01013D2B <topic info 04013D2B on quest ths1_MissingDog (04009344)>] NPC_SPEAKER [Actor < (04089359)>]
[11/19/2012 - 04:42:00PM] QUEST_STAGE_CHANGE [ths1_MDQScript <ths1_MissingDog (04009344)>] "Missing Dog" 5
[11/19/2012 - 04:42:04PM] PLAYER_DIALOGUE [TIF__010180E7 <topic info 040180E7 on quest ths1_MissingDog (04009344)>] NPC_SPEAKER [Actor < (04089359)>]
[11/19/2012 - 04:42:06PM] PLAYER_DIALOGUE [TIF__01009353 <topic info 04009353 on quest ths1_MissingDog (04009344)>] NPC_SPEAKER [Actor < (04089359)>]
[11/19/2012 - 04:42:11PM] PLAYER_DIALOGUE [TIF__0103C9D0 <topic info 0403C9D0 on quest ths1_MissingDog (04009344)>] NPC_SPEAKER [Actor < (04089359)>]
[11/19/2012 - 04:42:16PM] PLAYER_DIALOGUE [TIF__0100DBB1 <topic info 0400DBB1 on quest ths1_MissingDog (04009344)>] NPC_SPEAKER [Actor < (04089359)>]
[11/19/2012 - 04:42:19PM] PLAYER_MOVE Run
[11/19/2012 - 04:42:20PM] PLAYER_ACTOR_VIEW_LOSS [ObjectReference < (04089359)>] "Seamus"
[11/19/2012 - 04:42:22PM] PLAYER_CELL_CHANGE [Cell <Wilderness (04085D42)>] ""
[11/19/2012 - 04:42:22PM] QUEST_STAGE_CHANGE [ths1_MDQScript <ths1_MissingDog (04009344)>] "Missing Dog" 10
[11/19/2012 - 04:42:23PM] PLAYER_ITEM_OBTAIN None "Purple Mountain Flower"
[11/19/2012 - 04:42:25PM] PLAYER_ITEM_OBTAIN None "Purple Mountain Flower"
[11/19/2012 - 04:42:27PM] PLAYER_ITEM_OBTAIN None "Purple Mountain Flower"
[11/19/2012 - 04:42:28PM] PLAYER_TRIGGER_ENTER [ths1_TriggerEnterSCRIPT < (0408C7AF)>]
[11/19/2012 - 04:42:31PM] PLAYER_TRIGGER_ENTER [ths1_TriggerEnterSCRIPT < (0408C7AE)>]
[11/19/2012 - 04:42:31PM] PLAYER_TRIGGER_LEAVE [ths1_TriggerEnterSCRIPT < (0408C7AF)>]
[11/19/2012 - 04:42:31PM] PLAYER_CELL_CHANGE [Cell <Wilderness (04085D4C)>] ""
[11/19/2012 - 04:42:33PM] PLAYER_TRIGGER_ENTER [ths1_TriggerEnterSCRIPT < (0408CDAD)>]
[11/19/2012 - 04:42:33PM] PLAYER_TRIGGER_LEAVE [ths1_TriggerEnterSCRIPT < (0408C7AE)>]
[11/19/2012 - 04:42:37PM] PLAYER_CELL_CHANGE [Cell <Wilderness (04085D4A)>] ""
[11/19/2012 - 04:42:40PM] PLAYER_TRIGGER_LEAVE [ths1_TriggerEnterSCRIPT < (0408CDAD)>]
[11/19/2012 - 04:42:42PM] PLAYER_TRIGGER_ENTER [ths1_TriggerEnterSCRIPT < (0408C7B0)>]
[11/19/2012 - 04:42:48PM] PLAYER_CELL_CHANGE [Cell <Wilderness (04085D4C)>] ""
[11/19/2012 - 04:42:52PM] PLAYER_ACTOR_VIEW_GAIN [ObjectReference < (04089359)>] "Seamus"
[11/19/2012 - 04:42:54PM] PLAYER_ACTOR_VIEW_LOSS [ObjectReference < (04089359)>] "Seamus"
[11/19/2012 - 04:42:54PM] PLAYER_TRIGGER_LEAVE [ths1_TriggerEnterSCRIPT < (0408C7B0)>]
[11/19/2012 - 04:42:57PM] PLAYER_ACTOR_VIEW_GAIN [ObjectReference < (04089359)>] "Seamus"
[11/19/2012 - 04:42:59PM] PLAYER_ACTOR_VIEW_LOSS [ObjectReference < (04089359)>] "Seamus"
[11/19/2012 - 04:43:00PM] PLAYER_TRIGGER_ENTER [ths1_TriggerEnterSCRIPT < (0408C7A7)>]
[11/19/2012 - 04:43:01PM] PLAYER_TRIGGER_LEAVE [ths1_TriggerEnterSCRIPT < (0408C7A7)>]
[11/19/2012 - 04:43:02PM] PLAYER_CELL_CHANGE [Cell <Wilderness (04085D34)>] ""
[11/19/2012 - 04:43:03PM] PLAYER_ACTOR_VIEW_GAIN [ObjectReference < (04089359)>] "Seamus"
[11/19/2012 - 04:43:03PM] PLAYER_TRIGGER_ENTER [ths1_TriggerEnterSCRIPT < (0408C7A7)>]
[11/19/2012 - 04:43:04PM] PLAYER_TRIGGER_LEAVE [ths1_TriggerEnterSCRIPT < (0408C7A7)>]
[11/19/2012 - 04:43:05PM] PLAYER_TRIGGER_ENTER [ths1_TriggerEnterSCRIPT < (0408CD5A)>]
[11/19/2012 - 04:43:06PM] PLAYER_ACTOR_VIEW_LOSS [ObjectReference < (04089359)>] "Seamus"
[11/19/2012 - 04:43:07PM] PLAYER_MOVE None
[11/19/2012 - 04:43:07PM] PLAYER_TRIGGER_LEAVE [ths1_TriggerEnterSCRIPT < (0408CD5A)>]
[11/19/2012 - 04:43:08PM] PLAYER_MOVE Run
[11/19/2012 - 04:43:09PM] PLAYER_ACTOR_VIEW_GAIN [ObjectReference < (04089359)>] "Seamus"
[11/19/2012 - 04:43:10PM] PLAYER_ACTOR_VIEW_LOSS [ObjectReference < (04089359)>] "Seamus"
[11/19/2012 - 04:43:11PM] PLAYER_CELL_CHANGE [Cell <Wilderness (04085D44)>] ""
[11/19/2012 - 04:43:16PM] PLAYER_TRIGGER_ENTER [ths1_TriggerEnterSCRIPT < (0408CD80)>]
[11/19/2012 - 04:43:19PM] PLAYER_CELL_CHANGE [Cell <Wilderness (04085D46)>] ""
[11/19/2012 - 04:43:33PM] PLAYER_CELL_CHANGE [Cell <Wilderness (04085D48)>] ""
[11/19/2012 - 04:43:33PM] PLAYER_TRIGGER_LEAVE [ths1_TriggerEnterSCRIPT < (0408CD80)>]
[11/19/2012 - 04:43:33PM] PLAYER_TRIGGER_ENTER [ths1_TriggerEnterSCRIPT < (0408CD81)>]
[11/19/2012 - 04:43:38PM] PLAYER_CELL_CHANGE [Cell <Wilderness (04085D50)>] ""
[11/19/2012 - 04:43:39PM] PLAYER_TRIGGER_LEAVE [ths1_TriggerEnterSCRIPT < (0408CD81)>]
[11/19/2012 - 04:43:40PM] PLAYER_TRIGGER_ENTER [ths1_TriggerEnterSCRIPT < (0408CD96)>]
[11/19/2012 - 04:43:51PM] PLAYER_MOVE None
[11/19/2012 - 04:43:52PM] PLAYER_TRIGGER_LEAVE [ths1_TriggerEnterSCRIPT < (0408CD96)>]
[11/19/2012 - 04:43:52PM] PLAYER_CELL_CHANGE [Cell <ths1_Cave3 (0402C9A7)>] "Cave"
[11/19/2012 - 04:43:53PM] PLAYER_MOVE Run
[11/19/2012 - 04:43:53PM] PLAYER_TRIGGER_ENTER [ths1_TriggerEnterSCRIPT < (04074E41)>]
[11/19/2012 - 04:43:54PM] PLAYER_TRIGGER_LEAVE [ths1_TriggerEnterSCRIPT < (04074E41)>]
[11/19/2012 - 04:43:54PM] PLAYER_TRIGGER_ENTER [ths1_SeamusCaveForceGreetSCRIPT <alias SeamusCaveForceGreetTrigALIAS on quest ths1_MissingDog (04009344)>] "SeamusCaveForceGreetTrigALIAS"
[11/19/2012 - 04:43:55PM] PLAYER_TRIGGER_LEAVE [ths1_SeamusCaveForceGreetSCRIPT <alias SeamusCaveForceGreetTrigALIAS on quest ths1_MissingDog (04009344)>] "SeamusCaveForceGreetTrigALIAS"
[11/19/2012 - 04:44:01PM] PLAYER_TRIGGER_ENTER [ths1_TriggerEnterSCRIPT < (04074E42)>]
[11/19/2012 - 04:44:01PM] PLAYER_FIGHT None ""
[11/19/2012 - 04:44:01PM] PLAYER_TRIGGER_LEAVE [ths1_TriggerEnterSCRIPT < (04074E42)>]
[11/19/2012 - 04:44:02PM] PLAYER_FIGHT [Actor < (04041C6E)>] "Cultist Soldier"
[11/19/2012 - 04:44:03PM] PLAYER_FIGHT None ""
[11/19/2012 - 04:44:03PM] PLAYER_MOVE None
[11/19/2012 - 04:44:04PM] PLAYER_POV_CHANGE THIRD_PERSON
[11/19/2012 - 04:44:04PM] PLAYER_FIGHT None ""
[11/19/2012 - 04:44:05PM] PLAYER_FIGHT None ""
[11/19/2012 - 04:44:06PM] PLAYER_FIGHT None ""
[11/19/2012 - 04:44:08PM] PLAYER_POV_CHANGE FIRST_PERSON
[11/19/2012 - 04:44:10PM] PLAYER_MOVE Run
[11/19/2012 - 04:44:14PM] PLAYER_TRIGGER_ENTER [ths1_TriggerEnterSCRIPT < (04074E46)>]
[11/19/2012 - 04:44:15PM] PLAYER_TRIGGER_LEAVE [ths1_TriggerEnterSCRIPT < (04074E46)>]
[11/19/2012 - 04:44:19PM] PLAYER_TRIGGER_ENTER [ths1_TriggerEnterSCRIPT < (04074E48)>]
[11/19/2012 - 04:44:19PM] PLAYER_ACTOR_VIEW_GAIN [ObjectReference < (0402DCC8)>] "Scruff"
[11/19/2012 - 04:44:20PM] PLAYER_TRIGGER_LEAVE [ths1_TriggerEnterSCRIPT < (04074E48)>]
[11/19/2012 - 04:44:26PM] PLAYER_ACTOR_VIEW_LOSS [ObjectReference < (0402DCC8)>] "Scruff"
[11/19/2012 - 04:44:26PM] PLAYER_MOVE None
[11/19/2012 - 04:44:31PM] PLAYER_POV_CHANGE THIRD_PERSON
[11/19/2012 - 04:44:33PM] PLAYER_ACTOR_VIEW_GAIN [ObjectReference < (0402DCC8)>] "Scruff"
[11/19/2012 - 04:44:37PM] PLAYER_ACTOR_VIEW_LOSS [ObjectReference < (0402DCC8)>] "Scruff"
[11/19/2012 - 04:44:38PM] PLAYER_POV_CHANGE FIRST_PERSON
[11/19/2012 - 04:44:42PM] PLAYER_ITEM_OBTAIN None "Dog Cage Key"
[11/19/2012 - 04:44:45PM] PLAYER_ACTOR_VIEW_GAIN [ObjectReference < (0402DCC8)>] "Scruff"
[11/19/2012 - 04:44:47PM] PLAYER_DOOR_OPEN [ths1_MDQRescueDogScript <alias ths1_DogCageDoorAlias on quest ths1_MissingDog (04009344)>] "ths1_DogCageDoorAlias"
[11/19/2012 - 04:44:47PM] QUEST_STAGE_CHANGE [ths1_MDQScript <ths1_MissingDog (04009344)>] "Missing Dog" 30
[11/19/2012 - 04:44:50PM] PLAYER_DIALOGUE [TIF__01024EEA <topic info 04024EEA on quest ths1_MissingDog (04009344)>] NPC_SPEAKER [Actor < (0402DCC8)>]
[11/19/2012 - 04:44:53PM] PLAYER_MOVE Run
[11/19/2012 - 04:44:53PM] PLAYER_TRIGGER_ENTER [ths1_TriggerEnterSCRIPT < (04074E4D)>]
[11/19/2012 - 04:44:54PM] PLAYER_MOVE None
[11/19/2012 - 04:44:54PM] PLAYER_ACTOR_VIEW_LOSS [ObjectReference < (0402DCC8)>] "Scruff"
[11/19/2012 - 04:44:57PM] PLAYER_ACTOR_VIEW_GAIN [ObjectReference < (0402DCC8)>] "Scruff"
[11/19/2012 - 04:44:58PM] PLAYER_TRIGGER_LEAVE [ths1_TriggerEnterSCRIPT < (04074E4D)>]
[11/19/2012 - 04:45:01PM] PLAYER_DIALOGUE [TIF__01024EE7 <topic info 04024EE7 on quest ths1_MissingDog (04009344)>] NPC_SPEAKER [Actor < (0402DCC8)>]
[11/19/2012 - 04:45:04PM] PLAYER_MOVE Run
[11/19/2012 - 04:45:04PM] PLAYER_TRIGGER_ENTER [ths1_TriggerEnterSCRIPT < (04074E4D)>]
[11/19/2012 - 04:45:04PM] PLAYER_ACTOR_VIEW_LOSS [ObjectReference < (0402DCC8)>] "Scruff"
[11/19/2012 - 04:45:05PM] PLAYER_TRIGGER_LEAVE [ths1_TriggerEnterSCRIPT < (04074E4D)>]
[11/19/2012 - 04:45:05PM] PLAYER_TRIGGER_ENTER [ths1_TriggerEnterSCRIPT < (04074E49)>]
[11/19/2012 - 04:45:05PM] PLAYER_TRIGGER_LEAVE [ths1_TriggerEnterSCRIPT < (04074E49)>]
[11/19/2012 - 04:45:06PM] PLAYER_MOVE None
[11/19/2012 - 04:45:08PM] PLAYER_MOVE Run
[11/19/2012 - 04:45:09PM] PLAYER_MOVE None
[11/19/2012 - 04:45:11PM] PLAYER_TRIGGER_ENTER [ths1_TriggerEnterSCRIPT < (04074E4A)>]
[11/19/2012 - 04:45:15PM] PLAYER_MOVE Run
[11/19/2012 - 04:45:15PM] PLAYER_TRIGGER_LEAVE [ths1_TriggerEnterSCRIPT < (04074E4A)>]
[11/19/2012 - 04:45:16PM] PLAYER_MOVE None
[11/19/2012 - 04:45:17PM] PLAYER_MOVE Run
[11/19/2012 - 04:45:17PM] PLAYER_TRIGGER_ENTER [ths1_TriggerEnterSCRIPT < (04074E49)>]
[11/19/2012 - 04:45:18PM] PLAYER_MOVE None
[11/19/2012 - 04:45:19PM] PLAYER_ACTOR_VIEW_GAIN [ObjectReference < (0402DCC8)>] "Scruff"
[11/19/2012 - 04:45:20PM] PLAYER_TRIGGER_LEAVE [ths1_TriggerEnterSCRIPT < (04074E49)>]
[11/19/2012 - 04:45:20PM] PLAYER_MOVE Run
[11/19/2012 - 04:45:21PM] PLAYER_TRIGGER_ENTER [ths1_TriggerEnterSCRIPT < (04074E4A)>]
[11/19/2012 - 04:45:21PM] PLAYER_ACTOR_VIEW_LOSS [ObjectReference < (0402DCC8)>] "Scruff"
[11/19/2012 - 04:45:21PM] PLAYER_TRIGGER_LEAVE [ths1_TriggerEnterSCRIPT < (04074E4A)>]
[11/19/2012 - 04:45:21PM] PLAYER_TRIGGER_ENTER [ths1_TriggerEnterSCRIPT < (04074E4B)>]
[11/19/2012 - 04:45:22PM] PLAYER_TRIGGER_LEAVE [ths1_TriggerEnterSCRIPT < (04074E4B)>]
[11/19/2012 - 04:45:23PM] PLAYER_TRIGGER_ENTER [ths1_TriggerEnterSCRIPT < (04074E4C)>]
[11/19/2012 - 04:45:23PM] PLAYER_TRIGGER_LEAVE [ths1_TriggerEnterSCRIPT < (04074E4C)>]
[11/19/2012 - 04:45:23PM] PLAYER_TRIGGER_ENTER [ths1_TriggerEnterSCRIPT < (04074E40)>]
[11/19/2012 - 04:45:24PM] PLAYER_MOVE None
[11/19/2012 - 04:45:26PM] PLAYER_TRIGGER_ENTER [ths1_TriggerEnterSCRIPT < (0408C7B0)>]
[11/19/2012 - 04:45:26PM] PLAYER_TRIGGER_ENTER [ths1_TriggerEnterSCRIPT < (0408C7BF)>]
[11/19/2012 - 04:45:26PM] PLAYER_TRIGGER_LEAVE [ths1_TriggerEnterSCRIPT < (04074E40)>]
[11/19/2012 - 04:45:26PM] PLAYER_CELL_CHANGE [Cell <Wilderness (04085D52)>] ""
[11/19/2012 - 04:45:26PM] PLAYER_WORLDSPACE_CHANGE [WorldSpace <ths1_Town (04085D17)>] "Town"
[11/19/2012 - 04:45:27PM] PLAYER_ACTOR_VIEW_GAIN [ObjectReference < (0402DCC8)>] "Scruff"
[11/19/2012 - 04:45:28PM] PLAYER_MOVE Run
[11/19/2012 - 04:45:29PM] PLAYER_MOVE None
[11/19/2012 - 04:45:29PM] PLAYER_ACTOR_VIEW_LOSS [ObjectReference < (0402DCC8)>] "Scruff"
[11/19/2012 - 04:45:29PM] PLAYER_TRIGGER_LEAVE [ths1_TriggerEnterSCRIPT < (0408C7BF)>]
[11/19/2012 - 04:45:30PM] PLAYER_TRIGGER_ENTER [ths1_TriggerEnterSCRIPT < (0408C7BF)>]
[11/19/2012 - 04:45:32PM] PLAYER_MOVE Run
[11/19/2012 - 04:45:32PM] PLAYER_CELL_CHANGE [Cell <Wilderness (04085D4A)>] ""
[11/19/2012 - 04:45:32PM] PLAYER_TRIGGER_LEAVE [ths1_TriggerEnterSCRIPT < (0408C7BF)>]
[11/19/2012 - 04:45:34PM] PLAYER_ACTOR_VIEW_GAIN [ObjectReference < (0402DCC8)>] "Scruff"
[11/19/2012 - 04:45:36PM] PLAYER_ACTOR_VIEW_LOSS [ObjectReference < (0402DCC8)>] "Scruff"
[11/19/2012 - 04:45:37PM] PLAYER_CELL_CHANGE [Cell <Wilderness (04085D4C)>] ""
[11/19/2012 - 04:45:37PM] PLAYER_TRIGGER_LEAVE [ths1_TriggerEnterSCRIPT < (0408C7B0)>]
[11/19/2012 - 04:45:38PM] PLAYER_TRIGGER_ENTER [ths1_TriggerEnterSCRIPT < (0408CDAD)>]
[11/19/2012 - 04:45:41PM] PLAYER_ACTOR_VIEW_GAIN [ObjectReference < (04039836)>] "Kitty"
[11/19/2012 - 04:45:41PM] PLAYER_TRIGGER_LEAVE [ths1_TriggerEnterSCRIPT < (0408CDAD)>]
[11/19/2012 - 04:45:43PM] PLAYER_ACTOR_VIEW_LOSS [ObjectReference < (04039836)>] "Kitty"
[11/19/2012 - 04:45:44PM] PLAYER_ACTOR_VIEW_GAIN [ObjectReference < (0402DCC8)>] "Scruff"
[11/19/2012 - 04:45:44PM] PLAYER_ACTOR_VIEW_GAIN [ObjectReference < (04089359)>] "Seamus"
[11/19/2012 - 04:45:45PM] PLAYER_ACTOR_VIEW_LOSS [ObjectReference < (0402DCC8)>] "Scruff"
[11/19/2012 - 04:45:45PM] PLAYER_ACTOR_VIEW_LOSS [ObjectReference < (04089359)>] "Seamus"
[11/19/2012 - 04:45:48PM] PLAYER_TRIGGER_ENTER [ths1_TriggerEnterSCRIPT < (0408C7AA)>]
[11/19/2012 - 04:45:50PM] PLAYER_TRIGGER_LEAVE [ths1_TriggerEnterSCRIPT < (0408C7AA)>]
[11/19/2012 - 04:45:52PM] PLAYER_TRIGGER_ENTER [ths1_TriggerEnterSCRIPT < (0408C7AA)>]
[11/19/2012 - 04:45:53PM] PLAYER_MOVE None
[11/19/2012 - 04:45:59PM] PLAYER_TRIGGER_LEAVE [ths1_TriggerEnterSCRIPT < (0408C7AA)>]
[11/19/2012 - 04:45:59PM] PLAYER_CELL_CHANGE [Cell <ths1_TempleInterior (04019CC3)>] "Town Temple"
[11/19/2012 - 04:46:05PM] PLAYER_MOVE Run
[11/19/2012 - 04:46:06PM] PLAYER_TRIGGER_ENTER [ths1_TriggerEnterSCRIPT < (04074E62)>]
[11/19/2012 - 04:46:06PM] PLAYER_TRIGGER_LEAVE [ths1_TriggerEnterSCRIPT < (04074E62)>]
[11/19/2012 - 04:46:07PM] PLAYER_MOVE None
[11/19/2012 - 04:46:08PM] PLAYER_DIALOGUE [TIF__0106B44A <topic info 0406B44A on quest ths1_BarrianBookQuest (0404540C)>] NPC_SPEAKER [Actor < (040371D2)>]
[11/19/2012 - 04:46:11PM] PLAYER_DIALOGUE [TIF__020826E9 <topic info 040826E9 on quest ths1_BarrianBookQuest (0404540C)>] NPC_SPEAKER [Actor < (040371D2)>]
[11/19/2012 - 04:46:14PM] PLAYER_DIALOGUE [TIF__01045418 <topic info 04045418 on quest ths1_BarrianBookQuest (0404540C)>] NPC_SPEAKER [Actor < (040371D2)>]
[11/19/2012 - 04:46:18PM] QUEST_STAGE_CHANGE [ths1_BBQScript <ths1_BarrianBookQuest (0404540C)>] "'What's That You're Reading, Barrian?'" 10
[11/19/2012 - 04:46:19PM] PLAYER_DIALOGUE [TIF__020826E6 <topic info 040826E6 on quest ths1_BarrianBookQuest (0404540C)>] NPC_SPEAKER [Actor < (040371D2)>]
[11/19/2012 - 04:46:25PM] PLAYER_MOVE Run
[11/19/2012 - 04:46:26PM] PLAYER_MOVE None
[11/19/2012 - 04:46:28PM] PLAYER_MOVE Run
[11/19/2012 - 04:46:28PM] PLAYER_MOVE None
[11/19/2012 - 04:46:32PM] PLAYER_DIALOGUE [TIF__010469EA <topic info 040469EA on quest ths1_BarrianBookQuest (0404540C)>] NPC_SPEAKER [Actor < (040371CF)>]
[11/19/2012 - 04:46:35PM] PLAYER_DIALOGUE [TIF__010469ED <topic info 040469ED on quest ths1_BarrianBookQuest (0404540C)>] NPC_SPEAKER [Actor < (040371CF)>]
[11/19/2012 - 04:46:40PM] PLAYER_DIALOGUE [TIF__01048094 <topic info 04048094 on quest ths1_BarrianBookQuest (0404540C)>] NPC_SPEAKER [Actor < (040371CF)>]
[11/19/2012 - 04:46:44PM] PLAYER_MOVE Run
[11/19/2012 - 04:46:45PM] PLAYER_MOVE None
[11/19/2012 - 04:46:46PM] PLAYER_BOOK_READ [ths1_BBQJokeBookReadScript <alias JokeBook1 on quest ths1_BarrianBookQuest (0404540C)>] JokeBook1
[11/19/2012 - 04:46:47PM] PLAYER_ITEM_OBTAIN [ObjectReference < (040371D9)>] "Book of Jokes"
[11/19/2012 - 04:46:49PM] QUEST_STAGE_CHANGE [ths1_BBQScript <ths1_BarrianBookQuest (0404540C)>] "'What's That You're Reading, Barrian?'" 20
[11/19/2012 - 04:46:56PM] PLAYER_BOOK_READ [ths1_BBQJokeBookReadScript <alias JokeBook1 on quest ths1_BarrianBookQuest (0404540C)>] JokeBook1
[11/19/2012 - 04:47:05PM] PLAYER_MOVE Run
[11/19/2012 - 04:47:06PM] PLAYER_MOVE None
[11/19/2012 - 04:47:10PM] PLAYER_MOVE Run
[11/19/2012 - 04:47:11PM] PLAYER_MOVE None
[11/19/2012 - 04:47:14PM] PLAYER_DIALOGUE [TIF__0104BD93 <topic info 0404BD93 on quest ths1_BarrianBookQuest (0404540C)>] NPC_SPEAKER [Actor < (040371CF)>]
[11/19/2012 - 04:47:17PM] PLAYER_DIALOGUE [TIF__0104BD97 <topic info 0404BD97 on quest ths1_BarrianBookQuest (0404540C)>] NPC_SPEAKER [Actor < (040371CF)>]
[11/19/2012 - 04:47:22PM] PLAYER_MOVE Run
[11/19/2012 - 04:47:24PM] PLAYER_MOVE None
[11/19/2012 - 04:47:25PM] PLAYER_MOVE Run
[11/19/2012 - 04:47:27PM] PLAYER_MOVE None
[11/19/2012 - 04:47:30PM] PLAYER_DIALOGUE [TIF__02074354 <topic info 04074354 on quest ths1_BarrianBookQuest (0404540C)>] NPC_SPEAKER [Actor < (040371CE)>]
[11/19/2012 - 04:47:34PM] PLAYER_MOVE Run
[11/19/2012 - 04:47:35PM] PLAYER_TRIGGER_ENTER [ths1_TriggerEnterSCRIPT < (04074E62)>]
[11/19/2012 - 04:47:35PM] PLAYER_MOVE None
[11/19/2012 - 04:47:36PM] PLAYER_TRIGGER_LEAVE [ths1_TriggerEnterSCRIPT < (04074E62)>]
[11/19/2012 - 04:47:37PM] PLAYER_TRIGGER_ENTER [ths1_TriggerEnterSCRIPT < (04074E62)>]
[11/19/2012 - 04:47:37PM] PLAYER_TRIGGER_ENTER [ths1_TriggerEnterSCRIPT < (04074E63)>]
[11/19/2012 - 04:47:38PM] PLAYER_TRIGGER_LEAVE [ths1_TriggerEnterSCRIPT < (04074E62)>]
[11/19/2012 - 04:47:38PM] PLAYER_TRIGGER_LEAVE [ths1_TriggerEnterSCRIPT < (04074E63)>]
[11/19/2012 - 04:47:39PM] PLAYER_MOVE Run
[11/19/2012 - 04:47:40PM] PLAYER_TRIGGER_ENTER [ths1_TriggerEnterSCRIPT < (04074E64)>]
[11/19/2012 - 04:47:40PM] PLAYER_TRIGGER_LEAVE [ths1_TriggerEnterSCRIPT < (04074E64)>]
[11/19/2012 - 04:47:42PM] PLAYER_MOVE None
[11/19/2012 - 04:47:43PM] PLAYER_TRIGGER_ENTER [ths1_TriggerEnterSCRIPT < (04074E67)>]
[11/19/2012 - 04:47:44PM] PLAYER_MOVE Run
[11/19/2012 - 04:47:44PM] PLAYER_TRIGGER_LEAVE [ths1_TriggerEnterSCRIPT < (04074E67)>]
[11/19/2012 - 04:47:44PM] PLAYER_TRIGGER_ENTER [ths1_TriggerEnterSCRIPT < (04074E68)>]
[11/19/2012 - 04:47:44PM] PLAYER_TRIGGER_LEAVE [ths1_TriggerEnterSCRIPT < (04074E68)>]
[11/19/2012 - 04:47:45PM] PLAYER_MOVE None
[11/19/2012 - 04:47:46PM] PLAYER_MOVE Run
[11/19/2012 - 04:47:47PM] PLAYER_TRIGGER_ENTER [ths1_TriggerEnterSCRIPT < (04074E68)>]
[11/19/2012 - 04:47:48PM] PLAYER_TRIGGER_LEAVE [ths1_TriggerEnterSCRIPT < (04074E68)>]
[11/19/2012 - 04:47:48PM] PLAYER_TRIGGER_ENTER [ths1_TriggerEnterSCRIPT < (04074E68)>]
[11/19/2012 - 04:47:48PM] PLAYER_TRIGGER_ENTER [ths1_TriggerEnterSCRIPT < (04074E67)>]
[11/19/2012 - 04:47:48PM] PLAYER_TRIGGER_LEAVE [ths1_TriggerEnterSCRIPT < (04074E68)>]
[11/19/2012 - 04:47:49PM] PLAYER_TRIGGER_LEAVE [ths1_TriggerEnterSCRIPT < (04074E67)>]
[11/19/2012 - 04:47:49PM] PLAYER_TRIGGER_ENTER [ths1_TriggerEnterSCRIPT < (04074E65)>]
[11/19/2012 - 04:47:50PM] PLAYER_MOVE None
[11/19/2012 - 04:47:51PM] PLAYER_TRIGGER_ENTER [ths1_TriggerEnterSCRIPT < (04074E66)>]
[11/19/2012 - 04:47:51PM] PLAYER_TRIGGER_LEAVE [ths1_TriggerEnterSCRIPT < (04074E65)>]
[11/19/2012 - 04:47:51PM] PLAYER_TRIGGER_LEAVE [ths1_TriggerEnterSCRIPT < (04074E66)>]
[11/19/2012 - 04:47:52PM] PLAYER_TRIGGER_ENTER [ths1_TriggerEnterSCRIPT < (04074E66)>]
[11/19/2012 - 04:47:52PM] PLAYER_TRIGGER_ENTER [ths1_TriggerEnterSCRIPT < (04074E65)>]
[11/19/2012 - 04:47:52PM] PLAYER_TRIGGER_LEAVE [ths1_TriggerEnterSCRIPT < (04074E66)>]
[11/19/2012 - 04:47:52PM] PLAYER_MOVE Run
[11/19/2012 - 04:47:53PM] PLAYER_TRIGGER_LEAVE [ths1_TriggerEnterSCRIPT < (04074E65)>]
[11/19/2012 - 04:47:54PM] PLAYER_TRIGGER_ENTER [ths1_TriggerEnterSCRIPT < (04074E64)>]
[11/19/2012 - 04:47:55PM] PLAYER_TRIGGER_LEAVE [ths1_TriggerEnterSCRIPT < (04074E64)>]
[11/19/2012 - 04:47:56PM] PLAYER_TRIGGER_ENTER [ths1_TriggerEnterSCRIPT < (04074E63)>]
[11/19/2012 - 04:47:56PM] PLAYER_TRIGGER_ENTER [ths1_TriggerEnterSCRIPT < (04074E62)>]
[11/19/2012 - 04:47:57PM] PLAYER_TRIGGER_LEAVE [ths1_TriggerEnterSCRIPT < (04074E63)>]
[11/19/2012 - 04:47:57PM] PLAYER_TRIGGER_LEAVE [ths1_TriggerEnterSCRIPT < (04074E62)>]
[11/19/2012 - 04:47:59PM] PLAYER_TRIGGER_ENTER [ths1_TriggerEnterSCRIPT < (04074E69)>]
[11/19/2012 - 04:47:59PM] PLAYER_TRIGGER_ENTER [ths1_TriggerEnterSCRIPT < (04074E6A)>]
[11/19/2012 - 04:47:59PM] PLAYER_TRIGGER_LEAVE [ths1_TriggerEnterSCRIPT < (04074E69)>]
[11/19/2012 - 04:47:59PM] PLAYER_TRIGGER_LEAVE [ths1_TriggerEnterSCRIPT < (04074E6A)>]
[11/19/2012 - 04:48:00PM] PLAYER_MOVE None
[11/19/2012 - 04:48:02PM] PLAYER_DIALOGUE [TIF__0106B44A <topic info 0406B44A on quest ths1_BarrianBookQuest (0404540C)>] NPC_SPEAKER [Actor < (040371D2)>]
[11/19/2012 - 04:48:04PM] PLAYER_DIALOGUE [TIF__020826E9 <topic info 040826E9 on quest ths1_BarrianBookQuest (0404540C)>] NPC_SPEAKER [Actor < (040371D2)>]
[11/19/2012 - 04:48:16PM] PLAYER_DIALOGUE [TIF__0106B447 <topic info 0406B447 on quest ths1_BarrianBookQuest (0404540C)>] NPC_SPEAKER [Actor < (040371D2)>]
[11/19/2012 - 04:48:22PM] PLAYER_ITEM_REMOVED [ObjectReference < (040371D9)>] "Book of Jokes" COUNT 1 CONTAINER [ObjectReference < (040371D2)>]
[11/19/2012 - 04:48:23PM] QUEST_STAGE_CHANGE [ths1_BBQScript <ths1_BarrianBookQuest (0404540C)>] "'What's That You're Reading, Barrian?'" 40
[11/19/2012 - 04:48:23PM] QUEST_COMPLETED [ths1_BBQScript <ths1_BarrianBookQuest (0404540C)>]  "'What's That You're Reading, Barrian?'"
[11/19/2012 - 04:48:27PM] PLAYER_TRIGGER_ENTER [ths1_TriggerEnterSCRIPT < (04074E6A)>]
[11/19/2012 - 04:48:27PM] PLAYER_TRIGGER_ENTER [ths1_TriggerEnterSCRIPT < (04074E69)>]
[11/19/2012 - 04:48:27PM] PLAYER_TRIGGER_LEAVE [ths1_TriggerEnterSCRIPT < (04074E6A)>]
[11/19/2012 - 04:48:27PM] PLAYER_TRIGGER_LEAVE [ths1_TriggerEnterSCRIPT < (04074E69)>]
[11/19/2012 - 04:48:27PM] PLAYER_MOVE Run
[11/19/2012 - 04:48:31PM] PLAYER_MOVE None
[11/19/2012 - 04:48:33PM] PLAYER_ACTOR_VIEW_GAIN [ObjectReference < (04089359)>] "Seamus"
[11/19/2012 - 04:48:34PM] PLAYER_CELL_CHANGE [Cell <Wilderness (04085D4C)>] ""
[11/19/2012 - 04:48:34PM] PLAYER_WORLDSPACE_CHANGE [WorldSpace <ths1_Town (04085D17)>] "Town"
[11/19/2012 - 04:48:35PM] PLAYER_TRIGGER_ENTER [ths1_TriggerEnterSCRIPT < (0408C7AA)>]
[11/19/2012 - 04:48:35PM] PLAYER_MOVE Run
[11/19/2012 - 04:48:36PM] PLAYER_MOVE None
[11/19/2012 - 04:48:37PM] PLAYER_MOVE Run
[11/19/2012 - 04:48:37PM] PLAYER_TRIGGER_LEAVE [ths1_TriggerEnterSCRIPT < (0408C7AA)>]
[11/19/2012 - 04:48:37PM] PLAYER_TRIGGER_ENTER [ths1_TriggerEnterSCRIPT < (0408C7A8)>]
[11/19/2012 - 04:48:37PM] PLAYER_TRIGGER_LEAVE [ths1_TriggerEnterSCRIPT < (0408C7A8)>]
[11/19/2012 - 04:48:41PM] PLAYER_CELL_CHANGE [Cell <Wilderness (04085D42)>] ""
[11/19/2012 - 04:48:43PM] PLAYER_CELL_CHANGE [Cell <Wilderness (04085D44)>] ""
[11/19/2012 - 04:48:46PM] PLAYER_MOVE None
[11/19/2012 - 04:48:48PM] PLAYER_DIALOGUE [TIF__01020CBB <topic info 04020CBB on quest ths1_MissingDog (04009344)>] NPC_SPEAKER [Actor < (04089359)>]
[11/19/2012 - 04:48:51PM] QUEST_STAGE_CHANGE [ths1_MDQScript <ths1_MissingDog (04009344)>] "Missing Dog" 40
[11/19/2012 - 04:48:51PM] QUEST_COMPLETED [ths1_MDQScript <ths1_MissingDog (04009344)>] "Missing Dog"
[11/19/2012 - 04:48:51PM] PLAYER_DIALOGUE [TIF__01063CC8 <topic info 04063CC8 on quest ths1_MissingDog (04009344)>] NPC_SPEAKER [Actor < (04089359)>]
[11/19/2012 - 04:48:54PM] PLAYER_MOVE Run
[11/19/2012 - 04:48:54PM] PLAYER_ACTOR_VIEW_LOSS [ObjectReference < (04089359)>] "Seamus"
[11/19/2012 - 04:48:57PM] PLAYER_CELL_CHANGE [Cell <Wilderness (04085D42)>] ""
[11/19/2012 - 04:48:58PM] PLAYER_ITEM_OBTAIN None "Purple Mountain Flower"
[11/19/2012 - 04:48:59PM] PLAYER_ITEM_OBTAIN None "Purple Mountain Flower"
[11/19/2012 - 04:49:08PM] PLAYER_TRIGGER_ENTER [ths1_TriggerEnterSCRIPT < (0408C7AB)>]
[11/19/2012 - 04:49:08PM] PLAYER_MOVE None
[11/19/2012 - 04:49:09PM] PLAYER_ACTOR_VIEW_LOSS [ObjectReference < (04089359)>] "Seamus"
[11/19/2012 - 04:49:09PM] PLAYER_ACTOR_VIEW_LOSS [ObjectReference < (04089359)>] "Seamus"
[11/19/2012 - 04:49:10PM] PLAYER_TRIGGER_LEAVE [ths1_TriggerEnterSCRIPT < (0408C7AB)>]
[11/19/2012 - 04:49:10PM] PLAYER_MOVE Run
[11/19/2012 - 04:49:12PM] PLAYER_TRIGGER_ENTER [ths1_TriggerEnterSCRIPT < (0408C7AB)>]
[11/19/2012 - 04:49:12PM] PLAYER_TRIGGER_LEAVE [ths1_TriggerEnterSCRIPT < (0408C7AB)>]
[11/19/2012 - 04:49:12PM] PLAYER_TRIGGER_ENTER [ths1_TriggerEnterSCRIPT < (0408C7AE)>]
[11/19/2012 - 04:49:15PM] PLAYER_CELL_CHANGE [Cell <Wilderness (04085D40)>] ""
[11/19/2012 - 04:49:17PM] PLAYER_MOVE None
[11/19/2012 - 04:49:24PM] PLAYER_MOVE Run
[11/19/2012 - 04:49:26PM] PLAYER_TRIGGER_LEAVE [ths1_TriggerEnterSCRIPT < (0408C7AE)>]
[11/19/2012 - 04:49:26PM] PLAYER_TRIGGER_ENTER [ths1_TriggerEnterSCRIPT < (0408CDAD)>]
[11/19/2012 - 04:49:27PM] PLAYER_CELL_CHANGE [Cell <Wilderness (04085D4C)>] ""
[11/19/2012 - 04:49:27PM] PLAYER_CELL_CHANGE [Cell <Wilderness (04085D4A)>] ""
[11/19/2012 - 04:49:30PM] PLAYER_TRIGGER_LEAVE [ths1_TriggerEnterSCRIPT < (0408CDAD)>]
[11/19/2012 - 04:49:39PM] PLAYER_TRIGGER_ENTER [ths1_TriggerEnterSCRIPT < (0408C7C0)>]
[11/19/2012 - 04:49:41PM] PLAYER_MOVE None
[11/19/2012 - 04:49:49PM] PLAYER_TRIGGER_ENTER [ths1_TriggerEnterSCRIPT < (040748BF)>]
[11/19/2012 - 04:49:49PM] PLAYER_TRIGGER_LEAVE [ths1_TriggerEnterSCRIPT < (0408C7C0)>]
[11/19/2012 - 04:49:49PM] PLAYER_CELL_CHANGE [Cell <ths1_MuseumInterior (04044D5A)>] "Bubbsey's Oddity Emporium"
[11/19/2012 - 04:49:53PM] PLAYER_TRIGGER_LEAVE [ths1_TriggerEnterSCRIPT < (040748BF)>]
[11/19/2012 - 04:49:53PM] PLAYER_TRIGGER_ENTER [ths1_TriggerEnterSCRIPT < (040748CB)>]
[11/19/2012 - 04:49:56PM] PLAYER_TRIGGER_LEAVE [ths1_TriggerEnterSCRIPT < (040748CB)>]
[11/19/2012 - 04:49:56PM] PLAYER_MOVE Run
[11/19/2012 - 04:49:58PM] PLAYER_MOVE None
[11/19/2012 - 04:49:59PM] PLAYER_DIALOGUE [TIF__01064239 <topic info 04064239 on quest ths1_CaptiveOrc (0401A9F8)>] NPC_SPEAKER [Actor < (04049751)>]
[11/19/2012 - 04:50:01PM] PLAYER_DIALOGUE [TIF__0103F01B <topic info 0403F01B on quest ths1_CaptiveOrc (0401A9F8)>] NPC_SPEAKER [Actor < (04049751)>]
[11/19/2012 - 04:50:02PM] QUEST_STAGE_CHANGE [ths1_CaptiveOrcQuestSCRIPT <ths1_CaptiveOrc (0401A9F8)>] "The Museum Attraction" 3
[11/19/2012 - 04:50:14PM] PLAYER_DIALOGUE [TIF__0103F01D <topic info 0403F01D on quest ths1_CaptiveOrc (0401A9F8)>] NPC_SPEAKER [Actor < (04049751)>]
[11/19/2012 - 04:50:18PM] PLAYER_MOVE Run
[11/19/2012 - 04:50:19PM] PLAYER_MOVE None
[11/19/2012 - 04:50:22PM] PLAYER_MOVE Run
[11/19/2012 - 04:50:23PM] PLAYER_MOVE None
[11/19/2012 - 04:50:27PM] PLAYER_MOVE Run
[11/19/2012 - 04:50:29PM] PLAYER_MOVE None
[11/19/2012 - 04:50:30PM] PLAYER_MOVE Run
[11/19/2012 - 04:50:32PM] PLAYER_MOVE None
[11/19/2012 - 04:50:37PM] PLAYER_ITEM_OBTAIN None "Orc Cage Key"
[11/19/2012 - 04:50:38PM] PLAYER_MOVE Run
[11/19/2012 - 04:50:38PM] PLAYER_TRIGGER_ENTER [ths1_TriggerEnterSCRIPT < (040748D4)>]
[11/19/2012 - 04:50:40PM] PLAYER_MOVE None
[11/19/2012 - 04:50:42PM] PLAYER_MOVE Run
[11/19/2012 - 04:50:42PM] PLAYER_TRIGGER_LEAVE [ths1_TriggerEnterSCRIPT < (040748D4)>]
[11/19/2012 - 04:50:43PM] PLAYER_MOVE None
[11/19/2012 - 04:50:45PM] QUEST_STAGE_CHANGE [ths1_CaptiveOrcQuestSCRIPT <ths1_CaptiveOrc (0401A9F8)>] "The Museum Attraction" 5
[11/19/2012 - 04:50:45PM] ACTOR_DOOR_OPEN [ObjectReference < (00000014)>] "Researcher" : [ths1_MuseumHiddenDoorSCRIPT <alias MuseumHiddenDoor on quest ths1_CaptiveOrc (0401A9F8)>] "MuseumHiddenDoor"
[11/19/2012 - 04:50:48PM] PLAYER_MOVE Run
[11/19/2012 - 04:50:48PM] PLAYER_TRIGGER_ENTER [ths1_TriggerEnterSCRIPT < (040748D5)>]
[11/19/2012 - 04:50:49PM] PLAYER_MOVE None
[11/19/2012 - 04:50:50PM] PLAYER_TRIGGER_LEAVE [ths1_TriggerEnterSCRIPT < (040748D5)>]
[11/19/2012 - 04:50:50PM] PLAYER_MOVE Run
[11/19/2012 - 04:50:52PM] PLAYER_TRIGGER_ENTER [ths1_NearOrcCageTrigScript <alias NearMuseumOrcCageTrigALIAS on quest ths1_CaptiveOrc (0401A9F8)>]
[11/19/2012 - 04:50:52PM] QUEST_STAGE_CHANGE [ths1_CaptiveOrcQuestSCRIPT <ths1_CaptiveOrc (0401A9F8)>] "The Museum Attraction" 10
[11/19/2012 - 04:50:54PM] PLAYER_MOVE None
[11/19/2012 - 04:51:00PM] PLAYER_DIALOGUE [TIF__0101A9FC <topic info 0401A9FC on quest ths1_CaptiveOrc (0401A9F8)>] NPC_SPEAKER [Actor < (040491E3)>]
[11/19/2012 - 04:51:04PM] PLAYER_DIALOGUE [TIF__0101AF69 <topic info 0401AF69 on quest ths1_CaptiveOrc (0401A9F8)>] NPC_SPEAKER [Actor < (040491E3)>]
[11/19/2012 - 04:51:08PM] PLAYER_DIALOGUE [TIF__010350CF <topic info 040350CF on quest ths1_CaptiveOrc (0401A9F8)>] NPC_SPEAKER [Actor < (040491E3)>]
[11/19/2012 - 04:51:10PM] PLAYER_DIALOGUE [TIF__010371A9 <topic info 040371A9 on quest ths1_CaptiveOrc (0401A9F8)>] NPC_SPEAKER [Actor < (040491E3)>]
[11/19/2012 - 04:51:16PM] PLAYER_DIALOGUE [TIF__010371A7 <topic info 040371A7 on quest ths1_CaptiveOrc (0401A9F8)>] NPC_SPEAKER [Actor < (040491E3)>]
[11/19/2012 - 04:51:21PM] PLAYER_ITEM_OBTAIN [ObjectReference < (04044DD6)>] "Taproot"
[11/19/2012 - 04:51:21PM] PLAYER_ITEM_OBTAIN [ObjectReference < (04044DD5)>] "Tundra Cotton"
[11/19/2012 - 04:51:21PM] PLAYER_ITEM_OBTAIN [ObjectReference < (04044DD4)>] "Tundra Cotton"
[11/19/2012 - 04:51:22PM] PLAYER_ITEM_OBTAIN [ObjectReference < (04044DCE)>] "Potion of Stamina"
[11/19/2012 - 04:51:22PM] PLAYER_MOVE Run
[11/19/2012 - 04:51:23PM] PLAYER_ITEM_OBTAIN [ObjectReference < (04081BD9)>] "Bread"
[11/19/2012 - 04:51:23PM] PLAYER_ITEM_OBTAIN [ObjectReference < (04044DCC)>] "Potion of Destruction"
[11/19/2012 - 04:51:23PM] PLAYER_ITEM_OBTAIN [ObjectReference < (04044DCD)>] "Potion of the Warrior"
[11/19/2012 - 04:51:23PM] PLAYER_MOVE None
[11/19/2012 - 04:51:24PM] PLAYER_ITEM_OBTAIN [ObjectReference < (04044DD1)>] "Potion of Resist Fire"
[11/19/2012 - 04:51:24PM] PLAYER_ITEM_OBTAIN [ObjectReference < (04044DD3)>] "Draught of Health"
[11/19/2012 - 04:51:25PM] PLAYER_ITEM_OBTAIN [ObjectReference < (04044DD2)>] "Potion of Health"
[11/19/2012 - 04:51:26PM] PLAYER_ITEM_OBTAIN [ObjectReference < (04044DDC)>] "Nordic Barnacle"
[11/19/2012 - 04:51:26PM] PLAYER_ITEM_OBTAIN [ObjectReference < (04044DDD)>] "Salt Pile"
[11/19/2012 - 04:51:26PM] PLAYER_ITEM_OBTAIN [ObjectReference < (04044DD7)>] "Slaughterfish Egg"
[11/19/2012 - 04:51:26PM] PLAYER_ITEM_OBTAIN [ObjectReference < (04044DDB)>] "Slaughterfish Egg"
[11/19/2012 - 04:51:27PM] PLAYER_ITEM_OBTAIN [ObjectReference < (04044DDA)>] "Slaughterfish Egg"
[11/19/2012 - 04:51:27PM] PLAYER_ITEM_OBTAIN [ObjectReference < (04044DD8)>] "Slaughterfish Egg"
[11/19/2012 - 04:51:27PM] PLAYER_ITEM_OBTAIN [ObjectReference < (04044DD9)>] "Slaughterfish Egg"
[11/19/2012 - 04:51:27PM] PLAYER_ITEM_OBTAIN [ObjectReference < (04081BDB)>] "Green Apple"
[11/19/2012 - 04:51:28PM] PLAYER_ITEM_OBTAIN [ObjectReference < (04044DDF)>] "Ice Wraith Teeth"
[11/19/2012 - 04:51:29PM] PLAYER_ITEM_OBTAIN [ObjectReference < (04044DE0)>] "Lavender"
[11/19/2012 - 04:51:30PM] PLAYER_ITEM_OBTAIN [ObjectReference < (04044DE1)>] "Giant's Toe"
[11/19/2012 - 04:51:31PM] PLAYER_ITEM_OBTAIN [ObjectReference < (04044DE2)>] "Glow Dust"
[11/19/2012 - 04:51:34PM] PLAYER_MOVE Run
[11/19/2012 - 04:51:35PM] PLAYER_MOVE None
[11/19/2012 - 04:51:37PM] PLAYER_ITEM_OBTAIN None "gold"
[11/19/2012 - 04:51:38PM] PLAYER_TRIGGER_ENTER [ths1_NearOrcCageTrigScript <alias NearMuseumOrcCageTrigALIAS on quest ths1_CaptiveOrc (0401A9F8)>]
[11/19/2012 - 04:51:40PM] PLAYER_MOVE Run
[11/19/2012 - 04:51:41PM] PLAYER_MOVE None
[11/19/2012 - 04:51:44PM] QUEST_STAGE_CHANGE [ths1_CaptiveOrcQuestSCRIPT <ths1_CaptiveOrc (0401A9F8)>] "The Museum Attraction" 30
[11/19/2012 - 04:51:44PM] QUEST_COMPLETED [ths1_CaptiveOrcQuestSCRIPT <ths1_CaptiveOrc (0401A9F8)>] "The Museum Attraction"
[11/19/2012 - 04:51:53PM] PLAYER_ITEM_REMOVED [ObjectReference < (04081BD9)>] "Bread" COUNT 1 CONTAINER [ObjectReference < (040491E3)>]
[11/19/2012 - 04:51:53PM] PLAYER_ITEM_REMOVED [ObjectReference < (04081BDB)>] "Green Apple" COUNT 1 CONTAINER [ObjectReference < (040491E3)>]
[11/19/2012 - 04:51:57PM] PLAYER_DIALOGUE [TIF__020810CD <topic info 040810CD on quest ths1_CaptiveOrc (0401A9F8)>] NPC_SPEAKER [Actor < (040491E3)>]
[11/19/2012 - 04:52:01PM] PLAYER_DIALOGUE [TIF__01063CCD <topic info 04063CCD on quest ths1_CaptiveOrc (0401A9F8)>] NPC_SPEAKER [Actor < (040491E3)>]
[11/19/2012 - 04:52:04PM] PLAYER_DIALOGUE [TIF__01068352 <topic info 04068352 on quest ths1_CaptiveOrc (0401A9F8)>] NPC_SPEAKER [Actor < (040491E3)>]
[11/19/2012 - 04:52:10PM] PLAYER_DIALOGUE [TIF__01068354 <topic info 04068354 on quest ths1_CaptiveOrc (0401A9F8)>] NPC_SPEAKER [Actor < (040491E3)>]
[11/19/2012 - 04:52:25PM] PLAYER_MOVE Run
[11/19/2012 - 04:52:26PM] PLAYER_TRIGGER_ENTER [ths1_TriggerEnterSCRIPT < (040748D5)>]
[11/19/2012 - 04:52:27PM] PLAYER_TRIGGER_LEAVE [ths1_TriggerEnterSCRIPT < (040748D5)>]
[11/19/2012 - 04:52:28PM] PLAYER_TRIGGER_ENTER [ths1_TriggerEnterSCRIPT < (040748D4)>]
[11/19/2012 - 04:52:29PM] PLAYER_TRIGGER_LEAVE [ths1_TriggerEnterSCRIPT < (040748D4)>]
[11/19/2012 - 04:52:35PM] PLAYER_TRIGGER_ENTER [ths1_TriggerEnterSCRIPT < (040748D3)>]
[11/19/2012 - 04:52:35PM] PLAYER_TRIGGER_ENTER [ths1_TriggerEnterSCRIPT < (040748D2)>]
[11/19/2012 - 04:52:35PM] PLAYER_TRIGGER_LEAVE [ths1_TriggerEnterSCRIPT < (040748D3)>]
[11/19/2012 - 04:52:36PM] PLAYER_MOVE None
[11/19/2012 - 04:52:37PM] PLAYER_DISPLAY_CASE_OPEN [ths1_DisplayCaseScript < (04044E70)>]
[11/19/2012 - 04:52:44PM] PLAYER_DISPLAY_CASE_OPEN [ths1_DisplayCaseScript < (04044E70)>]
[11/19/2012 - 04:52:44PM] PLAYER_MOVE Run
[11/19/2012 - 04:52:45PM] PLAYER_MOVE None
[11/19/2012 - 04:52:47PM] PLAYER_TRIGGER_ENTER [ths1_TriggerEnterSCRIPT < (040748D1)>]
[11/19/2012 - 04:52:48PM] PLAYER_TRIGGER_LEAVE [ths1_TriggerEnterSCRIPT < (040748D1)>]
[11/19/2012 - 04:52:49PM] PLAYER_TRIGGER_ENTER [ths1_TriggerEnterSCRIPT < (040748D3)>]
[11/19/2012 - 04:52:49PM] PLAYER_MOVE Run
[11/19/2012 - 04:52:49PM] PLAYER_TRIGGER_LEAVE [ths1_TriggerEnterSCRIPT < (040748D2)>]
[11/19/2012 - 04:52:50PM] PLAYER_MOVE None
[11/19/2012 - 04:52:51PM] PLAYER_DISPLAY_CASE_OPEN [ths1_DisplayCaseScript < (04044E60)>]
[11/19/2012 - 04:52:51PM] PLAYER_TRIGGER_ENTER [ths1_TriggerEnterSCRIPT < (040748D2)>]
[11/19/2012 - 04:52:52PM] PLAYER_TRIGGER_LEAVE [ths1_TriggerEnterSCRIPT < (040748D2)>]
[11/19/2012 - 04:52:52PM] PLAYER_TRIGGER_LEAVE [ths1_TriggerEnterSCRIPT < (040748D3)>]
[11/19/2012 - 04:52:52PM] PLAYER_TRIGGER_ENTER [ths1_TriggerEnterSCRIPT < (040748D1)>]
[11/19/2012 - 04:52:52PM] PLAYER_MOVE Run
[11/19/2012 - 04:52:53PM] PLAYER_TRIGGER_ENTER [ths1_TriggerEnterSCRIPT < (040748D0)>]
[11/19/2012 - 04:52:53PM] PLAYER_TRIGGER_LEAVE [ths1_TriggerEnterSCRIPT < (040748D1)>]
[11/19/2012 - 04:52:54PM] PLAYER_MOVE None
[11/19/2012 - 04:52:55PM] PLAYER_DISPLAY_CASE_OPEN [ths1_DisplayCaseScript < (04044E61)>]
[11/19/2012 - 04:52:56PM] PLAYER_MOVE Run
[11/19/2012 - 04:52:57PM] PLAYER_TRIGGER_ENTER [ths1_TriggerEnterSCRIPT < (040748CF)>]
[11/19/2012 - 04:52:57PM] PLAYER_MOVE None
[11/19/2012 - 04:52:59PM] PLAYER_DISPLAY_CASE_OPEN [ths1_DisplayCaseScript < (04044E6E)>]
[11/19/2012 - 04:52:59PM] PLAYER_TRIGGER_LEAVE [ths1_TriggerEnterSCRIPT < (040748D0)>]
[11/19/2012 - 04:52:59PM] PLAYER_MOVE Run
[11/19/2012 - 04:52:59PM] PLAYER_TRIGGER_LEAVE [ths1_TriggerEnterSCRIPT < (040748CF)>]
[11/19/2012 - 04:53:00PM] PLAYER_TRIGGER_ENTER [ths1_TriggerEnterSCRIPT < (040748CE)>]
[11/19/2012 - 04:53:00PM] PLAYER_MOVE None
[11/19/2012 - 04:53:02PM] PLAYER_DISPLAY_CASE_OPEN [ths1_DisplayCaseScript < (04044E5E)>]
[11/19/2012 - 04:53:02PM] PLAYER_TRIGGER_LEAVE [ths1_TriggerEnterSCRIPT < (040748CE)>]
[11/19/2012 - 04:53:02PM] PLAYER_MOVE Run
[11/19/2012 - 04:53:05PM] PLAYER_MOVE None
[11/19/2012 - 04:53:06PM] PLAYER_MOVE Run
[11/19/2012 - 04:53:07PM] PLAYER_TRIGGER_ENTER [ths1_TriggerEnterSCRIPT < (040748CE)>]
[11/19/2012 - 04:53:07PM] PLAYER_TRIGGER_LEAVE [ths1_TriggerEnterSCRIPT < (040748CE)>]
[11/19/2012 - 04:53:12PM] PLAYER_MOVE None
[11/19/2012 - 04:53:15PM] PLAYER_MOVE Run
[11/19/2012 - 04:53:17PM] PLAYER_TRIGGER_ENTER [ths1_TriggerEnterSCRIPT < (040748C9)>]
[11/19/2012 - 04:53:17PM] PLAYER_MOVE None
[11/19/2012 - 04:53:18PM] PLAYER_DISPLAY_CASE_OPEN [ths1_DisplayCaseScript < (04044E1D)>]
[11/19/2012 - 04:53:52PM] PLAYER_TRIGGER_ENTER [ths1_TriggerEnterSCRIPT < (040748CA)>]
[11/19/2012 - 04:53:52PM] PLAYER_TRIGGER_LEAVE [ths1_TriggerEnterSCRIPT < (040748C9)>]
[11/19/2012 - 04:53:52PM] PLAYER_MOVE Run
[11/19/2012 - 04:53:52PM] PLAYER_TRIGGER_LEAVE [ths1_TriggerEnterSCRIPT < (040748CA)>]
[11/19/2012 - 04:53:53PM] PLAYER_TRIGGER_ENTER [ths1_TriggerEnterSCRIPT < (040748BF)>]
[11/19/2012 - 04:53:54PM] PLAYER_TRIGGER_ENTER [ths1_TriggerEnterSCRIPT < (040748C7)>]
[11/19/2012 - 04:53:55PM] PLAYER_TRIGGER_LEAVE [ths1_TriggerEnterSCRIPT < (040748BF)>]
[11/19/2012 - 04:53:55PM] PLAYER_MOVE None
[11/19/2012 - 04:53:56PM] PLAYER_DISPLAY_CASE_OPEN [ths1_DisplayCaseScript < (04044E20)>]
[11/19/2012 - 04:53:57PM] PLAYER_MOVE Run
[11/19/2012 - 04:53:57PM] PLAYER_TRIGGER_ENTER [ths1_TriggerEnterSCRIPT < (040748BF)>]
[11/19/2012 - 04:53:57PM] PLAYER_TRIGGER_LEAVE [ths1_TriggerEnterSCRIPT < (040748C7)>]
[11/19/2012 - 04:53:58PM] PLAYER_MOVE None
[11/19/2012 - 04:54:30PM] PLAYER_TRIGGER_ENTER [ths1_TriggerEnterSCRIPT < (0408C7C0)>]
[11/19/2012 - 04:54:30PM] PLAYER_TRIGGER_LEAVE [ths1_TriggerEnterSCRIPT < (040748BF)>]
[11/19/2012 - 04:54:30PM] PLAYER_CELL_CHANGE [Cell <Wilderness (04085D4C)>] ""
[11/19/2012 - 04:54:30PM] PLAYER_WORLDSPACE_CHANGE [WorldSpace <ths1_Town (04085D17)>] "Town"
[11/19/2012 - 04:54:30PM] PLAYER_ACTOR_VIEW_GAIN [ObjectReference < (0402DCC8)>] "Scruff"
[11/19/2012 - 04:54:31PM] PLAYER_MOVE Run
[11/19/2012 - 04:54:31PM] PLAYER_TRIGGER_LEAVE [ths1_TriggerEnterSCRIPT < (0408C7C0)>]
[11/19/2012 - 04:54:32PM] PLAYER_ACTOR_VIEW_LOSS [ObjectReference < (0402DCC8)>] "Scruff"
[11/19/2012 - 04:54:33PM] PLAYER_ACTOR_VIEW_GAIN [ObjectReference < (04089359)>] "Seamus"
[11/19/2012 - 04:54:34PM] PLAYER_ACTOR_VIEW_LOSS [ObjectReference < (04089359)>] "Seamus"
[11/19/2012 - 04:54:36PM] PLAYER_MOVE None
[11/19/2012 - 04:54:49PM] PLAYER_MOVE Run
[11/19/2012 - 04:54:51PM] PLAYER_CELL_CHANGE [Cell <Wilderness (04085D34)>] ""
[11/19/2012 - 04:54:54PM] PLAYER_TRIGGER_ENTER [ths1_TriggerEnterSCRIPT < (0408CDAB)>]
[11/19/2012 - 04:54:56PM] PLAYER_TRIGGER_LEAVE [ths1_TriggerEnterSCRIPT < (0408CDAB)>]
[11/19/2012 - 04:54:58PM] PLAYER_TRIGGER_ENTER [ths1_TriggerEnterSCRIPT < (0408CD5B)>]
[11/19/2012 - 04:54:58PM] PLAYER_MOVE None
[11/19/2012 - 04:54:58PM] PLAYER_TRIGGER_LEAVE [ths1_TriggerEnterSCRIPT < (0408CD5B)>]
[11/19/2012 - 04:54:59PM] PLAYER_TRIGGER_ENTER [ths1_TriggerEnterSCRIPT < (0408CD5B)>]
[11/19/2012 - 04:55:00PM] PLAYER_ITEM_OBTAIN [ObjectReference < (04085F97)>] "Purple Mountain Flower"
[11/19/2012 - 04:55:01PM] PLAYER_TRIGGER_LEAVE [ths1_TriggerEnterSCRIPT < (0408CD5B)>]
[11/19/2012 - 04:55:01PM] PLAYER_TRIGGER_ENTER [ths1_TriggerEnterSCRIPT < (0408CD5B)>]
[11/19/2012 - 04:55:01PM] PLAYER_MOVE Run
[11/19/2012 - 04:55:03PM] PLAYER_CELL_CHANGE [Cell <Wilderness (04085D56)>] ""
[11/19/2012 - 04:55:04PM] PLAYER_MOVE None
[11/19/2012 - 04:55:05PM] PLAYER_TRIGGER_ENTER [ths1_TriggerEnterSCRIPT < (0408C78E)>]
[11/19/2012 - 04:55:05PM] PLAYER_TRIGGER_LEAVE [ths1_TriggerEnterSCRIPT < (0408CD5B)>]
[11/19/2012 - 04:55:06PM] PLAYER_MOVE Run
[11/19/2012 - 04:55:11PM] PLAYER_CELL_CHANGE [Cell <Wilderness (04085D58)>] ""
[11/19/2012 - 04:55:16PM] PLAYER_CELL_CHANGE [Cell <Wilderness (04085D56)>] ""
[11/19/2012 - 04:55:18PM] PLAYER_MOVE None
[11/19/2012 - 04:55:19PM] PLAYER_MOVE Run
[11/19/2012 - 04:55:51PM] PLAYER_MOVE None
[11/19/2012 - 04:55:52PM] PLAYER_MOVE Run
[11/19/2012 - 04:55:53PM] PLAYER_CELL_CHANGE [Cell <Wilderness (04085D58)>] ""
[11/19/2012 - 04:55:54PM] PLAYER_MOVE None
[11/19/2012 - 04:55:56PM] PLAYER_MOVE Run
[11/19/2012 - 04:55:56PM] PLAYER_MOVE None
[11/19/2012 - 04:55:57PM] PLAYER_ITEM_OBTAIN [ObjectReference < (04086009)>] "Holy Water"
[11/19/2012 - 04:55:58PM] PLAYER_MOVE Run
[11/19/2012 - 04:55:59PM] PLAYER_ITEM_OBTAIN None "Blue Mountain Flower"
[11/19/2012 - 04:56:02PM] PLAYER_CELL_CHANGE [Cell <Wilderness (04085D56)>] ""
[11/19/2012 - 04:56:03PM] PLAYER_MOVE None
[11/19/2012 - 04:56:09PM] PLAYER_ITEM_REMOVED [ObjectReference < (04086009)>] "Holy Water" COUNT 1 CONTAINER None
[11/19/2012 - 04:56:09PM] PLAYER_ITEM_REMOVED None "Holy Water" COUNT 1 CONTAINER None
[11/19/2012 - 04:56:11PM] PLAYER_ITEM_REMOVED [ObjectReference < (04044DD3)>] "Draught of Health" COUNT 1 CONTAINER None
[11/19/2012 - 04:56:11PM] PLAYER_ITEM_REMOVED None "Draught of Health" COUNT 1 CONTAINER None
[11/19/2012 - 04:56:11PM] PLAYER_ITEM_REMOVED [ObjectReference < (04044DCC)>] "Potion of Destruction" COUNT 1 CONTAINER None
[11/19/2012 - 04:56:11PM] PLAYER_ITEM_REMOVED None "Potion of Destruction" COUNT 1 CONTAINER None
[11/19/2012 - 04:56:13PM] PLAYER_ITEM_REMOVED [ObjectReference < (04044DD2)>] "Potion of Health" COUNT 1 CONTAINER None
[11/19/2012 - 04:56:13PM] PLAYER_ITEM_REMOVED None "Potion of Health" COUNT 1 CONTAINER None
[11/19/2012 - 04:56:13PM] PLAYER_ITEM_REMOVED [ObjectReference < (04044DD1)>] "Potion of Resist Fire" COUNT 1 CONTAINER None
[11/19/2012 - 04:56:13PM] PLAYER_ITEM_REMOVED None "Potion of Resist Fire" COUNT 1 CONTAINER None
[11/19/2012 - 04:56:13PM] PLAYER_ITEM_REMOVED None "Potion of Stamina" COUNT 1 CONTAINER None
[11/19/2012 - 04:56:13PM] PLAYER_ITEM_REMOVED [ObjectReference < (04044DCE)>] "Potion of Stamina" COUNT 1 CONTAINER None
[11/19/2012 - 04:56:13PM] PLAYER_ITEM_REMOVED [ObjectReference < (04044DCD)>] "Potion of the Warrior" COUNT 1 CONTAINER None
[11/19/2012 - 04:56:13PM] PLAYER_ITEM_REMOVED None "Potion of the Warrior" COUNT 1 CONTAINER None
[11/19/2012 - 04:56:15PM] PLAYER_MOVE Run
[11/19/2012 - 04:56:18PM] PLAYER_POV_CHANGE THIRD_PERSON
[11/19/2012 - 04:56:18PM] PLAYER_TRIGGER_ENTER [ths1_TriggerEnterSCRIPT < (0408CD5B)>]
[11/19/2012 - 04:56:18PM] PLAYER_TRIGGER_LEAVE [ths1_TriggerEnterSCRIPT < (0408C78E)>]
[11/19/2012 - 04:56:19PM] PLAYER_CELL_CHANGE [Cell <Wilderness (04085D34)>] ""
[11/19/2012 - 04:56:20PM] PLAYER_TRIGGER_LEAVE [ths1_TriggerEnterSCRIPT < (0408CD5B)>]
[11/19/2012 - 04:56:22PM] PLAYER_ACTOR_VIEW_GAIN [ObjectReference < (04089359)>] "Seamus"
[11/19/2012 - 04:56:23PM] PLAYER_MOVE None
[11/19/2012 - 04:56:29PM] PLAYER_MOVE Run
[11/19/2012 - 04:56:31PM] PLAYER_ACTOR_VIEW_LOSS [ObjectReference < (04089359)>] "Seamus"
[11/19/2012 - 04:56:32PM] PLAYER_POV_CHANGE FIRST_PERSON
[11/19/2012 - 04:56:32PM] PLAYER_TRIGGER_ENTER [ths1_TriggerEnterSCRIPT < (0408CD5A)>]
[11/19/2012 - 04:56:33PM] PLAYER_ACTOR_VIEW_GAIN [ObjectReference < (04089359)>] "Seamus"
[11/19/2012 - 04:56:35PM] PLAYER_ACTOR_VIEW_LOSS [ObjectReference < (04089359)>] "Seamus"
[11/19/2012 - 04:56:36PM] PLAYER_MOVE None
[11/19/2012 - 04:56:36PM] PLAYER_MOVE Run
[11/19/2012 - 04:56:37PM] PLAYER_ACTOR_VIEW_GAIN [ObjectReference < (04089359)>] "Seamus"
[11/19/2012 - 04:56:40PM] PLAYER_TRIGGER_LEAVE [ths1_TriggerEnterSCRIPT < (0408CD5A)>]
[11/19/2012 - 04:56:43PM] PLAYER_CELL_CHANGE [Cell <Wilderness (04085D44)>] ""
[11/19/2012 - 04:56:48PM] PLAYER_TRIGGER_ENTER [ths1_TriggerEnterSCRIPT < (0408C7A1)>]
[11/19/2012 - 04:56:48PM] PLAYER_ACTOR_VIEW_LOSS [ObjectReference < (04089359)>] "Seamus"
[11/19/2012 - 04:56:48PM] PLAYER_TRIGGER_LEAVE [ths1_TriggerEnterSCRIPT < (0408C7A1)>]
[11/19/2012 - 04:56:49PM] PLAYER_MOVE None
[11/19/2012 - 04:56:49PM] PLAYER_TRIGGER_ENTER [ths1_TriggerEnterSCRIPT < (0408C7A1)>]
[11/19/2012 - 04:57:22PM] PLAYER_TRIGGER_LEAVE [ths1_TriggerEnterSCRIPT < (0408C7A1)>]
[11/19/2012 - 04:57:22PM] PLAYER_CELL_CHANGE [Cell <ths1_IsaanHouse (0407113A)>] "Isaan's House"
[11/19/2012 - 04:57:27PM] PLAYER_DIALOGUE [TIF__01063755 <topic info 04063755 on quest ths1_MissingDog (04009344)>] NPC_SPEAKER [Actor < (04071D11)>]
[11/19/2012 - 04:57:30PM] PLAYER_DIALOGUE [TIF__0101430C <topic info 0401430C on quest ths1_MissingDog (04009344)>] NPC_SPEAKER [Actor < (04071D11)>]
[11/19/2012 - 04:57:44PM] PLAYER_MOVE Run
[11/19/2012 - 04:57:46PM] PLAYER_TRIGGER_ENTER [ths1_TriggerEnterSCRIPT < (04074E5A)>]
[11/19/2012 - 04:57:46PM] PLAYER_MOVE None
[11/19/2012 - 04:57:47PM] PLAYER_MOVE Run
[11/19/2012 - 04:57:48PM] PLAYER_TRIGGER_LEAVE [ths1_TriggerEnterSCRIPT < (04074E5A)>]
[11/19/2012 - 04:57:48PM] PLAYER_MOVE None
[11/19/2012 - 04:57:49PM] PLAYER_TRIGGER_ENTER [ths1_TriggerEnterSCRIPT < (04074E5A)>]
[11/19/2012 - 04:57:49PM] PLAYER_TRIGGER_LEAVE [ths1_TriggerEnterSCRIPT < (04074E5A)>]
[11/19/2012 - 04:57:49PM] PLAYER_MOVE Run
[11/19/2012 - 04:57:54PM] PLAYER_TRIGGER_ENTER [ths1_TriggerEnterSCRIPT < (04074E5C)>]
[11/19/2012 - 04:57:56PM] PLAYER_MOVE None
[11/19/2012 - 04:57:56PM] PLAYER_TRIGGER_LEAVE [ths1_TriggerEnterSCRIPT < (04074E5C)>]
[11/19/2012 - 04:57:57PM] PLAYER_MOVE Run
[11/19/2012 - 04:58:02PM] PLAYER_MOVE None
[11/19/2012 - 04:58:06PM] PLAYER_MOVE Run
[11/19/2012 - 04:58:07PM] PLAYER_MOVE None
[11/19/2012 - 04:58:09PM] PLAYER_ITEM_OBTAIN None "Clothes"
[11/19/2012 - 04:58:11PM] PLAYER_MOVE Run
[11/19/2012 - 04:58:12PM] PLAYER_MOVE None
[11/19/2012 - 04:58:44PM] PLAYER_CELL_CHANGE [Cell <Wilderness (04085D44)>] ""
[11/19/2012 - 04:58:44PM] PLAYER_WORLDSPACE_CHANGE [WorldSpace <ths1_Town (04085D17)>] "Town"
[11/19/2012 - 04:58:45PM] PLAYER_ACTOR_VIEW_GAIN [ObjectReference < (04089359)>] "Seamus"
[11/19/2012 - 04:58:59PM] PLAYER_TRIGGER_ENTER [ths1_TriggerEnterSCRIPT < (0408C7A1)>]
[11/19/2012 - 04:58:59PM] PLAYER_MOVE Run
[11/19/2012 - 04:58:59PM] PLAYER_ACTOR_VIEW_LOSS [ObjectReference < (04089359)>] "Seamus"
[11/19/2012 - 04:58:59PM] PLAYER_TRIGGER_LEAVE [ths1_TriggerEnterSCRIPT < (0408C7A1)>]
[11/19/2012 - 04:59:02PM] PLAYER_ACTOR_VIEW_GAIN [ObjectReference < (04089359)>] "Seamus"
[11/19/2012 - 04:59:03PM] PLAYER_ACTOR_VIEW_LOSS [ObjectReference < (04089359)>] "Seamus"
[11/19/2012 - 04:59:04PM] PLAYER_CELL_CHANGE [Cell <Wilderness (04085D42)>] ""
[11/19/2012 - 04:59:34PM] PLAYER_TRIGGER_ENTER [ths1_TriggerEnterSCRIPT < (0408C7AB)>]
[11/19/2012 - 04:59:36PM] PLAYER_FIGHT [Actor < (04089355)>] "Mourner"
[11/19/2012 - 04:59:37PM] PLAYER_MOVE None
[11/19/2012 - 04:59:37PM] PLAYER_FIGHT [Actor < (04089355)>] "Mourner"
[11/19/2012 - 04:59:38PM] PLAYER_MOVE Run
[11/19/2012 - 04:59:39PM] PLAYER_FIGHT [Actor < (04089355)>] "Mourner"
[11/19/2012 - 04:59:40PM] PLAYER_FIGHT [Actor < (04089355)>] "Mourner"
[11/19/2012 - 04:59:40PM] PLAYER_MOVE None
[11/19/2012 - 04:59:41PM] PLAYER_FIGHT [Actor < (04089355)>] "Mourner"
[11/19/2012 - 04:59:41PM] PLAYER_MOVE Run
[11/19/2012 - 04:59:42PM] PLAYER_FIGHT None ""
[11/19/2012 - 04:59:43PM] PLAYER_FIGHT [Actor < (04089355)>] "Mourner"
[11/19/2012 - 04:59:43PM] PLAYER_MOVE None
[11/19/2012 - 04:59:44PM] PLAYER_FIGHT [Actor < (04089355)>] "Mourner"
[11/19/2012 - 04:59:45PM] PLAYER_FIGHT [Actor < (04089355)>] "Mourner"
[11/19/2012 - 04:59:52PM] PLAYER_TRIGGER_LEAVE [ths1_TriggerEnterSCRIPT < (0408C7AB)>]
[11/19/2012 - 04:59:52PM] PLAYER_FIGHT None ""
[11/19/2012 - 04:59:53PM] PLAYER_MOVE Run
[11/19/2012 - 04:59:54PM] PLAYER_FIGHT None ""
[11/19/2012 - 04:59:54PM] PLAYER_ACTOR_VIEW_GAIN [ObjectReference < (04089359)>] "Seamus"
[11/19/2012 - 04:59:54PM] PLAYER_FIGHT None ""
[11/19/2012 - 04:59:55PM] PLAYER_ACTOR_VIEW_LOSS [ObjectReference < (04089359)>] "Seamus"
[11/19/2012 - 04:59:55PM] PLAYER_FIGHT None ""
[11/19/2012 - 04:59:56PM] PLAYER_FIGHT None ""
[11/19/2012 - 04:59:58PM] PLAYER_FIGHT None ""
[11/19/2012 - 04:59:58PM] PLAYER_MOVE None
[11/19/2012 - 04:59:59PM] PLAYER_FIGHT None ""
[11/19/2012 - 04:59:59PM] PLAYER_FIGHT None ""
[11/19/2012 - 05:00:00PM] PLAYER_MOVE Run
[11/19/2012 - 05:00:01PM] PLAYER_FIGHT None ""
[11/19/2012 - 05:00:02PM] PLAYER_FIGHT None ""
[11/19/2012 - 05:00:03PM] PLAYER_TRIGGER_ENTER [ths1_TriggerEnterSCRIPT < (0408C7AF)>]
[11/19/2012 - 05:00:03PM] PLAYER_FIGHT None ""
[11/19/2012 - 05:00:04PM] PLAYER_FIGHT None ""
[11/19/2012 - 05:00:05PM] PLAYER_FIGHT None ""
[11/19/2012 - 05:00:06PM] PLAYER_TRIGGER_ENTER [ths1_TriggerEnterSCRIPT < (0408C7AE)>]
[11/19/2012 - 05:00:06PM] PLAYER_TRIGGER_LEAVE [ths1_TriggerEnterSCRIPT < (0408C7AF)>]
[11/19/2012 - 05:00:06PM] PLAYER_FIGHT None ""
[11/19/2012 - 05:00:07PM] PLAYER_FIGHT None ""
[11/19/2012 - 05:00:08PM] PLAYER_FIGHT None ""
[11/19/2012 - 05:00:09PM] PLAYER_FIGHT None ""
[11/19/2012 - 05:00:11PM] PLAYER_FIGHT None ""
[11/19/2012 - 05:00:11PM] PLAYER_TRIGGER_LEAVE [ths1_TriggerEnterSCRIPT < (0408C7AE)>]
[11/19/2012 - 05:00:11PM] PLAYER_TRIGGER_ENTER [ths1_TriggerEnterSCRIPT < (0408CDAD)>]
[11/19/2012 - 05:00:12PM] PLAYER_FIGHT None ""
[11/19/2012 - 05:00:13PM] PLAYER_FIGHT None ""
[11/19/2012 - 05:00:44PM] PLAYER_FIGHT None ""
[11/19/2012 - 05:00:44PM] PLAYER_MOVE None
[11/19/2012 - 05:00:45PM] PLAYER_FIGHT None ""
[11/19/2012 - 05:00:46PM] PLAYER_FIGHT None ""
[11/19/2012 - 05:01:20PM] Log closed
