[11/19/2012 - 04:12:31PM] 19 log opened (PC)
[11/19/2012 - 04:12:31PM] PLAYER_MOVE Run
[11/19/2012 - 04:12:31PM] PLAYER_TRIGGER_ENTER [ths1_TriggerEnterSCRIPT < (04074E58)>]
[11/19/2012 - 04:12:32PM] PLAYER_MOVE None
[11/19/2012 - 04:12:33PM] PLAYER_ITEM_OBTAIN [ObjectReference < (040711BD)>] "Taproot"
[11/19/2012 - 04:12:35PM] PLAYER_ITEM_OBTAIN [ObjectReference < (040711D1)>] "Black Soul Gem"
[11/19/2012 - 04:12:41PM] PLAYER_MOVE Sneak
[11/19/2012 - 04:12:43PM] PLAYER_TRIGGER_ENTER [ths1_TriggerEnterSCRIPT < (04074E57)>]
[11/19/2012 - 04:12:44PM] PLAYER_TRIGGER_LEAVE [ths1_TriggerEnterSCRIPT < (04074E58)>]
[11/19/2012 - 04:12:45PM] PLAYER_ITEM_OBTAIN [ObjectReference < (040711CD)>] "Red Apple"
[11/19/2012 - 04:12:45PM] PLAYER_ITEM_OBTAIN [ObjectReference < (040711D0)>] "Greater Soul Gem"
[11/19/2012 - 04:12:46PM] PLAYER_ITEM_OBTAIN [ObjectReference < (040711CC)>] "Green Apple"
[11/19/2012 - 04:12:46PM] PLAYER_ITEM_OBTAIN [ObjectReference < (040711D3)>] "Void Salts"
[11/19/2012 - 04:12:46PM] PLAYER_ITEM_OBTAIN [ObjectReference < (040711FE)>] "Fire Salts"
[11/19/2012 - 04:12:46PM] PLAYER_ITEM_OBTAIN [ObjectReference < (040711BC)>] "Frost Salts"
[11/19/2012 - 04:12:48PM] PLAYER_TRIGGER_ENTER [ths1_TriggerEnterSCRIPT < (04074E53)>]
[11/19/2012 - 04:12:48PM] PLAYER_TRIGGER_LEAVE [ths1_TriggerEnterSCRIPT < (04074E57)>]
[11/19/2012 - 04:12:49PM] PLAYER_ITEM_OBTAIN [ObjectReference < (040711F5)>] "Daedric Mace"
[11/19/2012 - 04:12:49PM] PLAYER_ITEM_OBTAIN [ObjectReference < (040711F4)>] "Daedric Greatsword"
[11/19/2012 - 04:12:51PM] PLAYER_ITEM_OBTAIN [ObjectReference < (0407B7BE)>] "Atronach Forge Recipe"
[11/19/2012 - 04:12:51PM] PLAYER_POV_CHANGE THIRD_PERSON
[11/19/2012 - 04:13:22PM] PLAYER_ITEM_OBTAIN [ObjectReference < (040711F6)>] "Daedric War Axe"
[11/19/2012 - 04:13:22PM] PLAYER_MOVE None
[11/19/2012 - 04:13:22PM] PLAYER_ITEM_OBTAIN [ObjectReference < (0407120C)>] "Daedric Bow"
[11/19/2012 - 04:13:22PM] PLAYER_POV_CHANGE FIRST_PERSON
[11/19/2012 - 04:13:22PM] PLAYER_TRIGGER_ENTER [ths1_TriggerEnterSCRIPT < (04074E57)>]
[11/19/2012 - 04:13:22PM] PLAYER_TRIGGER_LEAVE [ths1_TriggerEnterSCRIPT < (04074E57)>]
[11/19/2012 - 04:13:24PM] PLAYER_ITEM_OBTAIN [ObjectReference < (0407120B)>] "Daedric Arrow"
[11/19/2012 - 04:13:26PM] PLAYER_MOVE Run
[11/19/2012 - 04:13:26PM] PLAYER_TRIGGER_LEAVE [ths1_TriggerEnterSCRIPT < (04074E53)>]
[11/19/2012 - 04:13:28PM] PLAYER_MOVE None
[11/19/2012 - 04:13:28PM] PLAYER_TRIGGER_ENTER [ths1_TriggerEnterSCRIPT < (04074E52)>]
[11/19/2012 - 04:13:37PM] PLAYER_ITEM_OBTAIN [ObjectReference < (040711A4)>] "Ahzirr Traajijazeri"
[11/19/2012 - 04:13:40PM] PLAYER_ITEM_OBTAIN [ObjectReference < (040711A5)>] "Children of the Sky"
[11/19/2012 - 04:13:45PM] PLAYER_ITEM_OBTAIN [ObjectReference < (040711A0)>] "Mystery of Talara, v 1"
[11/19/2012 - 04:13:54PM] PLAYER_ITEM_OBTAIN [ObjectReference < (04071186)>] "Charwich-Koniinge Letters, v4"
[11/19/2012 - 04:14:05PM] PLAYER_TRIGGER_LEAVE [ths1_TriggerEnterSCRIPT < (04074E52)>]
[11/19/2012 - 04:14:05PM] PLAYER_MOVE Run
[11/19/2012 - 04:14:08PM] PLAYER_TRIGGER_ENTER [ths1_TriggerEnterSCRIPT < (04074E51)>]
[11/19/2012 - 04:14:08PM] PLAYER_MOVE None
[11/19/2012 - 04:14:21PM] PLAYER_WEAPON_RIGHT [WEAPON < (000139B5)>] "Daedric Bow"
[11/19/2012 - 04:14:34PM] PLAYER_WEAPON_RIGHT [WEAPON < (000139B8)>] "Daedric Mace"
[11/19/2012 - 04:14:49PM] PLAYER_MOVE Run
[11/19/2012 - 04:14:50PM] PLAYER_TRIGGER_LEAVE [ths1_TriggerEnterSCRIPT < (04074E51)>]
[11/19/2012 - 04:14:51PM] PLAYER_MOVE None
[11/19/2012 - 04:14:51PM] PLAYER_TRIGGER_ENTER [ths1_TriggerEnterSCRIPT < (04074E50)>]
[11/19/2012 - 04:14:56PM] PLAYER_MOVE Run
[11/19/2012 - 04:14:57PM] PLAYER_TRIGGER_LEAVE [ths1_TriggerEnterSCRIPT < (04074E50)>]
[11/19/2012 - 04:14:58PM] PLAYER_MOVE None
[11/19/2012 - 04:15:00PM] PLAYER_ITEM_OBTAIN [ObjectReference < (04071203)>] "Eidar Cheese Wheel"
[11/19/2012 - 04:15:01PM] PLAYER_ITEM_OBTAIN [ObjectReference < (04071202)>] "Eidar Cheese Wheel"
[11/19/2012 - 04:15:01PM] PLAYER_ITEM_OBTAIN [ObjectReference < (04071204)>] "Eidar Cheese Wheel"
[11/19/2012 - 04:15:02PM] PLAYER_ITEM_OBTAIN [ObjectReference < (04071205)>] "Eidar Cheese Wheel"
[11/19/2012 - 04:15:02PM] PLAYER_ITEM_OBTAIN [ObjectReference < (04071206)>] "Eidar Cheese Wheel"
[11/19/2012 - 04:15:02PM] PLAYER_ITEM_OBTAIN [ObjectReference < (04071207)>] "Eidar Cheese Wheel"
[11/19/2012 - 04:15:02PM] PLAYER_ITEM_OBTAIN [ObjectReference < (04071208)>] "Eidar Cheese Wheel"
[11/19/2012 - 04:15:03PM] PLAYER_ITEM_OBTAIN [ObjectReference < (04071201)>] "Fly Amanita"
[11/19/2012 - 04:15:03PM] PLAYER_ITEM_OBTAIN [ObjectReference < (04071200)>] "Imp Stool"
[11/19/2012 - 04:15:04PM] PLAYER_ITEM_OBTAIN [ObjectReference < (040711FF)>] "White Cap"
[11/19/2012 - 04:15:04PM] PLAYER_ITEM_OBTAIN [ObjectReference < (040711FB)>] "Honningbrew Mead"
[11/19/2012 - 04:15:04PM] PLAYER_ITEM_OBTAIN [ObjectReference < (040711FC)>] "Black-Briar Mead"
[11/19/2012 - 04:15:04PM] PLAYER_ITEM_OBTAIN [ObjectReference < (040711FA)>] "Black-Briar Reserve"
[11/19/2012 - 04:15:05PM] PLAYER_ITEM_OBTAIN [ObjectReference < (040711F9)>] "Spiced Wine"
[11/19/2012 - 04:15:06PM] PLAYER_MOVE Run
[11/19/2012 - 04:15:09PM] PLAYER_TRIGGER_ENTER [ths1_TriggerEnterSCRIPT < (04074E54)>]
[11/19/2012 - 04:15:10PM] PLAYER_TRIGGER_ENTER [ths1_TriggerEnterSCRIPT < (04074E54)>]
[11/19/2012 - 04:15:10PM] PLAYER_TRIGGER_LEAVE [ths1_TriggerEnterSCRIPT < (04074E54)>]
[11/19/2012 - 04:15:11PM] PLAYER_TRIGGER_LEAVE [ths1_TriggerEnterSCRIPT < (04074E54)>]
[11/19/2012 - 04:15:11PM] PLAYER_TRIGGER_ENTER [ths1_TriggerEnterSCRIPT < (04074E4F)>]
[11/19/2012 - 04:15:12PM] PLAYER_MOVE None
[11/19/2012 - 04:15:20PM] PLAYER_TRIGGER_ENTER [ths1_TriggerEnterSCRIPT < (0408C788)>]
[11/19/2012 - 04:15:20PM] PLAYER_TRIGGER_LEAVE [ths1_TriggerEnterSCRIPT < (04074E4F)>]
[11/19/2012 - 04:15:21PM] PLAYER_CELL_CHANGE [Cell <Wilderness (04085D56)>] ""
[11/19/2012 - 04:15:21PM] PLAYER_WORLDSPACE_CHANGE [WorldSpace <ths1_Town (04085D17)>] "Town"
[11/19/2012 - 04:15:22PM] PLAYER_TRIGGER_LEAVE [ths1_TriggerEnterSCRIPT < (0408C788)>]
[11/19/2012 - 04:15:22PM] PLAYER_MOVE Run
[11/19/2012 - 04:15:23PM] PLAYER_CELL_CHANGE [Cell <Wilderness (04085D34)>] ""
[11/19/2012 - 04:15:25PM] PLAYER_TRIGGER_ENTER [ths1_TriggerEnterSCRIPT < (0408CDAB)>]
[11/19/2012 - 04:15:26PM] PLAYER_TRIGGER_LEAVE [ths1_TriggerEnterSCRIPT < (0408CDAB)>]
[11/19/2012 - 04:15:26PM] PLAYER_MOVE None
[11/19/2012 - 04:15:28PM] PLAYER_DIALOGUE [TIF__020774A6 <topic info 040774A6 on quest ths1_MasterQuest (040319F7)>] NPC_SPEAKER [Actor < (0408BC45)>]
[11/19/2012 - 04:15:31PM] PLAYER_DIALOGUE [TIF__020774A8 <topic info 040774A8 on quest ths1_MasterQuest (040319F7)>] NPC_SPEAKER [Actor < (0408BC45)>]
[11/19/2012 - 04:15:36PM] PLAYER_DIALOGUE [TIF__0207FA87 <topic info 0407FA87 on quest ths1_MasterQuest (040319F7)>] NPC_SPEAKER [Actor < (0408BC45)>]
[11/19/2012 - 04:15:47PM] PLAYER_FIGHT [Actor < (0408BC45)>] "Roman The Hero"
[11/19/2012 - 04:15:48PM] PLAYER_FIGHT None ""
[11/19/2012 - 04:15:53PM] PLAYER_ITEM_OBTAIN None "Ebony Mail"
[11/19/2012 - 04:15:53PM] PLAYER_ITEM_OBTAIN None "Ebony Boots"
[11/19/2012 - 04:15:54PM] PLAYER_ITEM_OBTAIN None "Ebony Gauntlets"
[11/19/2012 - 04:15:55PM] PLAYER_ITEM_OBTAIN None "Ebony Shield"
[11/19/2012 - 04:16:00PM] PLAYER_MOVE Sneak
[11/19/2012 - 04:16:02PM] PLAYER_MOVE Run
[11/19/2012 - 04:16:04PM] PLAYER_TRIGGER_ENTER [ths1_TriggerEnterSCRIPT < (0408CD5A)>]
[11/19/2012 - 04:16:05PM] PLAYER_ACTOR_VIEW_GAIN [ObjectReference < (04089359)>] "Seamus"
[11/19/2012 - 04:16:05PM] PLAYER_TRIGGER_LEAVE [ths1_TriggerEnterSCRIPT < (0408CD5A)>]
[11/19/2012 - 04:16:06PM] PLAYER_MOVE None
[11/19/2012 - 04:16:08PM] PLAYER_ACTOR_VIEW_LOSS [ObjectReference < (04089359)>] "Seamus"
[11/19/2012 - 04:16:17PM] PLAYER_ACTOR_VIEW_GAIN [ObjectReference < (04089359)>] "Seamus"
[11/19/2012 - 04:16:17PM] PLAYER_TRIGGER_ENTER [ths1_TriggerEnterSCRIPT < (0408CD5A)>]
[11/19/2012 - 04:16:17PM] PLAYER_MOVE Run
[11/19/2012 - 04:16:18PM] PLAYER_TRIGGER_LEAVE [ths1_TriggerEnterSCRIPT < (0408CD5A)>]
[11/19/2012 - 04:16:19PM] PLAYER_TRIGGER_ENTER [ths1_TriggerEnterSCRIPT < (0408CD5A)>]
[11/19/2012 - 04:16:20PM] PLAYER_TRIGGER_LEAVE [ths1_TriggerEnterSCRIPT < (0408CD5A)>]
[11/19/2012 - 04:16:20PM] PLAYER_ACTOR_VIEW_LOSS [ObjectReference < (04089359)>] "Seamus"
[11/19/2012 - 04:16:22PM] PLAYER_MOVE None
[11/19/2012 - 04:16:23PM] PLAYER_MOVE Run
[11/19/2012 - 04:16:24PM] PLAYER_CELL_CHANGE [Cell <Wilderness (04085D44)>] ""
[11/19/2012 - 04:16:25PM] PLAYER_MOVE None
[11/19/2012 - 04:16:27PM] PLAYER_MOVE Run
[11/19/2012 - 04:16:31PM] PLAYER_TRIGGER_ENTER [ths1_TriggerEnterSCRIPT < (0408CD80)>]
[11/19/2012 - 04:16:36PM] PLAYER_CELL_CHANGE [Cell <Wilderness (04085D46)>] ""
[11/19/2012 - 04:16:51PM] PLAYER_CELL_CHANGE [Cell <Wilderness (04085D48)>] ""
[11/19/2012 - 04:16:53PM] PLAYER_TRIGGER_LEAVE [ths1_TriggerEnterSCRIPT < (0408CD80)>]
[11/19/2012 - 04:16:54PM] PLAYER_TRIGGER_ENTER [ths1_TriggerEnterSCRIPT < (0408CD81)>]
[11/19/2012 - 04:16:58PM] PLAYER_CELL_CHANGE [Cell <Wilderness (04085D50)>] ""
[11/19/2012 - 04:17:01PM] PLAYER_TRIGGER_LEAVE [ths1_TriggerEnterSCRIPT < (0408CD81)>]
[11/19/2012 - 04:17:02PM] PLAYER_TRIGGER_ENTER [ths1_TriggerEnterSCRIPT < (0408CD96)>]
[11/19/2012 - 04:17:07PM] PLAYER_MOVE None
[11/19/2012 - 04:17:09PM] PLAYER_DIALOGUE [TIF__02077F7E <topic info 04077F7E on quest ths1_MissingDog (04009344)>] NPC_SPEAKER [Actor < (0408B625)>]
[11/19/2012 - 04:17:15PM] PLAYER_MOVE Run
[11/19/2012 - 04:17:16PM] PLAYER_MOVE None
[11/19/2012 - 04:17:18PM] PLAYER_MOVE Sneak
[11/19/2012 - 04:17:35PM] PLAYER_MOVE Run
[11/19/2012 - 04:17:36PM] PLAYER_MOVE None
[11/19/2012 - 04:17:39PM] PLAYER_ITEM_OBTAIN None "Blue Mage Robes"
[11/19/2012 - 04:17:40PM] PLAYER_ITEM_OBTAIN None "boots"
[11/19/2012 - 04:17:42PM] PLAYER_MOVE Run
[11/19/2012 - 04:17:52PM] PLAYER_TRIGGER_LEAVE [ths1_TriggerEnterSCRIPT < (0408CD96)>]
[11/19/2012 - 04:17:53PM] PLAYER_CELL_CHANGE [Cell <ths1_Cave3 (0402C9A7)>] "Cave"
[11/19/2012 - 04:17:54PM] PLAYER_MOVE None
[11/19/2012 - 04:17:55PM] PLAYER_MOVE Run
[11/19/2012 - 04:17:55PM] PLAYER_TRIGGER_ENTER [ths1_TriggerEnterSCRIPT < (04074E41)>]
[11/19/2012 - 04:17:56PM] PLAYER_MOVE None
[11/19/2012 - 04:17:56PM] PLAYER_MOVE Sneak
[11/19/2012 - 04:17:57PM] PLAYER_TRIGGER_LEAVE [ths1_TriggerEnterSCRIPT < (04074E41)>]
[11/19/2012 - 04:17:57PM] PLAYER_TRIGGER_ENTER [ths1_SeamusCaveForceGreetSCRIPT <alias SeamusCaveForceGreetTrigALIAS on quest ths1_MissingDog (04009344)>] "SeamusCaveForceGreetTrigALIAS"
[11/19/2012 - 04:17:59PM] PLAYER_TRIGGER_LEAVE [ths1_SeamusCaveForceGreetSCRIPT <alias SeamusCaveForceGreetTrigALIAS on quest ths1_MissingDog (04009344)>] "SeamusCaveForceGreetTrigALIAS"
[11/19/2012 - 04:19:06PM] PLAYER_FIGHT None ""
[11/19/2012 - 04:19:07PM] PLAYER_FIGHT None ""
[11/19/2012 - 04:19:08PM] PLAYER_FIGHT None ""
[11/19/2012 - 04:19:09PM] PLAYER_FIGHT None ""
[11/19/2012 - 04:19:10PM] PLAYER_FIGHT None ""
[11/19/2012 - 04:19:11PM] PLAYER_FIGHT None ""
[11/19/2012 - 04:19:12PM] PLAYER_FIGHT None ""
[11/19/2012 - 04:19:13PM] PLAYER_MOVE Run
[11/19/2012 - 04:19:13PM] PLAYER_FIGHT None ""
[11/19/2012 - 04:19:14PM] PLAYER_TRIGGER_ENTER [ths1_TriggerEnterSCRIPT < (04074E42)>]
[11/19/2012 - 04:19:15PM] PLAYER_FIGHT None ""
[11/19/2012 - 04:19:15PM] PLAYER_TRIGGER_LEAVE [ths1_TriggerEnterSCRIPT < (04074E42)>]
[11/19/2012 - 04:19:15PM] PLAYER_MOVE None
[11/19/2012 - 04:19:16PM] PLAYER_FIGHT None ""
[11/19/2012 - 04:19:16PM] PLAYER_MOVE Run
[11/19/2012 - 04:19:16PM] PLAYER_FIGHT None ""
[11/19/2012 - 04:19:17PM] PLAYER_POV_CHANGE THIRD_PERSON
[11/19/2012 - 04:19:18PM] PLAYER_FIGHT None ""
[11/19/2012 - 04:19:21PM] PLAYER_MOVE None
[11/19/2012 - 04:19:23PM] PLAYER_POV_CHANGE FIRST_PERSON
[11/19/2012 - 04:19:23PM] PLAYER_MOVE Sneak
[11/19/2012 - 04:19:28PM] PLAYER_ITEM_OBTAIN None "Hide Armor"
[11/19/2012 - 04:19:46PM] PLAYER_ITEM_OBTAIN [ObjectReference < (0402CB1A)>] "gold"
[11/19/2012 - 04:19:47PM] PLAYER_ITEM_OBTAIN [ObjectReference < (0402CB21)>] "gold"
[11/19/2012 - 04:19:47PM] PLAYER_ITEM_OBTAIN [ObjectReference < (0402C9D0)>] "Silver Necklace"
[11/19/2012 - 04:19:48PM] PLAYER_ITEM_OBTAIN [ObjectReference < (0402CB18)>] "gold"
[11/19/2012 - 04:19:48PM] PLAYER_ITEM_OBTAIN [ObjectReference < (0402CB20)>] "gold"
[11/19/2012 - 04:19:48PM] PLAYER_ITEM_OBTAIN [ObjectReference < (0402CB1D)>] "gold"
[11/19/2012 - 04:19:49PM] PLAYER_ITEM_OBTAIN [ObjectReference < (0402CB19)>] "gold"
[11/19/2012 - 04:19:49PM] PLAYER_ITEM_OBTAIN [ObjectReference < (0402CB22)>] "gold"
[11/19/2012 - 04:19:49PM] PLAYER_ITEM_OBTAIN [ObjectReference < (0402CB1E)>] "gold"
[11/19/2012 - 04:19:49PM] PLAYER_ITEM_OBTAIN [ObjectReference < (0402CB26)>] "gold"
[11/19/2012 - 04:19:49PM] PLAYER_ITEM_OBTAIN [ObjectReference < (0402CB28)>] "gold"
[11/19/2012 - 04:19:50PM] PLAYER_ITEM_OBTAIN [ObjectReference < (0402C9D1)>] "Amethyst"
[11/19/2012 - 04:19:50PM] PLAYER_ITEM_OBTAIN [ObjectReference < (0402CB1F)>] "gold"
[11/19/2012 - 04:19:50PM] PLAYER_ITEM_OBTAIN [ObjectReference < (0402CB1B)>] "gold"
[11/19/2012 - 04:19:50PM] PLAYER_ITEM_OBTAIN [ObjectReference < (0402CB17)>] "gold"
[11/19/2012 - 04:19:50PM] PLAYER_ITEM_OBTAIN [ObjectReference < (0402CB1C)>] "gold"
[11/19/2012 - 04:19:51PM] PLAYER_ITEM_OBTAIN [ObjectReference < (0402CB25)>] "gold"
[11/19/2012 - 04:19:52PM] PLAYER_ITEM_OBTAIN [ObjectReference < (0402CB23)>] "gold"
[11/19/2012 - 04:19:52PM] PLAYER_ITEM_OBTAIN [ObjectReference < (0402CB24)>] "gold"
[11/19/2012 - 04:19:53PM] PLAYER_ITEM_OBTAIN None "gold"
[11/19/2012 - 04:20:40PM] PLAYER_TRIGGER_ENTER [ths1_TriggerEnterSCRIPT < (04074E47)>]
[11/19/2012 - 04:20:42PM] PLAYER_TRIGGER_LEAVE [ths1_TriggerEnterSCRIPT < (04074E47)>]
[11/19/2012 - 04:20:55PM] PLAYER_ACTOR_VIEW_GAIN [ObjectReference < (04039836)>] "Kitty"
[11/19/2012 - 04:20:55PM] PLAYER_TRIGGER_ENTER [ths1_TriggerEnterSCRIPT < (04074E45)>]
[11/19/2012 - 04:20:59PM] PLAYER_MOVE None
[11/19/2012 - 04:21:01PM] PLAYER_TRIGGER_LEAVE [ths1_TriggerEnterSCRIPT < (04074E45)>]
[11/19/2012 - 04:21:01PM] PLAYER_MOVE Run
[11/19/2012 - 04:21:05PM] PLAYER_ENTER_TRIGGER [ths1_CCQNearCatTriggerSCRIPT <alias NearCatTRIG on quest ths1_MissingDog (04009344)>]
[11/19/2012 - 04:21:05PM] PLAYER_MOVE None
[11/19/2012 - 04:21:13PM] PLAYER_ACTOR_VIEW_LOSS [ObjectReference < (04039836)>] "Kitty"
[11/19/2012 - 04:21:16PM] PLAYER_ITEM_OBTAIN [ObjectReference < (0402C9C6)>] "Thief"
[11/19/2012 - 04:21:19PM] PLAYER_ACTOR_VIEW_GAIN [ObjectReference < (04039836)>] "Kitty"
[11/19/2012 - 04:21:21PM] PLAYER_ACTOR_VIEW_LOSS [ObjectReference < (04039836)>] "Kitty"
[11/19/2012 - 04:21:22PM] PLAYER_MOVE Run
[11/19/2012 - 04:21:56PM] PLAYER_MOVE None
[11/19/2012 - 04:21:56PM] PLAYER_ACTOR_VIEW_GAIN [ObjectReference < (04039836)>] "Kitty"
[11/19/2012 - 04:21:57PM] PLAYER_ACTOR_VIEW_LOSS [ObjectReference < (04039836)>] "Kitty"
[11/19/2012 - 04:22:00PM] PLAYER_ACTOR_VIEW_GAIN [ObjectReference < (04039836)>] "Kitty"
[11/19/2012 - 04:22:01PM] PLAYER_MOVE Run
[11/19/2012 - 04:22:01PM] PLAYER_ACTOR_VIEW_LOSS [ObjectReference < (04039836)>] "Kitty"
[11/19/2012 - 04:22:02PM] PLAYER_MOVE None
[11/19/2012 - 04:22:08PM] PLAYER_MOVE Run
[11/19/2012 - 04:22:09PM] PLAYER_ACTOR_VIEW_GAIN [ObjectReference < (04039836)>] "Kitty"
[11/19/2012 - 04:22:10PM] PLAYER_ACTOR_VIEW_LOSS [ObjectReference < (04039836)>] "Kitty"
[11/19/2012 - 04:22:13PM] PLAYER_MOVE None
[11/19/2012 - 04:22:15PM] PLAYER_ITEM_OBTAIN None "Lockpick"
[11/19/2012 - 04:22:16PM] PLAYER_ITEM_OBTAIN None "gold"
[11/19/2012 - 04:22:17PM] PLAYER_ITEM_OBTAIN None "Potion of Minor Healing"
[11/19/2012 - 04:22:19PM] PLAYER_MOVE Run
[11/19/2012 - 04:22:20PM] PLAYER_MOVE None
[11/19/2012 - 04:22:20PM] PLAYER_ACTOR_VIEW_LOSS [ObjectReference < (04039836)>] "Kitty"
[11/19/2012 - 04:22:21PM] PLAYER_ACTOR_VIEW_LOSS [ObjectReference < (04039836)>] "Kitty"
[11/19/2012 - 04:22:22PM] PLAYER_MOVE Run
[11/19/2012 - 04:22:23PM] PLAYER_MOVE None
[11/19/2012 - 04:22:24PM] PLAYER_MOVE Run
[11/19/2012 - 04:22:26PM] PLAYER_ACTOR_VIEW_GAIN [ObjectReference < (04039836)>] "Kitty"
[11/19/2012 - 04:22:27PM] PLAYER_MOVE None
[11/19/2012 - 04:22:27PM] PLAYER_ACTOR_VIEW_LOSS [ObjectReference < (04039836)>] "Kitty"
[11/19/2012 - 04:22:29PM] PLAYER_ACTOR_VIEW_GAIN [ObjectReference < (04039836)>] "Kitty"
[11/19/2012 - 04:22:29PM] PLAYER_ITEM_OBTAIN None "Salmon Meat"
[11/19/2012 - 04:22:31PM] PLAYER_ACTOR_VIEW_LOSS [ObjectReference < (04039836)>] "Kitty"
[11/19/2012 - 04:22:33PM] PLAYER_ITEM_OBTAIN None "Salmon Meat"
[11/19/2012 - 04:22:34PM] PLAYER_ACTOR_VIEW_GAIN [ObjectReference < (04039836)>] "Kitty"
[11/19/2012 - 04:22:35PM] PLAYER_MOVE Run
[11/19/2012 - 04:22:35PM] PLAYER_ENTER_TRIGGER [ths1_CCQNearCatTriggerSCRIPT <alias NearCatTRIG on quest ths1_MissingDog (04009344)>]
[11/19/2012 - 04:22:36PM] PLAYER_MOVE None
[11/19/2012 - 04:22:38PM] PLAYER_MOVE Run
[11/19/2012 - 04:22:38PM] PLAYER_ACTOR_VIEW_LOSS [ObjectReference < (04039836)>] "Kitty"
[11/19/2012 - 04:22:42PM] PLAYER_TRIGGER_ENTER [ths1_TriggerEnterSCRIPT < (04074E44)>]
[11/19/2012 - 04:22:43PM] PLAYER_TRIGGER_LEAVE [ths1_TriggerEnterSCRIPT < (04074E44)>]
[11/19/2012 - 04:22:49PM] PLAYER_TRIGGER_ENTER [ths1_TriggerEnterSCRIPT < (04074E43)>]
[11/19/2012 - 04:22:49PM] PLAYER_MOVE None
[11/19/2012 - 04:22:51PM] PLAYER_TRIGGER_LEAVE [ths1_TriggerEnterSCRIPT < (04074E43)>]
[11/19/2012 - 04:22:52PM] PLAYER_MOVE Run
[11/19/2012 - 04:23:25PM] PLAYER_MOVE None
[11/19/2012 - 04:23:26PM] PLAYER_MOVE Run
[11/19/2012 - 04:23:27PM] PLAYER_MOVE None
[11/19/2012 - 04:23:29PM] PLAYER_MOVE Run
[11/19/2012 - 04:23:34PM] PLAYER_TRIGGER_ENTER [ths1_TriggerEnterSCRIPT < (04074E47)>]
[11/19/2012 - 04:23:35PM] PLAYER_MOVE None
[11/19/2012 - 04:23:36PM] PLAYER_MOVE Run
[11/19/2012 - 04:23:37PM] PLAYER_TRIGGER_LEAVE [ths1_TriggerEnterSCRIPT < (04074E47)>]
[11/19/2012 - 04:23:41PM] PLAYER_MOVE None
[11/19/2012 - 04:23:42PM] PLAYER_POV_CHANGE THIRD_PERSON
[11/19/2012 - 04:23:43PM] PLAYER_TRIGGER_ENTER [ths1_TriggerEnterSCRIPT < (04074E46)>]
[11/19/2012 - 04:23:44PM] PLAYER_POV_CHANGE FIRST_PERSON
[11/19/2012 - 04:23:44PM] PLAYER_TRIGGER_LEAVE [ths1_TriggerEnterSCRIPT < (04074E46)>]
[11/19/2012 - 04:23:44PM] PLAYER_MOVE Run
[11/19/2012 - 04:23:49PM] PLAYER_ACTOR_VIEW_GAIN [ObjectReference < (0402DCC8)>] "Scruff"
[11/19/2012 - 04:23:49PM] PLAYER_TRIGGER_ENTER [ths1_TriggerEnterSCRIPT < (04074E48)>]
[11/19/2012 - 04:23:50PM] PLAYER_MOVE None
[11/19/2012 - 04:23:52PM] PLAYER_MOVE Run
[11/19/2012 - 04:23:52PM] PLAYER_ACTOR_VIEW_LOSS [ObjectReference < (0402DCC8)>] "Scruff"
[11/19/2012 - 04:23:52PM] PLAYER_TRIGGER_LEAVE [ths1_TriggerEnterSCRIPT < (04074E48)>]
[11/19/2012 - 04:23:53PM] PLAYER_ACTOR_VIEW_GAIN [ObjectReference < (0402DCC8)>] "Scruff"
[11/19/2012 - 04:23:55PM] PLAYER_ACTOR_VIEW_LOSS [ObjectReference < (0402DCC8)>] "Scruff"
[11/19/2012 - 04:23:56PM] PLAYER_MOVE None
[11/19/2012 - 04:23:58PM] PLAYER_ITEM_OBTAIN [ObjectReference < (0402CAF2)>] "Potion of Minor Healing"
[11/19/2012 - 04:24:01PM] PLAYER_ITEM_OBTAIN None "gold"
[11/19/2012 - 04:24:01PM] PLAYER_ITEM_OBTAIN None "Lockpick"
[11/19/2012 - 04:24:02PM] PLAYER_MOVE Run
[11/19/2012 - 04:24:03PM] PLAYER_MOVE None
[11/19/2012 - 04:24:05PM] PLAYER_MOVE Run
[11/19/2012 - 04:24:08PM] PLAYER_MOVE None
[11/19/2012 - 04:24:09PM] PLAYER_MOVE Run
[11/19/2012 - 04:24:09PM] PLAYER_ACTOR_VIEW_GAIN [ObjectReference < (0402DCC8)>] "Scruff"
[11/19/2012 - 04:24:13PM] PLAYER_ACTOR_VIEW_LOSS [ObjectReference < (0402DCC8)>] "Scruff"
[11/19/2012 - 04:24:14PM] PLAYER_MOVE None
[11/19/2012 - 04:24:15PM] PLAYER_FIGHT None ""
[11/19/2012 - 04:24:16PM] PLAYER_FIGHT None ""
[11/19/2012 - 04:24:20PM] PLAYER_ITEM_OBTAIN None "Cat Cage Key"
[11/19/2012 - 04:24:22PM] PLAYER_ITEM_OBTAIN None "Dog Cage Key"
[11/19/2012 - 04:24:23PM] PLAYER_ITEM_OBTAIN None "New Back Exit"
[11/19/2012 - 04:24:56PM] PLAYER_ITEM_OBTAIN None "Blue Mage Robes"
[11/19/2012 - 04:24:58PM] PLAYER_ACTOR_VIEW_GAIN [ObjectReference < (0402DCC8)>] "Scruff"
[11/19/2012 - 04:24:59PM] PLAYER_MOVE Run
[11/19/2012 - 04:25:00PM] PLAYER_MOVE None
[11/19/2012 - 04:25:03PM] PLAYER_DIALOGUE [TIF__01024EE7 <topic info 04024EE7 on quest ths1_MissingDog (04009344)>] NPC_SPEAKER [Actor < (0402DCC8)>]
[11/19/2012 - 04:25:09PM] PLAYER_DOOR_OPEN [ths1_MDQRescueDogScript <alias ths1_DogCageDoorAlias on quest ths1_MissingDog (04009344)>] "ths1_DogCageDoorAlias"
[11/19/2012 - 04:25:09PM] QUEST_STAGE_CHANGE [ths1_MDQScript <ths1_MissingDog (04009344)>] "Missing Dog" 31
[11/19/2012 - 04:25:10PM] PLAYER_HIT [ths1_MDQDogAliasSCRIPT <alias CapturedDog on quest ths1_MissingDog (04009344)>] "CapturedDog"
[11/19/2012 - 04:25:10PM] PLAYER_HIT [ths1_MDQDogAliasSCRIPT <alias CapturedDog on quest ths1_MissingDog (04009344)>] "CapturedDog"
[11/19/2012 - 04:25:10PM] PLAYER_HIT [ths1_MDQDogAliasSCRIPT <alias CapturedDog on quest ths1_MissingDog (04009344)>] "CapturedDog"
[11/19/2012 - 04:25:11PM] PLAYER_HIT [ths1_MDQDogAliasSCRIPT <alias CapturedDog on quest ths1_MissingDog (04009344)>] "CapturedDog"
[11/19/2012 - 04:25:11PM] PLAYER_FIGHT None ""
[11/19/2012 - 04:25:11PM] PLAYER_HIT [ths1_MDQDogAliasSCRIPT <alias CapturedDog on quest ths1_MissingDog (04009344)>] "CapturedDog"
[11/19/2012 - 04:25:11PM] PLAYER_FIGHT None ""
[11/19/2012 - 04:25:12PM] PLAYER_HIT [ths1_MDQDogAliasSCRIPT <alias CapturedDog on quest ths1_MissingDog (04009344)>] "CapturedDog"
[11/19/2012 - 04:25:12PM] PLAYER_HIT [ths1_MDQDogAliasSCRIPT <alias CapturedDog on quest ths1_MissingDog (04009344)>] "CapturedDog"
[11/19/2012 - 04:25:13PM] PLAYER_HIT [ths1_MDQDogAliasSCRIPT <alias CapturedDog on quest ths1_MissingDog (04009344)>] "CapturedDog"
[11/19/2012 - 04:25:14PM] ACTOR_DEATH [ths1_MDQDogAliasSCRIPT <alias CapturedDog on quest ths1_MissingDog (04009344)>] "CapturedDog"
[11/19/2012 - 04:25:14PM] QUEST_STAGE_CHANGE [ths1_MDQScript <ths1_MissingDog (04009344)>] "Missing Dog" 33
[11/19/2012 - 04:25:17PM] PLAYER_FIGHT None ""
[11/19/2012 - 04:25:18PM] PLAYER_HIT [ths1_MDQDogAliasSCRIPT <alias CapturedDog on quest ths1_MissingDog (04009344)>] "CapturedDog"
[11/19/2012 - 04:25:18PM] PLAYER_FIGHT None ""
[11/19/2012 - 04:25:20PM] PLAYER_POV_CHANGE THIRD_PERSON
[11/19/2012 - 04:25:24PM] PLAYER_POV_CHANGE FIRST_PERSON
[11/19/2012 - 04:25:29PM] PLAYER_ITEM_OBTAIN None "Cat Cage Key"
[11/19/2012 - 04:25:30PM] PLAYER_ITEM_OBTAIN None "Dog Cage Key"
[11/19/2012 - 04:25:31PM] PLAYER_ITEM_OBTAIN None "Blue Mage Robes"
[11/19/2012 - 04:25:33PM] PLAYER_ACTOR_VIEW_LOSS [ObjectReference < (0402DCC8)>] "Scruff"
[11/19/2012 - 04:25:35PM] PLAYER_MOVE Run
[11/19/2012 - 04:25:39PM] PLAYER_TRIGGER_ENTER [ths1_TriggerEnterSCRIPT < (04074E48)>]
[11/19/2012 - 04:25:39PM] PLAYER_TRIGGER_LEAVE [ths1_TriggerEnterSCRIPT < (04074E48)>]
[11/19/2012 - 04:25:44PM] PLAYER_TRIGGER_ENTER [ths1_TriggerEnterSCRIPT < (04074E46)>]
[11/19/2012 - 04:25:45PM] PLAYER_TRIGGER_LEAVE [ths1_TriggerEnterSCRIPT < (04074E46)>]
[11/19/2012 - 04:25:50PM] PLAYER_TRIGGER_ENTER [ths1_TriggerEnterSCRIPT < (04074E47)>]
[11/19/2012 - 04:25:51PM] PLAYER_TRIGGER_LEAVE [ths1_TriggerEnterSCRIPT < (04074E47)>]
[11/19/2012 - 04:26:26PM] PLAYER_MOVE None
[11/19/2012 - 04:26:26PM] PLAYER_MOVE Run
[11/19/2012 - 04:26:27PM] PLAYER_TRIGGER_ENTER [ths1_TriggerEnterSCRIPT < (04074E45)>]
[11/19/2012 - 04:26:28PM] PLAYER_TRIGGER_LEAVE [ths1_TriggerEnterSCRIPT < (04074E45)>]
[11/19/2012 - 04:26:28PM] PLAYER_ACTOR_VIEW_GAIN [ObjectReference < (04039836)>] "Kitty"
[11/19/2012 - 04:26:32PM] PLAYER_ENTER_TRIGGER [ths1_CCQNearCatTriggerSCRIPT <alias NearCatTRIG on quest ths1_MissingDog (04009344)>]
[11/19/2012 - 04:26:32PM] PLAYER_MOVE None
[11/19/2012 - 04:26:33PM] DOOR_OPEN [ths1_CCQRescueCaveCatSCRIPT <alias CatCageDoor on quest ths1_CapturedCatQUEST (0403B916)>]
[11/19/2012 - 04:26:48PM] PLAYER_MOVE Run
[11/19/2012 - 04:26:48PM] PLAYER_ACTOR_VIEW_LOSS [ObjectReference < (04039836)>] "Kitty"
[11/19/2012 - 04:26:51PM] PLAYER_MOVE None
[11/19/2012 - 04:26:51PM] PLAYER_ACTOR_VIEW_GAIN [ObjectReference < (04039836)>] "Kitty"
[11/19/2012 - 04:26:52PM] PLAYER_MOVE Run
[11/19/2012 - 04:26:55PM] PLAYER_MOVE None
[11/19/2012 - 04:27:01PM] PLAYER_ACTOR_VIEW_LOSS [ObjectReference < (04039836)>] "Kitty"
[11/19/2012 - 04:27:02PM] PLAYER_MOVE Run
[11/19/2012 - 04:27:03PM] PLAYER_MOVE None
[11/19/2012 - 04:27:03PM] PLAYER_ACTOR_VIEW_GAIN [ObjectReference < (04039836)>] "Kitty"
[11/19/2012 - 04:27:04PM] PLAYER_MOVE Run
[11/19/2012 - 04:27:05PM] PLAYER_MOVE None
[11/19/2012 - 04:27:09PM] PLAYER_MOVE Run
[11/19/2012 - 04:27:10PM] PLAYER_MOVE None
[11/19/2012 - 04:27:14PM] PLAYER_MOVE Run
[11/19/2012 - 04:27:15PM] PLAYER_MOVE None
[11/19/2012 - 04:27:22PM] PLAYER_MOVE Run
[11/19/2012 - 04:27:55PM] PLAYER_MOVE None
[11/19/2012 - 04:27:55PM] PLAYER_ACTOR_VIEW_LOSS [ObjectReference < (04039836)>] "Kitty"
[11/19/2012 - 04:27:56PM] PLAYER_ACTOR_VIEW_GAIN [ObjectReference < (04039836)>] "Kitty"
[11/19/2012 - 04:27:57PM] PLAYER_MOVE Run
[11/19/2012 - 04:27:57PM] PLAYER_ACTOR_VIEW_LOSS [ObjectReference < (04039836)>] "Kitty"
[11/19/2012 - 04:27:58PM] PLAYER_TRIGGER_ENTER [ths1_TriggerEnterSCRIPT < (04074E45)>]
[11/19/2012 - 04:27:59PM] PLAYER_TRIGGER_LEAVE [ths1_TriggerEnterSCRIPT < (04074E45)>]
[11/19/2012 - 04:28:04PM] PLAYER_TRIGGER_ENTER [ths1_TriggerEnterSCRIPT < (04074E47)>]
[11/19/2012 - 04:28:04PM] PLAYER_TRIGGER_LEAVE [ths1_TriggerEnterSCRIPT < (04074E47)>]
[11/19/2012 - 04:28:09PM] PLAYER_TRIGGER_ENTER [ths1_TriggerEnterSCRIPT < (04074E46)>]
[11/19/2012 - 04:28:10PM] PLAYER_TRIGGER_LEAVE [ths1_TriggerEnterSCRIPT < (04074E46)>]
[11/19/2012 - 04:28:14PM] PLAYER_ACTOR_VIEW_GAIN [ObjectReference < (0402DCC8)>] "Scruff"
[11/19/2012 - 04:28:14PM] PLAYER_TRIGGER_ENTER [ths1_TriggerEnterSCRIPT < (04074E48)>]
[11/19/2012 - 04:28:15PM] PLAYER_TRIGGER_LEAVE [ths1_TriggerEnterSCRIPT < (04074E48)>]
[11/19/2012 - 04:28:16PM] PLAYER_ACTOR_VIEW_LOSS [ObjectReference < (0402DCC8)>] "Scruff"
[11/19/2012 - 04:28:18PM] PLAYER_ACTOR_VIEW_GAIN [ObjectReference < (0402DCC8)>] "Scruff"
[11/19/2012 - 04:28:22PM] PLAYER_ACTOR_VIEW_LOSS [ObjectReference < (0402DCC8)>] "Scruff"
[11/19/2012 - 04:28:22PM] PLAYER_MOVE None
[11/19/2012 - 04:28:23PM] PLAYER_ACTOR_VIEW_GAIN [ObjectReference < (0402DCC8)>] "Scruff"
[11/19/2012 - 04:28:23PM] PLAYER_TRIGGER_ENTER [ths1_TriggerEnterSCRIPT < (04074E4D)>]
[11/19/2012 - 04:28:23PM] PLAYER_TRIGGER_LEAVE [ths1_TriggerEnterSCRIPT < (04074E4D)>]
[11/19/2012 - 04:28:24PM] PLAYER_ACTOR_VIEW_LOSS [ObjectReference < (0402DCC8)>] "Scruff"
[11/19/2012 - 04:28:27PM] PLAYER_TRIGGER_ENTER [ths1_TriggerEnterSCRIPT < (04074E4D)>]
[11/19/2012 - 04:28:27PM] PLAYER_MOVE Run
[11/19/2012 - 04:28:28PM] PLAYER_TRIGGER_LEAVE [ths1_TriggerEnterSCRIPT < (04074E4D)>]
[11/19/2012 - 04:28:28PM] PLAYER_TRIGGER_ENTER [ths1_TriggerEnterSCRIPT < (04074E49)>]
[11/19/2012 - 04:28:29PM] PLAYER_MOVE None
[11/19/2012 - 04:28:30PM] PLAYER_ITEM_OBTAIN None "Torch"
[11/19/2012 - 04:28:32PM] PLAYER_MOVE Run
[11/19/2012 - 04:28:32PM] PLAYER_TRIGGER_LEAVE [ths1_TriggerEnterSCRIPT < (04074E49)>]
[11/19/2012 - 04:28:32PM] PLAYER_MOVE None
[11/19/2012 - 04:28:34PM] PLAYER_ITEM_OBTAIN None "Torch"
[11/19/2012 - 04:28:36PM] PLAYER_TRIGGER_ENTER [ths1_TriggerEnterSCRIPT < (04074E4A)>]
[11/19/2012 - 04:28:36PM] PLAYER_MOVE Run
[11/19/2012 - 04:28:36PM] PLAYER_MOVE None
[11/19/2012 - 04:28:39PM] PLAYER_TRIGGER_LEAVE [ths1_TriggerEnterSCRIPT < (04074E4A)>]
[11/19/2012 - 04:28:41PM] PLAYER_MOVE Run
[11/19/2012 - 04:28:41PM] PLAYER_TRIGGER_ENTER [ths1_TriggerEnterSCRIPT < (04074E4A)>]
[11/19/2012 - 04:28:41PM] PLAYER_MOVE None
[11/19/2012 - 04:28:50PM] PLAYER_MOVE Sneak
[11/19/2012 - 04:28:50PM] PLAYER_TRIGGER_LEAVE [ths1_TriggerEnterSCRIPT < (04074E4A)>]
[11/19/2012 - 04:28:50PM] PLAYER_TRIGGER_ENTER [ths1_TriggerEnterSCRIPT < (04074E4B)>]
[11/19/2012 - 04:28:51PM] PLAYER_TRIGGER_LEAVE [ths1_TriggerEnterSCRIPT < (04074E4B)>]
[11/19/2012 - 04:29:24PM] PLAYER_TRIGGER_ENTER [ths1_TriggerEnterSCRIPT < (04074E4C)>]
[11/19/2012 - 04:29:30PM] PLAYER_MOVE Run
[11/19/2012 - 04:29:30PM] PLAYER_TRIGGER_LEAVE [ths1_TriggerEnterSCRIPT < (04074E4C)>]
[11/19/2012 - 04:29:30PM] PLAYER_TRIGGER_ENTER [ths1_TriggerEnterSCRIPT < (04074E40)>]
[11/19/2012 - 04:30:02PM] PLAYER_TRIGGER_ENTER [ths1_TriggerEnterSCRIPT < (0408C7B0)>]
[11/19/2012 - 04:30:02PM] PLAYER_TRIGGER_ENTER [ths1_TriggerEnterSCRIPT < (0408C7BF)>]
[11/19/2012 - 04:30:02PM] PLAYER_TRIGGER_LEAVE [ths1_TriggerEnterSCRIPT < (04074E40)>]
[11/19/2012 - 04:30:03PM] PLAYER_CELL_CHANGE [Cell <Wilderness (04085D52)>] ""
[11/19/2012 - 04:30:03PM] PLAYER_WORLDSPACE_CHANGE [WorldSpace <ths1_Town (04085D17)>] "Town"
[11/19/2012 - 04:30:04PM] PLAYER_MOVE None
[11/19/2012 - 04:30:06PM] PLAYER_MOVE Run
[11/19/2012 - 04:30:07PM] PLAYER_TRIGGER_LEAVE [ths1_TriggerEnterSCRIPT < (0408C7BF)>]
[11/19/2012 - 04:30:07PM] PLAYER_CELL_CHANGE [Cell <Wilderness (04085D4A)>] ""
[11/19/2012 - 04:30:12PM] PLAYER_ACTOR_VIEW_GAIN [ObjectReference < (0402DCC8)>] "Scruff"
[11/19/2012 - 04:30:13PM] PLAYER_TRIGGER_LEAVE [ths1_TriggerEnterSCRIPT < (0408C7B0)>]
[11/19/2012 - 04:30:15PM] PLAYER_ACTOR_VIEW_LOSS [ObjectReference < (0402DCC8)>] "Scruff"
[11/19/2012 - 04:30:15PM] PLAYER_TRIGGER_ENTER [ths1_TriggerEnterSCRIPT < (0408CDAD)>]
[11/19/2012 - 04:30:22PM] PLAYER_TRIGGER_LEAVE [ths1_TriggerEnterSCRIPT < (0408CDAD)>]
[11/19/2012 - 04:30:22PM] PLAYER_TRIGGER_ENTER [ths1_TriggerEnterSCRIPT < (0408C7AE)>]
[11/19/2012 - 04:30:24PM] PLAYER_ITEM_OBTAIN None "Snowberries"
[11/19/2012 - 04:30:24PM] PLAYER_CELL_CHANGE [Cell <Wilderness (04085D40)>] ""
[11/19/2012 - 04:30:25PM] PLAYER_ITEM_OBTAIN None "Snowberries"
[11/19/2012 - 04:30:26PM] PLAYER_ITEM_OBTAIN None "Snowberries"
[11/19/2012 - 04:30:28PM] PLAYER_TRIGGER_LEAVE [ths1_TriggerEnterSCRIPT < (0408C7AE)>]
[11/19/2012 - 04:30:28PM] PLAYER_TRIGGER_ENTER [ths1_TriggerEnterSCRIPT < (0408C7AB)>]
[11/19/2012 - 04:30:29PM] PLAYER_MOVE None
[11/19/2012 - 04:30:29PM] PLAYER_TRIGGER_LEAVE [ths1_TriggerEnterSCRIPT < (0408C7AB)>]
[11/19/2012 - 04:30:31PM] PLAYER_MOVE Run
[11/19/2012 - 04:30:36PM] PLAYER_TRIGGER_ENTER [ths1_TriggerEnterSCRIPT < (0408C7AB)>]
[11/19/2012 - 04:30:39PM] PLAYER_ACTOR_VIEW_GAIN [ObjectReference < (04089359)>] "Seamus"
[11/19/2012 - 04:30:43PM] PLAYER_CELL_CHANGE [Cell <Wilderness (04085D42)>] ""
[11/19/2012 - 04:30:43PM] PLAYER_MOVE None
[11/19/2012 - 04:30:44PM] PLAYER_DIALOGUE [TIF__0208000D <topic info 0408000D on quest ths1_MasterQuest (040319F7)>] NPC_SPEAKER [Actor < (04089355)>]
[11/19/2012 - 04:30:46PM] PLAYER_DIALOGUE [TIF__0208000F <topic info 0408000F on quest ths1_MasterQuest (040319F7)>] NPC_SPEAKER [Actor < (04089355)>]
[11/19/2012 - 04:30:53PM] PLAYER_MOVE Run
[11/19/2012 - 04:30:54PM] PLAYER_MOVE None
[11/19/2012 - 04:30:54PM] PLAYER_ACTOR_VIEW_LOSS [ObjectReference < (04089359)>] "Seamus"
[11/19/2012 - 04:31:26PM] PLAYER_MOVE Sneak
[11/19/2012 - 04:31:29PM] PLAYER_MOVE None
[11/19/2012 - 04:31:30PM] PLAYER_MOVE Sneak
[11/19/2012 - 04:31:32PM] PLAYER_TRIGGER_LEAVE [ths1_TriggerEnterSCRIPT < (0408C7AB)>]
[11/19/2012 - 04:31:32PM] PLAYER_TRIGGER_ENTER [ths1_TriggerEnterSCRIPT < (0408C7AB)>]
[11/19/2012 - 04:31:35PM] PLAYER_ACTOR_VIEW_GAIN [ObjectReference < (04039836)>] "Kitty"
[11/19/2012 - 04:31:37PM] PLAYER_MOVE Run
[11/19/2012 - 04:31:37PM] PLAYER_TRIGGER_LEAVE [ths1_TriggerEnterSCRIPT < (0408C7AB)>]
[11/19/2012 - 04:31:37PM] PLAYER_ACTOR_VIEW_GAIN [ObjectReference < (0402DCC8)>] "Scruff"
[11/19/2012 - 04:31:37PM] PLAYER_ACTOR_VIEW_GAIN [ObjectReference < (04089359)>] "Seamus"
[11/19/2012 - 04:31:37PM] PLAYER_ACTOR_VIEW_LOSS [ObjectReference < (04039836)>] "Kitty"
[11/19/2012 - 04:31:38PM] PLAYER_ACTOR_VIEW_LOSS [ObjectReference < (0402DCC8)>] "Scruff"
[11/19/2012 - 04:31:38PM] PLAYER_ACTOR_VIEW_LOSS [ObjectReference < (04089359)>] "Seamus"
[11/19/2012 - 04:31:39PM] PLAYER_TRIGGER_ENTER [ths1_TriggerEnterSCRIPT < (0408C7AE)>]
[11/19/2012 - 04:31:42PM] PLAYER_CELL_CHANGE [Cell <Wilderness (04085D40)>] ""
[11/19/2012 - 04:31:47PM] PLAYER_TRIGGER_LEAVE [ths1_TriggerEnterSCRIPT < (0408C7AE)>]
[11/19/2012 - 04:31:50PM] PLAYER_TRIGGER_ENTER [ths1_TriggerEnterSCRIPT < (0408C7AE)>]
[11/19/2012 - 04:31:55PM] PLAYER_CELL_CHANGE [Cell <Wilderness (04085D4A)>] ""
[11/19/2012 - 04:31:56PM] PLAYER_TRIGGER_ENTER [ths1_TriggerEnterSCRIPT < (0408CDAD)>]
[11/19/2012 - 04:31:56PM] PLAYER_TRIGGER_LEAVE [ths1_TriggerEnterSCRIPT < (0408C7AE)>]
[11/19/2012 - 04:31:59PM] PLAYER_CELL_CHANGE [Cell <Wilderness (04085D4C)>] ""
[11/19/2012 - 04:32:02PM] PLAYER_TRIGGER_LEAVE [ths1_TriggerEnterSCRIPT < (0408CDAD)>]
[11/19/2012 - 04:32:07PM] PLAYER_TRIGGER_ENTER [ths1_TriggerEnterSCRIPT < (0408C7A8)>]
[11/19/2012 - 04:32:11PM] PLAYER_TRIGGER_LEAVE [ths1_TriggerEnterSCRIPT < (0408C7A8)>]
[11/19/2012 - 04:32:11PM] PLAYER_ACTOR_VIEW_GAIN [ObjectReference < (04089359)>] "Seamus"
[11/19/2012 - 04:32:13PM] PLAYER_TRIGGER_ENTER [ths1_TriggerEnterSCRIPT < (0408C7A9)>]
[11/19/2012 - 04:32:14PM] PLAYER_TRIGGER_LEAVE [ths1_TriggerEnterSCRIPT < (0408C7A9)>]
[11/19/2012 - 04:32:16PM] PLAYER_TRIGGER_ENTER [ths1_TriggerEnterSCRIPT < (0408C7A9)>]
[11/19/2012 - 04:32:16PM] PLAYER_ACTOR_VIEW_LOSS [ObjectReference < (04089359)>] "Seamus"
[11/19/2012 - 04:32:16PM] PLAYER_CELL_CHANGE [Cell <Wilderness (04085D34)>] ""
[11/19/2012 - 04:32:16PM] PLAYER_MOVE None
[11/19/2012 - 04:32:17PM] PLAYER_MOVE Run
[11/19/2012 - 04:32:17PM] PLAYER_TRIGGER_LEAVE [ths1_TriggerEnterSCRIPT < (0408C7A9)>]
[11/19/2012 - 04:32:20PM] PLAYER_CELL_CHANGE [Cell <Wilderness (04085D44)>] ""
[11/19/2012 - 04:32:55PM] PLAYER_MOVE None
[11/19/2012 - 04:32:56PM] PLAYER_MOVE Run
[11/19/2012 - 04:32:59PM] PLAYER_TRIGGER_ENTER [ths1_TriggerEnterSCRIPT < (0408CD6A)>]
[11/19/2012 - 04:33:07PM] PLAYER_ACTOR_VIEW_GAIN [ObjectReference < (04089359)>] "Seamus"
[11/19/2012 - 04:33:08PM] PLAYER_ACTOR_VIEW_LOSS [ObjectReference < (04089359)>] "Seamus"
[11/19/2012 - 04:33:09PM] PLAYER_TRIGGER_LEAVE [ths1_TriggerEnterSCRIPT < (0408CD6A)>]
[11/19/2012 - 04:33:10PM] PLAYER_ACTOR_VIEW_GAIN [ObjectReference < (04089359)>] "Seamus"
[11/19/2012 - 04:33:13PM] PLAYER_MOVE None
[11/19/2012 - 04:33:13PM] ACTOR_HIT [ths1_MDQSeamusAliasSCRIPT <alias Seamus on quest ths1_MissingDog (04009344)>] "Seamus" : ""
[11/19/2012 - 04:33:15PM] ACTOR_HIT [ths1_MDQSeamusAliasSCRIPT <alias Seamus on quest ths1_MissingDog (04009344)>] "Seamus" : ""
[11/19/2012 - 04:33:15PM] PLAYER_MOVE Run
[11/19/2012 - 04:33:16PM] ACTOR_HIT [ths1_MDQSeamusAliasSCRIPT <alias Seamus on quest ths1_MissingDog (04009344)>] "Seamus" : ""
[11/19/2012 - 04:33:16PM] PLAYER_MOVE None
[11/19/2012 - 04:33:17PM] PLAYER_MOVE Run
[11/19/2012 - 04:33:17PM] ACTOR_HIT [ths1_MDQSeamusAliasSCRIPT <alias Seamus on quest ths1_MissingDog (04009344)>] "Seamus" : ""
[11/19/2012 - 04:33:17PM] PLAYER_FIGHT [Actor < (04089359)>] "Seamus"
[11/19/2012 - 04:33:18PM] ACTOR_HIT [ths1_MDQSeamusAliasSCRIPT <alias Seamus on quest ths1_MissingDog (04009344)>] "Seamus" : ""
[11/19/2012 - 04:33:19PM] PLAYER_FIGHT [Actor < (04089359)>] "Seamus"
[11/19/2012 - 04:33:19PM] PLAYER_MOVE None
[11/19/2012 - 04:33:19PM] ACTOR_HIT [ths1_MDQSeamusAliasSCRIPT <alias Seamus on quest ths1_MissingDog (04009344)>] "Seamus" : ""
[11/19/2012 - 04:33:19PM] PLAYER_FIGHT None ""
[11/19/2012 - 04:33:20PM] PLAYER_MOVE Run
[11/19/2012 - 04:33:21PM] PLAYER_FIGHT [Actor < (04089359)>] "Seamus"
[11/19/2012 - 04:33:21PM] ACTOR_HIT [ths1_MDQSeamusAliasSCRIPT <alias Seamus on quest ths1_MissingDog (04009344)>] "Seamus" : ""
[11/19/2012 - 04:33:21PM] PLAYER_FIGHT None ""
[11/19/2012 - 04:33:22PM] PLAYER_MOVE None
[11/19/2012 - 04:33:23PM] PLAYER_FIGHT None ""
[11/19/2012 - 04:33:23PM] PLAYER_MOVE Run
[11/19/2012 - 04:33:23PM] PLAYER_ACTOR_VIEW_GAIN [ObjectReference < (04089359)>] "Seamus"
[11/19/2012 - 04:33:24PM] PLAYER_FIGHT None ""
[11/19/2012 - 04:33:24PM] PLAYER_MOVE None
[11/19/2012 - 04:33:24PM] PLAYER_ACTOR_VIEW_GAIN [ObjectReference < (04089359)>] "Seamus"
[11/19/2012 - 04:33:25PM] PLAYER_FIGHT None ""
[11/19/2012 - 04:33:25PM] PLAYER_MOVE Run
[11/19/2012 - 04:33:26PM] PLAYER_FIGHT None ""
[11/19/2012 - 04:33:26PM] PLAYER_ACTOR_VIEW_LOSS [ObjectReference < (04089359)>] "Seamus"
[11/19/2012 - 04:33:27PM] PLAYER_FIGHT None ""
[11/19/2012 - 04:33:28PM] PLAYER_FIGHT None ""
[11/19/2012 - 04:33:29PM] PLAYER_CELL_CHANGE [Cell <Wilderness (04085D42)>] ""
[11/19/2012 - 04:33:29PM] PLAYER_FIGHT None ""
[11/19/2012 - 04:33:30PM] PLAYER_FIGHT None ""
[11/19/2012 - 04:33:31PM] PLAYER_FIGHT None ""
[11/19/2012 - 04:33:32PM] PLAYER_FIGHT None ""
[11/19/2012 - 04:33:33PM] PLAYER_FIGHT None ""
[11/19/2012 - 04:33:34PM] PLAYER_FIGHT None ""
[11/19/2012 - 04:33:35PM] PLAYER_FIGHT None ""
[11/19/2012 - 04:33:36PM] PLAYER_FIGHT None ""
[11/19/2012 - 04:33:36PM] PLAYER_TRIGGER_ENTER [ths1_TriggerEnterSCRIPT < (0408C7AF)>]
[11/19/2012 - 04:33:37PM] PLAYER_FIGHT None ""
[11/19/2012 - 04:33:38PM] PLAYER_FIGHT None ""
[11/19/2012 - 04:33:39PM] PLAYER_FIGHT None ""
[11/19/2012 - 04:33:40PM] PLAYER_TRIGGER_LEAVE [ths1_TriggerEnterSCRIPT < (0408C7AF)>]
[11/19/2012 - 04:33:40PM] PLAYER_FIGHT None ""
[11/19/2012 - 04:33:41PM] PLAYER_FIGHT None ""
[11/19/2012 - 04:33:42PM] PLAYER_TRIGGER_ENTER [ths1_TriggerEnterSCRIPT < (0408C7AB)>]
[11/19/2012 - 04:33:42PM] PLAYER_FIGHT None ""
[11/19/2012 - 04:33:43PM] PLAYER_FIGHT None ""
[11/19/2012 - 04:33:44PM] PLAYER_FIGHT None ""
[11/19/2012 - 04:33:44PM] PLAYER_MOVE None
[11/19/2012 - 04:33:45PM] PLAYER_FIGHT [Actor < (04089355)>] "Mourner"
[11/19/2012 - 04:33:46PM] PLAYER_FIGHT [Actor < (04089355)>] "Mourner"
[11/19/2012 - 04:33:46PM] PLAYER_MOVE Run
[11/19/2012 - 04:33:47PM] PLAYER_FIGHT None ""
[11/19/2012 - 04:33:47PM] PLAYER_MOVE None
[11/19/2012 - 04:33:48PM] PLAYER_FIGHT None ""
[11/19/2012 - 04:33:48PM] PLAYER_MOVE Run
[11/19/2012 - 04:33:49PM] PLAYER_FIGHT None ""
[11/19/2012 - 04:33:49PM] PLAYER_TRIGGER_LEAVE [ths1_TriggerEnterSCRIPT < (0408C7AB)>]
[11/19/2012 - 04:33:50PM] PLAYER_TRIGGER_ENTER [ths1_TriggerEnterSCRIPT < (0408C7AB)>]
[11/19/2012 - 04:33:50PM] PLAYER_FIGHT None ""
[11/19/2012 - 04:33:51PM] PLAYER_FIGHT [Actor < (04089355)>] "Mourner"
[11/19/2012 - 04:33:52PM] PLAYER_FIGHT None ""
[11/19/2012 - 04:33:53PM] PLAYER_MOVE None
[11/19/2012 - 04:33:53PM] PLAYER_FIGHT [Actor < (04089355)>] "Mourner"
[11/19/2012 - 04:33:54PM] PLAYER_FIGHT None ""
[11/19/2012 - 04:34:25PM] PLAYER_FIGHT None ""
[11/19/2012 - 04:34:26PM] PLAYER_ACTOR_VIEW_GAIN [ObjectReference < (04039836)>] "Kitty"
[11/19/2012 - 04:34:26PM] PLAYER_FIGHT None ""
[11/19/2012 - 04:34:27PM] PLAYER_ACTOR_VIEW_LOSS [ObjectReference < (04039836)>] "Kitty"
[11/19/2012 - 04:34:27PM] PLAYER_FIGHT [Actor < (04089355)>] "Mourner"
[11/19/2012 - 04:34:28PM] PLAYER_FIGHT [Actor < (04089355)>] "Mourner"
[11/19/2012 - 04:34:29PM] PLAYER_FIGHT [Actor < (04089355)>] "Mourner"
[11/19/2012 - 04:34:30PM] PLAYER_FIGHT None ""
[11/19/2012 - 04:34:30PM] PLAYER_MOVE Run
[11/19/2012 - 04:34:31PM] PLAYER_FIGHT [Actor < (04089355)>] "Mourner"
[11/19/2012 - 04:34:31PM] PLAYER_MOVE None
[11/19/2012 - 04:34:32PM] PLAYER_TRIGGER_LEAVE [ths1_TriggerEnterSCRIPT < (0408C7AB)>]
[11/19/2012 - 04:34:32PM] PLAYER_TRIGGER_ENTER [ths1_TriggerEnterSCRIPT < (0408C7AB)>]
[11/19/2012 - 04:34:32PM] PLAYER_FIGHT [Actor < (04089355)>] "Mourner"
[11/19/2012 - 04:34:32PM] PLAYER_MOVE Run
[11/19/2012 - 04:34:33PM] PLAYER_FIGHT None ""
[11/19/2012 - 04:34:34PM] PLAYER_TRIGGER_LEAVE [ths1_TriggerEnterSCRIPT < (0408C7AB)>]
[11/19/2012 - 04:34:34PM] PLAYER_FIGHT None ""
[11/19/2012 - 04:34:35PM] PLAYER_MOVE None
[11/19/2012 - 04:34:35PM] PLAYER_FIGHT None ""
[11/19/2012 - 04:34:36PM] PLAYER_FIGHT None ""
[11/19/2012 - 04:34:37PM] PLAYER_FIGHT None ""
[11/19/2012 - 04:34:38PM] PLAYER_FIGHT None ""
[11/19/2012 - 04:34:46PM] PLAYER_FIGHT [Actor < (04089355)>] "Mourner"
[11/19/2012 - 04:34:47PM] PLAYER_FIGHT None ""
[11/19/2012 - 04:34:48PM] PLAYER_FIGHT [Actor < (04089355)>] "Mourner"
[11/19/2012 - 04:34:49PM] PLAYER_FIGHT None ""
[11/19/2012 - 04:34:50PM] PLAYER_FIGHT None ""
[11/19/2012 - 04:34:50PM] PLAYER_MOVE Run
[11/19/2012 - 04:34:51PM] PLAYER_FIGHT None ""
[11/19/2012 - 04:34:52PM] PLAYER_FIGHT None ""
[11/19/2012 - 04:34:53PM] PLAYER_FIGHT None ""
[11/19/2012 - 04:34:54PM] PLAYER_FIGHT None ""
[11/19/2012 - 04:34:55PM] PLAYER_FIGHT None ""
[11/19/2012 - 04:35:03PM] PLAYER_FIGHT None ""
[11/19/2012 - 04:35:04PM] PLAYER_FIGHT None ""
[11/19/2012 - 04:35:04PM] PLAYER_MOVE None
[11/19/2012 - 04:35:05PM] PLAYER_FIGHT None ""
[11/19/2012 - 04:36:00PM] PLAYER_FIGHT None ""
[11/19/2012 - 04:36:55PM] Log closed
